  2012.0027            0.00            1.60
  2012.0055            5.61            1.57
  2012.0082            8.35            1.52
  2012.0110            9.69            1.57
  2012.0137            4.09            1.71
  2012.0165            6.42            1.55
  2012.0192            4.21            1.64
  2012.0220           -1.56            1.65
  2012.0247            3.82            2.05
  2012.0273            6.01            1.88
  2012.0302            7.84            1.70
  2012.0328            4.92            1.57
  2012.0356           -0.13            1.61
  2012.0383           -0.00            1.65
  2012.0411            1.37            1.80
  2012.0438            0.48            1.59
  2012.0466           -0.79            1.76
  2012.0493            2.21            1.99
  2012.0520            7.65            1.67
  2012.0548            8.30            1.81
  2012.0603            1.42            1.80
  2012.0630           -3.13            1.74
  2012.0658            8.44            1.69
  2012.0685           -3.41            2.35
  2012.0713           -1.43            3.26
  2012.1863           13.55            1.57
  2012.1891           10.96            1.62
  2012.1918           19.91            1.68
  2012.1946            3.95            1.69
  2012.1973           11.77            1.72
  2012.2000           -1.63            1.68
  2012.2028           12.47            1.62
  2012.2054           11.98            1.57
  2012.2083            6.78            1.57
  2012.2109           13.72            1.71
  2012.2137           10.79            1.60
  2012.2164            8.65            1.68
  2012.2192           14.82            1.54
  2012.2219           12.51            1.60
  2012.2246           11.40            1.49
  2012.2274            3.73            1.51
  2012.2301            9.94            1.61
  2012.2329           15.00            1.57
  2012.2356           20.59            1.59
  2012.2384           14.88            1.54
  2012.2411           20.39            1.54
  2012.2439           21.56            1.57
  2012.2466           12.79            1.47
  2012.2493           14.08            1.64
  2012.2521           18.44            1.59
  2012.2548           15.94            1.57
  2012.2576           20.83            1.54
  2012.2603            6.27            1.70
  2012.2631           12.76            1.62
  2012.2657           10.73            1.47
  2012.2684           12.98            1.59
  2012.2712           17.51            1.59
  2012.2739           16.79            1.60
  2012.2767           13.28            1.57
  2012.2794           15.01            1.53
  2012.2822           17.68            1.52
  2012.2849           14.97            1.73
  2012.2877           15.18            1.59
  2012.2904           19.60            1.62
  2012.2931           15.59            1.52
  2012.2959           14.48            1.54
  2012.2986           16.29            1.66
  2012.3014           13.04            1.49
  2012.3041           13.05            1.47
  2012.3069           13.28            1.61
  2012.3096           13.64            1.34
  2012.3124           15.85            1.43
  2012.3151           15.09            1.64
  2012.3177           13.81            1.55
  2012.3206           14.71            2.01
  2012.3232           11.05            1.39
  2012.3260           16.54            1.51
  2012.3287           16.81            1.43
  2012.3315           18.48            1.51
  2012.3342            5.48            1.38
  2012.3370           10.33            1.51
  2012.3397           16.06            1.48
  2012.3424           14.87            1.73
  2012.3452           14.83            1.43
  2012.3479           20.13            1.64
  2012.3507           16.75            1.50
  2012.3534           14.47            1.48
  2012.3562           10.27            1.48
  2012.3589           13.95            1.54
  2012.3617           12.58            1.64
  2012.3644           15.45            1.44
  2012.3671           14.59            1.54
  2012.3699           19.89            1.53
  2012.3726           18.04            1.60
  2012.3754           13.95            1.60
  2012.3781           12.27            1.57
  2012.3809           13.70            1.49
  2012.3835            7.74            1.62
  2012.3864           12.76            1.57
  2012.3890           18.44            1.50
  2012.3917           21.09            1.51
  2012.3945           15.43            1.51
  2012.3972           14.89            1.52
  2012.4000           10.19            1.47
  2012.4027            9.27            1.60
  2012.4055            8.10            1.68
  2012.4082           15.89            1.65
  2012.4110            9.10            1.56
  2012.4137            9.97            1.50
  2012.4164           12.80            1.42
  2012.4192           14.76            1.51
  2012.4219           19.57            1.67
  2012.4247           11.19            1.59
  2012.4274            8.37            1.58
  2012.4302            8.77            1.51
  2012.4329            9.54            1.45
  2012.4357           13.82            1.39
  2012.4384           16.29            1.41
  2012.4410           13.69            1.59
  2012.4438           12.23            1.43
  2012.4465           17.04            1.53
  2012.4493            3.03            1.57
  2012.4520           -9.65            1.66
  2012.4548           11.71            1.45
  2012.4575            9.70            1.51
  2012.4603           14.21            1.52
  2012.4630           11.24            1.57
  2012.4657           11.58            1.50
  2012.4740           10.74            1.53
  2012.4767           12.78            1.52
  2012.4795            8.78            1.46
  2012.4822            7.23            1.47
  2012.4850            7.58            1.42
  2012.4877            9.90            1.47
  2012.4904           12.81            1.54
  2012.4932            6.98            1.52
  2012.4958            4.87            1.57
  2012.4987           14.20            1.56
  2012.5013           12.58            1.61
  2012.5042            0.61            1.57
  2012.5068            4.55            1.48
  2012.5096           10.63            1.55
  2012.5123            4.61            1.63
  2012.5150            3.45            1.55
  2012.5178            3.67            1.45
  2012.5205            6.08            1.50
  2012.5233            1.78            1.55
  2012.5260            6.12            1.46
  2012.5288            4.49            1.49
  2012.5315            0.75            1.47
  2012.5343            8.11            1.44
  2012.5370            8.02            1.43
  2012.5397            4.11            1.42
  2012.5425            9.21            1.51
  2012.5452           12.45            1.50
  2012.5480            7.76            1.53
  2012.5507           11.12            1.60
  2012.5535            9.21            1.50
  2012.5562            2.40            1.48
  2012.5590            4.05            1.47
  2012.5616           -0.98            1.50
  2012.5643            6.31            1.45
  2012.5671            5.92            1.48
  2012.5698            3.88            1.45
  2012.5726            3.20            1.48
  2012.5753            3.85            1.46
  2012.5781            4.01            1.51
  2012.5808            9.43            1.47
  2012.5836            6.75            1.45
  2012.5863            6.78            1.58
  2012.5890           -2.50            1.53
  2012.5918            2.97            1.48
  2012.5945            4.44            1.45
  2012.5973            7.06            2.31
  2012.6000            3.97            1.53
  2012.6028            7.69            1.51
  2012.6055            5.41            1.55
  2012.6083           10.73            1.56
  2012.6110            7.20            1.43
  2012.6136            6.65            1.54
  2012.6165            8.57            1.57
  2012.6191            5.43            1.55
  2012.6219            6.09            1.67
  2012.6246           -0.94            1.61
  2012.6274           -4.37            1.57
  2012.6301           10.28            1.69
  2012.6329            7.46            1.55
  2012.6356           10.71            1.58
  2012.6383            2.37            1.55
  2012.6411            2.39            1.56
  2012.6438            3.20            1.62
  2012.6466            2.23            1.60
  2012.6493            0.05            1.52
  2012.6521           -1.34            1.56
  2012.6548            3.68            1.46
  2012.6576            5.39            1.46
  2012.6603            3.48            1.53
  2012.6630            6.24            1.67
  2012.6658            2.11            1.50
  2012.6685            4.85            1.58
  2012.6713            7.67            1.52
  2012.6740            1.16            1.67
  2012.6768            2.84            1.64
  2012.6794           -0.45            1.59
  2012.6823            5.31            1.68
  2012.6849            3.17            1.61
  2012.6876            4.53            1.66
  2012.6904            1.89            1.56
  2012.6931            7.71            1.52
  2012.6959            8.67            1.51
  2012.6986            3.68            1.61
  2012.7014            4.81            1.58
  2012.7041            4.61            1.72
  2012.7069            0.93            1.54
  2012.7096           -0.23            1.58
  2012.7123           10.24            1.59
  2012.7151            4.59            1.65
  2012.7178            1.15            1.69
  2012.7206           -0.26            1.58
  2012.7233            4.73            1.62
  2012.7261           -0.95            1.64
  2012.7288            9.48            1.55
  2012.7316            0.36            1.59
  2012.7343            0.27            1.71
  2012.7369            2.89            1.79
  2012.7397            0.97            1.63
  2012.7424            0.91            1.65
  2012.7452            2.60            1.69
  2012.7479            8.63            1.70
  2012.7507            6.60            1.72
  2012.7534            4.41            1.94
  2012.7561           -2.99            1.71
  2012.7589            4.84            1.72
  2012.7616            2.56            1.71
  2012.7644            3.88            1.66
  2012.7671            2.17            1.80
  2012.7699            2.71            1.79
  2012.7726            4.38            1.68
  2012.8849           11.98            1.64
  2012.8877            4.89            1.58
  2012.8904            4.70            1.66
  2012.8959           -0.02            1.83
  2012.8987            9.30            1.76
  2012.9014            8.16            1.65
  2012.9041            7.57            6.52
  2012.9095           10.37            1.70
  2012.9124            5.86            1.78
  2012.9150           15.59            2.00
  2012.9178            9.64            1.73
  2012.9205           12.93            1.70
  2012.9233           -0.65            2.73
  2012.9260            6.47            1.94
  2012.9287           10.61            1.79
  2012.9315            7.48            1.78
  2012.9342           -4.50            2.12
  2012.9370           13.24            1.86
  2012.9397           12.08            1.67
  2012.9425           13.71            1.63
  2012.9452            6.30            1.76
  2012.9480           13.64            1.71
  2012.9507            6.83            1.84
  2012.9534           11.96            1.70
  2012.9562            8.53            1.76
  2012.9589            9.10            1.77
  2012.9617            0.08            1.88
  2012.9644            9.22            1.74
  2012.9672           -6.21            2.11
  2012.9698            4.11            2.08
  2012.9727            6.52            1.92
  2012.9753           10.74            1.72
  2012.9780           18.66            1.82
  2012.9808           11.55            1.77
  2012.9835           -6.39            2.24
  2012.9863            6.34            1.91
  2012.9890            7.62            1.71
  2012.9918           12.06            1.61
  2012.9945            5.70            1.60
  2012.9973           13.04            1.58
  2013.0000            8.90            1.71
  2013.0027           12.70            1.90
  2013.0027            9.58            1.42
  2013.0055            9.69            1.40
  2013.0082            2.46            1.51
  2013.0110            3.28            1.50
  2013.0137            1.61            1.63
  2013.0165           13.14            1.69
  2013.0192            7.24            1.72
  2013.0220            8.88            1.50
  2013.0247           15.67            1.65
  2013.0302           12.16            1.69
  2013.0328           20.21            1.62
  2013.0356           19.32            1.64
  2013.0383           10.96            1.54
  2013.0411            5.80            1.67
  2013.0438            2.04            1.72
  2013.0466           12.86            1.86
  2013.0493           12.65            1.60
  2013.0520           13.15            1.52
  2013.0548           10.11            1.49
  2013.0575            9.39            1.63
  2013.0603            9.24            1.73
  2013.0630            7.07            1.76
  2013.0658           10.69            1.67
  2013.0685            9.13            1.64
  2013.0713           10.02            1.47
  2013.0740            8.09            1.50
  2013.0767            9.79            1.60
  2013.0795           11.55            1.53
  2013.0822           12.72            1.55
  2013.0850            7.37            1.62
  2013.0876            4.87            1.76
  2013.0905            7.35            1.69
  2013.0931           13.32            1.53
  2013.0959           16.82            1.59
  2013.0986           12.10            1.64
  2013.1013           14.08            1.94
  2013.1041           12.52            1.59
  2013.1096            6.05            1.60
  2013.1123           31.43            1.80
  2013.1151           18.07            1.75
  2013.1178           14.61            1.68
  2013.1206            7.49            1.63
  2013.1233           11.86            1.79
  2013.1260           14.42            1.66
  2013.1288            7.51            1.80
  2013.1315            9.14            1.67
  2013.1343            2.96            1.50
  2013.1370           11.81            1.45
  2013.1398           11.23            1.61
  2013.1425           11.53            1.71
  2013.1453            4.95            1.55
  2013.1479           -2.82            1.65
  2013.1506           12.07            1.55
  2013.1534            8.41            1.47
  2013.1561           13.69            1.50
  2013.1589           13.51            1.54
  2013.1616           11.00            1.61
  2013.1644            6.78            1.56
  2013.1671           11.78            1.50
  2013.1699            9.74            1.45
  2013.1726            7.66            1.51
  2013.1753           10.77            1.63
  2013.1781            6.83            1.73
  2013.1808           14.73            1.57
  2013.1863           11.87            1.75
  2013.1918           10.21            1.69
  2013.2000           12.20            1.44
  2013.2028            8.46            1.51
  2013.2054            9.91            1.60
  2013.2083           10.83            1.59
  2013.2109            7.56            1.45
  2013.2164            7.20            1.71
  2013.2192            5.91            1.49
  2013.2219           11.95            1.45
  2013.2246            9.20            1.50
  2013.2274           13.13            1.63
  2013.2301           10.12            1.69
  2013.2329           10.89            1.57
  2013.2356           16.57            1.47
  2013.2384           12.42            1.42
  2013.2411           10.71            1.63
  2013.2439           14.86            1.60
  2013.2466           11.16            1.54
  2013.2493           16.07            1.62
  2013.2548           13.87            1.64
  2013.2576           12.28            1.53
  2013.2603            3.52            1.60
  2013.2631           15.67            1.65
  2013.2657           15.24            3.00
  2013.2684            9.80            1.65
  2013.2712            5.20            1.80
  2013.2794            9.81            1.57
  2013.2822           11.12            1.42
  2013.2849           19.28            1.45
  2013.2877           14.07            1.42
  2013.2904           12.94            1.45
  2013.2931           14.20            1.44
  2013.2959           11.11            1.48
  2013.2986           11.56            1.46
  2013.3014           15.85            1.48
  2013.3041            9.81            1.49
  2013.3069           12.60            1.53
  2013.3096           10.63            1.50
  2013.3124            4.76            1.53
  2013.3151            9.70            1.50
  2013.3177            8.89            1.53
  2013.3206            7.35            1.48
  2013.3232           12.07            1.64
  2013.3260           13.93            1.47
  2013.3287           12.72            1.41
  2013.3315           15.19            1.56
  2013.3342            2.35            1.60
  2013.3370            6.90            1.72
  2013.3397            9.74            1.48
  2013.3424            9.08            1.49
  2013.3452           11.10            1.60
  2013.3479           17.28            1.47
  2013.3562            8.26            1.62
  2013.3589           11.74            1.45
  2013.3617            9.77            2.78
  2013.3644            8.14            1.43
  2013.3671            9.05            1.42
  2013.3699            7.42            1.37
  2013.3726           13.43            1.37
  2013.3754            9.49            1.43
  2013.3781            9.26            1.51
  2013.3809            9.62            2.33
  2013.3835           12.45            1.48
  2013.3864           13.68            1.40
  2013.3890           10.93            1.41
  2013.3917           14.35            1.41
  2013.3945           16.68            1.41
  2013.4000           24.57            1.49
  2013.4027            8.68            1.54
  2013.4055           24.26            1.59
  2013.4082           18.09            1.43
  2013.4110           13.74            1.41
  2013.4137           13.52            1.63
  2013.4164           17.32            1.51
  2013.4192           14.24            1.50
  2013.4219           11.05            1.39
  2013.4247           20.41            1.51
  2013.4274           15.81            1.54
  2013.4302            7.37            1.44
  2013.4329           12.68            1.54
  2013.4357           12.71            1.43
  2013.4384           13.70            1.46
  2013.4410           15.89            1.39
  2013.4438           16.17            1.44
  2013.4465           18.57            1.46
  2013.4493           15.32            1.48
  2013.4520           11.54            1.47
  2013.4548           14.87            1.58
  2013.4575           13.86            1.47
  2013.4603            9.80            1.45
  2013.4630            8.32            1.46
  2013.4657            7.00            1.38
  2013.4685           14.81            1.41
  2013.4712           13.53            1.50
  2013.4740           13.29            1.41
  2013.4767           13.85            1.39
  2013.4795           11.44            1.36
  2013.4822            8.47            1.37
  2013.4850           19.69            1.43
  2013.4877            6.16            1.61
  2013.4904            4.60            1.54
  2013.4932            7.50            1.55
  2013.4958           11.46            1.39
  2013.4987           14.14            1.36
  2013.5013            9.08            1.43
  2013.5042            9.80            1.45
  2013.5068            5.95            1.46
  2013.5096            3.18            1.43
  2013.5123            7.52            1.34
  2013.5150            9.39            1.34
  2013.5178            8.66            1.41
  2013.5205            1.50            1.44
  2013.5233           10.53            1.43
  2013.5260            6.97            1.38
  2013.5288            4.92            1.36
  2013.5315           12.88            1.45
  2013.5343            4.96            1.49
  2013.5370            6.66            1.44
  2013.5397            8.83            1.35
  2013.5425            5.71            1.47
  2013.5452            5.72            1.37
  2013.5480            1.86            1.35
  2013.5507           -5.52            1.44
  2013.5535            2.14            1.36
  2013.5562            9.14            1.31
  2013.5590            9.59            1.33
  2013.5616           11.25            1.30
  2013.5643           10.27            1.42
  2013.5671            4.66            1.46
  2013.5698            6.27            1.33
  2013.5726            8.30            1.30
  2013.5753            5.56            1.32
  2013.5781           12.14            1.38
  2013.5808            8.95            1.31
  2013.5836            6.68            1.28
  2013.5863           10.51            1.34
  2013.5890            8.30            1.41
  2013.5918            4.87            1.50
  2013.5945            8.28            1.43
  2013.5973            3.45            1.45
  2013.6000           15.03            1.55
  2013.6028           -3.29            1.40
  2013.6055            4.30            1.32
  2013.6083           10.81            1.40
  2013.6110            7.94            1.42
  2013.6136            3.12            1.42
  2013.6165            1.53            1.35
  2013.6191            5.92            1.37
  2013.6219            8.43            1.41
  2013.6246            6.27            1.36
  2013.6274            7.19            1.30
  2013.6301            9.94            1.38
  2013.6329            2.66            1.41
  2013.6356            1.47            1.38
  2013.6383            1.95            1.43
  2013.6411            2.68            1.32
  2013.6438            4.42            1.36
  2013.6466            1.60            1.43
  2013.6493            1.99            1.39
  2013.6521            4.46            1.37
  2013.6548            4.92            1.38
  2013.6576            8.19            1.34
  2013.6603            2.24            1.38
  2013.6630            9.08            1.39
  2013.6658           12.99            1.48
  2013.6685            2.73            1.45
  2013.6713            2.10            1.45
  2013.6740            1.90            1.45
  2013.6768           10.99            1.71
  2013.6794           19.79            1.61
  2013.6823           10.46            1.60
  2013.6849           -2.10            1.62
  2013.6876           11.86            1.67
  2013.6904          -10.56            1.65
  2013.6931            3.08            1.59
  2013.6959            3.79            1.53
  2013.6986            4.05            1.61
  2013.7014            3.30            1.50
  2013.7041           -1.52            1.56
  2013.7069           -1.13            1.51
  2013.7096            1.39            1.53
  2013.7123            1.42            1.44
  2013.7151            2.41            1.43
  2013.7178            5.45            1.57
  2013.7206            3.22            1.53
  2013.7233           -0.00            1.61
  2013.7261           -1.41            1.52
  2013.7288            0.48            1.65
  2013.7316            6.71            1.48
  2013.7343            6.81            1.49
  2013.7369            0.68            1.67
  2013.7397            1.74            1.56
  2013.7424            1.30            1.58
  2013.7561            6.75            1.50
  2013.7589            6.35            1.53
  2013.7616            6.70            1.63
  2013.7644           10.94            1.52
  2013.7671            4.79            1.68
  2013.7699            6.65            1.58
  2013.7726            7.75            1.55
  2013.7754            4.17            1.63
  2013.7781           13.25            1.78
  2013.7808           -2.44            1.68
  2013.7836           10.93            1.69
  2013.7863           15.01            1.76
  2013.7891           10.13            1.67
  2013.7917           11.91            1.67
  2013.7946            9.22            1.68
  2013.7972           11.95            1.60
  2013.8000           15.46            1.68
  2013.8027            8.20            1.84
  2013.8054            2.96            1.65
  2013.8082            9.44            1.66
  2013.8109            9.32            1.53
  2013.8137           10.71            1.83
  2013.8164           10.12            1.65
  2013.8192           13.17            1.49
  2013.8219           19.77            1.51
  2013.8247           14.25            1.46
  2013.8274           12.76            1.58
  2013.8301           17.80            1.59
  2013.8329            9.21            1.62
  2013.8356           11.98            1.59
  2013.8384           17.32            1.48
  2013.8411           18.95            1.43
  2013.8439           13.00            1.43
  2013.8466           16.98            1.43
  2013.8494           10.31            1.65
  2013.8521            7.89            1.51
  2013.8547           11.71            1.53
  2013.8575           11.99            1.54
  2013.8602            7.64            1.68
  2013.8630           12.36            1.59
  2013.8657           12.34            1.58
  2013.8685           11.44            1.51
  2013.8712           17.41            1.64
  2013.8740           13.81            1.56
  2013.8767           17.57            1.43
  2013.8794           17.61            1.42
  2013.8822           13.51            1.53
  2013.8849           21.76            1.51
  2013.8877            7.35            1.57
  2013.8904           13.68            1.55
  2013.8932           18.06            1.53
  2013.8959           15.70            1.63
  2013.8987            7.34            1.63
  2013.9014           13.68            1.58
  2013.9041           18.07            1.47
  2013.9069            7.02            3.11
  2013.9095           10.06            3.06
  2013.9124           22.04            1.52
  2013.9150           19.20            1.49
  2013.9178           12.51            1.55
  2013.9205            7.28            1.65
  2013.9233           -4.81            1.85
  2013.9260           17.85            1.46
  2013.9287           11.57            1.50
  2013.9315           10.69            1.60
  2013.9342           14.50            1.51
  2013.9370           12.22            1.63
  2013.9397           13.40            1.63
  2013.9425           22.62            1.54
  2013.9452           17.19            1.69
  2013.9480           15.44            1.62
  2013.9507           19.71            1.57
  2013.9534           15.80            1.70
  2013.9562           17.07            1.55
  2013.9589           17.95            1.72
  2013.9617            8.41            1.61
  2013.9644           23.01            1.68
  2013.9672           12.10            1.58
  2013.9698           15.01            1.61
  2013.9727           21.55            1.62
  2013.9753           11.62            1.60
  2013.9780           21.69            1.61
  2013.9808           17.96            1.57
  2013.9835           17.13            1.67
  2013.9863           16.31            1.68
  2013.9890           17.69            1.81
  2013.9918           14.90            1.61
  2013.9945           26.35            1.77
  2013.9973           17.33            1.65
  2014.0000           14.48            1.74
  2014.0027           21.82            1.71
  2014.0055           19.01            1.91
  2014.0082           14.22            1.62
  2014.0110           17.55            1.64
  2014.0137           22.56            1.58
  2014.0165           18.97            1.66
  2014.0192           21.76            1.70
  2014.0220           15.37            1.69
  2014.0247           12.45            1.70
  2014.0273           18.41            1.76
  2014.0302           22.98            1.68
  2014.0328           17.02            1.73
  2014.0356           14.35            1.60
  2014.0383           21.38            1.84
  2014.0411           25.44            1.68
  2014.0438           10.80            1.75
  2014.0466           17.67            1.72
  2014.0493           21.58            1.65
  2014.0548           17.47            1.60
  2014.0575           25.03            1.80
  2014.0603           20.51            1.61
  2014.0630            3.90            1.91
  2014.0658           10.50            1.74
  2014.0685           21.06            1.71
  2014.0713           17.48            1.66
  2014.0740           15.58            1.66
  2014.0767           16.79            1.82
  2014.0795           18.70            1.74
  2014.0822           21.11            1.84
  2014.0850           20.20            1.82
  2014.0876           14.40            1.87
  2014.0905           14.39            1.73
  2014.0931           17.48            1.85
  2014.0959           17.17            1.77
  2014.0986           16.48            1.88
  2014.1013           20.06            1.69
  2014.1041           20.48            1.83
  2014.1068           20.75            1.69
  2014.1096           13.72            1.79
  2014.1123            9.34            1.74
  2014.1151           10.55            1.77
  2014.1178            7.33            1.72
  2014.1206           17.67            1.68
  2014.1233           17.49            1.87
  2014.1260           13.78            1.71
  2014.1288           18.50            1.67
  2014.1315           16.32            1.77
  2014.1343           18.26            1.74
  2014.1370           23.04            1.84
  2014.1398           16.04            1.81
  2014.1425           21.31            1.96
  2014.1453           21.41            1.90
  2014.1479           16.85            1.79
  2014.1506           19.87            1.65
  2014.1534           17.05            1.79
  2014.1561           15.77            1.74
  2014.1589           11.71            1.79
  2014.1616           22.81            1.60
  2014.1644           18.40            1.79
  2014.1671           14.52            1.84
  2014.1699           19.18            2.17
  2014.1726           15.77            1.85
  2014.1753           11.32            1.83
  2014.1781           25.01            1.80
  2014.1808           16.31            1.72
  2014.1836           21.81            1.89
  2014.1863           24.65            1.87
  2014.1891           20.84            1.76
  2014.1918           21.84            1.74
  2014.1946           25.78            1.73
  2014.1973           19.99            1.75
  2014.2000           19.59            1.73
  2014.2028           27.47            1.79
  2014.2054           18.23            1.81
  2014.2083           24.51            1.80
  2014.2109           20.57            1.69
  2014.2137           20.21            1.75
  2014.2164           19.97            1.92
  2014.2192           16.54            1.78
  2014.2219           24.76            1.69
  2014.2246           19.79            1.60
  2014.2274           20.40            1.74
  2014.2301           19.58            1.73
  2014.2329           21.75            1.68
  2014.2356           19.92            1.75
  2014.2384           18.60            1.76
  2014.2411           21.31            1.78
  2014.2439           25.60            1.89
  2014.2466           25.40            1.80
  2014.2493           16.39            1.64
  2014.2521           17.56            1.58
  2014.2548           19.45            1.68
  2014.2576           16.58            1.63
  2014.2603           20.36            1.73
  2014.2631           19.03            1.62
  2014.2657           17.75            1.69
  2014.2684           30.91            1.83
  2014.2712           24.63            1.69
  2014.2739           21.46            1.71
  2014.2767           24.11            1.73
  2014.2794           13.12            1.73
  2014.2822           23.98            1.53
  2014.2849           21.21            1.52
  2014.2877           24.51            1.66
  2014.2904           16.91            1.61
  2014.2931           23.02            1.56
  2014.2959           18.30            1.53
  2014.2986           23.28            1.52
  2014.3014           31.66            1.54
  2014.3041           23.30            1.64
  2014.3069           21.91            1.55
  2014.3096           31.73            1.52
  2014.3124           28.00            1.59
  2014.3151           26.64            1.50
  2014.3177           26.48            1.46
  2014.3206           21.93            1.55
  2014.3232           24.30            1.40
  2014.3260           28.14            1.51
  2014.3287           20.63            1.60
  2014.3315           22.37            1.53
  2014.3342           23.84            1.54
  2014.3370           27.74            1.60
  2014.3397           27.72            1.59
  2014.3424           18.13            1.57
  2014.3452           28.20            1.52
  2014.3479           21.65            1.46
  2014.3507           19.44            1.50
  2014.3534           23.85            1.51
  2014.3562           20.00            1.59
  2014.3589           19.90            1.50
  2014.3617           21.48            1.52
  2014.3644           24.14            1.51
  2014.3671           23.90            1.64
  2014.3699           17.18            1.54
  2014.3726           16.18            1.56
  2014.3754           20.96            1.51
  2014.3781           21.80            1.58
  2014.3809           21.69            1.43
  2014.3835           24.31            1.50
  2014.3864           22.88            1.63
  2014.3890           18.12            1.59
  2014.3917           15.22            1.56
  2014.3945           18.57            1.53
  2014.3972           17.80            1.55
  2014.4000           31.15            1.60
  2014.4027           18.10            1.52
  2014.4055           23.69            1.57
  2014.4082           16.75            1.62
  2014.4110           23.24            1.51
  2014.4137           21.46            1.51
  2014.4164           31.08            1.49
  2014.4192           19.53            1.51
  2014.4219           14.73            1.48
  2014.4247           18.16            1.61
  2014.4274           18.77            1.59
  2014.4302            7.64            1.59
  2014.4329           20.76            1.59
  2014.4357           17.03            1.58
  2014.4384           11.65            1.55
  2014.4410           12.29            1.52
  2014.4438           11.38            1.62
  2014.4465           12.84            1.63
  2014.4493           17.39            1.48
  2014.4520           21.84            1.55
  2014.4548           13.19            1.53
  2014.4575           10.43            1.45
  2014.4603            9.74            1.40
  2014.4630           18.29            1.36
  2014.4657           15.34            1.37
  2014.4685           16.82            1.39
  2014.4712            4.10            1.39
  2014.4740           20.66            1.39
