  2010.2164            0.00            0.35
  2010.2192           -1.69            0.17
  2010.2219           -0.19            0.14
  2010.2246           -0.47            0.15
  2010.2274           -0.52            0.15
  2010.2301           -1.32            0.14
  2010.2329           -0.60            0.15
  2010.2356           -0.74            0.15
  2010.2384           -3.04            0.15
  2010.2411           -1.93            0.16
  2010.2439           -2.34            0.15
  2010.2466           -2.93            0.16
  2010.2493           -3.51            0.15
  2010.2521           -2.09            0.15
  2010.2548           -3.02            0.11
  2010.2576           -1.16            0.10
  2010.2603           -0.79            3.85
  2010.2712           -1.78            0.34
  2010.2739           -1.61            0.12
  2010.2767            0.64            0.04
  2010.2794           -0.66            0.29
  2010.2822            0.35            0.17
  2010.2849           -0.30            0.41
  2010.2877           -1.30            0.11
  2010.2959           -2.07            0.43
  2010.2986           -2.10            0.11
  2010.3069           -2.51            0.15
  2010.3096           -1.50            0.28
  2010.3124           -2.68            0.15
  2010.3151           -3.88            0.39
  2010.3177           -4.22            0.22
  2010.3206           -2.93            0.21
  2010.3232           -4.10            0.39
  2010.3260           -3.49            0.22
  2010.3287           -3.15            0.23
  2010.3315           -3.42            0.02
  2010.3370          -10.92            0.45
  2010.3397           -3.30            0.12
  2010.3424           -4.46            0.35
  2010.3452           -4.78            0.23
  2010.3479           -5.23            0.19
  2010.3507           -5.90            0.19
  2010.3534           -4.30            0.19
  2010.3562           -4.25            0.18
  2010.3589           -4.29            0.08
  2010.3617           -4.23            0.45
  2010.3644           -5.82            0.01
  2010.3671           -5.10            0.47
  2010.3699           -4.31            0.19
  2010.3726           -5.49            0.19
  2010.3754           -3.37            0.08
  2010.4740           -4.46            0.26
  2010.4767           -3.61            0.13
  2010.4795           -2.85            0.14
  2010.4822           -4.14            0.12
  2010.4850           -4.02            0.13
  2010.4877           -2.88            0.02
  2010.4904           -5.68            0.10
  2010.4932           -4.23            0.14
  2010.4958           -4.57            0.11
  2010.4987           -5.91            0.11
  2010.5013           -4.76            0.11
  2010.5042           -2.29            0.11
  2010.5068           -3.90            0.11
  2010.5096           -5.21            0.11
  2010.5123           -5.42            0.12
  2010.5150           -3.99            0.12
  2010.5178           -5.84            0.11
  2010.5205           -5.40            0.11
  2010.5233           -5.19            0.12
  2010.5260           -6.11            0.11
  2010.5288           -6.83            0.12
  2010.5315           -5.28            0.11
  2010.5343           -5.70            0.11
  2010.5370           -6.11            0.12
  2010.5397           -6.34            0.11
  2010.5425           -4.15            0.11
  2010.5452           -6.14            0.11
  2010.5480           -6.35            0.11
  2010.5507           -4.89            0.12
  2010.5535           -5.88            0.12
  2010.5562           -2.93            0.15
  2010.5590           -4.63            0.12
  2010.5616           -7.16            0.13
  2010.5643           -5.56            0.14
  2010.5671           -5.30            0.12
  2010.5698           -5.38            0.11
  2010.5836           -6.47            0.14
  2010.5863           -8.43            0.13
  2010.5890          -10.92            0.14
  2010.5918           -6.98            0.11
  2010.5945           -7.65            0.27
  2010.5973           -7.25            0.13
  2010.6000           -7.84            0.10
  2010.6028           -7.03            0.13
  2010.6055           -6.94            0.13
  2010.6083           -7.68            0.11
  2010.6110           -6.65            0.11
  2010.6136           -7.59            0.11
  2010.6165           -7.17            0.11
  2010.6191           -7.24            0.12
  2010.6219           -7.16            0.13
  2010.6246           -6.44            0.13
  2010.6274           -6.99            0.12
  2010.6301           -7.55            0.13
  2010.6329           -6.82            0.12
  2010.6356           -6.78            0.11
  2010.6383           -8.33            0.12
  2010.6411           -5.78            0.13
  2010.6438           -6.75            0.13
  2010.6466           -6.78            0.11
  2010.6493           -6.63            0.10
  2010.6521           -6.57            0.11
  2010.6548           -5.23            0.11
  2010.6576           -6.18            0.10
  2010.6603           -7.28            0.09
  2010.6630           -4.53            0.10
  2010.6658           -7.25            0.09
  2010.6685           -5.73            0.10
  2010.6713           -7.55            0.10
  2010.6740           -6.73            0.11
  2010.6768           -6.43            0.10
  2010.6794           -5.96            0.09
  2010.6823           -6.04            0.09
  2010.6849           -4.41            0.09
  2010.6876           -5.31            0.09
  2010.6904           -4.61            0.09
  2010.6931           -5.10            0.10
  2010.6959           -3.67            0.10
  2010.6986           -5.30            0.10
  2010.7014           -5.89            0.10
  2010.7041           -6.57            0.09
  2010.7069           -6.09            0.16
  2010.7096           -4.95            0.09
  2010.7123           -4.83            0.10
  2010.7151           -5.44            0.09
  2010.7178           -5.01            0.09
  2010.7206           -4.85            0.09
  2010.7233           -4.76            0.10
  2010.7261           -5.73            0.09
  2010.7288           -5.64            0.09
  2010.7316           -5.61            0.09
  2010.7343           -5.23            0.09
  2010.7369           -5.92            0.10
  2010.7397           -5.71            0.10
  2010.7424           -5.39            0.09
  2010.7452           -4.50            0.09
  2010.7479           -5.30            0.10
  2010.7507           -5.94            0.10
  2010.7534           -4.88            0.10
  2010.7561           -3.29            0.10
  2010.7589           -2.82            0.09
  2010.7616           -2.61            0.09
  2010.7644           -3.14            0.09
  2010.7671           -4.22            0.10
  2010.7699           -4.49            0.09
  2010.7726           -3.86            0.09
  2010.7754           -2.08            0.11
  2010.7781           -2.61            0.09
  2010.7808           -0.82            0.10
  2010.7836           -2.96            0.10
  2010.7863           -2.64            0.11
  2010.7891           -2.58            0.10
  2010.7917           -1.76            0.09
  2010.7946           -2.81            0.10
  2010.7972           -2.27            0.09
  2010.8000           -3.01            0.09
  2010.8027           -2.21            0.10
  2010.8054           -3.38            0.09
  2010.8137           -4.50            0.09
  2010.8164           -5.05            0.09
  2010.8192           -5.43            0.10
  2010.8219           -4.30            0.10
  2010.8247           -4.24            0.10
  2010.8274           -2.57            0.10
  2010.8301           -4.63            0.10
  2010.8356           -3.91            0.10
  2010.8384           -2.98            0.10
  2010.8411           -4.61            0.10
  2010.8439           -5.43            0.08
  2010.8466           -4.45            0.10
  2010.8494           -3.95            0.10
  2010.8521           -3.12            0.12
  2010.8547           -3.29            0.09
  2010.8575           -3.13            0.09
  2010.8602           -2.93            0.09
  2010.8630           -2.93            0.10
  2010.8657           -2.90            0.11
  2010.8685           -3.54            0.10
  2010.8712           -2.21            0.10
  2010.8740           -1.13            0.09
  2010.8767           -2.69            0.09
  2010.8794           -1.83            0.09
  2010.8822           -1.53            0.08
  2010.8849           -2.90            0.08
  2010.8877           -1.88            0.08
  2010.8904           -4.27            0.09
  2010.8932           -2.75            0.09
  2010.8959           -4.22            0.08
  2010.8987           -2.35            0.09
  2010.9014           -3.83            0.08
  2010.9041           -3.78            0.08
  2010.9069           -3.50            0.08
  2010.9095           -2.86            0.08
  2010.9124           -1.75            0.07
  2010.9150           -1.13            0.09
  2010.9178           -1.55            0.09
  2010.9205           -1.55            0.08
  2010.9233           -1.30            0.09
  2010.9260           -1.15            0.08
  2010.9287            0.26            0.08
  2010.9315           -0.40            0.08
  2010.9342           -0.41            0.09
  2010.9370            1.36            0.08
  2010.9397           -0.07            0.08
  2010.9425            0.08            0.08
  2010.9452           -0.01            0.09
  2010.9480           -0.28            0.08
  2010.9507           -0.71            0.09
  2010.9562            1.13            0.09
  2010.9589            0.80            0.09
  2010.9644            0.73            0.09
  2011.0027            2.99            0.13
  2011.0055            3.35            0.13
  2011.0082            2.62            0.13
  2011.0110            1.28            0.14
  2011.0137            3.23            0.14
  2011.0165            2.39            0.13
  2011.0192            2.87            0.12
  2011.0220            2.00            0.13
  2011.0247            5.52            0.12
  2011.0273            5.10            0.13
  2011.0302            6.21            0.13
  2011.0328            5.66            0.11
  2011.0356            4.43            0.10
  2011.0383            4.78            0.11
  2011.0411            6.39            0.11
  2011.0438            6.57            0.11
  2011.0466            5.26            0.11
  2011.0493            6.50            0.13
  2011.0520            6.73            0.12
  2011.0548            6.17            0.12
  2011.0575            5.82            0.11
  2011.0603            5.04            0.11
  2011.0630            3.51            0.12
  2011.0658            4.60            0.11
  2011.0685            4.36            0.12
  2011.0713            4.17            0.12
  2011.0740            3.94            0.13
  2011.0767            3.50            0.11
  2011.0795            3.83            0.11
  2011.0822            7.67            0.13
  2011.0850            6.57            0.13
  2011.0876            6.56            0.11
  2011.0905            7.29            0.11
  2011.0931            6.24            0.10
  2011.0959            5.95            0.12
  2011.0986            6.01            0.11
  2011.1013            8.45            0.11
  2011.1041            7.97            0.12
  2011.1068            8.93            0.13
  2011.1096            9.52            0.12
  2011.1123            8.22            0.13
  2011.1151            8.71            0.12
  2011.1178            9.48            0.12
  2011.1206            9.47            0.14
  2011.1233            9.21            0.13
  2011.1260            8.66            0.11
  2011.1288            7.25            0.11
  2011.1315            8.81            0.13
  2011.1343            8.14            0.13
  2011.1370            9.02            0.14
  2011.1398            9.97            0.11
  2011.1425            9.96            0.13
  2011.1453            9.19            0.12
  2011.1479           10.33            0.12
  2011.1506            8.72            0.12
  2011.1534           11.27            0.12
  2011.1561           10.74            0.11
  2011.1589            9.23            0.11
  2011.1616            9.99            0.10
  2011.1644            9.69            0.11
  2011.1671            9.09            0.11
  2011.1699            7.51            0.10
  2011.1726            8.64            0.12
  2011.1753            8.66            0.12
  2011.1781           10.54            0.17
  2011.1808            7.07            0.11
  2011.1836            6.82            0.11
  2011.1863            6.75            0.13
  2011.1891            5.66            0.13
  2011.1918            9.28            0.14
  2011.1946            6.00            0.13
  2011.1973            6.96            0.11
  2011.2000            7.88            0.14
  2011.2028            7.62            0.14
  2011.2054            7.82            0.13
  2011.2083            5.53            0.12
  2011.2109            6.87            0.13
  2011.2137            6.51            0.11
  2011.2164            8.88            0.10
  2011.2192            8.15            0.12
  2011.2219            8.20            0.12
  2011.2246            8.75            0.11
  2011.2274            7.33            0.11
  2011.2301            9.08            0.11
  2011.2329            8.66            0.11
  2011.2356            8.17            0.11
  2011.2384            7.99            0.10
  2011.2411            8.13            0.11
  2011.2439            8.05            0.11
  2011.2466            6.27            0.14
  2011.2493            7.83            0.12
  2011.2521            8.71            0.12
  2011.2548            5.26            0.10
  2011.2576            7.03            0.10
  2011.2603            8.31            0.14
  2011.2631            6.42            0.12
  2011.2657            6.64            0.10
  2011.2684            5.49            0.11
  2011.2712            7.42            0.11
  2011.2739            6.69            0.11
  2011.2767            5.94            0.11
  2011.2794            5.44            0.12
  2011.2822            6.95            0.12
  2011.2849            6.28            0.12
  2011.2877            6.53            0.10
  2011.2904            6.21            0.11
  2011.2931           12.44            0.25
  2011.2959           13.03            0.12
  2011.2986           12.55            0.11
  2011.3014           13.54            0.11
  2011.3041           12.67            0.13
  2011.3069           13.60            0.13
  2011.3096           11.01            0.11
  2011.3124           11.82            0.11
  2011.3151           12.26            0.11
  2011.3177           12.42            0.10
  2011.3206           12.94            0.12
  2011.3232           12.35            0.11
  2011.3260           13.61            0.10
  2011.3287           13.37            0.11
  2011.3315           13.80            0.10
  2011.3342           12.63            0.10
  2011.3370           12.72            0.11
  2011.3397           14.12            0.11
  2011.3424           13.21            0.12
  2011.3452           12.77            0.11
  2011.3479           14.22            0.11
  2011.3507           13.68            0.11
  2011.3534           15.39            0.11
  2011.3562           15.25            0.12
  2011.3589           14.79            0.12
  2011.3617           15.26            0.11
  2011.3644           16.10            0.11
  2011.3671           15.34            0.10
  2011.3699           14.75            0.12
  2011.3726           13.34            0.12
  2011.3754           12.96            0.11
  2011.3781           13.91            0.11
  2011.3809           14.60            0.12
  2011.3835           13.77            0.11
  2011.3864           13.28            0.11
  2011.3890           13.80            0.11
  2011.3917           14.03            0.10
  2011.3945           13.32            0.11
  2011.3972           12.82            0.10
  2011.4000           14.31            0.10
  2011.4027           13.50            0.11
  2011.4055           13.42            0.10
  2011.4082           14.73            0.10
  2011.4110           14.28            0.10
  2011.4137           14.87            0.11
  2011.4164           14.34            0.10
  2011.4192           12.61            0.11
  2011.4219           13.32            0.10
  2011.4247           14.72            0.10
  2011.4274           14.69            0.11
  2011.4302           13.97            0.11
  2011.4329           13.63            0.11
  2011.4357           14.32            0.13
  2011.4384           12.49            0.11
  2011.4410           14.19            0.12
  2011.4438           12.96            0.12
  2011.4465           13.63            0.10
  2011.4493           13.38            0.11
  2011.4520           13.53            0.10
  2011.4548           14.69            0.12
  2011.4575           13.12            0.11
  2011.4603           14.17            0.14
  2011.4630           14.08            0.15
  2011.4657           14.83            0.15
  2011.4685           14.67            0.14
  2011.4712           13.01            0.14
  2011.4740           12.39            0.13
  2011.4767           13.66            0.15
  2011.4795           12.85            0.12
  2011.4822           13.63            0.14
  2011.4850           13.96            0.13
  2011.4877           14.58            0.13
  2011.4904           15.50            0.13
  2011.4932           16.29            0.14
  2011.4958           14.67            0.13
  2011.4987           14.41            0.12
  2011.5013           13.05            0.13
  2011.5042           15.31            0.13
  2011.5068           13.81            0.15
  2011.5096           15.75            0.16
  2011.5123           15.54            0.15
  2011.5150           14.14            0.13
  2011.5178           14.49            0.14
  2011.5205           14.91            0.13
  2011.5233           13.55            0.14
  2011.5260           14.35            0.14
  2011.5315           14.54            0.14
  2011.5343           15.22            0.15
  2011.5370           15.11            0.15
  2011.5397           16.34            0.16
  2011.5425           14.26            0.15
  2011.5452           15.26            0.14
  2011.5480           13.61            0.14
  2011.5507           13.43            0.14
  2011.5535           13.84            0.14
  2011.5562           12.35            0.19
  2011.5590           12.77            0.15
  2011.5616           14.55            0.14
  2011.5643           14.18            0.14
  2011.5671           10.69            0.16
  2011.5698           13.00            0.14
  2011.5726           13.32            0.14
  2011.5753           14.75            0.14
  2011.5781           15.10            0.14
  2011.5808           11.17            0.13
  2011.5836           10.53            0.15
  2011.5863           10.36            0.14
  2011.5890           12.71            0.14
  2011.5918           11.54            0.15
  2011.5945           11.51            0.16
  2011.5973           10.43            0.16
  2011.6000           11.97            0.15
  2011.6028           11.68            0.15
  2011.6055           12.95            0.15
  2011.6083           12.88            0.13
  2011.6110           13.77            0.16
  2011.6136           13.67            0.16
  2011.6165           14.29            0.16
  2011.6191           11.21            0.15
  2011.6219           12.73            0.14
  2011.6246           11.63            0.16
  2011.6274           11.33            0.15
  2011.6301           12.34            0.15
  2011.6329            9.32            0.14
  2011.6356           18.35            0.16
  2011.6383           12.42            0.14
  2011.6411           11.34            0.14
  2011.6438           12.25            0.13
  2011.6466           12.09            0.14
  2011.6493           11.38            0.13
  2011.6521           12.57            0.14
  2011.6548           12.07            0.15
  2011.6576           12.04            0.15
  2011.6603           14.02            0.13
  2011.6630           13.62            0.17
  2011.6658           13.35            0.13
  2011.6685           13.19            0.14
  2011.6713           11.83            0.14
  2011.6740           12.43            0.15
  2011.6768           13.92            0.16
  2011.6794           13.74            0.16
  2011.6823           13.78            0.14
  2011.6849           13.13            0.14
  2011.6876           14.07            0.16
  2011.6904           14.18            0.16
  2011.6931           14.69            0.15
  2011.6959           14.65            0.15
  2011.6986           14.72            0.15
  2011.7014           14.16            0.15
  2011.7041           14.67            0.16
  2011.7069           15.11            0.15
  2011.7096           14.61            0.15
  2011.7123           14.60            0.14
  2011.7151           14.25            0.11
  2011.7178           14.27            0.10
  2011.7206           14.92            0.12
  2011.7233           15.30            0.14
  2011.7261           16.28            0.14
  2011.7288           15.43            0.15
  2011.7316           14.75            0.15
  2011.7343           13.54            0.14
  2011.7369           14.43            0.15
  2011.7397           15.48            0.12
  2011.7424           14.15            0.14
  2011.7452           14.31            0.14
  2011.7479           14.09            0.16
  2011.7507           14.86            0.19
  2011.7534           16.70            0.15
  2011.7561           17.04            0.15
  2011.7589           16.58            0.17
  2011.7616           18.06            0.20
  2011.7644           18.92            0.17
  2011.7671           16.53            0.16
  2011.7699           16.52            0.17
  2011.7726           16.96            0.15
  2011.7754           18.26            0.16
  2011.7781           16.66            0.19
  2011.7808           16.05            0.17
  2011.7836           17.61            0.16
  2011.7863           16.34            0.17
  2011.7891           15.29            0.17
  2011.7917           18.03            0.16
  2011.7946           17.98            0.14
  2011.7972           17.24            0.14
  2011.8000           17.21            0.16
  2011.8027           17.42            0.15
  2011.8054           17.22            0.16
  2011.8082           17.28            0.15
  2011.8109           17.77            0.15
  2011.8137           17.82            0.40
  2011.8164           18.87            0.20
  2011.8192           19.32            0.15
  2011.8219           19.54            0.16
  2011.8247           19.95            0.16
  2011.8274           18.18            0.15
  2011.8301           18.95            0.16
  2011.8329           19.89            0.16
  2011.8356           19.79            0.16
  2011.8384           18.48            0.17
  2011.8411           18.65            0.17
  2011.8439           18.40            0.16
  2011.8466           18.45            0.17
  2011.8494           19.25            0.16
  2011.8521           18.97            0.16
  2011.8547           19.52            0.18
  2011.8575           19.96            0.19
  2011.8602           19.56            0.19
  2011.8630           21.33            0.17
  2011.8657           19.57            0.17
  2011.8685           19.87            0.17
  2011.8712           19.57            0.17
  2011.8740           18.65            0.18
  2011.8767           19.00            0.18
  2011.8794           19.83            0.16
  2011.8822           18.82            0.18
  2011.8849           18.61            0.17
  2011.8877           21.05            0.17
  2011.8904           21.21            0.17
  2011.8932           20.28            0.16
  2011.8959           20.26            0.19
  2011.8987           20.10            0.16
  2011.9014           21.55            0.16
  2011.9041           21.06            0.16
  2011.9069           22.00            0.17
  2011.9095           21.13            0.18
  2011.9124           21.11            0.18
  2011.9150           22.02            0.19
  2011.9178           21.12            0.20
  2011.9205           20.77            0.18
  2011.9233           22.27            0.17
  2011.9260           21.94            0.17
  2011.9287           22.01            0.18
  2011.9315           23.20            0.18
  2011.9342           22.16            0.17
  2011.9370           22.24            0.17
  2011.9397           23.27            0.17
  2011.9425           22.41            0.16
  2011.9452           22.43            0.16
  2011.9480           21.84            0.16
  2011.9507           22.74            0.16
  2011.9534           22.96            0.17
  2011.9562           23.13            0.18
  2011.9589           23.12            0.16
  2011.9617           24.59            0.15
  2011.9644           25.90            0.16
  2011.9672           24.76            0.19
  2011.9698           23.77            0.16
  2011.9727           23.34            0.15
  2011.9753           23.52            0.16
  2011.9780           23.15            0.14
  2011.9808           23.83            0.15
  2011.9835           24.60            0.14
  2011.9863           25.15            0.15
  2011.9890           24.10            0.14
  2011.9918           25.85            0.15
  2011.9945           24.34            0.14
  2011.9973           24.62            0.15
  2012.0000           23.48            0.14
  2012.0027           26.20            0.10
  2012.0055           26.09            0.10
  2012.0082           25.10            0.10
  2012.0110           26.72            0.11
  2012.0137           26.47            0.14
  2012.0165           26.20            0.10
  2012.0192           26.69            0.10
  2012.0220           25.65            0.11
  2012.0247           25.87            0.14
  2012.0273           28.69            0.12
  2012.0302           27.86            0.13
  2012.0328           26.91            0.10
  2012.0356           27.76            0.13
  2012.0383           26.74            0.09
  2012.0411           28.05            0.14
  2012.0438           27.34            0.11
  2012.0466           29.02            0.12
  2012.0493           27.92            0.13
  2012.0520           28.57            0.13
  2012.0548           29.43            0.14
  2012.0603           28.52            0.13
  2012.0630           27.20            0.12
  2012.0658           28.32            0.13
  2012.0685           28.40            0.15
  2012.0713           27.90            0.16
  2012.0740           28.56            0.16
  2012.0767           28.19            0.17
  2012.0795           28.16            0.14
  2012.0822           31.57            0.13
  2012.0850           29.94            0.12
  2012.0876           32.36            0.12
  2012.0905           29.08            0.13
  2012.0931           31.40            0.12
  2012.0959           29.89            0.15
  2012.0986           29.20            0.13
  2012.1013           29.53            0.13
  2012.1041           29.55            0.14
  2012.1068           29.33            0.12
  2012.1096           28.84            0.11
  2012.1123           29.08            0.12
  2012.1151           29.73            0.11
  2012.1178           28.35            0.13
  2012.1206           27.71            0.13
  2012.1233           28.87            0.12
  2012.1260           26.81            0.11
  2012.1288           26.92            0.11
  2012.1315           28.54            0.17
  2012.1343           28.11            0.16
  2012.1370           26.85            0.17
  2012.1398           27.39            0.14
  2012.1425           28.61            0.14
  2012.1453           27.44            0.14
  2012.1479           27.23            0.13
  2012.1506           28.24            0.14
  2012.1534           27.57            0.15
  2012.1561           28.81            0.15
  2012.1589           29.08            0.16
  2012.1616           28.54            0.15
  2012.1644           28.61            0.15
  2012.1671           28.93            0.15
  2012.1699           28.60            0.14
  2012.1726           28.68            0.14
  2012.1753           30.04            0.15
  2012.1781           29.14            0.17
  2012.1808           27.71            0.14
  2012.1836           31.95            0.16
  2012.1863           30.06            0.13
  2012.1891           29.37            0.14
  2012.1918           28.28            0.14
  2012.1946           28.41            0.15
  2012.1973           27.38            0.15
  2012.2000           26.00            0.15
  2012.2028           28.81            0.15
  2012.2054           27.04            0.14
  2012.2083           28.42            0.14
  2012.2109           28.80            0.13
  2012.2137           26.59            0.11
  2012.2164           28.25            0.14
  2012.2192           28.23            0.13
  2012.2219           27.07            0.14
  2012.2246           27.41            0.14
  2012.2274           27.32            0.13
  2012.2301           27.98            0.15
  2012.2329           27.88            0.12
  2012.2356           25.58            0.13
  2012.2384           24.97            0.13
  2012.2411           27.16            0.13
  2012.2439           25.43            0.13
  2012.2466           26.86            0.13
  2012.2493           27.10            0.16
  2012.2521           27.18            0.14
  2012.2548           28.26            0.13
  2012.2576           27.17            0.12
  2012.2603           26.75            0.14
  2012.2631           26.87            0.14
  2012.2657           27.55            0.12
  2012.2684           27.96            0.14
  2012.2712           28.70            0.14
  2012.2739           29.33            0.14
  2012.2767           29.63            0.13
  2012.2794           28.19            0.13
  2012.2822           29.93            0.13
  2012.2849           28.90            0.16
  2012.2877           29.71            0.14
  2012.2904           28.97            0.18
  2012.2931           29.09            0.14
  2012.2959           29.78            0.14
  2012.2986           30.01            0.14
  2012.3014           29.62            0.14
  2012.3041           29.11            0.12
  2012.3069           27.49            0.25
  2012.3096           30.60            0.11
  2012.3124           30.12            0.18
  2012.3151           30.71            0.22
  2012.3177           31.15            0.30
  2012.3206           29.67            0.17
  2012.3232           30.70            0.15
  2012.3260           31.55            0.13
  2012.3287           28.61            0.13
  2012.3315           28.42            0.13
  2012.3342           29.39            0.14
  2012.3370           28.39            0.12
  2012.3397           29.26            0.13
  2012.3424           29.90            0.13
  2012.3452           28.94            0.14
  2012.3479            1.78            9.24
  2012.3507           30.15            0.18
  2012.3534           29.94            0.12
  2012.3562           30.51            0.13
  2012.3589           30.59            0.14
  2012.3617           30.14            0.22
  2012.3644           30.51            0.12
  2012.3671           28.46            0.12
  2012.3699           29.39            0.12
  2012.3726           29.39            0.16
  2012.3754           30.50            0.20
  2012.3781           28.28            0.17
  2012.3809           28.84            0.15
  2012.3835           28.75            0.18
  2012.3864           27.05            0.18
  2012.3890           29.49            0.12
  2012.3917           30.37            0.14
  2012.3945           30.51            0.14
  2012.3972           28.41            0.12
  2012.4000           29.75            0.15
  2012.4027           22.89            5.04
  2012.4055           30.25            0.17
  2012.4082           29.69            0.43
  2012.4110           29.87            0.16
  2012.4137           28.49            0.12
  2012.4164           30.38            0.13
  2012.4192           30.83            0.26
  2012.4219           28.12            0.22
  2012.4247           29.61            0.15
  2012.4274           29.32            0.14
  2012.4302           28.09            0.14
  2012.4329           29.20            0.13
  2012.4357           29.82            0.13
  2012.4384           30.90            0.13
  2012.4410           30.08            0.15
  2012.4438           30.08            0.14
  2012.4520           30.53            0.20
  2012.4548           29.55            0.15
  2012.4575           30.61            0.15
  2012.4603           30.80            0.16
  2012.4630           29.73            0.18
  2012.4657           29.85            0.20
  2012.4685           31.01            0.22
  2012.4712           31.57            0.14
  2012.4740           30.25            0.17
  2012.4767           30.32            0.19
  2012.4795           31.15            0.19
  2012.4822           30.17            0.18
  2012.4850           31.01            0.14
  2012.4877           30.95            0.14
  2012.4904           29.27            0.17
  2012.4932           30.22            0.38
  2012.4958           32.54            0.19
  2012.4987           30.35            0.17
  2012.5013           28.71            0.18
  2012.5042           27.69            0.15
  2012.5068           28.09            0.15
  2012.5096           28.77            0.15
  2012.5123           30.29            0.15
  2012.5150           29.64            0.15
  2012.5178           29.89            0.16
  2012.5205           30.22            0.15
  2012.5233           29.18            0.16
  2012.5260           29.15            0.13
  2012.5288           29.79            0.15
  2012.5315           29.12            0.15
  2012.5343           29.12            0.14
  2012.5370           30.83            0.14
  2012.5397           30.30            0.16
  2012.5425           30.12            0.15
  2012.5452           31.05            0.15
  2012.5480           28.97            0.14
  2012.5507           31.30            0.16
  2012.5535           32.51            0.13
  2012.5562           30.74            0.18
  2012.5590           30.34            0.14
  2012.5616           30.07            0.14
  2012.5643           29.63            0.18
  2012.5671           29.09            0.14
  2012.5698           28.98            0.13
  2012.5726           29.27            0.14
  2012.5753           29.32            0.14
  2012.5781           31.44            0.14
  2012.5808           30.80            0.14
  2012.5836           30.21            0.14
  2012.5863           29.17            0.17
  2012.5890           29.46            0.16
  2012.5918           30.79            0.14
  2012.5945           32.04            0.19
  2012.5973           31.16            0.22
  2012.6000           31.32            0.15
  2012.6028           30.77            0.15
  2012.6055           29.99            0.15
  2012.6083           30.50            0.15
  2012.6110           30.74            0.14
  2012.6136           31.17            0.16
  2012.6165           32.17            0.14
  2012.6191           32.17            0.15
  2012.6274           30.64            0.27
  2012.6301           31.70            0.16
  2012.6329           32.72            0.14
  2012.6356           32.52            0.27
  2012.6383           31.05            0.19
  2012.6411           33.58            0.17
  2012.6438           32.51            0.27
  2012.6466           31.88            0.15
  2012.6493           33.03            0.14
  2012.6521           31.81            0.15
  2012.6548           32.51            0.14
  2012.6576           33.04            0.14
  2012.6603           32.08            0.14
  2012.6630           31.28            0.14
  2012.6658           32.20            0.14
  2012.6685           32.26            0.14
  2012.6713           32.22            0.14
  2012.6740           32.28            0.15
  2012.6768           30.83            0.15
  2012.6794           31.02            0.26
  2012.6823           31.64            0.16
  2012.6849           31.44            0.15
  2012.6876           32.28            0.15
  2012.6904           31.53            0.15
  2012.6931           32.00            0.15
  2012.6959           32.02            0.14
  2012.6986           32.33            0.15
  2012.7014           32.07            0.14
  2012.7041           31.28            0.16
  2012.7069           32.19            0.14
  2012.7096           32.02            0.15
  2012.7123           33.06            0.15
  2012.7151           33.82            0.16
  2012.7178           32.49            0.15
  2012.7206           31.95            0.14
  2012.7233           33.00            0.17
  2012.7261           32.41            0.15
  2012.7288           33.07            0.15
  2012.7316           33.14            0.15
  2012.7343           34.38            0.16
  2012.7369           34.48            0.17
  2012.7397           34.53            0.17
  2012.7424           34.31            0.15
  2012.7452           33.74            0.17
  2012.7479           32.74            0.17
  2012.7507           34.34            0.17
  2012.7534           35.82            0.22
  2012.7561           33.93            0.14
  2012.7589           34.78            0.16
  2012.7616           33.90            0.17
  2012.7644           34.35            0.16
  2012.7671           33.44            0.17
  2012.7699           34.88            0.17
  2012.7726           34.67            0.17
  2012.7754           35.65            0.18
  2012.7781           35.85            0.16
  2012.7808           35.70            0.15
  2012.7836           35.56            0.16
  2012.7863           34.08            0.17
  2012.7891           32.77            0.15
  2012.7917           34.64            0.22
  2012.7946           34.54            0.19
  2012.7972           35.11            0.18
  2012.8000           35.54            0.16
  2012.8027           34.82            0.18
  2012.8054           34.02            0.21
  2012.8082           38.11            0.19
  2012.8109           36.98            0.17
  2012.8137           37.69            0.19
  2012.8164           38.27            0.16
  2012.8192           37.63            0.17
  2012.8219           38.12            0.20
  2012.8247           37.93            0.19
  2012.8274           37.28            0.18
  2012.8301           39.05            0.21
  2012.8329           38.23            0.17
  2012.8356           37.22            0.16
  2012.8384           37.36            0.16
  2012.8411           37.23            0.16
  2012.8439           39.12            0.20
  2012.8466           39.15            0.17
  2012.8494           40.50            0.16
  2012.8521           40.22            0.17
  2012.8547           39.35            0.16
  2012.8575           39.34            0.18
  2012.8602           38.32            0.21
  2012.8630           39.65            0.19
  2012.8657           40.09            0.16
  2012.8685           39.24            0.17
  2012.8712           38.96            0.16
  2012.8740           40.50            0.17
  2012.8767           40.29            0.17
  2012.8794           41.47            0.17
  2012.8822           39.93            0.16
  2012.8849           38.63            0.17
  2012.8877           40.10            0.15
  2012.8904           39.79            0.15
  2012.8932           40.16            0.18
  2012.8959           39.90            0.18
  2012.8987           39.80            0.19
  2012.9014           40.10            0.16
  2012.9041           40.85            0.72
  2012.9069           42.93            0.17
  2012.9095           43.79            0.16
  2012.9124           43.41            0.18
  2012.9150           41.80            0.23
  2012.9178           41.94            0.17
  2012.9205           44.22            0.17
  2012.9233           43.95            0.26
  2012.9260           43.08            0.18
  2012.9287           44.93            0.18
  2012.9315           42.74            0.17
  2012.9342           42.91            0.19
  2012.9397           42.97            0.16
  2012.9425           42.99            0.17
  2012.9452           44.74            0.17
  2012.9480           43.30            0.17
  2012.9507           44.71            0.18
  2012.9534           44.15            0.16
  2012.9562           44.56            0.17
  2012.9589           46.23            0.17
  2012.9617           43.91            0.18
  2012.9644           46.05            0.15
  2012.9672           48.21            0.20
  2012.9698           42.61            0.19
  2012.9727           44.40            0.18
  2012.9753           44.77            0.17
  2012.9780           44.48            0.17
  2012.9808           44.17            0.17
  2012.9835           43.27            0.21
  2012.9863           45.25            0.18
  2012.9890           45.64            0.16
  2012.9918           43.78            0.15
  2012.9945           45.14            0.15
  2012.9973           45.52            0.15
  2013.0000           43.95            0.16
  2013.0027           47.49            0.19
  2013.0027           44.09            0.15
  2013.0055           44.50            0.15
  2013.0082           43.70            0.16
  2013.0110           44.20            0.15
  2013.0137           43.33            0.17
  2013.0165           44.45            0.17
  2013.0192           44.75            0.18
  2013.0220           46.55            0.15
  2013.0247           45.85            0.18
  2013.0273           45.42            0.14
  2013.0302           45.98            0.16
  2013.0328           44.20            0.15
  2013.0356           45.29            0.15
  2013.0383           46.26            0.16
  2013.0411           45.80            0.17
  2013.0438           46.51            0.18
  2013.0466           46.61            0.20
  2013.0493           45.67            0.17
  2013.0520           46.25            0.16
  2013.0548           47.74            0.16
  2013.0575           47.52            0.17
  2013.0603           47.89            0.15
  2013.0630           47.75            0.15
  2013.0658           49.09            0.18
  2013.0685           47.41            0.17
  2013.0713           49.24            0.15
  2013.0740           46.74            0.15
  2013.0767           46.84            0.16
  2013.0795           46.29            0.15
  2013.0822           47.48            0.16
  2013.0850           47.40            0.16
  2013.0876           47.10            0.17
  2013.0905           45.78            0.15
  2013.0931           48.21            0.16
  2013.0959           47.24            0.15
  2013.0986           47.72            0.15
  2013.1013           46.82            0.18
  2013.1041           47.00            0.15
  2013.1068           48.36            0.16
  2013.1096           48.02            0.16
  2013.1123           49.21            0.17
  2013.1151           46.01            0.15
  2013.1178           47.16            0.18
  2013.1206           47.32            0.16
  2013.1233           47.98            0.17
  2013.1260           49.42            0.16
  2013.1288           47.69            0.18
  2013.1315           47.89            0.16
  2013.1343           47.16            0.16
  2013.1370           47.69            0.14
  2013.1398           48.51            0.15
  2013.1425           48.33            0.16
  2013.1453           49.14            0.16
  2013.1479           45.83            0.16
  2013.1506           45.42            0.15
  2013.1534           47.46            0.15
  2013.1561           47.26            0.15
  2013.1589           47.03            0.15
  2013.1616           48.21            0.16
  2013.1644           47.49            0.16
  2013.1671           46.66            0.16
  2013.1699           46.85            0.15
  2013.1726           46.84            0.14
  2013.1753           45.36            0.16
  2013.1781           47.00            0.17
  2013.1808           48.21            0.16
  2013.1863           46.11            0.18
  2013.1918           43.02            0.18
  2013.2000           45.26            0.15
  2013.2028           45.31            0.15
  2013.2054           45.74            0.16
  2013.2083           48.18            0.16
  2013.2109           46.74            0.15
  2013.2164           45.76            0.18
  2013.2192           46.14            0.15
  2013.2219           46.66            0.15
  2013.2246           46.54            0.16
  2013.2274           44.45            0.17
  2013.2301           47.16            0.16
  2013.2329           46.71            0.16
  2013.2356           47.26            0.14
  2013.2384           46.21            0.14
  2013.2411           47.60            0.18
  2013.2439           47.22            0.15
  2013.2466           46.17            0.17
  2013.2493           47.34            0.14
  2013.2548           47.36            0.17
  2013.2576           48.02            0.13
  2013.2603           48.04            0.17
  2013.2631           47.09            0.16
  2013.2657           46.95            0.32
  2013.2684           46.10            0.16
  2013.2712           46.03            0.18
  2013.2794           46.04            0.14
  2013.2822           47.20            0.15
  2013.2849           48.69            0.15
  2013.2877           47.03            0.15
  2013.2904           48.46            0.15
  2013.2931           47.73            0.15
  2013.2959           47.39            0.16
  2013.2986           47.98            0.16
  2013.3014           45.79            0.21
  2013.3041           46.81            0.20
  2013.3069           45.55            0.17
  2013.3096           47.08            0.15
  2013.3124           47.24            0.17
  2013.3151           47.90            0.14
  2013.3177           45.68            0.20
  2013.3206           46.34            0.19
  2013.3232           48.08            0.21
  2013.3260           47.63            0.14
  2013.3287           46.42            0.15
  2013.3315           47.68            0.16
  2013.3342           46.33            0.20
  2013.3370           46.13            0.40
  2013.3397           45.87            0.18
  2013.3424           47.21            0.13
  2013.3452           46.30            0.17
  2013.3479           48.49            0.14
  2013.3562           46.78            0.17
  2013.3589           47.72            0.15
  2013.3617           48.49            0.29
  2013.3644           47.37            0.14
  2013.3671           49.23            0.16
  2013.3699           49.11            0.15
  2013.3726           48.45            0.15
  2013.3754           49.19            0.15
  2013.3781           48.59            0.15
  2013.3809           48.16            0.22
  2013.3835           49.86            0.15
  2013.3864           49.95            0.14
  2013.3890           50.04            0.13
  2013.3917           50.61            0.14
  2013.3945           50.00            0.15
  2013.4000           51.20            0.17
  2013.4027           50.37            0.21
  2013.4055           50.28            0.18
  2013.4082           51.67            0.18
  2013.4110           50.00            0.16
  2013.4137           50.69            0.16
  2013.4164           51.19            0.16
  2013.4192           51.59            0.17
  2013.4219           50.62            0.15
  2013.4247           53.26            0.15
  2013.4274           51.02            0.14
  2013.4302           51.92            0.14
  2013.4329           51.92            0.15
  2013.4357           51.61            0.14
  2013.4384           51.66            0.14
  2013.4410           51.84            0.13
  2013.4438           51.81            0.13
  2013.4465           51.84            0.15
  2013.4493           52.45            0.15
  2013.4520           52.37            0.16
  2013.4548           50.69            0.16
  2013.4575           51.98            0.15
  2013.4603           51.83            0.15
  2013.4630           50.47            0.14
  2013.4657           51.47            0.15
  2013.4685           51.65            0.15
  2013.4712           50.55            0.18
  2013.4740           52.37            0.16
  2013.4767           51.54            0.16
  2013.4795           52.61            0.14
  2013.4822           52.37            0.15
  2013.4850           51.33            0.15
  2013.4877           52.10            0.22
  2013.4904           51.38            0.17
  2013.4932           52.79            0.17
  2013.4958           51.49            0.15
  2013.4987           52.13            0.16
  2013.5013           53.47            0.25
  2013.5042           50.65            0.19
  2013.5068           52.90            0.15
  2013.5096           52.39            0.15
  2013.5123           52.21            0.15
  2013.5150           51.92            0.14
  2013.5178           51.32            0.15
  2013.5205           50.94            0.28
  2013.5233           50.11            0.06
  2013.5260           50.83            0.16
  2013.5288           51.08            0.14
  2013.5315           53.55            0.18
  2013.5343           52.53            0.23
  2013.5370           52.07            0.15
  2013.5397           51.83            0.14
  2013.5425           52.91            0.16
  2013.5452           52.13            0.15
  2013.5480           52.09            0.15
  2013.5507           50.94            0.13
  2013.5535           54.79            0.14
  2013.5562           53.43            0.14
  2013.5590           53.41            0.13
  2013.5616           52.88            0.14
  2013.5643           52.86            0.14
  2013.5671           53.17            0.14
  2013.5698           52.88            0.16
  2013.5726           53.97            0.13
  2013.5753           53.35            0.07
  2013.5781           52.74            0.12
  2013.5808           52.45            0.17
  2013.5836           53.24            0.14
  2013.5863           53.64            0.13
  2013.5890           53.65            0.14
  2013.5918           52.85            0.40
  2013.5945           54.31            0.15
  2013.5973           54.15            0.15
  2013.6000           51.84            0.15
  2013.6028           52.51            0.14
  2013.6055           53.21            0.14
  2013.6083           53.34            0.15
  2013.6110           51.43            0.15
  2013.6136           51.92            0.13
  2013.6165           51.79            0.13
  2013.6191           52.02            0.14
  2013.6219           51.88            0.15
  2013.6246           51.55            0.14
  2013.6274           52.52            0.14
  2013.6301           51.81            0.14
  2013.6329           51.34            0.15
  2013.6356           52.14            0.15
  2013.6383           51.62            0.14
  2013.6411           50.89            0.14
  2013.6438           51.48            0.14
  2013.6466           50.91            0.15
  2013.6493           53.63            0.15
  2013.6521           52.77            0.13
  2013.6548           53.43            0.15
  2013.6576           51.88            0.14
  2013.6603           53.28            0.12
  2013.6630           53.46            0.12
  2013.6658           53.23            0.15
  2013.6685           53.91            0.18
  2013.6713           52.94            0.16
  2013.6740           55.06            0.14
  2013.6768           55.13            0.17
  2013.6794           53.71            0.21
  2013.6823           52.69            0.23
  2013.6849           54.25            0.20
  2013.6876           55.20            0.18
  2013.6904           53.51            0.18
  2013.6931           54.41            0.21
  2013.6959           54.49            0.16
  2013.6986           54.24            0.17
  2013.7014           54.51            0.16
  2013.7041           55.00            0.15
  2013.7069           55.59            0.13
  2013.7096           55.88            0.13
  2013.7123           55.82            0.13
  2013.7151           55.78            0.13
  2013.7178           56.28            0.13
  2013.7206           56.08            0.14
  2013.7233           55.29            0.13
  2013.7261           53.01            0.14
  2013.7288           55.86            0.15
  2013.7316           56.74            0.12
  2013.7343           56.26            0.13
  2013.7369           56.68            0.16
  2013.7397           56.05            0.14
  2013.7424           55.29            0.15
  2013.7561           56.74            0.13
  2013.7589           57.02            0.14
  2013.7616           58.81            0.16
  2013.7644           57.60            0.13
  2013.7671           58.75            0.16
  2013.7699           58.06            0.13
  2013.7726           56.84            0.14
  2013.7754           56.21            0.15
  2013.7781           57.56            0.16
  2013.7808           55.82            0.15
  2013.7836           57.73            0.14
  2013.7863           57.67            0.16
  2013.7891           55.85            0.14
  2013.7917           57.30            0.16
  2013.7946           57.52            0.15
  2013.7972           58.19            0.14
  2013.8000           57.08            0.16
  2013.8027           57.28            0.17
  2013.8054           56.70            0.16
  2013.8082           56.73            0.15
  2013.8109           58.43            0.13
  2013.8137           55.77            0.95
  2013.8164           58.32            0.16
  2013.8192           58.55            0.14
  2013.8219           59.08            0.15
  2013.8247           59.12            0.14
  2013.8274           59.16            0.17
  2013.8301           58.21            0.14
  2013.8329           58.72            0.15
  2013.8356           58.23            0.13
  2013.8384           58.16            0.13
  2013.8411           60.92            0.14
  2013.8439           60.49            0.13
  2013.8466           60.08            0.12
  2013.8494           61.39            0.14
  2013.8521           60.88            0.13
  2013.8547           61.18            0.14
  2013.8575           60.85            0.14
  2013.8602           60.02            0.16
  2013.8630           60.03            0.14
  2013.8657           61.57            0.15
  2013.8685           61.33            0.14
  2013.8712           62.21            0.14
  2013.8740           60.54            0.16
  2013.8767           61.25            0.13
  2013.8794           61.59            0.13
  2013.8822           61.86            0.14
  2013.8849           61.86            0.13
  2013.8877           61.33            0.15
  2013.8904           61.78            0.15
  2013.8932           63.33            0.15
  2013.8959           61.92            0.16
  2013.8987           63.12            0.16
  2013.9014           62.66            0.15
  2013.9041           62.83            0.14
  2013.9069           62.20            0.29
  2013.9095           62.83            0.27
  2013.9124           63.15            0.13
  2013.9150           64.09            0.13
  2013.9178           64.99            0.13
  2013.9205           64.74            0.14
  2013.9233           58.66            0.16
  2013.9260           63.46            0.13
  2013.9287           64.70            0.13
  2013.9315           64.99            0.14
  2013.9342           64.67            0.13
  2013.9370           65.89            0.15
  2013.9397           64.41            0.15
  2013.9425           65.47            0.14
  2013.9452           65.30            0.14
  2013.9480           66.18            0.14
  2013.9507           66.34            0.14
  2013.9534           66.24            0.18
  2013.9562           65.59            0.14
  2013.9589           64.37            0.16
  2013.9617           65.61            0.15
  2013.9644           65.22            0.15
  2013.9672           65.93            0.14
  2013.9698           64.76            0.14
  2013.9727           66.38            0.15
  2013.9753           66.07            0.15
  2013.9780           65.59            0.14
  2013.9808           65.93            0.14
  2013.9835           66.42            0.15
  2013.9863           66.36            0.14
  2013.9890           67.41            0.16
  2013.9918           65.92            0.14
  2013.9945           69.12            0.15
  2013.9973           67.96            0.14
  2014.0000           67.07            0.14
  2014.0027           66.13            0.15
  2014.0055           65.35            0.19
  2014.0082           66.88            0.14
  2014.0110           67.21            0.15
  2014.0137           67.91            0.13
  2014.0165           69.14            0.16
  2014.0192           67.83            0.14
  2014.0220           67.53            0.15
  2014.0273           68.65            0.16
  2014.0302           67.78            0.15
  2014.0356           66.14            0.14
  2014.0383           66.99            0.17
  2014.0411           68.17            0.14
  2014.0438           69.31            0.09
  2014.0466           68.42            0.14
  2014.0493           68.29            0.14
  2014.0548           68.79            0.14
  2014.0575           67.92            0.17
  2014.0603           68.56            0.15
  2014.0630           68.26            0.20
  2014.0658           66.02            0.17
  2014.0685           69.45            0.17
  2014.0713           68.20            0.14
  2014.0740           68.81            0.15
  2014.0767           67.15            0.17
  2014.0795           67.33            0.16
  2014.0822           67.74            0.18
  2014.0850           69.04            0.19
  2014.0876           68.22            0.18
  2014.0905           69.02            0.16
  2014.0931           68.63            0.17
  2014.0959           67.67            0.16
  2014.0986           69.21            0.16
  2014.1013           69.56            0.16
  2014.1041           69.53            0.12
  2014.1068           69.45            0.14
  2014.1096           69.92            0.16
  2014.1123           70.76            0.13
  2014.1151           68.15            0.17
  2014.1178           68.89            0.15
  2014.1206           70.65            0.14
  2014.1233           72.10            0.17
  2014.1260           69.98            0.16
  2014.1288           69.24            0.15
  2014.1315           67.16            0.17
  2014.1370           69.68            0.16
  2014.1398           67.87            0.17
  2014.1425           68.78            0.13
  2014.1453           70.58            0.17
  2014.1479           70.18            0.15
  2014.1506           70.47            0.14
  2014.1534           69.57            0.15
  2014.1561           71.13            0.16
  2014.1589           69.74            0.16
  2014.1616           69.35            0.14
  2014.1644           70.29            0.15
  2014.1671           69.63            0.16
  2014.1699           74.91            0.45
  2014.1726           65.93            0.18
  2014.1753           67.06            0.17
  2014.1781           67.30            0.17
  2014.1808           68.74            0.16
  2014.1836           70.06            0.19
  2014.1863           69.25            0.17
  2014.1891           69.65            0.15
  2014.1918           69.44            0.17
  2014.1946           68.65            0.17
  2014.1973           68.56            0.17
  2014.2000           67.11            0.14
  2014.2028           69.57            0.16
  2014.2054           69.50            0.15
  2014.2083           67.66            0.17
  2014.2109           67.94            0.15
  2014.2137           68.80            0.15
  2014.2164           67.22            0.16
  2014.2192           67.12            0.16
  2014.2219           67.60            0.15
  2014.2246           68.88            0.15
  2014.2274           70.35            0.15
  2014.2301           70.71            0.18
  2014.2329           70.00            0.16
  2014.2356           70.21            0.17
  2014.2384           68.75            0.18
  2014.2411           70.16            0.32
  2014.2439           66.60            0.27
  2014.2466           69.28            0.18
  2014.2521           69.00            0.15
  2014.2548           68.44            0.15
  2014.2576           69.21            0.17
  2014.2603           68.46            0.15
  2014.2631           68.30            0.14
  2014.2657           67.07            0.14
  2014.2684           66.88            0.16
  2014.2712           66.20            0.15
  2014.2739           69.70            0.11
  2014.2767           70.21            0.15
  2014.2794           69.09            0.16
  2014.2822           69.79            0.14
  2014.2849           70.22            0.13
  2014.2877           69.64            0.11
  2014.2904           68.98            0.14
  2014.2931           69.02            0.13
  2014.2959           69.95            0.13
  2014.2986           68.60            0.13
  2014.3014           67.95            0.13
  2014.3041           68.28            0.14
  2014.3069           67.67            0.14
  2014.3096           69.74            0.13
  2014.3124           68.98            0.15
  2014.3151           70.04            0.13
  2014.3177           68.99            0.14
  2014.3206           71.16            0.17
  2014.3232           70.68            0.13
  2014.3260           71.07            0.14
  2014.3287           71.28            0.15
  2014.3315           70.37            0.18
  2014.3342           71.61            0.14
  2014.3370           70.84            0.14
  2014.3397           71.48            0.15
  2014.3424           72.98            0.18
  2014.3452           71.86            0.15
  2014.3479           72.03            0.11
  2014.3507           72.47            0.11
  2014.3534           71.39            0.14
  2014.3562           71.39            0.14
  2014.3589           72.40            0.13
  2014.3617           72.13            0.13
  2014.3644           71.43            0.16
  2014.3671           71.62            0.10
  2014.3699           74.01            0.16
  2014.3726           72.76            0.12
  2014.3754           73.97            0.14
  2014.3781           72.48            0.14
  2014.3809           72.53            0.16
  2014.3835           72.94            0.17
  2014.3864           70.36            0.09
  2014.3890           72.63            0.14
  2014.3917           72.96            0.12
  2014.3945           72.07            0.14
  2014.3972           73.25            0.14
  2014.4000           73.54            0.14
  2014.4027           73.74            0.14
  2014.4055           74.95            0.15
  2014.4082           73.75            0.22
  2014.4110           73.65            0.13
  2014.4137           73.72            0.13
  2014.4164           73.89            0.13
  2014.4192           73.83            0.30
  2014.4219           76.14            0.39
  2014.4247           77.02            0.08
  2014.4274           72.92            0.18
  2014.4302           73.88            0.14
  2014.4329           76.38            0.19
  2014.4357           74.29            0.15
  2014.4384           73.28            0.14
  2014.4410           74.55            0.15
  2014.4438           72.23            0.21
  2014.4465           74.48            0.10
  2014.4493           74.25            0.14
  2014.4520           73.92            0.22
  2014.4548           70.74            0.08
  2014.4575           70.30            0.13
  2014.4603           71.09            0.13
  2014.4630           72.20            0.13
  2014.4657           71.99            0.13
  2014.4685           71.39            0.14
  2014.4712           70.08            0.24
  2014.4740           72.27            0.10
