  2008.0027            0.00            1.32
  2008.0055            4.70            1.36
  2008.0082            4.36            1.32
  2008.0110            1.60            1.26
  2008.0137           -1.06            1.27
  2008.0165            5.02            1.39
  2008.0192            1.52            1.42
  2008.0220            5.08            1.35
  2008.0247            5.23            1.37
  2008.0273            8.30            1.38
  2008.0302            8.95            1.32
  2008.0328            5.17            1.30
  2008.0356            2.37            1.33
  2008.0383            3.83            1.47
  2008.0411            2.87            1.40
  2008.0438            2.25            1.34
  2008.0466            2.78            1.23
  2008.0493            4.67            1.27
  2008.0520            6.10            1.27
  2008.0548            6.06            1.35
  2008.0575            5.75            1.25
  2008.0603            6.84            1.39
  2008.0630            8.72            1.35
  2008.0658            6.91            1.41
  2008.0685            5.59            1.35
  2008.0713            8.16            1.39
  2008.0740            4.82            1.29
  2008.0767            6.87            1.33
  2008.0795            7.92            1.21
  2008.0822            6.41            1.29
  2008.0850            4.13            1.27
  2008.0876            2.38            1.34
  2008.0905            6.15            1.32
  2008.0931            6.89            1.21
  2008.0959            5.83            1.29
  2008.0986            6.08            1.31
  2008.1013            6.03            1.39
  2008.1041            7.74            1.28
  2008.1068            5.32            1.32
  2008.1096            7.18            1.24
  2008.1123            9.15            1.19
  2008.1151            5.79            1.23
  2008.1178           -4.28            1.29
  2008.1206            6.85            1.30
  2008.1233            4.59            1.30
  2008.1260            5.93            1.34
  2008.1288            5.54            1.31
  2008.1315            4.07            1.34
  2008.1343            7.17            1.29
  2008.1370            8.24            1.24
  2008.1398           -0.32            1.40
  2008.1425            3.81            2.01
  2008.3644            6.77            7.11
  2008.3671            8.75            1.27
  2008.3699            4.77            1.51
  2008.3726            8.51            1.18
  2008.3754           10.33            1.26
  2008.3781            8.88            1.37
  2008.3809           10.13            1.44
  2008.3835            8.35            1.42
  2008.3864            8.16            1.50
  2008.3890            9.39            1.49
  2008.3917            8.83            1.23
  2008.3945            6.43            1.31
  2008.3972            7.85            1.40
  2008.4000            6.08            1.18
  2008.4027            7.00            1.24
  2008.4055            8.68            1.26
  2008.4082            9.68            1.30
  2008.4110            8.36            1.16
  2008.4137            8.60            1.15
  2008.4164            9.02            1.37
  2008.4192            9.08            1.43
  2008.4219            8.97            1.17
  2008.4247            6.79            1.42
  2008.4274            7.51            1.39
  2008.4302            6.76            1.49
  2008.4329            5.76            1.26
  2008.4357            9.08            1.11
  2008.4384            7.12            1.23
  2008.4410            6.78            1.66
  2008.4438            7.52            1.24
  2008.4465            8.28            1.42
  2008.4493            8.46            1.15
  2008.4520            6.89            1.29
  2008.4548            0.91            1.69
  2008.4575            8.81            1.19
  2008.4603            7.68            1.44
  2008.4630            5.86            1.47
  2008.4657            8.47            1.37
  2008.4685            8.32            1.56
  2008.4712            6.92            1.33
  2008.4740            7.85            1.16
  2008.4767            9.03            1.20
  2008.4795            9.39            1.18
  2008.4822            7.85            1.21
  2008.4850            6.54            1.24
  2008.4877            8.39            1.26
  2008.4904            7.29            1.21
  2008.4932            9.87            1.17
  2008.4958           11.50            1.28
  2008.4987           12.85            1.19
  2008.5013           20.19            1.27
  2008.5042           11.84            1.25
  2008.5068            9.48            1.14
  2008.5096            9.64            1.20
  2008.5123            8.62            1.21
  2008.5150           12.63            1.25
  2008.5178            7.19            1.28
  2008.5205            9.74            1.20
  2008.5233            9.23            1.10
  2008.5260           11.46            1.24
  2008.5288           10.94            1.32
  2008.5315            8.60            1.25
  2008.5343            8.06            1.19
  2008.5370            9.13            1.34
  2008.5397            7.53            1.18
  2008.5425            8.72            1.19
  2008.5452            8.78            1.20
  2008.5480            9.43            1.14
  2008.5507           11.67            1.17
  2008.5535           10.82            1.11
  2008.5562           10.17            1.14
  2008.5590           10.71            1.30
  2008.5616           10.26            1.18
  2008.5643           10.05            1.14
  2008.5671            7.12            1.11
  2008.5698            6.86            1.13
  2008.5726            5.69            1.16
  2008.5753            8.34            1.16
  2008.5781           10.51            1.13
  2008.5808            8.43            1.25
  2008.5836            9.35            1.12
  2008.5890            9.05            1.17
  2008.5918            8.51            1.23
  2008.5945            6.98            1.28
  2008.5973            7.54            1.21
  2008.6000           11.81            1.30
  2008.6028            7.69            1.14
  2008.6055            8.19            1.24
  2008.6083            8.75            1.19
  2008.6110            6.23            1.13
  2008.6136            7.82            1.29
  2008.6165            7.15            1.22
  2008.6191            8.35            1.17
  2008.6219            7.70            1.27
  2008.6246            5.43            1.17
  2008.6274            6.58            1.28
  2008.6301            8.53            1.13
  2008.6329            9.52            1.22
  2008.6356            9.44            1.15
  2008.6383            9.04            1.17
  2008.6411            7.40            1.19
  2008.6438            5.89            1.19
  2008.6466           10.07            1.18
  2008.6493           10.28            1.21
  2008.6521            9.02            1.20
  2008.6548            9.50            1.16
  2008.6576            9.08            1.27
  2008.6603           10.69            1.25
  2008.6630            9.34            1.22
  2008.6658            8.01            1.22
  2008.6685            9.55            1.20
  2008.6713           10.29            1.22
  2008.6740           11.11            1.22
  2008.6768           11.68            1.16
  2008.6794           11.58            1.21
  2008.6823           11.28            1.25
  2008.6849           11.34            1.22
  2008.6876            1.37            1.25
  2008.6904            1.90            1.18
  2008.6931            2.52            1.19
  2008.6959            2.91            1.26
  2008.6986            3.94            1.24
  2008.7014            4.23            1.15
  2008.7041            2.55            1.15
  2008.7069           12.09            1.18
  2008.7096            9.81            1.21
  2008.7123           11.80            1.12
  2008.7151            7.97            1.21
  2008.7178           11.04            1.22
  2008.7206           11.26            1.16
  2008.7233           11.23            1.18
  2008.7261            9.71            1.15
  2008.7288           10.67            1.20
  2008.7316           10.67            1.20
  2008.7343            9.40            1.17
  2008.7369           11.05            1.16
  2008.7397            9.52            1.23
  2008.7424           10.71            1.23
  2008.7452           10.29            1.24
  2008.7479           11.48            1.17
  2008.7507           11.04            1.20
  2008.7534           10.29            1.30
  2008.7561            9.30            1.29
  2008.7589           11.06            1.28
  2008.7616           11.09            1.24
  2008.7644           12.21            1.26
  2008.7671           11.23            1.15
  2008.7699           11.73            1.15
  2008.7726           11.19            1.24
  2008.7754           10.95            1.26
  2008.7781           12.85            1.36
  2008.7808           10.30            1.28
  2008.7836            9.02            3.03
  2008.7863           10.15            1.24
  2008.7891           10.14            1.27
  2008.7917           10.37            1.38
  2008.7946           10.00            1.29
  2008.7972           11.99            1.23
  2008.8000            5.31            1.29
  2008.8027            8.85            1.31
  2008.8054            9.40            1.24
  2008.8082           10.70            1.27
  2008.8109            8.78            1.28
  2008.8137            9.45            1.22
  2008.8164           11.20            1.16
  2008.8192           10.85            1.27
  2008.8219           10.27            1.19
  2008.8247           10.42            1.10
  2008.8274           10.08            1.22
  2008.8301            9.82            1.25
  2008.8329           10.63            1.26
  2008.8356           12.88            1.22
  2008.8384           14.06            1.26
  2008.8411           10.23            1.27
  2008.8439            6.97            1.31
  2008.8466           13.91            1.33
  2008.8494            8.96            1.30
  2008.8521           10.72            1.34
  2008.8547           10.07            1.36
  2008.8575           11.24            1.31
  2008.8602           11.35            1.36
  2008.8630           12.04            1.37
  2008.8657            5.42            1.33
  2008.8685            7.91            1.30
  2008.8712            8.55            1.30
  2008.8740            9.22            1.29
  2008.8767            7.69            1.36
  2008.8794            6.45            1.26
  2008.8822           10.62            1.22
  2008.8849           11.41            1.26
  2008.8877           11.53            1.17
  2008.8904           11.92            1.20
  2008.8932            9.03            1.20
  2008.8959            9.19            1.23
  2008.8987           10.41            1.24
  2008.9014            5.90            1.24
  2008.9041           11.31            1.25
  2008.9069           13.32            1.24
  2008.9095            7.38            1.31
  2008.9124           11.28            1.31
  2008.9150           11.33            1.23
  2008.9178           11.30            1.26
  2008.9205           10.95            1.23
  2008.9233           11.56            1.19
  2008.9260           11.80            1.21
  2008.9287           10.42            1.19
  2008.9315           10.44            1.20
  2008.9342            9.59            1.19
  2008.9370            9.16            1.35
  2008.9397            9.17            1.26
  2008.9425           13.00            1.42
  2008.9452           13.62            1.18
  2008.9480           11.58            1.17
  2008.9507           10.71            1.21
  2008.9534            9.04            1.21
  2008.9562            8.20            1.26
  2008.9589            6.77            1.26
  2008.9617           10.08            1.26
  2008.9644           11.20            1.33
  2008.9672            9.85            1.23
  2008.9698           11.76            1.31
  2008.9727            8.87            1.31
  2008.9753           10.42            1.33
  2008.9780            9.55            1.18
  2008.9808            4.20            1.19
  2008.9835           12.45            1.21
  2008.9863           13.30            1.20
  2008.9890           13.48            1.21
  2008.9918           10.33            1.23
  2008.9945           13.69            1.23
  2008.9973           10.42            1.33
  2009.0000           14.64            1.26
  2009.0027            9.99            1.20
  2009.1671           11.50            1.25
  2009.1699           11.32            1.22
  2009.1726           11.76            1.23
  2009.1753           10.20            1.14
  2009.1781           12.19            1.13
  2009.1808           12.48            1.20
  2009.1836           12.68            1.17
  2009.1863           12.23            1.24
  2009.1891           12.51            1.16
  2009.1918            9.86            1.21
  2009.1946           11.80            1.16
  2009.1973            8.91            1.16
  2009.2000           12.07            1.16
  2009.2028           12.75            1.13
  2009.2054            8.85            1.37
  2009.2083           10.11            1.12
  2009.2109           12.84            1.18
  2009.2137           14.14            1.17
  2009.2164           13.09            1.21
  2009.2192           10.06            1.12
  2009.2219            8.81            1.19
  2009.2246            9.48            1.33
  2009.2274            9.56            1.28
  2009.2301           12.28            1.24
  2009.2329           10.93            1.18
  2009.2356           12.05            1.23
  2009.2384            8.49            1.25
  2009.2411           13.62            1.18
  2009.2439           12.59            1.16
  2009.2466           13.29            1.16
  2009.2493           12.74            1.15
  2009.2521           13.76            1.23
  2009.2548           12.65            1.33
  2009.2576           12.15            1.16
  2009.2603           11.21            2.18
  2009.2631           11.24            1.14
  2009.2657           12.78            1.18
  2009.2684           11.01            1.18
  2009.2712           12.59            1.13
  2009.2739            9.54            1.13
  2009.2767            6.41            1.15
  2009.2794           13.41            1.16
  2009.2822           12.95            1.12
  2009.2849           13.73            1.11
  2009.2877           13.05            1.16
  2009.2904           10.71            1.18
  2009.2931           15.25            1.15
  2009.2959           14.18            1.11
  2009.2986           13.84            1.17
  2009.3014           11.58            1.12
  2009.3069           13.02            1.22
  2009.3096           14.82            1.16
  2009.3124           12.21            1.19
  2009.3151           13.69            1.18
  2009.3177           14.68            1.16
  2009.3206           13.91            1.26
  2009.3232           14.79            1.20
  2009.3315           12.30            1.18
  2009.3370           11.61            1.20
  2009.3397           12.47            1.29
  2009.3424           14.01            1.17
  2009.3479           14.93            1.16
  2009.3507           11.83            1.14
  2009.3534           12.77            1.16
  2009.3562           13.18            1.21
  2009.3589           12.35            1.17
  2009.3617           12.82            1.18
  2009.3671           12.78            1.19
  2009.3699           12.08            1.18
  2009.3726           12.60            1.16
  2009.3781           12.66            1.18
  2009.3809           12.69            1.12
  2009.3864           11.94            1.16
  2009.3890           12.92            1.13
  2009.3917           11.20            1.13
  2009.3972           13.65            1.24
  2009.4000           13.26            1.14
  2009.4027           14.69            1.10
  2009.4082           14.09            1.20
  2009.4110           13.31            1.13
  2009.4164           14.71            1.32
  2009.4192           14.30            1.13
  2009.4219           12.78            1.09
  2009.4274           14.82            1.13
  2009.4302           13.68            1.07
  2009.4329           14.14            1.10
  2009.4384           13.14            1.15
  2009.4410           13.09            1.08
  2009.4465           15.18            1.10
  2009.4493           12.46            1.55
  2009.4603            8.87            3.47
  2009.4630           10.88            1.14
  2009.4657           13.19            1.17
  2009.4685           13.28            1.08
  2009.4712           13.49            1.28
  2009.4767           16.84            1.08
  2009.4795           13.99            1.10
  2009.4822           15.21            1.15
  2009.4877           15.40            1.13
  2009.4904           13.42            1.34
  2009.4958           13.48            1.17
  2009.4987           13.28            1.11
  2009.5013           12.87            1.06
  2009.5068           11.51            1.15
  2009.5096           11.30            1.15
  2009.5123           13.92            1.13
  2009.5178           12.98            1.03
  2009.5205           13.12            1.05
  2009.5260           12.84            1.06
  2009.5288           14.98            1.08
  2009.5315           14.54            1.05
  2009.5370           13.25            1.04
  2009.5397           14.42            1.06
  2009.5425           16.81            1.02
  2009.5507            0.17            5.90
  2009.5535           11.04            1.22
  2009.5590           13.17            1.06
  2009.5616           12.31            1.07
  2009.5643           13.33            1.12
  2009.5698           13.99            1.04
  2009.5726           16.03            1.05
  2009.5781           13.92            0.99
  2009.5808           13.96            1.01
  2009.5836           13.22            1.01
  2009.5863           11.31            1.00
  2009.5890           11.49            1.02
  2009.5918           11.99            1.12
  2009.5945           12.07            1.04
  2009.5973           12.82            1.03
  2009.6000           12.42            1.02
  2009.6028           13.62            1.06
  2009.6055           14.73            1.03
  2009.6083           14.56            1.01
  2009.6110           14.09            1.10
  2009.6136           12.13            1.10
  2009.6165           13.81            1.05
  2009.6191           13.59            1.10
  2009.6219           13.91            1.14
  2009.6246           12.49            1.13
  2009.6274           12.86            1.09
  2009.6301           14.38            1.10
  2009.6329           14.97            1.07
  2009.6356           13.94            1.02
  2009.6383           12.49            1.10
  2009.6411           12.34            1.09
  2009.6438           12.39            1.07
  2009.6466           13.66            1.08
  2009.6493           14.49            1.11
  2009.6521           12.87            1.13
  2009.6548           14.29            1.10
  2009.6576            8.71            1.07
  2009.6603           10.89            1.06
  2009.6630           12.05            1.11
  2009.6658           14.72            1.07
  2009.6685           16.25            1.20
  2009.6713           15.11            1.09
  2009.6740           14.45            1.04
  2009.6768           14.37            1.08
  2009.6794           12.96            1.14
  2009.6823           14.57            1.18
  2009.6849           15.36            1.08
  2009.6876           13.84            1.06
  2009.6904           14.24            1.08
  2009.6931           14.22            0.99
  2009.6959           15.39            1.03
  2009.6986           14.65            1.01
  2009.7014           15.53            1.08
  2009.7041           15.04            1.02
  2009.7069           15.21            1.04
  2009.7096           13.89            1.06
  2009.7123           13.23            1.11
  2009.7151           15.82            1.08
  2009.7178           15.92            1.03
  2009.7206           11.90            1.10
  2009.7233           13.79            1.01
  2009.7261           11.25            1.12
  2009.7288           14.73            1.02
  2009.7316           12.33            1.10
  2009.7343           17.40            1.05
  2009.7369           15.27            1.08
  2009.7397           15.90            1.18
  2009.7424           15.42            1.08
  2009.7452           17.52            1.10
  2009.7479           14.44            1.08
  2009.7507           12.78            1.15
  2009.7534           17.13            1.10
  2009.7561           12.40            1.05
  2009.7589           10.92            1.11
  2009.7616           14.98            1.19
  2009.7644           15.92            1.08
  2009.7671           16.58            1.04
  2009.7699           17.47            1.13
  2009.7726           13.51            1.10
  2009.7754           13.03            1.21
  2009.7781           14.55            1.12
  2009.7808           15.35            1.10
  2009.7836           15.98            1.07
  2009.7863           14.69            1.27
  2009.7891           14.94            1.30
  2009.7917           15.17            1.16
  2009.7946           14.97            1.12
  2009.7972           13.66            1.13
  2009.8000           14.12            1.40
  2009.8027           15.32            1.13
  2009.8054           14.58            1.13
  2009.8082           12.78            1.15
  2009.8109           14.35            1.27
  2009.8137           16.26            1.21
  2009.8164           15.12            1.23
  2009.8192           15.32            1.22
  2009.8219           14.35            1.35
  2009.8247           12.38            1.13
  2009.8274           15.80            1.22
  2009.8329           18.05            1.26
  2009.8356           13.12            1.23
  2009.8384           11.64            1.24
  2009.8439           14.18            1.25
  2009.8466           15.47            1.18
  2009.8521           13.38            1.23
  2009.8547           15.38            1.15
  2009.8575           13.68            1.15
  2009.8630           10.62            1.15
  2009.8657           11.65            1.15
  2009.8685           10.56            1.23
  2009.8740           11.77            1.22
  2009.8767           12.43            1.22
  2009.8822           11.28            1.31
  2009.8849            9.90            1.35
  2009.8877           13.77            1.23
  2009.8932           12.27            1.24
  2009.8959           12.76            1.27
  2009.8987           15.05            1.29
  2009.9041           13.67            1.25
  2009.9069           13.29            1.17
  2009.9124           14.30            1.36
  2009.9150           14.24            1.24
  2009.9178           14.33            1.21
  2009.9233           14.26            1.23
  2009.9260           15.91            1.13
  2009.9287           17.34            1.22
  2009.9315           14.98            1.21
  2009.9342           15.97            1.12
  2009.9370           18.14            1.14
  2009.9425           15.28            1.24
  2009.9452           16.80            1.18
  2009.9480           17.02            1.23
  2009.9534           13.31            1.31
  2009.9562           17.25            1.24
  2009.9617           15.81            1.32
  2009.9644           17.15            1.26
  2009.9672           13.34            1.32
  2009.9727           14.63            1.20
  2009.9753           13.45            1.32
  2009.9780           15.30            1.41
  2009.9835           15.32            1.25
  2009.9863           15.84            1.34
  2009.9918           12.28            1.31
  2009.9945           14.81            1.33
  2009.9973           16.51            1.30
  2010.0027           13.49            1.20
  2010.0055           15.57            1.22
  2010.0082           14.18            1.25
  2010.0110           11.57            1.25
  2010.0137           13.42            1.31
  2010.0165           13.96            1.22
  2010.0192           11.35            1.17
  2010.0220           13.69            1.22
  2010.0247           18.14            1.23
  2010.0273           11.24            1.24
  2010.0302           14.56            1.36
  2010.0328           16.33            1.29
  2010.0356           16.96            1.21
  2010.0383           13.35            1.24
  2010.0411           13.25            1.26
  2010.0438           14.79            1.25
  2010.0466           12.78            1.16
  2010.0493           14.27            1.21
  2010.0520           12.17            1.17
  2010.0548           14.59            1.19
  2010.0575           11.97            1.21
  2010.0603            9.55            1.19
  2010.0630           14.82            1.18
  2010.0658           14.26            1.23
  2010.0685           14.60            1.22
  2010.0713           11.46            1.31
  2010.0740            9.92            1.31
  2010.0767           13.06            1.35
  2010.0795           14.62            1.23
  2010.0822           15.02            1.28
  2010.0850           15.08            1.23
  2010.0876           17.78            1.22
  2010.0905           13.23            1.24
  2010.0931           14.11            1.33
  2010.0959           18.53            1.23
  2010.0986            9.02            1.28
  2010.1013           12.30            1.26
  2010.1041           12.94            1.31
  2010.1068           15.66            1.30
  2010.1096           13.68            1.34
  2010.1151           12.26            1.35
  2010.1178           16.55            1.28
  2010.1206           15.04            1.27
  2010.1233           14.32            1.18
  2010.1260           15.27            1.23
  2010.1288           16.22            1.29
  2010.1315           15.29            1.29
  2010.1343           16.53            1.43
  2010.1370           15.34            1.31
  2010.1398           15.08            1.16
  2010.1425           13.68            1.17
  2010.1453           15.57            1.27
  2010.1479           13.40            1.20
  2010.1506           15.15            1.16
  2010.1534           13.58            1.27
  2010.1561           11.21            1.21
  2010.1616           15.39            1.21
  2010.1644           11.87            1.16
  2010.1671            9.87            1.17
  2010.1699           13.96            1.16
  2010.1726           15.01            1.14
  2010.1753           16.89            1.15
  2010.1781           17.31            1.14
  2010.1808           10.81            1.24
  2010.1836           13.97            1.21
  2010.1863           15.10            1.20
  2010.1891           15.38            1.16
  2010.1918           13.42            1.15
  2010.1946           12.78            1.18
  2010.1973           16.72            1.22
  2010.2000           14.39            1.18
  2010.2028           15.22            1.16
  2010.2054           13.52            1.20
  2010.2083           14.77            1.17
  2010.2109           16.13            1.22
  2010.2137           16.50            1.18
  2010.2164           14.96            1.30
  2010.2192           10.42            1.30
  2010.2219           14.23            1.17
  2010.2246           14.79            1.14
  2010.2274           13.68            1.16
  2010.2301           16.04            1.10
  2010.2329           11.54            1.18
  2010.2356           16.47            1.15
  2010.2384           15.32            1.19
  2010.2411           16.60            1.19
  2010.2439           16.31            1.16
  2010.2466           13.43            1.25
  2010.2493           16.98            1.19
  2010.2521           17.67            1.16
  2010.2548           17.43            1.13
  2010.2576           16.88            0.78
  2010.2603           17.11            1.11
  2010.2631           19.18            1.16
  2010.2657           17.65            1.12
  2010.2684           17.50            1.08
  2010.2712           16.43            1.09
  2010.2739           17.97            1.16
  2010.2767           12.39            1.11
  2010.2794           14.62            1.14
  2010.2822           14.43            1.11
  2010.2849           13.19            1.07
  2010.2877           12.91            1.11
  2010.2904           14.28            1.18
  2010.2931           12.55            1.15
  2010.2959           13.92            1.16
  2010.2986           15.28            1.12
  2010.3014           12.59            1.09
  2010.3069           14.55            1.07
  2010.3096           15.25            1.11
  2010.3124           15.30            1.08
  2010.3151           14.81            1.09
  2010.3177           11.68            1.10
  2010.3206           20.37            1.09
  2010.3232           17.60            1.08
  2010.3260           16.03            1.09
  2010.3287           15.25            1.15
  2010.3315           14.12            1.12
  2010.3342           10.04            1.20
  2010.3370           13.73            1.07
  2010.3397           13.90            1.03
  2010.3424           13.51            1.13
  2010.3452           14.91            1.08
  2010.3479           11.65            1.06
  2010.3507           13.58            1.02
  2010.3534           15.83            1.01
  2010.3562           14.58            1.02
  2010.3589           15.30            1.07
  2010.3617            9.10            1.71
  2010.3644           11.88            1.11
  2010.3671           15.11            1.17
  2010.3699           15.81            1.11
  2010.3726           15.43            1.12
  2010.3754           15.28            1.11
  2010.3781           12.94            1.11
  2010.3809           13.56            1.07
  2010.3835           15.32            1.07
  2010.3864           16.11            1.09
  2010.3890           16.45            1.13
  2010.3917           15.69            1.09
  2010.3945           14.06            1.11
  2010.3972           14.99            1.10
  2010.4000           16.32            1.06
  2010.4027           16.41            1.05
  2010.4055           12.33            1.12
  2010.4082           13.41            1.13
  2010.4110           17.46            2.38
  2010.4137           16.18            1.06
  2010.4164           15.63            1.04
  2010.4192           18.78            1.09
  2010.4219           14.47            1.07
  2010.4247           15.13            1.07
  2010.4274           16.72            1.04
  2010.4302           16.35            1.05
  2010.4329           17.87            1.04
  2010.4357           17.49            0.99
  2010.4384           17.62            1.05
  2010.4410           17.06            1.05
  2010.4438           18.37            1.11
  2010.4465           16.61            1.07
  2010.4493           17.03            1.06
  2010.4520           16.17            1.23
  2010.4548           17.10            1.07
  2010.4575           17.48            1.07
  2010.4603           17.14            1.29
  2010.4630           17.17            1.27
  2010.4657           20.04            1.21
  2010.4685           15.85            1.06
  2010.4712           17.34            1.10
  2010.4740           17.49            1.09
  2010.4767           13.66            1.19
  2010.4795           18.11            1.15
  2010.4822           16.13            1.09
  2010.4850           17.05            1.05
  2010.4877           16.97            1.07
  2010.4904           14.24            1.06
  2010.4932           12.10            1.05
  2010.4958           15.91            1.05
  2010.4987           14.24            1.04
  2010.5013           15.18            1.02
  2010.5042           17.25            1.09
  2010.5068            4.91            1.26
  2010.5096           13.53            1.09
  2010.5123           17.01            1.15
  2010.5150           13.64            1.11
  2010.5178           17.57            1.10
  2010.5205           17.23            1.07
  2010.5233          -15.54            1.31
  2010.5260           17.44            1.19
  2010.5288           15.44            1.05
  2010.5315           16.40            1.01
  2010.5343           18.05            1.04
  2010.5370           16.83            1.05
  2010.5397           14.69            1.04
  2010.5425           16.55            1.05
  2010.5452           17.67            1.00
  2010.5480           14.81            1.05
  2010.5507           15.91            1.07
  2010.5535           15.98            1.06
  2010.5590           16.57            1.14
  2010.5616           16.56            1.13
  2010.5643           16.91            1.12
  2010.5671           16.29            1.04
  2010.5698           16.55            1.12
  2010.5753           17.14            1.09
  2010.5781           17.46            1.14
  2010.5808           15.73            1.11
  2010.5836           18.09            1.08
  2010.5863           17.86            1.04
  2010.5890           18.24            1.07
  2010.5918           17.23            1.01
  2010.5945           15.97            2.11
  2010.5973           16.42            1.06
  2010.6000           15.67            1.04
  2010.6028           19.37            1.02
  2010.6055           18.03            1.05
  2010.6083           18.73            1.03
  2010.6110           17.16            1.10
  2010.6136           17.58            1.03
  2010.6165           17.16            1.03
  2010.6191           17.45            1.01
  2010.6219           17.10            1.03
  2010.6246           17.57            1.14
  2010.6274           17.28            1.20
  2010.6301           16.73            1.09
  2010.6329           18.03            1.05
  2010.6356           16.51            1.00
  2010.6383           14.32            1.17
  2010.6411           14.74            1.02
  2010.6438           15.98            1.08
  2010.6466           18.33            1.05
  2010.6493           15.01            1.05
  2010.6521           15.21            1.08
  2010.6548           20.35            1.10
  2010.6576           22.67            1.21
  2010.6603           18.52            0.99
  2010.6630           16.34            1.12
  2010.6658           20.56            1.06
  2010.6685           17.94            1.04
  2010.6713           18.67            1.07
  2010.6740           13.90            1.15
  2010.6768           19.67            1.09
  2010.6794           17.45            1.00
  2010.6823           19.33            1.01
  2010.6849           19.18            0.99
  2010.6876           18.89            1.01
  2010.6904           19.00            1.01
  2010.6931           18.73            1.02
  2010.6959           17.24            1.06
  2010.6986           17.39            1.05
  2010.7014           16.37            1.01
  2010.7041           15.79            1.06
  2010.7069           18.12            1.14
  2010.7096           19.98            1.04
  2010.7123           19.65            1.02
  2010.7151           17.76            1.07
  2010.7178           18.17            1.05
  2010.7206           18.42            1.00
  2010.7233           18.78            1.02
  2010.7261           20.74            1.01
  2010.7288           14.75            0.97
  2010.7316           18.76            0.98
  2010.7343           20.20            1.02
  2010.7369           19.02            1.09
  2010.7397           18.78            1.09
  2010.7424           18.78            1.05
  2010.7452           18.97            0.98
  2010.7479           19.05            1.04
  2010.7507           17.96            1.05
  2010.7534           20.14            1.01
  2010.7561           20.19            1.09
  2010.7589           19.22            0.99
  2010.7616           20.36            1.02
  2010.7644           18.84            0.99
  2010.7671           18.41            1.00
  2010.7699           18.67            1.01
  2010.7726           17.87            1.01
  2010.7754           15.92            1.01
  2010.7781           18.81            1.01
  2010.7808           17.99            1.02
  2010.7836           19.25            1.07
  2010.7863           18.10            1.16
  2010.7891           19.32            1.03
  2010.7917           20.65            0.98
  2010.7946           18.69            0.99
  2010.7972           15.65            1.02
  2010.8000           13.13            1.02
  2010.8027           20.21            1.09
  2010.8054           18.67            1.02
  2010.8082           18.82            1.05
  2010.8109           18.33            1.05
  2010.8137           17.52            0.99
  2010.8164           18.43            1.00
  2010.8192           17.83            1.06
  2010.8219           18.42            1.10
  2010.8247           17.66            1.08
  2010.8274           16.87            1.16
  2010.8301           17.11            1.01
  2010.8329           17.02            1.07
  2010.8356           17.00            1.02
  2010.8384           19.53            1.08
  2010.8411           17.61            1.04
  2010.8439           16.43            1.03
  2010.8466           18.83            1.03
  2010.8494           16.08            1.08
  2010.8521           15.67            1.13
  2010.8547           17.21            1.06
  2010.8602           19.56            1.05
  2010.8630           17.55            0.98
  2010.8657           15.43            1.02
  2010.8685           19.62            1.14
  2010.8712           19.25            1.05
  2010.8767           17.70            1.08
  2010.8822           17.12            1.43
  2010.8849           14.51            1.09
  2010.8877           17.27            1.10
  2010.8904           19.16            1.10
  2010.8959           18.89            1.09
  2010.8987           18.47            1.09
  2010.9014           18.03            1.03
  2010.9041           16.81            1.11
  2010.9069           19.30            1.01
  2010.9124           20.49            1.05
  2010.9150           20.02            1.02
  2010.9178           19.91            1.01
  2010.9205           20.51            1.01
  2010.9233           21.07            1.03
  2010.9287           23.24            0.98
  2010.9342           19.86            1.08
  2010.9370           21.69            1.05
  2010.9397           21.19            1.02
  2010.9425           21.17            1.03
  2010.9452           21.38            1.08
  2010.9507           25.41            1.04
  2010.9562           19.83            1.01
  2010.9589           18.99            1.03
  2011.0027           24.12            1.09
  2011.0055           25.55            1.14
  2011.0082           23.21            1.18
  2011.0110           22.32            1.16
  2011.0137           21.47            1.11
  2011.0165           23.15            1.09
  2011.0192           23.28            1.09
  2011.0220           23.51            1.12
  2011.0247           19.85            1.11
  2011.0273           12.74            1.10
  2011.0302           17.92            1.10
  2011.0328           20.47            1.12
  2011.0356           20.22            1.17
  2011.0383           20.34            1.11
  2011.0411           19.99            1.15
  2011.0438           20.17            1.19
  2011.0466           23.51            1.08
  2011.0493           20.92            1.24
  2011.0520           22.57            1.16
  2011.0548           24.36            1.16
  2011.0575           25.99            1.12
  2011.0603           19.21            1.18
  2011.0630           19.79            1.14
  2011.0658           17.81            1.14
  2011.0685           22.12            1.16
  2011.0713           22.69            1.16
  2011.0740           21.61            1.20
  2011.0767           22.50            1.14
  2011.0795           23.81            1.14
  2011.0822           21.33            1.17
  2011.0850           21.24            1.18
  2011.0876           21.76            1.09
  2011.0905           20.30            1.10
  2011.0931           21.57            1.15
  2011.0959           23.44            1.11
  2011.0986           22.03            1.10
  2011.1013           20.05            1.15
  2011.1041           21.27            1.11
  2011.1068           23.85            1.20
  2011.1096           21.31            1.14
  2011.1123           22.18            1.23
  2011.1151           22.64            1.18
  2011.1178           21.92            1.23
  2011.1206           23.28            1.34
  2011.1233           31.76            1.16
  2011.1260           17.92            1.15
  2011.1288           20.83            1.17
  2011.1315           20.70            1.21
  2011.1343           21.52            1.18
  2011.1370           21.27            1.18
  2011.1398           23.12            1.16
  2011.1425           21.92            1.19
  2011.1453           22.56            1.14
  2011.1479           21.91            1.27
  2011.1506           23.11            1.19
  2011.1534           21.10            1.15
  2011.1561           19.68            1.12
  2011.1589           23.90            1.11
  2011.1616           24.98            1.12
  2011.1644           19.86            1.17
  2011.1671           20.49            1.16
  2011.1699           22.65            1.18
  2011.1726           23.08            1.23
  2011.1753           23.51            1.17
  2011.1781           21.46            1.48
  2011.1808           23.75            1.15
  2011.1836           21.59            1.16
  2011.1863           17.21            1.22
  2011.1891           19.19            1.38
  2011.1918           21.72            1.34
  2011.1946           19.91            1.32
  2011.1973           22.77            1.14
  2011.2000           21.21            1.26
  2011.2028           23.81            1.34
  2011.2054           19.66            1.27
  2011.2083           23.21            1.22
  2011.2109           22.20            1.12
  2011.2137           18.57            1.14
  2011.2164           21.98            1.10
  2011.2192           19.82            1.24
  2011.2219           23.32            1.19
  2011.2246           22.88            1.13
  2011.2274           20.01            1.17
  2011.2301           22.36            1.19
  2011.2329           22.62            1.14
  2011.2356           23.45            1.15
  2011.2384           22.80            1.11
  2011.2411           22.20            1.16
  2011.2439           25.53            1.21
  2011.2466           24.07            1.32
  2011.2493           21.23            1.23
  2011.2521           22.19            1.21
  2011.2548           25.60            1.14
  2011.2576           23.98            1.11
  2011.2603           26.13            1.41
  2011.2631           25.61            1.16
  2011.2657           23.68            1.14
  2011.2684           25.39            1.08
  2011.2712           26.26            1.13
  2011.2739           23.15            1.16
  2011.2767           21.75            1.22
  2011.2794           24.01            1.18
  2011.2822           20.13            1.23
  2011.2849           22.54            1.13
  2011.2877           23.48            1.08
  2011.2904           23.87            1.06
  2011.2931           20.58            2.42
  2011.2959           25.57            1.08
  2011.2986           23.06            1.09
  2011.3014           18.33            1.08
  2011.3041           15.78            1.20
  2011.3069           21.72            1.25
  2011.3096           24.57            1.08
  2011.3124           23.29            1.07
  2011.3151           23.83            1.05
  2011.3177           21.52            1.07
  2011.3206           20.23            1.06
  2011.3232           24.15            1.16
  2011.3260           23.75            1.07
  2011.3287           23.78            1.08
  2011.3315           23.33            1.05
  2011.3342           23.71            1.04
  2011.3370           22.03            1.09
  2011.3397           23.00            1.10
  2011.3424           23.85            1.07
  2011.3452           25.14            1.05
  2011.3479           24.92            1.10
  2011.3507           22.72            1.05
  2011.3534           22.79            1.07
  2011.3562           21.24            1.16
  2011.3589           24.20            1.10
  2011.3617           22.59            1.06
  2011.3644           22.67            1.03
  2011.3671           23.67            1.03
  2011.3699           22.36            1.06
  2011.3726           21.98            1.10
  2011.3754           20.46            1.07
  2011.3781           19.07            1.09
  2011.3809           21.19            1.14
  2011.3835           21.19            1.13
  2011.3864           21.41            1.09
  2011.3890           20.96            1.08
  2011.3917           20.90            1.11
  2011.3945           20.61            1.13
  2011.3972           22.27            1.05
  2011.4000           23.03            1.02
  2011.4027           18.44            1.11
  2011.4055           19.71            1.04
  2011.4082           20.45            1.02
  2011.4110           21.12            1.04
  2011.4137           20.30            1.04
  2011.4164           20.54            1.03
  2011.4192           21.48            1.08
  2011.4219           22.49            1.02
  2011.4247           20.58            1.10
  2011.4274           20.70            1.13
  2011.4302           19.75            1.15
  2011.4329           16.39            1.22
  2011.4357           20.11            1.23
  2011.4384           20.16            1.05
  2011.4410           22.21            1.13
  2011.4438           21.48            1.10
  2011.4465           17.21            1.13
  2011.4493           18.80            1.05
  2011.4520           19.09            1.07
  2011.4548           19.89            1.28
  2011.4575           19.09            1.11
  2011.4603           21.98            1.12
  2011.4630           18.99            1.18
  2011.4657           18.98            1.25
  2011.4685           21.05            1.17
  2011.4712           21.97            1.11
  2011.4740           17.00            1.10
  2011.4767           20.06            1.14
  2011.4795           20.30            1.07
  2011.4822           21.01            1.09
  2011.4850           20.09            1.08
  2011.4877           20.37            1.09
  2011.4904           18.53            1.08
  2011.4932           17.39            1.16
  2011.4958           21.00            1.09
  2011.4987           18.73            1.07
  2011.5013           20.38            1.06
  2011.5042           21.68            1.09
  2011.5068           19.93            1.23
  2011.5096           21.64            1.24
  2011.5123           20.53            1.19
  2011.5150           20.63            1.14
  2011.5178           17.52            1.17
  2011.5205           20.12            1.15
  2011.5233           18.15            1.10
  2011.5260           20.71            1.19
  2011.5315           18.54            1.12
  2011.5343           20.00            1.22
  2011.5370           20.00            1.23
  2011.5397           22.11            1.24
  2011.5425           21.18            1.22
  2011.5452           22.56            1.13
  2011.5480           20.81            1.14
  2011.5507           17.20            1.18
  2011.5535           19.65            1.13
  2011.5562           21.11            1.51
  2011.5590           20.24            1.20
  2011.5616           19.74            1.13
  2011.5643           19.72            1.20
  2011.5671           22.34            1.24
  2011.5698           20.68            1.18
  2011.5726           20.97            1.18
  2011.5753           23.12            1.11
  2011.5781           22.72            1.12
  2011.5808           22.53            1.09
  2011.5836           20.72            1.22
  2011.5863           21.62            1.22
  2011.5890           22.30            1.14
  2011.5918           20.85            1.27
  2011.5945           21.33            1.26
  2011.5973           22.49            1.28
  2011.6000           22.11            1.29
  2011.6028           22.39            1.31
  2011.6055           19.31            1.29
  2011.6083           18.46            1.15
  2011.6110           19.61            1.30
  2011.6136           20.18            1.27
  2011.6165           19.72            1.24
  2011.6191           19.39            1.19
  2011.6219           22.54            1.17
  2011.6246           19.64            1.35
  2011.6274           21.60            1.22
  2011.6301           23.06            1.25
  2011.6329           22.45            1.20
  2011.6356           24.64            1.26
  2011.6383           22.21            1.17
  2011.6411           21.06            1.12
  2011.6438           19.70            1.15
  2011.6466           22.12            1.17
  2011.6493           23.27            1.17
  2011.6521           23.16            1.24
  2011.6548           20.53            1.25
  2011.6576           23.52            1.26
  2011.6603           23.55            1.31
  2011.6630           22.76            1.31
  2011.6658           24.81            1.12
  2011.6685           24.23            1.89
  2011.6713           22.53            1.21
  2011.6740           23.23            1.22
  2011.6768           25.29            1.25
  2011.6794           24.45            1.22
  2011.6823           20.71            1.21
  2011.6849           21.00            1.19
  2011.6876           19.42            1.26
  2011.6904           22.53            1.27
  2011.6931           21.91            1.21
  2011.6959           23.71            1.23
  2011.6986           21.62            1.19
  2011.7014           23.03            1.19
  2011.7041           23.93            1.22
  2011.7069           22.69            1.18
  2011.7096           22.69            1.25
  2011.7123           23.72            1.17
  2011.7151           20.52            1.13
  2011.7178           23.96            1.12
  2011.7206           22.41            1.18
  2011.7233           21.77            1.18
  2011.7261           25.35            1.19
  2011.7288           23.06            1.21
  2011.7316           21.71            1.22
  2011.7343           21.69            1.23
  2011.7369           23.32            1.22
  2011.7397           23.35            1.21
  2011.7424           22.05            1.26
  2011.7452           21.05            1.20
  2011.7479           23.50            1.29
  2011.7507           23.86            1.38
  2011.7534           23.53            1.16
  2011.7561           23.79            1.18
  2011.7589           22.00            1.30
  2011.7616           22.60            1.39
  2011.7644           23.39            1.29
  2011.7671           23.01            1.23
  2011.7699           23.78            1.24
  2011.7726           20.90            1.20
  2011.7754           19.11            1.27
  2011.7781           22.31            1.36
  2011.7808           21.21            1.32
  2011.7836           21.25            1.24
  2011.7863           19.30            1.32
  2011.7891           23.05            1.30
  2011.7917           23.62            1.34
  2011.7946           23.41            1.20
  2011.7972           22.02            1.21
  2011.8000           21.29            1.30
  2011.8027           22.47            1.32
  2011.8054           22.54            1.26
  2011.8082           21.36            1.23
  2011.8109           21.89            1.23
  2011.8137           19.75            1.85
  2011.8164           27.70            1.47
  2011.8192           23.01            1.25
  2011.8219           21.77            1.25
  2011.8247           22.04            1.24
  2011.8274           25.52            1.22
  2011.8301           22.74            1.22
  2011.8329           22.87            1.21
  2011.8356           20.21            1.26
  2011.8384           21.20            1.30
  2011.8411           21.08            1.27
  2011.8439           24.35            1.27
  2011.8466           21.92            1.32
  2011.8494           21.09            1.27
  2011.8521           22.89            1.28
  2011.8547           22.71            1.46
  2011.8575           19.87            1.42
  2011.8602           19.77            1.35
  2011.8630           21.67            1.30
  2011.8657           22.37            1.35
  2011.8685           22.53            1.31
  2011.8712           21.83            1.39
  2011.8740           23.76            1.42
  2011.8767           22.84            1.43
  2011.8794           22.86            1.35
  2011.8822           22.76            1.37
  2011.8849           21.74            1.34
  2011.8877           22.15            1.37
  2011.8904           19.99            1.40
  2011.8932           22.91            1.31
  2011.8959           21.11            1.44
  2011.8987           24.35            1.29
  2011.9014           23.81            1.27
  2011.9041           22.84            1.22
  2011.9069           18.99            1.29
  2011.9095           20.48            1.32
  2011.9124           21.39            1.33
  2011.9150           22.38            1.29
  2011.9178           22.00            1.33
  2011.9205           21.35            1.32
  2011.9233           22.80            1.29
  2011.9260           20.83            1.31
  2011.9287           22.01            1.41
  2011.9315           22.85            1.36
  2011.9342           21.31            1.38
  2011.9370           21.61            1.40
  2011.9397           23.86            1.33
  2011.9425           20.35            1.35
  2011.9452           22.31            1.29
  2011.9480           23.97            1.36
  2011.9507           23.87            1.27
  2011.9534           23.11            1.31
  2011.9562           23.53            1.35
  2011.9589           24.24            1.34
  2011.9617           21.93            1.28
  2011.9644           21.40            1.32
  2011.9672           19.76            1.29
  2011.9698           19.07            1.28
  2011.9727           22.76            1.29
  2011.9753           20.56            1.31
  2011.9780           21.88            1.22
  2011.9808           21.20            1.24
  2011.9835           22.24            1.19
  2011.9863           23.06            1.27
  2011.9890           24.44            1.23
  2011.9918           21.62            1.27
  2011.9945           22.19            1.22
  2011.9973           25.78            1.24
  2012.0000           20.80            1.20
  2012.0027           24.37            1.23
  2012.0055           27.58            1.17
  2012.0082           26.76            1.16
  2012.0110           27.55            1.21
  2012.0137           27.51            1.32
  2012.0165           29.83            1.18
  2012.0192           26.08            1.24
  2012.0220           27.70            1.28
  2012.0247           23.33            1.46
  2012.0273           25.12            1.44
  2012.0302           28.32            1.27
  2012.0328           28.48            1.18
  2012.0356           25.61            1.20
  2012.0383           25.89            1.23
  2012.0411           27.77            1.38
  2012.0438           28.66            1.20
  2012.0466           27.26            1.32
  2012.0493           26.76            1.40
  2012.0520           27.16            1.24
  2012.0548           24.31            1.40
  2012.0603           26.94            1.35
  2012.0630           25.42            1.32
  2012.0658           27.42            1.33
  2012.0685           27.20            1.69
  2012.0713           21.96            1.74
  2012.0740           24.91            1.54
  2012.0767           21.31            1.71
  2012.0795           26.86            1.38
  2012.0822           28.76            1.37
  2012.0850           27.99            1.27
  2012.0876           27.60            1.29
  2012.0905           25.58            1.33
  2012.0931           27.34            1.26
  2012.0959           27.15            1.34
  2012.0986           31.18            1.30
  2012.1013           24.69            1.59
  2013.1068           32.25            1.20
  2013.1096           37.47            1.23
  2013.1123           31.24            1.30
  2013.1151           27.39            1.32
  2013.1178           32.89            1.27
  2013.1206           30.32            1.22
  2013.1233           29.41            1.31
  2013.1260           31.51            1.23
  2013.1288           30.26            1.35
  2013.1315           31.59            1.26
  2013.1343           32.94            1.13
  2013.1370           31.68            1.10
  2013.1398           34.71            1.19
  2013.1425           32.68            1.26
  2013.1453           34.44            1.19
  2013.1479           30.50            1.20
  2013.1506           33.05            1.16
  2013.1534           33.66            1.09
  2013.1561           33.26            1.14
  2013.1589           33.31            1.12
  2013.1616           33.69            1.19
  2013.1644           32.86            1.17
  2013.1671           34.90            1.13
  2013.1699           35.71            1.08
  2013.1726           35.38            1.11
  2013.1753           30.23            1.25
  2013.1781           33.69            1.24
  2013.1808           34.41            1.16
  2013.1863           37.14            1.31
  2013.1918           34.89            1.28
  2013.2000           34.30            1.09
  2013.2028           34.06            1.13
  2013.2054           35.00            1.19
  2013.2083           36.54            1.18
  2013.2109           35.79            1.12
  2013.2164           29.70            1.27
  2013.2192           30.38            1.12
  2013.2219           32.43            1.10
  2013.2246           34.02            1.17
  2013.2274           34.32            1.22
  2013.2301           32.06            1.21
  2013.2329           33.07            1.18
  2013.2356           35.15            1.11
  2013.2384           34.23            1.09
  2013.2411           36.51            1.23
  2013.2439           34.12            1.15
  2013.2466           33.05            1.16
  2013.2493           36.39            1.24
  2013.2548           30.75            1.21
  2013.2603           32.82            1.23
  2013.2631           33.56            1.22
  2013.2657           33.61            2.25
  2013.2684           30.22            1.19
  2013.2712           36.81            1.36
  2013.2794           35.50            1.20
  2013.2822           33.85            1.11
  2013.2849           33.08            1.12
  2013.2877           33.74            1.14
  2013.2904           31.31            1.12
  2013.2931           32.91            1.13
  2013.2959           28.04            1.17
  2013.2986           33.76            1.13
  2013.3014           33.83            1.14
  2013.3041           30.55            1.18
  2013.3069           32.62            1.20
  2013.3096           33.87            1.17
  2013.3124           34.73            1.18
  2013.3151           33.32            1.13
  2013.3177           34.34            1.19
  2013.3206           33.05            1.17
  2013.3232           32.30            1.22
  2013.3315           32.60            1.18
  2013.3342           34.07            1.17
  2013.3370           32.03            1.29
  2013.3397           35.99            1.16
  2013.3424           29.58            1.07
  2013.3452           30.09            1.17
  2013.3479           33.86            1.15
  2013.3589           29.75            1.09
  2013.3617           30.22            2.16
  2013.3644           29.91            1.10
  2013.3671           32.66            1.07
  2013.3699           30.55            1.07
  2013.3726           30.79            1.06
  2013.3754           30.85            1.08
  2013.3781           34.01            1.13
  2013.3809           31.51            1.81
  2013.3835           30.75            1.11
  2013.3864           26.96            1.07
  2013.3890           24.59            1.08
  2013.3917           31.78            1.10
  2013.3945           29.58            1.06
  2013.4000           29.59            1.12
  2013.4027           29.27            1.18
  2013.4055           31.06            1.24
  2013.4082           28.50            1.09
  2013.4110           25.64            1.08
  2013.4137           27.39            1.26
  2013.4164           30.39            1.15
  2013.4192           30.54            1.15
  2013.4219           31.17            1.06
  2013.4247           31.13            1.17
  2013.6740           41.15            3.28
  2013.6768           34.89            1.27
  2013.6794           29.02            1.23
  2013.6823           32.18            1.25
  2013.6849           33.56            1.23
  2013.6876           30.66            1.26
  2013.6904           30.69            1.19
  2013.6931           33.71            1.19
  2013.6959           33.81            1.19
  2013.6986           33.38            1.18
  2013.7014           35.03            1.11
  2013.7041           33.97            1.19
  2013.7069           36.47            1.16
  2013.7096           36.18            1.14
  2013.7123           33.12            1.14
  2013.7151           35.48            1.13
  2013.7178           28.96            1.20
  2013.7206           33.11            1.21
  2013.7233           34.61            1.21
  2013.7261           35.61            1.20
  2013.7288           35.67            1.22
  2013.7316           35.12            1.13
  2013.7343           33.68            1.12
  2013.7369           33.78            1.26
  2013.7397           35.43            1.18
  2013.7424           31.29            1.18
  2013.7561           33.70            1.13
  2013.7589           32.65            1.18
  2013.7616           30.54            1.24
  2013.7644           35.26            1.16
  2013.7671           35.17            1.31
  2013.7699           24.55            1.22
  2013.7726           35.53            1.21
  2013.7754           32.70            1.27
  2013.7781           36.52            1.35
  2013.7808           36.28            1.28
  2013.7836           34.97            1.26
  2013.7863           35.33            1.30
  2013.7891           34.74            1.22
  2013.7917           36.99            1.27
  2013.7946           34.45            1.27
  2013.7972           35.35            1.22
  2013.8000           37.77            1.28
  2013.8027           38.34            1.38
  2013.8054           36.71            1.28
  2013.8082           33.75            1.26
  2013.8109           36.93            1.17
  2013.8137           33.01            2.41
  2013.8164           37.38            1.23
  2013.8192           36.10            1.14
  2013.8219           41.02            1.14
  2013.8247           37.81            1.15
  2013.8274           37.00            1.26
  2013.8356           32.27            1.23
  2013.8384           37.20            1.14
  2013.8411           35.49            1.14
  2013.8439           36.49            1.13
  2013.8466           35.43            1.13
  2013.8494           34.44            1.26
  2013.8521           33.24            1.17
  2013.8547           33.61            1.23
  2013.8575           34.59            1.22
  2013.8602           31.02            1.27
  2013.8630           36.66            1.27
  2013.8712           33.76            1.25
  2013.8740           38.90            1.26
  2013.8767           36.15            1.15
  2013.8794           35.23            1.14
  2013.8822           36.59            1.23
  2013.8849           31.49            1.15
  2013.8877           34.38            1.27
  2013.8904           34.50            1.19
  2013.8932           30.96            1.23
  2013.8959           31.01            1.24
  2013.8987           32.24            1.26
  2013.9014           34.98            1.20
  2013.9041           33.12            1.12
  2013.9069           29.97            2.43
  2013.9095           32.76            2.32
  2013.9124           34.72            1.18
  2013.9150           34.47            1.20
  2013.9178           29.22            1.19
  2013.9205           39.90            1.28
  2013.9233           33.29            1.37
  2013.9260           35.65            1.21
  2013.9287           32.87            1.23
  2013.9315           35.38            1.26
  2013.9342           33.24            1.25
  2013.9370           34.15            1.32
  2013.9397           36.77            1.29
  2013.9425           26.25            1.23
  2013.9452           34.29            1.32
  2013.9480           37.99            1.28
  2014.0027           38.75            1.32
  2014.0055           37.42            1.42
  2014.0082           34.21            1.25
  2014.0110           39.17            1.24
  2014.0137           35.99            1.22
  2014.0165           38.87            1.28
  2014.0192           38.67            1.29
  2014.0220           37.56            1.28
  2014.0247           34.97            1.30
  2014.0273           37.53            1.32
  2014.0302           35.79            1.29
  2014.0328           39.08            1.31
  2014.0356           33.61            1.23
  2014.0383           38.00            1.40
  2014.0411           33.07            1.27
  2014.0438           33.60            1.33
  2014.0466           35.88            1.33
  2014.0493           33.48            1.27
  2014.0548           32.65            1.25
  2014.0575           38.09            1.32
  2014.0603           35.84            1.27
  2014.0630           33.48            1.39
  2014.0658           34.01            1.32
  2014.0685           36.73            1.28
  2014.0713           41.28            1.25
  2014.0740           39.42            1.26
  2014.0767           29.68            1.43
  2014.0795           31.61            1.37
  2014.0822           30.84            1.38
  2014.0850           34.86            1.40
  2014.0876           36.80            1.45
  2014.0905           35.62            1.29
  2014.0931           33.04            1.43
  2014.0959           31.92            1.39
  2014.0986           36.11            1.50
  2014.1013           37.64            1.33
  2014.1041           37.20            1.38
  2014.1068           35.69            1.33
  2014.1096           36.50            1.38
  2014.1123           35.27            1.35
  2014.1151           29.28            1.40
  2014.1178           36.31            1.34
  2014.1206           39.30            1.32
  2014.1233           33.52            1.42
  2014.1260           35.28            1.33
  2014.1288           37.91            1.31
  2014.1315           34.48            1.38
  2014.1343           31.85            1.38
  2014.1370           37.57            1.45
  2014.1398           35.13            1.44
  2014.1425           26.10            1.52
  2014.1453           36.83            1.46
  2014.1479           35.09            1.37
  2014.1506           39.54            1.29
  2014.1534           39.87            1.40
  2014.1561           41.34            1.37
  2014.1589           38.17            1.41
  2014.1616           37.73            1.27
  2014.1644           34.13            1.36
  2014.1671           37.04            1.41
  2014.1699           39.43            1.45
  2014.1726           34.55            1.37
  2014.1753           38.27            1.42
  2014.1781           39.91            1.41
  2014.1808           36.60            1.36
  2014.1836           40.43            1.42
  2014.1863           37.35            1.43
  2014.1891           36.16            1.34
  2014.1918           32.95            1.32
  2014.1946           37.96            1.32
  2014.1973           36.29            1.34
  2014.2000           36.31            1.36
  2014.2028           38.16            1.38
  2014.2054           34.92            1.40
  2014.2083           35.68            1.41
  2014.2109           36.61            1.28
  2014.2137           35.19            1.36
  2014.2164           37.03            1.44
  2014.2192           32.17            1.56
  2014.2329           39.00            1.91
  2014.2356           37.52            1.29
  2014.2384           35.72            1.36
  2014.2411           33.89            1.36
  2014.2439           32.53            1.46
  2014.2466           36.88            1.37
  2014.2493           34.87            1.28
  2014.2521           38.13            1.25
  2014.2548           38.23            1.33
  2014.2576           36.82            1.27
  2014.2603           36.09            1.33
  2014.2631           36.03            1.27
  2014.2657           38.19            1.36
  2014.2684           32.54            1.43
  2014.2712           33.46            1.31
  2014.2739           37.83            1.36
  2014.2767           36.78            1.29
  2014.2794           36.84            2.59
  2014.3260           36.42            1.87
  2014.3287           35.75            1.26
  2014.3315           35.66            1.23
  2014.3342           36.91            1.18
  2014.3370           36.15            1.27
  2014.3397           36.73            1.27
  2014.3424           37.15            1.24
  2014.3452           38.05            1.19
  2014.3479           39.02            1.13
  2014.3507           37.40            1.19
  2014.3534           35.72            1.13
  2014.3562           36.87            1.23
  2014.3589           36.27            1.15
  2014.3617           36.25            1.18
  2014.3644           37.26            1.19
  2014.3671           36.93            1.25
  2014.3699           38.56            1.19
  2014.3726           37.33            1.22
  2014.3754           36.73            1.21
  2014.3781           39.29            1.23
  2014.3809           38.72            1.12
  2014.3835           39.49            1.18
  2014.3864           40.02            1.29
  2014.3890           36.13            1.28
  2014.3917           37.56            1.26
  2014.3945           36.76            1.22
  2014.3972           46.11            3.69
  2014.4000           39.46            1.22
  2014.4027           38.97            1.16
  2014.4055           35.82            1.28
  2014.4082           34.24            1.30
  2014.4110           34.56            1.14
  2014.4137           34.70            1.21
  2014.4164           35.67            1.18
  2014.4192           37.27            1.20
  2014.4219           36.70            1.18
  2014.4247           37.15            1.29
  2014.4274           35.70            1.25
  2014.4302           36.84            1.27
  2014.4329           36.44            1.27
  2014.4357           36.09            1.25
  2014.4384           35.84            1.22
