  2009.5370            0.00            1.04
  2009.5397           -2.07            1.04
  2009.5425           -4.24            1.03
  2009.5452           -7.18            1.16
  2009.5507         -138.73            6.34
  2009.5535           -5.17            1.18
  2009.5562           -3.07            1.10
  2009.5590          -14.13            1.07
  2009.5616          -10.92            1.07
  2009.5643            1.31            1.05
  2009.5671           -4.33            1.01
  2009.5698           -8.79            1.00
  2009.5726           -7.15            0.96
  2009.5753          -11.94            1.06
  2009.5781           -7.40            0.92
  2009.5808           -2.89            0.95
  2009.5836           -0.41            0.92
  2009.5863            0.64            0.93
  2009.5890            3.99            0.93
  2009.5918            0.58            1.06
  2009.5945           -0.59            1.01
  2009.5973           -3.42            0.99
  2009.6000           -2.50            0.98
  2009.6028           -4.78            1.02
  2009.6055           -1.66            0.99
  2009.6083           -4.17            0.93
  2009.6110            0.41            1.07
  2009.6136            0.94            1.06
  2009.6165           -0.60            1.04
  2009.6191           -1.62            1.04
  2009.6274           -0.58            1.07
  2009.6301            0.42            1.06
  2009.6329           -3.91            1.04
  2009.6356           -5.80            1.00
  2009.6383            1.38            1.04
  2009.6411            5.46            1.03
  2009.6438            2.30            0.96
  2009.6466            2.67            1.02
  2009.6493           -2.47            1.07
  2009.6521            4.07            1.03
  2009.6548            3.90            0.96
  2009.6576            1.54            1.02
  2009.6603            2.89            0.99
  2009.6630            4.29            1.02
  2009.6658            3.48            1.03
  2009.6713            3.56            1.01
  2009.6740            2.53            0.97
  2009.6768            4.36            1.02
  2009.6794            2.22            1.08
  2009.6823            1.18            1.09
  2009.6849           -5.68            1.01
  2009.6876           -3.89            1.01
  2009.6904            0.48            0.92
  2009.6931           -0.46            0.97
  2009.6959            0.64            0.99
  2009.6986            0.65            0.97
  2009.7014            2.31            0.94
  2009.7041            5.04            0.98
  2009.7069            0.59            0.99
  2009.7096            1.29            0.98
  2009.7123            0.93            1.08
  2009.7151            1.91            1.04
  2009.7178           -1.36            1.02
  2009.7206            5.67            0.96
  2009.7233            0.59            1.01
  2009.7261           -4.02            1.03
  2009.7288           -2.65            1.00
  2009.7316            2.18            0.95
  2009.7343            0.96            1.02
  2009.7369           -3.65            1.07
  2009.7397           -4.41            1.03
  2009.7424           -3.66            1.07
  2009.7452           -3.93            1.05
  2009.7479            3.48            1.07
  2009.7507            4.62            1.02
  2009.7534            0.11            1.09
  2009.7561            6.73            1.05
  2009.7589            8.60            1.05
  2009.7616           11.59            1.05
  2009.7644           -1.65            1.04
  2009.7671           -2.11            1.05
  2009.7699            6.37            1.00
  2009.7726            6.18            1.10
  2009.7836           -4.28            1.57
  2009.7863           -6.18            1.58
  2009.7891           -5.37            1.28
  2009.7917            5.44            1.06
  2009.7946            2.45            1.08
  2009.7972            6.17            1.10
  2009.8000            5.88            1.18
  2009.8027           -0.08            1.02
  2009.8054            5.64            1.03
  2009.8082            9.74            1.04
  2009.8109            6.68            1.49
  2009.8192           -0.37            2.07
  2009.8219           12.05            1.21
  2009.8247            5.77            1.07
  2009.8274            7.16            1.13
  2009.8301           12.77            1.12
  2009.8329            6.80            1.22
  2009.8356            6.13            1.14
  2009.8384           -0.06            1.17
  2009.8411            8.95            1.11
  2009.8439            3.51            1.07
  2009.8466            1.28            1.10
  2009.8494            4.95            1.10
  2009.8521            9.15            1.09
  2009.8547            9.68            1.04
  2009.8575            9.66            1.02
  2009.8630            3.33            1.04
  2009.8657            7.04            1.07
  2009.8767            4.63            1.11
  2009.8794           18.38            1.18
  2009.8822           13.44            1.15
  2009.8849            8.54            1.21
  2009.8877            8.74            1.13
  2009.8904            7.43            1.14
  2009.8932            6.61            1.13
  2009.8959            5.97            1.21
  2009.8987            3.87            1.19
  2009.9014            6.02            1.21
  2009.9041           10.38            1.19
  2009.9069            7.64            1.15
  2009.9095           -0.39            1.15
  2009.9124           -6.63            1.24
  2009.9150            7.60            1.13
  2009.9178            9.16            1.14
  2009.9205            1.48            1.21
  2009.9233            5.51            1.08
  2009.9260            3.54            1.06
  2009.9287            6.60            1.12
  2009.9315            6.87            1.07
  2009.9342            2.77            1.05
  2009.9370            9.28            1.04
  2009.9397            5.55            1.08
  2009.9425            4.37            1.10
  2009.9452            3.34            1.12
  2009.9480            7.25            1.10
  2009.9507            6.36            1.10
  2009.9534            6.63            1.21
  2009.9562            2.95            1.13
  2009.9589           10.75            1.07
  2009.9617            9.32            1.24
  2009.9644            5.25            1.24
  2009.9672            6.42            1.24
  2009.9698           14.44            1.19
  2009.9727           10.02            1.14
  2009.9753           -0.13            1.20
  2009.9780            4.16            1.31
  2009.9808           -0.42            1.25
  2009.9835            9.82            1.15
  2009.9863            8.16            1.26
  2009.9890            6.42            1.21
  2009.9918           -1.85            1.29
  2009.9945            8.93            1.23
  2010.0000            5.79            1.16
  2010.0027           14.05            1.08
  2010.0055            5.38            1.09
  2010.0082            1.36            1.15
  2010.0110            4.34            1.14
  2010.0137            0.74            1.22
  2010.0165            1.27            1.13
  2010.0192            7.39            1.08
  2010.0220           10.86            1.12
  2010.0247           11.36            1.16
  2010.0273            1.77            1.13
  2010.0302            8.99            1.25
  2010.0328           -4.20            1.21
  2010.0356            2.25            1.13
  2010.0383            2.50            1.10
  2010.0411            2.87            1.13
  2010.0438            0.24            1.14
  2010.0466            0.99            1.08
  2010.0493            1.48            1.14
  2010.0520            2.87            1.10
  2010.0548            3.81            1.12
  2010.0575            6.60            1.14
  2010.0603            5.23            1.12
  2010.0630            7.06            1.10
  2010.0658            3.90            1.15
  2010.0685            3.45            1.14
  2010.0713            1.08            1.20
  2010.0740            7.71            1.18
  2010.0767           -0.58            1.19
  2010.0795           11.72            1.14
  2010.0822            1.50            1.11
  2010.0850            0.04            1.11
  2010.0876            5.33            1.13
  2010.0905            4.11            1.20
  2010.0931          -12.69            1.77
  2010.0959            4.47            1.14
  2010.0986           11.16            1.18
  2010.1013           -2.09            1.18
  2010.1041            0.25            1.21
  2010.1068            4.34            1.17
  2010.1096            4.16            1.21
  2010.1123            4.20            1.14
  2010.1151            0.22            1.25
  2010.1178            7.43            1.21
  2010.1206            7.97            1.21
  2010.1233           -1.17            1.12
  2010.1260            6.55            1.13
  2010.1288            2.79            1.15
  2010.1315            4.76            1.18
  2010.1343            3.64            1.31
  2010.1370            1.95            1.20
  2010.1398            5.06            1.06
  2010.1425            4.02            1.07
  2010.1453           -0.12            1.19
  2010.1479            1.05            1.11
  2010.1506           -1.51            1.07
  2010.1534            2.41            1.18
  2010.1561            1.32            1.12
  2010.1616            4.96            1.14
  2010.1644            2.98            1.08
  2010.1671           -9.58            1.13
  2010.1699           -9.55            1.07
  2010.1726           -0.50            1.08
  2010.1753           -3.29            1.11
  2010.1781           -3.73            1.05
  2010.1808            2.36            1.13
  2010.1836            2.86            1.17
  2010.1863           -1.25            1.16
  2010.1891            2.77            1.10
  2010.1918           -0.85            1.08
  2010.1946            3.02            1.11
  2010.1973            1.41            1.17
  2010.2000           -0.91            1.10
  2010.2028           -0.53            1.07
  2010.2054            1.50            1.08
  2010.2083           -1.83            1.09
  2010.2109            4.98            1.15
  2010.2137            1.22            1.11
  2010.2164           -0.57            1.22
  2010.2192           -5.68            1.25
  2010.2219           -1.21            1.13
  2010.2246            6.04            1.07
  2010.2274            0.70            1.06
  2010.2301            0.70            1.07
  2010.2329            4.55            1.13
  2010.2356            3.09            1.07
  2010.2384            1.57            1.13
  2010.2411           -4.14            1.17
  2010.2439            3.14            1.07
  2010.2466            6.19            1.15
  2010.2493          -26.34            1.62
  2010.2521            3.56            1.12
  2010.2548           -3.29            1.05
  2010.2576           -3.28            0.76
  2010.2603            3.14            1.07
  2010.2631            4.11            1.07
  2010.2657            2.11            1.05
  2010.2684           -4.87            1.05
  2010.2712            0.07            1.02
  2010.2739            1.30            1.06
  2010.2767           -3.87            1.08
  2010.2794           -2.44            1.09
  2010.2822           -9.24            1.09
  2010.2849           -5.95            1.07
  2010.2877           -2.72            1.09
  2010.2904           -3.44            1.13
  2010.2931           -0.12            1.09
  2010.2959           -0.76            1.12
  2010.2986           -3.10            1.08
  2010.3014           -4.63            1.03
  2010.3069          -14.67            1.04
  2010.3096           -8.92            1.07
  2010.3124           -8.60            1.04
  2010.3151           -1.86            1.05
  2010.3177           -2.27            1.06
  2010.3206           -1.65            1.07
  2010.3232           -3.03            1.19
  2010.3260           -7.94            1.15
  2010.3287           -2.01            1.24
  2010.3315           -2.07            1.08
  2010.3342           -0.74            1.28
  2010.3370           -3.09            1.00
  2010.3397            0.29            0.97
  2010.3424           -2.92            1.10
  2010.3452           -0.27            1.05
  2010.3479           -3.38            0.99
  2010.3507           -4.32            1.00
  2010.3534           -5.42            0.97
  2010.3562           -9.63            1.02
  2010.3589           -3.20            1.01
  2010.3617           -5.49            1.58
  2010.3644           -5.49            1.05
  2010.3671           -3.52            1.06
  2010.3699          -10.50            1.04
  2010.3726           -3.71            1.04
  2010.3754           -1.66            1.03
  2010.3781           -7.22            1.05
  2010.3809           -7.10            1.03
  2010.3835           -6.03            1.00
  2010.3864           -9.48            1.01
  2010.3890           -9.30            1.14
  2010.3917          -11.19            1.09
  2010.3945          -11.28            1.04
  2010.3972           -8.61            1.03
  2010.4000          -15.93            1.06
  2010.4027          -14.79            1.01
  2010.4055          -12.68            1.04
  2010.4082          -12.77            1.05
  2010.4110           -8.51            2.34
  2010.4137           -9.57            1.00
  2010.4164           -8.39            0.98
  2010.4192          -10.71            1.03
  2010.4219           -7.11            1.00
  2010.4247           -7.31            1.01
  2010.4274           -6.16            0.98
  2010.4302           -1.12            0.97
  2010.4329          -10.64            0.95
  2010.4357          -12.74            0.92
  2010.4384           -8.84            0.99
  2010.4410           -3.66            0.98
  2010.4438           -2.74            1.02
  2010.4465           -6.56            0.98
  2010.4493           -7.62            0.97
  2010.4520           -8.22            1.12
  2010.4548           -5.13            0.97
  2010.4575           -8.30            1.00
  2010.4603           -9.85            1.18
  2010.4630           -7.68            1.17
  2010.4657           -7.91            1.22
  2010.4685           -6.46            0.97
  2010.4712           -1.32            1.03
  2010.4740           -0.56            1.01
  2010.4767            0.40            1.07
  2010.4795            3.95            1.07
  2010.4822           -3.38            0.98
  2010.4850           -0.18            0.98
  2010.4877           -5.95            1.00
  2010.4904           -3.16            1.01
  2010.4932            3.76            0.99
  2010.4958            0.13            0.97
  2010.4987           -1.49            0.98
  2010.5013           -3.21            0.96
  2010.5042           -3.88            1.00
  2010.5068           -2.18            1.04
  2010.5096           -5.38            1.03
  2010.5123           -5.74            1.09
  2010.5150           -6.97            1.05
  2010.5178            0.72            1.02
  2010.5205           -3.64            0.97
  2010.5233           -1.44            1.02
  2010.5260           -7.17            1.07
  2010.5288          -14.20            0.98
  2010.5315          -18.76            0.95
  2010.5343          -17.77            0.94
  2010.5370          -16.88            1.00
  2010.5397          -14.04            0.99
  2010.5425          -12.85            0.99
  2010.5452          -13.02            0.94
  2010.5480           -9.85            1.03
  2010.5507          -10.43            1.01
  2010.5535          -11.86            1.01
  2010.5562          -15.27            1.04
  2010.5590          -11.83            1.08
  2010.5616          -12.93            1.08
  2010.5643          -12.82            1.06
  2010.5671           -6.51            1.02
  2010.5698           -7.01            1.04
  2010.5726           -8.36            1.04
  2010.5753           -7.30            1.04
  2010.5781          -10.19            1.10
  2010.5808          -13.70            1.07
  2010.5836          -18.66            1.02
  2010.5863          -22.30            0.99
  2010.5890          -13.64            1.00
  2010.5918          -14.28            0.98
  2010.5945          -14.89            2.05
  2010.5973           -6.54            1.00
  2010.6000          -13.29            0.97
  2010.6028          -11.39            0.96
  2010.6055           -8.06            0.97
  2010.6083          -10.86            0.97
  2010.6110           -1.63            1.02
  2010.6136          -10.16            0.95
  2010.6165          -15.49            0.95
  2010.6191          -13.79            0.95
  2010.6219           -4.73            0.96
  2010.6246           -2.74            1.05
  2010.6274           -2.25            1.10
  2010.6301           -4.75            1.00
  2010.6329           -2.58            0.96
  2010.6356           -1.76            0.96
  2010.6383            2.98            1.09
  2010.6411           -3.44            0.99
  2010.6438           -2.12            1.01
  2010.6466            2.39            0.99
  2010.6493           -5.18            1.08
  2010.6521           -0.32            1.03
  2010.6548           -1.91            1.03
  2010.6576           -0.19            1.09
  2010.6603           -8.43            1.01
  2010.6630           -6.86            1.09
  2010.6658          -13.27            1.06
  2010.6685           -6.52            1.05
  2010.6713           -8.41            1.08
  2010.6740          -10.10            1.13
  2010.6768           -4.19            1.11
  2010.6794          -10.63            1.01
  2010.6823           -9.30            1.01
  2010.6849          -12.29            1.04
  2010.6876           -9.80            1.03
  2010.6904           -1.30            1.02
  2010.6931           -5.46            1.06
  2010.6959           -5.84            1.09
  2010.6986           -9.06            1.06
  2010.7014           -6.77            0.98
  2010.7041           -8.51            1.08
  2010.7069           -1.54            1.22
  2010.7096           -3.19            1.07
  2010.7123           -7.65            1.03
  2010.7151          -10.09            1.09
  2010.7178           -3.85            1.04
  2010.7206           -5.97            1.04
  2010.7233           -2.82            0.98
  2010.7261           -7.57            1.04
  2010.7288           -5.42            0.98
  2010.7316           -1.31            0.99
  2010.7343           -6.86            1.04
  2010.7369           -3.30            1.10
  2010.7397           -5.43            1.04
  2010.7424          -10.06            1.03
  2010.7452           -7.48            1.02
  2010.7479           -8.34            0.99
  2010.7507           -7.91            1.03
  2010.7534           -4.21            1.05
  2010.7561            1.60            1.05
  2010.7589           -4.52            1.45
  2010.7616           -5.94            1.89
  2010.7644           -4.23            1.05
  2010.7671           -3.79            1.03
  2010.7699            2.11            1.02
  2010.7726           -2.38            1.00
  2010.7754           -4.28            1.01
  2010.7781           -1.68            1.01
  2010.7808           -4.56            1.01
  2010.7836           -1.78            1.09
  2010.7863           -6.42            1.13
  2010.7891           -6.41            1.10
  2010.7917           -9.01            1.24
  2010.7946           -6.10            1.24
  2010.7972            1.48            1.05
  2010.8000           -6.35            1.26
  2010.8027           -3.10            1.11
  2010.8054           -7.43            1.07
  2010.8082           -2.06            1.02
  2010.8109           -0.80            1.10
  2010.8137           -2.58            1.07
  2010.8164           -7.70            1.08
  2010.8192           -4.23            1.10
  2010.8219           -5.89            1.11
  2010.8247            0.02            1.05
  2010.8274            0.03            1.19
  2010.8301           -3.48            1.08
  2010.8329            4.45            1.18
  2010.8356           -2.60            1.09
  2010.8384           -3.20            1.11
  2010.8411            2.41            1.14
  2010.8439            2.51            1.21
  2010.8466           -6.66            1.11
  2010.8494           -2.73            1.16
  2010.8521           -6.15            1.19
  2010.8547           -9.27            1.16
  2010.8575           -8.15            1.09
  2010.8602           -8.19            1.12
  2010.8630           -4.32            0.98
  2010.8657           -2.13            0.99
  2010.8685            2.45            1.09
  2010.8712           -4.03            1.09
  2010.8740           -6.92            1.07
  2010.8767           -4.95            1.28
  2010.8794           -4.52            1.39
  2010.8822           -0.29            2.12
  2010.8849            1.14            1.36
  2010.8877           -2.33            1.37
  2010.8904           -0.86            1.34
  2010.8932           -4.62            1.31
  2010.8959           -4.61            1.32
  2010.8987           -4.65            1.37
  2010.9014          -11.10            1.27
  2010.9041           -0.63            1.31
  2010.9069          -11.28            1.25
  2010.9095           -6.23            1.30
  2010.9124            4.24            1.29
  2010.9150           -0.55            1.28
  2010.9178           -1.80            1.25
  2010.9205           -2.11            1.23
  2010.9233           -2.87            1.26
  2010.9260            2.63            1.21
  2010.9287           -4.69            1.21
  2010.9315            4.79            1.27
  2010.9342            3.34            1.29
  2010.9370            3.42            1.22
  2010.9397           -0.45            1.24
  2010.9425            3.49            1.19
  2010.9452           -0.68            1.30
  2010.9480            0.84            1.27
  2010.9507           -1.50            1.24
  2010.9562           -3.39            1.26
  2010.9589            1.16            1.29
  2010.9644           -3.92            1.24
  2011.0027            8.93            1.22
  2011.0055            4.92            1.20
  2011.0082           11.24            1.40
  2011.0110            4.05            1.15
  2011.0137           -0.69            1.20
  2011.0165            2.51            1.19
  2011.0192            7.74            1.17
  2011.0220            0.47            1.19
  2011.0247           -3.79            1.19
  2011.0273           10.19            1.07
  2011.0302           15.37            1.18
  2011.0328            6.63            1.18
  2011.0356           11.88            1.17
  2011.0383           10.20            1.18
  2011.0411            5.14            1.24
  2011.0438            7.10            1.28
  2011.0466            3.21            1.04
  2011.0493            6.35            1.18
  2011.0520           -7.44            1.11
  2011.0548            6.80            1.13
  2011.0575           11.26            1.08
  2011.0603            7.62            1.23
  2011.0630            3.31            1.20
  2011.0658            6.45            1.10
  2011.0685           -3.46            1.22
  2011.0713           -7.92            1.13
  2011.0740            0.70            1.15
  2011.0767            2.29            1.23
  2011.0795           -2.08            1.10
  2011.0822           12.78            1.13
  2011.0850            3.42            1.12
  2011.0876            3.00            1.12
  2011.0905            3.68            1.16
  2011.0931           -3.17            1.22
  2011.0959            2.22            1.07
  2011.0986            2.08            1.06
  2011.1013           -0.17            1.07
  2011.1041            3.34            1.15
  2011.1068           -1.58            1.26
  2011.1096            9.23            1.11
  2011.1123            3.94            1.19
  2011.1151            4.61            1.23
  2011.1178            9.54            1.20
  2011.1206           -2.67            1.52
  2011.1233            4.40            1.12
  2011.1260            3.28            1.09
  2011.1288           -6.10            1.25
  2011.1315           -3.63            1.16
  2011.1343            1.63            1.14
  2011.1370           -7.30            1.25
  2011.1398           -7.14            1.22
  2011.1425           -1.06            1.25
  2011.1453           -3.73            1.21
  2011.1479            1.16            1.22
  2011.1506           -4.81            1.14
  2011.1534           -2.35            1.12
  2011.1561            2.03            1.07
  2011.1589           -3.00            1.19
  2011.1616            5.04            1.07
  2011.1644            4.32            1.11
  2011.1671            3.63            1.11
  2011.1699           -6.39            1.24
  2011.1726           -2.25            1.18
  2011.1753           -5.52            1.14
  2011.1781           17.78            1.45
  2011.1808           10.49            1.11
  2011.1836           13.79            1.12
  2011.1863            8.61            1.18
  2011.1891           15.57            1.33
  2011.1918           16.38            1.34
  2011.1946            7.05            1.28
  2011.1973           -6.98            1.09
  2011.2000           -0.27            1.20
  2011.2028            3.08            1.30
  2011.2054            3.57            1.21
  2011.2083            2.32            1.16
  2011.2109           -4.35            1.08
  2011.2137            2.51            1.06
  2011.2164            0.70            1.04
  2011.2192            6.74            1.17
  2011.2219           -0.33            1.15
  2011.2246            3.65            1.08
  2011.2274           -6.48            1.24
  2011.2301            4.84            1.15
  2011.2329            5.31            1.10
  2011.2356            3.13            1.11
  2011.2384            4.24            1.08
  2011.2411            7.15            1.12
  2011.2439           10.56            1.15
  2011.2466            2.59            1.28
  2011.2493            2.33            1.21
  2011.2521           -0.08            1.17
  2011.2548           -5.09            1.19
  2011.2576           -6.48            1.05
  2011.2603          -10.36            1.34
  2011.2631            0.58            1.10
  2011.2657            1.16            1.08
  2011.2684           -0.95            1.04
  2011.2712            2.37            1.08
  2011.2739            3.24            1.13
  2011.2767           -1.86            1.17
  2011.2794           -0.27            1.13
  2011.2822           -9.54            1.18
  2011.2849           -4.23            1.12
  2011.2877           -2.03            1.06
  2011.2904           -7.21            1.05
  2011.2931          -11.93            2.44
  2011.2959          -16.75            1.09
  2011.2986          -12.86            1.10
  2011.3014          -18.19            1.12
  2011.3041          -23.81            1.17
  2011.3069          -17.01            1.21
  2011.3096          -17.31            1.10
  2011.3124          -13.63            1.09
  2011.3151          -19.65            1.07
  2011.3177          -18.43            1.06
  2011.3206          -11.62            1.10
  2011.3232          -19.49            1.17
  2011.3260          -21.56            1.10
  2011.3287          -22.74            1.09
  2011.3315          -30.51            1.09
  2011.3342          -21.12            1.03
  2011.3370          -18.94            1.06
  2011.3397          -16.92            1.13
  2011.3424          -17.11            1.11
  2011.3452          -27.07            1.07
  2011.3479          -17.77            1.11
  2011.3507          -21.21            1.06
  2011.3534          -21.75            1.10
  2011.3562          -22.37            1.12
  2011.3589          -16.05            1.10
  2011.3617          -17.80            1.06
  2011.3644          -19.73            1.02
  2011.3671          -22.75            0.99
  2011.3699          -22.80            1.03
  2011.3726          -20.58            1.06
  2011.3754          -23.08            1.03
  2011.3781          -19.12            1.05
  2011.3809          -19.27            1.10
  2011.3835          -19.62            1.11
  2011.3864          -15.25            1.08
  2011.3890          -24.11            1.06
  2011.3917          -19.02            1.05
  2011.3945          -18.50            1.08
  2011.3972          -20.28            1.02
  2011.4000          -18.53            0.99
  2011.4027          -18.46            1.05
  2011.4055          -14.24            1.02
  2011.4082          -20.36            1.00
  2011.4110          -19.50            1.61
  2011.4302          -13.99            2.27
  2011.4329          -19.46            1.68
  2011.4357          -12.68            1.20
  2011.4384          -12.84            1.04
  2011.4410          -18.79            1.12
  2011.4438          -12.33            1.07
  2011.4465          -17.10            1.09
  2011.4493          -18.18            1.03
  2011.4520          -14.23            1.03
  2011.4548          -28.21            1.92
  2011.4575          -19.11            1.09
  2011.4603          -21.55            1.09
  2011.4630          -16.93            1.17
  2011.4657          -22.83            1.24
  2011.4685          -25.69            1.12
  2011.4712          -22.49            1.08
  2011.4740          -21.23            1.06
  2011.4767          -25.05            1.12
  2011.4795          -24.86            1.07
  2011.4822          -44.91            1.43
  2011.4850          -26.74            1.06
  2011.4877          -27.87            1.46
  2011.4904          -29.32            1.06
  2011.4932          -23.33            1.22
  2011.4958          -30.77            1.34
  2011.4987          -41.65            1.08
  2011.5013          -36.63            1.06
  2011.5042          -32.04            1.08
  2011.5068          -29.49            1.18
  2011.5096          -18.50            1.21
  2011.5123          -20.28            1.15
  2011.5150          -16.97            1.10
  2011.5178          -16.52            1.15
  2011.5205          -20.84            1.11
  2011.5233          -17.21            1.08
  2011.5260          -19.94            1.15
  2011.5315          -20.26            1.09
  2011.5343          -16.67            1.18
  2011.5370          -16.34            1.20
  2011.5397          -16.59            1.20
  2011.5425          -27.60            1.18
  2011.5452          -25.76            1.12
  2011.5480          -29.64            1.12
  2011.5507          -28.29            1.12
  2011.5535          -24.96            1.09
  2011.5562          -15.62            1.47
  2011.5590          -19.64            1.15
  2011.5616          -21.14            1.09
  2011.5643          -19.14            1.16
  2011.5671          -14.19            1.19
  2011.5698          -19.14            1.13
  2011.5726          -17.09            1.13
  2011.5753          -25.88            1.09
  2011.5781          -22.19            1.10
  2012.0027          -16.61            1.17
  2012.0055          -13.46            1.14
  2012.0082          -11.31            1.09
  2012.0110           -6.49            1.13
  2012.0137           -6.86            1.26
  2012.0165          -12.57            1.11
  2012.0192           -6.78            1.20
  2012.0220           -7.92            1.22
  2012.0247           -6.91            1.41
  2012.0273           -3.95            1.40
  2012.0302           -7.69            1.24
  2012.0328          -15.11            1.15
  2012.0356          -11.17            1.16
  2012.0383          -11.49            1.19
  2012.0411          -10.47            1.34
  2012.0438           -9.75            1.18
  2012.0466          -10.64            1.29
  2012.0493          -16.32            1.38
  2012.0520           -9.66            1.19
  2012.0548          -14.95            1.32
  2012.0603          -10.42            1.28
  2012.0630          -16.44            1.26
  2012.0658           -7.36            1.25
  2012.0685           -9.28            1.58
  2012.0713           -9.67            1.64
  2012.0740          -11.20            1.47
  2012.0767          -12.01            1.67
  2012.0795          -14.66            1.38
  2012.0822           -5.48            1.42
  2012.0850          -11.78            1.36
  2012.0876           -2.26            1.25
  2012.0905          -11.05            1.29
  2012.0931           -7.50            1.25
  2012.0959           -4.29            1.35
  2012.0986          -10.58            1.25
  2012.1013           -3.90            1.37
  2012.1041            1.85            1.50
  2012.1068          -13.54            1.26
  2012.1096          -12.52            1.21
  2012.1123          -16.24            1.14
  2012.1151           -9.82            1.18
  2012.1178           -1.40            1.30
  2012.1206           -6.31            1.28
  2012.1233           -2.50            1.25
  2012.1260            1.26            1.25
  2012.1288          -12.69            1.25
  2012.1315           -5.69            1.49
  2012.1343           -5.99            1.43
  2012.1370           -9.09            1.35
  2012.1398          -10.89            1.21
  2012.1425          -15.83            1.18
  2012.1453           -9.62            1.14
  2012.1479           -9.47            1.12
  2012.1506          -10.14            1.23
  2012.1534           -8.82            1.30
  2012.1561           -5.38            1.29
  2012.1589           -2.30            1.27
  2012.1616           -3.01            1.20
  2012.1644           -8.44            1.22
  2012.1671          -14.80            1.28
  2012.1699           -4.76            1.18
  2012.1726          -10.28            1.34
  2012.1753          -10.15            1.18
  2012.1781           -2.37            1.42
  2012.1808          -11.26            1.27
  2012.1836           -4.17            1.34
  2012.1863          -11.82            1.18
  2012.1891          -13.47            1.23
  2012.1918           -7.21            1.31
  2012.1946          -12.01            1.28
  2012.1973           -8.57            1.31
  2012.2000          -14.33            1.27
  2012.2028          -16.89            1.25
  2012.2054          -16.24            1.15
  2012.2083          -12.91            1.18
  2012.2109          -14.87            1.26
  2012.2137          -11.49            1.19
  2012.2164           -7.69            1.22
  2012.2192           -8.11            1.13
  2012.2219          -17.20            1.16
  2012.2246          -22.89            1.16
  2012.2274          -13.90            1.14
  2012.2301          -17.68            1.18
  2012.2329          -13.59            1.20
  2012.2356          -21.78            1.15
  2012.2384          -13.82            1.17
  2012.2411          -11.35            1.15
  2012.2439          -18.06            1.15
  2012.2466          -15.64            1.10
  2012.2493          -13.67            1.23
  2012.2521          -12.13            1.17
  2012.2548          -13.21            1.19
  2012.2576          -13.58            1.15
  2012.2603          -16.77            1.26
  2012.2631          -22.21            1.25
  2012.2657          -14.78            1.14
  2012.2684          -18.02            1.19
  2012.2712           -9.10            1.22
  2012.2739          -12.47            1.22
  2012.2767           -5.79            1.19
  2012.2794          -10.86            1.13
  2012.2822           -8.99            1.17
  2012.2849          -13.16            1.27
  2012.2877          -12.31            1.22
  2012.2904          -12.71            1.25
  2012.2931           -7.96            1.17
  2012.2959          -17.48            1.14
  2012.2986          -11.05            1.28
  2012.3014          -14.42            1.14
  2012.3041           -9.07            1.06
  2012.3069          -22.08            1.26
  2012.3096          -19.49            1.02
  2012.3124          -16.04            1.05
  2012.3151          -13.87            1.23
  2012.3177          -13.21            1.10
  2012.3206          -21.47            1.10
  2012.3232          -17.34            1.07
  2012.3260          -14.88            1.28
  2012.3287          -19.17            1.23
  2012.3315          -16.85            1.30
  2012.3342          -13.31            1.09
  2012.3370          -14.23            1.29
  2012.3397          -13.30            1.26
  2012.3424          -10.14            1.23
  2012.3452          -20.16            1.24
  2012.3479          -12.41            1.22
  2012.3507          -19.87            1.29
  2012.3534          -13.43            1.26
  2012.3562          -14.06            1.10
  2012.3589          -17.26            1.33
  2012.3617          -15.73            1.42
  2012.3644          -12.05            1.26
  2012.3671          -12.02            1.28
  2012.3699          -12.92            1.31
  2012.3726          -13.11            1.15
  2012.3754          -15.14            1.37
  2012.3781          -15.01            1.34
  2012.3809          -18.74            1.28
  2012.3835          -21.45            1.24
  2012.3864          -14.96            1.32
  2012.3890          -14.73            1.28
  2012.3917          -14.49            1.30
  2012.3945          -17.50            1.28
  2012.3972          -18.31            1.28
  2012.4000          -16.81            1.29
  2012.4027          -17.79            1.38
  2012.4055          -11.96            1.45
  2012.4082          -16.85            1.41
  2012.4110          -13.89            1.33
  2012.4137          -19.96            1.29
  2012.4164          -16.33            1.29
  2012.4192          -20.64            1.30
  2012.4219          -14.34            1.42
  2012.4247          -17.99            1.36
  2012.4274          -17.72            1.32
  2012.4302          -20.58            1.11
  2012.4329          -24.46            1.24
  2012.4357          -22.46            1.20
  2012.4384          -25.60            1.20
  2012.4410          -17.62            1.36
  2012.4438          -12.75            1.24
  2012.4465          -18.26            1.37
  2012.4493          -18.00            1.34
  2012.4520          -17.04            1.42
  2012.4548          -21.05            1.28
  2012.4575          -22.16            1.31
  2012.4603          -25.56            1.30
  2012.4630          -24.17            1.35
  2012.4657          -16.84            1.27
  2012.4685          -23.82            1.25
  2012.4712          -25.95            1.20
  2012.4740          -14.93            1.29
  2012.4767          -14.32            1.11
  2012.4795          -21.15            1.27
  2012.4822          -16.92            1.25
  2012.4850          -23.35            1.25
  2012.4877          -16.90            1.08
  2012.4904          -22.82            1.14
  2012.4932          -15.89            1.31
  2012.4958          -16.06            1.33
  2012.4987          -14.25            1.33
  2012.5013          -19.76            1.35
  2012.5042          -20.54            1.31
  2012.5068          -21.55            1.26
  2012.5096          -16.76            1.16
  2012.5123          -18.40            1.39
  2012.5150          -23.29            1.14
  2012.5178          -17.93            1.08
  2012.5205          -13.04            1.29
  2012.5233          -19.48            1.32
  2012.5260          -19.72            1.25
  2012.5288          -19.09            1.27
  2012.5315          -21.56            1.10
  2012.5343          -21.33            1.08
  2012.5370          -30.81            1.19
  2012.5397          -27.52            1.24
  2012.5425          -17.95            1.27
  2012.5452          -13.63            1.28
  2012.5480          -12.46            1.33
  2012.5507          -13.14            1.37
  2012.5535          -14.82            1.27
  2012.5562          -12.64            1.28
  2012.5590          -15.11            1.28
  2012.5616          -17.66            1.28
  2012.5643          -18.54            1.26
  2012.5671          -17.10            1.26
  2012.5698          -14.43            1.09
  2012.5726          -21.18            1.27
  2012.5753          -18.36            1.25
  2012.5781          -17.50            1.27
  2012.5808          -18.51            1.25
  2012.5836          -17.27            1.25
  2012.5863          -20.09            1.34
  2012.5890          -17.55            1.29
  2012.5918          -17.42            1.28
  2012.5945          -20.99            1.26
  2012.5973          -28.34            1.97
  2012.6000          -18.41            1.29
  2012.6028          -13.16            1.29
  2012.6055          -16.52            1.36
  2012.6083          -12.71            1.34
  2012.6110          -17.00            1.23
  2012.6136          -13.51            1.34
  2012.6165          -18.98            1.35
  2012.6191          -16.72            1.33
  2012.6219          -16.09            1.42
  2012.6246          -22.06            1.40
  2012.6274          -20.68            1.37
  2012.6301          -19.71            1.44
  2012.6329          -20.11            1.34
  2012.6356          -25.31            1.36
  2012.6383          -23.26            1.34
  2012.6411          -21.11            1.35
  2012.6438          -16.42            1.38
  2012.6466          -15.80            1.37
  2012.6493          -28.66            1.31
  2012.6521          -32.98            1.33
  2012.6548          -32.25            1.25
  2012.6576          -28.37            1.25
  2012.6603          -25.13            1.31
  2012.6630          -21.44            1.17
  2012.6658          -20.57            1.28
  2012.6685          -24.28            1.34
  2012.6713          -25.48            1.34
  2012.6740          -25.36            1.40
  2012.6768          -27.43            1.40
  2012.6794          -27.55            1.35
  2012.6823          -26.15            1.44
  2012.6849          -23.21            1.37
  2012.6876          -27.65            1.43
  2012.6904          -24.85            1.35
  2012.6931          -25.47            1.33
  2012.6959          -18.88            1.30
  2012.6986          -23.38            1.11
  2012.7014          -27.66            1.34
  2012.7041          -28.14            1.44
  2012.7069          -22.64            1.15
  2012.7096          -23.42            1.37
  2012.7123          -29.65            1.38
  2012.7151          -30.69            1.42
  2012.7178          -22.00            1.44
  2012.7206          -26.53            1.36
  2012.7233          -23.49            1.40
  2012.7261          -26.54            1.39
  2012.7288          -22.87            1.33
  2012.7316          -25.40            1.34
  2012.7343          -31.14            1.45
  2012.7369          -33.94            1.51
  2012.7397          -27.89            1.38
  2012.7424          -20.95            1.35
  2012.7452          -17.91            1.42
  2012.7479          -29.46            1.47
  2012.7507          -16.35            1.50
  2012.7534          -15.62            1.62
  2012.7561          -25.15            1.28
  2012.7589          -21.96            1.25
  2012.7616          -21.68            1.49
  2012.7644          -18.03            1.43
  2012.7671          -21.00            1.36
  2012.7699          -24.42            1.53
  2012.7726          -27.50            1.42
  2012.7754          -23.65            1.38
  2012.7781          -25.63            1.14
  2012.7808          -25.26            1.33
  2012.7836          -32.12            1.28
  2012.7863          -28.34            1.28
  2012.7891          -17.08            1.38
  2012.7917          -18.58            1.26
  2012.7946          -27.40            1.48
  2012.7972          -22.46            1.21
  2012.8000          -20.67            1.16
  2012.8027          -13.97            1.31
  2012.8054          -28.09            1.54
  2012.8082          -22.15            1.60
  2012.8109          -26.56            1.47
  2012.8137          -20.85            1.36
  2012.8164          -15.24            1.24
  2012.8192          -17.41            1.29
  2012.8219          -20.98            1.36
  2012.8247          -15.38            1.37
  2012.8274          -16.61            1.31
  2012.8301          -18.28            1.52
  2012.8329          -16.91            1.34
  2012.8356          -13.88            1.26
  2012.8384          -18.21            1.23
  2012.8411          -16.21            1.17
  2012.8439          -14.10            1.42
  2012.8466          -19.22            1.28
  2012.8494          -11.23            1.50
  2012.8521          -11.78            1.30
  2012.8547           -6.79            1.50
  2012.8575           -9.98            1.36
  2012.8602           -4.92            1.60
  2012.8630          -16.70            1.38
  2012.8657          -20.97            1.28
  2012.8685          -18.72            1.30
  2012.8712          -14.46            1.21
  2012.8740          -17.54            1.45
  2012.8767          -13.79            1.29
  2012.8794          -17.35            1.30
  2012.8822          -11.92            1.30
  2012.8849          -12.14            1.29
  2012.8877          -15.05            1.17
  2012.8904          -20.35            1.20
  2012.8932          -13.30            1.34
  2012.8959          -25.72            1.34
  2012.8987          -16.96            1.25
  2012.9014          -18.71            1.26
  2012.9041          -14.45            4.72
  2012.9069          -18.26            1.25
  2012.9095          -15.34            1.23
  2012.9124          -18.30            1.26
  2012.9150          -19.77            1.49
  2012.9178          -10.27            1.28
  2012.9205          -17.59            1.26
  2012.9233          -11.43            2.03
  2012.9260          -13.06            1.46
  2012.9287          -16.96            1.31
  2012.9315          -10.26            1.41
  2012.9342          -14.04            1.57
  2012.9370          -13.35            1.36
  2012.9397          -13.49            1.25
  2012.9425           -8.54            1.22
  2012.9452           -6.69            1.34
  2012.9480           -9.30            1.28
  2012.9507           -7.21            1.33
  2012.9534          -15.36            1.23
  2012.9562           -9.66            1.29
  2012.9589          -13.89            1.30
  2012.9617           -5.45            1.39
  2012.9644          -12.06            1.29
  2012.9672          -22.40            1.53
  2012.9698          -10.68            1.54
  2012.9727          -15.20            1.41
  2012.9753          -19.47            1.29
  2012.9780          -16.69            1.29
  2012.9808          -15.93            1.31
  2012.9835           -5.68            1.64
  2012.9863           -8.98            1.42
  2012.9890          -24.92            1.36
  2012.9918          -18.04            1.18
  2012.9945          -14.71            1.19
  2012.9973          -20.69            1.18
  2013.0000          -20.54            1.26
  2013.0027          -19.20            1.43
  2013.0027          -24.30            1.29
  2013.0082          -19.51            1.18
  2013.0110          -15.20            1.19
  2013.0137          -20.21            1.45
  2013.0165          -10.11            1.31
  2013.0192          -14.79            1.32
  2013.0220          -12.85            1.34
  2013.0247          -18.15            1.46
  2013.0273          -15.42            1.16
  2013.0302          -13.38            1.29
  2013.0328          -11.69            1.24
  2013.0356          -13.19            1.21
  2013.0383          -14.33            1.36
  2013.0411          -18.90            1.28
  2013.0438           -8.19            1.50
  2013.0466          -19.31            1.45
  2013.0493          -18.58            1.43
  2013.0520          -15.68            1.38
  2013.0548          -20.15            1.13
  2013.0575          -13.51            1.23
  2013.0603          -14.16            1.49
  2013.0630          -13.68            1.22
  2013.0658           -5.44            1.48
  2013.0685          -20.25            1.40
  2013.0713          -16.05            1.30
  2013.0740          -15.93            1.35
  2013.0767          -12.63            1.22
  2013.0795          -11.79            1.37
  2013.0822          -14.51            1.21
  2013.0850          -16.08            1.22
  2013.0876          -24.89            1.31
  2013.0905          -11.10            1.49
  2013.0931          -18.51            1.19
  2013.0959          -13.97            1.15
  2013.1013          -15.12            1.31
  2013.1206          -15.28            1.41
  2013.1233          -14.78            1.56
  2013.1315          -15.12            1.47
  2013.1343          -21.62            1.32
  2013.1370          -21.86            1.28
  2013.2356          -14.56            1.31
  2013.2384          -20.70            1.26
  2013.2466          -26.06            1.37
  2013.2493          -13.97            1.26
  2013.2548          -32.49            1.15
  2013.2712          -21.50            1.30
  2013.2794          -26.38            1.10
  2013.2822          -29.81            1.04
  2013.2849          -20.63            1.06
  2013.2877          -24.23            1.05
  2013.2904          -21.13            1.05
  2013.2931          -21.16            1.04
  2013.2959          -20.45            1.10
  2013.2986          -17.63            1.05
  2013.3014          -16.81            1.08
  2013.3041          -14.96            1.10
  2013.3069          -18.09            1.14
  2013.3096          -19.51            1.11
  2013.3124          -19.32            1.12
  2013.3151          -19.16            1.05
  2013.3177          -15.01            1.12
  2013.3206          -20.08            1.10
  2013.3232           -9.67            1.16
  2013.3479          -22.92            1.13
  2013.3562          -17.53            1.16
  2013.3589          -21.85            1.29
  2013.3617          -17.19            2.52
  2013.3644          -22.53            1.28
  2013.3671          -25.59            1.28
  2013.3699          -31.09            1.22
  2013.3945          -18.97            1.26
  2013.4000          -17.71            1.29
  2013.4027          -20.12            1.38
  2013.4055          -18.98            1.45
  2013.4082          -21.37            1.26
  2013.4110          -19.01            1.27
  2013.4137          -13.60            1.17
  2013.4164           -7.27            1.10
  2013.4192          -18.77            1.10
  2013.4219          -19.53            0.99
  2013.4247           -9.68            1.12
  2013.4274          -24.50            1.10
  2013.4302          -21.35            1.03
  2013.4329          -11.90            1.06
  2013.4357          -23.50            1.01
  2013.4384          -18.08            1.06
  2013.4410          -18.69            1.04
  2013.4438          -14.84            1.06
  2013.4465          -20.33            1.08
  2013.4493          -15.41            1.07
  2013.4520          -23.16            1.07
  2013.4548          -12.18            1.16
  2013.4575          -19.84            1.11
  2013.4603          -17.95            1.06
  2013.4630          -15.59            1.07
  2013.4657          -22.09            1.06
  2013.4685          -12.61            1.05
  2013.4712          -18.75            1.13
  2013.4740          -20.25            1.24
  2013.4767          -15.66            1.26
  2013.4795          -16.04            1.24
  2013.4822          -14.53            1.23
  2013.4850          -18.10            1.28
  2013.4877          -20.07            1.37
  2013.4904          -12.94            1.37
  2013.4932          -15.43            1.13
  2013.4958          -20.95            1.25
  2013.4987          -22.52            1.20
  2013.5013          -13.23            1.28
  2013.5042          -10.79            1.30
  2013.5068          -14.82            1.31
  2013.5096          -17.05            1.29
  2013.5123          -22.85            1.23
  2013.5150          -23.43            1.22
  2013.5178          -20.11            1.23
  2013.5205          -13.91            1.15
  2013.5233          -18.74            1.27
  2013.5260          -18.94            1.24
  2013.5288          -21.36            1.21
  2013.5315          -18.38            1.31
  2013.5343          -22.17            1.27
  2013.5370          -19.20            1.12
  2013.5397          -16.13            1.20
  2013.5425          -22.91            1.12
  2013.5452          -30.62            1.25
  2013.5480          -26.97            1.23
  2013.5507          -28.90            1.30
  2013.5535          -29.45            1.20
  2013.5562          -25.26            1.18
  2013.5590          -18.82            1.04
  2013.5616          -19.58            1.16
  2013.5643          -16.00            0.99
  2013.5671          -18.20            1.30
  2013.5698          -19.01            1.02
  2013.5726          -19.09            1.17
  2013.5753          -22.09            1.17
  2013.5781          -12.12            1.24
  2013.5808          -14.66            1.19
  2013.5836          -17.29            1.15
  2013.5863          -16.27            1.02
  2013.5890          -17.41            1.25
  2013.5918          -20.09            1.32
  2013.5945          -13.34            1.26
  2013.5973          -15.75            1.28
  2013.6000          -10.42            1.33
  2013.6028          -20.85            1.24
  2013.6055          -21.18            1.01
  2013.6083          -14.36            1.05
  2013.6110          -15.98            1.18
  2013.6136          -24.20            1.11
  2013.6165          -23.40            0.98
  2013.6191          -18.38            1.09
  2013.6219          -15.43            1.17
  2013.6246          -16.92            1.12
  2013.6274          -20.30            1.09
  2013.6301          -20.67            1.13
  2013.6329          -21.23            1.18
  2013.6356          -21.36            1.15
  2013.6383          -10.08            1.17
  2013.6411          -21.35            1.03
  2013.6438          -27.60            1.17
  2013.6466          -23.43            1.33
  2013.6493          -23.15            1.10
  2013.6521          -22.72            1.27
  2013.6548          -16.03            1.07
  2013.6576          -18.66            1.15
  2013.6603          -16.36            1.08
  2013.6630          -17.42            1.15
  2013.6658          -17.90            1.25
  2013.6685          -23.81            1.17
  2013.6713          -18.62            1.19
  2013.6740          -25.14            1.22
  2013.6768          -13.98            1.22
  2013.6794          -11.45            1.34
  2013.6823          -16.74            1.33
  2013.6849          -14.30            1.35
  2013.6876          -16.21            1.37
  2013.6904          -13.59            1.21
  2013.6931          -11.46            1.33
  2013.6959          -21.68            1.31
  2013.6986          -21.08            1.21
  2013.7014          -20.54            1.14
  2013.7041          -29.09            1.30
  2013.7069          -25.09            1.20
  2013.7096          -22.26            1.17
  2013.7123          -26.77            1.21
  2013.8054          -19.06            1.25
  2013.8082          -19.18            1.21
  2013.8109          -15.80            1.19
  2013.8137          -16.27            1.25
  2013.8164          -11.50            1.26
  2013.8192          -11.95            1.06
  2013.8219          -22.65            1.14
  2013.8247          -12.14            1.15
  2013.8274          -15.79            1.18
  2013.8301           -4.96            1.16
  2013.8329           -5.82            1.15
  2013.8356           -9.94            1.14
  2013.8384           -9.92            1.07
  2013.8411           -9.93            1.05
  2013.8439          -13.36            1.06
  2013.8466          -14.39            1.09
  2013.8494          -14.11            1.25
  2013.8521          -12.98            1.16
  2013.8547          -13.95            1.14
  2013.8575          -12.01            1.14
  2013.8602          -14.68            1.19
  2013.8630           -9.43            1.15
  2013.8657          -13.95            1.14
  2013.8685          -18.23            1.13
  2013.8712          -18.59            1.19
  2013.8740          -12.28            1.20
  2013.8767          -12.85            1.07
  2013.8794           -9.91            1.07
  2013.8822          -14.25            1.14
  2013.8849          -16.63            1.11
  2013.8877          -18.99            1.17
  2013.8904          -12.72            1.11
  2013.8932           -5.39            1.15
  2013.8959          -16.96            1.17
  2013.8987          -11.81            1.20
  2013.9014           -7.82            1.14
  2013.9041          -12.63            1.08
  2013.9069           -3.64            2.32
  2013.9095           11.80            2.18
  2013.9124          -15.70            1.09
  2013.9150           -0.70            1.13
  2013.9178          -11.15            1.10
  2013.9205          -10.28            1.19
  2013.9233           -9.57            1.31
  2013.9260           -5.20            1.11
  2013.9287          -23.67            1.14
  2013.9315          -12.16            1.14
  2013.9342           -9.30            1.13
  2013.9370           -9.81            1.24
  2013.9397          -12.88            1.17
  2013.9425          -14.06            1.15
  2013.9452          -10.60            1.22
  2013.9480          -12.74            1.27
  2013.9507           -8.93            1.14
  2013.9534          -17.11            1.21
  2013.9562           -7.42            1.11
  2013.9589           -6.27            1.23
  2013.9617          -23.57            1.16
  2013.9644           -5.25            1.19
  2013.9672          -18.08            1.14
  2013.9698           -7.90            1.15
  2013.9727           -9.27            1.17
  2013.9753          -21.64            1.19
  2013.9780          -10.92            1.17
  2013.9808          -11.28            1.16
  2013.9835          -17.35            1.23
  2013.9863          -15.83            1.24
  2013.9890          -14.61            1.34
  2013.9918          -12.69            1.14
  2013.9945           -7.04            1.29
  2013.9973           -4.62            1.19
  2014.0000           -6.75            1.31
  2014.0027           -0.08            1.24
  2014.0055           -7.71            1.34
  2014.0082          -14.24            1.18
  2014.0110          -12.19            1.20
  2014.0137          -12.39            1.15
  2014.0165           -5.31            1.20
  2014.0192           -4.37            1.21
  2014.0220           -5.91            1.23
  2014.0247           -3.58            1.27
  2014.0273          -10.77            1.30
  2014.0302          -13.25            1.24
  2014.0328           -9.75            1.26
  2014.0356          -10.17            1.18
  2014.0383           -6.88            1.33
  2014.0411           -8.73            1.21
  2014.0438          -11.68            1.27
  2014.0466          -11.45            1.28
  2014.0493          -14.70            1.19
  2014.0548            2.93            1.21
  2014.0740          -13.22            1.20
  2014.0767           -6.38            1.30
  2014.0795          -12.29            1.25
  2014.0822          -19.16            1.35
  2014.0850           -7.83            1.31
  2014.0876           -0.11            1.32
  2014.0905           -8.33            1.23
  2014.0931           -6.20            1.31
  2014.0959          -14.43            1.27
  2014.0986          -14.39            1.37
  2014.1013          -13.74            1.23
  2014.1041           -7.28            1.26
  2014.1068           -0.19            1.21
  2014.1096          -10.53            1.25
  2014.1123          -14.71            1.20
  2014.1151           -9.22            1.28
  2014.1178          -15.67            1.24
  2014.1206          -14.39            1.21
  2014.1233          -18.89            1.34
  2014.1260          -12.01            1.22
  2014.1288           -9.46            1.20
  2014.1315           -4.23            1.27
  2014.1343          -15.18            1.25
  2014.1370           -8.07            1.31
  2014.1398           -9.20            1.31
  2014.1425           -7.09            1.34
  2014.1453          -12.64            1.31
  2014.1479          -11.98            1.23
  2014.1506           -9.75            1.18
  2014.1534           -9.95            1.26
  2014.1561          -17.79            1.26
  2014.1589          -10.11            1.30
  2014.1616           -8.94            1.14
  2014.1644          -13.81            1.24
  2014.1671          -11.77            1.35
  2014.1699          -12.91            1.63
  2014.1726           -9.65            1.32
  2014.1753          -20.18            1.30
  2014.1781          -11.41            1.30
  2014.1808           -8.51            1.25
  2014.1836          -10.78            1.36
  2014.1863          -12.94            1.32
  2014.1891          -15.11            1.25
  2014.1918           -8.78            1.24
  2014.1946          -12.81            1.23
  2014.1973          -11.11            1.26
  2014.2000           -5.08            1.24
  2014.2028          -16.98            1.24
  2014.2054           -5.78            1.27
  2014.2083          -13.09            1.35
  2014.2109          -16.56            1.18
  2014.2137          -14.81            1.25
  2014.2164          -10.72            1.39
  2014.2192          -23.87            1.25
  2014.2219          -17.90            1.21
  2014.2246          -12.79            1.16
  2014.2274          -17.98            1.21
  2014.2301          -18.89            1.26
  2014.2329          -13.33            1.24
  2014.2356          -18.08            1.23
  2014.2384          -19.76            1.26
  2014.2411          -17.79            1.29
  2014.2439           22.83           14.38
  2014.2466          -20.29            1.32
  2014.2493          -20.34            1.16
  2014.2521          -21.85            1.18
  2014.2548          -12.40            1.23
  2014.2576          -24.80            1.18
  2014.2603          -17.09            1.24
  2014.2631          -19.50            1.16
  2014.2657          -15.93            1.27
  2014.2684          -12.67            1.33
  2014.2712          -20.85            1.20
  2014.2739          -10.08            1.22
  2014.2767          -18.37            1.25
  2014.2794          -25.10            1.88
  2014.2822          -13.32            1.11
  2014.2849          -12.32            1.09
  2014.2877           -8.35            1.21
  2014.2904          -10.43            1.15
  2014.2931          -23.13            1.11
  2014.2959          -16.27            1.06
  2014.2986          -19.61            1.03
  2014.3014          -22.49            1.08
  2014.3041          -14.39            1.15
  2014.3069          -17.49            1.13
  2014.3096          -17.62            1.08
  2014.3124          -18.30            1.12
  2014.3151          -11.73            1.06
  2014.3177          -14.23            1.05
  2014.3206           -8.56            1.07
  2014.3232          -16.07            1.02
  2014.3260          -11.92            1.08
  2014.3287           -6.71            1.16
  2014.3315           -9.71            1.15
  2014.3342          -12.89            1.08
  2014.3370          -11.91            1.16
  2014.3397          -17.92            1.18
  2014.3424          -12.58            1.14
  2014.3452          -12.88            1.10
  2014.3479          -16.99            1.05
  2014.3507          -20.25            1.10
  2014.3534          -22.99            1.09
  2014.3562           -8.68            1.11
  2014.3589          -16.09            1.10
  2014.3617          -13.51            1.09
  2014.3644          -15.71            1.06
  2014.3671          -10.80            1.14
  2014.3699          -17.40            1.06
  2014.3726          -15.65            1.10
  2014.3754          -17.39            1.12
  2014.3781          -15.85            1.08
  2014.3809          -16.59            0.99
  2014.3835          -14.86            1.07
  2014.3864          -13.03            1.10
  2014.3890          -20.54            1.06
  2014.3917          -16.56            1.03
  2014.3945          -17.31            1.01
  2014.3972          -13.89            1.01
  2014.4000          -15.57            1.02
  2014.4027           -9.22            0.97
  2014.4055          -15.66            1.10
  2014.4082          -11.91            1.18
  2014.4110           -9.45            1.04
  2014.4137          -11.63            1.05
  2014.4164           -7.47            1.08
  2014.4192          -10.78            1.04
  2014.4219          -10.13            1.06
  2014.4247          -19.47            1.16
  2014.4274          -12.78            1.14
  2014.4302          -11.78            1.12
  2014.4329          -11.97            1.09
  2014.4357          -14.17            1.08
  2014.4384           -8.01            1.07
  2014.4410           -9.85            1.07
  2014.4438           -6.53            1.30
  2014.4465          -10.31            1.16
  2014.4493          -18.13            1.13
  2014.4520          -12.71            1.09
  2014.4548          -13.16            1.07
  2014.4575          -17.54            1.02
  2014.4603          -22.78            1.00
