  2008.0027            0.00            1.52
  2008.0055            2.81            1.57
  2008.0082            3.80            1.61
  2008.0110            4.72            1.41
  2008.0137            2.72            1.46
  2008.0165            4.25            1.59
  2008.0192            3.02            1.60
  2008.0220            5.12            1.66
  2008.0247            3.17            1.68
  2008.0273            4.86            1.76
  2008.0302            9.44            1.52
  2008.0328            5.57            1.59
  2008.0356            3.70            1.64
  2008.0383            2.30            1.51
  2008.0411            3.86            1.58
  2008.0438            4.92            1.65
  2008.0466            5.97            1.49
  2008.0493            3.27            1.62
  2008.0520            5.13            1.47
  2008.0548            7.14            1.53
  2008.0575            5.73            1.55
  2008.0603            5.51            1.54
  2008.0630            6.82            1.51
  2008.0658            4.07            1.53
  2008.0685            3.65            1.49
  2008.0713            3.71            1.53
  2008.0740            4.66            1.44
  2008.0767            3.37            1.47
  2008.0795            3.31            1.48
  2008.0822            4.55            1.46
  2008.0850            4.26            1.54
  2008.0876            3.95            1.50
  2008.0905            5.95            1.48
  2008.0931            4.45            1.53
  2008.0959            3.41            1.55
  2008.0986            3.42            1.59
  2008.1013            1.73            1.55
  2008.1041            4.17            1.55
  2008.1068            3.42            1.49
  2008.1096            3.13            1.56
  2008.1123            3.85            1.46
  2008.1151            2.87            1.56
  2008.1178            3.60            1.45
  2008.1206            3.11            1.46
  2008.1233            3.37            1.49
  2008.1260            3.00            1.47
  2008.1288            4.42            1.57
  2008.1315            2.21            1.63
  2008.1343            2.23            1.60
  2008.1370            4.36            1.58
  2008.1398            1.63            1.60
  2008.1425            3.30            1.63
  2008.1453           -1.66            1.48
  2008.1479            5.18            1.51
  2008.1506            5.66            1.55
  2008.1534            4.15            1.59
  2008.1561            3.58            1.54
  2008.1589            2.86            1.47
  2008.1616            0.86            1.57
  2008.1644            1.88            1.51
  2008.1671            1.28            1.46
  2008.1699            1.12            1.48
  2008.1726            2.10            1.48
  2008.1753            3.37            1.40
  2008.1781            2.50            1.41
  2008.1808            3.04            1.45
  2008.1836            3.26            1.44
  2008.1863            1.02            1.41
  2008.1891           -0.60            1.48
  2008.1918            3.20            1.45
  2008.1946            3.46            1.42
  2008.1973            3.26            1.43
  2008.2000            1.57            1.40
  2008.2028            2.39            1.41
  2008.2054            1.78            1.45
  2008.2083            1.12            2.00
  2008.2109            2.01            1.47
  2008.2137            2.19            1.48
  2008.2164            1.95            1.47
  2008.2192            2.60            1.37
  2008.2219            2.44            1.39
  2008.2246            3.86            1.41
  2008.2274            2.45            1.40
  2008.2301            1.73            1.39
  2008.2329            2.56            1.41
  2008.2356            3.34            1.44
  2008.2384            2.93            1.50
  2008.2411            1.35            1.40
  2008.2439            1.84            1.42
  2008.2466            2.04            1.37
  2008.2493            2.41            1.39
  2008.2521            3.48            1.43
  2008.2548            2.44            1.39
  2008.2576            2.07            1.41
  2008.2603            0.79            1.41
  2008.2631            2.76            1.33
  2008.2657            2.63            1.37
  2008.2684            2.32            1.41
  2008.2712            2.91            1.38
  2008.2739            3.37            1.34
  2008.2767            3.90            1.41
  2008.2794            3.25            1.43
  2008.2822            3.40            1.41
  2008.2849            2.96            1.32
  2008.2877            2.69            1.34
  2008.2904            3.29            1.34
  2008.2931            2.72            1.40
  2008.2959            3.03            1.37
  2008.2986            4.29            1.36
  2008.3014            2.79            1.31
  2008.3041            3.82            1.35
  2008.3069            2.95            1.33
  2008.3096            3.41            1.33
  2008.3124            2.97            1.34
  2008.3151            3.26            1.30
  2008.3177            2.57            1.33
  2008.3206            4.23            1.43
  2008.3232            2.54            1.46
  2008.3260            5.36            1.51
  2008.3287           -9.88           14.39
  2008.3315            3.49            1.32
  2008.3342            3.84            1.36
  2008.3370            3.31            1.44
  2008.3397            3.58            1.47
  2008.3424            4.36            1.37
  2008.3452            5.04            1.40
  2008.3479            5.11            1.41
  2008.3507            4.38            1.37
  2008.3534            5.28            1.53
  2008.3562            4.71            1.50
  2008.3589            3.76            1.36
  2008.3617            3.17            1.38
  2008.3644            3.32            1.35
  2008.3671            3.40            1.41
  2008.3699            3.83            1.79
  2008.3726            4.23            1.44
  2008.3754            4.51            1.35
  2008.3781            3.48            1.43
  2008.3809            3.48            1.50
  2008.3835            3.46            1.46
  2008.3864            3.61            1.57
  2008.3890            4.22            1.56
  2008.3917            4.14            1.49
  2008.3945            3.90            1.50
  2008.3972            3.37            1.41
  2008.4000            4.92            1.41
  2008.4027            4.42            1.48
  2008.4055            4.51            1.62
  2008.4082            6.57            1.58
  2008.4110            6.57            1.58
  2008.4137            7.26            1.38
  2008.4164            6.50            1.37
  2008.4192            6.43            1.27
  2008.4219            6.03            1.31
  2008.4247            6.85            1.63
  2008.4274            6.26            1.59
  2008.4302            6.30            1.63
  2008.4329            7.50            1.43
  2008.4357            6.90            1.32
  2008.4384            5.91            1.38
  2008.4410            7.30            1.84
  2008.4438            8.36            1.41
  2008.4493            8.15            1.25
  2008.4520            7.30            1.31
  2008.4548           10.59            1.70
  2008.4575            7.47            1.27
  2008.4603            7.15            1.41
  2008.4630            7.29            1.48
  2008.4657            7.80            1.37
  2008.4685            8.43            1.46
  2008.4712            8.78            1.31
  2008.4740            6.32            1.16
  2008.4767            6.91            1.19
  2008.4795            7.41            1.16
  2008.4822            6.31            1.15
  2008.4850            6.55            1.18
  2008.4877            6.01            1.21
  2008.4904            6.39            1.17
  2008.4932            6.58            1.16
  2008.4958            7.72            1.20
  2008.4987            8.00            1.18
  2008.5013            7.05            1.18
  2008.5042            7.89            1.14
  2008.5068            7.28            1.17
  2008.5096            8.27            1.22
  2008.5123            8.05            1.22
  2008.5150            7.48            1.18
  2008.5178            7.75            1.20
  2008.5205            6.29            1.31
  2008.5233            6.78            1.14
  2008.5260            7.58            1.18
  2008.5288            6.75            1.24
  2008.5315            7.41            1.26
  2008.5343            5.83            1.21
  2008.5370            5.70            1.23
  2008.5397            6.34            1.21
  2008.5425            5.97            1.22
  2008.5452            6.19            1.26
  2008.5480            5.50            1.16
  2008.5535            5.68            1.17
  2008.5562            5.22            1.23
  2008.5590            6.49            1.24
  2008.5616            5.03            1.23
  2008.5643            4.81            1.19
  2008.5671            4.45            1.21
  2008.5698            4.41            1.21
  2008.5726            4.71            1.20
  2008.5753            4.06            1.23
  2008.5781            3.41            1.19
  2008.5808            4.43            1.19
  2008.5836            3.82            1.14
  2008.5890            4.82            1.17
  2008.5918            4.57            1.23
  2008.5945            3.38            1.24
  2008.5973            3.89            1.22
  2008.6000            4.84            1.22
  2008.6028            3.20            1.24
  2008.6055            3.59            1.18
  2008.6083            3.87            1.17
  2008.6110            4.69            1.19
  2008.6136            3.47            1.23
  2008.6165            5.30            1.17
  2008.6191            4.61            1.16
  2008.6219            4.05            1.22
  2008.6246            4.29            1.25
  2008.6274            3.75            1.24
  2008.6301            5.79            1.21
  2008.6329            5.04            1.49
  2008.6356            5.37            1.17
  2008.6383            4.49            1.19
  2008.6411            5.02            1.18
  2008.6438            4.33            1.15
  2008.6466            4.45            1.18
  2008.6493            3.95            1.16
  2008.6521            5.33            1.20
  2008.6548            5.03            1.26
  2008.6576            4.27            1.28
  2008.6630            5.43            1.22
  2008.6658            4.88            1.21
  2008.6685            6.54            1.23
  2008.6713            6.80            1.24
  2008.6740            5.94            1.28
  2008.6768            7.58            1.21
  2008.6794            5.52            1.21
  2008.6823            5.77            1.25
  2008.6849            5.52            1.21
  2008.6876            0.00            1.21
  2008.6904           -0.88            1.22
  2008.6931           -0.22            1.22
  2008.6959           -0.75            1.28
  2008.6986           -0.53            1.25
  2008.7014            0.00            1.18
  2008.7041           -0.19            1.16
  2008.7069            5.63            1.20
  2008.7096            5.92            1.20
  2008.7123            5.91            1.20
  2008.7151            5.23            1.22
  2008.7178            4.92            1.20
  2008.7206            5.90            1.20
  2008.7233            6.65            1.21
  2008.7261            5.79            1.17
  2008.7288            5.34            1.21
  2008.7316            4.67            1.21
  2008.7343            5.84            1.17
  2008.7369            4.95            1.16
  2008.7397            6.70            1.25
  2008.7424            4.11            1.26
  2008.7452            5.21            1.26
  2008.7479            6.35            1.20
  2008.7507            6.89            1.21
  2008.7534            6.24            1.29
  2008.7561            4.75            1.28
  2008.7589            5.87            1.28
  2008.7616            5.74            1.26
  2008.7644            4.81            1.24
  2008.7671            5.47            1.24
  2008.7699            5.74            1.22
  2008.7726            4.83            1.28
  2008.7754            5.25            1.27
  2008.7781            3.09            1.42
  2008.7808            4.55            1.35
  2008.7836            6.50            3.06
  2008.7863            5.81            1.24
  2008.7891            5.82            1.28
  2008.7917            6.11            1.40
  2008.7946            4.99            1.29
  2008.7972            5.08            1.26
  2008.8000            5.35            1.31
  2008.8027            6.09            1.33
  2008.8054            6.36            1.28
  2008.8082            6.31            1.33
  2008.8109            6.42            1.32
  2008.8137            6.17            1.29
  2008.8164            5.91            1.31
  2008.8192            5.14            1.35
  2008.8219            5.88            1.27
  2008.8247            6.36            1.25
  2008.8274            6.44            1.30
  2008.8301            4.86            1.29
  2008.8329            6.49            1.29
  2008.8356            4.55            1.30
  2008.8384            6.04            1.34
  2008.8411            5.79            1.36
  2008.8439            6.84            1.35
  2008.8466            5.51            1.42
  2008.8494            6.37            1.37
  2008.8521            5.88            1.37
  2008.8547            5.96            1.41
  2008.8575            5.92            1.38
  2008.8602            3.95            1.38
  2008.8630            5.39            1.37
  2008.8657            5.17            1.37
  2008.8685            5.45            1.37
  2008.8712            6.23            1.34
  2008.8740            6.02            1.30
  2008.8767            4.02            1.40
  2008.8794            5.80            1.29
  2008.8822            4.14            1.34
  2008.8849            5.71            1.27
  2008.8877            4.53            1.27
  2008.8904            5.19            1.32
  2008.8932            4.26            1.28
  2008.8959            4.91            1.34
  2008.8987            5.03            1.36
  2008.9014            5.50            1.36
  2008.9041            4.87            1.36
  2008.9069            5.28            1.35
  2008.9095            4.34            1.43
  2008.9124            8.92            1.41
  2008.9150            6.08            1.34
  2008.9178            7.07            1.36
  2008.9205            6.87            1.33
  2008.9233            5.93            1.29
  2008.9260            6.35            1.30
  2008.9287            4.11            1.31
  2008.9315            5.70            1.32
  2008.9342            3.97            1.32
  2008.9370            5.89            1.33
  2008.9397            5.66            1.45
  2008.9425            6.96            1.57
  2008.9452            9.46            1.27
  2008.9480            6.11            1.30
  2008.9507            5.73            1.31
  2008.9534            5.88            1.35
  2008.9562            6.46            1.31
  2008.9589            5.50            1.30
  2008.9617            6.50            1.33
  2008.9644            5.23            1.36
  2008.9672            6.11            1.32
  2008.9698            5.85            1.31
  2008.9727            7.04            1.37
  2008.9753            9.45            1.36
  2008.9780            7.63            1.30
  2008.9808            6.48            1.28
  2008.9835            4.84            1.32
  2008.9863            6.88            1.34
  2008.9890            6.84            1.34
  2008.9918            5.57            1.34
  2008.9945            3.63            1.49
  2008.9973            9.39            1.55
  2009.0000            6.66            1.49
  2009.0027            5.06            1.43
  2009.0027            5.93            1.46
  2009.0055            5.83            1.50
  2009.0082            7.79            1.56
  2009.0110            8.20            1.50
  2009.0137            6.29            1.53
  2009.0165            5.38            1.56
  2009.0192            5.00            1.50
  2009.0220            6.99            1.39
  2009.0247            5.84            1.43
  2009.0273            5.09            1.41
  2009.0302            3.47            1.42
  2009.0328            5.47            1.58
  2009.0356            3.79            1.54
  2009.0383            4.61            1.54
  2009.0411            4.81            1.58
  2009.0438            7.10            1.55
  2009.0466            5.96            1.56
  2009.0493            4.91            1.39
  2009.0520            4.60            1.26
  2009.0548            3.35            1.35
  2009.0575            3.18            1.34
  2009.0603            2.54            1.36
  2009.0630            3.16            1.35
  2009.0658            2.85            1.38
  2009.0685            1.77            1.40
  2009.0713            4.31            1.45
  2009.0740            4.05            1.64
  2009.0767            4.35            1.49
  2009.0795            3.67            1.43
  2009.0822            4.40            1.53
  2009.0850            3.14            1.52
  2009.0876            5.03            1.48
  2009.0905            2.90            1.38
  2009.0931            4.47            1.52
  2009.0959            5.68            1.54
  2009.0986            6.27            1.59
  2009.1013            4.65            1.49
  2009.1041            7.78            1.48
  2009.1068            5.59            1.52
  2009.1096            6.95            1.63
  2009.1123            4.51            1.61
  2009.1151            9.08            1.49
  2009.1178            8.65            1.42
  2009.1206            7.54            1.39
  2009.1233            7.25            1.52
  2009.1260            8.76            1.49
  2009.1288           10.45            1.48
  2009.1315            9.60            1.82
  2009.1343            8.38            1.48
  2009.1370           11.15            1.47
  2009.1398            8.07            1.53
  2009.1425            9.16            1.45
  2009.1453            6.80            1.50
  2009.1479            6.91            1.43
  2009.1506            6.84            1.35
  2009.1534            5.47            1.42
  2009.1561            6.93            1.42
  2009.1589            5.80            1.50
  2009.1616            5.67            1.46
  2009.1644            5.32            2.68
  2009.1671            6.76            1.46
  2009.1699            5.84            1.35
  2009.1726            4.70            1.43
  2009.1753            4.78            1.27
  2009.1781            4.42            1.24
  2009.1808            5.88            1.31
  2009.1836            3.00            1.27
  2009.1863            2.77            1.25
  2009.1891            2.95            1.22
  2009.1918            2.94            1.28
  2009.1946            3.67            1.22
  2009.1973            3.75            1.22
  2009.2000            3.30            1.23
  2009.2028            5.91            1.17
  2009.2054            5.45            1.36
  2009.2083            3.68            1.17
  2009.2109            1.69            1.24
  2009.2137            3.79            1.22
  2009.2164            4.62            1.20
  2009.2192            4.21            1.20
  2009.2219            5.29            1.32
  2009.2246            4.73            1.41
  2009.2274            3.65            1.41
  2009.2301            3.09            1.27
  2009.2329            2.43            1.23
  2009.2356            3.43            1.25
  2009.2384            2.48            1.35
  2009.2411            2.77            1.27
  2009.2439            3.95            1.25
  2009.2466            3.96            1.29
  2009.2493            5.30            1.35
  2009.2521            5.00            1.30
  2009.2548            4.91            1.36
  2009.2576            7.88            1.37
  2009.2603            5.79            2.52
  2009.2631            3.71            1.23
  2009.2657            4.44            1.33
  2009.2684            4.34            1.39
  2009.2712            3.66            1.31
  2009.2739            4.16            1.30
  2009.2767            3.03            1.25
  2009.2794            6.38            1.44
  2009.2822            4.95            1.97
  2009.2849            6.10            1.30
  2009.2877            4.47            1.31
  2009.2904            4.18            1.36
  2009.2931            5.40            1.38
  2009.2959            5.56            1.35
  2009.2986            7.10            1.29
  2009.3014            6.48            1.33
  2009.3069            6.68            1.53
  2009.3096            5.39            1.45
  2009.3124            7.28            1.37
  2009.3151            6.89            1.38
  2009.3177            5.87            1.21
  2009.3206            6.40            1.35
  2009.3232            5.91            1.33
  2009.3260            6.27            1.29
  2009.3315            5.84            1.30
  2009.3342            5.29            1.27
  2009.3370            5.50            1.31
  2009.3397            5.98            1.40
  2009.3424            4.87            1.29
  2009.3452            5.51            1.33
  2009.3479            5.69            1.24
  2009.3507            5.73            1.25
  2009.3534            6.96            1.24
  2009.3562            5.07            1.27
  2009.3589            4.59            1.32
  2009.3617            6.16            1.30
  2009.3644            6.92            1.25
  2009.3671            8.23            1.22
  2009.3699            8.32            1.30
  2009.3726            8.22            1.29
  2009.3754            6.51            1.22
  2009.3781            7.44            1.21
  2009.3809            6.73            1.21
  2009.3835            6.63            1.27
  2009.3864            4.74            1.22
  2009.3890            7.46            1.22
  2009.3917            7.14            1.25
  2009.3945            7.70            1.31
  2009.3972            7.87            1.33
  2009.4000            7.66            1.21
  2009.4027            7.07            1.23
  2009.4055            7.91            1.36
  2009.4082            7.20            1.27
  2009.4110            7.49            1.28
  2009.4137            7.99            1.27
  2009.4164            7.47            1.41
  2009.4192            7.64            1.26
  2009.4219            6.54            1.19
  2009.4247            7.09            1.25
  2009.4274            6.61            1.18
  2009.4302            7.62            1.19
  2009.4329            8.03            1.20
  2009.4357            6.78            1.24
  2009.4384            8.62            1.27
  2009.4410            7.10            1.18
  2009.4438            8.63            1.15
  2009.4465            7.88            1.15
  2009.4493            7.90            1.20
  2009.4520            6.35            1.27
  2009.4548            6.13            1.24
  2009.4575            6.47            1.25
  2009.4603            6.93            1.35
  2009.4630            6.54            1.29
  2009.4657            6.59            1.19
  2009.4685            5.50            1.22
  2009.4712            7.86            1.21
  2009.4740            7.03            1.21
  2009.4767            7.29            1.42
  2009.4795            7.48            1.20
  2009.4822            6.72            1.25
  2009.4850            8.01            1.24
  2009.4877            7.17            1.22
  2009.4904            6.08            1.43
  2009.4932            7.67            1.24
  2009.4958            6.37            1.33
  2009.4987            7.23            1.21
  2009.5013            6.91            1.13
  2009.5042            7.07            1.25
  2009.5068            6.91            1.24
  2009.5096            6.33            1.26
  2009.5123            6.57            1.24
  2009.5150            6.54            1.20
  2009.5178            6.71            1.18
  2009.5205            6.20            1.17
  2009.5233            5.43            1.16
  2009.5260            6.70            1.19
  2009.5288            6.15            1.21
  2009.5315            6.08            1.15
  2009.5343            6.39            1.18
  2009.5370            4.90            1.15
  2009.5397            5.54            1.11
  2009.5425            5.73            1.12
  2009.5452            5.28            1.29
  2009.5535            3.88            1.31
  2009.5562            4.12            1.22
  2009.5590            4.17            1.20
  2009.5726            3.36            2.88
  2009.5753            4.04            1.16
  2009.5781            4.92            1.03
  2009.5808            3.97            1.06
  2009.5836            3.41            1.04
  2009.5863            2.94            1.04
  2009.5890            2.85            1.05
  2009.5918            2.47            1.16
  2009.5945            3.37            1.10
  2009.5973            2.96            1.09
  2009.6000            2.70            1.07
  2009.6028            1.57            1.13
  2009.6055            4.05            1.09
  2009.6083            3.92            1.05
  2009.6110            4.79            1.16
  2009.6136            4.59            1.17
  2009.6165            3.09            1.15
  2009.6191            4.67            1.13
  2009.6219            4.39            1.39
  2009.6246            5.01            1.19
  2009.6274            3.82            1.17
  2009.6301            3.75            1.16
  2009.6329            4.15            1.15
  2009.6356            4.39            1.10
  2009.6383            3.90            1.14
  2009.6411            3.17            1.13
  2009.6438            2.46            1.09
  2009.6466            3.52            1.09
  2009.6493            4.31            1.13
  2009.6521            3.64            1.15
  2009.6548            3.96            1.06
  2009.6576            4.74            1.07
  2009.6603            3.66            1.09
  2009.6630            4.28            1.12
  2009.6658            3.37            1.10
  2009.6685            5.35            1.22
  2009.6713            4.66            1.11
  2009.6740            3.88            1.08
  2009.6768            4.60            1.09
  2009.6794            4.73            1.16
  2009.6823            5.66            1.23
  2009.6849            6.33            1.13
  2009.6876            6.50            1.09
  2009.6904            4.58            1.03
  2009.6931            4.13            1.05
  2009.6959            3.96            1.07
  2009.6986            3.81            1.06
  2009.7014            4.75            1.05
  2009.7041            4.25            1.06
  2009.7069            4.40            1.07
  2009.7096            4.42            1.10
  2009.7123            5.31            1.18
  2009.7151            5.07            1.15
  2009.7178            6.50            1.11
  2009.7206            5.76            1.10
  2009.7233            5.18            1.11
  2009.7261            5.29            1.14
  2009.7288            5.97            1.10
  2009.7316            4.39            1.09
  2009.7343            5.17            1.09
  2009.7369            5.03            1.16
  2009.7397            5.42            1.17
  2009.7424            5.28            1.14
  2009.7452            4.68            1.13
  2009.7479            3.43            1.15
  2009.7507            3.54            1.13
  2009.7534            4.63            1.17
  2009.7561            4.37            1.14
  2009.7589            3.63            1.17
  2009.7616            2.82            1.22
  2009.7644            4.67            1.11
  2009.7671            4.35            1.13
  2009.7699            3.60            1.10
  2009.7726            3.53            1.19
  2009.7754            3.89            1.31
  2009.7781            5.72            1.24
  2009.7808            5.97            1.18
  2009.7836            4.60            1.18
  2009.7863            6.35            1.33
  2009.7891            5.15            1.40
  2009.7917            4.76            1.15
  2009.7946            5.36            1.18
  2009.7972            3.44            1.22
  2009.8000            3.03            1.37
  2009.8027            2.02            1.18
  2009.8054            3.19            1.18
  2009.8082            2.77            1.21
  2009.8109            2.81            1.30
  2009.8137            4.16            1.30
  2009.8164            5.05            1.17
  2009.8192            5.37            1.25
  2009.8219            5.17            1.37
  2009.8247            5.28            1.21
  2009.8274            5.30            1.30
  2009.8301            5.11            1.27
  2009.8329            5.34            1.27
  2009.8356            3.49            1.23
  2009.8384            3.63            1.29
  2009.8411            3.27            1.22
  2009.8439            4.69            1.19
  2009.8466            3.37            1.22
  2009.8494            3.17            1.21
  2009.8521            3.40            1.19
  2009.8547            3.34            1.17
  2009.8575            3.04            1.16
  2009.8602            5.56            1.23
  2009.8630            3.33            1.16
  2009.8657            3.51            1.17
  2009.8685            2.10            1.26
  2009.8712            4.07            1.32
  2009.8740            4.73            1.25
  2009.8767            2.72            1.24
  2009.8794            2.81            1.34
  2009.8822            4.46            1.50
  2009.8849            3.27            1.43
  2009.8877            2.73            1.25
  2009.8904            2.70            1.29
  2009.8932            2.45            1.25
  2009.8959            2.04            1.37
  2009.8987            3.10            1.33
  2009.9014            1.03            1.36
  2009.9041            2.28            1.36
  2009.9069            3.37            1.27
  2009.9095            3.54            1.30
  2009.9124            0.97            1.37
  2009.9150            0.96            1.30
  2009.9178            2.61            1.26
  2009.9205            1.37            1.33
  2009.9233            2.26            1.25
  2009.9260            0.69            1.22
  2009.9287            0.59            1.29
  2009.9315            2.36            1.18
  2009.9342            2.31            1.20
  2009.9370            1.20            1.19
  2009.9397            2.23            1.21
  2009.9425            2.52            1.27
  2009.9452            0.35            1.28
  2009.9480            2.04            1.27
  2009.9507            1.60            1.21
  2009.9534            1.61            1.42
  2009.9562            3.48            1.29
  2009.9589            2.36            1.19
  2009.9617            1.33            1.41
  2009.9644            1.90            1.32
  2009.9672            2.51            1.35
  2009.9698            4.38            1.32
  2009.9727            3.19            1.26
  2009.9753            2.78            1.36
  2009.9780            0.35            1.49
  2009.9808            4.17            1.44
  2009.9835            3.80            1.32
  2009.9863            5.19            1.43
  2009.9890            2.18            1.33
  2009.9918            0.43            1.37
  2009.9945            0.84            1.40
  2009.9973            1.47            1.34
  2010.0000            2.30            1.32
  2010.0027            0.51            1.23
  2010.0055           -0.14            1.26
  2010.0082            1.13            1.30
  2010.0110            2.15            1.32
  2010.0137            1.59            1.38
  2010.0165            2.06            1.28
  2010.0192            0.33            1.21
  2010.0220            1.15            1.26
  2010.0247            1.26            1.25
  2010.0273            2.24            1.48
  2010.0302            3.41            1.62
  2010.0328            1.95            1.55
  2010.0356            3.07            1.44
  2010.0383            3.70            1.41
  2010.0411            2.28            1.46
  2010.0438            0.55            1.47
  2010.0466            1.48            1.27
  2010.0493            1.93            1.33
  2010.0520            4.26            1.29
  2010.0548            2.67            1.30
  2010.0575            0.58            1.33
  2010.0603            1.63            1.32
  2010.0630            0.30            1.31
  2010.0658           -3.35            1.34
  2010.0685           -0.75            1.31
  2010.0713            2.23            1.38
  2010.0740            0.37            1.36
  2010.0767           -1.04            1.34
  2010.0795            0.54            1.32
  2010.0822            1.14            1.31
  2010.0850            2.75            1.32
  2010.0876            1.09            1.33
  2010.0905            1.17            1.35
  2010.0931            4.20            1.46
  2010.0959            4.44            1.31
  2010.0986            1.82            1.36
  2010.1013            1.62            1.39
  2010.1041           -0.72            1.39
  2010.1068            0.80            1.36
  2010.1096            1.44            1.42
  2010.1123            3.50            1.37
  2010.1151            1.49            1.45
  2010.1178            1.53            1.40
  2010.1206            1.80            1.44
  2010.1233            1.11            1.31
  2010.1260            0.34            1.36
  2010.1288           -1.04            1.35
  2010.1315            0.14            1.39
  2010.1343            0.41            1.54
  2010.1370           -1.12            1.44
  2010.1398            0.36            1.30
  2010.1425           -0.79            1.28
  2010.1453           -2.28            1.43
  2010.1479           -0.44            1.33
  2010.1506           -0.24            1.23
  2010.1534            0.43            1.40
  2010.1561           -1.22            1.35
  2010.1616          -17.91            1.32
  2010.1644          -22.24            1.27
  2010.1671          -20.42            1.33
  2010.1699          -20.33            1.25
  2010.1726          -18.96            1.25
  2010.1753          -16.44            1.28
  2010.1781          -14.37            1.21
  2010.1808          -19.78            1.33
  2010.1836          -19.52            1.36
  2010.1863          -18.45            1.34
  2010.1891          -20.54            1.29
  2010.1918          -18.65            1.25
  2010.1946          -18.63            1.29
  2010.1973          -18.50            1.37
  2010.2000          -19.26            1.28
  2010.2028          -18.63            1.22
  2010.2054          -18.52            1.22
  2010.2083          -19.58            1.24
  2010.2109          -17.93            1.30
  2010.2137          -17.02            1.25
  2010.2164          -16.22            1.38
  2010.2192          -20.66            1.42
  2010.2219          -19.17            1.26
  2010.2246          -20.53            1.22
  2010.2274          -20.27            1.22
  2010.2301          -19.39            1.20
  2010.2329          -20.08            1.29
  2010.2356          -19.78            1.24
  2010.2384          -19.22            1.31
  2010.2411          -18.45            1.34
  2010.2439          -19.55            1.26
  2010.2466          -18.48            1.36
  2010.2493          -19.66            1.45
  2010.2521          -18.21            1.31
  2010.2548          -18.73            1.23
  2010.2576          -20.20            0.88
  2010.2603          -19.62            1.25
  2010.2631          -18.66            1.25
  2010.2657          -20.38            1.25
  2010.2684          -18.18            1.24
  2010.2712          -19.25            1.21
  2010.2739          -19.76            1.28
  2010.2767          -21.47            1.26
  2010.2794          -20.85            1.30
  2010.2822          -21.58            1.27
  2010.2849          -20.39            1.24
  2010.2877          -19.13            1.26
  2010.2904          -20.07            1.33
  2010.2931          -20.14            1.28
  2010.2959          -20.14            1.29
  2010.2986          -19.09            1.23
  2010.3014          -20.44            1.20
  2010.3069          -19.34            1.19
  2010.3096          -19.50            1.23
  2010.3124          -19.71            1.21
  2010.3151          -19.52            1.23
  2010.3177          -19.39            1.36
  2010.3206          -19.00            1.24
  2010.3232          -18.69            1.31
  2010.3260          -18.67            1.27
  2010.3287          -20.14            1.37
  2010.3315          -19.35            1.25
  2010.3342          -19.40            1.40
  2010.3370          -20.43            1.18
  2010.3397          -20.38            1.13
  2010.3424          -20.37            1.26
  2010.3452          -20.84            1.23
  2010.3479          -20.20            1.12
  2010.3507          -21.00            1.15
  2010.3534          -20.83            1.13
  2010.3562          -20.53            1.17
  2010.3589          -20.36            1.19
  2010.3617          -21.52            1.76
  2010.3644          -20.39            1.21
  2010.3671          -20.89            1.22
  2010.3699          -19.78            1.18
  2010.3726          -19.32            1.18
  2010.3754          -20.60            1.16
  2010.3781          -19.46            1.20
  2010.3809          -19.57            1.17
  2010.3835          -19.46            1.16
  2010.3864          -19.15            1.16
  2010.3890          -19.40            1.28
  2010.3917          -17.53            1.26
  2010.3945          -20.56            1.16
  2010.3972          -20.17            1.16
  2010.4000          -18.63            1.23
  2010.4027          -19.69            1.14
  2010.4055          -20.18            1.21
  2010.4082          -21.51            1.22
  2010.4110          -18.66            2.66
  2010.4137          -18.58            1.13
  2010.4164          -19.40            1.12
  2010.4192          -21.13            1.16
  2010.4219          -20.02            1.18
  2010.4247          -18.94            1.20
  2010.4274          -19.38            1.16
  2010.4302          -20.36            1.16
  2010.4329          -20.11            1.12
  2010.4357          -19.62            1.10
  2010.4384          -21.04            1.16
  2010.4410          -20.92            1.15
  2010.4438          -20.93            1.21
  2010.4465          -21.06            1.19
  2010.4493          -19.73            1.14
  2010.4520          -19.56            1.33
  2010.4548          -20.32            1.14
  2010.4575          -19.39            1.18
  2010.4603          -20.30            1.37
  2010.4630          -18.83            1.37
  2010.4657          -15.70            1.37
  2010.4685          -20.93            1.13
  2010.4712          -20.33            1.18
  2010.4740          -24.00            1.24
  2010.4767          -21.86            1.25
  2010.4795          -21.89            1.24
  2010.4822          -21.87            1.13
  2010.4850          -21.86            1.15
  2010.4877          -23.48            1.15
  2010.4904          -22.12            1.20
  2010.4932          -22.01            1.11
  2010.4958          -23.58            1.13
  2010.4987          -21.85            1.14
  2010.5013          -21.69            1.15
  2010.5042          -21.57            1.17
  2010.5068          -22.25            1.16
  2010.5096          -23.29            1.19
  2010.5123          -21.18            1.26
  2010.5150          -22.89            1.24
  2010.5178          -22.27            1.19
  2010.5205          -22.47            1.12
  2010.5233          -22.04            1.20
  2010.5260          -23.60            1.25
  2010.5288          -22.12            1.14
  2010.5315          -22.23            1.08
  2010.5343          -21.95            1.11
  2010.5370          -22.19            1.16
  2010.5397          -24.36            1.14
  2010.5425          -23.65            1.14
  2010.5452          -23.14            1.11
  2010.5480          -22.00            1.16
  2010.5507          -22.35            1.16
  2010.5535          -21.67            1.16
  2010.5562          -22.39            1.20
  2010.5590          -22.28            1.23
  2010.5616          -22.30            1.25
  2010.5643          -20.67            1.24
  2010.5671          -20.75            1.17
  2010.5698          -20.94            1.20
  2010.5726          -23.89            1.24
  2010.5753          -21.35            1.21
  2010.5781          -21.16            1.30
  2010.5808          -21.18            1.28
  2010.5836          -21.16            1.20
  2010.5863          -21.40            1.14
  2010.5890          -22.00            1.17
  2010.5918          -22.46            1.13
  2010.5945          -21.94            2.36
  2010.5973          -21.79            1.15
  2010.6000          -22.07            1.12
  2010.6028          -22.27            1.12
  2010.6055          -22.37            1.14
  2010.6083          -22.09            1.14
  2010.6110          -22.23            1.19
  2010.6136          -22.77            1.13
  2010.6165          -20.53            1.11
  2010.6191          -21.71            1.10
  2010.6219          -21.91            1.13
  2010.6246          -21.61            1.21
  2010.6274          -22.89            1.29
  2010.6301          -21.87            1.18
  2010.6329          -21.39            1.13
  2010.6356          -21.82            1.12
  2010.6383          -20.08            1.29
  2010.6411           -9.60            1.14
  2011.5562          -20.99            1.64
