  2010.1918            0.00            3.29
  2010.1946           -6.48            1.23
  2010.1973           -9.45            1.23
  2010.2000          -11.79            1.16
  2010.2028          -12.66            1.13
  2010.2054          -14.22            1.17
  2010.2083          -15.58            1.18
  2010.2109          -16.06            1.21
  2010.2137          -17.69            1.17
  2010.2164          -20.33            1.30
  2010.2192          -25.04            1.34
  2010.2219          -27.36            1.21
  2010.2246          -29.48            1.21
  2010.2274          -28.52            1.14
  2010.2301          -30.12            1.11
  2010.2329          -30.73            1.19
  2010.2356          -31.71            1.16
  2010.2384          -33.86            1.18
  2010.2411          -35.21            1.21
  2010.2466          -37.61            1.26
  2010.2493          -38.87            1.24
  2010.2521          -38.02            1.19
  2010.2548          -39.71            1.12
  2010.2576          -40.83            0.78
  2010.2603          -42.14            1.11
  2010.2631          -42.57            1.19
  2010.2657          -43.40            1.17
  2010.2684          -45.86            1.09
  2010.2712          -47.27            1.12
  2010.2739          -47.79            1.36
  2010.2767          -51.36            2.17
  2010.2794          -52.79            1.16
  2010.2822          -51.62            1.13
  2010.2849          -53.19            1.14
  2010.2877          -53.32            1.16
  2010.2904          -55.26            1.23
  2010.2931          -57.61            1.19
  2010.2959          -56.96            1.20
  2010.2986          -57.98            1.16
  2010.3014          -59.18            1.14
  2010.3069          -59.69            1.13
  2010.3096          -60.37            1.17
  2010.3124          -61.39            1.15
  2010.3151          -62.24            1.13
  2010.3177          -62.62            1.14
  2010.3206          -62.89            1.13
  2010.3232          -63.07            1.16
  2010.3260          -64.70            1.14
  2010.3287          -67.63            1.22
  2010.3315          -67.48            1.18
  2010.3342          -68.25            1.27
  2010.3370          -67.64            1.13
  2010.3397          -68.74            1.07
  2010.3424          -70.48            1.17
  2010.3452          -71.47            1.13
  2010.3479          -71.20            1.12
  2010.3507          -71.34            1.07
  2010.3534          -70.99            1.05
  2010.3562          -72.71            1.07
  2010.3589          -73.39            1.10
  2010.3617          -74.33            1.74
  2010.3644          -75.14            1.12
  2010.3671          -76.33            1.16
  2010.3699          -76.11            1.11
  2010.3726          -78.23            1.12
  2010.3754          -76.86            1.10
  2010.3781          -79.14            1.13
  2010.3809          -78.34            1.08
  2010.3835          -78.94            1.10
  2010.3864          -78.38            1.09
  2010.3890          -78.73            1.17
  2010.3917          -82.16            1.11
  2010.3945          -81.61            1.12
  2010.3972          -71.57            1.12
  2010.4000          -72.76            1.12
  2010.4027          -71.77            1.08
  2010.4055          -74.72            1.13
  2010.4082          -72.76            1.13
  2010.4110          -71.91            2.42
  2010.4137          -73.07            1.06
  2010.4164          -73.05            1.05
  2010.4192          -72.75            1.09
  2010.4219          -75.04            1.07
  2010.4247          -74.82            1.10
  2010.4274          -76.28            1.04
  2010.4302          -77.48            1.03
  2010.4329          -75.92            1.10
  2010.5452         -102.21            3.73
  2010.5480         -103.01            1.05
  2010.5507         -103.78            1.09
  2010.5535         -103.69            1.09
  2010.5562         -104.37            1.13
  2010.5590         -105.88            1.16
  2010.5616         -106.29            1.17
  2010.5643         -104.33            1.14
  2010.5671         -105.39            1.08
  2010.5698         -105.90            1.13
  2010.5726         -105.70            1.13
  2010.5753         -105.88            1.13
  2010.5781         -107.35            1.17
  2010.5808         -107.97            1.15
  2010.5836         -107.66            1.08
  2010.5863         -107.29            1.05
  2010.5890         -107.85            1.07
  2010.5918         -108.64            1.04
  2010.5945         -108.49            2.21
  2010.5973         -109.34            1.06
  2010.6000         -108.85            1.04
  2010.6028         -110.39            1.04
  2010.6055         -109.95            1.03
  2010.6083         -109.14            1.04
  2010.6110         -110.97            1.08
  2010.6136         -111.45            1.03
  2010.6165         -111.17            1.02
  2010.6191         -111.42            1.02
  2010.6219         -111.55            1.04
  2010.6246         -110.26            1.11
  2010.6274         -113.67            1.19
  2010.6301         -111.53            1.07
  2010.6329         -110.72            1.04
  2010.6356         -112.74            1.04
  2010.6383         -111.82            1.15
  2010.6411         -112.93            1.07
  2010.6438         -114.27            1.07
  2010.6466         -113.35            1.05
  2010.6493         -113.44            1.04
  2010.6521         -114.83            1.09
  2010.6548         -115.05            1.07
  2010.6576         -112.93            1.09
  2010.6603         -113.30            1.01
  2010.6630         -115.30            1.08
  2010.6658         -114.91            1.05
  2010.6685         -116.34            1.06
  2010.6713         -115.12            1.07
  2010.6740         -114.67            1.16
  2010.6768         -114.20            1.09
  2010.6794         -115.28            0.99
  2010.6823         -114.82            1.01
  2010.6849         -114.74            1.02
  2010.6876         -116.59            1.04
  2010.6904         -116.12            1.03
  2010.6931         -117.15            1.04
  2010.6959         -117.20            1.08
  2010.6986         -118.53            1.05
  2010.7014         -119.11            1.03
  2010.7041         -119.41            1.04
  2010.7069         -117.70            1.15
  2010.7096         -117.69            1.05
  2010.7123         -119.54            1.02
  2010.7151         -118.63            1.08
  2010.7178         -120.25            1.03
  2010.7206         -119.20            1.03
  2010.7233         -119.18            1.03
  2010.7261         -120.75            0.99
  2010.7288         -121.11            1.01
  2010.7316         -120.79            1.00
  2010.7343         -120.94            1.02
  2010.7369         -120.76            1.11
  2010.7397         -121.99            1.08
  2010.7424         -122.61            1.06
  2010.7452         -122.51            1.00
  2010.7479         -122.80            1.06
  2010.7507         -122.70            1.07
  2010.7534         -121.98            1.03
  2010.7561         -121.93            1.12
  2010.7589         -123.26            1.02
  2010.7616         -122.59            1.04
  2010.7644         -121.62            1.04
  2010.7671         -122.39            1.04
  2010.7699         -122.31            1.05
  2010.7726         -122.32            1.04
  2010.7754         -123.72            1.03
  2010.7781         -124.12            1.01
  2010.7808         -124.67            1.07
  2010.7836         -125.55            1.09
  2010.7863         -126.59            1.17
  2010.7891         -126.50            1.04
  2010.7917         -126.25            1.01
  2010.7946         -125.71            1.02
  2010.7972         -126.06            1.03
  2010.8000         -125.92            1.03
  2010.8027         -127.38            1.07
  2010.8054         -127.61            1.05
  2010.8082         -127.68            1.07
  2010.8109         -126.91            1.04
  2010.8137         -128.67            1.02
  2010.8164         -129.16            1.02
  2010.8192         -128.24            1.07
  2010.8219         -130.51            1.08
  2010.8247         -132.24            1.10
  2010.8274         -130.96            1.14
  2010.8301         -132.61            1.03
  2010.8329         -131.36            1.09
  2010.8356         -131.30            1.05
  2010.8384         -131.00            1.08
  2010.8411         -132.54            1.06
  2010.8439         -132.19            1.05
  2010.8466         -133.32            1.05
  2010.8494         -133.55            1.11
  2010.8521         -135.16            1.17
  2010.8547         -133.32            1.08
  2010.8575         -133.66            1.03
  2010.8602         -132.77            1.05
  2010.8630         -133.64            1.01
  2010.8657         -133.77            1.04
  2010.8685         -133.28            1.15
  2010.8712         -135.28            1.09
  2010.8740         -133.83            1.07
  2010.8767         -135.74            1.08
  2010.8794         -133.98            1.08
  2010.8822         -134.40            1.09
  2010.8849         -135.52            1.14
  2010.8877         -135.82            1.14
  2010.8904         -135.84            1.14
  2010.8932         -136.63            1.12
  2011.0027         -143.30            1.07
  2011.0055         -144.95            1.09
  2011.0082         -143.00            1.18
  2011.0110         -143.05            1.16
  2011.0137         -143.19            1.07
  2011.0165         -145.32            1.07
  2011.0192         -143.79            1.07
  2011.0220         -144.81            1.09
  2011.0247         -146.04            1.09
  2011.0273         -146.62            1.08
  2011.0302         -146.16            1.10
  2011.0328         -147.88            1.11
  2011.0356         -148.35            1.15
  2011.0383         -149.26            1.09
  2011.0411         -146.87            1.15
  2011.0438         -145.86            1.19
  2011.0466         -147.87            1.06
  2011.0493         -149.67            1.24
  2011.0520         -147.82            1.16
  2011.0548         -148.63            1.16
  2011.0575         -148.13            1.12
  2011.0603         -149.07            1.14
  2011.0630         -149.53            1.10
