  2010.2411            0.00            5.44
  2010.2439           -3.06            0.97
  2010.2466           -3.74            1.05
  2010.2493           -6.04            1.01
  2010.2521           -4.85            0.99
  2010.2548           -7.87            0.93
  2010.2576           -8.26            0.66
  2010.2603           -9.97            0.93
  2010.2631          -10.30            0.97
  2010.2657          -11.70            0.95
  2010.2684          -14.11            0.91
  2010.2712          -14.95            0.92
  2010.2739          -16.53            0.98
  2010.2767          -19.33            0.95
  2010.2794          -20.90            0.97
  2010.2822          -21.39            0.93
  2010.2849          -22.92            0.91
  2010.2877          -23.45            0.93
  2010.2904          -25.95            1.32
  2010.2931          -26.75            0.96
  2010.2959          -27.03            0.97
  2010.2986          -27.77            0.93
  2010.3014          -29.16            0.91
  2010.3069          -29.98            0.91
  2010.3096          -30.49            0.95
  2010.3124          -32.13            0.90
  2010.3151          -32.97            0.89
  2010.3177          -32.80            0.90
  2010.3206          -33.59            0.90
  2010.3232          -34.16            0.92
  2010.3260          -34.57            0.89
  2010.3287          -38.75            0.95
  2010.3315          -37.67            0.92
  2010.3342          -39.19            0.99
  2010.3370          -40.08            0.90
  2010.3397          -40.57            0.87
  2010.3424          -40.56            0.95
  2010.3452          -41.81            0.90
  2010.3479          -42.23            0.89
  2010.3507          -43.77            0.85
  2010.3534          -42.66            0.89
  2010.3562          -44.40            0.87
  2010.3589          -45.14            0.88
  2010.3617          -46.44            1.43
  2010.3644          -47.95            0.93
  2010.3671          -47.24            0.97
  2010.3699          -47.81            0.93
  2010.3726          -49.00            0.93
  2010.3754          -48.13            0.93
  2010.3781          -51.02            0.90
  2010.3809          -50.46            0.89
  2010.3835          -50.93            0.90
  2010.3864          -50.88            0.93
  2010.3890          -51.83            0.99
  2010.3917          -53.93            0.95
  2010.3945          -55.00            0.95
  2010.3972          -54.95            0.95
  2010.4000          -54.19            0.94
  2010.4027          -54.77            0.93
  2010.4055          -56.44            0.95
  2010.4082          -57.12            0.96
  2010.4110          -53.25            2.04
  2010.4137          -55.97            0.88
  2010.4164          -56.80            0.90
  2010.4192          -56.04            0.93
  2010.4219          -57.95            0.90
  2010.4247          -58.60            0.92
  2010.4274          -60.27            0.90
  2010.4302          -60.75            0.88
  2010.4329          -60.89            0.88
  2010.4357          -61.16            0.84
  2010.4384          -61.22            0.90
  2010.4410          -62.09            0.89
  2010.4438          -61.03            0.93
  2010.4465          -63.45            0.98
  2010.4493          -64.12            0.92
  2010.4520          -67.29            1.05
  2010.4548          -66.04            0.91
  2010.4575          -65.48            0.92
  2010.4603          -65.34            1.10
  2010.4630          -65.94            1.11
  2010.4657          -64.55            1.03
  2010.4685          -68.61            0.89
  2010.4712          -67.23            0.92
  2010.4740          -66.41            0.90
  2010.4767          -71.26            0.98
  2010.4795          -71.32            1.08
  2010.4822          -70.82            0.92
  2010.4850          -69.67            0.89
  2010.4877          -73.62            0.92
  2010.4904          -73.34            0.92
  2010.4932          -73.74            0.90
  2010.4958          -74.76            1.20
  2010.4987          -74.31            0.90
  2010.5013          -74.68            0.86
  2010.5042          -75.13            0.89
  2010.5068          -77.69            0.92
  2010.5096          -76.69            0.90
  2010.5123          -76.34            0.98
  2010.5150          -78.13            1.35
  2010.5178          -77.13            1.03
  2010.5205          -77.39            1.16
  2010.5233          -78.02            0.92
  2010.5260          -81.29            1.01
  2010.5288          -79.78            0.89
  2010.5315          -80.96            0.85
  2010.5343          -80.75            0.87
  2010.5370          -81.01            0.91
  2010.5397          -81.70            0.91
  2010.5425          -80.22            0.89
  2010.5452          -80.95            0.85
  2010.5480          -83.36            0.88
  2010.5507          -83.23            0.90
  2010.5535          -82.58            0.96
  2010.5562          -83.41            0.94
  2010.5590          -83.77            0.98
  2010.5616          -83.98            0.98
  2010.5643          -83.30            0.96
  2010.5671          -83.06            0.89
  2010.5698          -84.19            0.92
  2010.5726          -84.93            1.17
  2010.5836          -85.57            1.09
  2010.5863          -85.99            0.88
  2010.5890          -86.27            0.88
  2010.5918          -87.13            0.86
  2010.5945          -87.54            1.79
  2010.5973          -88.09            0.89
  2010.6000          -88.01            0.85
  2010.6028          -89.03            0.86
  2010.6055          -88.55            0.86
  2010.6083          -89.59            0.84
  2010.6110          -90.34            0.89
  2010.6136          -90.16            0.84
  2010.6165          -90.91            0.83
  2010.6191          -91.29            0.83
  2010.6219          -91.45            0.85
  2010.6246          -91.37            0.91
  2010.6274          -95.85            0.98
  2010.6301          -91.36            0.88
  2010.6329          -91.93            0.84
  2010.6356          -93.50            0.85
  2010.6383          -92.60            0.97
  2010.6411          -93.64            0.88
  2010.6438          -94.86            0.87
  2010.6466          -94.75            0.87
  2010.6493          -95.06            0.87
  2010.6521          -93.37            0.91
  2010.6548          -96.24            0.90
  2010.6576          -97.16            0.89
  2010.6603          -95.53            0.82
  2010.6630          -97.43            0.89
  2010.6658          -97.69            0.85
  2010.6685          -97.07            0.85
  2010.6713          -96.21            0.89
  2010.6740          -96.01            0.98
  2010.6768          -96.55            0.89
  2010.6794          -97.02            0.81
  2010.6823          -96.56            0.83
  2010.6849          -97.15            0.82
  2010.6876          -98.22            0.83
  2010.6904          -98.13            0.83
  2010.6931          -98.46            0.83
  2010.6959          -99.94            0.89
  2010.6986         -100.60            0.85
  2010.7014         -100.98            0.85
  2010.7041         -100.12            0.86
  2010.7069         -100.61            0.96
  2010.7096          -99.96            0.85
  2010.7123         -101.02            0.82
  2010.7151         -102.04            0.88
  2010.7178         -102.48            0.91
  2010.7206         -101.87            0.83
  2010.7233         -103.38            0.88
  2010.7261         -103.19            0.81
  2010.7288         -103.39            0.80
  2010.7316         -103.33            0.81
  2010.7343         -104.00            0.84
  2010.7369         -104.60            0.92
  2010.7397         -105.87            0.92
  2010.7424         -105.37            0.88
  2010.7452         -104.35            0.84
  2010.7479         -105.73            0.88
  2010.7507         -104.97            0.90
  2010.7534         -105.95            0.84
  2010.7561         -105.34            0.93
  2010.7589         -106.53            0.86
  2010.7616         -106.58            0.86
  2010.7644         -105.81            0.87
  2010.7671         -106.73            0.85
  2010.7699         -107.39            0.86
  2010.7726         -107.30            0.84
  2010.7754         -108.78            0.85
  2010.7781         -108.50            0.84
  2010.7808         -110.82            0.88
  2010.7836         -109.56            0.88
  2010.7863         -107.98            0.99
  2010.7891         -109.85            0.87
  2010.7917         -110.32            0.84
  2010.7946         -110.29            0.86
  2010.7972         -109.86            0.86
  2010.8000         -110.36            0.87
  2010.8027         -111.26            0.89
  2010.8054         -112.23            0.87
  2010.8137         -113.87            0.84
  2010.8164         -113.23            0.86
  2010.8192         -113.56            0.90
  2010.8219         -114.56            0.91
  2010.8247         -115.00            0.90
  2010.8274         -115.03            0.97
  2010.8301         -115.47            0.85
  2010.8356         -115.42            0.87
  2010.8384         -116.28            0.90
  2010.8411         -116.73            0.89
  2010.8439         -117.05            0.85
  2010.8466         -118.04            0.87
  2010.8494         -117.17            0.93
  2010.8521         -118.98            0.97
  2010.8547         -119.13            0.89
  2010.8575         -116.94            0.86
  2010.8602         -117.59            0.88
  2010.8630         -118.98            0.85
  2010.8657         -119.85            0.86
  2010.8685         -118.99            0.93
  2010.8712         -119.66            0.88
  2010.8740         -119.85            0.86
  2010.8767         -120.09            0.91
  2010.8794         -120.35            0.89
  2010.8822         -121.48            0.87
  2010.8849         -120.62            0.94
  2010.8877         -120.89            0.96
  2010.8904         -122.93            0.94
  2010.8932         -121.95            0.91
  2010.8959         -122.10            0.91
  2010.8987         -122.62            0.91
  2010.9014         -122.35            0.87
  2010.9041         -121.86            0.91
  2010.9069         -122.15            0.87
  2010.9095         -120.51            0.87
  2010.9124         -121.91            0.86
  2010.9150         -122.04            0.87
  2010.9178         -122.13            0.86
  2010.9205         -122.69            0.83
  2010.9233         -121.38            0.85
  2010.9260         -120.37            0.80
  2010.9287         -121.40            0.80
  2010.9315         -122.21            0.85
  2010.9342         -121.63            0.87
  2010.9370         -122.90            0.83
  2010.9397         -121.97            0.84
  2010.9425         -120.53            0.85
  2010.9452         -121.79            0.87
  2010.9480         -123.24            0.87
  2010.9507         -124.20            0.84
  2010.9562         -123.41            0.84
  2010.9589         -121.94            0.86
  2010.9644         -123.73            0.82
  2011.0027         -126.06            0.89
  2011.0055         -127.19            0.92
  2011.0082         -125.96            0.97
  2011.0110         -127.36            0.93
  2011.0137         -127.38            0.90
  2011.0165         -127.75            0.89
  2011.0192         -127.35            0.88
  2011.0220         -128.22            0.91
  2011.0247         -129.59            0.89
  2011.0273         -129.79            0.92
  2011.0302         -131.35            0.89
  2011.0328         -131.55            0.96
  2011.0356         -131.16            0.95
  2011.0383         -131.90            0.92
  2011.0411         -132.59            0.95
  2011.0438         -129.98            0.99
  2011.0466         -130.98            0.89
  2011.0493         -131.60            1.00
  2011.0520         -133.44            0.98
  2011.0548         -131.31            0.95
  2011.0575         -132.06            0.92
  2011.0603         -131.11            0.99
  2011.0630         -132.06            0.92
  2011.0658         -133.38            0.94
  2011.0685         -133.41            0.94
  2011.0713         -133.84            0.95
  2011.0740         -134.05            0.98
  2011.0767         -133.03            0.93
  2011.0795         -132.77            0.94
  2011.0822         -134.24            0.95
  2011.0850         -133.42            0.95
  2011.0876         -134.10            0.89
  2011.0905         -134.18            0.91
  2011.0931         -134.46            0.93
  2011.0959         -135.09            0.92
  2011.0986         -134.60            0.89
  2011.1013         -136.71            0.91
  2011.1041         -137.31            0.89
  2011.1068         -134.83            0.98
  2011.1096         -136.46            0.94
  2011.1123         -137.38            1.00
  2011.1151         -138.15            0.96
  2011.1178         -140.02            1.01
  2011.1206         -141.79            1.13
  2011.1233         -144.85            0.96
  2011.1260         -146.09            0.95
  2011.1288         -147.52            0.97
  2011.1315         -145.87            0.98
  2011.1343         -145.04            0.97
  2011.1370         -147.38            0.97
  2011.1398         -144.97            0.94
  2011.1425         -145.83            0.97
  2011.1453         -146.20            0.95
  2011.1479         -147.18            1.02
  2011.1506         -144.77            0.97
  2011.1534         -146.46            0.95
  2011.1561         -147.63            0.90
  2011.1589         -146.84            0.91
  2011.1616         -146.34            0.91
  2011.1644         -147.52            0.94
  2011.1671         -147.01            0.94
  2011.1699         -147.17            0.95
  2011.1726         -147.67            1.00
  2011.1753         -148.79            0.96
  2011.1781         -149.48            1.22
  2011.1808         -149.45            0.93
  2011.1836         -150.86            0.95
  2011.1863         -149.90            1.00
  2011.1891         -145.99            1.15
  2011.1918         -150.01            1.11
  2011.1946         -152.11            1.09
  2011.1973         -151.24            0.93
  2011.2000         -150.47            1.03
  2011.2028         -151.10            1.11
  2011.2054         -153.49            1.05
  2011.2083         -153.44            1.00
  2011.2109         -152.28            0.93
  2011.2137         -153.77            0.91
  2011.2164         -151.39            0.89
  2011.2192         -153.09            0.99
  2011.2219         -153.49            0.97
  2011.2246         -151.24            0.90
  2011.2274         -153.97            0.98
  2011.2301         -153.70            0.97
  2011.2329         -152.97            0.94
  2011.2356         -153.16            0.94
  2011.2384         -153.33            0.90
  2011.2411         -154.39            0.95
  2011.2439         -153.11            0.97
  2011.2466         -155.05            1.08
  2011.2493         -152.87            1.01
  2011.2521         -154.17            1.00
  2011.2548         -154.05            0.94
  2011.2576         -154.23            0.91
  2011.2603         -154.01            1.14
  2011.2631         -154.70            0.95
  2011.2657         -154.43            0.94
  2011.2684         -153.96            0.90
  2011.2712         -154.08            0.92
  2011.2739         -154.44            0.96
  2011.2767         -155.82            1.02
  2011.2794         -155.33            0.95
  2011.2822         -159.18            1.02
  2011.2849         -156.10            0.95
  2011.2877         -156.47            0.91
  2011.2904         -156.51            0.91
  2011.2931         -157.38            2.01
  2011.2959         -158.08            0.90
  2011.2986         -158.78            0.90
  2011.3014         -159.66            0.91
  2011.3041         -163.17            1.00
  2011.3069         -161.63            1.04
  2011.3096         -157.88            0.90
  2011.3124         -158.82            0.88
  2011.3151         -157.40            0.86
  2011.3177         -158.44            0.86
  2011.3206         -158.48            0.88
  2011.3232         -157.95            0.94
  2011.3260         -159.16            0.88
  2011.3287         -160.08            0.90
  2011.3315         -159.50            0.87
  2011.3342         -160.22            0.87
  2011.3370         -159.57            0.92
  2011.3397         -159.73            0.92
  2011.3424         -160.58            0.90
  2011.3452         -157.75            0.87
  2011.3479         -160.38            0.92
  2011.3507         -160.30            0.87
  2011.3534         -161.57            0.90
  2011.3562         -162.16            0.96
  2011.3589         -160.31            0.90
  2011.3617         -161.58            0.88
  2011.3644         -162.37            0.85
  2011.3671         -162.07            0.85
  2011.3699         -162.47            0.89
  2011.3726         -163.39            0.92
  2011.3754         -163.41            0.88
  2011.3781         -163.29            0.91
  2011.3809         -163.89            0.97
  2011.3835         -163.63            0.97
  2011.3864         -163.67            0.91
  2011.3890         -164.77            0.90
  2011.3917         -164.87            0.92
  2011.3945         -165.47            0.93
  2011.3972         -164.91            0.87
  2011.4000         -164.70            0.87
  2011.4027         -165.85            0.92
  2011.4055         -165.17            0.88
  2011.4082         -166.78            0.85
  2011.4110         -167.72            0.85
  2011.4137         -166.36            0.87
  2011.4164         -167.14            0.85
  2011.4192         -166.26            0.90
  2011.4219         -165.55            0.84
  2011.4247         -166.30            0.89
  2011.4274         -166.50            0.94
  2011.4302         -168.98            0.94
  2011.4329         -169.81            1.01
  2011.4357         -168.30            1.03
  2011.4384         -168.52            0.89
  2011.4410         -166.82            0.95
  2011.4438         -166.20            0.92
  2011.4465         -170.69            0.94
  2011.4493         -169.89            0.88
  2011.4520         -170.90            0.88
  2011.4548         -170.03            1.07
  2011.4575         -171.57            0.93
  2011.4603         -170.49            0.93
  2011.4630         -172.82            1.00
  2011.4657         -171.86            1.06
  2011.4685         -171.12            0.97
  2011.4712         -170.34            0.94
  2011.4740         -170.78            0.91
  2011.4767         -170.56            0.95
  2011.4795         -171.40            0.90
  2011.4822         -169.86            0.91
  2011.4850         -171.06            0.90
  2011.4877         -173.52            0.89
  2011.4904         -173.84            0.91
  2011.4932         -172.35            0.97
  2011.4958         -171.91            0.93
  2011.4987         -173.72            0.90
  2011.5013         -171.89            0.90
  2011.5042         -171.41            0.90
  2011.5068         -173.12            1.02
  2011.5096         -170.80            1.06
  2011.5123         -172.27            0.99
  2011.5150         -172.29            0.97
  2011.5178         -173.64            1.00
  2011.5205         -173.43            0.97
  2011.5233         -172.27            0.94
  2011.5260         -173.21            1.02
  2011.5315         -173.89            0.96
  2011.5343         -175.07            1.04
  2011.5370         -171.98            1.06
  2011.5397         -172.22            1.05
  2011.5425         -173.99            1.05
  2011.5452         -173.25            0.99
  2011.5480         -175.35            0.97
  2011.5507         -175.30            1.01
  2011.5535         -175.39            0.97
  2011.5562         -172.61            1.28
  2011.5590         -174.60            1.01
  2011.5616         -174.79            0.96
  2011.5643         -175.09            1.01
  2011.5671         -173.41            1.06
  2011.5698         -175.74            0.98
  2011.5726         -174.92            0.98
  2011.5753         -174.89            0.94
  2011.5781         -174.93            0.96
  2011.5808         -173.88            0.96
  2011.5836         -174.52            1.05
  2011.5863         -175.23            1.03
  2011.5890         -174.80            1.00
  2011.5918         -176.39            1.10
  2011.5945         -175.94            1.09
  2011.5973         -175.50            1.13
  2011.6000         -176.26            1.11
  2011.6028         -175.56            1.12
  2011.6055         -175.43            1.10
  2011.6083         -177.54            1.00
  2011.6110         -177.41            1.14
  2011.6136         -178.97            1.11
  2011.6165         -178.03            1.07
  2011.6191         -178.29            1.03
  2011.6219         -177.41            1.01
  2011.6246         -178.86            1.16
  2011.6274         -176.80            1.06
  2011.6301         -176.81            1.09
  2011.6329         -177.28            1.04
  2011.6356         -175.51            1.09
  2011.6383         -176.64            0.99
  2011.6411         -177.47            0.97
  2011.6438         -176.77            0.98
  2011.6466         -177.27            1.01
  2011.6493         -177.00            0.99
  2011.6521         -176.62            1.05
  2011.6548         -177.88            1.07
  2011.6576         -177.14            1.06
  2011.6603         -175.49            1.12
  2011.6630         -176.22            1.13
  2011.6658         -175.55            0.96
  2011.6685         -177.32            1.07
  2011.6713         -178.78            1.03
  2011.6740         -177.25            1.04
  2011.6768         -178.84            1.07
  2011.6794         -178.62            1.03
  2011.6823         -178.80            1.04
  2011.6849         -178.61            1.02
  2011.6876         -179.15            1.07
  2011.6904         -180.44            1.10
  2011.6931         -178.97            1.03
  2011.6959         -178.60            1.04
  2011.6986         -178.98            1.03
  2011.7014         -178.90            1.02
  2011.7041         -178.56            1.09
  2011.7069         -177.70            1.03
  2011.7096         -178.36            1.09
  2011.7123         -177.71            1.00
  2011.7151         -179.31            0.97
  2011.7178         -178.65            0.97
  2011.7206         -179.19            1.02
  2011.7233         -178.69            1.00
  2011.7261         -179.13            1.02
  2011.7288         -179.72            1.03
  2011.7316         -180.04            1.05
  2011.7343         -179.15            1.05
  2011.7369         -180.43            1.04
  2011.7397         -181.52            1.03
  2011.7424         -179.22            1.06
  2011.7452         -182.44            1.03
  2011.7479         -180.88            1.09
  2011.7507         -182.26            1.15
  2011.7534         -182.14            0.98
  2011.7561         -182.08            1.01
  2011.7589         -181.21            1.10
  2011.7616         -182.17            1.16
  2011.7644         -182.45            1.09
  2011.7671         -182.16            1.04
  2011.7699         -184.05            1.04
  2011.7726         -184.40            1.01
  2011.7754         -183.95            1.07
  2011.7781         -183.87            1.15
  2011.7808         -185.42            1.12
  2011.7836         -184.90            1.06
  2011.7863         -182.47            1.11
  2011.7891         -183.50            1.11
  2011.7917         -183.47            1.14
  2011.7946         -183.36            1.01
  2011.7972         -183.09            1.01
  2011.8000         -183.07            1.09
  2011.8027         -183.48            1.12
  2011.8054         -182.88            1.08
  2011.8082         -185.98            1.04
  2011.8109         -183.00            1.05
  2011.8137         -186.01            1.71
  2011.8164         -184.18            1.24
  2011.8192         -184.72            1.05
  2011.8219         -184.50            1.04
  2011.8247         -184.70            1.05
  2011.8274         -184.01            1.06
  2011.8301         -185.35            1.03
  2011.8329         -185.59            1.02
  2011.8356         -188.34            1.08
  2011.8384         -187.68            1.10
  2011.8411         -186.47            1.07
  2011.8439         -185.11            1.07
  2011.8466         -186.55            1.11
  2011.8494         -187.05            1.08
  2011.8521         -186.95            1.09
  2011.8547         -187.66            1.21
  2011.8575         -190.43            1.20
  2011.8602         -188.16            1.15
  2011.8630         -188.33            1.10
  2011.8657         -188.60            1.13
  2011.8685         -187.65            1.12
  2011.8712         -186.74            1.17
  2011.8740         -188.19            1.18
  2011.8767         -188.06            1.19
  2011.8794         -187.91            1.14
  2011.8822         -189.29            1.15
  2011.8849         -189.89            1.12
  2011.8877         -187.96            1.14
  2011.8904         -189.66            1.16
  2011.8932         -188.61            1.11
  2011.8959         -190.81            1.14
  2011.8987         -189.13            1.05
  2011.9014         -189.58            1.05
  2011.9041         -190.67            1.02
  2011.9069         -192.50            1.07
  2011.9095         -188.80            1.11
  2011.9124         -190.92            1.14
  2011.9150         -189.16            1.09
  2011.9178         -189.90            1.15
  2011.9205         -190.43            1.10
  2011.9233         -190.31            1.07
  2011.9260         -192.14            1.12
  2011.9287         -190.42            1.23
  2011.9315         -189.74            1.19
  2011.9342         -190.84            1.17
  2011.9370         -190.25            1.21
  2011.9397         -191.18            1.15
  2011.9425         -189.92            1.13
  2011.9452         -190.05            1.11
  2011.9480         -190.52            1.18
  2011.9507         -189.70            1.08
  2011.9534         -189.72            1.13
  2011.9562         -190.44            1.17
  2011.9589         -189.88            1.12
  2011.9617         -190.00            1.09
  2011.9644         -191.87            1.11
  2011.9672         -191.96            1.13
  2011.9698         -192.73            1.10
  2011.9727         -193.50            1.10
  2011.9753         -193.80            1.11
  2011.9780         -192.13            1.03
  2011.9808         -192.78            1.06
  2011.9835         -191.13            1.00
  2011.9863         -189.72            1.04
  2011.9890         -190.56            1.01
  2011.9918         -190.56            1.09
  2011.9945         -190.69            1.02
  2011.9973         -190.93            1.03
  2012.0000         -191.87            1.02
  2012.0027         -190.79            1.02
  2012.0055         -190.59            1.04
  2012.0082         -190.42            1.01
  2012.0110         -188.90            1.03
  2012.0137         -189.34            1.12
  2012.0165         -191.04            1.03
  2012.0192         -192.32            1.05
  2012.0220         -192.53            1.11
  2012.0247         -191.15            1.25
  2012.0273         -191.69            1.26
  2012.0302         -190.80            1.12
  2012.0328         -193.51            1.04
  2012.0356         -192.23            1.01
  2012.0383         -192.08            1.04
  2012.0411         -192.72            1.18
  2012.0438         -192.87            1.02
  2012.0466         -190.47            1.15
  2012.0493         -193.36            1.21
  2012.0520         -192.52            1.06
  2012.0548         -187.21            1.20
  2012.0603         -194.61            1.16
  2012.0630         -194.63            1.16
  2012.0658         -192.71            1.12
  2012.0685         -194.32            1.45
  2012.0713         -193.44            1.50
  2012.0740         -193.74            1.33
  2012.0767         -193.36            1.50
  2012.0795         -193.19            1.22
  2012.0822         -193.78            1.19
  2012.0850         -193.63            1.11
  2012.0876         -191.74            1.11
  2012.0905         -194.91            1.14
  2012.0931         -193.45            1.07
  2012.0959         -193.85            1.13
  2012.0986         -193.13            1.10
  2012.1013         -194.89            1.14
  2012.1041         -194.85            1.20
  2012.1068         -193.96            1.09
  2012.1096         -192.37            1.04
  2012.1123         -193.98            1.02
  2012.1151         -192.71            1.09
  2012.1178         -195.96            1.19
  2012.1206         -194.76            1.21
  2012.1233         -194.80            1.11
  2012.1260         -193.57            1.11
  2012.1288         -196.04            1.14
  2012.1315         -199.55            1.17
  2012.1343         -193.84            1.14
  2012.1370         -195.29            1.16
  2012.1398         -195.24            1.07
  2012.1425         -195.61            0.99
  2012.1453         -195.60            1.02
  2012.1479         -195.90            0.99
  2012.1506         -196.27            0.99
  2012.1534         -194.66            1.08
  2012.1561         -196.96            1.05
  2012.1589         -193.58            1.08
  2012.1616         -197.84            1.05
  2012.1644         -194.38            1.05
  2012.1671         -197.75            1.06
  2012.1699         -197.54            0.98
  2012.1726         -197.22            1.06
  2012.1753         -198.34            1.01
  2012.1781         -200.00            1.15
  2012.1808         -197.67            1.01
  2012.1836         -196.40            1.13
  2012.1863         -197.74            0.97
  2012.1891         -198.52            0.99
  2012.1918         -196.59            1.04
  2012.1946         -197.11            1.07
  2012.1973         -197.83            1.07
  2012.2000         -197.97            1.07
  2012.2028         -198.97            1.06
  2012.2054         -198.39            0.99
  2012.2083         -198.11            1.00
  2012.2109         -197.16            1.07
  2012.2137         -198.24            0.97
  2012.2164         -198.99            1.04
  2012.2192         -197.85            0.94
  2012.2219         -198.22            0.99
  2012.2246         -198.75            0.95
  2012.2274         -198.01            0.93
  2012.2301         -197.85            0.97
  2012.2329         -196.74            0.97
  2012.2356         -199.19            0.98
  2012.2384         -199.00            0.94
  2012.2411         -197.67            0.95
  2012.2439         -199.46            0.95
  2012.2466         -200.79            0.92
  2012.2493         -201.27            1.02
  2012.2521         -201.08            0.98
  2012.3315         -204.76            1.49
  2012.3342         -203.29            0.89
  2012.3370         -204.49            0.90
  2012.3397         -202.50            0.88
  2012.3424         -202.45            1.27
  2012.3452         -203.35            0.86
  2012.3479         -204.47            0.99
  2012.3507         -204.37            0.89
  2012.3534         -203.72            0.87
  2012.3562         -204.70            0.88
  2012.3589         -205.36            0.92
  2012.3617         -203.74            0.98
  2012.3644         -204.59            0.88
  2012.3671         -205.85            0.90
  2012.3699         -205.69            0.89
  2012.3726         -206.19            0.94
  2012.3754         -205.55            0.94
  2012.3781         -204.65            0.93
  2012.3809         -205.34            0.89
  2012.3835         -206.67            0.99
  2012.3864         -206.08            0.95
  2012.3890         -205.84            0.90
  2012.3917         -204.90            0.90
  2012.3945         -206.79            0.91
  2012.3972         -206.63            0.90
  2012.4795         -207.22            1.70
  2012.4822         -206.58            0.88
  2012.4850         -207.36            0.87
  2012.4877         -209.34            0.91
  2012.4904         -208.94            0.95
  2012.4932         -207.93            0.93
  2012.4958         -208.36            0.96
  2012.4987         -206.69            0.96
  2012.5013         -208.70            0.98
  2012.5042         -208.57            0.92
  2012.5068         -209.33            0.91
  2012.5096         -211.18            0.95
  2012.5123         -208.78            1.04
  2012.5150         -208.61            0.96
  2012.5178         -209.41            0.90
  2012.5205         -209.23            0.91
  2012.5233         -209.42            0.96
  2012.5260         -209.78            0.88
  2012.5288         -209.13            0.92
  2012.5315         -209.73            0.92
  2012.5343         -209.79            0.89
  2012.5370         -209.40            0.85
  2012.5397         -209.91            0.99
  2012.6136         -208.48            1.44
  2012.6165         -209.10            0.99
  2012.6191         -209.88            0.99
  2012.6219         -210.40            1.00
  2012.6246         -210.27            1.00
  2012.6274         -210.56            0.97
  2012.6301         -209.34            1.04
  2012.6329         -209.97            1.35
  2012.6356         -210.49            0.97
  2012.6383         -210.57            0.96
  2012.6411         -210.40            0.96
  2012.6438         -211.17            0.99
  2012.6466         -209.76            0.98
  2012.6493         -209.29            0.92
  2012.6521         -208.96            0.95
  2012.6548         -210.78            1.11
  2012.6576         -210.08            0.89
  2012.6603         -210.43            0.95
  2012.6630         -212.73            0.99
  2012.6658         -211.51            0.93
  2012.6685         -211.13            0.98
  2012.6713         -212.15            0.94
  2012.6740         -211.22            1.01
  2012.6768         -212.58            1.00
  2012.6794         -211.52            0.98
  2012.6823         -211.09            1.05
  2012.6849         -211.34            0.99
  2012.6876         -212.34            1.01
  2012.6904         -211.50            0.96
  2012.6931         -210.72            0.93
  2012.6959         -211.32            0.93
  2012.6986         -212.18            1.00
  2012.7014         -212.29            0.96
  2012.7041         -212.45            1.06
  2012.7069         -213.86            0.94
  2012.7096         -212.78            1.00
  2012.7123         -212.01            0.99
  2012.7151         -213.18            1.01
  2012.7178         -212.55            1.05
  2012.7206         -213.31            0.97
  2012.7233         -213.08            0.99
  2012.7261         -213.52            0.99
  2012.7288         -213.11            0.94
  2012.7316         -215.32            0.96
  2012.7343         -214.79            1.03
  2012.7369         -214.00            1.08
  2012.7397         -214.97            1.00
  2012.7424         -213.97            0.99
  2012.7452         -214.87            1.02
  2012.7479         -215.03            1.05
  2012.7507         -215.37            1.07
  2012.7534         -214.93            1.17
  2012.7561         -215.38            1.05
  2012.7589         -214.65            1.05
  2012.7616         -215.28            1.06
  2012.7644         -214.27            1.03
  2012.7671         -214.04            1.12
  2012.7699         -214.38            1.12
  2012.7726         -215.86            1.05
  2012.7754         -215.35            1.21
  2012.7781         -215.79            0.98
  2012.7808         -215.64            1.00
  2012.7836         -215.94            0.99
  2012.7863         -216.30            0.94
  2012.7891         -215.54            1.05
  2012.7917         -216.35            1.13
  2012.7946         -216.28            1.09
  2012.7972         -215.70            1.04
  2012.8000         -215.49            0.98
  2012.8027         -214.50            1.10
  2012.8054         -216.16            1.15
  2012.8082         -215.24            1.28
  2012.8109         -216.52            1.11
  2012.8137         -217.74            1.14
  2012.8164         -216.74            1.03
  2012.8192         -216.15            1.05
  2012.8219         -217.70            1.18
  2012.8247         -217.43            1.19
  2012.8274         -216.24            1.10
  2012.8301         -216.20            1.25
  2012.8329         -216.51            1.13
  2012.8356         -215.51            1.06
  2012.8384         -216.34            1.03
  2012.8411         -216.92            0.99
  2012.8439         -215.78            1.18
  2012.8466         -218.51            1.06
  2012.8494         -217.16            1.08
  2012.8521         -217.22            1.09
  2012.8547         -219.12            1.11
  2012.8575         -217.76            1.12
  2012.8602         -216.97            1.16
  2012.8630         -217.44            1.14
  2012.8657         -217.56            1.07
  2012.8685         -213.84            2.26
  2012.8712         -217.98            1.01
  2012.8740         -216.17            1.06
  2012.8767         -217.69            1.08
  2012.8794         -218.83            1.07
  2012.8822         -216.83            1.08
  2012.8849         -217.01            1.06
  2012.8877         -216.93            0.99
  2012.8904         -216.40            1.02
  2012.8932         -217.47            1.15
  2012.8959         -221.25            1.14
  2012.8987         -216.29            1.07
  2012.9014         -216.36            1.03
  2012.9041         -216.04            4.05
  2012.9069         -216.55            1.07
  2012.9095         -217.04            1.04
  2012.9124         -216.55            1.09
  2012.9150         -218.83            1.31
  2012.9178         -217.17            1.11
  2012.9205         -218.20            1.08
  2012.9233         -217.41            1.73
  2012.9260         -217.99            1.22
  2012.9287         -218.78            1.13
  2012.9315         -218.78            1.13
  2012.9342         -217.79            1.35
  2012.9370         -220.17            1.16
  2012.9397         -218.35            1.07
  2012.9425         -218.66            1.03
  2012.9452         -219.51            1.14
  2012.9480         -218.45            1.08
  2012.9507         -218.20            1.16
  2012.9534         -217.80            1.07
  2012.9562         -216.45            1.11
  2012.9589         -217.39            1.11
  2012.9617         -222.29            1.20
  2012.9644         -217.18            1.44
  2012.9672         -216.74            1.33
  2012.9698         -217.52            1.32
  2012.9727         -218.20            1.21
  2012.9753         -218.31            1.09
  2012.9780         -220.00            1.13
  2012.9808         -222.02            1.11
  2012.9835         -223.53            1.39
  2012.9863         -218.85            1.22
  2012.9890         -219.86            1.10
  2013.0027         -220.44            0.92
  2013.0055         -219.22            0.92
  2013.0082         -220.71            0.99
  2013.0110         -219.57            0.98
  2013.0137         -220.01            1.06
  2013.0165         -220.32            1.08
  2013.0192         -220.77            1.10
  2013.0220         -219.64            0.98
  2013.0247         -220.40            1.05
  2013.0273         -219.71            1.02
  2013.0302         -218.19            1.06
  2013.0328         -221.30            1.02
  2013.0356         -220.60            1.97
  2013.0383         -222.05            1.48
  2013.0411         -222.69            1.06
  2013.0438         -220.21            1.08
  2013.0466         -220.52            1.21
  2013.0493         -220.66            1.04
  2013.0520         -220.56            0.98
  2013.0548         -220.70            0.97
  2013.0575         -220.22            1.02
  2013.0603         -221.14            1.09
  2013.0630         -221.73            1.12
  2013.0658         -221.55            1.07
  2013.0685         -221.60            1.03
  2013.0713         -221.34            0.94
  2013.0740         -221.66            0.96
  2013.0767         -220.26            1.00
  2013.0795         -221.04            0.99
  2013.0822         -220.32            1.00
  2013.0850         -222.29            1.05
  2013.0876         -220.76            1.09
  2013.0905         -221.46            1.08
  2013.0931         -221.66            0.98
  2013.0959         -220.93            0.99
  2013.0986         -220.47            1.03
  2013.1013         -220.23            1.18
  2013.1041         -221.33            1.00
  2013.1068         -221.58            1.02
  2013.1096         -222.54            1.03
  2013.1123         -222.63            1.13
  2013.1151         -221.32            1.11
  2013.1178         -221.92            1.09
  2013.1206         -222.00            1.04
  2013.1233         -221.76            1.12
  2013.1260         -219.85            1.06
  2013.1288         -222.99            1.16
  2013.1315         -219.60            1.08
  2013.1370         -220.35            0.93
  2013.1398         -220.75            1.01
  2013.1425         -220.57            1.07
  2013.1453         -220.92            1.00
  2013.1479         -222.99            1.05
  2013.1506         -222.66            0.97
  2013.1534         -221.55            0.95
  2013.1561         -220.43            0.96
  2013.1589         -222.17            0.97
  2013.1616         -222.52            1.00
  2013.1644         -221.06            1.01
  2013.1671         -221.73            0.99
  2013.1699         -220.74            0.95
  2013.1726         -220.91            0.95
  2013.1753         -223.25            1.06
  2013.1781         -220.93            1.07
  2013.1808         -221.39            1.02
  2013.1863         -227.09            1.11
  2013.1918         -223.18            1.07
  2013.2000         -221.04            0.92
  2013.2028         -222.73            0.97
  2013.2054         -222.59            1.06
  2013.2083         -221.63            1.02
  2013.2109         -221.88            0.95
  2013.2164         -222.06            1.09
  2013.2192         -222.14            0.96
  2013.2219         -222.29            0.92
  2013.2246         -222.70            0.99
  2013.2274         -221.41            1.04
  2013.2301         -222.83            1.05
  2013.2329         -221.38            1.03
  2013.2356         -222.22            0.95
  2013.2384         -222.47            0.93
  2013.2411         -222.57            1.05
  2013.2439         -223.11            1.00
  2013.2466         -223.33            1.00
  2013.2493         -217.72            1.05
  2013.2548         -225.37            1.01
  2013.2576         -223.12            0.99
  2013.2603         -224.29            1.05
  2013.2631         -223.24            1.02
  2013.2657         -221.35            1.96
  2013.2684         -224.87            1.03
  2013.2712         -222.84            1.16
  2013.2794         -221.79            1.02
  2013.2822         -222.87            0.92
  2013.2849         -223.32            0.94
  2013.2877         -223.21            0.96
  2013.2904         -224.20            0.94
  2013.2931         -223.92            0.94
  2013.2959         -224.66            0.96
  2013.2986         -224.23            0.96
  2013.3014         -224.14            0.97
  2013.3041         -223.36            1.00
  2013.3069         -225.31            1.01
  2013.3096         -225.07            0.99
  2013.3124         -224.33            1.01
  2013.3151         -225.03            0.96
  2013.3177         -224.70            1.02
  2013.3206         -225.32            0.97
  2013.3232         -225.05            1.03
  2013.3260         -226.70            0.96
  2013.3287         -225.33            0.92
  2013.3315         -226.00            1.01
  2013.3342         -224.87            1.03
  2013.3370         -224.98            1.11
  2013.3397         -224.89            0.98
  2013.3424         -225.52            0.92
  2013.3452         -224.86            1.02
  2013.3479         -225.26            0.97
  2013.3562         -226.03            1.00
  2013.3589         -226.07            0.94
  2013.3617         -227.13            1.80
  2013.3644         -227.31            0.91
  2013.3671         -228.12            0.91
  2013.3699         -227.99            0.87
  2013.3726         -227.72            0.88
  2013.3754         -227.76            0.91
  2013.3781         -226.52            0.96
  2013.3809         -227.22            1.54
  2013.3835         -227.86            0.96
  2013.3864         -228.29            0.91
  2013.3890         -228.71            0.93
  2013.3917         -228.51            0.91
  2013.3945         -227.83            0.93
  2013.4000         -228.86            0.95
  2013.4027         -229.14            1.00
  2013.4055         -229.54            1.05
  2013.4082         -228.88            0.92
  2013.4110         -228.17            0.94
  2013.4137         -230.30            1.04
  2013.4164         -226.76            0.99
  2013.4192         -226.93            0.96
  2013.4219         -227.56            0.91
  2013.4247         -228.26            0.98
  2013.4274         -226.02            0.99
  2013.4302         -228.26            0.92
  2013.4329         -227.71            0.96
  2013.4357         -227.14            0.92
  2013.4384         -228.66            0.94
  2013.4410         -227.95            0.91
  2013.4438         -227.32            0.94
  2013.4465         -228.13            0.95
  2013.4493         -227.82            0.96
  2013.4520         -227.39            0.94
  2013.4548         -228.26            1.03
  2013.4575         -227.33            0.95
  2013.4603         -229.67            0.94
  2013.4630         -228.86            0.94
  2013.4657         -228.14            0.93
  2013.4685         -228.65            0.93
  2013.4712         -228.23            0.97
  2013.4740         -229.24            0.92
  2013.4767         -226.21            0.91
  2013.4795         -225.62            0.91
  2013.4822         -226.84            0.89
  2013.4850         -226.07            0.92
  2013.4877         -227.86            1.01
  2013.4904         -227.80            1.00
  2013.4932         -226.36            0.97
  2013.4958         -228.12            0.92
  2013.4987         -227.19            0.90
  2013.5013         -223.72            0.94
  2013.5042         -227.79            0.96
  2013.5068         -227.42            0.97
  2013.5096         -227.31            0.92
  2013.5123         -226.51            0.88
  2013.5150         -226.94            0.89
  2013.5178         -226.47            0.91
  2013.5205         -226.23            0.96
  2013.5233         -228.79            0.94
  2013.5260         -227.56            0.91
  2013.5288         -226.20            0.89
  2013.5315         -224.64            0.94
  2013.5343         -225.15            0.91
  2013.5370         -226.47            0.93
  2013.5397         -226.09            0.88
  2013.5425         -226.60            0.94
  2013.5452         -226.03            0.90
  2013.5480         -226.32            0.90
  2013.5507         -226.19            0.97
  2013.5535         -226.54            0.86
  2013.5562         -226.78            0.87
  2013.5590         -226.87            0.88
  2013.5616         -226.66            0.84
  2013.5643         -227.27            0.90
  2013.5671         -226.56            0.95
  2013.5698         -226.87            0.86
  2013.5726         -227.27            0.85
  2013.5753         -226.76            0.85
  2013.5808         -227.49            0.86
  2013.5836         -226.31            0.84
  2013.5863         -226.43            0.86
  2013.5890         -226.80            0.91
  2013.5918         -227.32            0.96
  2013.5945         -226.43            0.93
  2013.5973         -226.28            0.94
  2013.6000         -227.24            0.98
  2013.6028         -227.84            0.91
  2013.6055         -226.44            0.85
  2013.6083         -225.74            0.92
  2013.6110         -228.11            0.92
  2013.6136         -228.17            0.89
  2013.6165         -228.17            0.84
  2013.6191         -227.99            0.85
  2013.6219         -228.14            0.92
  2013.6246         -227.68            0.90
  2013.6274         -228.47            0.86
  2013.6301         -229.49            0.90
  2013.6329         -228.18            0.91
  2013.6356         -228.78            0.90
  2013.6383         -229.04            0.92
  2013.6411         -228.74            0.85
  2013.6438         -229.29            0.87
  2013.6466         -229.52            0.91
  2013.6493         -228.19            0.91
  2013.6521         -227.79            0.86
  2013.6548         -230.70            0.89
  2013.6576         -229.74            0.88
  2013.6603         -229.06            0.86
  2013.6630         -229.09            0.90
  2013.6658         -229.62            0.95
  2013.6685         -230.15            0.95
  2013.6713         -228.85            0.94
  2013.6740         -228.80            0.96
  2013.6768         -229.79            1.09
  2013.6794         -230.91            1.05
  2013.6823         -230.57            1.04
  2013.6849         -229.53            1.06
  2013.6876         -231.67            1.06
  2013.6904         -231.17            1.04
  2013.6931         -230.25            1.05
  2013.6959         -231.69            0.98
  2013.6986         -230.60            1.03
  2013.7014         -230.48            0.95
  2013.7041         -230.43            1.01
  2013.7069         -229.38            0.94
  2013.7096         -228.96            0.93
  2013.7123         -229.45            0.92
  2013.7151         -230.42            0.90
  2013.7178         -230.95            0.96
  2013.7206         -230.43            0.95
  2013.7233         -229.09            0.96
  2013.7261         -232.51            0.95
  2013.7288         -232.99            1.00
  2013.7316         -230.91            0.89
  2013.7343         -231.98            0.90
  2013.7369         -230.10            1.02
  2013.7397         -232.06            0.95
  2013.7424         -230.51            0.95
  2013.7561         -232.65            0.91
  2013.7589         -233.00            0.96
  2013.7616         -232.06            1.01
  2013.7644         -231.30            0.93
  2013.7671         -230.37            1.07
  2013.7699         -229.58            0.97
  2013.7726         -231.17            0.96
  2013.7754         -230.83            1.03
  2013.7781         -229.34            1.10
  2013.7808         -232.11            1.03
  2013.7836         -230.31            1.02
  2013.7863         -232.61            1.06
  2013.7891         -231.27            0.99
  2013.7917         -229.38            1.05
  2013.7946         -230.19            1.06
  2013.7972         -231.29            0.98
  2013.8000         -230.71            1.03
  2013.8027         -230.51            1.11
  2013.8054         -228.95            1.05
  2013.8082         -228.53            1.03
  2013.8109         -230.66            0.94
  2013.8137         -234.95            2.30
  2013.8164         -229.53            1.01
  2013.8192         -230.25            0.91
  2013.8219         -230.42            0.98
  2013.8247         -230.69            0.92
  2013.8274         -231.03            1.01
  2013.8301         -230.56            0.97
  2013.8329         -231.44            1.00
  2013.8356         -231.53            0.99
  2013.8384         -231.68            0.92
  2013.8411         -232.95            0.91
  2013.8439         -232.38            0.90
  2013.8466         -231.89            0.89
  2013.8494         -234.26            1.03
  2013.8521         -231.95            0.92
  2013.8547         -233.84            1.00
  2013.8575         -234.25            0.98
  2013.8602         -233.55            1.03
  2013.8630         -234.68            0.99
  2013.8657         -234.89            0.98
  2013.8685         -233.39            0.97
  2013.8712         -231.42            1.00
  2013.8740         -232.81            0.99
  2013.8767         -233.05            0.90
  2013.8794         -233.69            0.91
  2013.8822         -234.03            0.97
  2013.8849         -234.86            0.94
  2013.8877         -234.37            1.00
  2013.8904         -231.18            0.97
  2013.8932         -232.80            0.99
  2013.8959         -235.41            1.01
  2013.8987         -234.14            1.03
  2013.9014         -234.70            0.99
  2013.9041         -234.34            0.94
  2013.9069         -234.40            1.95
  2013.9095         -233.96            1.87
  2013.9124         -235.85            0.94
  2013.9150         -235.27            0.95
  2013.9178         -234.40            0.95
  2013.9205         -232.27            1.01
  2013.9233         -235.73            1.12
  2013.9260         -235.57            0.93
  2013.9287         -235.31            0.95
  2013.9315         -235.41            0.99
  2013.9342         -235.34            0.97
  2013.9370         -231.33            1.04
  2013.9397         -233.84            1.01
  2013.9425         -233.82            0.97
  2013.9452         -232.70            1.07
  2013.9480         -232.96            1.03
  2013.9507         -234.06            0.99
  2013.9534         -234.74            1.04
  2013.9562         -233.75            0.98
  2013.9589         -236.49            1.09
  2013.9617         -235.05            1.02
  2013.9644         -237.57            1.06
  2013.9672         -236.20            0.98
  2013.9698         -237.89            1.02
  2013.9727         -235.53            1.04
  2013.9753         -236.34            1.00
  2013.9780         -233.99            1.00
  2013.9808         -235.27            0.98
  2013.9835         -236.30            1.05
  2013.9863         -234.32            1.07
  2014.0027         -235.70            1.11
  2014.0055         -232.91            1.22
  2014.0082         -235.28            1.05
  2014.0110         -234.65            1.06
  2014.0137         -235.03            1.03
  2014.0165         -236.39            1.08
  2014.0192         -233.42            1.09
  2014.0220         -234.40            1.09
  2014.0247         -234.65            1.10
  2014.0273         -234.77            1.13
  2014.0302         -235.10            1.06
  2014.0328         -231.76            1.10
  2014.0356         -235.50            1.04
  2014.0383         -234.67            1.18
  2014.0411         -235.79            1.06
  2014.0438         -236.24            1.13
  2014.0466         -235.02            1.13
  2014.0493         -235.77            1.07
  2014.0548         -237.53            1.05
  2014.0575         -234.93            1.16
  2014.0603         -235.36            1.06
  2014.0630         -238.11            1.21
  2014.0658         -235.26            1.12
  2014.0685         -234.57            1.10
  2014.0713         -233.79            1.05
  2014.0740         -237.22            1.08
  2014.0767         -235.59            1.15
  2014.0795         -232.93            1.13
  2014.0822         -235.12            1.17
  2014.0850         -236.04            1.16
  2014.0876         -236.04            1.17
  2014.0905         -237.72            1.10
  2014.0931         -236.42            1.17
  2014.0959         -234.89            1.14
  2014.0986         -238.57            1.19
  2014.1013         -236.40            1.09
  2014.1041         -236.94            1.12
  2014.1068         -234.98            1.09
  2014.1096         -236.72            1.13
  2014.1123         -238.06            1.07
  2014.1151         -233.61            1.11
  2014.1178         -235.70            1.11
  2014.1206         -235.00            1.08
  2014.1233         -240.38            1.19
  2014.1260         -233.86            1.08
  2014.1288         -233.48            1.07
  2014.1315         -233.17            1.12
  2014.1343         -235.03            1.12
  2014.1370         -234.99            1.19
  2014.1398         -235.58            1.54
  2014.1425         -234.96            1.22
  2014.1453         -234.78            1.20
  2014.1479         -235.01            1.11
  2014.1506         -233.21            1.05
  2014.1534         -234.59            1.13
  2014.1561         -232.14            1.12
  2014.1589         -233.83            1.13
  2014.1616         -234.37            1.05
  2014.1644         -233.72            1.12
  2014.1671         -233.07            1.13
  2014.1699         -233.30            1.26
  2014.1726         -237.28            1.17
  2014.1753         -233.53            1.13
  2014.1781         -233.12            1.14
  2014.1808         -233.80            1.11
  2014.1836         -232.18            1.17
  2014.1863         -234.88            1.21
  2014.1891         -237.44            1.11
  2014.1918         -236.38            1.09
  2014.1946         -234.88            1.11
  2014.1973         -234.90            1.10
  2014.2000         -236.52            1.14
  2014.2028         -237.15            1.15
  2014.2054         -226.55            1.16
  2014.2083         -238.03            1.15
  2014.2109         -236.54            1.06
  2014.2137         -236.84            1.10
  2014.2164         -236.26            1.22
  2014.2192         -234.63            1.11
  2014.2219         -238.32            1.08
  2014.2246         -236.55            1.02
  2014.2274         -237.34            1.10
  2014.2301         -236.22            1.11
  2014.2329         -235.38            1.07
  2014.2356         -235.09            1.10
  2014.2384         -238.69            1.12
  2014.2411         -240.58            1.14
  2014.2439         -239.47            1.19
  2014.2466         -239.65            1.15
  2014.2493         -236.94            1.01
  2014.2521         -236.65            1.01
  2014.2548         -237.10            1.06
  2014.2576         -237.09            1.03
  2014.2603         -236.20            1.08
  2014.2631         -238.10            1.02
  2014.2657         -236.74            1.09
  2014.2684         -237.29            1.15
  2014.2712         -238.97            1.08
  2014.2739         -238.29            1.10
  2014.2767         -237.62            1.09
  2014.2794         -237.55            1.09
  2014.2822         -238.77            0.96
  2014.2849         -238.74            0.97
  2014.2877         -237.33            1.03
  2014.2904         -238.94            1.02
  2014.2931         -239.04            0.99
  2014.2959         -237.58            0.97
  2014.2986         -237.55            0.96
  2014.3014         -237.30            0.95
  2014.3041         -237.06            1.01
  2014.3069         -237.63            0.97
  2014.3096         -237.60            0.96
  2014.3124         -237.22            0.98
  2014.3151         -237.67            0.94
  2014.3177         -237.29            0.94
  2014.3206         -239.03            0.97
  2014.3232         -238.88            0.91
  2014.3260         -239.01            0.96
  2014.3287         -239.22            1.01
  2014.3315         -239.59            1.01
  2014.3342         -237.52            0.99
  2014.3370         -237.89            1.04
  2014.3397         -237.10            1.03
  2014.3424         -237.95            1.01
  2014.3452         -236.96            0.99
  2014.3479         -236.68            0.94
  2014.3507         -236.49            0.97
  2014.3534         -237.88            0.95
  2014.3562         -237.65            1.00
  2014.3589         -237.84            0.96
  2014.3617         -238.47            0.97
  2014.3644         -237.65            0.98
  2014.3671         -237.92            1.03
  2014.3699         -237.97            0.97
  2014.3726         -237.18            0.99
  2014.3754         -237.33            0.97
  2014.3781         -236.15            1.00
  2014.3809         -236.78            0.92
  2014.3835         -237.78            0.97
  2014.3864         -236.42            1.03
  2014.3890         -236.04            1.00
  2014.3917         -237.25            1.00
  2014.3945         -236.52            0.95
  2014.3972         -238.48            0.97
  2014.4000         -238.27            0.98
  2014.4027         -237.59            0.94
  2014.4055         -234.55            1.01
  2014.4082         -240.79            1.03
  2014.4110         -239.08            0.97
  2014.4137         -238.31            0.96
  2014.4164         -237.69            0.96
  2014.4192         -236.86            0.97
  2014.4219         -238.74            0.96
  2014.4247         -239.41            1.07
  2014.4274         -237.59            1.06
  2014.4302         -238.78            1.03
  2014.4329         -237.05            1.03
  2014.4357         -237.78            1.05
  2014.4384         -237.10            1.02
  2014.4410         -237.61            0.98
  2014.4438         -239.86            1.05
  2014.4465         -238.40            1.04
  2014.4493         -238.32            0.95
  2014.4520         -237.50            0.99
  2014.4548         -237.73            0.97
  2014.4575         -237.26            0.94
  2014.4603         -236.63            0.91
  2014.4630         -236.83            0.89
  2014.4657         -237.71            0.90
  2014.4685         -237.81            0.90
  2014.4712         -238.67            0.92
  2014.4740         -238.63            0.91
