  2010.3534            0.00            2.29
  2010.3562           -9.55            1.34
  2010.3589           -5.71            1.37
  2010.3617           -2.46            2.23
  2010.3644          -12.68            1.48
  2010.3671            1.87            1.51
  2010.3699           -3.53            1.47
  2010.3726           -3.17            1.49
  2010.3754           -2.79            1.47
  2010.3781           -6.15            1.46
  2010.3809           -8.13            1.45
  2010.3835           -4.60            1.43
  2010.3864           -7.14            1.48
  2010.3890          -10.14            1.53
  2010.3917          -11.70            1.47
  2010.3945           -7.38            1.46
  2010.3972          -12.05            1.50
  2010.4000           -9.32            1.49
  2010.4027           -9.06            1.44
  2010.4055          -11.57            1.52
  2010.4082          -10.56            1.50
  2010.4110           -8.22            3.26
  2010.4137           -6.06            1.41
  2010.4164           -8.98            1.42
  2010.4192           -5.45            1.46
  2010.4219           -9.72            1.45
  2010.4247           -8.90            1.46
  2010.4274           -9.71            1.42
  2010.4302           -7.81            1.43
  2010.4329           -4.13            1.49
  2010.4357            1.90            1.36
  2010.4384            0.22            1.42
  2010.4410           -3.66            1.42
  2010.4438          -10.68            1.51
  2010.4465           -7.59            1.42
  2010.4493          -12.73            1.44
  2010.4520           -1.73            1.63
  2010.4548          -12.87            1.44
  2010.4575          -12.02            1.44
  2010.4603          -14.04            1.71
  2010.4630           -9.44            1.64
  2010.4657          -13.95            1.59
  2010.4685           -3.93            1.41
  2010.4712          -12.40            1.48
  2010.4740           -6.02            1.42
  2010.4767           -4.68            1.56
  2010.4795           -9.06            1.49
  2010.4822           -4.27            1.43
  2010.4850           -4.54            1.39
  2010.4877           -4.61            1.43
  2010.4904            0.19            1.43
  2010.4932            2.88            1.44
  2010.4958            1.78            1.40
  2010.4987            2.98            1.40
  2010.5013           -2.14            1.36
  2010.5042            0.96            1.42
  2010.5068           -6.97            1.48
  2010.5096           -3.78            1.43
  2010.5123           -6.26            1.57
  2010.5150           -7.04            1.52
  2010.5178            0.46            1.46
  2010.5205           -3.56            1.41
  2010.5233           -0.54            1.44
  2010.5260           -8.36            1.52
  2010.5288           -9.33            1.41
  2010.5315           -3.89            1.36
  2010.5343           -4.91            1.36
  2010.5370           -5.00            1.43
  2010.5397            1.98            1.43
  2010.5425           -2.97            1.42
  2010.5452           -5.91            1.35
  2010.5480           -5.17            1.42
  2010.5507          -12.26            1.46
  2010.5535          -10.73            1.45
  2010.5562           -9.65            1.49
  2010.5590           -7.26            1.55
  2010.5616          -13.31            1.55
  2010.5643           -5.77            1.51
  2010.5671           -8.15            1.44
  2010.5698           -5.81            1.52
  2010.5726          -10.28            1.53
  2010.5753            0.63            1.53
  2010.5781           -7.56            1.60
  2010.5808           -7.70            1.53
  2010.5836           -3.95            1.46
  2010.5863           -8.10            1.43
  2010.5890           -3.70            1.48
  2010.5918           -4.53            1.40
  2010.5945           -0.83            2.99
  2010.5973           -5.17            1.47
  2010.6000           -8.52            1.42
  2010.6028           -6.26            1.39
  2010.6055           -1.56            1.39
  2010.6083           -1.35            1.39
  2010.6110            0.62            1.47
  2010.6136           -6.63            1.40
  2010.6165           -4.88            1.38
  2010.6191           -3.80            1.36
  2010.6219           -6.00            1.41
  2010.6246           -7.36            1.52
  2010.6274          -11.84            1.60
  2010.6301           -3.70            1.46
  2010.6329           -1.52            1.38
  2010.6356           -0.71            1.39
  2010.6383            1.90            1.57
  2010.6411           -1.63            1.42
  2010.6438           -6.28            1.45
  2010.6466           -1.42            1.42
  2010.6493           -5.70            1.40
  2010.6521           -3.13            1.50
  2010.6548           -4.78            1.45
  2010.6576           -1.93            1.51
  2010.6603           -2.85            1.37
  2010.6630           -3.36            1.49
  2010.6658           -6.41            1.44
  2010.6685           -2.85            1.45
  2010.6713           -3.83            1.47
  2010.6740          -11.48            1.53
  2010.6768           -3.28            1.49
  2010.6794           -0.34            1.37
  2010.6823           -3.39            1.37
  2010.6849            3.24            1.38
  2010.6876           -2.96            1.38
  2010.6904           -0.22            1.40
  2010.6931           -1.33            1.40
  2010.6959            2.86            1.48
  2010.6986           -8.89            1.44
  2010.7014           -7.04            1.40
  2010.7041           -6.08            1.46
  2010.7069           -5.57            1.60
  2010.7096           -2.78            1.43
  2010.7123           -0.39            1.41
  2010.7151           -6.61            1.47
  2010.7178           -2.13            1.42
  2010.7206           -5.99            1.42
  2010.7233           -7.20            1.42
  2010.7261           -7.60            1.39
  2010.7288           -3.60            1.36
  2010.7316           -3.69            1.36
  2010.7343           -3.86            1.39
  2010.7369           -5.72            1.51
  2010.7397           -8.03            1.49
  2010.7424           -8.60            1.43
  2010.7452           -4.24            1.38
  2010.7479           -8.13            1.44
  2010.7507           -5.88            1.47
  2010.7534           -4.12            1.41
  2010.7561           -3.84            1.49
  2010.7589           -8.70            1.41
  2010.7616           -5.23            1.40
  2010.7644          -10.04            1.43
  2010.7671           -4.03            1.38
  2010.7699           -2.50            1.41
  2010.7726           -2.97            1.37
  2010.7754           -4.45            1.36
  2010.7781           -4.19            1.38
  2010.7808           -8.76            1.43
  2010.7836            1.89            1.45
  2010.7863           -9.55            1.61
  2010.7891           -3.93            1.44
  2010.7917           -6.88            1.39
  2010.7946           -4.97            1.41
  2010.7972           -6.13            1.41
  2010.8000           -6.61            1.45
  2010.8027           -8.25            1.50
  2010.8054           -6.53            1.46
  2010.8137           -6.30            1.39
  2010.8164           -5.44            1.42
  2010.8192           -5.03            1.50
  2010.8219          -15.88            2.54
  2010.8247           -5.88            1.54
  2010.8274          -16.29            1.56
  2010.8301          -11.46            1.42
  2010.8329           -6.60            1.51
  2010.8356           -0.25            1.42
  2010.8384           -6.42            1.46
  2010.8411           -5.40            1.46
  2010.8439           -5.78            1.42
  2010.8466           -8.65            1.40
  2010.8494           -6.29            1.50
  2010.8521           -5.03            1.55
  2010.8547           -9.58            1.45
  2010.8575           -8.18            1.40
  2010.8602           -7.00            1.43
  2010.8630           -3.57            1.36
  2010.8657           -7.72            1.39
  2010.8685           -7.44            1.53
  2010.8712           -5.83            1.44
  2010.8740           -5.34            1.42
  2010.8767           -4.05            1.46
  2010.8794           -4.43            1.44
  2010.8822           -5.98            1.47
  2010.8849           -4.03            1.49
  2010.8877            0.01            1.53
  2010.8904           -8.12            1.51
  2010.8932           -5.75            1.47
  2010.8959           -3.47            1.48
  2010.8987           -4.86            1.51
  2010.9014          -11.19            1.41
  2010.9041           -4.80            1.50
  2010.9069           -7.97            1.41
  2010.9095           -2.76            1.43
  2010.9124           -2.30            1.39
  2010.9150           -6.17            1.40
  2010.9178           -1.26            1.41
  2010.9205           -5.57            1.35
  2010.9233           -5.09            1.41
  2010.9260           -1.45            1.34
  2010.9287           -3.20            1.33
  2010.9315            0.20            1.39
  2010.9342           -4.35            1.45
  2010.9370            1.98            1.36
  2010.9397           -4.41            1.37
  2010.9425           -0.30            1.37
  2010.9452           -2.90            1.42
  2010.9480           -3.43            1.41
  2010.9507           -3.35            1.37
  2010.9562           -6.15            1.39
  2010.9589           -3.83            1.42
  2010.9644           -0.99            1.36
  2011.0027           -2.82            1.50
  2011.0055          -10.92            1.51
  2011.0082           -6.35            1.64
  2011.0110          -10.01            1.58
  2011.0137           -5.50            1.50
  2011.0165           -9.73            1.48
  2011.0192          -12.57            1.48
  2011.0220          -10.56            1.52
  2011.0247           -2.24            1.50
  2011.0273           -2.70            1.53
  2011.0302            0.61            1.48
  2011.0328           -6.15            1.54
  2011.0356           -5.84            1.58
  2011.0383           -5.33            1.50
  2011.0411           -7.65            1.58
  2011.0438           -8.74            1.63
  2011.0466           -5.68            1.48
  2011.0493          -16.21            1.73
  2011.0520           -8.65            1.59
  2011.0548           -2.81            1.60
  2011.0575           -6.73            1.55
  2011.0603           -7.09            1.55
  2011.0630          -15.59            1.54
  2011.0658          -16.96            1.61
  2011.0685           -8.62            1.61
  2011.0713          -18.02            1.60
  2011.0740           -9.55            1.65
  2011.0767          -12.27            1.58
  2011.0795          -14.07            1.58
  2011.0822           -8.83            1.61
  2011.0850          -10.69            1.59
  2011.0876          -10.33            1.50
  2011.0905          -10.41            1.55
  2011.0931           -9.91            1.57
  2011.0959           -7.34            1.51
  2011.0986           -6.90            1.48
  2011.1013          -10.41            1.54
  2011.1041          -10.06            1.53
  2011.1068           -5.89            1.67
  2011.1096          -10.88            1.58
  2011.1123          -15.29            1.69
  2011.1151          -10.38            1.62
  2011.1178          -11.36            1.71
  2011.1206          -17.90            1.90
  2011.1233          -14.95            1.62
  2011.1260          -20.08            1.58
  2011.1288          -21.50            1.63
  2011.1315          -18.34            1.64
  2011.1343          -17.36            1.63
  2011.1370          -22.00            1.63
  2011.1398          -17.85            1.61
  2011.1425          -19.88            1.63
  2011.1453          -15.85            1.59
  2011.1479          -16.86            1.76
  2011.1506          -24.31            1.62
  2011.1534          -17.34            1.59
  2011.1561          -20.37            1.51
  2011.1589          -20.17            1.54
  2011.1616          -13.48            1.52
  2011.1644          -16.27            1.57
  2011.1671          -21.44            1.60
  2011.1699          -21.26            1.59
  2011.1726          -24.37            1.68
  2011.1753          -13.16            1.64
  2011.1781          -17.18            2.05
  2011.1808          -14.42            1.55
  2011.1836          -13.28            1.58
  2011.1863          -15.28            1.66
  2011.1891          -13.90            1.92
  2011.1918          -20.06            1.86
  2011.1946          -18.46            1.82
  2011.1973          -23.15            1.57
  2011.2000          -21.20            1.74
  2011.2028          -28.83            1.88
  2011.2054          -24.62            1.78
  2011.2083          -19.36            1.70
  2011.2109          -22.99            1.58
  2011.2137          -23.71            1.55
  2011.2164          -21.75            1.52
  2011.2192          -26.35            1.68
  2011.2219          -25.79            1.60
  2011.2246          -15.41            1.47
  2011.2274          -16.34            1.62
  2011.2301          -28.88            1.62
  2011.2329          -24.72            1.58
  2011.2356          -13.83            1.57
  2011.2384          -18.80            1.49
  2011.2411          -19.31            1.61
  2011.2439          -23.12            1.66
  2011.2466          -20.99            1.83
  2011.2493          -18.13            1.72
  2011.2521          -17.42            1.66
  2011.2548          -28.53            1.57
  2011.2576          -27.19            1.52
  2011.2603          -24.77            1.88
  2011.2631          -27.78            1.55
  2011.2657          -26.43            1.51
  2011.2684          -25.74            1.50
  2011.2712          -22.13            1.56
  2011.2739          -26.47            1.61
  2011.2767          -20.46            1.67
  2011.2794          -26.41            1.60
  2011.2822          -32.93            1.67
  2011.2849          -26.17            1.57
  2011.2877          -28.50            1.47
  2011.2904          -26.34            1.50
  2011.2931          -39.13            3.26
  2011.2959          -36.40            1.43
  2011.2986          -40.69            1.45
  2011.3014          -40.60            1.48
  2011.3041          -49.74            1.62
  2011.3069          -44.47            1.67
  2011.3096          -40.16            1.45
  2011.3124          -40.91            1.45
  2011.3151          -35.64            1.41
  2011.3177          -40.38            1.40
  2011.3206          -41.87            1.47
  2011.3232          -39.21            1.57
  2011.3260          -39.14            1.46
  2011.3287          -38.45            1.48
  2011.3315          -36.88            1.44
  2011.3342          -43.17            1.42
  2011.3370          -44.53            1.48
  2011.3397          -33.99            1.51
  2011.3424          -41.17            1.45
  2011.3452          -36.56            1.43
  2011.3479          -45.40            1.47
  2011.3507          -36.58            1.44
  2011.3534          -43.76            1.48
  2011.3562          -46.85            1.55
  2011.3589          -41.55            1.46
  2011.3617          -42.74            1.46
  2011.3644          -41.12            1.38
  2011.3671          -41.82            1.39
  2011.3699          -40.85            1.43
  2011.3726          -40.74            1.50
  2011.3754          -40.90            1.46
  2011.3781          -42.71            1.46
  2011.3809          -45.28            1.55
  2011.3835          -40.48            1.55
  2011.3864          -38.41            1.48
  2011.3890          -41.13            1.49
  2011.3917          -41.88            1.48
  2011.3945          -41.81            1.53
  2011.3972          -41.67            1.43
  2011.4000          -42.75            1.40
  2011.4027          -42.67            1.49
  2011.4055          -40.24            1.45
  2011.4082          -40.42            1.40
  2011.4110          -43.66            1.38
  2011.7343          -34.84            4.79
  2011.7369          -36.68            1.65
  2011.7397          -38.00            1.64
  2011.7424          -49.76            1.69
  2011.7452          -45.38            1.61
  2011.7479          -44.06            1.74
  2011.7507          -48.70            1.84
  2011.7534          -44.28            1.58
  2011.7561          -47.64            1.63
  2011.7589          -35.51            1.72
  2011.7616          -44.42            1.86
  2011.7644          -46.38            1.75
  2011.7671          -46.41            1.66
  2011.7699          -55.00            1.68
  2011.7726          -45.44            1.63
  2011.7754          -43.04            1.73
  2011.7781          -46.91            1.84
  2011.7808          -42.11            1.77
  2011.7836          -46.27            1.71
  2011.7863          -46.89            1.76
  2011.7891          -48.75            1.78
  2011.7917          -42.06            1.83
  2012.0493          -44.61            1.90
  2012.0520          -43.73            1.70
  2012.0548          -36.32            1.91
  2012.0603          -49.40            1.82
  2012.0630          -52.50            1.83
  2012.0658          -46.86            1.79
  2012.0685          -46.33            2.30
  2012.0713          -48.61            2.44
  2012.0740          -49.84            2.08
  2012.0767          -47.34            2.40
  2012.0795          -50.66            2.02
  2012.0822          -42.83            1.97
  2012.0850          -43.07            1.78
  2012.0876          -40.06            1.82
  2012.0905          -49.05            1.90
  2012.0931          -45.89            1.75
  2012.0959          -43.71            1.90
  2012.0986          -42.88            1.78
  2012.1013          -48.72            1.88
  2012.1041          -47.62            2.00
  2012.1068          -50.86            1.79
  2012.1096          -43.21            1.71
  2012.1123          -44.84            1.65
  2012.1151          -42.73            1.74
  2012.1178          -45.75            1.93
  2012.1206          -54.98            2.13
  2012.1233          -61.92            3.42
  2012.1260          -43.38            1.78
  2012.1863          -44.82            3.53
  2012.1891          -46.58            1.60
  2012.1918          -48.30            2.03
  2012.1946          -49.35            1.65
  2012.1973          -55.21            1.68
  2012.2000          -54.39            1.69
  2012.2028          -45.16            1.67
  2012.2054          -53.00            1.56
  2012.2083          -55.08            1.59
  2012.2109          -52.18            1.70
  2012.2137          -51.04            1.62
  2012.2164          -48.62            1.70
  2012.2192          -49.89            1.57
  2012.3287          -43.46            4.69
  2012.3315          -50.97            1.49
  2012.3342          -48.55            1.44
  2012.3370          -51.29            1.49
  2012.3397          -50.95            1.45
  2012.3424          -50.75            1.38
  2012.3452          -49.99            1.39
  2012.3479          -52.37            1.65
  2012.3507          -49.36            1.46
  2012.3534          -53.24            1.43
  2012.3562          -58.29            1.43
  2012.3589          -50.44            1.50
  2012.3617          -62.87            1.65
  2012.3644          -45.38            1.43
  2012.3671          -55.22            1.50
  2012.3699          -51.44            1.52
  2012.3726          -49.36            1.55
  2012.3754          -48.24            1.58
  2012.3781          -49.71            1.53
  2012.3809          -47.32            1.46
  2012.3835          -47.22            1.61
  2012.3864          -42.89            1.53
  2013.0548          -51.49           11.87
  2013.0575          -53.45            2.12
  2013.0603          -51.57            2.17
  2013.0630          -55.10            2.23
  2013.0658          -56.83            2.25
  2013.0685          -62.29            2.26
  2013.0713          -56.73            1.96
  2013.0740          -57.02            1.97
  2013.0767          -50.45            2.07
  2013.0795          -61.25            2.04
  2013.0822          -54.24            2.04
  2013.0850          -50.06            2.13
  2013.0876          -53.28            2.27
  2013.0905          -57.73            2.19
  2013.0931          -55.98            2.01
  2013.0959          -52.54            2.02
  2013.0986          -55.78            2.14
  2013.1013          -55.99            2.38
  2013.1041          -50.19            2.08
  2013.1068          -54.32            2.12
  2013.1096          -51.50            2.11
  2013.1123          -46.36            2.33
  2013.1151          -45.99            2.25
  2013.1178          -58.07            2.27
  2013.1206          -53.29            2.15
  2013.1233          -58.55            2.35
  2013.1260          -50.18            2.20
  2013.1288          -66.65            2.56
  2013.1315          -60.23            2.16
  2013.1343          -59.18            1.97
  2013.1370          -65.26            1.96
  2013.1398          -67.62            2.16
  2013.1425          -61.46            2.30
  2013.1453          -65.60            2.08
  2013.1479          -57.92            2.20
  2013.1506          -60.16            2.04
  2013.1534          -61.57            1.97
  2013.1561          -62.21            1.96
  2013.1589          -58.86            1.99
  2013.1616          -59.76            2.04
  2013.1644          -61.45            2.06
  2013.1671          -58.04            2.08
  2013.1699          -56.85            1.95
  2013.1726          -56.95            2.00
  2013.1753          -49.76            2.27
  2013.1781          -53.95            2.24
  2013.1808          -52.10            2.17
  2013.1863          -57.50            2.31
  2013.1918          -58.15            2.30
  2013.2000          -54.34            1.90
  2013.2028          -55.99            2.03
  2013.2054          -60.77            2.12
  2013.2083          -58.20            2.10
  2013.2109          -55.78            1.98
  2013.2164          -63.44            2.21
  2013.2192          -59.99            1.93
  2013.2219          -55.47            1.93
  2013.2246          -56.06            2.03
  2013.2274          -58.24            2.14
  2013.2301          -56.18            2.20
  2013.2329          -60.20            2.18
  2013.2356          -54.63            1.95
  2013.2384          -58.37            1.92
  2013.2411          -54.88            2.26
  2013.2439          -63.20            2.10
  2013.2466          -66.16            2.14
  2013.2493          -56.73            2.24
  2013.2548          -64.22            2.17
  2013.2576          -57.79            2.22
  2013.2603          -54.38            2.23
  2013.2631          -54.90            2.16
  2013.2657          -61.27            4.15
  2013.2684          -60.53            2.18
  2013.2712          -60.54            2.42
  2013.2794          -57.03            2.13
  2013.2822          -55.40            1.96
  2013.2849          -57.86            1.96
  2013.2877          -57.39            1.96
  2013.2904          -60.65            1.97
  2013.2931          -55.71            1.90
  2013.2959          -56.49            1.98
  2013.2986          -60.21            2.00
  2013.3014          -67.42            1.94
  2013.3041          -57.51            2.04
  2013.3069          -65.52            2.08
  2013.3096          -55.58            2.06
  2013.3124          -63.35            2.10
  2013.3151          -59.84            1.86
  2013.3177          -71.81            2.00
  2013.3206          -57.96            1.97
  2013.3232          -58.70            2.12
  2013.3260          -57.21            1.92
  2013.3287          -63.72            1.90
  2013.3315          -62.90            2.09
  2013.3342          -65.64            2.09
  2013.3370          -63.09            2.22
  2013.3397          -58.78            2.09
  2013.3424          -61.12            2.04
  2013.3452          -56.36            2.04
  2013.3479          -58.68            1.98
  2013.3562          -71.95            2.17
  2013.3589          -66.79            1.91
  2013.3617          -63.76            3.84
  2013.3644          -65.72            1.87
  2013.3671          -65.75            1.97
  2013.3699          -60.56            1.87
  2013.3726          -59.95            1.87
  2013.3754          -63.41            1.94
  2013.3781          -64.73            1.98
  2013.3809          -67.94            3.01
  2013.3835          -66.61            1.92
  2013.3864          -59.11            1.91
  2013.3890          -62.69            1.84
  2013.3917          -57.93            1.84
  2013.3945          -55.28            1.83
  2013.4000          -58.05            1.98
  2013.4027          -69.60            2.08
  2013.4055          -53.05            2.19
  2013.4082          -54.84            1.88
  2013.4110          -56.42            1.94
  2013.4137          -53.77            2.17
  2013.4164          -53.20            2.06
  2013.4192          -54.66            2.03
  2013.4219          -55.49            1.88
  2013.4247          -55.95            2.13
  2013.4274          -55.15            2.15
  2013.4302          -52.38            2.12
  2013.4329          -56.24            2.61
  2013.4357          -56.09            1.96
  2013.4384          -56.61            2.00
  2013.4410          -57.73            1.94
  2013.4438          -58.92            1.94
  2013.4465          -49.38            1.93
  2013.4493          -49.53            1.96
  2013.4520          -57.52            1.99
  2013.4548          -59.56            2.11
  2013.4575          -54.61            1.96
  2013.4603          -53.73            1.94
  2013.4630          -59.03            1.96
  2013.4657          -56.85            1.93
  2013.4685          -57.83            1.90
  2013.4712          -64.49            2.09
  2013.4740          -61.55            1.90
  2013.4767          -58.71            1.89
  2013.4795          -58.61            1.88
  2013.4822          -60.23            1.90
  2013.4850          -57.41            2.03
  2013.4877          -59.41            2.17
  2013.4904          -62.89            2.05
  2013.4932          -61.67            2.14
  2013.4958          -63.99            1.91
  2013.4987          -57.64            1.87
  2013.5013          -60.17            2.02
  2013.5042          -60.81            1.98
  2013.5068          -63.15            1.99
  2013.5096          -53.67            1.98
  2013.5123          -62.32            1.87
  2013.5150          -57.62            1.85
  2013.5178          -59.38            1.90
  2013.5205          -59.38            1.95
  2013.5233          -61.69            1.96
  2013.5260          -62.17            1.85
  2013.5288          -60.20            1.87
  2013.5315          -54.53            1.99
  2013.5343          -63.68            1.95
  2013.5370          -61.10            1.89
  2013.5397          -61.00            1.82
  2013.5425          -63.52            1.96
  2013.5452          -62.57            1.92
  2013.5480          -59.68            1.88
  2013.5507          -68.29            1.98
  2013.5535          -60.95            1.84
  2013.5562          -55.05            1.79
  2013.5590          -58.91            1.80
  2013.5616          -53.98            1.76
  2013.5643          -58.87            1.92
  2013.5671          -61.59            1.97
  2013.5698          -60.15            1.86
  2013.5726          -56.66            1.82
  2013.5753          -55.66            1.76
  2013.5781          -54.13            1.93
  2013.5808          -58.58            1.84
  2013.5836          -57.70            1.79
  2013.5863          -58.82            1.78
  2013.5890          -59.40            1.86
  2013.5918          -64.63            2.08
  2013.5945          -59.87            1.99
  2013.5973          -62.93            1.99
  2013.6000          -56.79            2.11
  2013.6028          -65.44            1.96
  2013.6055          -53.40            1.81
  2013.6083          -63.20            1.85
  2013.6110          -63.09            2.00
  2013.6136          -59.98            2.03
  2013.6165          -56.74            1.84
  2013.6191          -56.94            1.84
  2013.6219          -66.88            1.95
  2013.6246          -56.01            1.91
  2013.6274          -63.53            1.83
  2013.6301          -62.21            1.93
  2013.6329          -59.66            2.00
  2013.6356          -61.08            1.92
  2013.6383          -59.84            1.90
  2013.6411          -57.98            1.77
  2013.6438          -51.16            1.93
  2013.6466          -61.02            1.98
  2013.6493          -62.76            1.89
  2013.6521          -61.26            1.82
  2013.6548          -63.64            1.92
  2013.6576          -66.00            2.08
  2013.6603          -60.71            1.91
  2013.6630          -65.05            1.89
  2013.6658          -66.27            2.00
  2013.6685          -59.77            1.91
  2013.6713          -63.32            2.01
  2013.6740          -73.12            2.09
  2013.6768          -54.85            2.31
  2013.6794          -54.22            2.20
  2013.6823          -64.88            2.23
  2013.6849          -65.77            2.23
  2013.6876          -61.24            2.60
  2013.6904          -63.89            2.19
  2013.6931          -64.52            2.12
  2013.6959          -63.34            2.14
  2013.6986          -67.52            2.18
  2013.7014          -63.18            2.08
  2013.7041          -71.95            2.05
  2013.7069          -64.08            2.08
  2013.7096          -68.35            2.16
  2013.7123          -65.79            2.12
  2013.7151          -69.24            2.23
  2013.7178          -67.98            2.27
  2013.7206          -65.36            2.16
  2013.7233          -69.67            2.21
  2013.7261          -67.67            2.38
  2013.7288          -64.60            2.88
  2013.7316          -58.31            2.57
  2013.7343          -58.35            2.16
  2013.7369          -65.30            2.82
  2013.7397          -67.19            2.46
  2013.7424          -63.42            2.56
  2013.7561          -68.28            2.49
  2013.7589          -63.35            2.67
  2013.7616          -60.86            2.80
  2013.7644          -64.36            2.55
  2013.7671          -52.55            5.48
  2013.7699          -58.36            2.10
  2013.7726          -63.20            2.17
  2013.7754          -60.20            2.36
  2013.7781          -54.84            2.45
  2013.7808          -66.81            2.31
  2013.7836          -65.19            2.26
  2013.7863          -60.10            2.31
  2013.7891          -54.24            2.22
  2013.7917          -60.90            2.28
  2013.7946          -63.91            2.32
  2013.7972          -58.93            2.20
  2013.8000          -55.86            2.27
  2013.8027          -65.33            2.50
  2013.8054          -63.86            2.22
  2013.8082          -59.82            2.24
  2013.8109          -63.04            2.11
  2013.8137          -63.20            2.39
  2013.8164          -70.18            2.22
  2013.8192          -63.11            2.00
  2013.8219          -53.74            2.04
  2013.8247          -65.61            1.99
  2013.8274          -70.51            2.32
  2013.8301          -52.91            2.04
  2013.8329          -60.00            2.13
  2013.8356          -63.97            2.11
  2013.8384          -57.45            2.00
  2013.8411          -55.86            1.92
  2013.8439          -62.45            1.95
  2013.8466          -55.46            2.01
  2013.8494          -61.28            2.24
  2013.8521          -63.93            2.05
  2013.8547          -68.33            2.12
  2013.8575          -58.32            2.16
  2013.8602          -67.13            2.31
  2013.8630          -63.08            2.17
  2013.8657          -55.66            2.17
  2013.8685          -61.91            2.13
  2013.8712          -57.15            2.27
  2013.8740          -59.21            2.24
  2013.8767          -57.09            2.02
  2013.8794          -58.81            2.04
  2013.8822          -68.31            2.17
  2013.8849          -58.34            2.10
  2013.8877          -58.19            2.26
  2013.8904          -59.28            2.14
  2013.8932          -57.83            2.12
  2013.8959          -64.69            2.41
  2013.8987          -57.36            2.34
  2013.9014          -57.54            2.21
  2013.9041          -57.26            2.06
  2013.9069          -66.29            4.33
  2013.9095          -61.33            4.19
  2013.9124          -56.87            2.07
  2013.9150          -55.92            2.13
  2013.9178          -57.54            2.05
  2013.9205          -58.99            2.30
  2013.9233          -67.39            2.44
  2013.9260          -54.67            2.11
  2013.9287          -59.46            2.05
  2013.9315          -61.02            2.24
