  2010.1206            0.00            0.58
  2010.1233           -9.24            0.24
  2010.1260           -1.21            0.22
  2010.1288           -0.97            0.28
  2010.1315           -1.06            0.29
  2010.1343           -0.47            0.30
  2010.1370           -3.28            0.11
  2010.1398           -1.24            0.21
  2010.1425           -3.04            0.25
  2010.1453           -4.54            0.26
  2010.1479           -7.32            0.27
  2010.1506           -1.75            0.24
  2010.1534           -0.25            0.08
  2010.1561           -5.98            0.25
  2010.1616           -0.53            0.07
  2010.1644           -4.44            0.21
  2010.1671           -7.17            0.23
  2010.1699           -6.29            0.07
  2010.1726           -4.11            0.22
  2010.1753           -4.66            0.22
  2010.1781           -7.20            0.22
  2010.1808           -6.79            0.21
  2010.1836           -6.48            0.24
  2010.1863           -6.14            0.23
  2010.1891           -6.94            0.23
  2010.1918           -9.00            0.23
  2010.1946           -7.60            0.23
  2010.1973           -9.33            0.23
  2010.2000           -0.93            0.24
  2010.2028           -6.43            0.22
  2010.2054           -8.56            0.22
  2010.2083           -7.28            0.22
  2010.2109           -8.04            0.22
  2010.2137           -6.18            0.21
  2010.2164           -7.97            0.24
  2010.2192           -9.15            0.24
  2010.2219           -8.84            0.06
  2010.2246           -7.92            0.21
  2010.2274           -3.68            0.22
  2010.2301           -5.52            0.22
  2010.2329           -7.80            0.23
  2010.2356           -7.44            0.23
  2010.2384           -8.57            0.23
  2010.2411          -11.62            0.23
  2010.2439           -6.98            0.24
  2010.2466          -10.95            0.25
  2010.2493           -8.91            0.22
  2010.2521           -8.82            0.23
  2010.2548           -8.14            0.22
  2010.2576           -4.48            0.16
  2010.2603           -7.44            0.22
  2010.2631           -7.78            0.22
  2010.2657           -7.34            0.23
  2010.2684           -7.17            0.22
  2010.2712           -7.79            0.20
  2010.2739           -6.54            0.24
  2010.2767           -4.67            0.23
  2010.2794           -6.75            0.23
  2010.2822           -3.86            0.20
  2010.2849           -5.70            0.21
  2010.2877           -6.92            0.19
  2010.2904           -4.23            0.24
  2010.2931           -6.69            0.22
  2010.2959           -8.12            0.22
  2010.2986           -7.22            0.21
  2010.3014           -8.39            0.21
  2010.3069           -4.19            0.37
  2010.3096           -5.57            0.20
  2010.3124           -6.57            0.21
  2010.3151           -7.13            0.21
  2010.3177           -8.02            0.04
  2010.3206           -8.58            0.19
  2010.3232           -8.54            0.21
  2010.3260           -9.28            0.20
  2010.3287           -9.33            0.22
  2010.3315           -6.78            0.21
  2010.3342           -7.98            0.07
  2010.3370           -9.66            0.21
  2010.3397           -8.03            0.21
  2010.3424           -9.27            0.22
  2010.3452           -8.14            0.21
  2010.3479           -7.57            0.20
  2010.3507           -8.87            0.21
  2010.3534           -7.61            0.20
  2010.3562           -7.76            0.20
  2010.3589           -7.83            0.19
  2010.3617          -10.66            0.35
  2010.3644           -8.28            0.21
  2010.3671           -7.91            0.20
  2010.3699           -8.26            0.22
  2010.3726           -6.09            0.26
  2013.1233           32.98            0.17
  2013.1315           28.21            0.15
  2013.1343           33.27            0.14
  2013.1370           27.82            0.14
