  2008.0027            0.00            1.19
  2008.0055           -3.63            1.30
  2008.0082           -2.34            1.18
  2008.0110           -0.07            1.11
  2008.0137           -1.99            1.17
  2008.0165            0.06            1.30
  2008.0192            0.27            1.30
  2008.0220           -1.98            1.33
  2008.0247           -1.80            1.43
  2008.0273            1.58            1.34
  2008.0302            3.89            1.20
  2008.0328           -1.54            1.25
  2008.0356           -2.22            1.24
  2008.0383           -0.91            1.25
  2008.0411           -1.94            1.28
  2008.0438           -1.37            1.31
  2008.0466           -1.05            1.18
  2008.0493            0.35            1.33
  2008.0520           -1.47            1.17
  2008.0548            0.29            1.24
  2008.0575            0.08            1.17
  2008.0603            0.83            1.24
  2008.0630            2.62            1.18
  2008.0658            1.26            1.17
  2008.0685            2.34            1.21
  2008.0713            4.88            1.24
  2008.0740            0.96            1.13
  2008.0767            1.83            1.19
  2008.0795            2.78            1.85
  2008.0822            4.09            1.14
  2008.0850            1.58            1.23
  2008.0876           -0.19            1.20
  2008.0905            0.13            1.20
  2008.0931            3.86            1.14
  2008.0959            3.27            1.19
  2008.0986            4.02            1.21
  2008.1013            3.37            1.21
  2008.1041            2.55            1.15
  2008.1068            1.62            1.16
  2008.1096            4.57            1.22
  2008.1123            2.93            1.17
  2008.1151            1.28            1.18
  2008.1178            2.09            1.14
  2008.1206            2.05            1.19
  2008.1233            1.61            1.19
  2008.1260            2.87            1.21
  2008.3644            3.47            1.18
  2008.3671            1.88            1.12
  2008.3699            2.59            1.42
  2008.3726            4.17            1.15
  2008.3754            4.18            1.21
  2008.3781            3.90            1.19
  2008.3809            4.24            1.39
  2008.3835            3.29            1.28
  2008.3864            4.19            1.30
  2008.3890            5.80            1.42
  2008.3917            3.15            1.24
  2008.3945            3.57            1.27
  2008.3972            7.50            1.31
  2008.4000            1.86            1.24
  2008.4082            3.46            2.05
  2008.4110            4.66            1.12
  2008.4137            3.79            1.33
  2008.4164            4.21            1.10
  2008.4192            6.63            1.08
  2008.4219            3.90            1.17
  2008.4247            3.48            1.39
  2008.4274            2.47            3.92
  2008.4302            0.09            3.44
  2008.4329            1.17            1.62
  2008.4357            4.03            1.23
  2008.4493            7.21            1.86
  2008.4520            0.92            1.22
  2008.4548           -1.20            1.86
  2008.4575           -1.52            3.16
  2008.4603           -1.20            2.21
  2008.4630            0.92            1.89
  2008.4657            3.79            1.42
  2008.4685            5.13            1.38
  2008.4712            3.01            1.22
  2008.4740            5.23            1.41
  2008.4795            4.69            1.74
  2008.4822            5.46            1.18
  2008.4850           10.52            1.98
  2008.4877           11.36            4.61
  2008.4987            7.26            2.14
  2008.5013            4.00            1.40
  2008.5042            5.73            1.57
  2008.5123            2.64            2.54
  2008.5150            4.08            1.17
  2008.5205            2.48            1.97
  2008.5233            6.16            1.03
  2008.5260            7.77            1.12
  2008.5452            4.41            2.03
  2008.5480            5.76            1.08
  2008.5507            7.51            1.20
  2008.5535            6.22            1.06
  2008.5562            7.26            1.36
  2008.5590            7.55            1.90
  2008.5616            6.51            2.60
  2008.5643            6.46            3.02
  2008.5671            4.42            2.46
  2008.5698            1.82            2.15
  2008.5753            3.37            1.86
  2008.5781            3.65            3.51
  2010.0027            3.34            1.14
  2010.0055            3.52            1.18
  2010.0082            2.11            1.23
  2010.0110            3.12            1.23
  2010.0137            4.84            1.34
  2010.0165            6.30            1.21
  2010.0192            4.79            1.18
  2010.0220            3.01            1.22
  2010.0247            3.39            1.22
  2010.0273            1.59            1.23
  2010.0302            3.59            1.34
  2010.0328            2.80            1.30
  2010.0356            0.64            1.23
  2010.0383            8.17            1.20
  2010.0411            4.70            1.23
  2010.0438            5.18            1.25
  2010.0466            1.93            1.15
  2010.0493            5.47            1.20
  2010.0520            1.84            1.18
  2010.0548            4.03            1.20
  2010.0575            6.08            1.21
  2010.0603            8.25            1.19
  2010.0630            4.31            1.18
  2010.0658            5.46            1.23
  2010.0685            2.23            1.21
  2010.0713            5.49            1.27
  2010.0740            3.04            1.27
  2010.0767           -0.04            1.29
  2010.0795            4.00            1.22
  2010.0822            3.85            1.21
  2010.0850            2.47            1.18
  2010.0876            1.71            1.18
  2010.0905            2.10            1.27
  2010.0931            3.02            1.28
  2010.0959            7.84            1.20
  2010.0986           10.99            1.25
  2010.1013            6.77            1.24
  2010.1041            6.96            1.30
  2010.1068            9.05            1.22
  2010.1096            7.05            1.29
  2010.1123            6.15            1.22
  2010.1151            9.80            1.31
  2010.1178           10.66            1.25
  2010.1206            9.22            1.26
  2010.1233            8.97            1.18
  2010.1260            8.43            1.16
  2010.1288            8.71            1.25
  2010.1315            7.81            1.29
  2010.1343            8.19            1.40
  2010.1370            7.40            1.29
  2010.1398            8.41            1.12
  2010.1425            7.96            1.12
  2010.1453            9.90            1.26
  2010.1479            6.36            1.17
  2010.1506            8.31            1.14
  2010.1534           10.37            1.24
  2010.1561            6.08            1.17
  2010.1616           11.66            1.17
  2010.1644            5.05            1.13
  2010.1671            7.65            1.17
  2010.1699            8.12            1.15
  2010.1726           10.09            1.11
  2010.1753           11.69            1.14
  2010.1781           13.10            1.09
  2010.1808            5.37            1.18
  2010.1836            7.04            1.22
  2010.1863           10.39            1.20
  2010.1891           10.05            1.14
  2010.1918           12.05            1.14
  2010.1946            9.89            1.17
  2010.1973            6.55            1.19
  2010.2000           10.77            1.12
  2010.2028            8.29            1.13
  2010.2054           11.22            1.13
  2010.2083            9.76            1.19
  2010.2109           12.42            1.20
  2010.2137           11.38            1.13
  2010.2164           11.71            1.26
  2010.2192            9.32            1.47
  2010.2219            8.76            1.14
  2010.2246            9.39            1.12
  2010.2274            9.41            1.15
  2010.2301           11.76            1.08
  2010.2329            9.00            1.20
  2010.2356           10.20            1.14
  2010.2384           11.71            1.21
  2010.2411           11.95            1.20
  2010.2439            8.89            1.19
  2010.2466           12.14            1.26
  2010.2493           14.69            1.22
  2010.2521           13.47            1.19
  2010.2548           13.35            1.13
  2010.2576           12.13            0.79
  2010.2603           13.50            1.11
  2010.2631           12.98            1.17
  2010.2657           14.72            1.18
  2010.2684           13.06            1.09
  2010.2712           12.58            1.10
  2010.2739           13.53            1.19
  2010.2767            9.96            1.13
  2010.2794           10.92            1.16
  2010.2822           10.82            1.11
  2010.2849           10.16            1.08
  2010.2877            8.10            1.11
  2010.2904            8.62            1.18
  2010.2931            7.21            1.17
  2010.2959            8.46            1.17
  2010.2986            8.52            1.12
  2010.3014            6.61            1.09
  2010.3069           10.36            1.11
  2010.3096           10.47            1.13
  2010.3124           10.89            1.10
  2010.3151           11.26            1.09
  2010.3206           12.19            1.12
  2010.3232            8.96            1.09
  2010.3260           10.90            1.08
  2010.3287            8.91            3.07
  2010.3315           18.39            3.83
  2010.3424           10.33            1.58
  2010.3452           13.22            2.97
  2010.3479           13.45            1.97
  2010.3507            9.33            1.57
  2010.3534           11.08            1.53
  2010.3562           10.09            1.06
  2010.3589            8.30            1.56
  2010.3617           10.66            5.62
  2010.3644            8.97            1.72
  2010.3671           10.26            1.66
  2010.3699           11.21            1.14
  2010.3726            9.80            1.25
  2010.3754            9.10            2.03
  2010.3781            3.75            2.00
  2010.3809           11.69            1.77
  2010.3835            9.81            1.08
  2010.3864            9.36            1.93
  2010.3890           10.96            1.95
  2010.3917           10.81            1.60
  2010.3945            6.17            1.46
  2010.3972           10.05            1.54
  2010.4000           11.27            1.20
  2010.4027           11.96            1.07
  2010.4055           10.40            1.15
  2010.4082            7.81            1.83
  2010.4110           12.96            4.47
  2010.4137           13.72            2.83
  2010.4164           11.44            1.47
  2010.4219           10.70            2.51
  2010.4247           12.89            3.20
  2010.4274           12.36            5.50
  2012.0027   1354303104.00            1.21
  2012.0055   1354303104.00            1.17
  2012.0082   1354303104.00            1.12
  2012.0110   1354303104.00            1.16
  2012.0137   1354303104.00            1.32
  2012.0165   1354303104.00            1.14
  2012.0192   1354303104.00            1.23
  2012.0220   1354303104.00            1.45
  2012.0247   1354303104.00            1.41
  2012.0273   1354303104.00            1.40
  2012.0302   1354303104.00            1.25
  2012.0328   1354303104.00            1.17
  2012.0356   1354303104.00            1.18
  2012.0383   1354303104.00            1.19
  2012.0411   1354303104.00            1.38
  2012.0438   1354303104.00            1.19
  2012.0466   1354303104.00            1.32
  2012.0493   1354303104.00            1.40
  2012.0520   1354303104.00            1.22
  2012.0548   1354303104.00            1.35
  2012.0603   1354303104.00            1.34
  2012.0630   1354303104.00            1.31
  2012.0658   1354303104.00            1.35
  2012.0685   1354303104.00            1.65
  2012.0713   1354303104.00            1.72
  2012.0740   1354303104.00            1.52
  2012.0767   1354303104.00            1.73
  2012.0795   1354303104.00            1.42
  2012.0822   1354303104.00            1.37
  2012.0850   1354303104.00            1.33
  2012.0876   1354303104.00            1.32
  2012.0905   1354303104.00            1.37
  2012.0931   1354303104.00            1.24
  2012.0959   1354303104.00            1.39
  2012.0986   1354303104.00            1.41
  2012.1013   1354303104.00            1.35
  2012.1041   1354303104.00            1.41
  2012.1068   1354303104.00            1.45
  2012.1096   1354303104.00            2.03
  2012.1123   1354303104.00            1.42
  2012.1151   1354303104.00            1.37
  2012.1178   1354303104.00            1.35
  2012.1206   1354303104.00            1.86
  2012.1233   1354303104.00            1.27
  2012.1260   1354303104.00            1.25
  2012.1288   1354303104.00            1.28
  2012.1315   1354303104.00            1.43
  2012.1343   1354303104.00            1.57
  2012.1370   1354303104.00            1.84
  2012.1398   1354303104.00            1.50
  2012.1425   1354303104.00            1.20
  2012.1453   1354303104.00            1.21
  2012.1479   1354303104.00            1.17
  2012.1506   1354303104.00            1.36
  2012.1534   1354303104.00            1.51
  2012.1561   1354303104.00            1.29
  2012.1589   1354303104.00            1.59
  2012.1616   1354303104.00            1.27
  2012.1644   1354303104.00            1.60
  2012.1671   1354303104.00            1.55
  2012.1699   1354303104.00            1.39
  2012.1726   1354303104.00            1.43
  2012.1753   1354303104.00            1.27
  2012.1781   1354303104.00            1.41
  2012.1808   1354303104.00            1.26
  2012.1836   1354303104.00            1.53
  2012.1863   1354303104.00            1.31
  2012.1891   1354303104.00            1.40
  2012.1918   1354303104.00            1.45
  2012.1946   1354303104.00            1.28
  2012.1973   1354303104.00            1.27
  2012.2000   1354303104.00            2.30
  2012.2028   1354303104.00            1.42
  2012.2054   1354303104.00            1.20
  2012.2083   1354303104.00            1.20
  2012.2109   1354303104.00            1.33
  2012.2137   1354303104.00            1.21
  2012.2164   1354303104.00            2.41
  2012.2192   1354303104.00            1.68
  2012.2219   1354303104.00            1.49
  2012.2246   1354303104.00            1.39
  2012.2274   1354303104.00            1.37
  2012.2301   1354303104.00            1.18
  2012.2329   1354303104.00            1.25
  2012.2356   1354303104.00            1.28
  2012.2384   1354303104.00            1.77
  2012.2411   1354303104.00            1.24
  2012.2439   1354303104.00            1.32
  2012.2466   1354303104.00            1.29
  2012.2493   1354303104.00            1.41
  2012.2521   1354303104.00            1.26
  2012.2548   1354303104.00            1.33
  2012.2576   1354303104.00            1.25
  2012.2603   1354303104.00            1.40
  2012.2631   1354303104.00            1.33
  2012.2657   1354303104.00            1.12
  2012.2684   1354303104.00            1.24
  2012.2712   1354303104.00            1.30
  2012.2739   1354303104.00            1.27
  2012.2767   1354303104.00            1.29
  2012.2794   1354303104.00            1.21
  2012.2822   1354303104.00            1.21
  2012.2849   1354303104.00            1.41
  2012.2877   1354303104.00            1.27
  2012.2904   1354303104.00            1.27
  2012.2931   1354303104.00            1.16
  2012.2959   1354303104.00            1.31
  2012.2986   1354303104.00            1.43
  2012.3014   1354303104.00            1.13
  2012.3041   1354303104.00            1.12
  2012.3069   1354303104.00            1.16
  2012.3096   1354303104.00            1.02
  2012.3124   1354303104.00            1.08
  2012.3151   1354303104.00            1.36
  2012.3177   1354303104.00            1.16
  2012.3206   1354303104.00            1.25
  2012.3232   1354303104.00            1.20
  2012.3260   1354303104.00            1.10
  2012.3287   1354303104.00            1.05
  2012.3315   1354303104.00            1.10
  2012.3342   1354303104.00            1.09
  2012.3370   1354303104.00            1.11
  2012.3397   1354303104.00            1.17
  2012.3424   1354303104.00            1.04
  2012.3452   1354303104.00            1.05
  2012.3479   1354303104.00            1.31
  2012.3507   1354303104.00            1.10
  2012.3534   1354303104.00            1.06
  2012.3562   1354303104.00            1.10
  2012.3589   1354303104.00            1.14
  2012.3617   1354303104.00            1.21
  2012.3644   1354303104.00            1.08
  2012.3671   1354303104.00            1.11
  2012.3699   1354303104.00            1.11
  2012.3726   1354303104.00            1.25
  2012.3754   1354303104.00            1.17
  2012.3781   1354303104.00            1.16
  2012.3809   1354303104.00            1.09
  2012.3835   1354303104.00            1.20
  2012.3864   1354303104.00            1.17
  2012.3890   1354303104.00            1.12
  2012.3917   1354303104.00            1.11
  2012.3945   1354303104.00            1.12
  2012.3972   1354303104.00            1.11
  2012.4000   1354303104.00            1.09
  2012.4027   1354303104.00            1.19
  2012.4055   1354303104.00            1.24
  2012.4082   1354303104.00            1.23
  2012.4110   1354303104.00            1.14
  2012.4137   1354303104.00            1.11
  2012.4164   1354303104.00            1.09
  2012.4192   1354303104.00            1.10
  2012.4219   1354303104.00            1.20
  2012.4247   1354303104.00            1.16
  2012.4274   1354303104.00            1.15
  2012.4302   1354303104.00            1.11
  2012.4329   1354303104.00            1.08
  2012.4357   1354303104.00            1.03
  2012.4384   1354303104.00            1.02
  2012.4410   1354303104.00            1.18
  2012.4438   1354303104.00            1.04
  2012.4465   1354303104.00            1.13
  2012.4493   1354303104.00            1.18
  2012.4520   1354303104.00            1.21
  2012.4548   1354303104.00            1.07
  2012.4575   1354303104.00            1.14
  2012.4603   1354303104.00            1.11
  2012.4630   1354303104.00            1.09
  2012.4657   1354303104.00            1.04
  2012.4685   1354303104.00            1.03
  2012.4712   1354303104.00            1.16
  2012.4740   1354303104.00            1.06
  2012.4767   1354303104.00            1.04
  2012.4795   1354303104.00            1.01
  2012.4822   1354303104.00            1.01
  2012.4850   1354303104.00            0.99
  2012.4877   1354303104.00            1.11
  2012.4904   1354303104.00            1.46
  2012.4932   1354303104.00            1.06
  2012.4958   1354303104.00            1.08
  2012.4987   1354303104.00            1.09
  2012.5013   1354303104.00            1.10
  2012.5042   1354303104.00            1.06
  2012.5068   1354303104.00            1.03
  2012.5096   1354303104.00            1.08
  2012.5123   1354303104.00            1.17
  2012.5150   1354303104.00            1.25
  2012.5178   1354303104.00            1.02
  2012.5205   1354303104.00            1.04
  2012.5233   1354303104.00            1.08
  2012.5260   1354303104.00            1.02
  2012.5288   1354303104.00            1.03
  2012.5315   1354303104.00            1.02
  2012.5343   1354303104.00            1.01
  2012.5370   1354303104.00            0.98
  2012.5397   1354303104.00            1.00
  2012.5425   1354303104.00            1.03
  2012.5452   1354303104.00            1.04
  2012.5480   1354303104.00            1.07
  2012.5507   1354303104.00            0.64
  2012.5535   1354303104.00            1.04
  2012.5562   1354303104.00            1.04
  2012.5590   1354303104.00            1.03
  2012.5616   1354303104.00            1.04
  2012.5643   1354303104.00            1.01
  2012.5671   1354303104.00            1.01
  2012.5698   1354303104.00            1.00
  2012.5726   1354303104.00            1.02
  2012.5753   1354303104.00            1.01
  2012.5781   1354303104.00            1.05
  2012.5808   1354303104.00            1.01
  2012.5836   1354303104.00            1.01
  2012.5863   1354303104.00            1.10
  2012.5890   1354303104.00            1.06
  2012.5918   1354303104.00            1.03
  2012.5945   1354303104.00            1.02
  2012.5973   1354303104.00            1.60
  2012.6000   1354303104.00            1.04
  2012.6028   1354303104.00            1.05
  2012.6055   1354303104.00            1.09
  2012.6083   1354303104.00            1.08
  2012.6110   1354303104.00            1.00
  2012.6136   1354303104.00            1.08
  2012.6165   1354303104.00            1.10
  2012.6191   1354303104.00            1.09
  2012.6219   1354303104.00            1.16
  2012.6246   1354303104.00            1.13
  2012.6274   1354303104.00            1.11
  2012.6301   1354303104.00            1.21
  2012.6329   1354303104.00            1.25
  2012.6356   1354303104.00            1.11
  2012.6383   1354303104.00            1.09
  2012.6411   1354303104.00            1.10
  2012.6438   1354303104.00            1.15
  2012.6466   1354303104.00            1.10
  2012.6493   1354303104.00            1.06
  2012.6521   1354303104.00            1.10
  2012.6548   1354303104.00            1.03
  2012.6576   1354303104.00            1.02
  2012.6603   1354303104.00            1.08
  2012.6630   1354303104.00            1.28
  2012.6658   1354303104.00            1.04
  2012.6685   1354303104.00            1.10
  2012.6713   1354303104.00            1.08
  2012.6740   1354303104.00            1.15
  2012.6768   1354303104.00            1.13
  2012.6794   1354303104.00            1.11
  2012.6823   1354303104.00            1.17
  2012.6849   1354303104.00            1.15
  2012.6876   1354303104.00            1.17
  2012.6904   1354303104.00            1.09
  2012.6931   1354303104.00            1.08
  2012.6959   1354303104.00            1.06
  2012.6986   1354303104.00            1.11
  2012.7014   1354303104.00            1.11
  2012.7041   1354303104.00            1.19
  2012.7069   1354303104.00            1.19
  2012.7096   1354303104.00            1.11
  2012.7123   1354303104.00            1.12
  2012.7151   1354303104.00            1.17
  2012.7178   1354303104.00            1.21
  2012.7206   1354303104.00            1.11
  2012.7233   1354303104.00            1.13
  2012.7261   1354303104.00            1.15
  2012.7288   1354303104.00            1.09
  2012.7316   1354303104.00            1.09
  2012.7343   1354303104.00            1.23
  2012.7369   1354303104.00            1.32
  2012.7397   1354303104.00            1.16
  2012.7424   1354303104.00            1.11
  2012.7452   1354303104.00            1.19
  2012.7479   1354303104.00            1.20
  2012.7507   1354303104.00            1.22
  2012.7534   1354303104.00            1.59
  2012.7561   1354303104.00            1.22
  2012.7589   1354303104.00            1.36
  2012.7616   1354303104.00            1.18
  2012.7644   1354303104.00            1.17
  2012.7671   1354303104.00            1.32
  2012.7699   1354303104.00            1.25
  2012.7726   1354303104.00            1.17
  2012.7754   1354303104.00            1.32
  2012.7781   1354303104.00            1.12
  2012.7808   1354303104.00            1.13
  2012.7836   1354303104.00            1.10
  2012.7863   1354303104.00            1.10
  2012.7891   1354303104.00            1.19
  2012.7917   1354303104.00            1.74
  2012.7946   1354303104.00            1.26
  2012.7972   1354303104.00            1.24
  2012.8000   1354303104.00            1.11
  2012.8027   1354303104.00            1.26
  2012.8054   1354303104.00            1.56
  2012.8082   1354303104.00            1.38
  2012.8109   1354303104.00            1.30
  2012.8137   1354303104.00            1.34
  2012.8164   1354303104.00            1.63
  2012.8192   1354303104.00            1.43
  2012.8219   1354303104.00            1.33
  2012.8247   1354303104.00            1.79
  2012.8301   1354303104.00            1.99
  2012.8329   1354303104.00            1.29
  2012.8356   1354303104.00            2.83
  2012.8384   1354303104.00            1.14
  2012.8411   1354303104.00            1.23
  2012.8439   1354303104.00            1.33
  2012.8466   1354303104.00            1.19
  2012.8494   1354303104.00            1.24
  2012.8521   1354303104.00            1.21
  2012.8547   1354303104.00            1.34
  2012.8575   1354303104.00            1.23
  2012.8602   1354303104.00            2.75
  2012.8685   1354303104.00            4.05
  2012.8712   1354303104.00            1.18
  2012.8740   1354303104.00            1.35
  2012.8767   1354303104.00            1.22
  2012.8794   1354303104.00            1.23
  2012.8822   1354303104.00            1.20
  2012.8849   1354303104.00            1.18
  2012.8877   1354303104.00            1.31
  2012.8904   1354303104.00            1.21
  2012.8932   1354303104.00            1.33
  2012.8959   1354303104.00            1.38
  2012.8987   1354303104.00            1.27
  2012.9014   1354303104.00            1.27
  2012.9041   1354303104.00            4.85
  2012.9069   1354303104.00            1.24
  2012.9095   1354303104.00            1.43
  2012.9150   1354303104.00           10.11
  2012.9178   1354303104.00            2.16
  2012.9233   1354303104.00            2.00
  2012.9260   1354303104.00            1.45
  2012.9287   1354303104.00            1.35
  2012.9315   1354303104.00            1.31
  2012.9342   1354303104.00            1.56
  2012.9370   1354303104.00            1.46
  2012.9397   1354303104.00            1.26
  2012.9425   1354303104.00            1.24
  2012.9452   1354303104.00            2.05
  2012.9480   1354303104.00            1.28
  2012.9507   1354303104.00            2.08
  2012.9534   1354303104.00            1.30
  2012.9562   1354303104.00            1.29
  2012.9589   1354303104.00            1.29
  2012.9617   1354303104.00            1.37
  2012.9644   1354303104.00            1.30
  2012.9672   1354303104.00            1.62
  2012.9698   1354303104.00            1.53
  2012.9727   1354303104.00            1.42
  2012.9753   1354303104.00            1.33
  2012.9780   1354303104.00            1.30
  2012.9808   1354303104.00            1.54
  2012.9863   1354303104.00            1.42
  2012.9890   1354303104.00            1.34
  2012.9918   1354303104.00            1.20
  2012.9945   1354303104.00            1.46
  2012.9973   1354303104.00            1.18
  2013.0000   1354303104.00            1.22
  2013.0027   1354303104.00            1.64
  2013.0027   1354303104.00            1.07
  2013.0055   1354303104.00            1.03
  2013.0082   1354303104.00            1.09
  2013.0110   1354303104.00            1.09
  2013.0137   1354303104.00            1.25
  2013.0165   1354303104.00            1.22
  2013.0192   1354303104.00            1.27
  2013.0220   1354303104.00            1.10
  2013.0247   1354303104.00            1.23
  2013.0273   1354303104.00            1.17
  2013.0302   1354303104.00            1.17
  2013.0328   1354303104.00            1.14
  2013.0356   1354303104.00            1.13
  2013.0383   1354303104.00            1.11
  2013.0411   1354303104.00            1.19
  2013.0438   1354303104.00            1.23
  2013.0466   1354303104.00            1.41
  2013.0493   1354303104.00            1.14
  2013.0520   1354303104.00            1.11
  2013.0548   1354303104.00            1.06
  2013.0575   1354303104.00            1.12
  2013.0603   1354303104.00            1.24
  2013.0630   1354303104.00            1.22
  2013.0685   1354303104.00            1.16
  2013.0713   1354303104.00            1.04
  2013.0740   1354303104.00            1.05
  2013.0767   1354303104.00            1.11
  2013.0822   1354303104.00            1.11
  2013.0850   1354303104.00            1.50
  2013.1013   1354303104.00            2.09
  2013.1206   1354303104.00            1.23
  2013.1233   1354303104.00            1.33
  2013.1315   1354303104.00            1.54
  2013.1370   1354303104.00            1.04
  2013.2356   1354303104.00            1.05
  2013.2384   1354303104.00            1.02
  2013.2466   1354303104.00            1.10
  2013.2493   1354303104.00            1.16
  2013.2548   1354303104.00            1.13
  2013.2712   1354303104.00            1.27
  2013.2794   1354303104.00            1.14
  2013.2822   1354303104.00            1.82
  2013.2904   1354303104.00            1.90
  2013.2931   1354303104.00            1.04
  2013.2959   1354303104.00            1.07
  2013.2986   1354303104.00            1.03
  2013.3014   1354303104.00            1.05
  2013.3041   1354303104.00            1.09
  2013.3069   1354303104.00            1.16
  2013.3096   1354303104.00            1.72
  2013.3124   1354303104.00            1.10
  2013.3151   1354303104.00            1.06
  2013.3177   1354303104.00            1.09
  2013.3206   1354303104.00            1.07
  2013.3232   1354303104.00            1.11
  2013.3479   1354303104.00            4.74
  2013.3562   1354303104.00            1.84
  2013.3589   1354303104.00            1.07
  2013.3617   1354303104.00            2.06
  2013.3644   1354303104.00            1.05
  2013.3671   1354303104.00            1.04
  2013.3699   1354303104.00            1.08
  2013.3945   1354303104.00            1.05
  2013.4000   1354303104.00            1.07
  2013.4027   1354303104.00            1.12
  2013.4055   1354303104.00            1.21
  2013.4082   1354303104.00            1.10
  2013.4110   1354303104.00            1.13
  2013.4137   1354303104.00            1.21
  2013.4164   1354303104.00            1.11
  2013.4192   1354303104.00            1.09
  2013.4219   1354303104.00            1.02
  2013.4247   1354303104.00            1.11
  2013.4274   1354303104.00            1.12
  2013.4302   1354303104.00            1.06
  2013.4329   1354303104.00            1.11
  2013.4357   1354303104.00            1.04
  2013.4384   1354303104.00            1.48
  2013.4410   1354303104.00            1.04
  2013.4438   1354303104.00            2.19
  2013.4520   1354303104.00            1.10
  2013.4548   1354303104.00            1.31
  2013.4575   1354303104.00            1.10
  2013.4603   1354303104.00            1.08
  2013.4630   1354303104.00            1.09
  2013.4657   1354303104.00            1.08
  2013.4685   1354303104.00            1.08
  2013.4712   1354303104.00            1.12
  2013.4740   1354303104.00            1.04
  2013.4767   1354303104.00            1.05
  2013.4795   1354303104.00            1.00
  2013.4822   1354303104.00            1.04
  2013.4850   1354303104.00            1.07
  2013.4877   1354303104.00            1.14
  2013.4904   1354303104.00            1.16
  2013.4932   1354303104.00            1.11
  2013.4958   1354303104.00            1.04
  2013.4987   1354303104.00            1.01
  2013.5013   1354303104.00            1.06
  2013.5042   1354303104.00            1.08
  2013.5068   1354303104.00            1.11
  2013.5096   1354303104.00            1.07
  2013.5123   1354303104.00            1.04
  2013.5150   1354303104.00            1.03
  2013.5178   1354303104.00            1.04
  2013.5205   1354303104.00            1.10
  2013.5233   1354303104.00            1.10
  2013.5260   1354303104.00            1.04
  2013.5288   1354303104.00            1.05
  2013.5315   1354303104.00            1.82
  2013.5343   1354303104.00            1.07
  2013.5370   1354303104.00            1.04
  2013.5397   1354303104.00            1.00
  2013.5425   1354303104.00            1.49
  2013.5452   1354303104.00            1.01
  2013.5480   1354303104.00            1.01
  2013.5507   1354303104.00            0.69
  2013.5535   1354303104.00            1.00
  2013.5562   1354303104.00            1.01
  2013.5590   1354303104.00            0.98
  2013.5616   1354303104.00            0.99
  2013.5643   1354303104.00            1.04
  2013.5671   1354303104.00            1.08
  2013.5698   1354303104.00            1.00
  2013.5726   1354303104.00            0.98
  2013.5753   1354303104.00            1.00
  2013.5781   1354303104.00            1.03
  2013.5808   1354303104.00            1.00
  2013.5836   1354303104.00            0.97
  2013.5863   1354303104.00            1.02
  2013.5890   1354303104.00            1.05
  2013.5918   1354303104.00            1.09
  2013.5945   1354303104.00            1.08
  2013.5973   1354303104.00            1.07
  2013.6000   1354303104.00            1.14
  2013.6028   1354303104.00            1.07
  2013.6055   1354303104.00            0.97
  2013.6083   1354303104.00            1.01
  2013.6110   1354303104.00            1.04
  2013.6136   1354303104.00            1.10
  2013.6165   1354303104.00            1.02
  2013.6191   1354303104.00            0.98
  2013.6219   1354303104.00            1.03
  2013.6246   1354303104.00            1.05
  2013.6274   1354303104.00            0.97
  2013.6301   1354303104.00            1.00
  2013.6329   1354303104.00            1.04
  2013.6356   1354303104.00            1.02
  2013.6383   1354303104.00            1.37
  2013.6411   1354303104.00            0.98
  2013.6438   1354303104.00            1.00
  2013.6466   1354303104.00            1.05
  2013.6493   1354303104.00            1.03
  2013.6521   1354303104.00            0.99
  2013.6548   1354303104.00            1.01
  2013.6576   1354303104.00            1.02
  2013.6603   1354303104.00            1.00
  2013.6630   1354303104.00            1.00
  2013.6658   1354303104.00            1.11
  2013.6685   1354303104.00            1.05
  2013.6713   1354303104.00            1.10
  2013.6740   1354303104.00            1.31
  2013.6768   1354303104.00            1.27
  2013.6794   1354303104.00            1.18
  2013.6823   1354303104.00            1.21
  2013.6849   1354303104.00            1.18
  2013.6876   1354303104.00            1.22
  2013.6904   1354303104.00            1.16
  2013.6931   1354303104.00            1.17
  2013.6959   1354303104.00            1.14
  2013.6986   1354303104.00            1.19
  2013.7014   1354303104.00            1.09
  2013.7041   1354303104.00            1.15
  2013.7069   1354303104.00            1.14
  2013.7096   1354303104.00            1.11
  2013.7123   1354303104.00            1.18
  2013.7151   1354303104.00            1.10
  2013.7178   1354303104.00            1.14
  2013.7206   1354303104.00            1.16
  2013.7233   1354303104.00            1.22
  2013.7261   1354303104.00            1.51
  2013.7316   1354303104.00            1.12
  2013.7343   1354303104.00            1.13
  2013.7369   1354303104.00            1.29
  2013.7397   1354303104.00            1.22
  2013.7424   1354303104.00            1.22
  2013.7561   1354303104.00            1.16
  2013.7589   1354303104.00            1.22
  2013.7616   1354303104.00            1.30
  2013.7644   1354303104.00            1.15
  2013.7671   1354303104.00            1.31
  2013.7699   1354303104.00            1.18
  2013.7726   1354303104.00            1.16
  2013.7754   1354303104.00            1.27
  2013.7781   1354303104.00            1.31
  2013.7808   1354303104.00            1.26
  2013.7836   1354303104.00            1.25
  2013.7863   1354303104.00            1.34
  2013.7891   1354303104.00            1.18
  2013.7917   1354303104.00            1.24
  2013.7946   1354303104.00            1.26
  2013.7972   1354303104.00            1.18
  2013.8000   1354303104.00            1.24
  2013.8027   1354303104.00            1.34
  2013.8054   1354303104.00            1.28
  2013.8082   1354303104.00            1.21
  2013.8109   1354303104.00            1.15
  2013.8137   1354303104.00            2.51
  2013.8164   1354303104.00            1.21
  2013.8192   1354303104.00            1.06
  2013.8219   1354303104.00            1.10
  2013.8247   1354303104.00            1.12
  2013.8274   1354303104.00            1.21
  2013.8301   1354303104.00            1.97
  2013.8466   1354303104.00            1.06
  2013.8494   1354303104.00            1.19
  2013.8521   1354303104.00            1.10
  2013.8547   1354303104.00            1.20
  2013.8575   1354303104.00            1.16
  2013.8602   1354303104.00            1.22
  2013.8630   1354303104.00            1.19
  2013.8657   1354303104.00            1.16
  2013.8685   1354303104.00            1.15
  2013.8712   1354303104.00            1.20
  2013.8740   1354303104.00            1.23
  2013.8767   1354303104.00            1.08
  2013.8794   1354303104.00            1.10
  2013.8822   1354303104.00            1.17
  2013.8849   1354303104.00            2.02
  2013.9041   1354303104.00            2.47
  2013.9124   1354303104.00            1.10
  2013.9150   1354303104.00            1.13
  2013.9178   1354303104.00            1.11
  2013.9205   1354303104.00            1.20
  2013.9233   1354303104.00            1.37
  2013.9260   1354303104.00            1.13
  2013.9287   1354303104.00            1.20
  2013.9315   1354303104.00            1.17
  2013.9342   1354303104.00            1.14
  2013.9370   1354303104.00            1.22
  2013.9397   1354303104.00            1.22
  2013.9425   1354303104.00            1.16
  2013.9452   1354303104.00            1.26
  2013.9480   1354303104.00            1.21
  2013.9507   1354303104.00            1.16
  2013.9534   1354303104.00            1.22
  2013.9562   1354303104.00            1.12
  2013.9589   1354303104.00            1.26
  2013.9617   1354303104.00            1.16
  2013.9644   1354303104.00            1.19
  2013.9672   1354303104.00            1.14
  2013.9698   1354303104.00            1.15
  2013.9727   1354303104.00            1.17
  2013.9753   1354303104.00            1.18
  2013.9780   1354303104.00            1.17
  2013.9808   1354303104.00            1.13
  2013.9835   1354303104.00            1.21
  2013.9863   1354303104.00            1.24
  2013.9890   1354303104.00            1.36
  2013.9918   1354303104.00            1.17
  2013.9945   1354303104.00            1.28
  2013.9973   1354303104.00            1.15
  2014.0000   1354303104.00            1.26
  2014.0027   1354303104.00            1.24
  2014.0055   1354303104.00            1.42
  2014.0082   1354303104.00            1.20
  2014.0110   1354303104.00            1.21
  2014.0137   1354303104.00            1.24
  2014.0165   1354303104.00            1.29
  2014.0192   1354303104.00            1.29
  2014.0220   1354303104.00            1.34
  2014.0247   1354303104.00            1.31
  2014.0273   1354303104.00            1.39
  2014.0302   1354303104.00            1.31
  2014.0328   1354303104.00            1.26
  2014.0356   1354303104.00            1.15
  2014.0383   1354303104.00            1.30
  2014.0411   1354303104.00            1.22
  2014.0438   1354303104.00            1.29
  2014.0466   1354303104.00            1.29
  2014.0493   1354303104.00            1.18
  2014.0548   1354303104.00            1.22
  2014.0575   1354303104.00            1.34
  2014.0603   1354303104.00            1.22
  2014.0630   1354303104.00            1.44
  2014.0658   1354303104.00            1.35
  2014.0685   1354303104.00            2.58
  2014.0767   1354303104.00            1.36
  2014.0795   1354303104.00            1.29
  2014.0822   1354303104.00            1.46
  2014.0850   1354303104.00            2.05
  2014.0876   1354303104.00            1.37
  2014.0905   1354303104.00            1.27
  2014.0931   1354303104.00            1.35
  2014.0959   1354303104.00            1.28
  2014.0986   1354303104.00            1.41
  2014.1013   1354303104.00            1.26
  2014.1041   1354303104.00            1.35
  2014.1068   1354303104.00            1.23
  2014.1096   1354303104.00            1.35
  2014.1123   1354303104.00            1.32
  2014.1151   1354303104.00            1.38
  2014.1178   1354303104.00            1.36
  2014.1206   1354303104.00            1.33
  2014.1233   1354303104.00            1.44
  2014.1260   1354303104.00            1.33
  2014.1288   1354303104.00            1.29
  2014.1315   1354303104.00            1.35
  2014.1343   1354303104.00            1.36
  2014.1370   1354303104.00            1.45
  2014.1398   1354303104.00            1.40
  2014.1425   1354303104.00            1.50
  2014.1453   1354303104.00            1.48
  2014.1479   1354303104.00            1.34
  2014.1506   1354303104.00            1.29
  2014.1534   1354303104.00            1.45
  2014.1561   1354303104.00            1.42
  2014.1589   1354303104.00            1.49
  2014.1616   1354303104.00            1.22
  2014.1644   1354303104.00            1.37
  2014.1671   1354303104.00            1.42
  2014.1699   1354303104.00            1.60
  2014.1726   1354303104.00            1.42
  2014.1753   1354303104.00            1.39
  2014.1781   1354303104.00            1.38
  2014.1808   1354303104.00            1.39
  2014.1836   1354303104.00            1.85
  2014.1863   1354303104.00            1.41
  2014.1891   1354303104.00            1.40
  2014.1918   1354303104.00            2.00
  2014.1946   1354303104.00            1.37
  2014.1973   1354303104.00            1.38
  2014.2000   1354303104.00            1.36
  2014.2028   1354303104.00            1.38
  2014.2054   1354303104.00            1.40
  2014.2083   1354303104.00            1.49
  2014.2109   1354303104.00            1.31
  2014.2137   1354303104.00            1.38
  2014.2164   1354303104.00            1.51
  2014.2192   1354303104.00            1.35
  2014.2219   1354303104.00            1.29
  2014.2246   1354303104.00            1.22
  2014.2274   1354303104.00            1.33
  2014.2301   1354303104.00            1.43
  2014.2329   1354303104.00            1.37
  2014.2356   1354303104.00            1.36
  2014.2384   1354303104.00            1.49
  2014.2411   1354303104.00            1.47
  2014.2439   1354303104.00            1.54
  2014.2466   1354303104.00            1.45
  2014.2493   1354303104.00            1.24
  2014.2521   1354303104.00            1.23
  2014.2548   1354303104.00            1.34
  2014.2576   1354303104.00            1.30
  2014.2603   1354303104.00            1.35
  2014.2631   1354303104.00            1.22
  2014.2657   1354303104.00            1.30
  2014.2684   1354303104.00            1.37
  2014.2712   1354303104.00            1.28
  2014.2739   1354303104.00            1.30
  2014.2767   1354303104.00            1.38
  2014.2794   1354303104.00            1.27
  2014.2822   1354303104.00            1.13
  2014.2849   1354303104.00            1.11
  2014.2877   1354303104.00            1.18
  2014.2904   1354303104.00            1.16
  2014.2931   1354303104.00            1.21
  2014.2959   1354303104.00            1.15
  2014.2986   1354303104.00            1.10
  2014.3014   1354303104.00            1.13
  2014.3041   1354303104.00            1.23
  2014.3069   1354303104.00            1.11
  2014.3096   1354303104.00            1.12
  2014.3124   1354303104.00            1.18
  2014.3151   1354303104.00            1.11
  2014.3177   1354303104.00            1.08
  2014.3206   1354303104.00            1.10
  2014.3232   1354303104.00            1.07
  2014.3260   1354303104.00            1.13
  2014.3287   1354303104.00            1.23
  2014.3315   1354303104.00            1.19
  2014.3342   1354303104.00            1.11
  2014.3370   1354303104.00            1.20
  2014.3397   1354303104.00            1.21
  2014.3424   1354303104.00            1.16
  2014.3452   1354303104.00            1.11
  2014.3479   1354303104.00            1.08
  2014.3507   1354303104.00            1.10
  2014.3534   1354303104.00            1.19
  2014.3562   1354303104.00            1.14
  2014.3589   1354303104.00            1.11
  2014.3617   1354303104.00            1.10
  2014.3644   1354303104.00            1.09
  2014.3671   1354303104.00            1.17
  2014.3699   1354303104.00            1.10
  2014.3726   1354303104.00            1.12
  2014.3754   1354303104.00            1.16
  2014.3781   1354303104.00            1.13
  2014.3809   1354303104.00            1.04
  2014.3835   1354303104.00            1.10
  2014.3864   1354303104.00            1.23
  2014.3890   1354303104.00            1.17
  2014.3917   1354303104.00            1.14
  2014.3945   1354303104.00            1.12
  2014.3972   1354303104.00            1.12
  2014.4000   1354303104.00            1.12
  2014.4027   1354303104.00            1.06
  2014.4055   1354303104.00            1.15
  2014.4082   1354303104.00            1.19
  2014.4110   1354303104.00            1.10
  2014.4137   1354303104.00            1.10
  2014.4164   1354303104.00            1.11
  2014.4192   1354303104.00            1.11
  2014.4219   1354303104.00            1.11
  2014.4247   1354303104.00            1.20
  2014.4274   1354303104.00            1.20
  2014.4302   1354303104.00            1.15
  2014.4329   1354303104.00            1.15
  2014.4357   1354303104.00            1.16
  2014.4384   1354303104.00            1.12
  2014.4410   1354303104.00            1.13
  2014.4438   1354303104.00            1.18
  2014.4465   1354303104.00            1.20
  2014.4493   1354303104.00            1.10
  2014.4520   1354303104.00            1.13
  2014.4548   1354303104.00            1.11
  2014.4575   1354303104.00            1.07
  2014.4603   1354303104.00            1.04
