  2013.0328            0.00            0.17
  2013.0356            1.93            0.18
  2013.0383            2.55            0.15
  2013.0411           -2.98            0.18
  2013.0438           -1.53            0.18
  2013.0466           -0.78            0.26
  2013.0493           -0.08            0.13
  2013.0520            2.82            0.19
  2013.0548            3.74            0.18
  2013.0575           -0.22            0.17
  2013.0603            7.03            0.42
  2013.0630           -4.13            0.19
  2013.0658            2.69            0.21
  2013.0685            2.89            0.16
  2013.0713            2.10            0.14
  2013.0740          -16.76            0.18
  2013.0767           -1.24            0.18
  2013.0795           -2.75            0.19
  2013.0822           -7.25            0.44
  2013.0850           -9.10            0.10
  2013.0876            7.13            0.15
  2013.0905           -4.49            0.45
  2013.0931            6.24            0.04
  2013.0959            2.11            0.20
  2013.1013           -5.51            0.05
  2013.1206            3.34            0.19
  2013.1233           -2.06            0.25
  2013.1315            2.82            0.17
  2013.1343           -5.95            0.19
  2013.1370           -5.72            0.17
