  2012.0027            0.00            0.16
  2012.0055           -0.18            0.17
  2012.0082            0.00            0.16
  2012.0110            1.38            0.16
  2012.0137           -0.49            0.18
  2012.0165           -1.47            0.16
  2012.0192           -0.66            0.18
  2012.0220            0.26            0.17
  2012.0247           -2.80            0.24
  2012.0273            0.93            0.20
  2012.0302            2.29            0.19
  2012.0328            0.38            0.17
  2012.0356            1.64            0.18
  2012.0383            1.03            0.18
  2012.0411           -0.33            0.21
  2012.0438            3.28            0.18
  2012.0466            1.86            0.20
  2012.0493            2.74            0.23
  2012.0520            2.67            0.20
  2012.0548            0.78            0.20
  2012.0603            1.80            0.19
  2012.0630            2.76            0.19
  2012.0658            1.44            0.19
  2012.0685            2.69            0.23
  2012.0713            4.81            0.24
  2012.0740            2.53            0.22
  2012.0767            1.97            0.26
  2012.0795            4.11            0.22
  2012.0822            7.86            0.19
  2012.0850            4.44            0.18
  2012.0876            6.14            0.18
  2012.0905            4.17            0.21
  2012.0931            4.40            0.17
  2012.0959            2.40            0.20
  2012.0986            2.88            0.17
  2012.1013            3.19            0.19
  2012.1041            3.81            0.20
  2012.1068            4.77            0.17
  2012.1096            3.42            0.17
  2012.1123            3.24            0.16
  2012.1151            1.88            0.18
  2012.1178            1.78            0.19
  2012.1206            4.35            0.19
  2012.1233            2.12            0.18
  2012.1260            3.70            0.17
  2012.1288            2.59            0.19
  2012.1315            0.76            0.20
  2012.1343            4.57            0.18
  2012.1370            2.52            0.21
  2012.1398            1.20            0.17
  2012.1425            2.88            0.15
  2012.1453            1.11            0.17
  2012.1479            1.63            0.16
  2012.1506            3.29            0.16
  2012.1534            1.60            0.18
  2012.1561            4.54            0.19
  2012.1589            5.36            0.19
  2012.1616            4.77            0.16
  2012.1644            4.73            0.16
  2012.1671            2.93            0.19
  2012.1699            1.21            0.15
  2012.1726            9.12            0.18
  2012.1753            6.37            0.17
  2012.1781           -6.19            0.20
  2012.1808            4.02            0.18
  2012.1836            6.96            0.19
  2012.1863            5.73            0.15
  2012.1891            4.52            0.16
  2012.1918            2.97            0.17
  2012.1946            1.26            0.18
  2012.1973            3.11            0.18
  2012.2000            2.10            0.18
  2012.2028            4.94            0.18
  2012.2054            2.89            0.20
  2012.2083            3.31            0.19
  2012.2109            4.11            0.23
  2012.2137            3.46            0.18
  2012.2164            2.38            0.18
  2012.2192            3.73            0.15
  2012.2219            2.42            0.19
  2012.2246            2.61            0.20
  2012.2274            3.19            0.17
  2012.2301            1.62            0.18
  2012.2329            2.75            0.17
  2012.2356            3.32            0.18
  2012.2384            4.32            0.17
  2012.2411            3.74            0.17
  2012.2439            2.41            0.17
  2012.2466            3.72            0.17
  2012.2493            3.49            0.19
  2012.2521            3.72            0.19
  2012.2548            4.40            0.22
  2012.2576            4.40            0.17
  2012.2603            0.78            0.19
  2012.2631            1.40            0.18
  2012.2657            1.89            0.16
  2012.2684            5.84            0.17
  2012.2712            4.62            0.18
  2012.2739            6.27            0.18
  2012.2767            6.34            0.17
  2012.2794            5.69            0.17
  2012.2822            5.56            0.17
  2012.2849            5.75            0.19
  2012.2877            5.04            0.18
  2012.2904            4.99            0.21
  2012.2931            5.80            0.18
  2012.2959            5.96            0.18
  2012.2986            6.99            0.22
  2012.3014            6.28            0.17
  2012.3041            7.52            0.20
  2012.3069            3.80            0.29
  2012.3096            6.81            0.16
  2012.3124            7.07            0.16
  2012.3151            8.61            0.17
  2012.3177            6.82            0.17
  2012.3206            7.54            0.15
  2012.3232            7.73            0.14
  2012.3260            8.50            0.18
  2012.3287            6.23            0.17
  2012.3315            4.19            0.18
  2012.3342            6.65            0.15
  2012.3370            2.97            0.18
  2012.3397            6.36            0.17
  2012.3424            7.06            0.17
  2012.3452            6.81            0.17
  2012.3479            6.81            0.19
  2012.3507            6.48            0.17
  2012.3534            7.61            0.17
  2012.3562            8.07            0.17
  2012.3589            8.42            0.18
  2012.3617            5.72            0.20
  2012.3644            8.26            0.17
  2012.3671            6.64            0.17
  2012.3699            7.42            0.17
  2012.3726            7.40            0.18
  2012.3754            9.15            0.19
  2012.3781            6.04            0.18
  2012.3809            5.79            0.18
  2012.3835            6.27            0.18
  2012.3864            6.28            0.17
  2012.3890            7.17            0.17
  2012.3917            8.19            0.17
  2012.3945            7.74            0.17
  2012.3972            8.74            0.17
  2012.4000            9.60            0.17
  2012.4027            8.31            0.18
  2012.4055           10.45            0.20
  2012.4082            9.84            0.19
  2012.4110           10.94            0.18
  2012.4137            7.69            0.18
  2012.4164            8.84            0.16
  2012.4192           10.12            0.15
  2012.4219            9.71            0.17
  2012.4247            9.04            0.16
  2012.4274            8.94            0.16
  2012.4302            8.73            0.16
  2012.4329            8.35            0.15
  2012.4357            8.28            0.15
  2012.4384            8.48            0.15
  2012.4410            8.34            0.17
  2012.4438            8.31            0.15
  2012.4465            8.22            0.17
  2012.4493            5.74            0.17
  2012.4520            8.37            0.18
  2012.4548            9.87            0.16
  2012.4575            9.14            0.16
  2012.4603           10.04            0.16
  2012.4630            9.22            0.16
  2012.4657            9.82            0.15
  2012.4685            9.38            0.22
  2012.4712           11.39            0.17
  2012.4740           10.55            0.16
  2012.4767           17.15            0.16
  2012.4795           11.04            0.16
  2012.4822            8.09            0.15
  2012.4850            9.57            0.15
  2012.4877            9.72            0.15
  2012.4904           10.31            0.16
  2012.4932           11.20            0.16
  2012.4958           12.82            0.16
  2012.4987           12.89            0.16
  2012.5013            7.76            0.17
  2012.5042            7.05            0.16
  2012.5068            7.69            0.16
  2012.5096            7.81            0.16
  2012.5123            8.53            0.24
  2012.5150            7.51            0.23
  2012.5178            8.39            0.16
  2012.5205            9.89            0.16
  2012.5233            8.64            0.17
  2012.5260            7.88            0.16
  2012.5288           10.05            0.16
  2012.5315            7.37            0.16
  2012.5343            8.17            0.15
  2012.5370            9.09            0.15
  2012.5397           10.00            0.15
  2012.5425           10.39            0.16
  2012.5452           10.06            0.16
  2012.5480            9.76            0.16
  2012.5507           11.55            0.17
  2012.5535           10.06            0.16
  2012.5562            9.65            0.16
  2012.5590           11.23            0.15
  2012.5616            9.83            0.15
  2012.5643            9.60            0.15
  2012.5671            8.98            0.15
  2012.5698            9.03            0.15
  2012.5726            9.06            0.15
  2012.5753            9.59            0.16
  2012.5781           10.57            0.16
  2012.5808            9.85            0.15
  2012.5836           10.68            0.15
  2012.5863           10.17            0.16
  2012.5890            9.87            0.16
  2012.5918            9.17            0.16
  2012.5945            9.98            0.15
  2012.5973           10.93            0.25
  2012.6000            9.49            0.16
  2012.6028            8.65            0.16
  2012.6055           12.59            0.24
  2012.6083           10.07            0.19
  2012.6110           10.51            0.18
  2012.6136           11.21            0.19
  2012.6165           10.91            0.19
  2012.6191           13.07            0.19
  2012.6219           12.27            0.21
  2012.6246           10.27            0.20
  2012.6274            9.87            0.20
  2012.6301           10.64            0.21
  2012.6329           11.02            0.19
  2012.6356           14.68            0.19
  2012.6383           12.03            0.19
  2012.6411           12.30            0.19
  2012.6438            8.26            0.21
  2012.6466           11.95            0.17
  2012.6493           11.30            0.16
  2012.6521           11.70            0.17
  2012.6548           12.15            0.15
  2012.6576           12.18            0.16
  2012.6603           12.83            0.15
  2012.6630           13.06            0.24
  2012.6658           11.62            0.16
  2012.6685           15.53            0.16
  2012.6713            9.90            0.16
  2012.6740           11.88            0.18
  2012.6768            9.77            0.17
  2012.6794           11.69            0.17
  2012.6823           12.43            0.18
  2012.6849           12.07            0.17
  2012.6876           12.96            0.17
  2012.6904           10.21            0.16
  2012.6931           11.28            0.16
  2012.6959           12.36            0.16
  2012.6986           11.55            0.23
  2012.7014           11.92            0.16
  2012.7041           11.35            0.25
  2012.7069           11.87            0.16
  2012.7096           15.55            0.17
  2012.7123           14.27            0.17
  2012.7151           12.91            0.17
  2012.7178           11.83            0.19
  2012.7206           14.09            0.16
  2012.7233           14.46            0.18
  2012.7261           12.39            0.17
  2012.7288           12.88            0.16
  2012.7316           13.52            0.16
  2012.7343           14.00            0.18
  2012.7369           14.64            0.19
  2012.7397           14.38            0.18
  2012.7424           15.03            0.24
  2012.7452           16.21            0.24
  2012.7479           15.63            0.18
  2012.7507           17.19            0.26
  2012.7534           12.75            0.23
  2012.7561           13.97            0.18
  2012.7589           15.20            0.20
  2012.7616           12.86            0.18
  2012.7644           15.55            0.17
  2012.7671           13.21            0.25
  2012.7699           14.42            0.26
  2012.7726           15.56            0.24
  2012.7754           18.01            0.27
  2012.7781           16.73            0.22
  2012.7808           16.34            0.22
  2012.7836           16.00            0.22
  2012.7863           15.09            0.22
  2012.7891           14.44            0.25
  2012.7917           13.41            0.24
  2012.7946           12.92            0.25
  2012.7972           16.29            0.25
  2012.8000           14.40            0.23
  2012.8027           14.43            0.27
  2012.8054           13.74            0.29
  2012.8082           17.65            0.28
  2012.8109           18.28            0.27
  2012.8137           18.34            0.29
  2012.8164           17.29            0.25
  2012.8192           18.18            0.26
  2012.8219           15.13            0.28
  2012.8247           18.08            0.27
  2012.8274           18.37            0.25
  2012.8301           18.49            0.30
  2012.8329           18.23            0.26
  2012.8356           21.20            0.26
  2012.8384           18.49            0.24
  2012.8411           21.29            0.23
  2012.8439           20.70            0.28
  2012.8466           22.78            0.24
  2012.8494           19.50            0.23
  2012.8521           21.57            0.26
  2012.8547           21.73            0.21
  2012.8575           18.90            0.22
  2012.8602           19.45            0.23
  2012.8630           21.38            0.28
  2012.8657           18.59            0.25
  2012.8685           23.42            0.26
  2012.8712           18.59            0.24
  2012.8740           21.78            0.20
  2012.8767           21.84            0.25
  2012.8794           21.12            0.19
  2012.8822           34.85            0.23
  2012.8849           28.42            0.22
  2012.8877           32.76            0.20
  2012.8904           29.41            0.20
  2012.8932           38.24            0.22
  2012.8959           32.43            0.23
  2012.8987           35.43            0.24
  2012.9014           32.44            0.21
  2012.9041           35.07            0.84
  2012.9069           34.08            0.21
  2012.9095           36.55            0.20
  2012.9124           39.70            0.23
  2012.9150           38.47            0.28
  2012.9178           35.36            0.21
  2012.9205           38.74            0.21
  2012.9233           40.83            0.34
  2012.9260           43.63            0.23
  2012.9287           37.11            0.22
  2012.9315           42.37            0.21
  2012.9342           40.89            0.26
  2012.9370           39.48            0.24
  2012.9397           36.75            0.21
  2012.9425           29.84            0.20
  2012.9452           41.68            0.21
  2012.9480           38.99            0.23
  2012.9507           43.86            0.21
  2012.9534           38.64            0.21
  2012.9562           37.07            0.21
  2012.9589           41.33            0.22
  2012.9617           44.05            0.23
  2012.9644           41.16            0.21
  2012.9672           38.62            0.25
  2012.9698           38.22            0.25
  2012.9727           37.24            0.23
  2012.9753           36.06            0.21
  2012.9780           41.16            0.22
  2012.9808           37.29            0.22
  2012.9835           39.93            0.28
  2012.9863           42.94            0.22
  2012.9890           36.40            0.22
  2012.9918           40.75            0.20
  2012.9945           35.19            0.20
  2012.9973           39.58            0.20
  2013.0000           34.31            0.21
  2013.0027           40.52            0.24
  2013.0027           34.71            0.19
  2013.0055           39.40            0.19
  2013.0082           35.28            0.21
  2013.0110           37.08            0.19
  2013.0137           39.42            0.22
  2013.0165           36.77            0.21
  2013.0192           41.79            0.23
  2013.0220           41.78            0.20
  2013.0247           39.44            0.23
  2013.0273           37.43            0.21
  2013.0302           37.16            0.20
  2013.0328           35.53            0.21
  2013.0356           39.49            0.19
  2013.0383           42.38            0.20
  2013.0411           37.64            0.20
  2013.0438           38.36            0.23
  2013.0466           41.70            0.24
  2013.0493           42.48            0.20
  2013.0520           39.41            0.20
  2013.0548           43.13            0.19
  2013.0575           41.75            0.21
  2013.0603           43.66            0.21
  2013.0630           39.14            0.23
  2013.0658           42.57            0.22
  2013.0685           38.36            0.22
  2013.0713           42.60            0.19
  2013.0740           38.93            0.18
  2013.0767           40.93            0.20
  2013.0795           42.55            0.20
  2013.0822           36.31            0.20
  2013.0850           42.02            0.21
  2013.0876           38.65            0.20
  2013.0905           46.17            0.21
  2013.0931           37.65            0.20
  2013.0959           38.63            0.19
  2013.0986           40.52            0.21
  2013.1013           34.51            0.24
  2013.1041           38.00            0.19
  2013.1068           42.77            0.21
  2013.1096           42.87            0.21
  2013.1123           49.67            0.21
  2013.1151           45.79            0.22
  2013.1178           46.23            0.22
  2013.1206           42.40            0.20
  2013.1233           38.23            0.21
  2013.1260           43.97            0.22
  2013.1288           46.35            0.23
  2013.1315           43.32            0.20
  2013.1343           44.19            0.19
  2013.1370           34.16            0.19
  2013.1398           42.00            0.20
  2013.1425           40.01            0.21
  2013.1453           38.19            0.20
  2013.1479           46.78            0.20
  2013.1506           42.18            0.20
  2013.1534           39.16            0.19
  2013.1561           40.69            0.20
  2013.1589           37.92            0.20
  2013.1616           41.68            0.20
  2013.1644           38.72            0.20
  2013.1671           44.34            0.20
  2013.1699           46.76            0.19
  2013.1726           38.22            0.17
  2013.1753           42.73            0.22
  2013.1781           44.75            0.20
  2013.1808           45.16            0.20
  2013.1863           43.44            0.22
  2013.1918           43.71            0.22
  2013.2000           42.77            0.19
  2013.2028           42.95            0.19
  2013.2054           42.98            0.20
  2013.2083           43.41            0.21
  2013.2109           47.10            0.19
  2013.2164           46.21            0.22
  2013.2192           45.29            0.20
  2013.2219           43.05            0.19
  2013.2246           47.79            0.20
  2013.2274           49.53            0.21
  2013.2301           44.65            0.20
  2013.2329           42.88            0.21
  2013.2356           42.72            0.19
  2013.2384           44.72            0.19
  2013.2411           45.55            0.21
  2013.2439           47.84            0.19
  2013.2466           47.46            0.19
  2013.2493           46.49            0.18
  2013.2548           45.16            0.20
  2013.2576           45.00            0.19
  2013.2603           47.98            0.21
  2013.2631           46.62            0.20
  2013.2657           45.94            0.39
  2013.2684           44.93            0.20
  2013.2712           46.48            0.21
  2013.2794           41.32            0.20
  2013.2822           44.58            0.19
  2013.2849           45.84            0.18
  2013.2877           42.61            0.19
  2013.2904           47.08            0.18
  2013.2931           46.33            0.19
  2013.2959           45.41            0.19
  2013.2986           42.04            0.19
  2013.3014           46.08            0.19
  2013.3041           45.01            0.19
  2013.3069           45.10            0.18
  2013.3096           46.95            0.20
  2013.3124           45.64            0.19
  2013.3151           46.57            0.17
  2013.3177           45.24            0.20
  2013.3206           44.80            0.20
  2013.3232           44.13            0.19
  2013.3260           46.85            0.19
  2013.3287           45.46            0.18
  2013.3315           43.43            0.20
  2013.3342           43.95            0.21
  2013.3370           43.67            0.22
  2013.3397           45.06            0.20
  2013.3424           43.36            0.17
  2013.3452           47.10            0.20
  2013.3479           46.03            0.18
  2013.3562           46.71            0.22
  2013.3589           46.10            0.19
  2013.3617           45.72            0.36
  2013.3644           41.65            0.19
  2013.3671           44.48            0.19
  2013.3699           41.97            0.18
  2013.3726           40.53            0.18
  2013.3754           41.36            0.18
  2013.3781           43.84            0.19
  2013.3809           43.84            0.29
  2013.3835           43.86            0.18
  2013.3864           44.75            0.17
  2013.3890           45.04            0.17
  2013.3917           46.09            0.18
  2013.3945           48.43            0.17
  2013.4000           48.83            0.19
  2013.4027           46.45            0.19
  2013.4055           55.71            0.21
  2013.4082           46.83            0.19
  2013.4110           48.02            0.19
  2013.4137           49.54            0.21
  2013.4164           50.49            0.21
  2013.4192           51.66            0.20
  2013.4219           49.37            0.18
  2013.4247           50.92            0.19
  2013.4274           47.00            0.20
  2013.4302           49.44            0.17
  2013.4329           48.03            0.20
  2013.4357           49.21            0.18
  2013.4384           50.58            0.19
  2013.4410           50.77            0.18
  2013.4438           51.46            0.18
  2013.4465           51.57            0.19
  2013.4493           50.66            0.19
  2013.4520           50.81            0.19
  2013.4548           51.07            0.20
  2013.4575           47.87            0.19
  2013.4603           45.22            0.19
  2013.4630           47.18            0.19
  2013.4657           44.64            0.18
  2013.4685           44.46            0.18
  2013.4712           47.23            0.19
  2013.4740           45.24            0.18
  2013.4767           46.42            0.18
  2013.4795           44.86            0.18
  2013.4822           46.20            0.18
  2013.4850           54.94            0.19
  2013.4877           52.66            0.19
  2013.4904           50.00            0.20
  2013.4932           50.97            0.21
  2013.4958           50.30            0.19
  2013.4987           49.57            0.19
  2013.5013           51.18            0.20
  2013.5042           51.04            0.19
  2013.5068           49.31            0.19
  2013.5096           53.80            0.21
  2013.5123           47.74            0.19
  2013.5150           46.93            0.18
  2013.5178           45.42            0.17
  2013.5205           48.35            0.19
  2013.5233           49.75            0.19
  2013.5260           51.23            0.18
  2013.5288           48.47            0.18
  2013.5315           54.41            0.19
  2013.5343           49.45            0.18
  2013.5370           49.08            0.19
  2013.5397           50.50            0.18
  2013.5425           51.11            0.18
  2013.5452           47.25            0.19
  2013.5480           48.34            0.19
  2013.5507           48.56            0.17
  2013.5535           48.83            0.18
  2013.5562           47.18            0.17
  2013.5590           46.35            0.18
  2013.5616           48.70            0.18
  2013.5643           50.78            0.19
  2013.5671           49.21            0.20
  2013.5698           49.06            0.18
  2013.5726           50.26            0.17
  2013.5753           50.79            0.18
  2013.5781           50.64            0.18
  2013.5808           49.40            0.18
  2013.5836           48.10            0.18
  2013.5863           49.57            0.18
  2013.5890           51.12            0.18
  2013.5918           54.06            0.20
  2013.5945           53.56            0.19
  2013.5973           53.88            0.19
  2013.6000           48.41            0.20
  2013.6028           49.36            0.19
  2013.6055           48.47            0.18
  2013.6083           49.37            0.18
  2013.6110           46.26            0.18
  2013.6136           51.16            0.16
  2013.6165           46.25            0.16
  2013.6191           48.35            0.19
  2013.6219           52.26            0.19
  2013.6246           50.94            0.19
  2013.6274           48.57            0.18
  2013.6301           44.23            0.19
  2013.6329           51.08            0.18
  2013.6356           50.12            0.19
  2013.6383           46.27            0.19
  2013.6411           45.32            0.18
  2013.6438           46.71            0.19
  2013.6466           44.66            0.19
  2013.6493           48.71            0.19
  2013.6521           45.55            0.19
  2013.6548           47.24            0.18
  2013.6576           46.88            0.19
  2013.6603           46.67            0.19
  2013.6630           49.22            0.18
  2013.6658           54.34            0.20
  2013.6685           52.35            0.19
  2013.6713           50.32            0.19
  2013.6740           48.98            0.20
  2013.6768           51.47            0.21
  2013.6794           53.50            0.21
  2013.6823           54.39            0.22
  2013.6849           56.45            0.21
  2013.6876           57.35            0.22
  2013.6904           52.61            0.21
  2013.6931           47.87            0.21
  2013.6959           51.71            0.20
  2013.6986           49.54            0.21
  2013.7014           49.48            0.20
  2013.7041           50.61            0.20
  2013.7069           51.05            0.17
  2013.7096           51.51            0.17
  2013.7123           49.63            0.17
  2013.7151           51.64            0.17
  2013.7178           53.67            0.18
  2013.7206           52.07            0.18
  2013.7233           50.46            0.18
  2013.7261           51.06            0.18
  2013.7288           51.65            0.18
  2013.7316           53.45            0.16
  2013.7343           54.68            0.17
  2013.7369           55.09            0.20
  2013.7397           51.63            0.18
  2013.7424           51.90            0.18
  2013.7561           55.82            0.17
  2013.7589           54.20            0.18
  2013.7616           55.50            0.19
  2013.7644           55.80            0.17
  2013.7671           52.39            0.20
  2013.7699           59.37            0.18
  2013.7726           57.53            0.18
  2013.7754           57.19            0.20
  2013.7781           55.81            0.20
  2013.7808           54.46            0.19
  2013.7836           57.41            0.25
  2013.7863           54.69            0.20
  2013.7891           54.03            0.19
  2013.7917           54.41            0.19
  2013.7946           49.90            0.19
  2013.7972           56.26            0.18
  2013.8000           56.78            0.20
  2013.8027           55.99            0.22
  2013.8054           54.76            0.20
  2013.8082           57.42            0.19
  2013.8109           56.62            0.17
  2013.8137           52.00            1.04
  2013.8164           57.23            0.19
  2013.8192           56.42            0.17
  2013.8219           56.22            0.18
  2013.8247           55.92            0.19
  2013.8274           56.58            0.20
  2013.8301           50.91            0.19
  2013.8329           58.26            0.19
  2013.8356           56.25            0.19
  2013.8384           56.44            0.17
  2013.8411           56.99            0.17
  2013.8439           54.74            0.17
  2013.8466           54.34            0.16
  2013.8494           61.32            0.17
  2013.8521           57.72            0.17
  2013.8547           58.92            0.19
  2013.8575           56.09            0.19
  2013.8602           57.70            0.22
  2013.8630           59.45            0.19
  2013.8657           62.48            0.19
  2013.8685           63.36            0.19
  2013.8712           56.73            0.19
  2013.8740           57.20            0.20
  2013.8767           58.77            0.17
  2013.8794           55.14            0.17
  2013.8822           55.55            0.18
  2013.8849           57.40            0.18
  2013.8877           54.07            0.19
  2013.8904           58.27            0.18
  2013.8932           58.17            0.19
  2013.8959           60.11            0.19
  2013.8987           62.19            0.21
  2013.9014           60.49            0.18
  2013.9041           60.00            0.18
  2013.9069           60.31            0.38
  2013.9095           60.84            0.36
  2013.9124           58.38            0.18
  2013.9150           61.52            0.17
  2013.9178           59.29            0.17
  2013.9205           63.07            0.20
  2013.9233           58.55            0.21
  2013.9260           62.17            0.17
  2013.9287           61.74            0.19
  2013.9315           62.51            0.19
  2013.9342           60.18            0.18
  2013.9370           61.33            0.20
  2013.9397           61.34            0.19
  2013.9425           62.91            0.18
  2013.9452           61.19            0.20
  2013.9480           57.49            0.19
  2013.9507           59.82            0.18
  2013.9534           58.71            0.22
  2013.9562           57.98            0.18
  2013.9589           60.70            0.21
  2013.9617           62.32            0.19
  2013.9644           61.11            0.20
  2013.9672           60.72            0.18
  2013.9698           60.19            0.19
  2013.9727           59.95            0.20
  2013.9753           60.60            0.19
  2013.9780           59.31            0.19
  2013.9808           60.41            0.18
  2013.9835           62.46            0.19
  2013.9863           63.73            0.20
  2013.9890           61.31            0.21
  2013.9918           60.35            0.18
  2013.9945           62.35            0.20
  2013.9973           65.40            0.19
  2014.0000           67.25            0.19
  2014.0027           64.57            0.20
  2014.0055           65.18            0.24
  2014.0082           64.37            0.19
  2014.0110           63.11            0.19
  2014.0137           63.38            0.19
  2014.0165           62.48            0.20
  2014.0192           63.39            0.20
  2014.0220           64.70            0.20
  2014.0247           67.62            0.20
  2014.0273           65.44            0.21
  2014.0302           63.83            0.20
  2014.0328           62.52            0.22
  2014.0356           62.99            0.19
  2014.0383           61.94            0.23
  2014.0411           61.55            0.20
  2014.0438           57.87            0.20
  2014.0466           60.71            0.20
  2014.0493           62.88            0.19
  2014.0548           65.85            0.19
  2014.0575           69.03            0.23
  2014.0603           59.80            0.19
  2014.0630           65.54            0.24
  2014.0658           61.60            0.21
  2014.0685           65.41            0.22
  2014.0713           63.72            0.20
  2014.0740           66.13            0.20
  2014.0767           61.36            0.23
  2014.0795           63.63            0.20
  2014.0822           66.36            0.23
  2014.0850           66.01            0.23
  2014.0876           65.68            0.22
  2014.0905           66.78            0.20
  2014.0931           67.61            0.21
  2014.0959           66.93            0.20
  2014.0986           68.88            0.21
  2014.1013           65.75            0.21
  2014.1041           66.01            0.24
  2014.1068           67.20            0.19
  2014.1096           65.67            0.20
  2014.1123           63.07            0.18
  2014.1151           63.33            0.20
  2014.1178           64.72            0.20
  2014.1206           68.63            0.19
  2014.1233           69.57            0.21
  2014.1260           68.08            0.20
  2014.1288           67.21            0.20
  2014.1315           66.27            0.21
  2014.1343           66.91            0.20
  2014.1370           68.46            0.22
  2014.1398           63.82            0.22
  2014.1425           65.88            0.22
  2014.1453           68.15            0.24
  2014.1479           67.05            0.20
  2014.1506           68.75            0.18
  2014.1534           68.32            0.20
  2014.1561           67.00            0.19
  2014.1589           67.31            0.21
  2014.1616           67.80            0.17
  2014.1644           68.73            0.19
  2014.1671           68.23            0.21
  2014.1699           73.18            0.49
  2014.1726           64.25            0.22
  2014.1753           66.55            0.21
  2014.1781           65.69            0.21
  2014.1808           68.41            0.20
  2014.1836           69.70            0.24
  2014.1863           67.38            0.22
  2014.1891           67.06            0.20
  2014.1918           64.71            0.21
  2014.1946           67.71            0.21
  2014.1973           69.87            0.21
  2014.2000           65.93            0.20
  2014.2028           67.70            0.20
  2014.2054           67.64            0.20
  2014.2083           65.18            0.22
  2014.2109           64.25            0.18
  2014.2137           66.26            0.19
  2014.2164           63.42            0.21
  2014.2192           66.10            0.20
  2014.2219           63.67            0.19
  2014.2246           65.23            0.19
  2014.2274           67.75            0.20
  2014.2301           69.79            0.22
  2014.2329           68.30            0.20
  2014.2356           66.45            0.21
  2014.2384           66.74            0.20
  2014.2411           66.36            0.20
  2014.2439           65.45            0.24
  2014.2466           68.34            0.22
  2014.2493           65.99            0.19
  2014.2521           66.17            0.19
  2014.2548           66.50            0.20
  2014.2576           68.56            0.19
  2014.2603           65.84            0.20
  2014.2631           64.37            0.20
  2014.2657           63.88            0.20
  2014.2684           65.24            0.21
  2014.2712           64.64            0.20
  2014.2739           67.03            0.21
  2014.2767           66.88            0.21
  2014.2794           65.09            0.21
  2014.2822           64.94            0.18
  2014.2849           66.76            0.18
  2014.2877           70.33            0.19
  2014.2904           67.14            0.19
  2014.2931           68.56            0.18
  2014.2959           66.99            0.18
  2014.2986           66.51            0.17
  2014.3014           66.88            0.18
  2014.3041           67.95            0.19
  2014.3069           67.48            0.18
  2014.3096           68.37            0.17
  2014.3124           67.81            0.18
  2014.3151           69.85            0.17
  2014.3177           67.34            0.17
  2014.3206           69.89            0.17
  2014.3232           68.22            0.17
  2014.3260           67.32            0.18
  2014.3287           71.07            0.19
  2014.3315           64.28            0.18
  2014.3342           73.96            0.18
  2014.3370           71.81            0.19
  2014.3397           69.71            0.19
  2014.3424           70.90            0.18
  2014.3452           71.29            0.18
  2014.3479           68.58            0.17
  2014.3507           69.36            0.18
  2014.3534           71.58            0.18
  2014.3562           68.25            0.18
  2014.3589           71.43            0.18
  2014.3617           70.37            0.18
  2014.3644           69.00            0.18
  2014.3671           73.10            0.20
  2014.3699           70.29            0.17
  2014.3726           70.91            0.18
  2014.3754           68.57            0.18
  2014.3781           68.86            0.18
  2014.3809           68.21            0.17
  2014.3835           69.44            0.18
  2014.3864           68.34            0.20
  2014.3890           68.65            0.19
  2014.3917           66.12            0.19
  2014.3945           66.11            0.19
  2014.3972           69.40            0.18
  2014.4000           69.44            0.19
  2014.4027           71.08            0.17
  2014.4055           73.15            0.19
  2014.4082           71.66            0.20
  2014.4110           71.38            0.18
  2014.4137           72.68            0.18
  2014.4164           70.10            0.19
  2014.4192           72.88            0.18
  2014.4219           69.49            0.18
  2014.4247           75.21            0.19
  2014.4274           74.58            0.19
  2014.4302           72.21            0.19
  2014.4329           74.09            0.19
  2014.4357           74.69            0.19
  2014.4384           71.27            0.18
  2014.4410           73.00            0.20
  2014.4438           66.46            0.20
  2014.4465           74.06            0.20
  2014.4493           71.75            0.18
  2014.4520           75.68            0.19
  2014.4548           72.24            0.19
  2014.4575           70.67            0.18
  2014.4603           69.62            0.17
  2014.4630           70.84            0.17
  2014.4657           68.34            0.17
  2014.4685           70.79            0.17
  2014.4712           69.39            0.18
  2014.4740           73.20            0.18
  2014.4767           70.46            0.18
  2014.4795           71.20            0.18
  2014.4822           69.64            0.18
  2014.4850           69.93            0.18
  2014.4877           69.67            0.18
  2014.4904           69.51            0.18
  2014.4932           70.94            0.18
  2014.4958           70.86            0.17
  2014.4987           70.95            0.18
  2014.5013           69.99            0.19
  2014.5042           67.73            0.18
  2014.5068           68.03            0.18
  2014.5096           67.27            0.18
  2014.5123           69.90            0.18
  2014.5150           70.79            0.18
  2014.5178           70.86            0.17
