  2012.0027            0.00            1.55
  2012.0055            4.30            1.52
  2012.0082           -1.95            1.50
  2012.0110            6.50            1.53
  2012.0137            5.52            1.69
  2012.0165           -0.58            1.49
  2012.0192           -3.05            1.62
  2012.0220            3.81            1.62
  2012.0247            4.26            1.92
  2012.0273            3.85            1.79
  2012.0302            6.05            1.63
  2012.0328            4.13            1.52
  2012.0356           -0.73            1.54
  2012.0383            6.45            1.55
  2012.0411           -7.25            1.74
  2012.0438           -1.97            1.55
  2012.0466           -3.56            1.71
  2012.0493           -8.96            1.91
  2012.0520           -2.56            1.69
  2012.0548            1.47            1.75
  2012.0603           -6.98            1.75
  2012.0630           -0.90            1.67
  2012.0658            1.58            1.63
  2012.0685            1.26            2.19
  2012.0713            1.37            2.22
  2012.0740            5.00            1.98
  2012.0767            6.01            2.14
  2012.0795           16.12            1.83
  2012.0822            5.43            1.83
  2012.0850            2.31            1.65
  2012.0876            5.55            1.64
  2012.0905            0.11            1.70
  2012.0931            5.47            1.64
  2012.0959            0.81            1.77
  2012.0986           10.51            1.68
  2012.1013            3.79            1.68
  2012.1041            5.36            1.83
  2012.1068            7.48            1.69
  2012.1096            5.23            1.58
  2012.1123            8.64            1.57
  2012.1151            8.68            1.52
  2012.1178           11.53            1.75
  2012.1206            9.37            1.75
  2012.1233            5.80            1.66
  2012.1260            5.58            1.64
  2012.1288            2.70            1.67
  2012.1315            4.21            1.84
  2012.1343           16.01            1.80
  2012.1370           10.28            1.87
  2012.1398           13.54            1.68
  2012.1425            7.30            1.56
  2012.1453            8.44            1.57
  2012.1479            6.96            1.52
  2012.1506           12.51            1.59
  2012.1534           10.04            1.70
  2012.1561           -1.98            1.71
  2012.1589           15.13            1.71
  2012.1616           33.34            1.64
  2012.1644            0.34            1.67
  2012.1671           -1.41            1.69
  2012.1699           19.13            1.57
  2012.1726            2.90            1.67
  2012.1753            1.27            1.61
  2012.1781            2.81            1.86
  2012.1808            5.62            1.61
  2012.1836            5.92            1.80
  2012.1863            2.99            1.57
  2012.1891            4.41            1.61
  2012.1918            9.32            1.69
  2012.1946           -2.81            1.64
  2012.1973           -3.40            1.66
  2012.2000            1.00            1.65
  2012.2028            3.61            1.59
  2012.2054            0.48            1.46
  2012.2083            2.37            1.48
  2012.2109            2.78            1.62
  2012.2137            3.48            1.49
  2012.2164            0.36            1.55
  2012.2192            5.60            1.54
  2012.2219            4.89            1.53
  2012.2246           -2.77            1.48
  2012.2274            4.38            1.44
  2012.2301           -5.07            1.48
  2012.2329            0.00            1.49
  2012.2356            3.06            1.50
  2012.2384            5.97            1.44
  2012.2411            8.62            1.45
  2012.2439            4.81            1.48
  2012.2466            4.30            1.42
  2012.2493            2.99            1.58
  2012.2521            8.62            1.48
  2012.2548            7.54            1.53
  2012.2576            6.20            1.45
  2012.2603            5.68            1.64
  2012.2631            2.66            1.56
  2012.2657            6.59            1.42
  2012.2684            6.19            1.48
  2012.2712            2.47            1.54
  2012.2739            8.75            1.54
  2012.2767            9.23            1.47
  2012.2794            7.11            1.44
  2012.2822            1.33            1.45
  2012.2849           -0.86            1.62
  2012.2877            2.46            1.54
  2012.2904           11.87            1.56
  2012.2931           12.58            1.43
  2012.2959            6.94            1.47
  2012.2986            3.41            1.58
  2012.3014            6.42            1.40
  2012.3041            8.17            1.43
  2012.3069            0.60            1.51
  2012.3096            5.37            1.25
  2012.3124            4.68            1.36
  2012.3151            5.30            1.54
  2012.3177            4.54            1.47
  2012.3206            4.47            1.42
  2012.3232            4.46            1.42
  2012.3260            5.98            1.33
  2012.3287            1.35            1.27
  2012.3315            4.69            1.36
  2012.3342           -5.06            1.38
  2012.3370          -10.12            1.38
  2012.3397            2.78            1.34
  2012.3424            5.83            1.28
  2012.3452            6.39            1.30
  2012.3479            2.84            1.50
  2012.3507            8.51            1.38
  2012.3534            3.83            1.33
  2012.3562            4.88            1.36
  2012.3589            7.09            1.41
  2012.3617            0.67            1.50
  2012.3644            5.44            1.32
  2012.3671            3.28            1.39
  2012.3699            7.84            1.38
  2012.3726            3.81            1.42
  2012.3754           11.43            1.46
  2012.3781           10.41            1.43
  2012.3809            4.66            1.35
  2012.3835           16.10            1.50
  2012.3864           14.65            1.41
  2012.3890            5.65            1.38
  2012.3917            6.26            1.36
  2012.3945            4.09            1.36
  2012.3972            8.85            1.35
  2012.4000            9.05            1.36
  2012.4027            7.54            1.46
  2012.4055           13.71            1.55
  2012.4082            5.46            1.54
  2012.4110            8.09            1.43
  2012.4137            1.87            1.37
  2012.4164            8.26            1.37
  2012.4192           12.72            1.43
  2012.4219           11.39            1.55
  2012.4247            9.06            1.48
  2012.4274            5.35            1.44
  2012.4302           -0.28            1.41
  2012.4329            4.42            1.33
  2012.4357            4.20            1.29
  2012.4384            6.77            1.28
  2012.4410            9.76            1.48
  2012.4438           13.52            1.34
  2012.4465           21.89            1.44
  2012.4493           16.13            1.49
  2012.4520           12.01            1.54
  2012.4548           14.56            1.37
  2012.4575            7.40            1.41
  2012.4603            5.68            1.43
  2012.4630            2.43            1.48
  2012.4657            2.64            1.42
  2012.4685            1.28            1.44
  2012.4712            5.81            1.52
  2012.4740            4.60            1.41
  2012.4767           34.97            1.40
  2012.4795           -1.52            1.38
  2012.4822            3.21            1.36
  2012.4850            4.74            1.33
  2012.4877            1.89            1.35
  2012.4904           17.45            1.42
  2012.4932            6.49            1.42
  2012.4958            9.62            1.45
  2012.4987            4.62            1.47
  2012.5013            6.99            1.48
  2012.5042            1.37            1.42
  2012.5068           -0.08            1.37
  2012.5096            7.49            1.48
  2012.5123            1.06            1.56
  2012.5150            5.54            1.52
  2012.5178           -4.84            1.35
  2012.5205           -3.80            1.40
  2012.5233            1.92            1.46
  2012.5260           -1.59            1.34
  2012.5288            1.93            1.41
  2012.5315           12.58            1.37
  2012.5343            2.17            1.35
  2012.5370            0.98            1.30
  2012.5397           -1.25            1.34
  2012.5425            3.79            1.38
  2012.5452            4.17            1.39
  2012.5480            6.84            1.43
  2012.5507           11.60            1.49
  2012.5535           10.31            1.38
  2012.5562            4.47            1.38
  2012.5590           -0.60            1.38
  2012.5616           -3.91            1.40
  2012.5643            1.45            1.35
  2012.5671            5.83            1.37
  2012.5698            1.96            1.33
  2012.5726            4.12            1.38
  2012.5753           -4.93            1.36
  2012.5781            3.53            1.39
  2012.5808            6.53            1.39
  2012.5836            4.41            1.36
  2012.5863            4.99            1.49
  2012.5890            6.30            1.44
  2012.5918            1.29            1.40
  2012.5945            4.19            1.37
  2012.5973            5.42            2.14
  2012.6000            4.03            1.41
  2012.6028            2.22            1.42
  2012.6055           10.74            1.51
  2012.6083           -0.89            1.43
  2012.6110            9.33            1.32
  2012.6136            6.21            1.42
  2012.6165            4.93            1.43
  2012.6191            0.63            1.41
  2012.6219           -5.51            1.48
  2012.6246            0.96            1.48
  2012.6274            0.26            1.44
  2012.6301            2.35            1.56
  2012.6329           -6.08            1.40
  2012.6356           -8.84            1.45
  2012.6383           -2.41            1.43
  2012.6411            4.95            1.42
  2012.6438           -4.02            1.47
  2012.6466           -5.46            1.46
  2012.6493           -4.03            1.39
  2012.6521           -3.46            1.44
  2012.6548            0.91            1.35
  2012.6576            0.91            1.35
  2012.6603            3.60            1.42
  2012.6630           -0.49            1.68
  2012.6658            3.33            1.38
  2012.6685            2.85            1.46
  2012.6713           -4.03            1.45
  2012.6740           -3.43            1.53
  2012.6768           -1.75            1.50
  2012.6794           -1.88            1.45
  2012.6823           -3.96            1.56
  2012.6849            2.44            1.50
  2012.6876            2.61            1.53
  2012.6904           -2.68            1.47
  2012.6931            1.52            1.41
  2012.6959            7.52            1.43
  2012.6986           -2.36            1.49
  2012.7014            3.03            1.49
  2012.7041            5.16            1.62
  2012.7069            6.82            1.42
  2012.7096            0.21            1.47
  2012.7123            3.14            1.49
  2012.7151           -3.24            1.56
  2012.7178           -0.51            1.59
  2012.7206            0.74            1.50
  2012.7233            0.24            1.50
  2012.7261           -7.83            1.50
  2012.7288            1.80            1.45
  2012.7316            0.19            1.47
  2012.7343           -2.14            1.56
  2012.7369           -1.98            1.62
  2012.7397            1.61            1.51
  2012.7424            1.47            1.52
  2012.7452           -1.77            1.61
  2012.7479           -1.88            1.60
  2012.7507           -1.55            1.73
  2012.7534           -0.02            1.78
  2012.7561           -2.52            1.57
  2012.7589            0.91            1.62
  2012.7616           -3.72            1.59
  2012.7644           10.76            1.55
  2012.7671            5.27            1.75
  2012.7699           -3.28            1.69
  2012.7726            0.95            1.57
  2012.7754            5.20            1.77
  2012.7781           -2.64            1.49
  2012.7808          -10.30            1.50
  2012.7836           -3.89            1.51
  2012.7863            2.35            1.46
  2012.7891            5.63            1.61
  2012.7917            0.17            1.63
  2012.7946            5.45            1.68
  2012.7972            1.96            1.57
  2012.8000            4.33            1.50
  2012.8027            6.59            1.68
  2012.8054            0.21            1.77
  2012.8082            2.31            1.83
  2012.8109            3.86            1.73
  2012.8137           -7.26            1.73
  2012.8164            1.39            1.58
  2012.8192            7.31            1.65
  2012.8219           -1.86            1.81
  2012.8247            1.57            1.76
  2012.8274            9.01            1.66
  2012.8301           -6.39            1.97
  2012.8329           -8.45            1.73
  2012.8356           -1.54            1.61
  2012.8384            9.17            1.58
  2012.8411           14.16            1.55
  2012.8439           12.66            1.81
  2012.8466           14.10            1.61
  2012.8494            9.16            1.59
  2012.8521            5.16            1.68
  2012.8547            7.51            1.61
  2012.8575            8.48            1.66
  2012.8602            5.89            1.71
  2012.8630            8.26            1.74
  2012.8657           -2.19            1.67
  2012.8685            6.39            1.65
  2012.8712            8.06            1.50
  2012.8740            4.99            1.57
  2012.8767            6.63            1.63
  2012.8794            3.27            2.31
  2012.8822           51.25            1.64
  2012.8849           56.91            1.55
  2012.8877           75.56            1.50
  2012.8904           79.94            1.54
  2012.8932           83.88            1.75
  2012.8959           68.84            1.71
  2012.8987           70.94            1.66
  2012.9014           61.59            1.59
  2012.9041           73.24            6.13
  2012.9069           77.77            1.64
  2012.9095           83.52            1.56
  2012.9124           81.84            1.65
  2012.9150           78.04            1.89
  2012.9178           60.53            1.68
  2012.9205           72.01            1.64
  2012.9233           86.42            2.64
  2012.9260           76.96            1.92
  2012.9287           80.20            1.75
  2012.9315           90.27            1.72
  2012.9342           92.83            2.10
  2012.9370           82.14            1.76
  2012.9397           82.04            1.60
  2012.9425           83.84            1.59
  2012.9452           84.53            1.74
  2012.9480           92.58            1.67
  2012.9507           90.17            1.79
  2012.9534           90.57            1.63
  2012.9562           82.03            1.66
  2012.9589           80.30            1.68
  2012.9617           89.25            1.82
  2012.9644           89.79            1.65
  2012.9672           78.28            2.00
  2012.9698           79.37            2.03
  2012.9727           52.57            1.83
  2012.9753           60.21            1.72
  2012.9780           87.76            1.70
  2012.9808           78.73            1.65
  2012.9835           89.93            2.09
  2012.9863           84.38            1.86
  2012.9890           61.62            1.66
  2012.9918           83.19            1.55
  2012.9945           72.63            1.51
  2012.9973           89.13            1.52
  2013.0000           79.08            1.60
  2013.0027           84.99            1.85
  2013.0027           76.19            1.32
  2013.0055           80.43            1.30
  2013.0082           71.63            1.40
  2013.0110           80.27            1.46
  2013.0137           80.78            1.51
  2013.0165           81.92            1.58
  2013.0192           87.81            1.62
  2013.0220           84.43            1.40
  2013.0247           85.56            1.51
  2013.0273           80.93            1.46
  2013.0302           80.78            1.55
  2013.0328           74.66            1.47
  2013.0356           77.28            1.50
  2013.0383           76.54            1.40
  2013.0411           79.97            1.56
  2013.0438           82.00            1.54
  2013.0466           82.76            1.72
  2013.0493           84.46            1.49
  2013.0520           77.66            1.42
  2013.0548           82.79            1.38
  2013.0575           79.86            1.48
  2013.0603           90.32            1.55
  2013.0630           76.83            1.61
  2013.0658           85.16            1.56
  2013.0685           77.94            1.46
  2013.0713           84.15            1.35
  2013.0740           75.15            1.42
  2013.0767           81.29            1.45
  2013.0795           86.66            1.44
  2013.0822           80.71            1.45
  2013.0850           85.72            1.48
  2013.0876           75.78            1.61
  2013.0905           80.78            1.53
  2013.0931           78.72            1.40
  2013.0959           79.96            1.46
  2013.0986           88.41            1.51
  2013.1013           74.24            1.94
  2013.1041           86.03            1.49
  2013.1068           83.77            1.50
  2013.1096           86.32            1.50
  2013.1123           93.18            1.65
  2013.1151           85.53            1.60
  2013.1178           97.40            1.57
  2013.1206           82.45            1.48
  2013.1233           77.48            1.65
  2013.1260           81.42            1.50
  2013.1288           85.06            1.67
  2013.1315           69.38            1.57
  2013.1343           69.46            1.39
  2013.1370           72.93            1.33
  2013.1398           73.15            1.46
  2013.1425           79.43            1.62
  2013.1453           76.11            1.44
  2013.1479           89.67            1.51
  2013.1506           82.53            1.38
  2013.1534           75.32            1.36
  2013.1561           76.96            1.37
  2013.1589           78.86            1.36
  2013.1616           83.39            1.45
  2013.1644           75.37            1.46
  2013.1671           73.44            1.45
  2013.1699           81.53            1.37
  2013.1726           82.81            1.42
  2013.1753           85.48            1.51
  2013.1781           90.36            1.59
  2013.1808           89.94            1.50
  2013.1863           79.61            1.61
  2013.1918           76.13            1.54
  2013.2000           69.42            1.34
  2013.2028           70.27            1.39
  2013.2054           69.52            1.48
  2013.2083           77.79            1.49
  2013.2109           80.34            1.35
  2013.2164           79.78            1.57
  2013.2192           71.92            1.36
  2013.2219           80.88            1.34
  2013.2246           84.72            1.40
  2013.2274           82.03            1.50
  2013.2301           79.71            1.55
  2013.2329           80.27            1.44
  2013.2356           81.69            1.35
  2013.2384           82.54            1.31
  2013.2411           86.44            1.51
  2013.2439           79.19            1.43
  2013.2466           75.21            1.42
  2013.2493           79.38            1.50
  2013.2548           65.04            1.46
  2013.2576           69.76            1.41
  2013.2603           79.90            1.49
  2013.2631           76.69            1.46
  2013.2657           79.43            2.78
  2013.2684           80.29            1.50
  2013.2712           88.48            1.61
  2013.2794           61.28            1.44
  2013.2822           75.91            1.33
  2013.2849           79.92            1.35
  2013.2877           78.25            1.31
  2013.2904           85.64            1.33
  2013.2931           83.90            1.33
  2013.2959           84.49            1.38
  2013.2986           80.78            1.35
  2013.3014           83.16            1.36
  2013.3041           79.82            1.39
  2013.3069           76.94            1.43
  2013.3096           83.69            1.38
  2013.3124           86.29            1.44
  2013.3151           80.19            1.39
  2013.3177           71.01            1.41
  2013.3206           67.29            1.38
  2013.3232           72.73            1.50
  2013.3260           82.72            1.38
  2013.3287           78.63            1.32
  2013.3315           62.58            1.45
  2013.3342           63.78            1.47
  2013.3370           64.87            1.58
  2013.3397           67.28            1.39
  2013.3424           70.34            1.37
  2013.3452           76.46            1.47
  2013.3479           80.26            1.37
  2013.3562           79.11            1.53
  2013.3589           69.46            1.34
  2013.3617           68.84            2.62
  2013.3644           58.41            1.32
  2013.3671           59.96            1.33
  2013.3699           55.79            1.26
  2013.3726           54.29            1.29
  2013.3754           57.25            1.32
  2013.3781           65.22            1.38
  2013.3809           55.86            2.21
  2013.3835           60.75            1.36
  2013.3864           65.73            1.29
  2013.3890           65.89            1.31
  2013.3917           72.70            1.31
  2013.3945           78.91            1.31
  2013.4000           72.15            1.36
  2013.4027           82.71            1.45
  2013.4055           85.04            1.56
  2013.4082           69.13            1.33
  2013.4110           83.09            1.31
  2013.4137          101.82            1.56
  2013.4164           85.83            1.42
  2013.4192           79.56            1.40
  2013.4219           76.69            1.28
  2013.4247           84.73            1.42
  2013.4274           77.74            1.44
  2013.4302           75.15            1.34
  2013.4329           72.75            1.37
  2013.4357           70.77            1.30
  2013.4384           75.61            1.36
  2013.4410           83.27            1.30
  2013.4438           87.46            1.34
  2013.4465           80.67            1.36
  2013.4493           81.86            1.37
  2013.4520           73.02            1.35
  2013.4548           79.27            1.46
  2013.4575           69.41            1.37
  2013.4603           63.96            1.34
  2013.4630           61.86            1.37
  2013.4657           58.32            1.30
  2013.4685           56.95            1.31
  2013.4712           56.81            1.41
  2013.4740           58.74            1.29
  2013.4767           59.54            1.31
  2013.4795           54.43            1.29
  2013.4822           58.48            1.30
  2013.4850           81.12            1.35
  2013.4877           73.20            1.50
  2013.4904           65.85            1.44
  2013.4932           71.43            1.38
  2013.4958           63.50            1.29
  2013.4987           62.39            1.27
  2013.5013           85.98            1.35
  2013.5042           80.85            1.37
  2013.5068          161.20            1.41
  2013.5096          380.77            1.44
  2013.5123          295.77            1.39
  2013.5150          102.61            1.25
  2013.5178           63.12            1.31
  2013.5205           60.24            1.36
  2013.5233           63.55            1.34
  2013.5260           65.74            1.29
  2013.5288           64.84            1.28
  2013.5315           74.14            1.37
  2013.5343           60.14            1.36
  2013.5370           74.75            1.33
  2013.5397           75.48            1.25
  2013.5425           67.58            1.36
  2013.5452           58.46            1.28
  2013.5480           60.29            1.27
  2013.5507           52.88            1.36
  2013.5535           60.79            1.24
  2013.5562           56.53            1.23
  2013.5590           52.68            1.23
  2013.5616           58.78            1.22
  2013.5643           68.82            1.27
  2013.5671           44.43            1.38
  2013.5698           58.91            1.24
  2013.5726           65.22            1.21
  2013.5753           68.19            1.22
  2013.5781           65.08            1.29
  2013.5808           58.07            1.24
  2013.5836           61.47            1.19
  2013.5863           62.05            1.23
  2013.5890           65.11            1.31
  2013.5918           63.37            1.40
  2013.5945           73.05            1.34
  2013.5973           55.86            1.37
  2013.6000           64.64            1.42
  2013.6028           59.57            1.32
  2013.6055           58.19            1.22
  2013.6083           63.61            1.29
  2013.6110           46.84            1.35
  2013.6136           61.56            1.36
  2013.6165           53.26            1.28
  2013.6191           60.66            1.24
  2013.6219           64.47            1.31
  2013.6246           62.69            1.26
  2013.6274           71.23            1.23
  2013.6301           69.63            1.27
  2013.6329           76.83            1.32
  2013.6356           66.98            1.27
  2013.6383           59.86            1.32
  2013.6411           49.89            1.24
  2013.6438           56.38            1.26
  2013.6466           51.09            1.31
  2013.6493           55.51            1.29
  2013.6521           51.65            1.25
  2013.6548           60.24            1.29
  2013.6576           70.49            1.26
  2013.6603           62.84            1.27
  2013.6630           72.21            1.30
  2013.6658           75.12            1.37
  2013.6685           69.56            1.33
  2013.6713           57.88            1.35
  2013.6740           52.18            1.36
  2013.6768           61.99            1.60
  2013.6794           66.80            1.52
  2013.6823           79.52            1.50
  2013.6849           76.45            1.52
  2013.6876           86.50            1.54
  2013.6904           82.26            1.51
  2013.6931           50.90            1.49
  2013.6959           75.26            1.43
  2013.6986          103.00            1.51
  2013.7014           50.31            1.39
  2013.7041           49.62            1.46
  2013.7069           52.30            1.44
  2013.7096           54.65            1.42
  2013.7123           51.14            1.41
  2013.7151           55.07            1.41
  2013.7178           61.19            1.48
  2013.7206           54.76            1.49
  2013.7233           50.39            1.50
  2013.7261           51.96            1.49
  2013.7288           55.42            1.55
  2013.7316           65.84            1.38
  2013.7343           71.01            1.39
  2013.7369           66.79            1.57
  2013.7397           55.23            1.48
  2013.7424           54.22            1.47
  2013.7561           74.20            1.42
  2013.7589           77.68            1.47
  2013.7616           67.05            1.54
  2013.7644           74.78            1.44
  2013.7671           59.81            1.64
  2013.7699           75.20            1.51
  2013.7726           73.18            1.49
  2013.7754           77.35            1.58
  2013.7781           72.80            1.66
  2013.7808           64.66            1.56
  2013.7836           75.65            1.67
  2013.7863           75.76            1.63
  2013.7891           75.17            1.52
  2013.7917           75.63            1.58
  2013.7946           66.53            1.59
  2013.7972           74.81            1.52
  2013.8000           72.77            1.61
  2013.8027           61.98            1.72
  2013.8054           66.15            1.60
  2013.8082           75.51            1.59
  2013.8109           74.90            1.46
  2013.8137           70.91            1.71
  2013.8164           71.10            1.54
  2013.8192           74.76            1.42
  2013.8219           83.71            1.41
  2013.8247           73.42            1.46
  2013.8274           72.94            1.57
  2013.8301           76.16            1.48
  2013.8329           76.13            1.50
  2013.8356           83.69            1.51
  2013.8384           83.78            1.40
  2013.8411           77.09            1.39
  2013.8439           70.89            1.39
  2013.8466           68.66            1.39
  2013.8494           77.59            1.59
  2013.8521           80.56            1.44
  2013.8547           78.47            1.48
  2013.8575           62.89            1.50
  2013.8602           79.09            1.61
  2013.8630           73.48            1.53
  2013.8657           81.92            1.53
  2013.8685           83.65            1.50
  2013.8712           69.16            1.55
  2013.8740           79.32            1.53
  2013.8767           78.67            1.39
  2013.8794           83.23            1.40
  2013.8822           72.72            1.48
  2013.8849           78.08            1.48
  2013.8877           70.87            1.55
  2013.8904           78.13            1.49
  2013.8932           84.32            1.51
  2013.8959           85.26            1.57
  2013.8987           80.27            1.61
  2013.9014           68.57            1.55
  2013.9041           71.58            1.44
  2013.9069           66.97            3.02
  2013.9095           73.76            2.87
  2013.9124           81.17            1.45
  2013.9150           91.72            1.47
  2013.9178           81.15            1.44
  2013.9205           89.24            1.58
  2013.9233           76.60            1.73
  2013.9260           85.80            1.45
  2013.9287           83.18            1.47
  2013.9315           76.33            1.52
  2013.9342           81.63            1.50
  2013.9370           76.88            1.59
  2013.9397           73.06            1.56
  2013.9425           86.26            1.51
  2013.9452           79.97            1.58
  2013.9480           74.67            1.55
  2013.9507           87.39            1.49
  2013.9534           77.49            1.60
  2013.9562           75.68            1.46
  2013.9589           82.64            1.60
  2013.9617           84.71            1.52
  2013.9644           85.12            1.55
  2013.9672           82.00            1.50
  2013.9698           90.02            1.51
  2013.9727           75.53            1.54
  2013.9753           79.76            1.52
  2013.9780           84.59            1.52
  2013.9808           79.34            1.46
  2013.9835           77.53            1.58
  2013.9863           82.27            1.58
  2013.9890           83.92            1.70
  2013.9918           86.23            1.50
  2013.9945           88.13            1.64
  2013.9973           99.08            1.57
  2014.0000           83.95            1.64
  2014.0027          102.65            1.60
  2014.0055           77.75            1.73
  2014.0082           84.39            1.50
  2014.0110           83.35            1.51
  2014.0137           92.46            1.47
  2014.0165           85.85            1.55
  2014.0192           85.97            1.56
  2014.0220           87.66            1.56
  2014.0247          105.86            1.58
  2014.0273           87.26            1.64
  2014.0302           88.23            1.53
  2014.0328           85.85            1.60
  2014.0356           91.97            1.48
  2014.0383           77.67            1.69
  2014.0411           79.87            1.53
  2014.0438           70.09            1.63
  2014.0466           64.64            1.60
  2014.0493           85.72            1.51
  2014.0548           88.96            1.55
  2014.0575           86.56            1.67
  2014.0603           96.18            1.58
  2014.0630           80.32            1.79
  2014.0658           60.69            1.61
  2014.0685           89.05            1.59
  2014.0713           89.69            1.50
  2014.0740           84.83            1.53
  2014.0767           69.38            1.71
  2014.0795           82.96            1.62
  2014.0822           85.71            1.72
  2014.0850           88.85            1.71
  2014.0876           85.82            1.74
  2014.0905           79.67            1.59
  2014.0931           73.64            1.72
  2014.0959           91.03            1.63
  2014.0986           82.09            1.75
  2014.1013           69.50            1.59
  2014.1041           78.74            1.70
  2014.1068           79.94            1.57
  2014.1096           74.02            1.61
  2014.1123           74.94            1.59
  2014.1151           78.90            1.62
  2014.1178           73.51            1.62
  2014.1206           81.65            1.58
  2014.1233           64.39            1.77
  2014.1260           64.09            1.62
  2014.1288           69.83            1.57
  2014.1315           73.36            1.66
  2014.1343           71.80            1.66
  2014.1370           88.78            1.73
  2014.1398           71.72            1.70
  2014.1425           87.33            1.79
  2014.1453           79.43            1.75
  2014.1479           78.08            1.64
  2014.1506           76.80            1.55
  2014.1534           71.33            1.65
  2014.1561           77.10            1.63
  2014.1589           81.55            1.66
  2014.1616           85.15            1.48
  2014.1644           83.10            1.60
  2014.1671           81.44            1.62
  2014.1699           79.85            1.98
  2014.1726           83.16            1.67
  2014.1753           76.72            1.63
  2014.1781           87.29            1.68
  2014.1808           86.03            1.60
  2014.1836           97.07            1.73
  2014.1863           76.22            1.73
  2014.1891           78.19            1.62
  2014.1918           83.57            1.59
  2014.1946           80.99            1.62
  2014.1973           78.49            1.59
  2014.2000           76.19            1.62
  2014.2028           79.29            1.65
  2014.2054           61.70            1.67
  2014.2083           71.30            1.67
  2014.2109           74.12            1.57
  2014.2137           79.82            1.61
  2014.2164           83.28            1.76
  2014.2192           76.34            1.61
  2014.2219           77.45            1.55
  2014.2246           78.64            1.43
  2014.2274           82.05            1.57
  2014.2301           77.28            1.58
  2014.2329           82.07            1.53
  2014.2356           79.49            1.61
  2014.2384           75.05            1.60
  2014.2411           70.62            1.61
  2014.2439           73.04            1.75
  2014.2466           63.21            1.63
  2014.2493           59.46            1.50
  2014.2521           71.80            1.46
  2014.2548           68.70            1.54
  2014.2576           72.19            1.48
  2014.2603           68.71            1.56
  2014.2631           68.17            1.49
  2014.2657           72.08            1.56
  2014.2684           81.42            1.66
  2014.2712           72.37            1.55
  2014.2739           75.03            1.57
  2014.2767           71.49            1.59
  2014.2794           60.96            1.59
  2014.2822           66.75            1.40
  2014.2849           80.11            1.38
  2014.2877           81.33            1.47
  2014.2904           76.82            1.48
  2014.2931           79.62            1.44
  2014.2959           74.29            1.42
  2014.2986           75.02            1.41
  2014.3014           83.37            1.41
  2014.3041           79.56            1.49
  2014.3069           79.48            1.42
  2014.3096           85.07            1.37
  2014.3124           86.18            1.44
  2014.3151           83.26            1.39
  2014.3177           79.81            1.37
  2014.3206           67.65            1.44
  2014.3232           72.62            1.32
  2014.3260           70.71            1.39
  2014.3287           71.69            1.48
  2014.3315           78.46            1.46
  2014.3342           68.28            1.43
  2014.3370           79.28            1.47
  2014.3397           72.59            1.52
  2014.3424           74.48            1.46
  2014.3452           75.90            1.42
  2014.3479           75.35            1.35
  2014.3507           70.67            1.40
  2014.3534           71.28            1.40
  2014.3562           70.07            1.46
  2014.3589           76.99            1.38
  2014.3617           71.91            1.39
  2014.3644           64.03            1.41
  2014.3671           68.09            1.52
  2014.3699           66.24            1.43
  2014.3726           69.77            1.46
  2014.3754           73.14            1.43
  2014.3781           76.98            1.44
  2014.3809           69.52            1.34
  2014.3835           74.47            1.39
  2014.3864           70.82            1.53
  2014.3890           70.53            1.49
  2014.3917           60.66            1.46
  2014.3945           67.18            1.42
  2014.3972           64.46            1.44
  2014.4000           71.33            1.43
  2014.4027           75.03            1.37
  2014.4055           92.05            1.47
  2014.4082           78.01            1.54
  2014.4110           69.86            1.41
  2014.4137           75.24            1.41
  2014.4164           60.25            1.40
  2014.4192           66.05            1.41
  2014.4219           81.54            1.39
  2014.4247           83.82            1.52
  2014.4274           78.54            1.49
  2014.4302           80.91            1.47
  2014.4329           74.95            1.46
  2014.4357           76.31            1.49
  2014.4384           68.53            1.46
  2014.4410           78.51            1.43
  2014.4438           69.98            1.51
  2014.4465           77.53            1.51
  2014.4493           75.00            1.38
  2014.4520           63.72            1.44
  2014.4548           70.34            1.41
  2014.4575           76.06            1.36
  2014.4603           70.49            1.30
  2014.4630           77.90            1.28
  2014.4657           74.49            1.29
  2014.4685           71.97            1.30
  2014.4712           70.34            1.33
  2014.4740           53.37            1.33
  2014.4767           71.41            1.32
  2014.4795           77.40            1.32
  2014.4822           72.95            1.36
  2014.4850           72.95            1.37
  2014.4877           71.31            1.35
  2014.4904           72.04            1.29
  2014.4932           78.96            1.30
  2014.4958           71.49            1.29
  2014.4987           71.36            1.31
  2014.5013           60.76            1.34
  2014.5042           63.05            1.29
  2014.5068           68.17            1.35
  2014.5096           60.78            1.35
  2014.5123           66.29            1.35
  2014.5150           69.67            1.30
  2014.5178           72.55            1.30
