  2012.0027            0.00            1.14
  2012.0055           -2.86            1.12
  2012.0082           -1.38            1.09
  2012.0110           -2.11            1.12
  2012.0137           -1.13            1.23
  2012.0165           -2.90            1.12
  2012.0192           -1.07            1.20
  2012.0220            0.87            1.23
  2012.0247           -2.64            1.42
  2012.0273           -0.88            1.36
  2012.0302           -1.35            1.22
  2012.0328           -3.08            1.14
  2012.0356           -2.16            1.14
  2012.0383           -3.02            1.17
  2012.0411           -2.72            1.32
  2012.0438           -1.96            1.18
  2012.0466           -4.22            1.29
  2012.0493           -3.35            1.37
  2012.0520           -5.52            1.30
  2012.0548           -3.01            1.32
  2012.0603           -4.97            1.32
  2012.0630           -3.19            1.28
  2012.0658           -4.11            1.26
  2012.0685           -3.65            1.65
  2012.0713           -2.51            1.67
  2012.0740           -4.49            1.50
  2012.0767           -0.56            1.67
  2012.0795           -3.99            1.36
  2012.0822           -3.54            1.33
  2012.0850           -3.67            1.24
  2012.0876           -4.09            1.22
  2012.0905           -4.07            1.29
  2012.0931           -3.91            1.17
  2012.0959           -2.66            1.31
  2012.0986           -4.32            1.23
  2012.1013           -1.86            1.27
  2012.1041           -7.54            1.39
  2012.1068           -2.75            1.25
  2012.1096           -3.67            1.15
  2012.1123           -4.62            1.13
  2012.1151           -3.39            1.17
  2012.1178           -3.26            1.32
  2012.1206           -4.90            1.32
  2012.1233           -6.48            1.25
  2012.1260           -3.07            1.24
  2012.1288           10.13            1.25
  2012.1315           -7.55            1.35
  2012.1343           -4.44            1.34
  2012.1370           -6.22            1.33
  2012.1398           -4.47            1.23
  2012.1425           -5.77            1.16
  2012.1453           -5.89            1.16
  2012.1479           -5.61            1.13
  2012.1506           -6.61            1.16
  2012.1534           -7.07            1.24
  2012.1561           -6.90            1.25
  2012.1589           -6.85            1.28
  2012.1616           -3.57            1.22
  2012.1644           -6.64            1.20
  2012.1671           -6.75            1.20
  2012.1699           -7.09            1.12
  2012.1726           -5.62            1.21
  2012.1753           -4.95            1.19
  2012.1781           -6.39            1.32
  2012.1808           -5.30            1.18
  2012.1836           -5.85            1.32
  2012.1863           -6.55            1.15
  2012.1891           -7.54            1.15
  2012.1918           -5.08            1.21
  2012.1946           -7.44            1.25
  2012.1973           -7.97            1.23
  2012.2000           -5.80            1.24
  2012.2028           -7.97            1.19
  2012.2054           -6.99            1.14
  2012.2083           -7.00            1.15
  2012.2109           -5.39            1.23
  2012.2137           -4.81            1.14
  2012.2164           -6.58            1.20
  2012.2192           -4.42            1.10
  2012.2219           -7.29            1.14
  2012.2246           -7.69            1.10
  2012.2274           -6.77            1.07
  2012.2301           -7.24            1.13
  2012.2329           -6.61            1.12
  2012.2356           -7.96            1.13
  2012.2384           -7.63            1.09
  2012.2411           -7.63            1.11
  2012.2439           -8.79            1.10
  2012.2466           -8.40            1.05
  2012.2493           -8.79            1.17
  2012.2521           -8.19            1.12
  2012.2548          -10.66            1.13
  2012.2576           -7.68            1.09
  2012.2603           -9.57            1.22
  2012.2631           -9.07            1.16
  2012.2657           -9.91            1.07
  2012.2684          -10.20            1.12
  2012.2712          -10.21            1.16
  2012.2739           -9.21            1.15
  2012.2767           -9.36            1.11
  2012.2794           -9.09            1.08
  2012.2822           -9.24            1.09
  2012.2849           -9.04            1.23
  2012.2877           -8.89            1.15
  2012.2904          -10.25            1.18
  2012.2931          -10.07            1.11
  2012.2959          -10.97            1.11
  2012.2986          -12.48            1.19
  2012.3014          -11.69            1.07
  2012.3041          -12.06            1.06
  2012.3069          -10.66            1.12
  2012.3096          -10.35            0.96
  2012.3124           -9.89            1.03
  2012.3151          -10.30            1.15
  2012.3177          -11.31            1.11
  2012.3206          -10.48            1.06
  2012.3232          -10.03            1.04
  2012.3260          -11.35            1.04
  2012.3287          -11.39            0.99
  2012.3315          -11.37            1.04
  2012.3342          -11.02            1.01
  2012.3370          -10.55            1.05
  2012.3397          -11.15            1.03
  2012.3424          -11.85            1.00
  2012.3452          -11.28            0.99
  2012.3479          -12.73            1.15
  2012.3507          -11.90            1.05
  2012.3534          -12.05            1.01
  2012.3562          -12.53            1.04
  2012.3589          -12.57            1.08
  2012.3617          -12.25            1.15
  2012.3644          -11.96            1.02
  2012.3671          -14.19            1.05
  2012.3699          -12.68            1.06
  2012.3726          -13.19            1.09
  2012.3754          -13.12            1.12
  2012.3781          -12.73            1.09
  2012.3809          -13.24            1.03
  2012.3835          -14.44            1.12
  2012.3864          -14.23            1.10
  2012.3890          -13.39            1.07
  2012.3917          -14.05            1.05
  2012.3945          -15.15            1.05
  2012.3972          -13.96            1.06
  2012.4000          -15.50            1.05
  2012.4027          -14.26            1.11
  2012.4055          -16.68            1.18
  2012.4082          -11.92            1.17
  2012.4110          -17.33            1.10
  2012.4137          -16.31            1.04
  2012.4164          -16.26            1.03
  2012.4192          -18.12            1.04
  2012.4219          -17.75            1.16
  2012.4247          -16.75            1.11
  2012.4274          -15.50            1.07
  2012.4302          -16.71            1.05
  2012.4329          -15.98            1.01
  2012.4357          -16.33            0.96
  2012.4384          -15.78            0.96
  2012.4410          -16.59            1.12
  2012.4438          -16.55            0.98
  2012.4465          -16.75            1.06
  2012.4493          -18.93            1.11
  2012.4520          -14.92            1.16
  2012.4548          -16.99            1.04
  2012.4575          -16.62            1.05
  2012.4603          -16.77            1.07
  2012.4630          -17.54            1.11
  2012.4657          -17.45            1.06
  2012.4685          -17.28            1.03
  2012.4712          -18.79            1.15
  2012.4740          -18.85            1.05
  2012.4767          -18.57            1.04
  2012.4795          -18.45            1.02
  2012.4822          -17.61            1.03
  2012.4850          -16.51            0.99
  2012.4877          -17.61            1.01
  2012.4904          -17.50            1.08
  2012.4932          -14.94            1.08
  2012.4958          -17.91            1.08
  2012.4987          -17.63            1.09
  2012.5013          -14.53            1.10
  2012.5042          -17.31            1.06
  2012.5068          -18.55            1.03
  2012.5096          -17.98            1.09
  2012.5123          -18.05            1.15
  2012.5150          -18.03            1.12
  2012.5178          -18.27            1.01
  2012.5205          -18.00            1.05
  2012.5233          -18.11            1.08
  2012.5260          -19.06            1.02
  2012.5288          -18.08            1.05
  2012.5315          -16.80            1.03
  2012.5343          -18.58            1.00
  2012.5370          -17.64            0.97
  2012.5397          -17.92            1.00
  2012.5425          -18.20            1.02
  2012.5452          -17.38            1.04
  2012.5480          -18.60            1.06
  2012.5507          -19.43            1.14
  2012.5535          -21.04            1.03
  2012.5562          -19.41            1.05
  2012.5590          -18.39            1.03
  2012.5616          -20.08            1.03
  2012.5643          -17.76            1.01
  2012.5671          -18.81            1.01
  2012.5698          -18.72            1.00
  2012.5726          -18.68            1.02
  2012.5753          -18.44            1.01
  2012.5781          -18.01            1.04
  2012.5808          -17.59            1.01
  2012.5836          -18.66            1.00
  2012.5863          -17.88            1.11
  2012.5890          -19.16            1.07
  2012.5918          -18.54            1.04
  2012.5945          -19.16            1.02
  2012.5973          -18.14            1.60
  2012.6000          -19.57            1.03
  2012.6028          -17.90            1.05
  2012.6055          -18.54            1.08
  2012.6083          -18.54            1.06
  2012.6110          -18.12            1.00
  2012.6136          -17.65            1.06
  2012.6165          -17.26            1.08
  2012.6191          -18.57            1.09
  2012.6219          -20.96            1.13
  2012.6246          -18.37            1.14
  2012.6274          -19.34            1.09
  2012.6301          -19.94            1.17
  2012.6329          -19.59            1.08
  2012.6356          -20.70            1.08
  2012.6383          -19.37            1.08
  2012.6411          -21.52            1.07
  2012.6438          -19.14            1.13
  2012.6466          -20.91            1.10
  2012.6493          -18.65            1.04
  2012.6521          -17.71            1.07
  2012.6548          -19.08            1.02
  2012.6576          -19.56            1.00
  2012.6603          -20.13            1.05
  2012.6630          -21.65            1.16
  2012.6658          -20.86            1.02
  2012.6685          -21.13            1.10
  2012.6713          -21.99            1.06
  2012.6740          -20.85            1.14
  2012.6768          -21.47            1.12
  2012.6794          -22.54            1.09
  2012.6823          -21.11            1.18
  2012.6849          -20.95            1.13
  2012.6876          -22.72            1.14
  2012.6904          -21.74            1.10
  2012.6931          -21.11            1.05
  2012.6959          -20.47            1.05
  2012.6986          -21.06            1.09
  2012.7014          -21.67            1.10
  2012.7041          -21.38            1.19
  2012.7069          -22.60            1.05
  2012.7096          -21.46            1.09
  2012.7123          -22.79            1.13
  2012.7151          -21.90            1.15
  2012.7178          -20.43            1.19
  2012.7206          -21.13            1.10
  2012.7233          -22.07            1.11
  2012.7261          -21.52            1.13
  2012.7288          -21.35            1.08
  2012.7316          -23.54            1.10
  2012.7343          -22.86            1.17
  2012.7369          -23.95            1.44
  2012.7397          -22.61            1.12
  2012.7424          -24.12            1.13
  2012.7452          -24.43            1.16
  2012.7479          -22.22            1.17
  2012.7507          -22.90            1.20
  2012.7534          -23.47            1.33
  2012.7561          -23.47            1.17
  2012.7589          -23.50            1.31
  2012.7616          -21.92            1.44
  2012.7644          -23.33            1.15
  2012.7671          -23.16            1.23
  2012.7699          -23.17            1.24
  2012.7726          -23.04            1.16
  2012.7754          -21.60            1.49
  2012.7781          -24.21            1.09
  2012.7808          -23.08            1.12
  2012.7836          -24.03            1.09
  2012.7863          -24.08            1.07
  2012.7891          -23.89            1.17
  2012.7917          -24.27            1.19
  2012.7946          -23.04            1.43
  2012.7972          -24.31            1.16
  2012.8000          -24.31            1.09
  2012.8027          -22.65            1.24
  2012.8054          -23.58            1.44
  2012.8082          -23.54            1.53
  2012.8109          -25.05            1.22
  2012.8137          -26.08            1.29
  2012.8164          -24.50            1.15
  2012.8192          -24.38            1.20
  2012.8219          -25.12            1.34
  2012.8247          -25.04            1.32
  2012.8274          -24.28            1.23
  2012.8301          -24.97            1.42
  2012.8329          -25.35            1.25
  2012.8356          -24.20            1.17
  2012.8384          -25.28            1.15
  2012.8411          -23.86            1.12
  2012.8439          -22.65            1.47
  2012.8466          -24.76            1.19
  2012.8494          -26.21            1.21
  2012.8521          -24.46            1.20
  2012.8547          -25.74            1.20
  2012.8575          -25.89            1.25
  2012.8602          -25.79            1.29
  2012.8630          -25.43            1.27
  2012.8657          -26.12            1.17
  2012.8685          -23.49            1.20
  2012.8712          -25.37            1.13
  2012.8740          -24.34            1.18
  2012.8767          -25.48            1.17
  2012.8794          -26.26            1.21
  2012.8822          -23.38            1.18
  2012.8849          -25.34            1.18
  2012.8877          -26.46            1.15
  2012.8904          -24.52            1.17
  2012.8932          -24.92            1.35
  2012.8959          -30.89            1.32
  2012.8987          -25.20            1.25
  2012.9014          -25.67            1.21
  2012.9041          -24.93            4.78
  2012.9069          -24.72            1.27
  2012.9095          -25.91            1.20
  2012.9124          -26.25            1.27
  2012.9150          -27.41            1.50
  2012.9178          -26.86            1.26
  2012.9205          -24.75            1.24
  2012.9233          -24.75            2.03
  2012.9260          -25.79            1.45
  2012.9287          -26.73            1.33
  2012.9315          -26.80            1.31
  2012.9342          -24.87            1.58
  2012.9370          -27.82            1.36
  2012.9397          -26.60            1.25
  2012.9425          -24.59            1.21
  2012.9452          -26.42            1.32
  2012.9480          -27.88            1.28
  2012.9507          -28.95            1.35
  2012.9534          -27.00            1.23
  2012.9562          -26.29            1.31
  2012.9589          -27.59            1.28
  2012.9617          -26.95            1.39
  2012.9644          -26.65            1.26
  2012.9672          -25.69            1.53
  2012.9698          -29.19            1.55
  2012.9727          -28.12            1.43
  2012.9753          -27.38            1.50
  2012.9780          -27.59            1.51
  2012.9808          -29.34            1.30
  2012.9835          -29.98            1.62
  2012.9863          -27.80            1.39
  2012.9890          -28.35            1.28
  2012.9918          -27.59            1.20
  2012.9945          -29.13            1.16
  2012.9973          -28.95            1.17
  2013.0000          -29.27            1.22
  2013.0027          -31.29            1.44
  2013.0027          -28.23            1.04
  2013.0055          -27.74            1.03
  2013.0082          -29.39            1.07
  2013.0110          -28.16            1.10
  2013.0137          -28.06            1.17
  2013.0165          -25.33            1.20
  2013.0192          -27.94            1.23
  2013.0220          -27.55            1.09
  2013.0247          -29.70            1.16
  2013.0273          -28.03            1.12
  2013.0302          -25.46            1.16
  2013.0328          -28.11            1.15
  2013.0356          -27.43            1.12
  2013.0383          -28.28            1.10
  2013.0411          -30.79            1.19
  2013.0438          -27.85            1.22
  2013.0466          -28.76            1.31
  2013.0493          -28.61            1.15
  2013.0520          -28.81            1.11
  2013.0548          -28.24            1.06
  2013.0575          -28.46            1.14
  2013.0603          -29.23            1.20
  2013.0630          -30.70            1.21
  2013.0658          -28.91            1.22
  2013.0685          -28.51            1.12
  2013.0713          -29.49            1.06
  2013.0740          -28.90            1.08
  2013.0767          -29.16            1.14
  2013.0795          -28.40            1.11
  2013.0822          -29.11            1.13
  2013.0850          -29.40            1.16
  2013.0876          -26.37            1.23
  2013.0905          -28.59            1.20
  2013.0931          -27.89            1.10
  2013.0959          -28.22            1.09
  2013.0986          -29.74            1.16
  2013.1013          -28.88            1.31
  2013.1041          -27.93            1.13
  2013.1068          -28.52            1.15
  2013.1096          -29.47            1.16
  2013.1123          -29.73            1.26
  2013.1151          -27.69            1.25
  2013.1178          -29.45            1.21
  2013.1206          -30.43            1.16
  2013.1233          -29.55            1.23
  2013.1260          -29.65            1.19
  2013.1288          -30.65            1.28
  2013.1315          -27.75            1.19
  2013.1343          -28.14            1.07
  2013.1370          -28.12            1.03
  2013.1398          -28.14            1.12
  2013.1425          -28.59            1.19
  2013.1453          -28.25            1.11
  2013.1479          -28.63            1.17
  2013.1506          -30.09            1.09
  2013.1534          -28.81            1.06
  2013.1561          -28.15            1.06
  2013.1589          -29.62            1.06
  2013.1616          -31.71            1.14
  2013.1644          -30.87            1.14
  2013.1671          -30.79            1.09
  2013.1699          -28.91            1.03
  2013.1726          -27.76            1.05
  2013.1753          -30.04            1.19
  2013.1781          -27.48            1.18
  2013.1808          -29.71            1.13
  2013.1863          -33.53            1.26
  2013.1918          -30.05            1.21
  2013.2000          -29.28            1.03
  2013.2028          -30.38            1.09
  2013.2054          -29.52            1.16
  2013.2083          -29.79            1.14
  2013.2109          -29.56            1.05
  2013.2164          -29.42            1.22
  2013.2192          -30.31            1.07
  2013.2219          -29.13            1.04
  2013.2246          -29.32            1.10
  2013.2274          -29.97            1.17
  2013.2301          -30.38            1.16
  2013.2329          -28.88            1.13
  2013.2356          -29.36            1.07
  2013.2384          -29.43            1.02
  2013.2411          -27.95            1.17
  2013.2439          -30.12            1.09
  2013.2466          -30.20            1.11
  2013.2493          -26.19            1.17
  2013.2548          -33.09            1.14
  2013.2576          -31.33            1.09
  2013.2603          -30.44            1.16
  2013.2631          -31.65            1.14
  2013.2657          -30.14            2.16
  2013.2684          -31.47            1.13
  2013.2712          -30.15            1.27
  2013.2794          -28.79            1.10
  2013.2822          -29.89            1.02
  2013.2849          -31.78            1.05
  2013.2877          -30.73            1.05
  2013.2904          -31.91            1.04
  2013.2931          -31.78            1.03
  2013.2959          -32.03            1.07
  2013.2986          -31.09            1.05
  2013.3014          -31.66            1.07
  2013.3041          -31.11            1.09
  2013.3069          -31.87            1.12
  2013.3096          -32.69            1.09
  2013.3124          -30.82            1.10
  2013.3151          -32.03            1.06
  2013.3177          -31.63            1.10
  2013.3206          -33.22            1.08
  2013.3232          -32.70            1.14
  2013.3260          -32.30            1.05
  2013.3287          -33.02            1.02
  2013.3315          -32.88            1.12
  2013.3342          -31.50            1.15
  2013.3370          -34.55            1.24
  2013.3397          -32.91            1.09
  2013.3424          -33.57            1.02
  2013.3452          -36.87            1.15
  2013.3479          -33.36            1.07
  2013.3562          -35.02            1.19
  2013.3589          -33.94            1.05
  2013.3617          -35.44            2.02
  2013.3644          -35.54            1.01
  2013.3671          -35.52            1.01
  2013.3699          -35.11            0.98
  2013.3726          -34.93            0.98
  2013.3754          -35.66            1.01
  2013.3781          -33.94            1.08
  2013.3809          -35.24            1.67
  2013.3835          -35.93            1.05
  2013.3864          -35.76            1.02
  2013.3890          -36.93            1.05
  2013.3917          -37.39            1.01
  2013.3945          -36.32            1.02
  2013.4000          -36.39            1.07
  2013.4027          -35.63            1.11
  2013.4055          -36.09            1.17
  2013.4082          -37.62            1.03
  2013.4110          -37.07            1.03
  2013.4137          -35.49            1.17
  2013.4164          -35.80            1.10
  2013.4192          -36.06            1.07
  2013.4219          -37.10            1.00
  2013.4247          -34.93            1.08
  2013.4274          -35.35            1.11
  2013.4302          -36.93            1.01
  2013.4329          -36.67            1.07
  2013.4357          -35.85            1.01
  2013.4384          -36.29            1.05
  2013.4410          -36.62            0.99
  2013.4438          -36.77            1.05
  2013.4465          -37.64            1.07
  2013.4493          -37.39            1.07
  2013.4520          -36.82            1.06
  2013.4548          -38.60            1.14
  2013.4575          -39.10            1.06
  2013.4603          -38.31            1.02
  2013.4630          -36.68            1.06
  2013.4657          -36.56            1.03
  2013.4685          -38.55            1.01
  2013.4712          -37.72            1.08
  2013.4740          -38.56            1.01
  2013.4767          -35.17            1.03
  2013.4795          -34.79            1.00
  2013.4822          -35.67            1.00
  2013.4850          -36.16            1.03
  2013.4877          -39.59            1.14
  2013.4904          -38.45            1.10
  2013.4932          -36.98            1.07
  2013.4958          -35.38            1.00
  2013.4987          -36.25            0.99
  2013.5013          -37.16            1.04
  2013.5042          -36.77            1.07
  2013.5068          -37.53            1.08
  2013.5096          -37.29            1.04
  2013.5123          -36.91            0.99
  2013.5150          -36.46            0.98
  2013.5178          -35.67            1.00
  2013.5205          -36.43            1.06
  2013.5233          -36.14            1.04
  2013.5260          -37.34            1.02
  2013.5288          -36.52            0.99
  2013.5315          -35.08            1.07
  2013.5343          -35.90            1.04
  2013.5370          -36.86            1.04
  2013.5397          -37.35            0.98
  2013.5425          -36.39            1.05
  2013.5452          -36.76            1.02
  2013.5480          -36.32            1.01
  2013.5507          -35.42            1.08
  2013.5535          -36.91            0.97
  2013.5562          -36.86            0.97
  2013.5590          -38.08            0.96
  2013.5616          -36.04            0.96
  2013.5643          -36.96            1.19
  2013.5671          -37.29            1.07
  2013.5698          -37.46            0.96
  2013.5726          -39.39            0.95
  2013.5753          -37.27            0.95
  2013.5781          -37.92            1.00
  2013.5808          -38.20            0.96
  2013.5836          -37.01            0.94
  2013.5863          -37.31            0.96
  2013.5890          -37.38            1.02
  2013.5918          -36.31            1.25
  2013.5945          -36.03            1.02
  2013.5973          -36.12            1.05
  2013.6000          -38.74            1.11
  2013.6028          -37.44            1.03
  2013.6055          -37.10            0.96
  2013.6083          -37.47            1.00
  2013.6110          -41.22            1.02
  2013.6136          -40.90            1.04
  2013.6165          -38.84            0.98
  2013.6191          -38.52            0.97
  2013.6219          -37.27            1.03
  2013.6246          -39.41            0.99
  2013.6274          -39.59            0.96
  2013.6301          -39.35            1.00
  2013.6329          -40.15            1.02
  2013.6356          -39.79            0.99
  2013.6383          -39.72            1.02
  2013.6411          -39.14            0.97
  2013.6438          -38.92            0.98
  2013.6466          -39.73            1.05
  2013.6493          -38.62            1.01
  2013.6521          -39.33            0.98
  2013.6548          -40.33            0.99
  2013.6576          -39.98            0.99
  2013.6603          -39.96            1.00
  2013.6630          -40.38            1.00
  2013.6658          -41.80            1.06
  2013.6685          -41.05            1.05
  2013.6713          -40.26            1.04
  2013.6740          -39.24            1.27
  2013.6768          -41.66            1.22
  2013.6794          -44.18            1.15
  2013.6823          -40.92            1.17
  2013.6849          -41.65            1.19
  2013.6876          -42.54            1.19
  2013.6904          -41.95            1.16
  2013.6931          -42.20            1.16
  2013.6959          -44.19            1.12
  2013.6986          -42.89            1.17
  2013.7014          -41.49            1.09
  2013.7041          -42.09            1.13
  2013.7069          -40.71            1.11
  2013.7096          -40.82            1.07
  2013.7123          -41.10            1.07
  2013.7151          -41.81            1.06
  2013.7178          -42.42            1.12
  2013.7206          -41.98            1.13
  2013.7233          -41.77            1.14
  2013.7261          -43.55            1.13
  2013.7288          -44.03            1.17
  2013.7316          -42.72            1.07
  2013.7343          -43.39            1.07
  2013.7369          -42.12            1.18
  2013.7397          -43.80            1.43
  2013.7424          -41.83            1.11
  2013.7561          -44.57            1.08
  2013.7589          -44.18            1.12
  2013.7616          -44.04            1.18
  2013.7644          -43.19            1.12
  2013.7671          -41.26            1.28
  2013.7699          -41.74            1.15
  2013.7726          -43.32            1.13
  2013.7754          -42.77            1.21
  2013.7781          -42.37            1.60
  2013.7808          -42.80            1.20
  2013.7836          -41.93            1.22
  2013.7863          -42.53            1.26
  2013.7891          -42.82            1.15
  2013.7917          -39.22            1.53
  2013.7946          -41.36            1.22
  2013.7972          -42.39            1.14
  2013.8000          -41.28            1.22
  2013.8027          -42.29            1.61
  2013.8054          -42.30            1.23
  2013.8082          -42.28            1.41
  2013.8109          -42.20            1.10
  2013.8137          -46.21            2.45
  2013.8164          -42.41            1.16
  2013.8192          -43.23            1.26
  2013.8219          -44.37            1.31
  2013.8247          -44.37            1.09
  2013.8274          -43.95            1.39
  2013.8301          -41.87            1.14
  2013.8329          -43.02            1.14
  2013.8356          -43.18            1.15
  2013.8384          -43.33            1.06
  2013.8411          -43.87            1.22
  2013.8439          -44.28            1.07
  2013.8466          -44.21            1.05
  2013.8494          -43.25            1.21
  2013.8521          -45.97            1.09
  2013.8547          -45.64            1.16
  2013.8575          -44.72            1.15
  2013.8602          -44.72            1.20
  2013.8630          -44.69            1.17
  2013.8657          -45.22            1.35
  2013.8685          -44.60            1.14
  2013.8712          -42.63            1.19
  2013.8740          -43.27            1.16
  2013.8767          -43.71            1.05
  2013.8794          -45.69            1.08
  2013.8822          -45.78            1.12
  2013.8849          -46.09            1.13
  2013.8877          -45.78            1.18
  2013.8904          -43.19            1.31
  2013.8932          -43.26            1.14
  2013.8959          -45.25            1.15
  2013.8987          -45.98            1.18
  2013.9014          -45.78            1.37
  2013.9041          -45.23            1.29
  2013.9069          -44.61            2.33
  2013.9095          -43.70            2.15
  2013.9124          -47.73            1.12
  2013.9150          -45.28            1.12
  2013.9178          -45.86            1.12
  2013.9205          -41.82            1.19
  2013.9233          -44.28            1.58
  2013.9260          -45.69            1.29
  2013.9287          -47.04            1.12
  2013.9315          -45.63            1.15
  2013.9342          -46.30            1.14
  2013.9370          -42.95            1.25
  2013.9397          -44.97            1.18
  2013.9425          -45.23            1.14
  2013.9452          -43.81            1.24
  2013.9480          -42.26            1.22
  2013.9507          -45.41            1.14
  2013.9534          -45.85            1.23
  2013.9562          -45.49            1.15
  2013.9589          -45.02            1.24
  2013.9617          -45.28            1.18
  2013.9644          -49.14            1.22
  2013.9672          -46.67            1.14
  2013.9698          -47.81            1.17
  2013.9727          -46.18            1.19
  2013.9753          -48.51            1.18
  2013.9780          -47.18            1.17
  2013.9808          -46.74            1.14
  2013.9835          -44.82            1.20
  2013.9863          -44.32            1.22
  2013.9890          -43.25            1.30
  2013.9918          -46.48            1.18
  2013.9945          -47.72            1.28
  2013.9973          -48.30            1.20
  2014.0000          -47.63            1.29
  2014.0027          -46.66            1.24
  2014.0055          -48.07            1.36
  2014.0082          -47.81            1.20
  2014.0110          -46.39            1.19
  2014.0137          -47.18            1.18
  2014.0165          -47.07            1.21
  2014.0192          -45.59            1.24
  2014.0220          -46.77            1.23
  2014.0247          -48.01            1.24
  2014.0273          -48.43            1.52
  2014.0302          -46.40            1.22
  2014.0328          -43.16            1.30
  2014.0356          -46.96            1.19
