  2007.5042            0.00            1.80
  2007.5068           10.77            1.66
  2007.5096            3.98            1.63
  2007.5123            3.85            1.64
  2007.5150            8.23            1.81
  2007.5178            9.91            1.73
  2007.5205            8.13            1.75
  2007.5233          -11.17            1.71
  2007.5260          -14.46            1.79
  2007.5288          -11.01            1.76
  2007.5315           10.65            1.54
  2007.5343           -6.74            1.72
  2007.5370           -1.36            1.57
  2007.5397           -0.31            1.50
  2007.5425            9.25            1.61
  2007.5452            5.31            1.79
  2007.5480           15.59            1.58
  2007.5507            7.30            1.55
  2007.5535           -0.36            1.56
  2007.5562           -2.09            1.56
  2007.5590          -15.42            1.79
  2007.5616           -9.48            1.72
  2007.5643          -23.78            1.75
  2007.5671          -10.72            1.59
  2007.5698          -12.78            1.69
  2007.5726            9.33            1.52
  2007.5753           16.92            1.60
  2007.5781            3.73            1.59
  2007.5808           -4.31            1.76
  2007.5836            6.92            1.73
  2007.5863           18.44            1.49
  2007.5890           16.00            1.52
  2007.5918           -1.51            1.71
  2007.5945           -6.21            1.73
  2007.5973           -3.60            1.54
  2007.6000           -5.61            1.89
  2007.6028          -15.34            1.88
  2007.6055            2.68            1.86
  2007.6083          -10.09            1.75
  2007.6110           -9.01            1.77
  2007.6136            8.90            1.63
  2007.6165            9.85            1.65
  2007.6191            2.22            1.61
  2007.6219            7.23            1.76
  2007.6246           20.52            1.50
  2007.6274           18.62            2.33
  2007.6356           -8.18            1.77
  2007.6383           -2.41            1.77
  2007.6411            6.44            1.52
  2007.6438            1.73            1.79
  2007.6466            4.70            1.59
  2007.6493           -7.80            1.88
  2007.6521           -7.00            2.04
  2007.6548            2.83            1.85
  2007.6576           -3.77            1.92
  2007.6603           -1.96            1.86
  2007.6630            6.51            1.85
  2007.6658            4.22            1.64
  2007.6685            7.15            1.82
  2007.6713           -4.40            1.77
  2007.6740           -8.35            1.92
  2007.6768            6.93            1.71
  2007.6794           -5.03            1.89
  2007.6823           -5.84            2.13
  2007.6849           -7.46            1.70
  2007.6876           -6.04            1.69
  2007.6904           -3.39            1.82
  2007.6931           -3.73            1.72
  2007.6959            3.67            1.65
  2007.6986           18.22            1.65
  2007.7014            8.35            1.76
  2008.0027           25.24            2.10
  2008.0055           19.97            2.30
  2008.0082           -3.37            2.15
  2008.0110           20.68            1.97
  2008.0137            8.45            2.04
  2008.0165           10.28            2.19
  2008.0192           30.37            2.24
  2008.0220           38.84            2.67
  2008.0247           17.17            2.59
  2008.0273           20.45            2.43
  2008.0302           28.30            2.42
  2008.0328           26.53            2.50
  2008.0356           38.11            2.59
  2008.0383           14.32            2.65
  2008.0411            5.58            2.17
  2008.0466            7.44            2.66
  2008.0520           20.51            2.63
  2008.0713           25.35            2.95
  2008.0767           18.40            2.75
  2008.0795           21.72            2.98
  2008.0822           10.46            2.69
  2008.0850           10.77            2.76
  2008.0876           21.46            3.16
  2008.0905           19.57            2.75
  2008.0931           26.56            2.66
  2008.0959           11.16            2.76
  2008.0986           31.68            2.80
  2008.1013           25.23            2.83
  2008.1041           34.19            2.70
  2008.1068           31.75            3.09
  2008.1096           13.44            2.77
  2008.1123           22.34            3.33
  2008.1151           24.92            3.64
  2008.1178           13.12            3.53
  2008.1206           44.98            5.27
  2008.1233           15.78            3.28
  2008.1260           28.91            3.23
  2008.1288           56.56            4.47
  2008.1315           28.83            3.00
