  2008.4850            0.00            0.20
  2008.4877            2.01            0.05
  2008.4904            0.56            0.05
  2008.4932            1.33            0.06
  2008.4958           -1.66            0.06
  2008.4987            0.68            0.05
  2008.5013            1.44            0.05
  2008.5042            2.37            0.06
  2008.5068           -3.24            0.05
  2008.5096           -3.27            0.05
  2008.5123           -1.07            0.06
  2008.5150           -0.70            0.05
  2008.5178           -2.38            0.06
  2008.5205            2.77            0.05
  2008.5233            1.14            0.06
  2008.5260            0.57            0.05
  2008.5288           -2.24            0.07
  2008.5315            0.01            0.06
  2008.5343            1.60            0.06
  2008.5370            0.14            0.06
  2008.5397           -0.08            0.06
  2008.5425            2.13            0.06
  2008.5452            1.33            0.07
  2008.5480            2.30            0.07
  2008.5507            2.83            0.07
  2008.5535            2.19            0.06
  2009.0027           12.67            0.05
  2009.0055           12.68            0.05
  2009.0082           13.43            0.05
  2009.0110           12.98            0.05
  2009.0137           12.73            0.05
  2009.0165           12.49            0.05
  2009.0192           11.57            0.04
  2009.0220           11.71            0.05
  2009.0247           11.45            0.04
  2009.0273           11.39            0.04
  2009.0302           11.93            0.04
  2009.0328           14.30            0.05
  2009.0356           14.12            0.04
  2009.0383           12.84            0.04
  2009.0411           16.00            0.04
  2009.0438           12.70            0.05
  2009.0466           13.62            0.04
  2009.0493           12.91            0.04
  2009.0520           12.05            0.04
  2009.0548           11.31            0.04
  2009.0575           12.04            0.04
  2009.0603           11.98            0.04
  2009.0630           13.35            0.05
  2009.0658           10.46            0.04
  2009.0685           12.49            0.05
  2009.0713           13.26            0.04
  2009.0740           13.96            0.05
  2009.0767           12.64            0.05
  2009.0795           14.39            0.05
  2009.0822           14.51            0.05
  2009.0850           13.67            0.05
  2009.0876           15.46            0.04
  2009.0905           14.77            0.05
  2009.0931           16.66            0.04
  2009.0959           14.95            0.04
  2009.0986           14.38            0.04
  2009.1013           14.12            0.05
  2009.1041           15.46            0.03
  2009.1068           14.41            0.04
  2009.1096           13.59            0.04
  2009.1123           14.14            0.03
  2009.1151           15.42            0.04
  2009.1178           15.15            0.03
  2009.1206           15.96            0.04
  2009.1233           15.77            0.04
  2009.1260           15.80            0.03
  2009.1288           15.76            0.04
  2009.1315           21.85            0.05
  2009.1343           13.26            0.04
  2009.1370           15.67            0.04
  2009.1398           16.46            0.04
  2009.1425           17.15            0.04
  2009.1453           13.31            0.04
  2009.1479           16.37            0.04
  2009.1506           16.41            0.07
  2009.1534           16.53            0.04
  2009.1561           16.33            0.03
  2009.1589           15.37            0.04
  2009.1616           15.53            0.04
  2009.1644           14.93            0.07
  2009.1671           15.62            0.04
  2009.1699           15.28            0.04
  2009.1726           17.52            0.05
  2009.1753           16.32            0.04
  2009.1781           16.47            0.04
  2009.1808           15.79            0.04
  2009.1836           17.92            0.05
  2009.1863           16.45            0.04
  2009.1918           18.57            0.04
  2009.1946           16.97            0.05
  2009.2000           17.78            0.05
  2009.2028           22.36            0.04
  2009.2054           19.89            0.05
  2009.2109           18.39            0.04
  2009.2137           21.16            0.04
  2009.2164           19.75            0.04
  2009.2192           18.59            0.05
  2009.2219           15.75            0.05
  2009.2246           18.19            0.04
  2009.2301           16.38            0.05
  2009.2329           17.63            0.05
  2009.2356           15.70            0.05
  2009.2411           17.76            0.06
  2009.2439           17.79            0.05
  2009.2493           19.03            0.05
  2009.2521           17.79            0.04
  2009.2548           16.44            0.05
  2009.2603           16.89            0.09
  2009.2631           16.06            0.05
  2009.2657           17.68            0.05
  2009.2712           18.24            0.05
  2009.2739           18.17            0.04
  2009.2767           19.58            0.05
  2009.2822           16.86            0.04
  2009.2849           17.91            0.05
  2009.2877           18.96            0.04
  2009.2931           19.00            0.04
  2009.2959           20.54            0.04
  2009.2986           18.23            0.04
  2009.3014           18.88            0.03
  2009.3069           18.36            0.03
  2009.3124           22.02            0.03
  2009.3151           21.12            0.04
  2009.3177           19.55            0.03
  2009.3232           17.63            0.03
  2009.3260           17.27            0.05
  2009.3315           15.54            0.04
  2009.3342           17.04            0.05
  2009.3370           19.18            0.05
  2009.3424           20.61            0.05
  2009.3452           19.47            0.05
  2009.3479           18.68            0.04
  2009.3534           17.45            0.07
  2009.3562           17.64            0.07
  2009.3617           18.50            0.08
  2009.3644           18.32            0.05
  2009.3671           17.51            0.06
  2009.3726           16.60            0.06
  2009.3754           20.85            0.07
  2009.3781           18.78            0.05
  2009.3835           15.94            0.05
  2009.3864           18.54            0.07
  2009.3917           18.41            0.05
  2009.3945           19.22            0.06
  2009.3972           17.84            0.06
  2009.4027           17.32            0.07
  2009.4055           16.36            0.06
  2009.4082           18.08            0.07
  2009.4110           17.55            0.07
  2009.4137           19.62            0.08
  2009.4164           19.69            0.08
  2009.4219           18.29            0.08
  2009.4247           18.31            0.06
  2009.4274           18.11            0.06
  2009.4329           17.09            0.06
  2009.4357           16.93            0.05
  2009.4410           19.51            0.07
  2009.4438           19.34            0.06
  2009.4465           19.91            0.07
  2009.4493           18.34            0.07
  2009.4520           18.17            0.08
  2009.4548           20.03            0.08
  2009.4575           17.58            0.06
  2009.4603           20.05            0.07
  2009.4630           18.56            0.06
  2009.4657           19.36            0.08
  2009.4685           21.48            0.07
  2009.4712           17.28            0.06
  2009.4740           16.52            0.07
  2009.4767           18.21            0.06
  2009.4795           18.17            0.07
  2009.4822           18.52            0.08
  2009.4850           17.88            0.07
  2009.4877           18.59            0.06
  2009.4904           16.39            0.07
  2009.4932           17.63            0.05
  2009.4958           17.75            0.05
  2009.4987           20.70            0.06
  2009.5013           19.41            0.06
  2009.5042           16.71            0.06
  2009.5068           18.59            0.06
  2009.5096           16.98            0.06
  2009.5123           18.92            0.06
  2009.5150           19.27            0.06
  2009.5178           20.40            0.06
  2009.5205           20.32            0.05
  2009.5233           19.88            0.05
  2009.5260           20.74            0.06
  2009.5288           19.17            0.06
  2009.5315           21.08            0.06
  2009.5343           21.19            0.06
  2009.5370           20.26            0.07
  2009.5397           23.39            0.07
  2009.5425           20.06            0.07
  2009.5452           22.37            0.08
  2009.5507          -46.60            0.66
  2009.5535           19.23            0.08
  2009.5562           17.52            0.08
  2009.5590           20.74            0.08
  2009.5616           19.83            0.07
  2009.5643           19.52            0.08
  2009.5671           19.84            0.08
  2009.5698           19.61            0.08
  2009.5726           20.59            0.07
  2009.5753           21.04            0.08
  2009.5781           20.63            0.08
  2009.5808           19.50            0.08
  2009.5836           19.12            0.08
  2009.5863           18.74            0.06
  2009.5890           22.22            0.07
  2009.5918           19.14            0.08
  2009.5945           20.29            0.07
  2009.5973           21.67            0.07
  2009.6000           22.76            0.08
  2009.6028           23.09            0.07
  2009.6055           22.50            0.07
  2009.6083           22.53            0.07
  2009.6110           20.92            0.08
  2009.6136           20.50            0.08
  2009.6165           20.78            0.08
  2009.6191           17.17            0.07
  2009.6219           18.88            0.06
  2009.6246           20.93            0.08
  2009.6274           19.62            0.07
  2009.6301           20.42            0.07
  2009.6329           21.00            0.08
  2009.6356           18.90            0.08
  2009.6383           22.27            0.08
  2009.6411           19.64            0.09
  2009.6438           20.23            0.08
  2009.6466           22.22            0.08
  2009.6493           18.96            0.08
  2009.6521           21.24            0.08
  2009.6548           20.35            0.07
  2009.6576           17.59            0.09
  2009.6603           19.07            0.09
  2009.6630           20.40            0.09
  2009.6658           21.08            0.09
  2009.6685           22.90            0.05
  2009.6713           20.18            0.07
  2009.6740           21.06            0.09
  2009.6768           22.01            0.08
  2009.6794           21.75            0.08
  2009.6823           19.17            0.09
  2009.6849           19.96            0.08
  2009.6876           20.83            0.08
  2009.6904           22.11            0.08
  2009.6959           23.37            0.08
  2009.6986           23.11            0.07
  2009.7014           24.01            0.08
  2009.7069           21.70            0.08
  2009.7096           21.60            0.08
  2009.7151           21.08            0.09
  2009.7178           21.52            0.09
  2009.7206           19.64            0.08
  2009.7261           19.33            0.09
  2009.7288           19.44            0.07
  2009.7316           20.54            0.08
  2009.7369           19.97            0.07
  2009.7397           20.81            0.06
  2009.7452           22.70            0.09
  2009.7479           22.31            0.08
  2009.7507           20.99            0.10
  2009.7561           21.26            0.09
  2009.7589           21.12            0.09
  2009.7863           22.33            0.06
  2009.7891           23.69            0.10
  2009.7917           23.84            0.08
  2009.7946           24.62            0.08
  2009.7972           25.90            0.08
  2009.8000           23.64            0.08
  2009.8054           25.93            0.08
  2009.8082           24.35            0.08
  2009.8109           23.97            0.08
  2009.8164           23.73            0.08
  2009.8192           24.02            0.06
  2009.8219           28.16            0.09
  2009.8274           23.16            0.05
  2009.8301           22.88            0.05
  2009.8329           22.00            0.05
  2009.8384           24.50            0.08
  2009.8411           23.66            0.09
  2009.8439           22.74            0.08
  2009.8494           22.81            0.08
  2009.8521           24.03            0.08
  2009.8575           23.07            0.08
  2009.8602           24.11            0.09
  2009.8685           23.40            0.07
  2009.8712           22.72            0.07
  2009.8740           25.00            0.04
  2009.8767           23.05            0.09
  2009.8794           24.25            0.08
  2009.8822           22.04            0.05
  2009.8877           24.19            0.09
  2009.8904           23.19            0.08
  2009.8932           18.61            0.07
  2009.8987           20.54            0.09
  2009.9014           21.84            0.10
  2009.9069           23.58            0.07
  2009.9095           21.66            0.11
  2009.9124           21.76            0.09
  2009.9178           24.08            0.10
  2009.9205           23.19            0.09
  2009.9233           23.34            0.08
  2009.9287           23.69            0.09
  2009.9315           23.11            0.05
  2009.9370           25.68            0.07
  2009.9397           24.41            0.06
  2009.9425           25.55            0.08
  2009.9452           25.73            0.09
  2009.9480           24.65            0.09
  2009.9507           26.55            0.09
  2009.9534           24.25            0.11
  2009.9562           24.24            0.10
  2009.9589           23.75            0.06
  2009.9617           25.55            0.10
  2009.9644           25.55            0.11
  2009.9672           25.41            0.10
  2009.9698           26.33            0.08
  2009.9727           25.99            0.08
  2009.9753           25.69            0.09
  2009.9780           25.12            0.10
  2009.9808           26.09            0.09
  2009.9835           27.00            0.08
  2009.9863           28.01            0.09
  2009.9890           29.51            0.07
  2009.9918           26.78            0.09
  2009.9945           30.42            0.07
  2009.9973           26.09            0.06
  2010.0000           28.57            0.05
  2010.0027           27.10            0.04
  2010.0055           25.23            0.05
  2010.0082           27.06            0.05
  2010.0110           28.86            0.05
  2010.0137           28.05            0.06
  2010.0165           29.69            0.07
  2010.0192           27.43            0.06
  2010.0220           32.19            0.08
  2010.0247           28.27            0.05
  2010.0273           27.98            0.08
  2010.0302           23.37            0.10
  2010.0328           24.43            0.07
  2010.0356           28.31            0.07
  2010.0383           27.56            0.05
  2010.0411           25.91            0.05
  2010.0438           27.26            0.08
  2010.0466           27.75            0.06
  2010.0493           26.81            0.05
  2010.0520           29.19            0.06
  2010.0548           30.15            0.05
  2010.0575           26.20            0.05
  2010.0630           26.09            0.05
  2010.0658           29.22            0.05
  2010.0685           28.40            0.05
  2010.0713           28.39            0.06
  2010.0740           31.67            0.08
  2010.0767           27.79            0.05
  2010.0795           29.43            0.05
  2010.0822           28.89            0.05
  2010.0850           29.29            0.06
  2010.0876           27.33            0.05
  2010.0905           28.36            0.07
  2010.0931           29.65            0.05
  2010.0959           29.02            0.05
  2010.0986           30.36            0.06
  2010.1013           27.93            0.06
  2010.1041           29.11            0.06
  2010.1068           29.90            0.05
  2010.1096           31.02            0.06
  2010.1123           28.79            0.05
  2010.1151           29.71            0.06
  2010.1178           28.59            0.05
  2010.1206           27.97            0.09
  2010.1233           28.84            0.05
  2010.1260           27.75            0.06
  2010.1288           28.72            0.06
  2010.1315           29.21            0.07
  2010.1343           28.59            0.07
  2010.1370           30.98            0.07
  2010.1398           27.84            0.06
  2010.1425           29.55            0.08
  2010.1453           27.71            0.07
  2010.1479           27.48            0.06
  2010.1506           27.72            0.05
  2010.1534           30.98            0.06
  2010.1561           29.15            0.06
  2010.1616           20.44            0.05
  2010.1644           19.69            0.05
  2010.1671           18.55            0.05
  2010.1699           18.34            0.05
  2010.1726           18.46            0.05
  2010.1753           18.01            0.04
  2010.1781           16.80            0.04
  2010.1808           15.62            0.04
  2010.1836           15.57            0.05
  2010.1863           15.47            0.05
  2010.1891           15.74            0.04
  2010.1918           16.57            0.05
  2010.1946           15.91            0.05
  2010.1973           11.05            0.05
  2010.2000           17.04            0.04
  2010.2028           16.92            0.06
  2010.2054           16.56            0.05
  2010.2083           15.30            0.04
  2010.2109           16.81            0.03
  2010.2137           12.10            0.04
  2010.2164           13.41            0.05
  2010.2192            9.88            0.03
  2010.2219           15.11            0.02
  2010.2246           14.31            0.04
  2010.2274           14.56            0.05
  2010.2301           12.44            0.03
  2010.2329           13.75            0.04
  2010.2356           14.43            0.04
  2010.2384           12.19            0.04
  2010.2411           11.80            0.03
  2010.2439           14.35            0.04
  2010.2466           10.77            0.04
  2010.2493           13.34            0.04
  2010.2521           12.34            0.04
  2010.2548           12.50            0.04
  2010.2576           14.36            0.02
  2010.2603           13.23            0.03
  2010.2631           12.81            0.05
  2010.2657           14.22            0.04
  2010.2684           14.66            0.04
  2010.2712           11.52            0.05
  2010.2739           15.82            0.04
  2010.2767           16.01            0.03
  2010.2794           14.85            0.05
  2010.2822           16.55            0.03
  2010.2849           15.23            0.04
  2010.2877           14.49            0.03
  2010.2904           15.14            0.03
  2010.2931           15.98            0.05
  2010.2959           14.38            0.03
  2010.2986           14.40            0.03
  2010.3014           15.56            0.03
  2010.3069           13.47            0.04
  2010.3096           14.98            0.06
  2010.3124           15.25            0.04
  2010.3151           15.18            0.05
  2010.3177           12.79            0.04
  2010.3206           14.27            0.04
  2010.3232           13.34            0.04
  2010.3260           13.14            0.03
  2010.3287           12.16            0.04
  2010.3315           14.22            0.04
  2010.3424           11.72            0.04
  2010.3452           13.03            0.04
  2010.3479           13.41            0.05
  2010.3507           13.24            0.05
  2010.3534           12.59            0.03
  2010.3562           12.42            0.04
  2010.3589           12.53            0.03
  2010.3617           13.27            0.06
  2010.3644           11.43            0.03
  2010.3671           12.30            0.04
  2010.3699           12.26            0.04
  2010.3726           13.20            0.03
  2010.3754           13.56            0.04
  2010.3781            8.85            0.03
  2010.3809           13.08            0.03
  2010.3835           12.63            0.03
  2010.3864           14.63            0.03
  2010.3890           14.37            0.03
  2010.3917           12.78            0.03
  2010.3945           12.70            0.03
  2010.3972           12.55            0.04
  2010.4000           13.02            0.04
  2010.4027           13.79            0.03
  2010.4055           11.55            0.04
  2010.4082           12.45            0.03
  2010.4110           13.04            0.09
  2010.4137           11.07            0.03
  2010.6083            8.67            0.02
  2010.6110           12.62            0.03
  2010.6136           12.38            0.04
  2010.6165           13.26            0.03
  2010.6191           12.07            0.03
  2010.6219           13.76            0.03
  2010.6246            8.83            0.03
  2010.6274           11.29            0.03
  2010.6301           11.86            0.02
  2010.6329           12.13            0.02
  2010.6356           12.12            0.02
  2010.6383           11.67            0.03
  2010.6411           13.12            0.03
  2010.6438           12.52            0.02
  2010.6466           13.87            0.03
  2010.6493           12.80            0.02
  2010.6521           14.24            0.02
  2010.6548           14.44            0.02
  2010.6576           12.69            0.02
  2010.6603           13.12            0.02
