  2010.2301            0.00            0.97
  2010.2329           -0.06            1.00
  2010.2356            0.05            0.98
  2010.2384           -1.71            1.01
  2010.2411           -3.38            1.03
  2010.2439           -4.23            1.00
  2010.2466           -6.03            1.06
  2010.2493           -5.77            1.01
  2010.2521           -4.39            0.99
  2010.2548           -6.93            0.95
  2010.2576           -7.18            0.66
  2010.2603           -8.86            0.94
  2010.2631           -9.20            0.97
  2010.2657           -9.66            0.96
  2010.2684          -12.02            0.92
  2010.2712          -13.19            0.93
  2010.2739          -12.55            0.97
  2010.2767          -16.11            0.94
  2010.2794          -17.00            0.96
  2010.2822          -17.19            0.95
  2010.2849          -18.90            0.93
  2010.2877          -18.80            0.94
  2010.2904          -20.64            1.00
  2010.2931          -22.19            0.98
  2010.2959          -22.71            0.98
  2010.2986          -22.50            0.95
  2010.3014          -23.85            0.93
  2010.3069          -24.32            0.93
  2010.3096          -25.07            0.96
  2010.3124          -25.38            0.94
  2010.3151          -26.03            0.92
  2010.3177          -26.17            0.94
  2010.3206          -27.13            0.94
  2010.3232          -25.63            0.96
  2010.3260          -27.24            0.93
  2010.3287          -30.39            1.00
  2010.3315          -31.14            0.98
  2010.3424          -32.87            0.98
  2010.3452          -32.61            0.94
  2010.3479          -33.70            0.92
  2010.3507          -34.14            0.90
  2010.3534          -34.29            0.88
  2010.3562          -35.55            0.92
  2010.3589          -35.38            0.98
  2010.3617          -35.38            1.47
  2010.3644          -36.72            0.97
  2010.3671          -36.82            1.00
  2010.3699          -36.42            0.97
  2010.3726          -37.30            0.97
  2010.3754          -36.87            0.95
  2010.3781          -38.60            0.95
  2010.3809          -38.96            0.94
  2010.3835          -38.60            0.93
  2010.3864          -39.43            0.96
  2010.3890          -40.53            1.01
  2010.3917          -40.99            0.98
  2010.3945          -43.11            0.96
  2010.3972          -41.76            0.96
  2010.4000          -41.65            0.95
  2010.4027          -41.78            0.95
  2010.4055          -43.16            0.98
  2010.4082          -43.39            0.99
  2010.4110          -41.90            2.09
  2010.4137          -42.35            0.91
  2010.4164          -42.78            0.93
  2010.4192          -46.52            1.18
  2010.4219          -44.21            0.96
  2010.4247          -44.16            0.96
  2010.4274          -45.24            0.91
  2010.4302          -46.61            0.90
  2010.4329          -46.24            0.89
  2010.4357          -46.32            0.86
  2010.4384          -46.89            0.96
  2010.4410          -48.90            1.09
  2010.4438          -48.40            0.96
  2010.4465          -48.82            1.04
  2010.4493          -50.07            1.04
  2010.4520          -51.48            1.16
  2010.4548          -50.28            1.03
  2010.4575          -50.90            1.03
  2010.4603          -52.59            1.25
  2010.4630          -56.84            3.42
  2010.4657          -50.11            1.22
  2010.4685          -52.74            1.07
  2010.4712          -52.51            1.18
  2010.4740          -55.30            1.10
  2010.4767          -56.17            1.40
  2010.4795          -53.43            1.22
  2010.4822          -53.61            0.94
  2010.4850          -53.09            0.91
  2010.4877          -56.13            0.93
  2010.4904          -55.52            0.94
  2010.4932          -57.65            0.91
  2010.4958          -57.28            0.90
  2010.4987          -57.74            0.91
  2010.5013          -57.17            0.97
  2010.5042          -57.87            0.97
  2010.5068          -59.92            1.18
  2010.5096          -60.04            1.02
  2010.5123          -58.78            1.38
  2010.5150          -59.41            1.59
  2010.5178          -60.36            0.94
  2010.5205          -58.86            0.90
  2010.5233          -60.10            0.93
  2010.5260          -63.07            0.98
  2010.5288          -61.65            0.90
  2010.5315          -62.07            0.88
  2010.5343          -61.98            0.87
  2010.5370          -61.62            0.91
  2010.5397          -63.60            0.92
  2010.5425          -62.06            0.91
  2010.5452          -62.90            0.87
  2010.5480          -64.22            0.90
  2010.5507          -65.22            0.93
  2010.5535          -63.72            0.93
  2010.5562          -64.23            0.95
  2010.5590          -65.26            0.99
  2010.5616          -64.39            0.99
  2010.5643          -63.37            0.96
  2010.5671          -63.88            0.91
  2010.5698          -64.67            0.94
  2010.5726          -65.44            0.95
  2010.5753          -64.80            0.97
  2010.5781          -66.35            0.99
  2010.5808          -67.20            0.96
  2010.5836          -66.04            0.96
  2010.5863          -66.09            0.88
  2010.5890          -66.49            0.90
  2010.5918          -66.32            0.88
  2010.5945          -67.90            1.84
  2010.5973          -68.32            0.90
  2010.6000          -67.64            0.87
  2010.6028          -68.26            0.88
  2010.6055          -68.02            0.87
  2010.6083          -68.19            0.87
  2010.6110          -68.77            0.91
  2010.6136          -69.16            0.86
  2010.6165          -69.87            0.85
  2010.6191          -68.83            0.85
  2010.6219          -69.51            0.86
  2010.6246          -69.48            0.94
  2010.6274          -70.32            0.99
  2010.6301          -69.50            0.90
  2010.6329          -69.61            0.86
  2010.6356          -71.03            0.87
  2010.6383          -70.96            0.97
  2010.6411          -72.90            0.88
  2010.6438          -71.81            0.89
  2010.6466          -72.30            0.88
  2010.6493          -73.34            0.87
  2010.6521          -73.59            0.92
  2010.6548          -73.10            0.91
  2010.6576          -73.12            0.93
  2010.6603          -71.85            0.86
  2010.6630          -73.48            0.92
  2010.6658          -74.44            0.89
  2010.6685          -73.60            0.91
  2010.6713          -73.40            0.93
  2010.6740          -74.72            1.01
  2010.6768          -72.35            0.93
  2010.6794          -73.28            0.85
  2010.6823          -73.56            0.86
  2010.6849          -73.80            0.86
  2010.6876          -74.30            0.87
  2010.6904          -74.25            0.88
  2010.6931          -75.42            0.87
  2010.6959          -76.31            0.96
  2010.6986          -76.34            0.94
  2010.7014          -76.82            0.92
  2010.7041          -76.75            0.92
  2010.7069          -76.83            1.03
  2010.7096          -75.70            0.92
  2010.7123          -76.20            0.89
  2010.7151          -77.56            0.94
  2010.7178          -77.60            0.91
  2010.7206          -77.57            0.90
  2010.7233          -77.42            0.90
  2010.7261          -78.38            0.87
  2010.7288          -78.42            0.87
  2010.7316          -78.19            0.88
  2010.7343          -79.52            0.89
  2010.7369          -79.75            0.98
  2010.7397          -80.66            0.94
  2010.7424          -81.64            0.94
  2010.7452          -79.42            0.89
  2010.7479          -80.76            0.92
  2010.7507          -79.95            0.95
  2010.7534          -79.78            0.89
  2010.7561          -80.15            0.97
  2010.7589          -80.90            0.90
  2010.7616          -80.95            0.90
  2010.7644          -81.53            0.91
  2010.7671          -80.56            0.90
  2010.7699          -81.95            1.00
  2010.7726          -81.16            0.88
  2010.7754          -83.33            0.88
  2010.7781          -83.03            0.87
  2010.7808          -84.35            0.92
  2010.7836          -83.80            0.95
  2010.7863          -83.49            1.02
  2010.7891          -83.84            0.92
  2010.7917          -82.95            0.88
  2010.7946          -83.58            0.89
  2010.7972          -83.43            0.91
  2010.8000          -84.31            0.90
  2010.8027          -84.82            0.95
  2010.8054          -84.73            0.92
  2010.8082          -84.51            0.93
  2010.8109          -85.44            0.90
  2010.8137          -86.17            0.89
  2010.8164          -86.66            0.90
  2010.8192          -86.94            0.94
  2010.8219          -87.57            0.96
  2010.8247          -87.98            0.96
  2010.8274          -87.98            0.99
  2010.8301          -88.49            0.90
  2010.8329          -87.47            0.95
  2010.8356          -88.43            0.92
  2010.8384          -88.11            0.95
  2010.8411          -88.53            0.93
  2010.8439          -89.32            0.91
  2010.8466          -88.65            0.92
  2010.8494          -89.00            0.97
  2010.8521          -90.03            1.00
  2010.8547          -91.06            0.93
  2010.8575          -89.58            0.89
  2010.8602          -89.11            0.93
  2010.8630          -89.99            0.89
  2010.8657          -91.65            0.90
  2010.8685          -90.28            1.01
  2010.8712          -89.62            0.92
  2010.8740          -90.40            0.92
  2010.8767          -90.53            0.95
  2010.8794          -90.26            0.93
  2010.8822          -90.72            0.93
  2010.8849          -91.32            0.97
  2010.8877          -91.94            0.99
  2010.8904          -92.94            1.07
  2010.8932          -92.21            1.06
  2010.8959          -94.11            1.07
  2010.8987          -92.69            1.08
  2010.9014          -93.67            1.02
  2010.9041          -93.15            1.06
  2010.9069          -93.95            1.00
  2010.9095          -91.72            1.03
  2010.9124          -91.13            1.03
  2010.9150          -92.02            1.02
  2010.9178          -93.36            1.00
  2010.9205          -93.20            1.01
  2010.9233          -93.39            1.01
  2010.9260          -91.72            0.96
  2010.9287          -92.48            0.96
  2010.9315          -91.21            1.02
  2010.9342          -92.64            1.03
  2010.9370          -91.89            0.98
  2010.9397          -92.96            1.00
  2010.9425          -93.09            1.06
  2010.9452          -92.85            1.03
  2010.9480          -94.80            1.02
  2010.9507          -93.03            1.54
  2010.9644          -92.90            0.99
  2011.0027          -94.63            0.94
  2011.0055          -95.86            0.97
  2011.0082          -95.34            1.03
  2011.0110          -95.62            1.02
  2011.0137          -95.50            0.96
  2011.0165          -96.36            0.95
  2011.0192          -95.92            0.95
  2011.0220          -96.61            0.97
  2011.0247          -97.58            0.96
  2011.0273          -98.59            0.97
  2011.0302          -98.37            0.98
  2011.0328          -99.40            0.97
  2011.0356         -100.03            1.01
  2011.0383          -98.66            0.97
  2011.0411          -98.79            1.02
  2011.0438          -98.10            1.05
  2011.0466          -98.78            0.95
  2011.0493          -99.13            1.07
  2011.0520          -98.31            1.04
  2011.0548          -98.83            1.02
  2011.0575          -99.19            0.97
  2011.0603          -98.43            1.02
  2011.0630          -99.99            0.99
  2011.0658         -100.12            1.00
  2011.0685          -99.60            1.01
  2011.0713         -100.77            1.04
  2011.0740          -99.78            1.05
  2011.0767          -99.02            0.99
  2011.0795          -98.67            1.00
  2011.0822         -100.49            1.02
  2011.0850         -100.60            1.01
  2011.0876         -100.50            0.95
  2011.0905         -100.42            0.98
  2011.0931         -100.44            1.00
  2011.0959         -101.53            0.97
  2011.0986         -101.87            0.94
  2011.1013         -103.14            0.95
  2011.1041         -102.09            0.95
  2011.1068         -101.96            1.05
  2011.1096         -103.12            0.99
  2011.1123         -102.48            1.07
  2011.1151         -103.11            1.02
  2011.1178         -102.84            1.09
  2011.1206         -103.57            1.19
  2011.1233         -104.31            1.00
  2011.1260         -106.94            1.00
  2011.1288         -106.66            1.03
  2011.1315         -105.10            1.04
  2011.1343         -104.97            1.02
  2011.1370         -106.38            1.03
  2011.1398         -103.78            1.00
  2011.1425         -105.32            1.03
  2011.1453         -105.33            1.00
  2011.1479         -106.02            1.09
  2011.1506         -104.11            1.04
  2011.1534         -104.90            1.01
  2011.1561         -105.89            0.96
  2011.1589         -105.93            0.98
  2011.1616         -104.66            0.96
  2011.1644         -105.85            0.98
  2011.1671         -106.67            0.99
  2011.1699         -105.05            1.01
  2011.1726         -105.90            1.05
  2011.1753         -105.72            1.01
  2011.1781         -107.36            1.29
  2011.1808         -107.57            0.99
  2011.1836         -107.53            1.01
  2011.1863         -107.79            1.06
  2011.1891         -106.81            1.20
  2011.1918         -107.98            1.19
  2011.1946         -109.14            1.16
  2011.1973         -107.93            0.98
  2011.2000         -108.63            1.09
  2011.2028         -106.77            1.18
  2011.2054         -110.11            1.10
  2011.2083         -111.02            1.06
  2011.2109         -108.44            0.98
  2011.2137         -110.26            0.98
  2011.2164         -108.59            0.95
  2011.2192         -109.46            1.06
  2011.2219         -109.29            1.05
  2011.2246         -107.93            0.99
  2011.2274         -111.59            1.03
  2011.2301         -109.21            1.03
  2011.2329         -109.66            0.98
  2011.2356         -108.81            1.00
  2011.2384         -109.30            0.96
  2011.2411         -110.11            1.02
  2011.2439         -109.14            1.05
  2011.2466         -109.70            1.16
  2011.2493         -109.77            1.10
  2011.2521         -109.32            1.06
  2011.2548         -110.89            1.03
  2011.2576         -110.60            0.97
  2011.2603         -109.33            1.22
  2011.2631         -110.17            1.01
  2011.2657         -111.48            1.01
  2011.2684         -109.08            0.95
  2011.2712         -109.78            0.99
  2011.2739         -111.73            1.02
  2011.2767         -112.67            1.07
  2011.2794         -110.64            1.06
  2011.2822         -112.04            1.08
  2011.2849         -111.95            1.00
  2011.2877         -111.88            0.97
  2011.2904         -111.58            0.95
  2011.2931         -113.26            2.15
  2011.2959         -113.48            0.95
  2011.2986         -114.05            0.96
  2011.3014         -114.54            0.99
  2011.3041         -117.03            1.05
  2011.3069         -115.96            1.09
  2011.3096         -112.30            0.95
  2011.3124         -112.88            0.95
  2011.3151         -112.56            0.93
  2011.3177         -113.44            0.92
  2011.3206         -113.26            0.94
  2011.3232         -111.76            1.01
  2011.3260         -113.32            0.93
  2011.3287         -114.52            0.96
  2011.3315         -113.75            0.94
  2011.3342         -114.19            0.91
  2011.3370         -113.85            0.95
  2011.3397         -112.28            0.96
  2011.3424         -113.56            0.94
  2011.3452         -112.42            0.92
  2011.3479         -114.82            0.96
  2011.3507         -113.36            0.93
  2011.3534         -114.34            0.95
  2011.3562         -114.99            1.00
  2011.3589         -113.94            0.95
  2011.3617         -114.63            0.93
  2011.3644         -114.60            0.89
  2011.3671         -114.46            0.89
  2011.3699         -116.85            0.92
  2011.3726         -116.64            0.96
  2011.3754         -116.89            0.92
  2011.3781         -116.54            0.94
  2011.3809         -116.78            0.99
  2011.3835         -117.41            1.01
  2011.3864         -116.73            0.95
  2011.3890         -116.88            0.94
  2011.3917         -118.18            0.95
  2011.3945         -118.36            0.98
  2011.3972         -117.89            0.91
  2011.4000         -117.67            0.92
  2011.4027         -118.30            0.93
  2011.4055         -118.39            0.91
  2011.4082         -120.04            0.88
  2011.4110         -118.85            0.87
  2011.4137         -119.33            0.89
  2011.4164         -120.05            0.88
  2011.4192         -119.98            0.94
  2011.4219         -119.25            0.88
  2011.4247         -120.57            0.94
  2011.4274         -121.04            0.98
  2011.4302         -122.00            1.00
  2011.4329         -121.78            1.03
  2011.4357         -121.93            1.09
  2011.4384         -121.18            0.95
  2011.4410         -120.74            1.02
  2011.4438         -120.12            0.97
  2011.4465         -124.06            1.00
  2011.4493         -122.09            0.93
  2011.4520         -122.91            0.94
  2011.4548         -121.67            1.12
  2011.4575         -123.06            0.99
  2011.4603         -122.28            1.01
  2011.4630         -123.82            1.06
  2011.4657         -123.81            1.13
  2011.4685         -120.04            2.37
  2011.4712         -121.69            1.61
  2011.4740         -122.14            0.97
  2011.4767         -121.85            1.01
  2011.4795         -122.21            0.97
  2011.4822         -119.57            0.96
  2011.4850         -122.54            0.94
  2011.4877         -120.58            1.40
  2011.5535         -126.66            1.47
  2011.5562         -122.50            1.31
  2011.5590         -124.48            1.03
  2011.5616         -124.62            0.98
  2011.5643         -125.11            1.04
  2011.5671         -123.61            1.07
  2011.5698         -125.37            1.00
  2011.5726         -123.83            1.01
  2011.5753         -124.60            0.97
  2011.5781         -123.49            0.98
  2011.5808         -123.22            0.98
  2011.5836         -124.42            1.06
  2011.5863         -124.12            1.04
  2011.5890         -123.43            1.00
  2011.5918         -125.66            1.09
  2011.5945         -125.99            1.11
  2011.5973         -124.20            1.16
  2011.6000         -124.70            1.16
  2011.6028         -124.22            1.18
  2011.6055         -125.11            1.18
  2011.6083         -124.50            1.05
  2011.6110         -125.82            1.10
  2011.6136         -127.01            1.08
  2011.6165         -127.05            1.08
  2011.6191         -126.60            1.03
  2011.6219         -125.67            1.02
  2011.6246         -127.66            1.17
  2011.6274         -122.86            1.13
  2011.6301         -124.79            1.10
  2011.6329         -125.21            1.05
  2011.6356         -123.74            1.10
  2011.6383         -125.07            1.01
  2011.6411         -125.62            0.97
  2011.6438         -124.72            0.98
  2011.6466         -124.93            1.03
  2011.6493         -124.38            0.99
  2011.6521         -125.14            1.06
  2011.6548         -125.24            1.06
  2011.6576         -124.21            1.06
  2011.6603         -123.83            1.11
  2011.6630         -124.45            1.11
  2011.6658         -123.53            0.96
  2011.6685         -125.16            1.06
  2011.6713         -125.65            1.05
  2011.6740         -123.78            1.04
  2011.6768         -125.96            1.08
  2011.6794         -126.94            1.04
  2011.6823         -125.56            1.04
  2011.6849         -125.26            1.02
  2011.6876         -127.14            1.07
  2011.6904         -125.28            1.08
  2011.6931         -125.17            1.01
  2011.6959         -124.98            1.04
  2011.6986         -124.13            1.02
  2011.7014         -125.03            1.01
  2011.7041         -125.89            1.09
  2011.7069         -125.54            1.05
  2011.7096         -126.96            1.09
  2011.7123         -124.99            1.02
  2011.7151         -126.42            0.98
  2011.7178         -126.01            0.98
  2011.7206         -125.72            1.03
  2011.7233         -125.95            1.02
  2011.7261         -126.13            1.04
  2011.7288         -126.75            1.07
  2011.7316         -128.01            1.08
  2011.7343         -127.14            1.08
  2011.7369         -126.85            1.06
  2011.7397         -127.96            1.05
  2011.7424         -128.25            1.08
  2011.7452         -128.87            1.05
  2011.7479         -127.09            1.11
  2011.7507         -127.27            1.16
  2011.7534         -128.57            0.98
  2011.7561         -128.88            1.02
  2011.7589         -128.13            1.12
  2011.7616         -126.50            1.19
  2011.7644         -129.20            1.11
  2011.7671         -129.98            1.08
  2011.7699         -128.63            1.08
  2011.7726         -131.38            1.03
  2011.7754         -131.26            1.11
  2011.7781         -130.90            1.20
  2011.7808         -131.47            1.15
  2011.7836         -129.84            1.09
  2011.7863         -130.10            1.17
  2011.7891         -129.30            1.16
  2011.7917         -128.66            1.19
  2011.7946         -129.17            1.07
  2011.7972         -128.42            1.05
  2011.8000         -129.41            1.16
  2011.8027         -127.75            1.18
  2011.8054         -128.37            1.13
  2011.8082         -131.43            1.09
  2011.8109         -126.63            1.12
  2011.8137         -130.58            1.74
  2011.8164         -128.77            1.32
  2011.8192         -130.79            1.09
  2011.8219         -129.83            1.08
  2011.8247         -129.57            1.10
  2011.8274         -129.19            1.11
  2011.8301         -131.79            1.10
  2011.8329         -131.39            1.09
  2011.8356         -133.68            1.12
  2011.8384         -131.21            1.14
  2011.8411         -131.46            1.14
  2011.8439         -130.79            1.13
  2011.8466         -130.75            1.15
  2011.8494         -132.16            1.13
  2011.8521         -132.34            1.14
  2011.8547         -131.57            1.26
  2011.8575         -133.99            1.25
  2011.8602         -132.83            1.21
  2011.8630         -132.44            1.16
  2011.8657         -133.32            1.23
  2011.8685         -132.93            1.19
  2011.8712         -131.51            1.21
  2011.8740         -132.28            1.24
  2011.8767         -133.00            1.27
  2011.8794         -132.59            1.19
  2011.8822         -133.85            1.21
  2011.8849         -132.76            1.20
  2011.8877         -132.12            1.16
  2011.8904         -133.40            1.24
  2011.8932         -132.25            1.16
  2011.8959         -134.42            1.17
  2011.8987         -131.93            1.08
  2011.9014         -132.20            1.12
  2011.9041         -135.69            1.09
  2011.9069         -136.46            1.13
  2011.9095         -134.18            1.19
  2011.9124         -134.74            1.19
  2011.9150         -134.19            1.15
  2011.9178         -135.11            1.20
  2011.9205         -135.01            1.17
  2011.9233         -133.63            1.13
  2011.9260         -135.14            1.19
  2011.9287         -135.29            1.29
  2011.9315         -135.12            1.23
  2011.9342         -136.24            1.21
  2011.9370         -134.43            1.25
  2011.9397         -133.97            1.18
  2011.9425         -135.83            1.14
  2011.9452         -133.52            1.12
  2011.9480         -134.86            1.18
  2011.9507         -134.43            1.11
  2011.9534         -134.20            1.17
  2011.9562         -135.56            1.20
  2011.9589         -134.92            1.16
  2011.9617         -134.76            1.12
  2011.9644         -136.67            1.15
  2011.9672         -136.05            1.14
  2011.9698         -135.50            1.16
  2011.9727         -137.19            1.14
  2011.9753         -137.09            1.14
  2011.9780         -136.21            1.07
  2011.9808         -137.30            1.09
  2011.9835         -135.50            1.05
  2011.9863         -134.18            1.10
  2011.9890         -134.19            1.07
  2011.9918         -134.83            1.14
  2011.9945         -135.66            1.07
  2011.9973         -134.67            1.07
  2012.0000         -135.29            1.05
  2012.0027         -134.32            1.02
  2012.0055         -135.73            1.03
  2012.0082         -134.12            0.99
  2012.0110         -133.32            1.02
  2012.0137         -134.15            1.13
  2012.0165         -135.74            0.99
  2012.0192         -134.58            1.07
  2012.0220         -135.57            1.10
  2012.0247         -136.39            1.44
  2012.0273         -135.23            1.25
  2012.0302         -133.41            1.11
  2012.0328         -136.50            1.02
  2012.0356         -134.99            1.04
  2012.0383         -136.84            1.06
  2012.0411         -135.45            1.21
  2012.0438         -135.28            1.06
  2012.0466         -136.73            1.18
  2012.0493         -137.11            1.44
  2012.0520         -135.81            1.09
  2012.0548         -135.20            1.19
  2012.0603         -142.55            1.20
  2012.0630         -134.29            1.17
  2012.0658         -135.75            1.14
  2012.0685         -136.39            1.69
  2012.0713         -135.06            1.53
  2012.0740         -138.05            1.50
  2012.0767         -136.75            1.50
  2012.0795         -136.90            1.22
  2012.0822         -136.74            1.41
  2012.0850         -136.02            1.11
  2012.0876         -136.34            1.11
  2012.0905         -136.64            1.15
  2012.0931         -136.96            1.08
  2012.0959         -136.28            1.17
  2012.0986         -136.75            1.14
  2012.1013         -135.60            1.17
  2012.1041         -135.59            1.22
  2012.1068         -136.07            1.15
  2012.1096         -135.97            1.08
  2012.1123         -136.48            1.05
  2012.1151         -135.53            1.06
  2012.1178         -135.44            1.18
  2012.1206         -139.21            1.19
  2012.1233         -138.41            1.12
  2012.1260         -136.50            1.10
  2012.1288         -138.07            1.15
  2012.1315         -140.52            1.21
  2012.1343         -137.31            1.20
  2012.1370         -136.49            1.20
  2012.1398         -136.97            1.12
  2012.1425         -137.36            1.03
  2012.1453         -139.14            1.06
  2012.1479         -138.11            1.04
  2012.1506         -138.74            1.07
  2012.1534         -136.80            1.14
  2012.1561         -138.79            1.14
  2012.1589         -138.71            1.18
  2012.1616         -139.36            1.10
  2012.1644         -138.27            1.11
  2012.1671         -139.10            1.13
  2012.1699         -138.78            1.04
  2012.1726         -138.78            1.13
  2012.1753         -139.61            1.10
  2012.1781         -138.78            1.23
  2012.1808         -139.28            1.08
  2012.1836         -139.19            1.23
  2012.1863         -139.55            1.05
  2012.1891         -140.42            1.07
  2012.1918         -138.64            1.14
  2012.1946         -140.04            1.16
  2012.1973         -140.00            1.15
  2012.2000         -139.27            1.15
  2012.2028         -140.68            1.09
  2012.2054         -140.65            1.06
  2012.2083         -141.38            1.08
  2012.2109         -139.79            1.17
  2012.2137         -140.08            1.07
  2012.2164         -140.75            1.12
  2012.2192         -139.48            1.04
  2012.2219         -139.43            1.07
  2012.2246         -139.84            1.03
  2012.2274         -140.45            1.05
  2012.2301         -140.66            1.04
  2012.2329         -140.66            1.04
  2012.2356         -148.04            1.05
  2012.2384         -149.21            1.01
  2012.2411         -148.42            1.03
  2012.2439         -149.97            1.08
  2012.2466         -149.02            1.00
  2012.2493         -150.61            1.13
  2012.2521         -150.35            1.10
  2012.2548         -150.76            1.08
  2012.2576         -151.71            1.07
  2012.2603         -152.08            1.20
  2012.2631         -150.54            1.10
  2012.2657         -151.07            1.03
  2012.2684         -150.75            1.05
  2012.2712         -150.75            1.11
  2012.2739         -150.80            1.11
  2012.2767         -150.82            1.08
  2012.2794         -149.79            1.03
  2012.2822         -151.46            1.05
  2012.2849         -144.73            3.68
  2012.3232         -169.94            7.15
  2012.3260         -152.48            0.99
  2012.3287         -151.28            0.96
  2012.3315         -151.49            1.02
  2012.3342         -153.09            0.96
  2012.3370         -152.43            1.01
  2012.3397         -151.97            0.98
  2012.3424         -152.68            0.96
  2012.3452         -152.27            0.97
  2012.3479         -153.62            1.12
  2012.3507         -154.32            1.01
  2012.3534         -153.42            1.00
  2012.3562         -153.83            1.00
  2012.3589         -154.09            1.05
  2012.3617         -154.20            1.11
  2012.3644         -154.63            0.99
  2012.3671         -153.66            1.68
  2012.3699         -156.28            1.65
  2012.3726         -156.71            1.48
  2012.3754         -154.45            1.82
  2012.3809         -151.58            1.79
  2012.3835         -156.92            1.09
  2012.3864         -157.29            1.34
  2012.3890         -153.75            2.03
  2012.3917         -156.47            1.81
  2012.3945         -157.26            1.63
  2012.3972         -156.70            1.33
  2012.4000         -157.73            1.92
  2012.4110         -145.88            1.83
  2012.4137         -144.70            1.05
  2012.4164         -146.83            1.75
  2012.4219         -145.32            1.95
  2012.4247         -147.24            1.89
  2012.4274         -143.00            1.85
  2012.4302         -144.88            1.61
  2012.4357         -142.73            1.76
  2012.4384         -141.83            1.51
  2012.4493         -140.05            1.19
  2012.4520         -146.20            1.16
  2012.4548         -146.10            1.02
  2012.4575         -144.93            1.07
  2012.4603         -144.97            1.09
  2012.4630         -145.48            1.37
  2012.4657         -145.26            2.34
  2012.4712         -145.14            3.32
  2012.4767         -144.71            1.42
  2012.4795         -146.32            1.99
  2012.5013         -144.30            1.69
  2012.5042         -147.12            1.58
  2012.5068         -146.22            1.48
  2012.5096         -145.83            1.56
  2012.5123         -147.12            1.71
  2013.1781         -147.32            1.85
  2013.1808         -159.33            1.31
  2013.1863         -160.75            1.38
  2013.1918         -158.56            1.40
  2013.2000         -158.93            1.22
  2013.2028         -158.74            1.27
  2013.2054         -155.10            1.30
  2013.2083         -156.72            1.30
  2013.2109         -159.14            1.21
  2013.2164         -157.73            1.42
  2013.2192         -158.43            1.27
  2013.2219         -158.36            1.27
  2013.2246         -157.40            1.33
  2013.2274         -154.86            1.38
  2013.2301         -157.07            1.39
  2013.2329         -155.73            1.32
  2013.2356         -154.74            1.31
  2013.3370         -159.00            3.46
  2013.3397         -155.37            1.49
  2013.3424         -156.36            1.55
  2013.3452         -155.73            1.80
  2013.3479         -154.08            1.58
  2013.3562         -159.32            2.64
  2013.3589         -156.51            1.84
  2013.3617         -156.69            5.00
  2013.3644         -162.99            2.08
  2013.3671         -160.76            1.76
  2013.3699         -161.83            1.93
  2013.3726         -156.44            1.82
  2013.3754         -161.54            2.02
  2013.3781         -153.20            2.67
  2013.3809         -156.60            3.99
  2013.3835         -157.80            1.70
  2013.3864         -156.94            1.89
  2013.3890         -153.18            1.94
  2013.3917         -161.10            2.18
  2013.3945         -160.14            1.80
  2013.4082         -169.55            2.72
  2013.4110         -157.28            2.22
  2013.4137         -160.48            3.76
  2013.4164         -152.60            2.60
  2013.4192         -169.51            3.24
  2013.4219         -154.96            1.94
  2013.4247         -188.19            2.33
  2013.4274         -151.14            1.71
  2013.4302         -154.12            1.86
  2013.4329         -193.39            2.28
  2013.4357         -153.18            1.70
  2013.4384         -159.42            2.23
  2013.4410         -189.22            2.23
  2013.4438         -174.21            2.55
  2013.4465         -160.02            2.09
  2013.4493         -172.28            2.27
  2013.4520         -144.62            4.89
  2013.4548         -186.96            3.02
  2013.4575         -147.52            1.45
  2013.4603         -187.25            2.47
  2013.4630         -148.85            1.85
  2013.4657         -150.65            1.11
  2013.4685         -151.00            1.03
  2013.4712         -150.95            1.23
  2013.4740         -151.62            2.02
  2013.4767         -148.97            1.14
  2013.4795         -148.05            1.19
  2013.4850         -151.08            2.47
  2013.4877         -148.83            2.02
  2013.4904         -151.57            1.78
  2013.4932         -148.58            1.11
  2013.4958         -149.60            1.42
  2013.4987         -149.49            1.18
  2013.5013         -149.36            1.51
  2013.5042         -150.21            1.47
  2013.5123         -150.26            1.47
  2013.5150         -148.88            0.97
  2013.5178         -149.47            1.07
  2013.5205         -152.85            2.48
  2013.5233         -152.58            2.11
  2013.5260         -149.92            1.48
  2013.5288         -148.29            0.97
  2013.5315         -146.70            1.31
  2013.5343         -147.61            1.25
  2013.5370         -147.61            1.02
  2013.5397         -148.15            0.96
  2013.5425         -148.81            1.03
  2013.5452         -148.70            0.99
  2013.5480         -148.89            0.99
  2013.5507         -148.55            1.05
  2013.5535         -147.89            0.97
  2013.5562         -148.70            0.96
  2013.5590         -149.00            0.96
  2013.5616         -148.27            0.95
  2013.5643         -148.62            1.00
  2013.5671         -148.77            1.10
  2013.5726         -149.25            1.33
  2013.5753         -148.62            0.95
  2013.5781         -149.23            1.41
  2013.5808         -148.80            0.96
  2013.5836         -148.20            1.01
  2013.5863         -148.66            1.69
  2013.5890         -147.99            1.56
  2013.5918         -155.77            2.10
  2013.5945         -148.60            1.35
  2013.5973         -149.98            1.04
  2013.6000         -150.63            1.74
  2013.6028         -148.47            1.02
  2013.6055         -148.41            0.96
  2013.6083         -147.41            1.00
  2013.6110         -149.87            0.97
  2013.6136         -150.97            0.97
  2013.6165         -148.63            0.91
  2013.6191         -149.43            0.91
  2013.6219         -150.21            0.97
  2013.6246         -150.03            0.94
  2013.6274         -149.74            0.90
  2013.6301         -149.10            0.94
  2013.6329         -151.65            0.96
  2013.6356         -150.02            0.94
  2013.6383         -151.64            0.96
  2013.6411         -150.19            0.93
  2013.6438         -150.23            0.93
  2013.6466         -150.92            0.97
  2013.6493         -150.13            0.96
  2013.6521         -149.28            0.93
  2013.6548         -150.26            0.93
  2013.6576         -150.78            0.94
  2013.6603         -149.71            0.93
  2013.6630         -150.80            0.93
  2013.6658         -152.21            1.67
  2013.6685         -151.47            1.12
  2013.6740         -150.26            1.58
  2013.6768         -151.81            1.17
  2013.6794         -159.23            6.19
  2013.6823         -151.52            1.96
  2013.6849         -152.02            1.12
  2013.6876         -152.43            1.14
  2013.6904         -151.42            1.09
  2013.6931         -153.58            1.23
  2013.6959         -151.85            1.73
  2013.6986         -152.25            1.10
  2013.7014         -152.16            1.02
  2013.7041         -151.88            1.08
  2013.7069         -150.71            1.03
  2013.7096         -149.78            1.04
  2013.7123         -149.83            1.03
  2013.7151         -150.67            1.00
  2013.7178         -151.00            1.07
