  2012.3260            0.00            2.02
  2012.3287           -2.42            1.31
  2012.3315           -2.86            1.40
  2012.3342           -3.86            1.37
  2012.3370           -2.61            1.39
  2012.3397           -6.26            1.35
  2012.3424           -3.52            1.34
  2012.3452           -1.09            1.31
  2012.3479            3.02            1.52
  2012.3507           -4.24            1.38
  2012.3534            0.06            1.34
  2012.3562            1.57            1.35
  2012.3589           -4.75            1.43
  2012.3617            2.07            1.53
  2012.3644           -2.75            1.37
  2012.3671            2.78            1.39
  2012.3699           -5.24            1.39
  2012.3726           -3.56            1.43
  2012.3754           -1.98            1.50
  2012.3781           -6.42            1.45
  2012.3809           -2.70            1.38
  2012.3835          -13.86            1.49
  2012.3864          -13.65            1.42
  2012.3890            0.84            1.38
  2012.3917            0.64            1.40
  2012.3945           -2.44            1.36
  2012.3972           -3.23            1.38
  2012.4000            3.07            1.38
  2012.4027           -6.14            1.48
  2012.4055           -0.02            1.65
  2012.4110          -13.76            1.46
  2012.4137           -2.54            1.38
  2012.4164           -0.88            1.36
  2012.4192          -23.23            1.39
  2012.4219          -18.65            1.54
  2012.4247           -4.82            1.45
  2012.4274           -5.60            1.42
  2012.4302           -6.83            1.37
  2012.4329           -7.49            1.34
  2012.4357           -5.64            1.26
  2012.4384           -0.85            1.26
  2012.4410           -0.41            1.48
  2012.4438            4.67            1.30
  2012.4465            8.38            1.41
  2012.4493           -3.80            1.44
  2012.4520           10.45            1.58
  2012.4548           10.07            1.42
  2012.4575            3.78            1.38
  2012.4603           -3.73            1.40
  2012.4630           -2.44            1.44
  2012.4657           -3.68            1.38
  2012.4685           -5.54            1.46
  2012.4712           -1.72            1.51
  2012.4740          -13.26            1.39
  2012.4767          -23.99            1.38
  2012.4795           -5.80            1.35
  2012.4822           -4.46            1.35
  2012.4850           -7.50            1.31
  2012.4877           -3.82            1.32
  2012.4904           -5.49            1.43
  2012.4932           -5.61            1.39
  2012.4958          -13.61            1.44
  2012.4987          -11.31            1.44
  2012.5013            0.20            1.46
  2012.5042           -9.46            1.39
  2012.5068           -8.45            1.35
  2012.5096           -8.72            1.44
  2012.5123          -15.13            1.62
  2012.5150           -6.75            1.58
  2012.5178           -9.56            1.33
  2012.5205           -5.86            1.37
  2012.5233           -9.10            1.42
  2012.5260           -9.41            1.32
  2012.5288          -15.17            1.36
  2012.5315           -4.79            1.35
  2012.5343          -12.09            1.32
  2012.5370          -12.36            1.29
  2012.5397          -15.65            1.29
  2012.5425           -9.68            1.35
  2012.5452           -9.16            1.38
  2012.5480           -9.00            1.39
  2012.5507          -12.66            1.46
  2012.5535          -13.86            1.37
  2012.5562          -11.78            1.39
  2012.5590           -7.92            1.36
  2012.5616          -13.96            1.37
  2012.5643          -13.45            1.32
  2012.5671           -8.90            1.34
  2012.5698           -3.83            1.31
  2012.5726           -7.84            1.34
  2012.5753           -8.74            1.33
  2012.5781           -9.03            1.37
  2012.5808           -3.78            1.34
  2012.5836           -5.87            1.32
  2012.5863           -3.08            1.46
  2012.5890          -12.80            1.41
  2012.5918          -10.58            1.38
  2012.5945          -11.41            1.35
  2012.5973           -6.48            2.11
  2012.6000           -9.53            1.38
  2012.6028           -6.69            1.39
  2012.6055           -7.62            1.58
  2012.6083           -6.87            1.41
  2012.6110           -5.50            1.31
  2012.6136           -6.49            1.40
  2012.6165          -11.56            1.43
  2012.6191           -6.12            1.42
  2012.6219           -7.83            1.50
  2012.6246           -8.12            1.50
  2012.6274          -11.36            1.44
  2012.6301           -9.66            1.55
  2012.6329          -10.48            1.41
  2012.6356          -15.72            1.45
  2012.6383           -8.83            1.41
  2012.6411           -8.15            1.41
  2012.6438           -9.01            1.46
  2012.6466          -21.66            1.44
  2012.6493          -21.99            1.36
  2012.6521          -15.84            1.40
  2012.6548          -11.65            1.32
  2012.6576          -11.04            1.33
  2012.6603          -15.56            1.38
  2012.6630          -13.15            1.52
  2012.6658          -15.85            1.36
  2012.6685           -6.39            1.43
  2012.6713           -9.20            1.39
  2012.6740          -18.54            1.49
  2012.6768          -15.13            1.48
  2012.6794          -21.31            1.46
  2012.6823          -16.65            1.52
  2012.6849          -14.73            1.48
  2012.6876           -3.16            1.52
  2012.6904          -18.04            1.44
  2012.6931          -10.95            1.39
  2012.6959          -14.54            1.40
  2012.6986          -16.03            1.46
  2012.7014          -16.61            1.42
  2012.7041          -12.35            1.54
  2012.7069           -7.37            1.39
  2012.7096          -11.94            1.46
  2012.7123          -16.11            1.47
  2012.7151          -14.05            1.52
  2012.7178          -17.78            1.56
  2012.7206          -16.63            1.47
  2012.7233          -17.40            1.47
  2012.7261          -10.17            1.48
  2012.7288          -15.06            1.41
  2012.7316          -21.50            1.43
  2012.7343          -15.05            1.53
  2012.7369           -5.19            1.76
  2012.7397          -13.96            1.49
  2012.7424          -16.56            1.42
  2012.7452          -12.38            1.68
  2012.7479          -17.74            1.57
  2012.7507          -10.38            1.62
  2012.7534          -14.60            1.74
  2012.7561          -15.73            1.52
  2012.7589          -15.35            1.65
  2012.7616            9.28            1.72
  2012.7644          -16.40            1.53
  2012.7671           -6.58            1.79
  2012.7699          -16.26            1.79
  2012.7726          -17.30            1.52
  2012.7754          -27.01            1.79
  2012.7781          -17.51            1.43
  2012.7808          -16.84            1.47
  2012.7836          -11.19            1.43
  2012.7863          -18.39            1.42
  2012.7891           -9.86            1.53
  2012.7917          -21.07            1.59
  2012.7946          -11.27            1.63
  2012.7972          -15.02            1.56
  2012.8000          -15.61            1.44
  2012.8027          -13.24            1.60
  2012.8054          -13.72            1.70
  2012.8082          -10.84            1.77
  2012.8109          -17.62            1.60
  2012.8137          -20.42            1.68
  2013.0027           22.54            1.38
  2013.0055           27.02            1.35
  2013.0082           21.69            1.43
  2013.0110           25.97            1.45
  2013.0137           19.95            1.56
  2013.0165           27.82            1.62
  2013.0192           26.04            1.62
  2013.0220           16.53            1.44
  2013.0247           25.39            1.51
  2013.0273           29.34            1.53
  2013.0302           16.28            1.55
  2013.0328           27.03            1.54
  2013.0356           20.33            1.49
  2013.0383           27.96            1.48
  2013.0411           17.49            1.57
  2013.0438           22.16            1.61
  2013.0466           26.03            1.75
  2013.0493           19.69            1.53
  2013.0520           25.71            1.48
  2013.0548           17.32            1.42
  2013.0575           19.16            1.47
  2013.0603           28.47            1.61
  2013.0630           28.42            1.60
  2013.0658           12.58            1.61
  2013.0685           16.45            1.50
  2013.0713           19.58            1.40
  2013.0740           21.22            1.44
  2013.0767           23.52            1.47
  2013.0795           22.57            1.44
  2013.0822           31.03            1.45
  2013.0850           32.07            1.54
  2013.0876           21.68            1.58
  2013.0905           18.77            1.55
  2013.0931           20.97            1.43
  2013.0959           20.31            1.44
  2013.0986           16.97            1.57
  2013.1013           17.25            1.78
  2013.1041           23.86            1.46
  2013.1068           23.61            1.50
  2013.1096           20.63            1.51
  2013.1123           28.11            1.68
  2013.1151           22.80            1.68
  2013.1178           13.88            1.64
  2013.1206           30.96            1.55
  2013.1233           22.13            1.65
  2013.1260           27.07            1.57
  2013.1288            4.78            1.74
  2013.1315           21.95            1.57
  2013.1343           20.64            1.44
  2013.1370           21.95            1.38
  2013.1398           15.91            1.53
  2013.1425           18.84            1.57
  2013.1453           20.99            1.52
  2013.1479           16.24            1.55
  2013.1506           28.14            1.45
  2013.1534           22.85            1.40
  2013.1561           24.19            1.41
  2013.1589           20.87            1.42
  2013.1616           25.46            1.50
  2013.1644           22.53            1.50
  2013.1671           21.69            1.44
  2013.1699           19.24            1.39
  2013.1726           27.34            1.41
  2013.1753           24.75            1.59
  2013.1781            7.62            1.62
  2013.1808           26.14            1.50
  2013.1863           18.47            1.66
  2013.1918           16.32            1.60
  2013.2000           22.28            1.38
  2013.2028           25.25            1.43
  2013.2054           23.26            1.54
  2013.2083           26.95            1.52
  2013.2109           24.01            1.39
  2013.2164           31.07            1.64
  2013.2192           22.68            1.42
  2013.2219           18.67            1.39
  2013.2246           29.51            1.47
  2013.2274           22.04            1.56
  2013.2301           27.05            1.50
  2013.2329           21.72            1.46
  2013.2356           21.50            1.41
  2013.2384           21.69            1.37
  2013.2411           29.83            1.55
  2013.2439           23.85            1.42
  2013.2466           20.31            1.44
  2013.2493           23.41            1.45
  2013.2548           18.40            1.45
  2013.2576           25.97            1.44
  2013.2603           20.59            1.49
  2013.2631           27.39            1.49
  2013.2657           24.48            2.85
  2013.2684           23.27            1.48
  2013.2712           32.19            1.63
  2013.2794           29.54            1.47
  2013.2822           28.19            1.33
  2013.2849           30.53            1.34
  2013.2877           25.23            1.33
  2013.2904           23.29            1.37
  2013.2931           26.48            1.34
  2013.2959           25.96            1.41
  2013.2986           23.71            1.36
  2013.3014           30.09            1.42
  2013.3041           28.99            1.44
  2013.3069           31.58            1.45
  2013.3096           29.63            1.42
  2013.3124           27.80            1.47
  2013.3151           24.32            1.36
  2013.3177           19.21            1.45
  2013.3206           21.98            1.44
  2013.3232           28.47            1.49
  2013.3260           26.10            1.39
  2013.3287           35.30            1.32
  2013.3315           40.33            1.45
  2013.3342           30.40            1.51
  2013.3370           16.74            1.62
  2013.3397           30.28            1.40
  2013.3424           23.78            1.33
  2013.3452           26.60            1.51
  2013.3479           31.03            1.43
  2013.3562           27.24            1.68
  2013.3589           27.69            1.36
  2013.3617           27.94            2.65
  2013.3644           22.05            1.34
  2013.3671           16.31            1.34
  2013.3699           18.80            1.29
  2013.3726           24.01            1.30
  2013.3754           24.13            1.36
  2013.3781           25.34            1.40
  2013.3809           21.74            2.24
  2013.3835           32.55            1.39
  2013.3864           27.38            1.33
  2013.3890           25.96            1.33
  2013.3917           32.37            1.35
  2013.3945           27.01            1.32
  2013.4000           32.85            1.39
  2013.4027           49.15            1.52
  2013.4055           92.10            1.60
  2013.4082           32.24            1.39
  2013.4110           26.92            1.38
  2013.4137           48.81            1.51
  2013.4164           22.56            1.43
  2013.4192           29.90            1.45
  2013.4219           30.14            1.33
  2013.4247           31.94            1.41
  2013.4274           23.66            1.47
  2013.4302           29.12            1.36
  2013.4329           24.00            1.43
  2013.4357           26.01            1.31
  2013.4384           23.67            1.38
  2013.4410           23.25            1.36
  2013.4438           26.45            1.38
  2013.4465           27.92            1.39
  2013.4493           24.59            1.41
  2013.4520           28.66            1.39
  2013.4548            4.81            1.51
  2013.4575           32.03            1.40
  2013.4603           23.01            1.39
  2013.4630           26.02            1.39
  2013.4657           24.93            1.36
  2013.4685           26.41            1.36
  2013.4712           16.88            1.43
  2013.4740           24.69            1.34
  2013.4767           31.24            1.35
  2013.4795           26.87            1.34
  2013.4822           26.23            1.34
  2013.4850           27.78            1.37
  2013.4877           88.55            1.52
  2013.4904           60.83            1.50
  2013.4932           29.49            1.41
  2013.4958           21.49            1.35
  2013.4987           26.65            1.30
  2013.5013           15.95            1.41
  2013.5042           39.06            1.40
  2013.5068           39.93            1.41
  2013.5096           26.34            1.36
  2013.5123           21.17            1.32
  2013.5150           27.33            1.30
  2013.5178           39.27            1.32
  2013.5205           22.96            1.41
  2013.5233           20.84            1.38
  2013.5260           24.88            1.32
  2013.5288           24.63            1.31
  2013.5315            4.63            1.39
  2013.5343           20.03            1.36
  2013.5370           20.53            1.33
  2013.5397           25.52            1.31
  2013.5425           16.11            1.37
  2013.5452           17.12            1.31
  2013.5480           19.25            1.33
  2013.5507           13.61            1.41
  2013.5535           23.88            1.28
  2013.5562           24.02            1.28
  2013.5590           21.12            1.29
  2013.5616           25.01            1.29
  2013.5643           24.48            1.33
  2013.5671           23.74            1.42
  2013.5698           23.60            1.30
  2013.5726           38.18            1.26
  2013.5753           26.66            1.24
  2013.5781           30.26            1.34
  2013.5808           24.08            1.28
  2013.5836           25.25            1.23
  2013.5863           29.36            1.28
  2013.5890           28.45            1.31
  2013.5918            3.26            1.44
  2013.5945           21.00            1.38
  2013.5973           15.81            1.40
  2013.6000          111.14            1.50
  2013.6028           20.40            1.36
  2013.6055           24.96            1.27
  2013.6083           26.74            1.34
  2013.6110            9.99            1.39
  2013.6136           18.88            1.31
  2013.6165           18.48            1.23
  2013.6191           25.57            1.29
  2013.6219           25.41            1.34
  2013.6246           20.98            1.33
  2013.6274           19.40            1.27
  2013.6301           14.55            1.34
  2013.6329           22.16            1.38
  2013.6356           21.47            1.34
  2013.6383           23.71            1.35
  2013.6411           17.83            1.28
  2013.6438           19.55            1.31
  2013.6466           19.61            1.37
  2013.6493           21.29            1.34
  2013.6521           17.30            1.30
  2013.6548           18.17            1.33
  2013.6576           22.94            1.30
  2013.6603           24.27            1.32
  2013.6630           18.88            1.32
  2013.6658           16.80            1.41
  2013.6685           19.93            1.38
  2013.6713            7.70            1.40
  2013.6740           25.22            1.42
  2013.6768           21.92            1.65
  2013.6794           20.91            1.47
  2013.6823            7.94            1.55
  2013.6849           -5.19            1.56
  2013.6876            6.78            1.59
  2013.6904           23.76            1.54
  2013.6931           26.54            1.54
  2013.6959           23.23            1.49
  2013.6986           20.13            1.54
  2013.7014           21.41            1.43
  2013.7041           20.95            1.51
  2013.7069           18.33            1.41
  2013.7096           20.38            1.39
  2013.7123           23.33            1.38
  2013.7151           18.78            1.36
  2013.7178           21.17            1.43
  2013.7206           11.62            1.47
  2013.7233           17.82            1.46
  2013.7261           17.69            1.44
  2013.7288           18.08            1.48
  2013.7316           23.05            1.35
  2013.7343           22.23            1.35
  2013.7369           20.16            1.52
  2013.7397           24.92            1.42
  2013.7424           17.29            1.43
  2013.7561           23.95            1.37
  2013.7589           23.39            1.43
  2013.7616           18.64            1.53
  2013.7644           23.27            1.39
  2013.7671           15.92            1.60
  2013.7699           26.17            1.47
  2013.7726           24.07            1.43
  2013.7754           21.62            1.52
  2013.7781           20.82            1.62
  2013.7808           16.96            1.53
  2013.7836           19.86            1.51
  2013.7863           24.46            1.61
  2013.7891           28.89            1.48
  2013.7917           31.88            1.55
  2013.7946           21.13            1.55
  2013.7972           25.97            1.46
  2013.8000           29.64            1.54
  2013.8027           16.46            1.67
  2013.8054           14.19            1.56
  2013.8082           20.21            1.51
  2013.8109           23.97            1.41
  2013.8137           28.45            1.64
  2013.8164           19.14            1.49
  2013.8192           20.57            1.35
  2013.8219           29.85            1.37
  2013.8247           27.68            1.45
  2013.8274           25.68            1.57
  2013.8301           49.82            1.44
  2013.8329           33.80            1.45
  2013.8356           27.47            1.45
  2013.8384           26.72            1.34
  2013.8411           32.20            1.34
  2013.8439           22.65            1.35
  2013.8466           29.34            1.34
  2013.8494           29.73            1.50
  2013.8521           22.08            1.37
  2013.8547           25.64            1.44
  2013.8575           21.67            1.47
  2013.8602          118.07            1.55
  2013.8630           22.91            1.49
  2013.8657           31.00            1.44
  2013.8685           38.36            1.44
  2013.8712           35.47            1.49
  2013.8740           22.84            1.49
  2013.8767           24.85            1.33
  2013.8794           34.62            1.35
  2013.8822           26.42            1.43
  2013.8849           27.21            1.40
  2013.8877           27.59            1.50
  2013.8904           23.58            1.42
  2013.8932           31.86            1.47
  2013.8959           33.09            1.48
  2013.8987           47.96            1.52
  2013.9014           19.29            1.44
  2013.9041           25.54            1.36
  2013.9069           25.19            2.94
  2013.9095           30.02            2.77
  2013.9124           29.60            1.39
  2013.9150           28.31            1.40
  2013.9178           23.62            1.39
  2013.9205           22.19            1.51
  2013.9233           23.22            1.66
  2013.9260            8.12            1.40
  2013.9287           24.40            1.44
  2013.9315           27.88            1.46
  2013.9342           26.10            1.42
  2013.9370           27.97            1.56
  2013.9397           20.66            1.50
  2013.9425           26.15            1.46
  2013.9452           26.11            1.55
  2013.9480           26.01            1.50
  2013.9507           38.22            1.46
  2013.9534           37.34            1.55
  2013.9562           23.92            1.44
  2013.9589           29.21            1.57
  2013.9617           32.12            1.48
  2013.9644           33.85            1.51
  2013.9672           26.79            1.47
  2013.9698           29.47            1.49
  2013.9727           32.57            1.49
  2013.9753           25.85            1.49
  2013.9780           25.03            1.49
  2013.9808           38.61            1.45
  2013.9835           36.92            1.54
  2013.9863           36.07            1.58
  2013.9890           32.16            1.68
  2013.9918           30.15            1.47
  2013.9945           32.55            1.61
  2013.9973           46.57            1.51
  2014.0000           22.75            1.59
  2014.0027           22.18            1.59
  2014.0055           13.34            1.75
  2014.0082           34.90            1.49
  2014.0110           28.84            1.51
  2014.0137           32.15            1.46
  2014.0165           44.03            1.53
  2014.0192           24.65            1.53
  2014.0220           33.28            1.55
  2014.0247           23.01            1.57
  2014.0273           33.95            1.60
  2014.0302           34.29            1.53
  2014.0328           29.76            1.59
  2014.0383           26.34            1.70
  2014.0411           33.46            1.52
  2014.0438           25.08            1.62
  2014.0466           33.44            1.60
  2014.0493           29.88            1.51
  2014.0548           38.90            1.54
  2014.0575           29.26            1.65
  2014.0603           27.21            1.54
  2014.0630           29.64            1.75
  2014.0658           25.17            1.62
  2014.0685           37.33            1.58
  2014.0713           34.07            1.50
  2014.0740           31.32            1.53
  2014.0767           33.69            1.67
  2014.0795           31.20            1.58
  2014.0822           24.61            1.72
  2014.0850           36.30            1.66
  2014.0876           16.94            1.74
  2014.0905           24.96            1.57
  2014.0931           39.43            1.69
  2014.0959           30.83            1.58
  2014.0986           36.21            1.71
  2014.1013           42.40            1.53
  2014.1041           36.40            1.65
  2014.1068           28.90            1.53
  2014.1096           30.46            1.57
  2014.1123           25.99            1.54
  2014.1151           38.79            1.59
  2014.1178           25.66            1.58
  2014.1206           23.62            1.55
  2014.1233           16.88            1.71
  2014.1260           28.86            1.56
  2014.1288           25.57            1.53
  2014.1315           26.42            1.60
  2014.1343           29.69            1.59
  2014.1370           34.56            1.68
  2014.1398           22.35            1.64
  2014.1425           38.42            1.74
  2014.1453           27.61            1.69
  2014.1479           26.32            1.57
  2014.1506           32.19            1.49
  2014.1534           21.91            1.60
  2014.1561           21.32            1.56
  2014.1589           24.52            1.59
  2014.1616           31.87            1.43
  2014.1644           24.01            1.54
  2014.1671           25.54            1.58
  2014.1699           23.83            1.94
  2014.1726           25.69            1.62
  2014.1753           20.09            1.59
  2014.1781           39.53            1.63
  2014.1808           34.48            1.54
  2014.1836           37.09            1.69
  2014.1863           21.73            1.68
  2014.1891           29.18            1.57
  2014.1918           28.63            1.53
  2014.1946           32.85            1.57
  2014.1973           32.64            1.57
  2014.2000           20.76            1.55
  2014.2028           31.60            1.59
  2014.2054           26.40            1.60
  2014.2083           33.92            1.64
  2014.2109           27.14            1.50
  2014.2137           29.28            1.55
  2014.2164           21.48            1.69
  2014.2192           24.39            1.58
  2014.2219           26.57            1.52
  2014.2246           27.55            1.41
  2014.2274           29.66            1.51
  2014.2301           29.79            1.54
  2014.2329           30.94            1.50
  2014.2356           29.03            1.55
  2014.2384           26.24            1.54
  2014.2411           36.87            1.57
  2014.2439           32.36            1.71
  2014.2466           22.64            1.59
  2014.2493           21.83            1.47
  2014.2521           29.80            1.40
  2014.2548           42.18            1.49
  2014.2576           29.72            1.45
  2014.2603           30.23            1.50
  2014.2631           16.14            1.45
  2014.2657           24.34            1.54
  2014.2684           41.00            1.59
  2014.2712           23.24            1.51
  2014.2739           37.05            1.53
  2014.2767           27.82            1.51
  2014.2794           17.88            1.54
  2014.2822           27.50            1.36
  2014.2849           30.09            1.35
  2014.2877           33.58            1.43
  2014.2904           22.64            1.43
  2014.2931           30.99            1.41
  2014.2959           26.10            1.36
  2014.2986           27.08            1.35
  2014.3014           33.52            1.36
  2014.3041           30.98            1.45
  2014.3069           29.25            1.36
  2014.3096           29.99            1.34
  2014.3124           33.79            1.40
  2014.3151           37.79            1.33
  2014.3177           45.31            1.31
  2014.3206           28.84            1.38
  2014.3232           36.22            1.28
  2014.3260           35.05            1.34
  2014.3287           31.41            1.45
  2014.3315           20.51            1.41
  2014.3342           22.49            1.39
  2014.3370           18.02            1.43
  2014.3397           11.91            1.48
  2014.3424           27.21            1.42
  2014.3452           29.96            1.39
  2014.3479           35.73            1.32
  2014.3507           30.34            1.37
  2014.3534           30.30            1.38
  2014.3562           29.97            1.42
  2014.3589           29.67            1.35
  2014.3617           30.28            1.37
  2014.3644           27.80            1.35
  2014.3671           39.19            1.48
  2014.3699           29.86            1.39
  2014.3726           16.75            1.42
  2014.3754           33.22            1.39
  2014.3781           20.10            1.41
  2014.3809           16.23            1.33
  2014.3835           31.86            1.36
  2014.3864           25.76            1.49
  2014.3890           29.73            1.44
  2014.3917           29.57            1.43
  2014.3945           30.46            1.38
  2014.3972           28.36            1.39
  2014.4000           37.04            1.40
  2014.4027           34.29            1.32
  2014.4055           36.03            1.43
  2014.4082           25.99            1.48
  2014.4110           28.71            1.37
  2014.4137           31.99            1.39
  2014.4164           44.73            1.37
  2014.4192           41.16            1.37
  2014.4219           36.80            1.36
  2014.4247           32.46            1.47
  2014.4274           32.95            1.45
  2014.4302           30.29            1.43
  2014.4329           33.22            1.43
  2014.4357            6.41            1.44
  2014.4384           33.26            1.40
  2014.4410           38.85            1.39
  2014.4438           35.47            1.50
  2014.4465           23.42            1.47
  2014.4493           33.82            1.36
  2014.4520           22.43            1.40
  2014.4548           14.74            1.36
  2014.4575           23.90            1.32
  2014.4603           24.01            1.26
  2014.4630           30.20            1.25
  2014.4657           30.13            1.25
  2014.4685           32.29            1.28
  2014.4712           25.78            1.29
  2014.4740           25.19            1.28
  2014.4767           26.76            1.29
  2014.4795           31.68            1.29
  2014.4822           31.50            1.32
  2014.4850           30.51            1.33
  2014.4877           30.31            1.32
  2014.4904           30.30            1.26
  2014.4932           28.36            1.27
  2014.4958           31.14            1.27
  2014.4987           31.02            1.28
  2014.5013           30.58            1.31
  2014.5042           34.03            1.25
  2014.5068           32.22            1.33
  2014.5096           28.00            1.33
  2014.5123           24.14            1.32
  2014.5150           23.64            1.25
  2014.5178           30.41            1.26
