  2012.0027            0.00            1.15
  2012.0055           -0.70            1.08
  2012.0082           -1.24            1.04
  2012.0110           -0.91            1.08
  2012.0137           -2.27            1.22
  2012.0165           -2.67            1.09
  2012.0192           -0.88            1.15
  2012.0220           -3.13            1.16
  2012.0247           -4.36            1.37
  2012.0273           -7.59            1.35
  2012.0302           -0.78            1.16
  2012.0328           -3.36            1.09
  2012.0356           -1.81            1.10
  2012.0383           -2.63            1.13
  2012.0411           -3.28            1.28
  2012.0438           -3.45            1.17
  2012.0466           -0.88            1.24
  2012.0493            0.62            1.35
  2012.0520           -2.58            1.13
  2012.0548           -1.33            1.27
  2012.0603           -3.67            1.27
  2012.0630           -0.47            1.25
  2012.0658           -5.60            1.22
  2012.0685           -3.02            1.56
  2012.0713           -1.83            1.61
  2012.0740           -1.90            1.43
  2012.0767           -9.77            1.61
  2012.0795           -6.83            1.30
  2012.0822           -8.47            1.29
  2012.0850           -9.33            1.21
  2012.0876           -4.76            1.20
  2012.0905           -4.21            1.25
  2012.0931           -4.80            1.14
  2012.0959           -7.10            1.25
  2012.0986           -4.05            1.14
  2012.1013           -3.40            1.22
  2012.1041           -6.74            1.28
  2012.1068           -4.63            1.17
  2012.1096           -3.08            1.10
  2012.1123           -5.22            1.09
  2012.1151           -4.57            1.13
  2012.1178          -10.14            1.27
  2012.1206           -1.87            1.26
  2012.1233           -7.17            1.30
  2012.1260           -2.59            1.26
  2012.1288            2.54            1.27
  2012.1315          -12.73            1.22
  2012.1343           -9.64            1.28
  2012.1370           -4.46            1.22
  2012.1398           -7.33            1.13
  2012.1425           -8.58            1.05
  2012.1453           -5.14            1.07
  2012.1479           -5.92            1.05
  2012.1506           -4.26            1.11
  2012.1534           -4.35            1.16
  2012.1561          -11.74            1.12
  2012.1589           -5.85            1.14
  2012.1616           -9.17            1.20
  2012.1644           -8.38            1.09
  2012.1671          -11.51            1.11
  2012.1699           -9.59            1.04
  2012.1726          -10.33            1.12
  2012.1753          -16.02            1.10
  2012.1781          -12.74            1.24
  2012.1808           -5.57            1.06
  2012.1836           -3.48            1.22
  2012.1863           -4.74            1.10
  2012.1891           -8.37            1.06
  2012.1918           -4.66            1.14
  2012.1946          -10.10            1.13
  2012.1973           -5.03            1.13
  2012.2000           -4.31            1.13
  2012.2028           -7.18            1.12
  2012.2054           -6.36            1.04
  2012.2083           -6.18            1.05
  2012.2109           -4.25            1.13
  2012.2137           -7.17            1.03
  2012.2164           -5.13            1.08
  2012.2192           -4.98            1.01
  2012.2219           -6.84            1.07
  2012.2246           -6.96            1.04
  2012.2274           -5.44            1.02
  2012.2301           -8.55            1.11
  2012.2329           -5.63            1.97
  2012.2384           -6.73            2.89
  2012.2411           -7.03            3.57
  2012.2439           -4.84            1.83
  2012.2466           -6.55            7.17
  2012.2493           -5.24            2.75
  2012.2521           -5.78            1.55
  2012.2548           -7.42            1.61
  2012.2576           -6.32            1.50
  2012.2603          -13.00            1.65
  2012.2631          -12.41            1.64
  2012.2657          -10.67            1.50
  2012.2684           -9.97            1.69
  2012.2712           -5.85            1.87
  2012.2739           -8.08            1.60
  2012.2767           -8.18            1.23
  2012.2794           -6.94            0.99
  2012.2822           -6.54            0.99
  2012.2849          -11.93            1.12
  2012.2877           -6.37            1.05
  2012.2904           -7.46            1.08
  2012.2931           -8.34            1.01
  2012.2959           -9.09            1.03
  2012.2986          -15.17            1.12
  2012.3014           -8.51            0.99
  2012.3041           -8.42            1.02
  2012.3069           -8.24            1.03
  2012.3096           -8.40            0.88
  2012.3124           -8.13            0.97
  2012.3151           -6.35            1.39
  2013.0027          -23.45            0.93
  2013.0055          -24.87            0.94
  2013.0082          -26.89            1.00
  2013.0110          -22.71            1.01
  2013.0137          -24.23            1.07
  2013.0165          -30.55            1.12
  2013.0192          -22.92            1.14
  2013.0220          -28.50            0.97
  2013.0247          -23.84            1.05
  2013.0273          -21.87            1.05
  2013.0302          -23.38            1.07
  2013.0328          -24.21            1.05
  2013.0356          -23.01            1.08
  2013.0383          -24.42            0.99
  2013.0411          -26.71            1.10
  2013.0438          -22.99            1.08
  2013.0466          -22.86            1.29
  2013.0493          -22.92            1.05
  2013.0520          -24.25            1.01
  2013.0548          -22.82            0.98
  2013.0575          -22.43            1.09
  2013.0603          -27.86            1.11
  2013.0630          -23.71            1.13
  2013.0658          -30.47            1.11
  2013.0685          -24.43            1.04
  2013.0713          -25.76            0.95
  2013.0740          -21.72            1.01
  2013.0767          -23.45            1.03
  2013.0795          -24.41            1.00
  2013.0822          -24.70            1.03
  2013.0850          -25.48            1.05
  2013.0876          -28.40            1.13
  2013.0905          -24.16            1.08
  2013.0931          -23.90            1.00
  2013.0959          -21.08            1.02
  2013.0986          -22.57            1.09
  2013.1013          -22.61            1.19
  2013.1041          -22.23            1.02
  2013.1068          -23.70            1.05
  2013.1096          -24.47            1.08
  2013.1123          -24.42            1.16
  2013.1151          -25.23            1.14
  2013.1178          -28.53            1.13
  2013.1206          -28.87            1.07
  2013.1233          -33.20            1.12
  2013.1260          -23.40            1.10
  2013.1288          -36.16            1.22
  2013.1315          -27.42            1.14
  2013.1343          -21.98            0.98
  2013.1370          -22.44            0.95
  2013.1398          -22.71            1.03
  2013.1425          -22.47            1.10
  2013.1453          -25.20            1.02
  2013.1479          -29.49            1.10
  2013.1506          -29.33            0.99
  2013.1534          -22.96            0.96
  2013.1561          -23.09            0.97
  2013.1589          -27.15            0.96
  2013.1616          -23.24            1.04
  2013.1644          -25.68            1.05
  2013.1671          -24.59            0.99
  2013.1699          -22.15            0.96
  2013.1726          -23.16            0.97
  2013.1753          -25.71            1.08
  2013.1781          -27.75            1.11
  2013.1808          -25.00            1.04
  2013.1863          -34.88            1.16
  2013.1918          -32.24            1.11
  2013.2000          -24.01            0.95
