  2012.0027            0.00            0.12
  2012.0055            0.23            0.15
  2012.0082            2.01            0.15
  2012.0110            0.80            0.15
  2012.0137            0.73            0.17
  2012.0165           -0.06            0.14
  2012.0192           -0.08            0.16
  2012.0220            2.74            0.15
  2012.0247           -0.36            0.18
  2012.0273            3.62            0.15
  2012.0302            1.67            0.18
  2012.0328            0.27            0.15
  2012.0356            2.81            0.17
  2012.0383            2.75            0.14
  2012.0411            1.97            0.19
  2012.0438            1.66            0.14
  2012.0466            3.14            0.19
  2012.0493            2.16            0.15
  2012.0520            3.71            0.17
  2012.0548            2.37            0.18
  2012.0603            2.12            0.17
  2012.0630            3.80            0.17
  2012.0658           -0.92            0.17
  2012.0685            1.66            0.21
  2012.0713            3.21            0.23
  2012.0740            0.84            0.20
  2012.0767            1.26            0.23
  2012.0795            8.99            0.21
  2012.0822           16.99            0.17
  2012.0850            0.31            0.17
  2012.0876            4.97            0.17
  2012.0905            4.63            0.18
  2012.0931            2.17            0.16
  2012.0959           -4.90            0.20
  2012.0986            2.26            0.15
  2012.1013            6.33            0.18
  2012.1041           -3.29            0.16
  2012.1068            1.01            0.15
  2012.1096            2.05            0.15
  2012.1123            1.74            0.13
  2012.1151            1.43            0.15
  2012.1178            2.46            0.15
  2012.1206            1.60            0.15
  2012.1233            5.45            0.13
  2012.1260            2.43            0.16
  2012.1288            6.89            0.17
  2012.1315            6.06            0.19
  2012.1343            3.94            0.17
  2012.1370           -4.61            0.19
  2012.1398           -0.41            0.17
  2012.1425           -1.73            0.15
  2012.1453           -2.20            0.16
  2012.1479           -1.32            0.16
  2012.1506            2.41            0.16
  2012.1534            0.65            0.16
  2012.1561           -5.85            0.18
  2012.1589            4.42            0.19
  2012.1616            3.90            0.18
  2012.1644           -2.04            0.16
  2012.1671           -1.29            0.17
  2012.1699           -9.03            0.16
  2012.1726           -3.29            0.18
  2012.1753            3.46            0.18
  2012.1781            6.17            0.18
  2012.1808            2.18            0.17
  2012.1836            0.89            0.17
  2012.1863            1.43            0.13
  2012.1891            0.95            0.16
  2012.1918            1.11            0.16
  2012.1946            5.20            0.17
  2012.1973           -0.55            0.16
  2012.2000           -1.16            0.16
  2012.2028            1.06            0.16
  2012.2054            0.31            0.16
  2012.2083            5.24            0.16
  2012.2109            0.26            0.18
  2012.2137            4.26            0.16
  2012.2164           -0.44            0.17
  2012.2192           -0.74            0.14
  2012.2219           -2.71            0.14
  2012.2246           -1.02            0.14
  2012.2274            0.03            0.13
  2012.2301           -1.72            0.18
  2012.2329            1.80            0.20
  2012.2384            0.92            0.19
  2012.2411           -6.06            0.61
  2012.2439           -1.66            0.33
  2012.2466          -11.04            1.86
  2012.2493            3.12            0.48
  2012.2521           -1.63            0.27
  2012.2548           -5.58            0.29
  2012.2576           -4.11            0.28
  2012.2603           -5.96            0.31
  2012.2631           -1.40            0.32
  2012.2657           -4.27            0.28
  2012.2684           -3.25            0.26
  2012.2712            0.18            0.34
  2012.2739            1.60            0.26
  2012.2767            1.68            0.21
  2012.2794            1.41            0.15
  2012.2822            2.96            0.15
  2012.2849            5.89            0.17
  2012.2877            0.93            0.16
  2012.2904           -3.70            0.20
  2012.2931           -4.11            0.16
  2012.2959           -0.07            0.15
  2012.2986           -1.38            0.16
  2012.3014            0.68            0.15
  2012.3041            0.58            0.13
  2012.3069           -1.24            0.27
  2012.3096            1.44            0.14
  2012.3124            1.22            0.14
  2012.3151            1.01            0.18
  2013.0027            8.06            0.17
  2013.0055            5.82            0.16
  2013.0082            7.12            0.18
  2013.0110            3.13            0.18
  2013.0137            7.26            0.19
  2013.0165            3.05            0.19
  2013.0192            3.56            0.20
  2013.0220            4.62            0.17
  2013.0247           11.15            0.20
  2013.0273           10.42            0.19
  2013.0302           10.37            0.19
  2013.0328            8.35            0.19
  2013.0356           10.90            0.17
  2013.0383            9.04            0.18
  2013.0411           11.03            0.19
  2013.0438            8.94            0.20
  2013.0466            9.35            0.20
  2013.0493           10.60            0.19
  2013.0520           10.87            0.18
  2013.0548           12.22            0.18
  2013.0575           15.29            0.19
  2013.0603           11.38            0.20
  2013.0630            9.76            0.21
  2013.0658            8.65            0.20
  2013.0685            6.72            0.18
  2013.0713            7.91            0.17
  2013.0740            8.69            0.18
  2013.0767            8.53            0.19
  2013.0795            9.45            0.17
  2013.0822           10.01            0.18
  2013.0850            9.70            0.20
  2013.0876           -0.53            0.19
  2013.0905            7.24            0.19
  2013.0931            9.17            0.18
  2013.0959            9.36            0.18
  2013.0986            9.58            0.20
  2013.1013            9.71            0.22
  2013.1041           11.04            0.18
  2013.1068            8.49            0.20
  2013.1096           10.61            0.19
  2013.1123           12.42            0.19
  2013.1151            7.42            0.20
  2013.1178            1.01            0.19
  2013.1206            4.02            0.18
  2013.1233            4.96            0.20
  2013.1260            7.78            0.18
  2013.1288           16.14            0.20
  2013.1315            6.42            0.18
  2013.1343            9.71            0.17
  2013.1370            9.23            0.16
  2013.1398           11.10            0.19
  2013.1425           10.06            0.21
  2013.1453           10.41            0.18
  2013.1479            8.86            0.18
  2013.1506            7.96            0.18
  2013.1534            9.14            0.17
  2013.1561            5.17            0.17
  2013.1589            8.73            0.17
  2013.1616           13.02            0.18
  2013.1644            9.17            0.17
  2013.1671            6.96            0.17
  2013.1699            7.95            0.17
  2013.1726            7.47            0.17
  2013.1753            8.86            0.19
  2013.1781            4.21            0.19
  2013.1808            3.27            0.18
  2013.1863           -0.36            0.20
  2013.1918            3.60            0.20
  2013.2000            5.59            0.17
