  2008.7534            0.00            1.66
  2008.7561           13.21            1.61
  2008.7589           -3.50            1.63
  2008.7616           -6.68            1.57
  2008.7644            4.02            1.56
  2008.7671           -2.95            1.52
  2008.7699           -0.61            1.57
  2008.7726            1.53            1.60
  2008.7754            0.41            1.50
  2008.7781            1.14            2.60
  2008.7808            3.84            1.60
  2008.7836           -1.42            3.71
  2008.7863           -3.60            1.53
  2008.7891            0.19            1.59
  2008.7917           -5.94            2.05
  2008.8027           22.71            1.65
  2008.8054            5.24            1.61
  2008.8082           -4.11            1.61
  2008.8109            6.89            1.62
  2008.8137            4.02            1.58
  2008.8164           -4.89            1.57
  2008.8219           -5.56            1.54
  2008.8247            1.07            1.53
  2008.8274           -1.23            1.56
  2008.8301           -3.01            1.59
  2008.8329          -11.76            1.63
  2008.8356          -10.96            1.58
  2008.8411            4.87            1.52
  2008.8439           -9.89            1.53
  2008.8466            6.97            1.59
  2008.8494            5.64            1.56
  2008.8521            5.23            1.56
  2008.8547           12.95            1.58
  2008.8602           -4.08            1.58
  2008.8630            0.85            1.63
  2008.8657           -6.51            1.59
  2008.8685           -3.09            2.31
  2008.8712           -9.06            1.60
  2008.8740            0.21            1.55
  2008.8767           -5.16            1.66
  2008.8794            3.59            1.52
  2008.8822            1.85            1.59
  2008.8849            3.78            3.92
  2008.8877            3.27            1.45
  2008.8904           13.34            1.64
  2008.8959           30.65            1.51
  2008.8987           23.16            1.56
  2008.9014           13.21            1.54
  2008.9041           -4.02            1.55
  2008.9069           12.91            1.68
  2008.9095            6.40            1.61
  2008.9124            6.79            1.59
  2008.9150           -4.46            1.51
  2008.9205           -4.75            1.50
  2008.9233            3.50            1.45
  2008.9260           -3.92            1.82
  2008.9287            7.81            1.47
  2008.9315            0.83            1.46
  2008.9370           10.90            1.50
  2008.9397            2.30            1.54
  2008.9425            2.33            1.72
  2008.9452            4.80            1.43
  2008.9480            4.36            1.47
  2008.9507            6.81            2.00
  2008.9562            6.82            1.98
  2008.9589           22.09            1.51
  2008.9617           12.38            1.49
  2008.9644            5.13            1.56
  2008.9672           15.43            1.52
  2008.9698           12.16            1.52
  2008.9727           10.86            1.54
  2008.9753           -2.90            1.52
  2008.9780           18.12            1.46
  2008.9808            4.83            1.47
  2008.9835            0.32            1.51
  2008.9863            5.14            1.51
  2008.9890            8.60            1.50
  2008.9918            0.23            1.54
  2008.9945            1.93            1.68
  2008.9973            0.91            1.61
  2009.0000            1.88            1.54
  2009.0027           -1.67            1.48
  2009.0027            6.78            1.54
  2009.0055            6.66            1.52
  2009.0137            0.60            1.55
  2009.0165            6.02            1.67
  2009.0192            0.05            1.49
  2009.0220            2.88            1.55
  2009.0247            4.64            1.47
  2009.0273           18.34            1.58
  2009.0302            0.19            1.53
  2009.0328            2.52            1.61
  2009.0356            3.90            1.58
  2009.0383           -4.19            1.63
  2009.0411           -0.82            1.59
  2009.0438           26.69            1.63
  2009.0466            3.06            1.59
  2009.0493            5.05            1.55
  2009.0520           13.44            1.48
  2009.0548            4.24            1.52
  2009.0575            1.13            1.49
  2009.0603           16.60            1.52
  2009.0630           12.53            1.65
  2009.0658           16.34            1.54
  2009.0685            1.21            1.50
  2009.0713           11.49            1.47
  2009.0740           -0.13            1.73
  2009.0767            9.22            1.51
  2009.0795           17.20            1.57
  2009.0822           23.80            1.62
  2009.0850            5.94            1.55
  2009.0876            7.99            2.39
  2009.0905           10.85            1.50
  2009.0931            5.96            1.53
  2009.0959           12.50            1.59
  2009.0986           12.38            1.59
  2009.1013           12.59            1.54
  2009.1041           11.62            7.94
  2009.1068           13.44            1.54
  2009.1096           14.14            1.68
  2009.1123           11.49            1.55
  2009.1151           15.70            1.62
  2009.1178           12.43            1.54
  2009.1206           33.84            1.54
  2009.1233           -5.24            1.54
  2009.1260           26.98            1.63
  2009.1288           17.78            1.61
  2009.1315           30.85            2.04
  2009.1343           25.60            1.56
  2009.1370           22.78            1.61
  2009.1398            7.78            2.30
  2009.1425           10.61            1.58
  2009.1453           12.53            1.55
  2009.1479            6.00            1.52
  2009.1506            8.66            1.52
  2009.1534           12.77            1.55
  2009.1561           10.04            1.63
  2009.1589           17.33            1.55
  2009.1616           21.14            1.58
  2009.1644            4.77            2.89
  2009.1671            6.02            1.64
  2009.1699            5.08            1.58
  2009.1726           11.06            1.60
  2009.1753           23.57            3.35
  2009.1891            3.35            2.35
  2009.1918           15.51            1.62
  2009.1946            3.76            1.54
  2009.1973           21.30            4.26
  2009.2000           10.13            1.54
  2009.2028           10.27            1.49
  2009.2054           16.58            1.72
  2009.2083            8.96            1.49
  2009.2109            9.55            1.70
  2009.2137           14.82            1.54
  2009.2164            7.89            1.52
  2009.2192            5.31            1.52
  2009.2219            9.69            1.63
  2009.2246            5.63            1.71
  2009.2274            3.87            1.71
  2009.2301           23.78            1.54
  2009.2329            7.90            1.52
  2009.2356           17.07            2.99
  2009.2384            2.69            4.41
  2009.2411            5.47            1.79
  2009.2439            4.20            1.71
  2009.2466           18.49           10.54
  2009.2493            6.04           10.99
  2009.2521            9.10            1.60
  2009.2548            7.64            1.64
  2009.2576            8.75            1.57
  2009.2603         -130.70            3.18
  2009.2631            5.91            1.51
  2009.2657           -2.07            1.49
  2009.2684           -0.01            1.61
  2009.2712           -0.12            1.51
  2009.2739           17.02            1.52
  2009.2767            8.99            1.46
  2009.2794           20.54            1.56
  2009.2822           -9.61            1.46
  2009.2849            1.83            1.48
  2009.2877           10.62            1.48
  2009.2904            4.29            1.57
  2009.2931            7.61            1.50
  2009.2959            1.98            1.41
  2009.2986            8.89            1.46
  2009.3014           -2.16            1.50
  2009.3069            7.88            1.62
  2009.3096           -8.66            1.55
  2009.3124           -0.79            1.52
  2009.3151            7.22            1.54
  2009.3177            0.49            1.48
  2009.3206            1.83            1.62
  2009.3232            3.44            1.53
  2009.3260           -2.61            1.48
  2009.3315           16.05            5.19
  2009.3397            5.53            2.65
  2009.3424            4.35            1.51
  2009.3452           -0.66            1.55
  2009.3479           -1.22            1.53
  2009.3507           21.05            1.48
  2009.3534           36.31            3.06
  2009.3562           -1.13            1.57
  2009.3589           -1.52            1.50
  2009.3617            1.48            1.66
  2009.3644           -1.28            1.62
  2009.3671            4.02            1.56
  2009.3699            9.68            1.55
  2009.3726            1.20            1.52
  2009.3754            0.49            1.49
  2009.3781            4.32            1.47
  2009.3809            5.76            1.47
  2009.3835            9.62            2.09
  2009.3864          -11.69            2.02
  2009.4000           -8.01            2.13
  2009.4027           -4.67            1.47
  2009.4055           -2.14            1.57
  2009.4082            1.23            3.41
  2009.4110           -4.03            1.52
  2009.4137           -1.50            1.50
  2009.4164           -0.20            1.64
  2009.4192            0.83            1.47
  2009.4219           19.40            1.98
  2009.4247           -5.17            1.46
  2009.4274           -3.95            1.40
  2009.4302           -9.25            1.43
  2009.4329           -5.08            1.49
  2009.4357           -5.29            1.60
  2009.4384           -4.60            1.50
  2009.4410           -1.76            1.45
  2009.4438            1.09            1.53
  2009.4465            1.90            1.40
  2009.4493            6.11            1.45
  2009.4520           -5.67            1.51
  2009.4548           -1.07            1.60
  2009.4575           13.79            1.49
  2009.4603           -2.63            1.60
  2009.4630           11.31            1.51
  2009.4657          -16.32            1.49
  2009.4685           -1.32            1.43
  2009.4712          -15.79            1.90
  2009.4740            4.28            2.41
  2009.4767          -17.30            1.45
  2009.4795           -4.76            1.45
  2009.4822           -1.88            1.50
  2009.4850            4.41            1.57
  2009.4877           -4.05            1.51
  2009.4904           10.95            4.37
  2009.4932            2.44            1.60
  2009.4958            1.42            1.51
  2009.4987            4.40            1.48
  2009.5013           -6.62            1.37
  2009.5042            1.67            1.50
  2009.5068            6.69            1.51
  2009.5096           -5.17            1.51
  2009.5123           12.63            1.75
  2009.5150           -8.04            1.45
  2009.5178           -3.01            1.45
  2009.5205            1.64            1.41
  2009.5233           -3.01            1.40
  2009.5260            7.19            1.42
  2009.5288           -0.05            1.49
  2009.5315            3.05            1.85
  2009.5343           -0.87            1.39
  2009.5370           -3.92            1.38
  2009.5397           -7.37            1.35
  2009.5425            4.94            1.37
  2009.5452           -2.90            1.56
  2009.5507         -144.72            7.36
  2009.5535           -6.60            1.54
  2009.5562           -5.66            1.46
  2009.5590           -5.39            1.42
  2009.5616           -9.93            1.38
  2009.5643           -4.92            1.41
  2009.5671           -1.18            1.39
  2009.5698           -8.67            1.40
  2009.5726           -7.24            1.39
  2009.5753           -9.93            1.44
  2009.5781           -6.22            1.32
  2009.5808           -2.15            1.52
  2009.5836           -6.08            1.45
  2009.5863            1.09            1.47
  2009.5890           17.48            1.47
  2009.5918           -5.76            1.49
  2009.5945           -8.77            1.47
  2009.5973           -8.57            1.86
  2009.6000            2.82            1.36
  2009.6028            3.87            1.41
  2009.6055           -5.97            1.37
  2009.6083           11.82            1.57
  2009.6110           11.88            1.51
  2009.6136           -6.23            1.48
  2009.6165            1.96            1.41
  2009.6191            3.99            2.10
  2009.6301           -4.44            2.68
  2009.6329           -5.92            1.46
  2009.6356           -2.81            1.36
  2009.6383            3.48            1.44
  2009.6466           -6.09            1.95
  2009.6493            1.25            1.43
  2009.6521            2.95            1.47
  2009.6548           -1.39            1.49
  2009.6576            7.57            1.39
  2009.6603            1.96            1.38
  2009.6630           -4.50            6.38
  2009.6658           -2.32            1.51
  2009.6685           -2.92            1.53
  2009.6713           -5.63            1.45
  2009.6740            2.04            1.92
  2009.6768           -2.72            3.42
  2009.6794           -1.58            1.48
  2009.6823           -7.94            1.61
  2009.6849          -11.09            1.68
  2009.6904           -2.99            1.37
  2009.6931           -4.21            1.33
  2009.6959           -5.68            1.39
  2009.6986          -23.78            4.54
  2009.7041            4.28            1.33
  2009.7069          -13.59            1.36
  2009.7096           -9.35            1.47
  2009.7123           -0.80            1.44
  2009.7151           -1.73            1.40
  2009.7178           -1.70            1.44
  2009.7206            0.13            1.38
  2009.7233          -13.49            1.34
  2009.7261           -4.90            1.37
  2009.7288           -2.55            1.34
  2009.7316          -11.96            2.11
  2009.7424           -8.60            2.33
  2009.7452           -7.07            1.39
  2009.7479            0.02            1.38
  2009.7507          -11.57            1.50
  2009.7534          -14.77            1.44
  2009.7561           -6.90            1.39
  2009.7589           -3.17            1.87
  2009.7616            9.25            1.97
  2009.7644           -4.68            1.42
  2009.7671           -4.03            1.39
  2009.7699          -10.23            1.46
  2009.7726           -7.17            1.49
  2009.7754           -8.77            1.61
  2009.7781           19.78            4.97
  2009.7808            3.52            1.43
  2009.7836           -9.26            1.44
  2009.7863            0.37            1.63
  2009.7891          -12.03            1.73
  2009.7917           -3.58            1.49
  2009.7946           -7.78            1.49
  2009.7972            1.17            1.51
  2009.8000           21.46            1.92
  2009.8027           -7.16            1.51
  2009.8054            2.11            1.50
  2009.8082           -9.82            1.68
  2009.8109           -8.22            1.63
  2009.8137           -9.41            1.99
  2009.8164           -5.97            1.44
  2009.8192            6.51            1.59
  2009.8219           32.43            1.75
  2009.8247            7.27            1.63
  2009.8274           -7.23            1.72
  2009.8301            5.15            1.61
  2009.8329           10.22            2.08
  2009.8356           -1.23            2.30
  2009.8384          -24.08            6.60
  2009.8411            4.37            1.63
  2009.8439            4.40            1.57
  2009.8466           -7.28            1.60
  2009.8521           -2.30            2.07
  2009.8575           -8.60            8.77
  2009.8602          -13.80            1.60
  2009.8630           -0.61            1.52
  2009.8685            1.19            1.63
  2009.8712            0.70            1.91
  2009.8740           11.43            1.59
  2009.8767            9.15            1.59
  2009.8794            8.46            1.75
  2009.8822            6.94            1.68
  2009.8849            8.98            1.78
  2009.8877           20.20            1.58
  2009.8904           15.21            1.58
  2009.8932           -2.85            1.79
  2009.8959           -5.35            1.68
  2009.8987           -7.68            1.72
  2009.9014           -0.41            1.62
  2009.9041           -1.12            1.64
  2009.9069           -3.55            1.53
  2009.9095           -3.65            1.58
  2009.9124            1.71            2.34
  2009.9150           19.97            1.66
  2009.9178            2.27            1.61
  2009.9205           -0.44            1.67
  2009.9233           -1.97            1.53
  2009.9260           -8.27            1.54
  2009.9287           -4.86            1.65
  2009.9315           -1.86            1.52
  2009.9342          -10.42            1.93
  2009.9397           -2.56            1.55
  2009.9425           -1.24            1.71
  2009.9452           -0.64            2.44
  2009.9480            2.83            1.60
  2009.9507            2.55            1.54
  2009.9534           -8.73            1.71
  2009.9562           -1.18            1.60
  2009.9589            4.71            1.53
  2009.9617            3.77            1.73
  2009.9644           -2.00            1.67
  2009.9672           -6.95            1.88
  2009.9698           14.47            1.66
  2009.9727            2.57            2.53
  2009.9753          -63.74           10.54
  2009.9780          -18.77           14.17
  2009.9835            8.40            1.73
  2009.9863            3.87            1.83
  2009.9890           26.03            1.71
  2009.9918           13.06            1.69
  2009.9945           -4.44            1.84
  2009.9973           -1.50            1.67
  2010.0000           19.99            1.61
  2010.0027            2.96            1.64
  2010.0055            0.04            1.69
  2010.0082           13.70            1.62
  2010.0110           16.29            1.76
  2010.0137            3.38            1.86
  2010.0165            5.19            1.70
  2010.0192           13.74            3.70
  2010.0220           10.32            1.74
  2010.0247            4.96            1.69
  2010.0273           24.99            1.62
  2010.0302            8.41            1.91
  2010.0328            2.13            1.78
  2010.0356            3.08            1.71
  2010.0383            4.39            1.58
  2010.0411            0.65            1.65
  2010.0438            9.56            1.70
  2010.0466           15.83            1.56
  2010.0493            0.18            1.64
  2010.0520           -1.22            1.57
  2010.0548            9.38            1.69
  2010.0575            6.08            1.68
  2010.0603           -3.80            1.60
  2010.0630           -2.03            1.61
  2010.0658           10.51            1.63
  2010.0685           -6.29            1.66
  2010.0713            7.51            1.81
  2010.0740           11.97            1.78
  2010.0767           46.63            1.72
  2010.0795           17.65            1.70
  2010.0822            4.51            2.49
  2010.0850            1.82            1.60
  2010.0876            9.93            1.70
  2010.0905           29.32            1.69
  2010.0931            6.14            1.70
  2010.0959           10.50            1.60
  2010.0986           22.39            1.79
  2010.1013           13.26            1.81
  2010.1041           19.88            9.81
  2010.1068            7.62            1.60
  2010.1096           20.83            1.75
  2010.1123           10.57            1.61
  2010.1151           12.22            2.72
  2010.1178          -12.53            4.51
  2010.1206           10.69            2.78
  2010.1233          -11.96            1.56
  2010.1260            1.55            1.76
  2010.1288           -3.97            1.81
  2010.1315            4.80            1.86
  2010.1343           -0.12            1.91
  2010.1370           -3.05            1.91
  2010.1398            1.40            1.63
  2010.1425            9.39            1.66
  2010.1453            4.72            1.85
  2010.1479           -5.67            1.71
  2010.1506            1.83            1.51
  2010.1534            3.20            1.73
  2010.1561           -2.22            1.96
  2010.1616            0.31            1.63
  2010.1644           -0.65            1.56
  2010.1671            3.47            1.63
  2010.1699           -5.14            1.69
  2010.1726            8.02            1.57
  2010.1753           -6.66            1.59
  2010.1781           -2.37            1.53
  2010.1808            7.60            1.64
  2010.1836           -2.27            1.64
  2010.1863            0.34            1.62
  2010.1891            9.39            1.70
  2010.1918           -0.20            1.68
  2010.1946            8.84            1.76
  2010.1973            2.28            1.73
  2010.2000            1.60            1.54
  2010.2028            8.09            1.90
  2010.2164            3.39            2.38
  2010.2192            1.07            1.74
  2010.2219           -3.01            1.57
  2010.2246           -1.88            1.56
  2010.2274           -2.43            1.64
  2010.2301           -1.10            1.58
  2010.2329            9.21            1.70
  2010.2356            0.56            1.64
  2010.2384            3.22            2.63
  2010.2411           -0.97            1.72
  2010.2439            1.09            1.66
  2010.2466            8.43            1.80
  2010.2493            0.83            7.90
  2010.2521            4.49            1.68
  2010.2548            2.70            1.62
  2010.2576           95.88            1.23
  2010.2603            6.11            1.61
  2010.2631            1.76            1.64
  2010.2657            1.96            1.62
  2010.2684           -0.70            1.59
  2010.2712            5.22            1.60
  2010.2739            6.08            1.67
  2010.2767           -3.83            1.61
  2010.2794           -3.79            1.64
  2010.2822           -1.77            1.59
  2010.2849            2.62            1.57
  2010.2877           -3.01            1.59
  2010.2904           17.72            1.69
  2010.2931           28.76            1.63
  2010.2959           -1.24            1.64
  2010.2986            1.24            1.57
  2010.3014            0.92            1.55
  2010.3069           -1.50            1.54
  2010.3096           -0.41            1.57
  2010.3124            0.69            2.34
  2010.3151            1.54            1.54
  2010.3177           -3.84            1.55
  2010.3206           -0.66            1.58
  2010.3232           -0.23            1.59
  2010.3260            4.28            1.54
  2010.3287            7.64            1.66
  2010.3315           23.89            1.63
  2010.3424           11.60            1.63
  2010.3452            1.60            1.53
  2010.3479            9.42            1.51
  2010.3507            0.35            1.43
  2010.3534           -2.47            1.45
  2010.3562           -3.84            1.46
  2010.3589            4.50            1.50
  2010.3617           -0.33            2.42
  2010.3644           24.16           11.62
  2010.3671            2.13            1.60
  2010.3699           -3.06            1.56
  2010.3726            1.31            1.59
  2010.3754            5.43            1.57
  2010.3781            6.33            1.53
  2010.3809            2.55            1.52
  2010.3835           -1.29            1.53
  2010.3864           -3.36            1.45
  2010.3890          -11.29            1.56
  2010.3917          -14.16            1.49
  2010.3945            9.88            1.53
  2010.3972           -9.54            1.57
  2010.4000          -12.01            1.45
  2010.4027           -4.79            1.44
  2010.4055           -4.49            1.60
  2010.4082           -9.03            1.63
  2010.4110          427.98            4.39
  2010.4137          -13.18            2.78
  2010.4164            4.72            1.86
  2010.4192            2.11            1.48
  2010.4219           -4.27            1.45
  2010.4247           -1.64            1.47
  2010.4274           22.04            1.44
  2010.4302            0.26            1.43
  2010.4329           -4.84            1.41
  2010.4357            0.37            1.41
  2010.4384           -1.99            1.41
  2010.4410            5.01            1.43
  2010.4438            4.41            1.54
  2010.4465           12.57            1.46
  2010.4493           -2.37            1.45
  2010.4520            0.46            1.67
  2010.4548            3.81            1.45
  2010.4575           -1.51            1.46
  2010.4603           -0.44            1.70
  2010.4630           -0.29            1.98
  2010.4657           -3.03            1.73
  2010.4685            6.44            1.50
  2010.4712            5.54            1.55
  2010.4740           -0.23            1.51
  2010.4767            1.37            1.66
  2010.4795           -5.73            1.55
  2010.4822            4.92            1.58
  2010.4850            0.61            1.50
  2010.4877           11.24            1.47
  2010.4904           21.78            1.47
  2010.4932            0.41            1.52
  2010.4958           -0.78            1.51
  2010.4987          -11.21            1.50
  2010.5013            3.04            1.40
  2010.5042           -2.06            1.44
  2010.5068            4.08            1.49
  2010.5096           -3.04            1.51
  2010.5123            2.02            1.67
  2010.5178            5.90            2.63
  2010.5315           -7.60            2.29
  2010.5343          -11.20            1.37
  2010.5370           -8.91            1.46
  2010.5397           -5.17            1.43
  2010.5425           -3.25            1.53
  2010.5452           -2.32            1.45
  2010.5480           -0.66            1.50
  2010.5507          -17.47            1.57
  2010.5535          -14.82            1.58
  2010.5562           -7.44            1.59
  2010.5590           -0.12            1.68
  2010.5616           -5.84            1.69
  2010.5643           -4.72            1.56
  2010.5671            0.71            1.54
  2010.5698            9.50            1.64
  2010.5726            1.71            1.74
  2010.5753            1.48            1.67
  2010.5781           -1.33            1.78
  2010.5808          -11.25            1.73
  2010.5836           -5.09            1.60
  2010.5863          -12.40            1.44
  2010.5890           -9.85            1.57
  2010.5918          -10.97            1.45
  2010.5945           -4.79            3.24
  2010.5973           -3.13            1.57
  2010.6000           -9.99            1.51
  2010.6028           -1.44            1.53
  2010.6055            0.22            1.44
  2010.6083           -5.85            1.50
  2010.6110           -4.64            1.58
  2010.6136           -7.82            1.51
  2010.6165           -7.91            1.47
  2010.6191           -7.56            1.45
  2010.6219            0.58            1.55
  2010.6246            1.13            1.61
  2010.6274            1.27            1.74
  2010.6301            4.48            1.57
  2010.6329           -2.35            1.54
  2010.6356           10.68            1.51
  2010.6383           13.86            1.76
  2010.6411           22.20            1.60
  2010.6438           19.38            1.56
  2010.6466            6.86            1.54
  2010.6493           25.94            1.52
  2010.6521           -0.22            1.62
  2010.6548           11.13            1.54
  2010.6576            1.15            1.61
  2010.6603           -2.85            1.48
  2010.6630            1.96            1.58
  2010.6658           -4.65            1.52
  2010.6685           -0.37            1.62
  2010.6713           -0.78            1.63
  2010.6740           -5.04            1.67
  2010.6768           18.68            1.66
  2010.6794            0.80            1.51
  2010.6823           -4.23            1.46
  2010.6849           -5.41            1.49
  2010.6876           -1.48            1.53
  2010.6904           -4.57            1.47
  2010.6931           -2.54            1.56
  2010.6959            8.04            1.66
  2010.6986           -3.01            1.59
  2010.7014           -2.95            1.51
  2010.7041            7.94            1.54
  2010.7069            6.72            1.69
  2010.7096           -1.42            1.59
  2010.7123            5.20            1.61
  2010.7151            3.17            1.65
  2010.7178           23.48            1.59
  2010.7206          -12.99            1.51
  2010.7233           14.60            1.59
  2010.7261           -0.03            1.53
  2010.7288           -5.70            1.41
  2010.7316           -1.15            1.46
  2010.7343           -1.97            1.56
  2010.7369           -3.26            1.59
  2010.7397           -3.11            1.53
  2010.7424           -5.82            1.49
  2010.7452           -4.88            1.41
  2010.7479           -3.84            1.47
  2010.7507           -3.17            1.47
  2010.7534            6.92            1.42
  2010.7561           23.83            1.52
  2010.7589           -2.39            1.43
  2010.7616           -6.61            1.42
  2010.7644           -1.87            1.43
  2010.7671            5.98            1.40
  2010.7699           -6.24            1.43
  2010.7726            2.26            2.16
  2010.7754           -3.04            1.41
  2010.7781           -7.31            1.39
  2010.7808            0.32            1.45
  2010.7836            4.89            1.45
  2010.7863           -5.81            1.69
  2010.7891           -5.75            1.42
  2010.7917           -6.64            1.41
  2010.7946           20.29            1.43
  2010.7972            4.26            1.48
  2010.8000            4.10            1.42
  2010.8027           -4.98            1.49
  2010.8054           -3.27            1.44
  2010.8082           -2.23            1.62
  2010.8109           -1.52            1.63
  2010.8137           -5.10            1.38
  2010.8164           -3.01            1.43
  2010.8192           -0.28            1.48
  2010.8219           -0.85            1.53
  2010.8247           -2.64            1.62
  2010.8274           -5.72            1.60
  2010.8301            2.19            1.42
  2010.8329            3.63            1.62
  2010.8356           11.96            1.46
  2010.8384           -6.09            1.45
  2010.8411           14.40            1.48
  2010.8439            6.15            1.49
  2010.8466            7.97            1.43
  2010.8494           18.63            1.50
  2010.8521           -5.38            1.60
  2010.8547            0.48            1.51
  2010.8575           -4.33            1.39
  2010.8602            0.81            1.52
  2010.8630           -3.00            1.40
  2010.8657           -1.41            1.41
  2010.8685            0.44            1.67
  2010.8712           -5.73            1.44
  2010.8740           -2.05            1.60
  2010.8767            0.61            1.51
  2010.8794            0.77            1.48
  2010.8822           16.03            1.53
  2010.8849           10.89            1.55
  2010.8877           14.91            1.55
  2010.8904           13.78            1.51
  2010.8932           -1.21            1.48
  2010.8959            8.68            1.51
  2010.8987            7.12            1.60
  2010.9014            1.80            1.90
  2010.9150            1.65            2.03
  2010.9178           32.35            1.39
  2010.9205            1.91            1.47
  2010.9233           11.01            1.49
  2010.9260            9.74            1.44
  2010.9287            6.90            1.42
  2010.9315           17.02            1.48
  2010.9342           26.37            1.54
  2010.9370           32.13            1.45
  2010.9397           12.60            1.49
  2010.9425            2.69            1.38
  2010.9452            4.51            3.70
  2010.9480            1.68            3.64
  2010.9507            0.36            1.51
  2010.9562            7.37            1.51
  2010.9589           10.55            3.35
  2010.9644           -5.75            1.45
  2011.0027            2.43            1.61
  2011.0055           -8.28            1.69
  2011.0082           -4.41            1.63
  2011.0110           -5.82            1.61
  2011.0137            0.72            1.73
  2011.0165           -0.63            1.61
  2011.0192            4.90            1.58
  2011.0220           -3.68            1.63
  2011.0247           -2.23            1.59
  2011.0273           10.28            1.68
  2011.0302            2.67            1.61
  2011.0328           -4.70            1.70
  2011.0356           32.90            1.71
  2011.0383            0.37            1.52
  2011.0411           17.99            1.72
  2011.0438            2.46            1.77
  2011.0466           -2.68            1.59
  2011.0493           13.68            1.82
  2011.0520          -26.52            1.62
  2011.0548           -9.21            1.72
  2011.0575            7.01            1.68
  2011.0603           26.95            2.89
  2011.0630           -3.82            2.10
  2011.0658           -9.36            1.70
  2011.0685           -1.61            1.72
  2011.0713          -21.09            1.71
  2011.0740           -9.28            1.72
  2011.0767          -10.89            1.68
  2011.0795            9.12            1.71
  2011.0822           15.36            1.87
  2011.0850           17.82            1.74
  2011.0876           -1.60            1.59
  2011.0905           40.11            1.65
  2011.0931            1.87            1.54
  2011.0959           14.83            1.64
  2011.0986           -2.47            1.61
  2011.1013           -4.33            1.67
  2011.1041           -9.39            1.65
  2011.1068           -5.46            1.79
  2011.1096           -2.16            1.71
  2011.1123           -8.81            1.84
  2011.1151            0.75            1.80
  2011.1178            5.12            1.84
  2011.1206            3.19            1.89
  2011.1233            8.72            1.80
  2011.1260           11.07            1.72
  2011.1288           -0.76            1.77
  2011.1315           -7.41            1.79
  2011.1343           -4.95            1.79
  2011.1370           -9.28            1.77
  2011.1398           -2.09            1.69
  2011.1425          -12.07            1.74
  2011.1453           -7.76            1.74
  2011.1479           -8.01            1.84
  2011.1506           -9.51            1.81
  2011.1534            0.51            1.70
  2011.1561            6.21            1.61
  2011.1589           -6.46            1.64
  2011.1616           -1.58            1.64
  2011.1644           11.57            1.68
  2011.1671           -0.01            1.70
  2011.1699          -14.27            1.72
  2011.1726           -5.67            1.79
  2011.1753           -6.46            1.75
  2011.1781           11.28            2.98
  2011.1808            7.50            1.67
  2011.1836           16.03            1.75
  2011.1863           14.13            1.79
  2011.1891           24.92            2.04
  2011.1918            8.40            2.02
  2011.1946            2.75            1.96
  2011.1973           -1.88            1.66
  2011.2000           -0.50            1.87
  2011.2028            0.64            2.03
  2011.2054            9.07            1.93
  2011.2083            1.83            1.80
  2011.2109           -4.52            1.69
  2011.2137           39.02            1.67
  2011.2164           25.59            1.61
  2011.2192           10.70            1.78
  2011.2219           11.40            1.73
  2011.2246            1.28            1.71
  2011.2274           12.46            2.03
  2011.2411           40.75            1.67
  2011.2439           32.19            1.74
  2011.2466            7.60            2.00
  2011.2493           -2.73            1.76
  2011.2521           -3.66            1.79
  2011.2548           -2.63            1.67
  2011.2576           -2.21            1.68
  2011.2603           -7.90            2.02
  2011.2631            1.23            1.66
  2011.2657           -1.61            1.68
  2011.2684           -2.78            1.67
  2011.2712           -0.36            1.65
  2011.2739           -2.15            1.73
  2011.2767            6.57            1.85
  2011.2794            0.64            1.71
  2011.2822            0.04            1.80
  2011.2849           -5.08            1.69
  2011.2877           -1.46            1.60
  2011.2904           -4.99            1.60
  2011.2931         -453.43            5.15
  2011.2959          -21.92            1.57
  2011.2986          -16.60            1.54
  2011.3014           -3.37            1.56
  2011.3041          -13.67            1.83
  2011.3069          -14.44            1.77
  2011.3096           -0.27            1.51
  2011.3124          -13.79            1.51
  2011.3151          -15.34            1.47
  2011.3177           -8.36            1.50
  2011.3206            4.41            1.71
  2011.3232          -17.76            1.66
  2011.3260          -23.71            1.51
  2011.3287          -23.08            1.53
  2011.3315          -21.37            1.50
  2011.3342          -25.26            1.51
  2011.3370           -7.81            1.81
  2011.3397          -10.87            1.56
  2011.3424          -19.52            1.52
  2011.3452          -18.09            1.50
  2011.3479          -10.98            1.60
  2011.3507          -21.63            1.47
  2011.3534          -18.22            1.52
  2011.3562           14.53            2.95
  2011.3589          -21.05            1.53
  2011.3617          -21.65            1.49
  2011.3644          -20.99            1.44
  2011.3671          -25.61            1.78
  2011.3699          -25.52            3.82
  2011.3781           13.45            2.31
  2011.3809           -9.56            1.61
  2011.3835          -24.58            1.63
  2011.3864          -13.10            1.55
  2011.3890          -24.72            1.56
  2011.3917          -23.60            1.55
  2011.3945            1.38            1.62
  2011.3972          -14.30            1.50
  2011.4000          -20.08            1.48
  2011.4027           -7.89            1.65
  2011.4055          -19.68            1.51
  2011.4082          -18.76            1.45
  2011.4110          -21.56            1.44
  2011.4137          -24.01            1.46
  2011.4164          -26.41            1.46
  2011.4192          -25.02            1.53
  2011.4219          -21.41            1.41
  2011.4247          -22.12            1.50
  2011.4274          -20.22            1.60
  2011.4302          -14.69            1.60
  2011.4329          -11.82            1.73
  2011.4357           -5.77            1.76
  2011.4384           -8.91            1.50
  2011.4410          -10.75            2.14
  2011.4438           -2.03            1.58
  2011.4465          -20.03            1.59
  2011.4493          -19.41            1.49
  2011.4520          -11.04            1.50
  2011.4548          -10.92            1.79
  2011.4575          -13.03            1.61
  2011.4603          -16.34            1.61
  2011.4630          -12.51            1.73
  2011.4657          -19.49            1.76
  2011.4685          -22.67            1.66
  2011.4712          -19.87            1.58
  2011.4740          -20.71            1.53
  2011.4767          -15.10            1.59
  2011.4795          -27.57            1.52
  2011.4822          -28.68            5.00
  2011.4850          -23.58            1.51
  2011.4877          -20.21            1.53
  2011.4904          -17.78            1.52
  2011.4932          -18.58            1.64
  2011.4958          -22.29            1.55
  2011.4987          -31.34            1.52
  2011.5013          -30.03            1.51
  2011.5042          -24.58            1.57
  2011.5068          -23.29            1.70
  2011.5096          -15.20            1.80
  2011.5123          -15.86            1.68
  2011.5150          -14.92            1.60
  2011.5178            0.36            1.84
  2011.5205          -26.83            2.53
  2011.5233          -15.11            2.07
  2011.5260          -26.45            2.23
  2011.5315          -15.22            1.60
  2011.5343          -18.39            1.74
  2011.5370          -14.65            1.79
  2011.5397          -31.32            1.76
  2011.5425          -41.43            1.74
  2011.5452          -24.68            1.61
  2011.5480          -28.92            1.59
  2011.5507           -2.38            1.66
  2011.5535          -31.62            1.59
  2011.5562            6.60            2.15
  2011.5590          -16.55            3.63
  2011.5616          -14.00            1.60
  2011.5643          -23.95            1.68
  2011.5671          -22.15            1.71
  2011.5698          -26.59            1.66
  2011.5726          -28.31            1.63
  2012.0027          -44.37            3.40
  2012.0055          -16.98            1.68
  2012.0082          -23.26            1.62
  2012.0110          -18.89            1.76
  2012.0137          -17.67            1.99
  2012.0165          -11.51            1.67
  2012.0192          -13.47            3.28
  2012.0220           -7.63            2.31
  2012.0247          -18.08            2.00
  2012.0273          -16.03            1.99
  2012.0302          -18.56            1.84
  2012.0328          -10.50            1.76
  2012.0356          -22.56            2.17
  2012.0383          -14.70            2.51
  2012.0411          -14.65            2.68
  2012.0438           -6.55            2.28
  2012.0466          -25.05            2.63
  2012.0493           23.73            9.05
  2012.0520          -19.59            1.77
  2012.0548          -26.62            4.73
  2012.0603          -25.35            8.02
  2012.0630          -34.12            3.74
  2012.0658          -11.76            3.25
  2012.0685           -9.56            4.41
  2012.0713           -6.46            2.59
  2012.0740           -8.92            4.00
  2012.0767           11.96            4.40
  2012.0795           26.48            4.38
  2012.0822           -7.39            2.03
  2012.0850           10.72            3.53
  2012.0876           -2.07            4.30
  2012.0905          -11.96            3.64
  2012.0931           -8.30            3.76
  2012.0959           -4.44            4.47
  2012.0986          -15.36            4.59
  2012.1013           28.70            4.67
  2012.1041          -18.39            4.66
  2012.1123          -31.82            7.98
  2012.1151          -61.53            7.51
  2012.1178          -10.30            1.91
  2012.1206          -12.19            2.11
  2012.1233          -27.14            1.94
  2012.1260           -8.57            1.97
  2012.1288           -4.30            1.97
  2012.1315           -8.29            1.94
  2012.1343            3.64            1.99
  2012.1370            4.38            1.95
  2012.1398           -8.46            1.80
  2012.1425          -18.21            1.67
  2012.1453           -7.98            1.72
  2012.1479          -16.29            1.72
  2012.1506           -9.42            1.94
  2012.1534          -11.70            1.91
  2012.1561            1.84            1.92
  2012.1589           12.54            2.11
  2012.1616          -15.05            1.86
  2012.1644          -11.55            1.83
  2012.1671           -4.02            2.08
  2012.1699          -26.82            1.74
  2012.1726           12.99            1.90
  2012.1753            2.77            1.84
  2012.1781           16.78            2.26
  2012.1808          -14.81            1.92
  2012.1836           -5.83            2.25
  2012.1863          -12.45            2.01
  2012.1891          -10.86            2.03
  2012.1918           -7.83            2.11
  2012.1946            2.75            2.21
  2012.1973           -9.47            2.19
  2012.2000          -17.81            2.01
  2012.2028          -11.93            2.04
  2012.2054          -20.08            1.92
  2012.2083          -22.56            1.64
  2012.2109          -12.17            1.75
  2012.2137          -13.85            1.68
  2012.2164          -17.09            1.68
  2012.2192          -10.56            3.47
  2012.2219          -13.85            1.71
  2012.2246          -22.40            1.61
  2012.2274          -17.12            1.60
  2012.2301          -11.05            1.64
  2012.2329          -16.72            1.63
  2012.2356          -18.00            1.66
  2012.2384           -7.82            1.68
  2012.2411          -11.08            1.71
  2012.2439           -8.32            1.65
  2012.2466           -7.75            1.70
  2012.2493          -15.33            1.84
  2012.2521          -14.16            1.66
  2012.2548          -12.17            1.64
  2012.2576           -1.70            1.74
  2012.2603          -23.10            1.78
  2012.2631          -24.90            3.73
  2012.2657            0.91            1.59
  2012.2684           -1.80            1.68
  2012.2712           -5.86            1.71
  2012.2739           -6.84            1.67
  2012.2767           -5.89            2.21
  2012.2794          -10.69            1.61
  2012.2822           -3.57            1.60
  2012.2849           11.58            2.75
  2012.3151          -12.69            3.79
  2012.3177          -16.56            1.58
  2012.3206          -16.19            1.54
  2012.3232          -13.89            1.51
  2012.3260          -13.21            1.53
  2012.3287          -11.49            1.53
  2012.3315          -19.14            1.58
  2012.3342           10.23            1.55
  2012.3370           10.82            2.23
  2012.3397           11.15            1.53
  2012.3424          -12.24            1.46
  2012.3452          -10.52            1.56
  2012.3479           -9.59            1.71
  2012.3507          -21.34            1.56
  2012.3534          -13.46            1.53
  2012.3562          -19.31            1.54
  2012.3589            0.78            1.60
  2012.3617          -15.26            1.70
  2012.3644          -16.39            1.54
  2012.3671           -7.65            1.63
  2012.3699          -14.56            1.54
  2012.3726            3.88            3.38
  2012.3754            3.51            1.62
  2012.3781          -12.80            1.60
  2012.3809           -2.99            1.63
  2012.3835          -18.32            1.64
  2012.3864          -13.02            1.59
  2012.3890          -20.92            1.55
  2012.3917           -7.35            1.63
  2012.3945           -8.08            1.62
  2012.3972           -7.77            1.57
  2012.4000          -12.25            1.53
  2012.4027          -13.24            1.67
  2012.4055            5.54            1.88
  2012.4110          -14.25            1.64
  2012.4137          -10.44            1.56
  2012.4164          -15.81            1.55
  2012.4192          -16.74            1.65
  2012.4219          -15.66            1.91
  2012.4247          -15.21            1.73
  2012.4274          -14.59            1.72
  2012.4302          -12.42            1.60
  2012.4329          -12.00            1.52
  2012.4357          -13.51            1.48
  2012.4384          -12.29            1.45
  2012.4410          -18.41            1.80
  2012.4438          -21.09            1.54
  2012.4465           -9.45            1.64
  2012.4493          -13.06            1.79
  2012.4520          -15.87            1.75
  2012.4548           -4.79            1.58
  2012.4575          -10.80            1.68
  2012.4603          -20.10            1.63
  2012.4630           -7.04            1.65
  2012.4657          -13.39            1.61
  2012.4685          -24.95            1.56
  2012.4712           -9.39            1.69
  2012.4740           -0.89            1.67
  2012.4767           10.86            4.57
  2012.4795           -7.82            1.63
  2012.4822          -10.15            1.64
  2012.4850          -10.26            1.57
  2012.4877           -1.74            1.63
  2012.4904          -18.02            1.68
  2012.4932          -20.76            1.69
  2012.4958          -12.79            1.77
  2012.4987           -2.98            1.72
  2012.5013          -29.01            1.74
  2012.5042          -17.66            1.76
  2012.5068          -10.04            1.63
  2012.5096          -22.80            1.71
  2012.5123          -21.49            1.66
  2012.5150          -20.99            1.65
  2012.5178          -13.72            1.62
  2012.5205          -18.33            1.68
  2012.5233          -23.58            1.72
  2012.5260          -19.60            1.78
  2012.5288          -16.16            1.66
  2012.5315          -14.94            1.60
  2012.5343          -21.41            1.75
  2012.5370          -21.72            2.00
  2012.5397          -13.02            1.85
  2012.5425          -19.95            1.63
  2012.5452          -16.63            1.53
  2012.5480          -10.01            1.59
  2012.5507           -8.62            1.68
  2012.5535          -16.21            1.66
  2012.5562          -30.04            1.75
  2012.5590           -5.19            1.57
  2012.5616          -30.67            1.58
  2012.5643          -22.55            1.61
  2012.5671          -12.28            1.57
  2012.5698          -18.86            1.56
  2012.5726           -7.95            1.64
  2012.5753          -18.93            1.62
  2012.5781          -11.51            1.57
  2012.5808          -21.09            1.56
  2012.5836          -17.88            1.59
  2012.5863          -23.94            1.72
  2012.5890          -21.33            1.63
  2012.5918          -22.84            1.51
  2012.5945          -19.07            1.59
  2012.5973          -17.49            2.35
  2012.6000          -21.64            1.55
  2012.6028          -12.09            1.64
  2012.6055           -9.23            1.73
  2012.6083            0.47            1.65
  2012.6110          -17.19            1.59
  2012.6136          -15.68            1.68
  2012.6165          -24.85            1.69
  2012.6191          -12.29            1.65
  2012.6219          -16.27            1.66
  2012.6246          -21.84            1.75
  2012.6274          -19.81            1.72
  2012.6301          -26.06            1.88
  2012.6329          -15.08            1.65
  2012.6356          -19.62            1.75
  2012.6383          -22.25            1.64
  2012.6411          -12.22            1.71
  2012.6438          -17.93            1.71
  2012.6466          -32.88            1.69
  2012.6493          -30.93            1.58
  2012.6521          -25.85            1.61
  2012.6548          -24.73            1.51
  2012.6576          -19.11            2.35
  2012.6603          -22.51            1.71
  2012.6630          -32.84            2.80
  2012.6658           -8.80            1.60
  2012.6685          -27.12            2.03
  2012.6713           -8.22            2.27
  2012.6740          -19.61            1.79
  2012.6768          -18.27            1.74
  2012.6794          -30.71            1.62
  2012.6823          -14.48            1.74
  2012.6849          -15.57            1.65
  2012.6876          -15.63            2.05
  2012.6904          -23.74            1.73
  2012.6931          -17.46            1.67
  2012.6959          -16.61            1.68
  2012.6986          -21.33            1.65
  2012.7014          -12.66            1.70
  2012.7041          -19.96            1.82
  2012.7069          -18.70            1.65
  2012.7096           -2.67            1.74
  2012.7123          -15.76            1.77
  2012.7151          -25.73            1.72
  2012.7178          -28.15            1.74
  2012.7206          -12.94            1.79
  2012.7233          -17.60            2.41
  2012.7261           -9.73            1.73
  2012.7288          -25.34            1.57
  2012.7316          -21.61            1.65
  2012.7343          -28.40            1.78
  2012.7369           -2.33            1.83
  2012.7397          -27.18            1.64
  2012.7424          -29.07            1.62
  2012.7452          -23.38            1.73
  2012.7479          -27.57            1.85
  2012.7507          -14.96            1.84
  2012.7534          -21.83            1.96
  2012.7561          -27.97            1.80
  2012.7589            0.50            2.37
  2012.7616           -5.66            1.87
  2012.7644          -24.79            3.50
  2013.0192           -9.53            2.82
  2013.0220          -20.76            1.64
  2013.0247          -19.89            1.74
  2013.0273          -20.07            1.64
  2013.0302          -15.54            1.73
  2013.0356          -21.65            1.72
  2013.0383          -27.21            1.70
  2013.0411          -32.75            1.81
  2013.0438          -33.70            1.85
  2013.0466          -24.77            1.99
  2013.0493          -30.02            1.72
  2013.0520          -18.53            1.66
  2013.0548          -14.04            1.61
  2013.0575          -22.47            1.69
  2013.0603          -21.02            1.77
  2013.0630          -18.22            1.83
  2013.0658          -29.91            1.84
  2013.0685          -19.70            1.70
  2013.0713          -17.86            1.60
  2013.0740          -16.55            1.64
  2013.0767          -21.60            1.70
  2013.0795          -26.18            1.67
  2013.0822          -22.28            1.65
  2013.0850          -23.55            1.77
  2013.0876          -21.20            1.83
  2013.0905          -22.26            1.80
  2013.0931          -23.77            1.65
  2013.0959          -24.92            1.70
  2013.0986          -14.44            1.65
  2013.1013          -30.61            1.95
  2013.1041          -28.49            1.71
  2013.1068          -25.88            1.71
  2013.1096          -27.83            1.77
  2013.1123          -10.31            1.85
  2013.1151          -11.79            1.83
  2013.1178           -9.51            1.77
  2013.1206          -12.39            1.74
  2013.1233            3.50            1.86
  2013.1260           10.01            1.76
  2013.1288           -4.45            1.89
  2013.1315          -17.73            1.82
  2013.1343          -26.48            1.59
  2013.1370          -28.10            1.59
  2013.1398          -20.75            1.69
  2013.1425          -22.89            1.78
  2013.1453          -23.70            1.64
  2013.1479          -20.40            1.71
  2013.1506          -20.97            1.64
  2013.1534          -23.50            1.57
  2013.1561          -18.20            1.59
  2013.1589          -17.48            1.57
  2013.1616          -20.80            1.66
  2013.1644          -19.36            1.62
  2013.1671          -28.39            1.69
  2013.1699          -19.76            1.55
  2013.1726          -17.28            1.58
  2013.1753          -10.62            1.76
  2013.1781          -14.98            1.73
  2013.1808           -3.48            1.66
  2013.1863           -0.79            1.87
  2013.1918          -18.11            1.79
  2013.2000          -17.05            1.55
  2013.2028          -17.96            1.52
  2013.2054          -18.36            1.70
  2013.2083          -20.16            1.65
  2013.2109          -16.13            1.55
  2013.2164            0.93            1.76
  2013.2192          -23.04            1.61
  2013.2219          -17.86            1.48
  2013.2246          -23.07            1.55
  2013.2274          -16.66            1.75
  2013.2301          -15.95            1.71
  2013.2329          -22.36            1.64
  2013.2356          -20.86            1.50
  2013.2384          -20.54            1.44
  2013.2411          -17.73            1.65
  2013.2439          -23.82            1.59
  2013.2466          -18.21            1.59
  2013.2493          -13.44            1.71
  2013.2548          -24.57            1.66
  2013.2576           -5.85            1.59
  2013.2603           -5.32            1.66
  2013.2631           -4.08            1.64
  2013.2657           -4.79            3.31
  2013.2684          -18.37            1.63
  2013.2712           -4.43            1.91
  2013.2794          -13.76            1.62
  2013.2822          -15.52            1.49
  2013.2849          -10.77            1.55
  2013.2877          -13.28            1.49
  2013.2904          -14.34            1.51
  2013.2931          -11.47            1.51
  2013.2959          -23.03            1.66
  2013.2986           -7.78            1.56
  2013.3014          -19.66            1.61
  2013.3041           -6.20            1.70
  2013.3069          -15.51            1.72
  2013.3096          -22.12            1.60
  2013.3124          -19.59            1.66
  2013.3151          -23.05            1.57
  2013.3177          -18.33            1.62
  2013.3206          -20.61            1.60
  2013.3232           -4.90            1.70
  2013.3260           -9.75            1.55
  2013.3287          -15.63            1.48
  2013.3315          -16.40            1.63
  2013.3342          -21.06            1.67
  2013.3370          -12.38            1.79
  2013.3397           -4.42            1.58
  2013.3424          -10.40            1.53
  2013.3452          -21.37            1.65
  2013.3479          -12.17            1.53
  2013.3562            7.10            1.74
  2013.3589           -9.99            1.51
  2013.3617          -10.08            2.88
  2013.3644          -10.10            1.46
  2013.3671          -27.19            1.48
  2013.3699          -15.12            1.40
  2013.3726          -16.78            1.41
  2013.3754          -17.76            1.46
  2013.3781          -19.51            1.55
  2013.3809          -21.26            2.38
  2013.3835           -9.68            1.50
  2013.3864           -9.38            1.44
  2013.3890          -20.69            1.44
  2013.3917            0.59            1.45
  2013.3945          -17.98            1.46
  2013.4000            4.39            1.54
  2013.4027          -17.35            1.61
  2013.4055          -12.93            1.66
  2013.4082          -25.73            1.48
  2013.4110            5.42            1.47
  2013.4137            2.61            1.71
  2013.4164           10.01            1.67
  2013.4192          -17.70            1.62
  2013.4219            4.44            1.52
  2013.4247          -27.58            1.67
  2013.4274           -8.37            1.65
  2013.4302            0.60            1.53
  2013.4329          -16.15            1.56
  2013.4357          -20.33            1.50
  2013.4384          -19.92            1.57
  2013.4410          -18.28            1.49
  2013.4438            5.59            1.55
  2013.4465           -0.64            1.60
  2013.4493          -16.20            1.60
  2013.4520          -16.06            1.55
  2013.4548          -15.02            1.67
  2013.4575          -18.37            1.61
  2013.4603          -12.12            1.51
  2013.4630          -18.94            1.62
  2013.4657          -12.77            1.49
  2013.4685          -23.04            1.50
  2013.4712           -3.15            1.67
  2013.4740          -15.29            1.42
  2013.4767          -18.41            1.46
  2013.4795          -14.26            1.42
  2013.4822          -19.93            1.44
  2013.4850          -11.79            1.50
  2013.4877          -20.07            1.71
  2013.4904          -11.73            1.58
  2013.4932          -15.40            1.53
  2013.4958          -21.96            1.42
  2013.4987           -4.47            1.40
  2013.5013          -30.56            1.48
  2013.5042          -45.71            1.53
  2013.5068          -20.13            1.53
  2013.5096          -20.27            1.48
  2013.5123          -22.17            1.42
  2013.5150          -21.71            1.38
  2013.5178          -21.83            1.40
  2013.5205          -25.30            1.52
  2013.5233          -21.02            1.46
  2013.5260          -25.80            1.44
  2013.5288          -13.65            1.38
  2013.5315          -20.69            1.49
  2013.5343          -25.21            1.44
  2013.5370           -5.53            1.46
  2013.5397           -3.42            1.39
  2013.5425          -27.93            1.49
  2013.5452          -25.56            1.45
  2013.5480          -26.00            1.41
  2013.5507          -29.75            1.47
  2013.5535          -25.61            1.38
  2013.5562          -20.51            1.36
  2013.5590          -22.28            1.37
  2013.5616          -24.38            1.32
  2013.5643          -12.78            1.53
  2013.5671          -23.65            1.51
  2013.5698          -28.53            1.39
  2013.5726          -22.93            1.35
  2013.5753          -23.22            1.38
  2013.5781          -21.28            1.42
  2013.5808          -28.42            1.38
  2013.5836          -21.10            1.34
  2013.5863          -21.56            1.38
  2013.5890          -25.89            1.43
  2013.5918          -21.29            1.55
  2013.5945          -16.44            1.48
  2013.5973          -19.31            1.50
  2013.6000          -25.18            1.55
  2013.6028          -26.50            1.46
  2013.6055          -16.01            1.38
  2013.6083           -6.04            1.46
  2013.6110          -20.95            1.47
  2013.6136          -23.90            1.53
  2013.6165          -30.76            1.46
  2013.6191           -8.63            1.38
  2013.6219          -26.03            1.45
  2013.6246          -22.94            1.44
  2013.6274          -13.62            1.35
  2013.6301          -15.42            1.42
  2013.6329          -31.62            1.47
  2013.6356          -21.06            1.43
  2013.6383          -35.69            1.46
  2013.6411          -38.82            1.36
  2013.6438          -30.94            1.38
  2013.6466          -29.31            1.45
  2013.6493          -26.16            1.44
  2013.6521          -19.02            1.40
  2013.6548           -7.36            1.43
  2013.6576           -5.26            1.43
  2013.6603            6.34            1.47
  2013.6630           -2.55            1.43
  2013.6658          -23.15            1.51
  2013.6685           -6.34            1.48
  2013.6713          -35.65            1.49
  2013.6740          -30.42            1.50
  2013.6768          -23.20            1.81
  2013.6794           -8.78            1.64
  2013.6823          -22.87            1.67
  2013.6849          -23.92            1.68
  2013.6876          -19.11            1.70
  2013.6904          -29.56            1.63
  2013.6931          -23.84            1.65
  2013.6959          -24.17            1.58
  2013.6986          -30.16            1.65
  2013.7014          -32.49            1.55
  2013.7041          -30.25            1.60
  2013.7069          -30.74            1.63
  2013.7096          -28.25            1.56
  2013.7123          -23.86            1.58
  2013.7151          -33.85            1.56
  2013.7178          -18.62            1.65
  2013.7206          -17.16            1.62
  2013.7233          -32.24            1.71
  2013.7261          -33.11            1.65
  2013.7288          -30.67            1.69
  2013.7316          -26.85            1.51
  2013.7343          -20.60            1.55
  2013.7369          -28.72            1.74
  2013.7397          -31.52            1.66
  2013.7424          -36.09            1.63
  2013.7561          -23.40            1.54
  2013.7589          -21.59            1.60
  2013.7616          -27.24            1.74
  2013.7644          -25.42            1.60
  2013.7671          -24.76            1.84
  2013.7699          -13.86            1.70
  2013.7726          -10.88            1.63
  2013.7754           -9.44            1.75
  2013.7781          -18.30            1.86
  2013.7808          -26.65            1.77
  2013.7836          -19.20            1.74
  2013.7863           -5.83            1.78
  2013.7891           -8.36            1.67
  2013.7917          -20.81            1.73
  2013.7946          -25.78            1.59
  2013.7972          -14.10            1.67
  2013.8000          -20.74            1.76
  2013.8027           -9.55            1.89
  2013.8054          -24.07            1.80
  2013.8082          -16.00            1.75
  2013.8109          -20.25            1.62
  2013.8137          -22.36            1.95
  2013.8164          -20.18            1.70
  2013.8192          -20.54            1.57
  2013.8219          -10.17            1.62
  2013.8247          -15.72            1.55
  2013.8274          -20.09            1.81
  2013.8301          -17.48            1.65
  2013.8329          -16.47            1.69
  2013.8356          -19.97            1.70
  2013.8384          -16.32            1.56
  2013.8411          -14.90            1.50
  2013.8439          -18.04            1.48
  2013.8466          -14.20            1.49
  2013.8494          -13.92            1.74
  2013.8521           -8.32            1.63
  2013.8547          -12.09            1.90
  2013.8575          -28.03            1.66
  2013.8602          -15.71            1.86
  2013.8630          -11.31            1.72
  2013.8657           -6.00            1.68
  2013.8685          -10.87            1.66
  2013.8712          -20.69            1.77
  2013.8740          -10.35            1.71
  2013.8767          -22.21            1.56
  2013.8794          -11.34            1.58
  2013.8822          -22.65            1.67
  2013.8849          -11.03            1.61
  2013.8877          -18.46            1.71
  2013.8904          -22.09            1.66
  2013.8932          -13.36            1.68
  2013.8959          -24.26            1.71
  2013.8987           -3.97            1.73
  2013.9014          -23.10            1.69
  2013.9041          -23.23            1.58
  2013.9069          -22.54            3.41
  2013.9095          -21.61            3.20
  2013.9124           -5.94            1.59
  2013.9150          -13.29            1.61
  2013.9178          -14.05            1.61
  2013.9205           -5.01            1.76
  2013.9233          -28.04            1.94
  2013.9260          -29.62            1.60
  2013.9287          -22.34            1.67
  2013.9315          -16.52            1.67
  2013.9342          -19.18            1.68
  2013.9370          -19.23            1.81
  2013.9397          -14.41            1.74
  2013.9425           -8.53            1.68
  2013.9452          -10.89            1.80
  2013.9480          -23.70            1.71
  2013.9507          -17.00            1.70
  2013.9534          -19.89            1.78
  2013.9562          -27.51            1.64
  2013.9589          -17.54            1.82
  2013.9617           -3.22            1.69
  2013.9644          -23.90            1.74
  2013.9672          -25.51            1.66
  2013.9698          -28.77            1.68
  2013.9727          -23.57            1.72
  2013.9753          -25.02            1.67
  2013.9780           -9.80            1.69
  2013.9808          -17.31            1.64
  2013.9835            4.58            1.77
  2013.9863           -2.35            1.81
  2013.9890          -22.90            1.90
  2013.9918           -8.99            1.68
  2013.9945           17.32            1.85
  2013.9973          -24.78            1.74
  2014.0000            1.59            1.84
  2014.0027            5.64            1.85
  2014.0055          -18.77            1.99
  2014.0082          -18.53            1.73
  2014.0110          -20.54            1.75
  2014.0137          -15.09            1.73
  2014.0165            9.62            1.79
  2014.0192          -23.63            1.81
  2014.0220            7.77            1.80
  2014.0247           -2.16            1.84
  2014.0273          -18.34            1.84
  2014.0302          -15.10            1.78
  2014.0328          -20.10            1.84
  2014.0356          -12.15            1.72
  2014.0383          -10.45            1.98
  2014.0411          -17.38            1.79
  2014.0438          -20.72            1.88
  2014.0466          -22.27            1.88
  2014.0493          -19.93            1.77
  2014.0548          -20.52            1.81
  2014.0575            7.70            1.90
  2014.0603           -6.34            1.77
  2014.0630          -22.44            2.02
  2014.0658          -19.84            1.87
  2014.0685          -10.77            1.80
  2014.0713           -6.51            1.73
  2014.0740          -33.70            1.79
  2014.0767           -8.78            2.02
  2014.0795          -10.93            1.91
  2014.0822           23.81            2.00
  2014.0850          -11.34            1.98
  2014.0876           -7.05            2.02
  2014.0905          -14.79            1.83
  2014.0931          -20.20            2.01
  2014.0959           -4.83            1.94
  2014.0986            7.89            2.07
  2014.1013           -3.66            1.87
  2014.1041          -19.08            1.95
  2014.1068           12.88            1.86
  2014.1096          -16.85            1.91
  2014.1123          -18.31            1.87
  2014.1151          -23.85            2.71
  2014.1178          -18.62            1.89
  2014.1206          -16.99            1.87
  2014.1233            6.54            2.04
  2014.1260          -24.48            1.87
  2014.1288          -17.27            1.87
  2014.1315          -10.62            1.95
  2014.1343          -16.64            1.89
  2014.1370          -15.08            2.06
  2014.1398           -9.09            1.99
  2014.1425          -28.99            1.96
  2014.1453          -12.13            1.93
  2014.1479          -15.70            1.79
  2014.1506          -12.85            1.69
  2014.1534          -13.42            1.70
  2014.1561          -13.41            1.72
  2014.1589          -14.12            1.77
  2014.1616          -14.71            1.60
  2014.1644          -14.64            1.71
  2014.1671          -13.74            1.67
  2014.1699          -16.70            2.14
  2014.1726            8.33            2.04
  2014.1753          -17.44            1.77
  2014.1781           -9.72            1.83
  2014.1808           -6.05            1.77
  2014.1836            2.51            2.15
  2014.1863          -17.24            1.88
  2014.1891           -5.27            1.77
  2014.1918          -13.74            1.74
  2014.1946           -0.92            1.73
  2014.1973           -5.73            1.93
  2014.2000            4.53            1.89
  2014.2028           -6.73            1.81
  2014.2054          -11.27            1.86
  2014.2083           -9.19            1.72
  2014.2109          -10.57            1.75
  2014.2137           -7.81            1.80
  2014.2164           -4.28            1.97
  2014.2192          -12.65            1.67
  2014.2219           -3.90            1.75
  2014.2246          -10.72            1.61
  2014.2274           -5.89            1.71
  2014.2301          -15.89            1.74
  2014.2329           -7.28            1.69
  2014.2356          -10.71            1.74
  2014.2384           18.50            1.73
  2014.2411           11.63            1.77
  2014.2439           -5.78            2.18
  2014.2466           22.99            1.88
  2014.2493          -18.50            1.58
  2014.2521           -3.91            1.80
  2014.2548          -23.84            1.91
  2014.2576          -15.76            1.82
  2014.2603           -9.19            1.94
  2014.2631          -14.39            1.85
  2014.2657          -18.73            1.96
  2014.2684           -8.72            2.04
  2014.2712            6.69            1.93
  2014.2739           -0.10            1.97
  2014.2767          -11.59            1.91
  2014.2794          -17.69            1.61
  2014.2822           -6.66            1.74
  2014.2849          -15.58            1.74
  2014.2877           18.02            1.82
  2014.3096          -10.29            1.71
  2014.3124           -6.35            1.76
  2014.3151           -6.48            1.70
  2014.3177           -6.92            1.74
  2014.3206            6.57            1.75
  2014.3232           -8.57            1.65
  2014.3260           -4.02            1.74
  2014.3287            6.36            1.84
  2014.3315          -10.70            1.74
  2014.3342           -5.18            1.47
  2014.3370          -10.49            1.52
  2014.3397          -21.33            1.55
  2014.3424          -13.35            1.51
  2014.3452          -18.10            1.47
  2014.3479          -13.41            1.38
  2014.3507          -19.37            1.43
  2014.3534          -13.64            1.44
  2014.3562          -16.99            1.48
  2014.3589          -12.30            1.44
  2014.3617            2.09            1.46
  2014.3644           -7.92            1.43
  2014.3671          -15.73            1.58
  2014.3699          -11.19            1.45
  2014.3726           -7.98            1.48
  2014.3754          -13.68            1.46
  2014.3781          -17.88            1.46
  2014.3809          -15.42            1.34
  2014.3835          -14.71            1.39
  2014.3864          -10.39            1.56
  2014.3890          -12.10            1.49
  2014.3917          -11.63            1.45
  2014.3945          -14.32            1.43
  2014.3972           -5.55            1.40
  2014.4000            5.89            1.39
  2014.4027          -11.34            1.33
  2014.4055           -4.93            1.48
  2014.4082          -15.64            1.53
  2014.4110           -6.16            1.46
  2014.4137          -10.71            1.54
  2014.4164            1.60            1.70
  2014.4192            0.05            1.57
  2014.4219          -22.72            1.52
  2014.4247          -18.11            1.69
  2014.4274          -17.38            1.61
  2014.4302           -8.30            1.61
  2014.4329          -16.68            1.50
  2014.4357          -21.18            1.48
  2014.4384            7.58            1.45
  2014.4410            4.87            1.60
  2014.4438            6.74            1.82
  2014.4465          -17.89            1.76
  2014.4493          -15.38            1.72
  2014.4520          -25.42            1.83
  2014.4548           -2.58            1.71
  2014.4575          -17.69            1.52
