  2009.1506            0.00            1.52
  2009.1534            3.09            1.52
  2009.1561           -0.94            1.57
  2009.1589            3.83            1.55
  2009.1616            0.44            1.58
  2009.1644           -5.19            2.82
  2009.1671           -1.90            1.62
  2009.1699           -1.07            1.57
  2009.1726           -0.04            1.56
  2009.1753           -1.10            1.48
  2009.1781          -17.95            3.21
  2009.1808            3.06            1.55
  2009.1836           -0.58            1.53
  2009.1863            0.75            1.53
  2009.1891            0.00            1.52
  2009.1918            5.02            5.58
  2009.1946            6.61            5.17
  2009.1973           -8.49            1.55
  2009.2000           -9.32            1.52
  2009.2028           -5.46            1.48
  2009.2054           -6.48            1.71
  2009.2083           -1.18            1.48
  2009.2109            8.69            1.57
  2009.2137           -1.62            6.92
  2009.2164           -3.67            1.49
  2009.2192           -4.56            1.47
  2009.2219           -7.55            1.57
  2009.2246           -3.64            1.67
  2009.2274           -4.78            1.64
  2009.2301           -5.72            1.51
  2009.2329           -1.14            2.18
  2009.2356            4.28            1.49
  2009.2384           -5.30            1.54
  2009.2411           -7.00            1.50
  2009.2439          -11.74            1.47
  2009.2466           -5.48            1.48
  2009.2493           -0.47            1.46
  2009.2521            0.66            1.56
  2009.2548           -1.39            1.64
  2009.2576            0.58            1.52
  2009.2603           -5.41            2.80
  2009.2631           -7.55            1.46
  2009.2657           -6.62            1.48
  2009.2684           -7.72            1.55
  2009.2712           -9.67            1.46
  2009.2739           -4.43            1.46
  2009.2767           -9.78            1.41
  2009.2794           -7.17            1.51
  2009.2822          -15.41            1.44
  2009.2849          -12.68            1.43
  2009.2877          -11.44            1.46
  2009.2904           -9.55            1.52
  2009.2931          -11.17            1.45
  2009.2959          -10.18            1.41
  2009.2986          -11.91            1.42
  2009.3014          -14.37            1.44
  2009.3069           -5.99            1.52
  2009.3096          -12.37            1.49
  2009.3124           -7.91            1.52
  2009.3177           -8.82            1.45
  2009.3206          -12.13            1.58
  2009.3232           -8.67            1.51
  2009.3315            1.64            1.49
  2009.3370           -4.64            1.51
  2009.3397           -3.57            1.61
  2009.3424           -2.44            1.48
  2009.3479           -6.53            1.44
  2009.3507           -9.76            1.45
  2009.3534           -8.83            1.46
  2009.3562           -9.74            1.47
  2009.3589          -17.79            1.48
  2009.3617          -10.18            1.52
  2009.3671          -22.32            1.47
  2009.3699           -6.38            1.53
  2009.3726          -14.86            1.50
  2009.3781           -8.74            1.45
  2009.3809          -31.07            7.79
  2009.3864          -13.52            1.44
  2009.3890          -11.69            1.47
  2009.3917          -25.72            1.44
  2009.3972          -18.68            1.53
  2009.4000           -8.49            1.46
  2009.4027          -16.30            1.42
  2009.4082          -10.72            1.45
  2009.4110          -34.62            1.48
  2009.4164           -9.52            1.61
  2009.4192           -6.47            1.43
  2009.4219          -77.39            6.38
  2009.4274          -16.40            1.39
  2009.4302          -15.98            1.41
  2009.4329          -14.00            1.43
  2009.4384          -16.02            1.49
  2009.4410          -12.50            1.42
  2009.4465          -10.64            1.39
  2009.4493           -2.50            1.43
  2009.4520           -5.75            1.48
  2009.4575           -5.39            1.44
  2009.4603          -10.71            1.58
  2009.4630           -9.62            1.48
  2009.4657          -17.44            1.44
  2009.4685           -9.36            1.43
  2009.4712          -17.51            1.44
  2009.4767          -15.08            1.42
  2009.4795           -6.10            1.45
  2009.4822          -11.94            1.49
  2009.4877           -9.42            1.47
  2009.4904           -7.89            1.74
  2009.4958           -8.74            1.49
  2009.4987          -12.68            2.66
  2009.5013           -6.98            1.36
  2009.5068          -14.73            1.48
  2009.5096          -11.04            1.48
  2009.5123          -11.71            1.45
  2009.5178          -14.28            1.38
  2009.5205           -9.31            1.38
  2009.5260           -0.79            1.39
  2009.5288          -12.49            1.45
  2009.5315          -12.61            1.39
  2009.5370          -11.10            1.38
  2009.5397           -6.81            1.34
  2009.5425           -8.13            1.35
  2009.5507         -153.27            7.56
  2009.5535          -12.60           10.91
  2009.5590          -29.80            3.01
  2009.5616          -14.10            1.37
  2009.5643          -17.53            1.41
  2009.5698          -20.82            1.42
  2009.5726          -26.88            2.86
  2009.5753          -74.19           46.65
  2009.5781          -19.40            1.50
  2009.5808          -19.53            1.89
  2009.5836          -33.80            1.73
  2009.5863          -55.29            4.19
  2009.5890          -31.76            1.75
  2009.5918           -9.47            1.46
  2009.5945          -24.56            7.34
  2009.5973          -12.99            1.35
  2009.6000          -15.85            1.33
  2009.6028           -9.79            1.39
  2009.6083          -27.46            1.72
  2009.6110           -3.67            1.47
  2009.6136            0.35            3.09
  2009.6165          -18.52            1.57
  2009.6191          -11.71            1.39
  2009.6219          -15.33            1.49
  2009.6246          -32.11            8.94
  2009.6274          -12.33            1.66
  2009.6301          -14.94            1.42
  2009.6329          -15.20            6.77
  2009.6356           30.80            3.66
  2009.6383           14.40            3.24
  2009.6411          -12.82            1.46
  2009.6438          -50.46            5.72
  2009.6466           -3.37            1.42
  2009.6493          -28.90            1.42
  2009.6521          -56.18            7.03
  2009.6548          -41.09            1.75
  2009.6576           -9.44            1.37
  2009.6603          -34.28            1.36
  2009.6630          -24.29           20.62
  2009.6823           10.81            4.09
  2009.6849          -22.74            3.05
  2009.6876          -14.80            1.39
  2009.6904            9.47            2.97
  2009.6931            6.44            7.58
  2009.6959          -24.48            1.37
  2009.6986          -37.90            1.34
  2009.7014          -24.57            8.67
  2009.7041          -27.38            2.57
  2009.7069          -12.19            1.35
  2009.7096           21.45            6.69
  2009.7123          -36.72            2.98
  2009.7151          -17.55            1.43
  2009.7178          -17.96            1.36
  2009.7206           -5.36            3.20
  2009.7233          -18.54            1.50
  2009.7261          -16.06            1.36
  2009.7288           -8.89            2.85
  2009.7316          -19.17            1.60
  2009.7343          -22.73            1.36
  2009.7369          -23.41            1.43
  2009.7397           -7.95            3.19
  2009.7424          -15.72            1.60
  2009.7452          -18.11            1.38
  2009.7507          -27.92            1.71
  2009.7534          -14.38            1.42
  2009.7561          -21.40            1.38
  2009.7589          -13.48            4.72
  2009.7616          -19.09            1.72
  2009.7644          -20.10            1.41
  2009.7671          -15.16            1.37
  2009.7699         -329.41           26.22
  2009.7726          -21.01            1.44
  2009.7754          -29.39            1.60
  2009.7781          -20.77            3.75
  2009.7808          -10.27            1.57
  2009.7836          -27.50            1.42
  2009.7891          -21.96            1.71
  2009.7917          -20.53            1.47
  2009.7946          -21.36            1.48
  2009.8164          -16.37            3.09
  2009.8192          -12.24            1.56
  2009.8219          -15.92            1.81
  2009.8247          -27.50           60.07
  2009.8274          -25.69            1.87
  2009.8329          -18.77            1.61
  2009.8356          -28.31            3.49
  2009.8439           -1.93            9.81
  2009.8466          -13.53            1.75
  2009.8521          -24.98            1.76
  2009.8547           -6.55            5.05
  2009.8575          -20.46            1.72
  2009.8657          -20.17            1.89
  2009.8685          -26.25            1.94
  2009.8740          -83.05            5.77
  2009.8767          -51.71            4.93
  2009.8822          -14.34            2.06
  2009.8849          -20.27            2.04
  2009.8877          -17.07            1.85
  2009.8932          -34.09           17.19
  2009.8959          -30.62            1.92
  2009.8987          -23.32            1.65
  2009.9041          -28.00            1.99
  2009.9069          -35.55            3.66
  2009.9124          -11.54            9.92
  2009.9150          -15.12            1.78
  2009.9178          -18.27            1.57
  2009.9233          -19.82            1.71
  2009.9260          -30.55            1.52
  2009.9287          -27.60            1.60
  2009.9342          -31.36            1.73
  2009.9370          -18.75            1.47
  2009.9425          -24.46            1.80
  2009.9452          -22.94            1.90
  2009.9480          -30.58            1.56
  2009.9534          -30.62            1.89
  2009.9562          -13.33            1.57
  2009.9617          -21.34            1.95
  2009.9644          -15.38            1.64
  2009.9672          -21.94            1.85
  2009.9753          -32.11            1.95
  2009.9780          -41.81            4.10
  2009.9835          -21.31            1.71
  2009.9863          -16.38            1.79
  2009.9918          -17.64            1.67
  2009.9945          -18.43            1.82
  2009.9973          -16.07            4.18
  2010.0027          -36.08            1.61
  2010.0055          -47.45            1.69
  2010.0110          -42.80            1.81
  2010.0137          -24.25            1.85
  2010.0165          -43.97            4.78
  2010.0192          -17.53            1.75
  2010.0220          -17.65            1.71
  2010.0247          -19.49            1.71
  2010.0273          -36.28            5.23
  2010.0302          -11.55            1.99
  2010.0328          -16.79            1.76
  2010.0356          -31.76            9.96
  2010.0383          -28.89            1.91
  2010.0411          -20.89            1.73
  2010.0438          -20.13            1.71
  2010.0466           10.83            4.96
  2010.0493          -21.38            1.66
  2010.0520          -12.38            1.60
  2010.0548          -86.15            4.22
  2010.0575          -43.18            1.98
  2010.0603          -19.55            1.62
  2010.0630          -21.18            1.63
  2010.0658          -61.20           12.50
  2010.0685          -21.56            1.67
  2010.0713          -18.15            1.77
  2010.0740          -38.56            3.94
  2010.0767          -40.46            2.07
  2010.0795          -21.08            1.73
  2010.0822          -23.08            1.68
  2010.0850          -42.27            4.55
  2010.0876          -26.91            1.93
  2010.0905          -17.62            1.71
  2010.0931          -43.73            4.50
  2010.0959          -21.25            1.88
  2010.0986          -21.45            1.77
  2010.1013          -41.99            1.81
  2010.1041          -48.02            6.18
  2010.1068          -26.91            2.02
  2010.1096          -25.39            1.96
  2010.1123          -66.35            5.28
  2010.1151          -26.93            3.40
  2010.1178          -36.69            1.73
  2010.1206          -28.64            1.66
  2010.1233          -29.02            1.54
  2010.1260          -22.74            1.75
  2010.1288          -26.53            1.80
  2010.1315          -27.13            1.83
  2010.1343          -20.33            1.88
  2010.1370          -24.95            1.88
  2010.1398          -27.72            1.62
  2010.1425          -25.68            1.61
  2010.1453          -24.87            1.83
  2010.1479          -33.21            1.70
  2010.1506          -36.26            1.72
  2010.1534          -25.79            1.69
  2010.1561          -30.42            1.57
  2010.1616          -22.23            1.60
  2010.1644          -26.91            1.53
  2010.1671          -32.73            1.62
  2010.1699          -34.71            1.68
  2010.1726          -32.36            1.57
  2010.1753          -33.09            1.61
  2010.1781          -26.35            1.54
  2010.1808          -37.53            1.67
  2010.1836          -26.82            1.62
  2010.1863          -27.36            1.60
  2010.1891          -21.26            1.68
  2010.1918          -24.28            1.66
  2010.1946          -17.34            1.75
  2010.1973          -24.58            1.69
  2010.2000          -29.91            1.51
  2010.2028          -28.15            1.56
  2010.2054          -28.37            1.54
  2010.2083          -33.13            1.82
  2010.2109          -38.44            1.75
  2010.2137          -31.29            1.52
  2010.2164          -29.75            1.72
  2010.2192          -22.64            1.72
  2010.2219          -25.60            1.55
  2010.2246          -16.16            1.52
  2010.2274          -37.15            1.77
  2010.2301          -34.45            1.70
  2010.2329          -35.60            1.69
  2010.2356          -36.87            1.82
  2010.2384          -38.36            1.83
  2010.2411          -37.60            1.72
  2010.2439          -47.06            1.80
  2010.2466          -46.68            1.92
  2010.2493          -13.21            1.57
  2010.2521          -37.74            1.81
  2010.2548          -30.21            1.60
  2010.2576          -43.04            1.20
  2010.2603          -36.56            1.74
  2010.2631          -43.23            1.77
  2010.2657          -37.03            1.76
  2010.2684          -35.94            1.69
  2010.2712          -28.45            1.73
  2010.2739          -37.35            1.69
  2010.2767          -32.25            1.62
  2010.2794          -34.61            1.67
  2010.2822          -34.49            1.72
  2010.2849          -38.63            1.56
  2010.2877          -34.08            1.60
  2010.2904          -32.71            1.70
  2010.2931          -39.64            1.66
  2010.2959          -32.31            1.66
  2010.2986          -33.07            1.70
  2010.3014          -38.02            1.66
  2010.3069          -47.98            1.64
  2010.3096          -38.82            1.59
  2010.3124          -41.08            1.54
  2010.3151          -45.48            1.67
  2010.3177          -34.06            1.56
  2010.3206          -32.27            1.65
  2010.3232          -24.36            1.45
  2010.3260          -33.93            1.44
  2010.3287          -31.82            1.54
  2010.3315          -35.79            1.51
  2010.3424          -33.96            1.63
  2010.3452          -36.48            1.53
  2010.3479          -22.64            1.49
  2010.3507          -30.05            1.47
  2010.3534          -25.52            1.44
  2010.3562          -34.59            1.48
  2010.3589          -42.05            1.50
  2010.3617          -38.84            2.45
  2010.3644          -45.83            1.61
  2010.3671          -45.92            1.80
  2010.3699          -42.16            1.59
  2010.3726          -38.69            1.60
  2010.3754          -41.20            1.59
  2010.3781          -42.73            1.57
  2010.3809          -31.67            1.39
  2010.3835          -46.99            1.54
  2010.3864          -46.27            1.57
  2010.3890          -39.82            1.68
  2010.3917          -54.05            1.64
  2010.3945          -49.61            1.63
  2010.3972          -52.45            1.66
  2010.4000          -44.63            1.55
  2010.4027          -39.47            1.56
  2010.4055          -44.28            1.62
  2010.4082          -47.74            1.61
  2010.4110          -42.22            3.21
  2010.4137          -51.99            1.56
  2010.4164          -35.81            1.40
  2010.4192          -30.23            1.41
  2010.4219          -34.36            1.38
  2010.4247          -31.11            1.59
  2010.4274          -32.76            1.47
  2010.4302          -44.41            1.50
  2010.4329          -39.58            1.50
  2010.4357          -36.73            2.21
  2010.4384          -32.02            1.38
  2010.4410          -29.94            1.38
  2010.4438          -35.45            1.56
  2010.4465          -31.64            1.41
  2010.4520          -55.04            3.91
  2010.4548          -40.07            3.31
  2010.4575          -32.73            1.42
  2010.4603          -50.88            3.92
  2010.4630          -53.67            3.84
  2010.4657          -39.05            1.59
  2010.4685          -44.22            1.37
  2010.4712          -33.99            1.44
  2010.4740          -40.69            1.43
  2010.4767          -28.50            1.52
  2010.4795          -32.19            1.51
  2010.4822          -44.55            1.57
  2010.4850          -44.36            1.54
  2010.4877          -39.79            1.59
  2010.4904          -31.57            1.58
  2010.4932          -40.97            1.55
  2010.4958          -42.48            1.51
  2010.4987          -36.96            1.53
  2010.5013          -32.31            1.35
  2010.5042          -40.57            1.42
  2010.5068          -42.05            1.46
  2010.5096          -34.54            1.42
  2010.5123          -34.48            1.70
  2010.5150          -15.14            7.11
  2010.5178          -35.40            1.66
  2010.5205          -56.43            2.25
  2010.5233          -34.83            1.58
  2010.5260          -48.07            1.70
  2010.5288          -48.66            1.66
  2010.5315          -44.73            1.49
  2010.5343          -40.07            1.47
  2010.5370          -44.22            1.54
  2010.5397          -40.56            1.56
  2010.5425          -40.67            1.55
  2010.5452          -39.51            1.47
  2010.5480          -47.76            3.68
  2010.5507          -49.45            1.58
  2010.5535          -43.72            1.57
  2010.5562          -45.05            1.61
  2010.5590          -43.67            1.77
  2010.5616          -51.59            1.85
  2010.5643          -45.88            3.60
  2010.5671          -52.02            1.57
  2010.5698          -42.91            5.60
  2010.5726          -49.99            1.70
  2010.5753          -54.60            1.76
  2010.5781          -45.90            1.87
  2010.5808          -47.88            1.69
  2010.5836          -43.91            1.44
  2010.5863          -45.79            1.49
  2010.5890          -41.60            1.58
  2010.5918          -45.46            1.53
  2010.5945          -45.82            3.40
  2010.5973          -46.78            1.63
  2010.6000          -51.67            1.63
  2010.6028          -49.40            1.62
  2010.6055          -20.89            4.42
  2010.6083          -45.47            1.60
  2010.6110          -47.43            1.70
  2010.6136          -47.29            1.58
  2010.6165          -46.62            1.48
  2010.6191          -46.89            1.57
  2010.6219          -44.47            1.53
  2010.6246          -41.82            1.70
  2010.6274          -42.13            1.76
  2010.6301          -50.74            1.58
  2010.6329          -51.54            1.62
  2010.6356          -39.12            1.62
  2010.6383          -44.33            1.78
  2010.6411          -37.58            1.61
  2010.6438          -35.68            1.63
  2010.6466          -40.10            3.01
  2010.6493          -41.18            1.62
  2010.6521          -10.15            4.26
  2010.6548          -47.33            1.81
  2010.6576          -40.37            1.48
  2010.6603          -39.41            1.35
  2010.6630          -39.17            1.46
  2010.6658          -41.75            1.40
  2010.6685          -40.62            1.42
  2010.6713          -38.20            1.45
  2010.6740          -47.89            5.44
  2010.6768          -36.30            1.46
  2010.6794          -37.45            1.35
  2010.6823          -46.53            1.36
  2010.6849          -50.12            1.35
  2010.6876          -49.27            1.38
  2010.6904          -35.62            1.38
  2010.6931          -36.85            1.38
  2010.6959          -23.67            1.44
  2010.6986          -34.16            1.40
  2010.7014          -75.52            3.04
  2010.7041          -34.50            1.41
  2010.7069          -36.95            1.55
  2010.7096          -36.15            1.40
  2010.7123          -40.05            1.36
  2010.7151          -40.44            1.44
  2010.7178          -35.72            1.40
  2010.7206          -38.15            1.38
  2010.7233          -44.59            1.62
  2010.7261          -39.82            1.37
  2010.7288          -37.60            1.32
  2010.7316          -40.36            1.32
  2010.7343          -36.03            1.36
  2010.7369          -32.44            1.49
  2010.7397          -42.58            1.45
  2010.7424          -48.17            1.55
  2010.7452          -40.22            1.35
  2010.7479          -42.77            3.26
  2010.7507          -40.03            1.43
  2010.7534          -36.34            1.37
  2010.7561          -32.13            3.34
  2010.7589          -36.15            1.38
  2010.7616          -39.06            1.38
  2010.7644          -34.30            1.39
  2010.7671          -38.75            1.35
  2010.7699          -36.48            1.35
  2010.7726          -35.27            1.35
  2010.7754          -35.07            1.36
  2010.7781          -39.45            1.35
  2010.7808          -44.73            3.57
  2010.7836          -44.03            1.43
  2010.7863          -38.77            4.05
  2010.7891          -44.42            3.09
  2010.7917          -39.01            1.34
  2010.7946          -39.72            1.37
  2010.7972          -36.17            1.39
  2010.8000          -38.61            1.38
  2010.8054          -40.10            1.40
  2010.8082          -52.21            1.69
  2010.8109          -43.13            1.69
  2010.8137          -38.07            3.13
  2010.8164          -40.87            1.51
  2010.8192          -50.91            3.21
  2010.8219          -51.66            1.49
  2010.8247          -52.17            1.74
  2010.8274          -36.51            3.36
  2010.8301          -56.52            1.54
  2010.8329          -51.54            1.72
  2010.8356          -41.88            1.54
  2010.8384          -42.24            2.35
  2010.8411          -42.31            1.56
  2010.8439          -40.16            1.40
  2010.8466          -48.99            1.55
  2010.8494          -54.06            1.59
  2010.8521          -42.56            1.71
  2010.8547          -47.17            1.59
  2010.8575          -41.42            1.51
  2010.8602          -44.49            1.60
  2010.8630          -36.07            3.31
  2010.8657          -49.50            1.48
  2010.8685          -44.67            1.66
  2010.8712          -44.56            1.53
  2010.8740          -45.20            1.55
  2010.8767          -45.30            1.57
  2010.8794          -45.24            1.56
  2010.8822          -69.90            3.02
  2010.8849          -41.64            1.60
  2010.8877          -38.35            1.64
  2010.8904          -47.42            1.62
  2010.8932          -43.88            1.58
  2010.8959          -40.81            1.58
  2010.8987          -42.44            1.55
  2010.9014          -44.18            1.53
  2010.9041          -62.70            3.26
  2010.9069          -45.86            1.52
  2010.9095          -38.13            1.47
  2010.9124          -36.61            1.48
  2010.9150          -41.41            1.52
  2010.9178          -38.63            1.49
  2010.9205          -40.81            1.41
  2010.9233          -40.70            1.43
  2010.9260          -38.42            1.38
  2010.9287          -31.58            1.38
  2010.9315          -39.18            1.45
  2010.9342          -41.16            1.49
  2010.9370          -39.03            1.41
  2010.9397          -41.17            3.01
  2010.9425          -43.25            1.49
  2010.9452          -42.33            1.47
  2010.9480          -41.43            1.46
  2010.9507          -49.33            3.15
  2010.9562          -44.89            1.43
  2010.9589          -43.63            1.47
  2010.9644          -42.76            1.40
  2011.0027          -44.36            1.75
  2011.0055          -54.59            1.73
  2011.0082          -54.29            1.76
  2011.0110          -50.18            1.74
  2011.0137          -54.65            1.69
  2011.0165          -57.54            1.69
  2011.0192          -61.23            1.71
  2011.0220          -50.39            1.79
  2011.0247          -55.56            1.75
  2011.0273          -48.28            3.89
  2011.0302          -44.98            1.73
  2011.0328          -49.37            1.80
  2011.0356          -47.63            1.89
  2011.0383          -44.46            1.64
  2011.0411          -44.65            1.89
  2011.0438          -51.78            1.85
  2011.0466          -49.70            1.73
  2011.0493          -59.52            1.96
  2011.0520          -53.20            4.34
  2011.0548          -51.29            1.87
  2011.0575          -57.12            1.81
  2011.0603          -49.60            2.07
  2011.0630          -57.15            1.85
  2011.0658          -55.78            1.86
  2011.0685          -62.86            1.89
  2011.0713          -66.53            1.85
  2011.0740          -64.05            4.23
  2011.0767          -65.89            1.85
  2011.0795          -63.71            1.87
  2011.0822          -63.96            1.90
  2011.0850          -74.31            5.09
  2011.0876          -65.18            1.79
  2011.0905          -59.79            1.83
  2011.0931          -52.39            1.72
  2011.0959          -60.63            1.82
  2011.0986          -81.94            5.00
  2011.1013          -57.04            1.84
  2011.1041          -60.80            1.81
  2011.1068          -52.85            1.99
  2011.1096          -60.69            1.88
  2011.1123          -54.46            2.00
  2011.1151          -56.47            1.96
  2011.1178          -61.63            2.06
  2011.1206          -62.77            2.08
  2011.1233          -68.96            3.68
  2011.1260          -69.48            2.05
  2011.1288          -67.97            1.91
  2011.1315          -62.79            1.94
  2011.1343          -63.01            1.95
  2011.1370          -63.09            1.93
  2011.1398          -60.95            1.88
  2011.1425          -56.78            1.92
  2011.1453          -57.85            1.91
  2011.1479          -59.64            2.00
  2011.1506          -58.52            1.88
  2011.1534          -62.17            1.87
  2011.1561          -56.22            1.74
  2011.1589          -61.22            1.79
  2011.1616          -30.88            7.54
  2011.1644          -66.37            1.84
  2011.1671          -52.44            1.84
  2011.1699          -59.74            1.82
  2011.1726          -70.83            1.91
  2011.1753          -57.45            1.88
  2011.1781          -54.62            2.39
  2011.1808          -46.42            1.80
  2011.1836          -50.45            1.82
  2011.1863          -56.86            1.93
  2011.1891          -52.57            2.21
  2011.1918          -37.16            1.85
  2011.1946          -47.29            2.10
  2011.1973          -51.47            1.78
  2011.2000          -63.39            2.01
  2011.2028          -51.74            2.12
  2011.2054          -64.08            2.05
  2011.2083          -51.74            1.93
  2011.2109          -58.76            1.86
  2011.2137          -50.72            1.81
  2011.2164          -60.16            1.72
  2011.2192          -54.90            1.89
  2011.2219          -51.78            1.83
  2011.2246          -53.25            1.76
  2011.2274         -102.35           22.53
  2011.2301          -51.54           15.86
  2011.2329          -53.23            1.82
  2011.2356          -48.47            1.92
  2011.2384          -48.61            1.69
  2011.2411          -43.93            1.84
  2011.2439          -48.99            1.88
  2011.2466          -37.44            1.78
  2011.2493          -41.63            1.68
  2011.2521          -46.30            1.92
  2011.2548          -52.36            1.78
  2011.2576          -64.73            1.77
  2011.2603          -53.79            2.14
  2011.2631          -53.75            1.80
  2011.2657          -50.46            1.77
  2011.2684          -55.88            1.75
  2011.2712          -49.83            1.75
  2011.2739          -53.77            1.84
  2011.2767          -50.38            1.94
  2011.2794          -41.21            8.07
  2011.2822          -54.42            1.90
  2011.2849          -46.36            3.39
  2011.2877          -56.50            1.68
  2011.2904          -57.92            1.66
  2011.2931          -59.08            3.23
  2011.2959          -59.45            1.44
  2011.2986          -50.98            1.45
  2011.3014          -62.05            1.47
  2011.3041          -70.50            1.82
  2011.3069          -65.08            1.85
  2011.3096          -55.27            1.45
  2011.3124          -57.92            1.45
  2011.3151          -55.36            1.41
  2011.3177          -55.64            1.41
  2011.3206          -58.86            1.44
  2011.3232          -64.65            1.55
  2011.3260          -64.70            1.44
  2011.3287          -59.50            1.45
  2011.3315          -61.47            1.44
  2011.3342          -69.92            1.59
  2011.3370          -73.87            1.69
  2011.3397          -66.67            1.49
  2011.3424          -61.46            1.45
  2011.3452          -59.23            1.44
  2011.3479          -57.49            1.48
  2011.3507          -59.48            1.42
  2011.3534          -57.92            1.46
  2011.3562          -68.35            1.73
  2011.3589          -53.60            1.47
  2011.3617          -61.64            1.44
  2011.3644          -61.21            1.38
  2011.3671          -67.02            1.52
  2011.3699          -69.54            1.59
  2011.3726          -65.56            1.63
  2011.3754          -66.04            1.59
  2011.3781          -70.65            1.65
  2011.3809          -96.29            5.85
  2011.3835          -65.26            1.70
  2011.3864          -61.90            1.49
  2011.3890          -84.97            4.43
  2011.3917          -65.01            1.64
  2011.3945          -60.94            1.69
  2011.3972          -66.93            1.55
  2011.4000          -66.41            1.55
  2011.4027          -60.82            1.64
  2011.4055          -67.11            1.58
  2011.4082          -62.42            1.38
  2011.4110          -65.84            1.38
  2011.4137          -65.35            1.41
  2011.4164          -60.07            1.40
  2011.4192          -66.03            1.47
  2011.4219          -63.73            1.39
  2011.4247          -62.89            1.45
  2011.4274          -55.46            1.52
  2011.4302          -51.58            1.56
  2011.4329          -52.94            1.63
  2011.4357          -53.11            1.68
  2011.4384          -61.56            1.44
  2011.4410          -59.97            1.56
  2011.4438          -65.62            1.50
  2011.4465          -63.24            1.52
  2011.4493          -62.75            1.43
  2011.4520          -59.54            1.44
  2011.4548          -62.59            1.71
  2011.4575          -60.62            1.51
  2011.4603          -62.22            1.52
  2011.4630          -56.85            1.62
  2011.4657          -70.55            1.68
  2011.4685          -70.50            1.58
  2011.4712          -65.34            1.50
  2011.4740          -64.52            1.48
  2011.4767          -63.14            1.54
  2011.4795          -69.04            1.46
  2011.4822          -66.39            1.47
  2011.4850          -67.97            1.44
  2011.4877          -66.60            1.46
  2011.4904          -61.43            1.47
  2011.4932          -56.51            4.55
  2011.4958          -72.61            1.49
  2011.4987          -77.11            1.47
  2011.5013          -73.63            1.44
  2011.5042          -88.89            3.04
  2011.5068          -71.33            1.66
  2011.5096          -67.61            1.81
  2011.5123          -66.14            1.60
  2011.5150          -70.88            3.72
  2011.5178          -63.25            1.58
  2011.5205          -63.11            1.54
  2011.5233          -66.36            1.49
  2011.5260          -71.12            1.88
  2011.5315          -62.18            1.52
  2011.5343          -63.46            3.94
  2011.5370          -64.42            5.55
  2011.5397          -70.00            1.67
  2011.5425          -81.33            2.93
  2011.5452          -70.01            1.54
  2012.0685          -93.32            6.32
  2012.0713          -74.76            4.49
  2012.0740          -64.85            6.61
  2012.0767          -77.06            2.30
  2012.0795          -69.60            1.91
  2012.0822          -76.48            1.85
  2012.0850          -70.23            1.72
  2012.0876          -43.46            8.22
  2012.0905          -91.87            3.72
  2012.0931          -63.45            1.65
  2012.0959          -66.30            1.83
  2012.0986          -66.65            2.05
  2012.1013          -64.38            1.74
  2012.1041          -68.42            1.87
  2012.1068          -46.67            4.57
  2012.1096          -69.51            1.58
  2012.1123          -71.31            1.78
  2012.1151          -73.64            1.87
  2012.1178          -74.03            1.78
  2012.1206          -67.49            2.18
  2012.1233          -70.60            1.69
  2012.1260          -69.54            1.66
  2012.1288          -73.60            4.70
  2012.1315          -68.14            1.83
  2012.1343          -64.39            1.80
  2012.1370          -70.91            1.83
  2012.1398          -80.59            3.53
  2012.1425          -72.39            1.54
  2012.1453          -64.45            3.98
  2012.1479          -70.18            1.79
  2012.1506          -65.98            1.59
  2012.1534          -74.56            1.92
  2012.1561          -69.51            1.68
  2012.1589          -65.96            2.00
  2012.1616          -81.91            2.18
  2012.1644          -73.12            1.91
  2012.1671          -52.69            4.28
  2012.1699          -65.41            1.76
  2012.1726          -63.56            2.06
  2012.1781          -64.52            4.54
  2012.1808          -79.31            1.83
  2012.1836          -97.95            6.70
  2012.1863          -68.51            1.56
  2012.1891          -72.28            1.56
  2012.1918          -67.16            1.68
  2012.1946          -71.64            1.65
  2012.1973          -71.32            1.89
  2012.2000          -73.82            1.76
  2012.2028          -63.26            1.62
  2012.2054          -69.92            1.55
  2012.2083          -85.16            5.41
  2012.2109          -64.74            1.66
  2012.2137          -71.76            1.59
  2012.2164          -78.31            3.69
  2012.2192          -78.61            1.52
  2012.2219          -78.92            1.56
  2012.2246          -72.80            1.51
  2012.2274          -74.39            1.48
  2012.2301          -75.44            1.53
  2012.2329          -75.54            1.60
  2012.2356          -73.47            3.58
  2012.2384          -69.23            1.48
  2012.2411          -69.01            1.52
  2012.2439          -67.77            1.52
  2012.2466          -71.24            1.44
  2012.2493          -71.60            1.62
  2012.2521          -73.37            1.54
  2012.2548          -74.29            1.57
  2012.2576          -70.77            1.51
  2012.2603          -63.48            4.07
  2012.2631          -73.34            1.63
  2012.2657          -69.73            1.47
  2012.2684          -74.53            1.55
  2012.2712          -65.86            1.60
  2012.2739          -64.24            1.59
  2012.2767          -66.96            1.55
  2012.2794          -70.40            1.71
  2012.2822          -65.07            1.55
  2012.2849          -72.64            1.70
  2012.2877          -68.73            1.60
  2012.2904          -68.33            1.65
  2012.2931          -66.97            1.53
  2012.2959          -79.83            1.73
  2012.2986          -70.93            1.65
  2012.3014          -68.23            1.45
  2012.3041          -77.84            1.65
  2012.3069          -74.75            1.61
  2012.3096          -67.02            1.33
  2012.3124          -44.23            6.00
  2012.3151          -72.54            1.60
  2012.3177          -86.08            5.63
  2012.3206          -68.80            1.46
  2012.3232          -73.49            1.43
  2012.3260          -69.31            1.42
  2012.3287          -74.87            1.38
  2012.3315          -69.42            2.02
  2012.3342          -66.69            1.44
  2012.3370          -67.99            1.45
  2012.3397          -72.41            1.41
  2012.3424          -75.03            1.36
  2012.3452          -72.99            1.81
  2012.3479          -14.19           12.35
  2012.3507          -70.82            1.43
  2012.3534          -75.57            1.44
  2012.3562          -89.09            4.31
  2012.3589          -72.38            1.55
  2012.3617          -71.94            1.58
  2012.3644          -81.99            3.27
  2012.3671          -65.71            1.43
  2012.3699          -70.39            1.45
  2012.3726          -69.53            1.72
  2012.3754          -70.33            1.53
  2012.3781          -72.73            1.51
  2012.3809          -66.06            1.43
  2012.3835          -85.85            4.00
  2012.3864          -72.39            1.51
  2012.3890          -71.01            1.46
  2012.3917          -69.88            1.45
  2012.3945          -70.84            1.44
  2012.3972          -72.28            1.46
  2012.4000          -70.37            1.45
  2012.4027          -65.56            1.55
  2012.4055          -70.23            1.62
  2012.4110          -67.99            1.50
  2012.4137          -78.81            1.95
  2012.4164          -45.34            6.35
  2012.4192          -66.99            1.47
  2012.4219          -69.28            1.56
  2012.4247          -71.95            1.50
  2012.4274          -76.37            1.52
  2012.4329          -78.12            1.39
  2012.4357          -68.26            1.33
  2012.4384          -72.10            1.34
  2012.4410          -76.53            5.63
  2012.4438          -70.60            1.37
  2012.4465          -68.70            1.51
  2012.4493          -71.57            1.53
  2012.4520          -76.90            1.63
  2012.4548          -64.43           14.27
  2012.4575          -71.80            1.48
  2012.4603          -42.17            8.06
  2012.4630          -75.95            1.53
  2012.4657          -69.58            1.45
  2012.4685          -92.91            3.53
  2012.4712          -77.48            1.60
  2012.4740          -68.67            1.49
  2012.4767          -80.67            1.68
  2012.4795          -70.48            1.41
  2012.4822          -71.99            1.42
  2012.4850          -69.25            1.38
  2012.4877          -54.27            3.57
  2012.4904          -80.25            1.77
  2012.4932          -71.52            1.48
  2012.4958          -73.17            1.52
  2012.4987          -69.45            1.56
  2012.5013          -83.90            1.58
  2012.5042          -77.70            1.48
  2012.5068          -73.59            1.47
  2012.5096          -62.88            4.29
  2012.5123          -73.59            1.60
  2012.5150          -75.48            3.35
  2012.5178          -90.37            3.64
  2012.5205          -83.11            1.47
  2012.5233          -85.68            1.53
  2012.5260          -78.01            1.40
  2012.5288          -76.56            1.48
  2012.5315          -78.98            4.30
  2012.5343          -92.46            1.99
  2012.5370          -76.88            1.36
  2012.5397          -66.71            1.41
  2012.5425          -68.49            1.45
  2012.5452          -57.15            1.48
  2012.5480          -67.69            1.49
  2012.5507          -71.39            1.59
  2012.5535          -75.28            1.47
  2012.5562          -72.40            1.44
  2012.5590          -69.82            1.46
  2012.5616          -81.30            1.46
  2012.5643          -78.16            1.44
  2012.5671          -81.69            1.45
  2012.5698          -74.49            3.94
  2012.5726          -80.82            1.46
  2012.5753          -79.43            1.45
  2012.5781          -81.33            1.50
  2012.5808          -75.34            1.44
  2012.5836          -73.48            1.42
  2012.5863          -75.37            1.58
  2012.5890          -81.35            1.48
  2012.5918          -84.00            1.46
  2012.5945          -72.93            1.46
  2012.5973          -75.26            2.28
  2012.6000          -79.47            1.47
  2012.6055          -72.13            1.53
  2012.6083          -69.39            1.51
  2012.6110          -73.92            1.41
  2012.6136          -80.02            3.68
  2012.6165          -71.33            1.53
  2012.6191          -75.65            1.54
  2012.6219          -84.92            1.59
  2012.6246          -80.51            4.20
  2012.6274          -84.22            1.54
  2012.6301          -90.39            3.92
  2012.6329          -69.53            4.84
  2012.6356          -80.54            1.58
  2012.6383          -77.94            5.17
  2012.6411          -81.89            1.56
  2012.6438          -80.84            1.60
  2012.6466          -95.24            4.21
  2012.6493          -84.83            1.48
  2012.6521          -74.45            1.52
  2012.6548          -77.55            1.42
  2012.6576          -76.87            1.43
  2012.6603          -65.54            5.23
  2012.6630          -76.87            1.94
  2012.6658          -76.25            3.47
  2012.6685          -83.07            1.51
  2012.6713          -90.01            3.77
  2012.6740          -74.98            1.60
  2012.6768         -104.96            4.21
  2012.6794          -85.34            1.52
  2012.6823          -70.00            1.63
  2012.6849          -87.77            5.31
  2012.6876          -77.75            1.58
  2012.6904          -79.10            1.51
  2012.6931          -76.63            1.46
  2012.6959          -84.81            1.46
  2012.6986          -85.57            1.79
  2012.7014          -76.58            1.78
  2012.7041          -75.83            1.92
  2012.7069         -103.04            2.92
  2012.7096          -82.00            1.52
  2012.7123          -91.02            1.55
  2012.7151          -88.52            1.61
  2012.7178          -83.87            1.64
  2012.7206          -89.39            3.07
  2012.7233          -91.60            1.57
  2012.7261          -80.59            1.58
  2012.7288          -83.02            1.51
  2012.7316          -89.64            1.56
  2012.7343          -86.62            1.62
  2012.7369          -82.28            1.69
  2012.7397          -89.20            1.77
  2012.7424          -90.19            1.72
  2012.7452          -83.89            1.61
  2012.7479          -84.60            1.69
  2012.7507          -88.73            1.68
  2012.7534          -82.30            1.85
  2012.7561          -95.75            1.88
  2012.7589          -81.82            4.51
  2012.7616          -83.26            1.69
  2012.7644          -85.92            1.60
  2012.7671          -91.51            2.04
  2012.7699          -92.89            2.01
  2012.7726          -87.59            1.91
  2012.7754          -90.35            2.30
  2012.7781          -84.95            1.79
  2012.7808          -92.31            1.77
  2012.7836          -86.77            1.80
  2012.7863          -93.12            1.75
  2012.7891          -93.73            1.90
  2012.7917          -89.02            1.97
  2012.7946          -87.83            1.98
  2012.7972          -87.28            4.08
  2012.8000          -91.67            1.82
  2012.8027          -84.66            2.02
  2012.8054          -84.51            2.14
  2012.8082          -85.17            4.94
  2012.8109          -84.88            2.01
  2012.8137          -83.04            2.09
  2012.8164          -98.15            1.89
  2012.8192          -77.67            2.26
  2012.8247          -84.01            2.15
  2012.8274          -89.43            2.34
  2012.8301          -77.88            2.37
  2012.8329          -79.02            5.83
  2012.8356          -79.64            1.92
  2012.8384          -82.08            1.88
  2012.8411          -94.98            1.85
  2012.8439          -79.73            2.16
  2012.8466          -87.84            1.96
  2012.8494          -82.20            2.01
  2012.8521          -83.52            2.06
  2012.8547          -85.75            2.01
  2012.8575          -87.14            6.23
  2012.8602          -86.75            1.80
  2012.8630          -71.06            6.72
  2012.8657          -93.11            1.93
  2012.8685          -86.17            1.99
  2012.8712          -86.42            1.90
  2012.8740          -95.23            1.93
  2012.8767          -94.90            1.98
  2012.8794          -97.09            1.98
  2012.8822          -86.97            2.00
  2012.8849          -81.76            1.98
  2012.8877          -85.23            1.92
  2012.8904          -85.76            1.99
  2012.8932          -70.18            2.64
  2012.8959          -98.82            3.71
  2012.8987          -84.70            2.05
  2012.9014          -85.81            2.04
  2012.9041          -91.04            7.95
  2012.9069          -83.42            2.08
  2012.9095          -82.10            1.99
  2012.9124          -96.16            4.57
  2012.9150          -98.10            5.17
  2012.9178          -90.16            2.01
  2012.9205          -84.58            2.13
  2012.9233          -89.88            3.39
  2012.9260          -89.95            2.42
  2012.9287          -96.36            2.10
  2012.9315          -95.90            2.16
  2012.9342         -102.27            2.66
  2012.9370          -88.90            2.34
  2012.9397          -88.32            1.98
  2012.9425          -78.08            2.06
  2012.9452          -85.32            2.23
  2012.9480          -83.12            2.13
  2012.9507          -87.08            2.22
  2012.9534          -86.64            2.11
  2012.9562          -84.97            2.20
  2012.9589          -88.57            2.18
  2012.9617          -91.09            2.30
  2012.9644          -95.50            2.11
  2012.9672         -105.36            6.61
  2012.9698          -89.82            2.54
  2012.9727         -104.45            2.24
  2012.9753         -102.94            2.13
  2012.9780          -94.62            2.15
  2012.9808          -95.49            2.09
  2012.9835         -116.66            2.63
  2012.9863         -106.13            2.32
  2012.9890          -96.05            1.81
  2012.9918          -97.44            1.97
  2012.9945         -100.93            1.85
  2012.9973          -88.02            1.97
  2013.0000         -106.11            2.06
  2013.0027          -89.94            2.35
  2013.0027          -96.16            1.72
  2013.0055          -98.64            1.66
  2013.0082          -77.34            2.13
  2013.0110          -93.46            1.81
  2013.0137          -92.68            1.92
  2013.0165          -89.75            2.01
  2013.0192          -85.75            2.05
  2013.0220          -88.29            1.79
  2013.0247          -79.47            1.93
  2013.0273          -78.56            1.89
  2013.0302          -75.81            1.93
  2013.0328          -90.64            1.89
  2013.0356          -79.75            4.48
  2013.0383          -95.17            4.34
  2013.0411          -93.23            1.93
  2013.0438          -95.77            2.31
  2013.0466          -91.09            2.34
  2013.0493          -79.31            1.89
  2013.0520          -92.73            1.55
  2013.0548         -179.70           36.32
  2013.0575          -86.19            1.83
  2013.0603          -85.66            1.65
  2013.0630          -80.87            1.99
  2013.0658          -93.83            1.85
  2013.0685          -90.16            1.57
  2013.0713          -85.91            1.47
  2013.0740          -88.52            1.51
  2013.0795          -94.03            1.53
  2013.0822          -92.73            1.72
  2013.0850          -94.45            1.81
  2013.0876          -92.21            8.19
  2013.0905          -92.24            1.64
  2013.0931          -84.53            1.71
  2013.0959          -87.45            1.95
  2013.0986          -90.75            1.61
  2013.1013          -81.62            2.20
  2013.1041          -82.42            1.55
  2013.1068          -88.75            1.58
  2013.1096          -97.68            1.59
  2013.1123          -76.47            1.73
  2013.1151          -76.19            1.74
  2013.1178          -88.67            1.68
  2013.1206          -90.89            1.60
  2013.1233          -87.95            1.72
  2013.1260         -103.33            4.84
  2013.1288          -95.43            1.76
  2013.1315          -94.31            1.64
  2013.1343          -92.08            1.50
  2013.1370          -95.11            1.44
  2013.1398          -89.07            1.56
  2013.1425          -95.01            1.69
  2013.1453          -92.77            1.56
  2013.1479          -88.25            1.60
  2013.1506          -93.87            1.52
  2013.1534          -93.02            3.72
  2013.1561          -91.05            1.49
  2013.1589          -88.65            1.48
  2013.1616          -87.57            1.55
  2013.1644          -92.50            1.58
  2013.1671          -97.29            1.53
  2013.1699          -88.68            1.45
  2013.1726          -90.20            1.48
  2013.1753          -81.32            1.65
  2013.1781          -88.91            1.85
  2013.1808          -80.14            1.87
  2013.1863          -75.13            1.75
  2013.1918          -89.19            1.65
  2013.2000          -86.71            1.44
  2013.2028          -84.60            1.48
  2013.2054          -83.27            1.57
  2013.2083          -82.39            1.55
  2013.2109          -86.03            1.43
  2013.2164          -87.90            1.66
  2013.2192          -92.72            1.46
  2013.2219          -88.15            1.43
  2013.2246          -84.32            1.50
  2013.2274          -83.89            1.61
  2013.2301          -83.41            1.60
  2013.2329          -86.42            1.56
  2013.2356          -88.42            1.47
  2013.2384          -81.64            1.42
  2013.2411          -86.99            1.59
  2013.2439          -93.54            1.53
  2013.2466          -88.23            1.55
  2013.2493          -86.44            1.62
  2013.2548          -88.07            1.85
  2013.2576          -87.55            1.74
  2013.2603          -90.93            1.86
  2013.2631          -87.37            1.83
  2013.2657          -93.06            3.41
  2013.2684          -98.44            1.83
  2013.2712          -96.52            2.03
  2013.2794          -84.31            1.83
  2013.2822          -86.50            1.67
  2013.2849          -86.65            1.70
  2013.2877          -82.84            1.67
  2013.2904          -89.35            1.70
  2013.2931          -84.76            1.68
  2013.2959          -86.35            1.74
  2013.2986          -85.98            1.72
  2013.3014          -89.98            1.72
  2013.3041          -80.64            1.79
  2013.3069          -92.81            1.80
  2013.3096          -87.86            1.77
  2013.3124          -89.38            1.78
  2013.3151          -88.84            1.70
  2013.3177          -86.53            1.82
  2013.3206          -89.26            1.76
  2013.3232          -87.12            1.84
  2013.3260          -97.58            1.73
  2013.3287          -92.54            1.66
  2013.3315          -88.03            1.79
  2013.3342          -92.59            1.77
  2013.3370          -94.34            1.96
  2013.3397          -88.16            1.74
  2013.3424          -84.23            1.69
  2013.3452          -98.26            1.69
  2013.3479          -73.97            1.59
  2013.3562          -94.91            1.63
  2013.3589          -91.14            1.45
  2013.3617          -91.26            2.83
  2013.3644          -94.19            1.44
  2013.3671          -95.12            1.44
  2013.3699          -93.94            1.39
  2013.3726          -91.39            1.37
  2013.3754          -93.19            1.42
  2013.3781          -89.31            1.49
  2013.3809          -94.75            2.35
  2013.3835          -90.66            1.47
  2013.3864          -86.78            1.41
  2013.3890          -88.11            1.42
  2013.3917          -84.01            1.39
  2013.3945          -95.99            1.40
  2013.4000          -87.97            1.48
  2013.4027          -85.40            1.56
  2013.4055          -90.07            1.60
  2013.4082          -84.81            1.42
  2013.4110          -74.05            1.44
  2013.4137          -93.71            1.88
  2013.4164          -91.81            1.71
  2013.4192          -83.93            1.75
  2013.4219          -85.93            1.62
  2013.4247          -86.07            1.78
  2013.4274          -91.07            1.78
  2013.4302          -89.44            1.67
  2013.4329          -95.08            1.57
  2013.4357          -94.94            1.66
  2013.4384          -93.80            1.73
  2013.4410          -94.64            1.64
  2013.4438          -87.43            1.71
  2013.4465          -89.23            1.72
  2013.4493         -101.27            3.96
  2013.4520          -87.87            1.73
  2013.4548          -98.52            1.84
  2013.4575          -91.49            1.72
  2013.4603          -95.07            1.72
  2013.4630          -95.26            1.74
  2013.4657          -92.09            1.67
  2013.4685          -93.48            1.67
  2013.4712          -97.74            1.79
  2013.4740          -91.50            1.38
  2013.4767          -88.05            1.41
  2013.4795          -89.13            1.38
  2013.4822          -91.14            1.39
  2013.4850          -92.59            1.44
  2013.4877          -89.26            1.56
  2013.4904          -96.63            1.53
  2013.4932         -112.18            3.63
  2013.4958          -89.78            1.38
  2013.4987          -90.53            1.35
  2013.5013          -89.41            1.42
  2013.5042          -88.79            1.44
  2013.5068          -91.89            1.47
  2013.5096          -90.60            1.42
  2013.5123          -94.81            1.35
  2013.5150          -92.70            1.34
  2013.5178          -90.06            1.37
  2013.5205          -89.44            6.63
  2013.5233          -92.66            1.42
  2013.5260          -94.73            1.39
  2013.5288          -91.74            1.36
  2013.5315          -94.10            1.46
  2013.5343          -96.04            1.41
  2013.5370         -100.01            1.58
  2013.5397          -94.45            1.34
  2013.5425         -105.75            1.72
  2013.5452          -95.62            1.39
  2013.5480         -100.63            1.38
  2013.5507         -102.75            1.47
  2013.5535          -97.49            1.34
  2013.5562          -92.47            1.32
  2013.5590         -106.99            2.89
  2013.5616          -93.77            1.31
  2013.5643          -96.11            1.67
  2013.5671          -99.88            1.46
  2013.5698         -105.37            1.79
  2013.5726          -93.12            1.30
  2013.5753          -96.63            1.32
  2013.5781          -91.34            1.37
  2013.5808          -97.26            1.34
  2013.5836          -94.96            1.29
  2013.5863          -88.23            2.98
  2013.5890          -92.37            1.41
  2013.5918          -94.15            1.49
  2013.5945          -95.30            1.44
  2013.5973          -92.29            1.44
  2013.6000         -100.72            1.52
  2013.6028         -103.03            1.42
  2013.6055          -95.00            2.77
  2013.6083         -111.52           10.54
  2013.6110          -99.06            1.43
  2013.6136          -91.94            1.46
  2013.6165          -98.18            1.62
  2013.6191          -94.49            1.36
  2013.6219          -94.76            1.42
  2013.6246          -96.20            1.38
  2013.6274          -95.51            1.33
  2013.6301          -92.93            1.41
  2013.6329          -99.99            1.43
  2013.6356          -94.76            1.40
  2013.6383         -102.25            1.42
  2013.6411         -103.49            1.76
  2013.6438          -99.05            1.36
  2013.6466         -100.88            1.41
  2013.6521          -94.10            1.36
  2013.6548         -132.65            3.53
  2013.6576          -89.01            1.35
  2013.6603          -94.50            1.37
  2013.6630          -97.86            1.37
  2013.6658          -96.61            1.48
  2013.6685          -95.89            1.43
  2013.6713          -99.16            1.46
  2013.6740          -95.79            1.46
  2013.6768          -92.77            2.08
  2013.6794          -94.87            1.63
  2013.6823          -96.60            1.64
  2013.6849          -98.42            1.66
  2013.6876         -105.66            1.65
  2013.6904          -98.73            1.84
  2013.6931          -99.21            1.60
  2013.6959         -102.15            1.56
  2013.6986         -107.50            9.80
  2013.7014         -103.03            1.67
  2013.7041         -104.18            1.55
  2013.7069         -101.23            1.52
  2013.7096          -95.84            1.48
  2013.7123          -94.76            1.52
  2013.7151          -95.20            1.50
  2013.7178          -97.56            1.61
  2013.7206         -102.90            1.57
  2013.7233          -97.09            1.60
  2013.7261         -100.42            1.58
  2013.7288         -107.44            1.61
  2013.7316          -97.10            1.46
  2013.7343          -94.87            1.46
  2013.7369          -97.49            1.65
  2013.7397          -98.78            1.54
  2013.7424          -98.08            1.55
  2013.7561          -93.67            1.50
  2013.7589          -95.78            1.56
  2013.7616          -97.15            1.65
  2013.7644         -102.28            1.52
  2013.7671          -98.28            1.73
  2013.7699         -100.14            2.48
  2013.7726          -98.26            1.55
  2013.7754          -99.94            1.66
  2013.7781          -96.10            1.77
  2013.7808         -100.56            3.27
  2013.7836          -97.63            1.66
  2013.7863          -97.56            1.71
  2013.7891          -93.31            1.62
  2013.7917          -97.39            1.66
  2013.7946          -96.77            2.11
  2013.7972          -99.58            1.61
  2013.8000         -102.14            1.68
  2013.8027         -104.02            1.79
  2013.8054         -108.60            2.06
  2013.8082         -103.42            1.93
  2013.8109         -101.98            1.56
  2013.8137          -99.21            1.97
  2013.8164         -103.74            1.62
  2013.8192          -99.51            1.83
  2013.8219          -95.05            1.50
  2013.8247          -98.68            1.51
  2013.8274         -103.38            1.94
  2013.8301          -95.58            1.86
  2013.8329         -107.35            1.86
  2013.8356         -102.59            1.85
  2013.8384         -100.28            1.73
  2013.8411         -101.33            1.84
  2013.8439         -102.91            1.72
  2013.8466          -94.28            2.66
  2013.8494         -104.51            1.97
  2013.8521         -104.25            1.78
  2013.8547         -102.12            2.73
  2013.8575          -99.12            1.89
  2013.8602          -99.80            1.96
  2013.8630          -87.04            1.95
  2013.8657         -100.81            1.90
  2013.8685         -101.25            1.86
  2013.8712         -101.04            1.98
  2013.8740         -104.22            3.45
  2013.8767         -101.45            1.77
  2013.8794          -97.67            1.78
  2013.8822         -100.92            1.87
  2013.8849         -100.80            1.88
  2013.8877         -103.96            1.93
  2013.8904         -103.37            1.85
  2013.8932         -101.88            1.90
  2013.8959          -97.38            1.93
  2013.8987         -101.80            1.94
  2013.9014         -100.53            1.87
  2013.9041         -107.91            1.82
  2013.9069         -103.49            3.78
  2013.9095         -105.24            3.82
  2013.9124         -102.46            1.83
  2013.9150          -95.98            1.84
  2013.9178         -101.77            1.79
  2013.9205          -94.47            1.98
  2013.9233         -107.63            2.12
  2013.9260         -105.33            1.80
  2013.9287         -109.58            1.86
  2013.9315         -107.88            1.90
  2013.9342         -105.82            1.86
  2013.9370          -98.83            2.04
  2013.9397         -100.92            1.95
  2013.9425         -111.29            1.91
  2013.9452          -99.69            2.01
  2013.9480         -100.99            1.97
  2013.9507         -104.36            1.88
  2013.9534         -113.52            2.03
  2013.9562         -110.49            1.87
  2013.9589         -107.04            2.03
  2013.9617         -111.26            1.93
  2013.9644         -106.90            1.96
  2013.9672         -112.71            1.87
  2013.9698         -116.12            1.85
  2013.9727         -110.00            1.87
  2013.9753         -110.50            1.85
  2013.9780          -98.60            1.87
  2013.9808         -111.11            1.77
  2013.9835         -107.30            1.91
  2013.9863         -118.48            1.90
  2013.9890         -107.16            2.06
  2013.9918         -101.01            1.85
  2013.9945         -101.32            2.00
  2013.9973         -109.54            1.88
  2014.0000         -103.15            1.98
  2014.0027         -104.69            2.01
  2014.0055         -117.96            2.60
  2014.0082         -113.11            1.95
  2014.0110         -100.37            1.92
  2014.0137          -93.91            1.88
  2014.0165          -91.84            1.96
  2014.0192          -99.66            1.98
  2014.0220         -100.56            1.98
  2014.0247         -114.10            2.00
  2014.0273         -105.76            2.04
  2014.0302         -102.89            1.94
  2014.0328         -104.76            1.99
  2014.0356         -107.69            1.89
  2014.0383          -66.57            9.58
  2014.0411         -102.26            1.94
  2014.0438         -105.56            2.06
  2014.0466         -101.84            2.05
  2014.0493         -100.17            1.94
  2014.0548         -111.05            1.97
  2014.0575         -100.46            1.79
  2014.0603          -98.11            1.67
  2014.0630         -102.74            1.88
