  2009.1506            0.00            0.86
  2009.1534            0.02            0.86
  2009.1561            3.20            0.89
  2009.1589           -1.99            0.87
  2009.1616           -2.30            0.89
  2009.1644           -1.65            1.57
  2009.1671           -1.19            0.90
  2009.1699           -1.20            0.90
  2009.1726           -2.32            0.87
  2009.1753           -0.62            0.84
  2009.1781           -4.80            1.75
  2009.1808           -1.94            0.88
  2009.1836           -0.36            0.85
  2009.1863            0.14            0.85
  2009.1891           -0.27            0.84
  2009.1918            3.96            2.95
  2009.1946            0.60            2.94
  2009.1973           -2.22            0.86
  2009.2000            0.27            0.84
  2009.2028            1.97            0.84
  2009.2054            0.82            0.96
  2009.2083            2.80            0.84
  2009.2109            0.90            0.89
  2009.2137            8.35            3.40
  2009.2164            3.53            0.84
  2009.2192            1.26            0.83
  2009.2219            2.53            0.86
  2009.2246            0.73            0.93
  2009.2274            1.97            0.91
  2009.2301            1.75            0.83
  2009.2329            2.03            1.16
  2009.2356            3.58            0.83
  2009.2384            0.33            0.85
  2009.2411            3.99            0.84
  2009.2439            4.62            0.82
  2009.2466            4.72            0.83
  2009.2493            4.13            0.82
  2009.2521            3.23            0.88
  2009.2548            2.18            0.92
  2009.2576            4.27            0.85
  2009.2603            0.94            1.55
  2009.2631            3.64            0.81
  2009.2657            2.30            0.83
  2009.2684            3.71            0.87
  2009.2712            4.18            0.82
  2009.2739            3.00            0.81
  2009.2767            3.35            0.79
  2009.2794            5.36            0.85
  2009.2822            6.24            0.81
  2009.2849            5.90            0.80
  2009.2877            5.28            0.83
  2009.2904            4.82            0.86
  2009.2931            5.55            0.82
  2009.2959            7.18            0.80
  2009.2986            6.35            0.79
  2009.3014            5.75            0.80
  2009.3069            5.46            0.85
  2009.3096            6.17            0.83
  2009.3124            7.17            0.85
  2009.3177            8.55            0.81
  2009.3206            6.04            0.89
  2009.3232            7.14            0.85
  2009.3315            2.60            0.85
  2009.3370            7.55            0.85
  2009.3397            7.34            0.91
  2009.3424            9.72            0.84
  2009.3479            4.91            0.82
  2009.3507            7.93            0.82
  2009.3534            6.95            0.83
  2009.3562            7.78            0.82
  2009.3589            8.37            0.83
  2009.3617            8.76            0.85
  2009.3671            6.62            0.83
  2009.3699            4.10            0.86
  2009.3726            4.58            0.84
  2009.3781            6.71            0.82
  2009.3809            9.65            4.99
  2009.3864            7.86            0.80
  2009.3890            8.65            0.81
  2009.3917            8.43            0.80
  2009.3972           11.44            0.86
  2009.4000           11.17            0.82
  2009.4027           12.72            0.79
  2009.4082           10.63            0.82
  2009.4110           15.71            0.83
  2009.4164           12.26            0.90
  2009.4192           11.66            0.80
  2009.4219            2.41            4.13
  2009.4274           13.07            0.78
  2009.4302           11.34            0.80
  2009.4329           11.07            0.80
  2009.4384           13.94            0.84
  2009.4410           13.63            0.80
  2009.4465           11.96            0.78
  2009.4493           11.19            0.81
  2009.4520           10.08            0.83
  2009.4575           11.12            0.80
  2009.4603            8.87            0.88
  2009.4630           13.49            0.82
  2009.4657           13.41            0.80
  2009.4685           11.80            0.80
  2009.4712           12.72            0.82
  2009.4767           14.35            0.81
  2009.4795           17.08            0.84
  2009.4822           15.39            0.85
  2009.4877           15.09            0.83
  2009.4904           12.57            0.98
  2009.4958           14.30            0.84
  2009.4987           13.99            1.55
  2009.5013           15.71            0.76
  2009.5068           12.96            0.85
  2009.5096           14.48            0.83
  2009.5123           12.99            0.82
  2009.5178           15.08            0.78
  2009.5205           15.57            0.77
  2009.5260           15.41            0.78
  2009.5288           16.94            0.82
  2009.5315           17.09            0.78
  2009.5370           15.74            0.78
  2009.5397           16.24            0.75
  2009.5425           18.11            0.75
  2009.5507           -2.47            5.66
  2009.5535           19.33            6.63
  2009.5590           17.80            1.72
  2009.5616           16.07            0.78
  2009.5643           16.85            0.81
  2009.5698           19.08            0.81
  2009.5726           18.28            1.72
  2009.5753           57.75           32.88
  2009.5781           18.00            0.86
  2009.5808           19.99            1.11
  2009.5836           17.57            0.96
  2009.5863           12.34            2.33
  2009.5890           13.92            0.97
  2009.5918           16.92            0.82
  2009.5945           24.15            4.33
  2009.5973           17.04            0.76
  2009.6000           16.63            0.75
  2009.6028           17.05            0.78
  2009.6083           17.51            0.95
  2009.6110           23.07            0.83
  2009.6136           27.92            1.83
  2009.6165           18.54            0.89
  2009.6191           16.99            0.78
  2009.6219           17.84            0.84
  2009.6246           16.30            4.58
  2009.6274           19.97            0.94
  2009.6301           20.23            0.81
  2009.6329           34.19            3.62
  2009.6356           28.49            2.60
  2009.6383           25.74            1.89
  2009.6411           18.70            0.83
  2009.6438           14.06            3.35
  2009.6466           21.25            0.82
  2009.6493           22.43            0.82
  2009.6521            7.83            4.12
  2009.6548           23.22            0.99
  2009.6576           23.82            0.79
  2009.6603           19.42            0.78
  2009.6630          -99.26           76.81
  2009.6823           34.97            2.42
  2009.6849           25.67            1.70
  2009.6876           23.79            0.78
  2009.6904           34.19            2.09
  2009.6931          -10.99            4.01
  2009.6959           26.08            0.77
  2009.6986           26.86            0.76
  2009.7014           60.02            7.95
  2009.7041           26.84            1.47
  2009.7069           25.28            0.78
  2009.7096           55.56            5.64
  2009.7123           23.73            1.64
  2009.7151           24.34            0.82
  2009.7178           25.39            0.78
  2009.7206           29.25            1.76
  2009.7233           24.87            0.86
  2009.7261           25.77            0.78
  2009.7288           35.69            1.60
  2009.7316           24.75            0.95
  2009.7343           25.25            0.78
  2009.7369           26.06            0.82
  2009.7397           29.18            1.82
  2009.7424           30.26            0.93
  2009.7452           26.69            0.80
  2009.7507           25.79            0.98
  2009.7534           25.14            0.82
  2009.7561           23.06            0.80
  2009.7589           16.48            2.39
  2009.7616           28.69            1.01
  2009.7644           27.64            0.81
  2009.7671           29.12            0.78
  2009.7699         -113.29           23.85
  2009.7726           26.18            0.82
  2009.7754           27.26            0.92
  2009.7781           40.05            2.10
  2009.7808           28.57            0.90
  2009.7836           28.99            0.80
  2009.7891           28.05            0.96
  2009.7917           29.35            0.83
  2009.7946           28.51            0.83
  2009.8164           28.89            1.48
  2009.8192           29.66            0.86
  2009.8219           32.18            1.03
  2009.8247           25.71           25.86
  2009.8274           30.77            1.03
  2009.8329           30.96            0.91
  2009.8356           29.40            1.90
  2009.8439           18.29            4.36
  2009.8466           30.21            1.02
  2009.8521           34.14            0.94
  2009.8547           16.65            2.55
  2009.8575           31.83            0.99
  2009.8657           32.07            0.99
  2009.8685           32.86            1.00
  2009.8740           38.93            2.96
  2009.8767           29.37            2.55
  2009.8822           31.21            1.18
  2009.8849           30.11            1.11
  2009.8877           31.13            0.94
  2009.8932           10.65           14.58
  2009.8959           30.42            1.01
  2009.8987           34.14            0.93
  2009.9041           36.05            1.04
  2009.9069           28.61            1.97
  2009.9124           23.94            4.49
  2009.9150           32.32            1.01
  2009.9178           33.78            0.89
  2009.9233           37.37            0.96
  2009.9260           33.74            0.85
  2009.9287           37.11            0.90
  2009.9342           36.38            0.91
  2009.9370           34.25            0.83
  2009.9425           37.00            1.01
  2009.9452           38.94            0.96
  2009.9480           36.62            0.88
  2009.9534           38.43            1.08
  2009.9562           41.34            0.91
  2009.9617           35.81            1.14
  2009.9644           39.16            0.95
  2009.9672           36.54            1.02
  2009.9753           31.46            1.10
  2009.9780           29.56            2.22
  2009.9835           36.54            0.92
  2009.9863           35.70            1.00
  2009.9918           36.24            0.94
  2009.9945           37.77            1.00
  2009.9973           19.48            2.25
  2010.0027           32.70            0.88
  2010.0055           32.00            0.91
  2010.0110           35.68            1.03
  2010.0137           35.60            1.01
  2010.0165           39.59            2.52
  2010.0192           37.06            0.98
  2010.0220           41.31            0.93
  2010.0247           36.01            0.96
  2010.0273           16.87            2.87
  2010.0302           35.02            1.15
  2010.0328           38.34            1.02
  2010.0356           40.22            6.09
  2010.0383           36.85            1.16
  2010.0411           38.52            1.00
  2010.0438           36.58            1.00
  2010.0466           42.98            2.99
  2010.0493           39.16            0.94
  2010.0520           37.69            0.91
  2010.0548           36.88            2.32
  2010.0575           36.03            1.15
  2010.0603           40.84            0.93
  2010.0630           40.21            0.92
  2010.0658           31.84           11.04
  2010.0685           38.82            0.94
  2010.0713           38.92            0.96
  2010.0740           33.83            2.10
  2010.0767           33.17            1.22
  2010.0795           41.18            0.98
  2010.0822           40.95            0.94
  2010.0850           41.86            2.43
  2010.0876           36.56            1.14
  2010.0905           37.99            0.96
  2010.0931           40.33            2.42
  2010.0959           37.66            1.12
  2010.0986           39.64            0.96
  2010.1013           39.22            0.98
  2010.1041           40.31            3.48
  2010.1068           36.02            1.20
  2010.1096           41.38            1.04
  2010.1123           25.92            3.09
  2010.1151           40.72            1.86
  2010.1178           38.23            1.00
  2010.1206           41.68            0.93
  2010.1233           40.86            0.86
  2010.1260           41.14            0.93
  2010.1288           41.08            0.96
  2010.1315           43.79            0.97
  2010.1343           42.41            1.04
  2010.1370           43.49            1.00
  2010.1398           42.44            0.88
  2010.1425           41.57            0.86
  2010.1453           42.42            0.97
  2010.1479           41.55            0.90
  2010.1506           42.65            0.88
  2010.1534           42.59            0.94
  2010.1561           44.23            0.87
  2010.1616           46.33            0.92
  2010.1644           39.00            0.86
  2010.1671           39.80            0.92
  2010.1699           41.84            0.90
  2010.1726           43.08            0.89
  2010.1753           43.86            0.90
  2010.1781           45.32            0.86
  2010.1808           37.72            0.92
  2010.1836           42.33            0.89
  2010.1863           43.20            0.88
  2010.1891           50.33            0.88
  2010.1918           45.55            0.86
  2010.1946           48.83            0.91
  2010.1973           44.52            0.90
  2010.2000           43.73            0.83
  2010.2028           47.36            0.86
  2010.2054           44.73            0.85
  2010.2083           42.90            1.01
  2010.2109           46.21            0.99
  2010.2137           45.24            0.85
  2010.2164           47.68            0.96
  2010.2192           43.62            0.96
  2010.2219           42.25            0.86
  2010.2246           43.77            0.84
  2010.2274           45.33            1.01
  2010.2301           45.20            0.96
  2010.2329           42.60            0.96
  2010.2356           46.17            1.03
  2010.2384           45.58            1.04
  2010.2411           44.42            0.97
  2010.2439           43.00            1.02
  2010.2466           44.72            1.09
  2010.2493           50.71            0.88
  2010.2521           49.08            1.02
  2010.2548           48.69            0.91
  2010.2576           49.56            0.68
  2010.2603           48.43            0.98
  2010.2631           52.54            1.01
  2010.2657           48.41            0.99
  2010.2684           49.27            0.95
  2010.2712           46.78            0.97
  2010.2739           45.12            0.95
  2010.2767           44.40            0.92
  2010.2794           47.01            0.96
  2010.2822           48.16            0.98
  2010.2849           47.87            0.88
  2010.2877           47.23            0.90
  2010.2904           47.26            0.95
  2010.2931           44.69            0.93
  2010.2959           44.88            0.94
  2010.2986           47.08            0.97
  2010.3014           47.17            0.95
  2010.3069           47.92            0.95
  2010.3096           49.14            0.91
  2010.3124           50.10            0.88
  2010.3151           47.65            0.94
  2010.3177           50.04            0.88
  2010.3206           51.63            0.86
  2010.3232           50.21            0.81
  2010.3260           50.79            0.81
  2010.3287           49.04            0.86
  2010.3315           49.65            0.84
  2010.3424           50.75            0.93
  2010.3452           49.08            0.87
  2010.3479           50.54            0.80
  2010.3507           52.24            0.84
  2010.3534           54.02            0.79
  2010.3562           50.85            0.85
  2010.3589           49.74            0.87
  2010.3617           51.98            1.40
  2010.3644           50.21            0.93
  2010.3671           53.39            1.04
  2010.3699           52.38            0.92
  2010.3726           53.01            0.92
  2010.3754           50.17            0.92
  2010.3781           50.34            0.90
  2010.3809           52.36            0.79
  2010.3835           50.42            0.88
  2010.3864           52.53            0.91
  2010.3890           57.03            0.97
  2010.3917           51.66            0.93
  2010.3945           53.20            0.93
  2010.3972           56.14            0.95
  2010.4000           56.40            0.90
  2010.4027           56.64            0.90
  2010.4055           52.97            0.93
  2010.4082           52.74            0.93
  2010.4110           57.72            1.82
  2010.4137           54.55            0.88
  2010.4164           53.23            0.78
  2010.4192           58.43            0.80
  2010.4219           55.15            0.78
  2010.4247           56.44            0.91
  2010.4274           54.40            0.84
  2010.4302           58.29            0.86
  2010.4329           56.90            0.85
  2010.4357           58.90            1.24
  2010.4384           57.85            0.77
  2010.4410           55.89            0.77
  2010.4438           56.26            0.88
  2010.4465           55.00            0.78
  2010.4520           57.84            2.31
  2010.4548           62.90            1.98
  2010.4575           57.38            0.80
  2010.4603           60.01            2.31
  2010.4630           58.69            2.28
  2010.4657           59.89            0.92
  2010.4685           57.00            0.79
  2010.4712           57.29            0.82
  2010.4740           52.95            0.82
  2010.4767           53.79            0.87
  2010.4795           56.12            0.86
  2010.4822           57.54            0.93
  2010.4850           58.60            0.88
  2010.4877           55.90            0.92
  2010.4904           54.63            0.91
  2010.4932           55.39            0.89
  2010.4958           55.15            0.82
  2010.4987           57.23            0.87
  2010.5013           57.04            0.76
  2010.5042           55.56            0.81
  2010.5068           57.83            0.83
  2010.5096           57.15            0.81
  2010.5123           57.61            0.97
  2010.5150           62.91            4.44
  2010.5178           63.69            0.88
  2010.5205           59.87            1.28
  2010.5233           60.16            0.91
  2010.5260           58.14            0.91
  2010.5288           59.47            0.95
  2010.5315           60.02            0.85
  2010.5343           60.65            0.84
  2010.5370           60.50            0.88
  2010.5397           60.80            0.89
  2010.5425           60.65            0.88
  2010.5452           59.80            0.84
  2010.5480           58.59            2.07
  2010.5507           59.64            0.89
  2010.5535           61.57            0.86
  2010.5562           60.02            0.92
  2010.5590           59.47            0.95
  2010.5616           61.09            0.97
  2010.5643           62.33            2.05
  2010.5671           60.07            0.88
  2010.5698           54.66            3.08
  2010.5726           60.28            0.89
  2010.5753           67.03            0.91
  2010.5781           62.28            0.96
  2010.5808           62.08            0.90
  2010.5836           63.05            0.78
  2010.5863           63.87            0.82
  2010.5890           63.40            0.87
  2010.5918           62.84            0.85
  2010.5945           61.86            1.89
  2010.5973           62.49            0.83
  2010.6000           63.72            0.90
  2010.6028           63.01            0.91
  2010.6055           87.69            2.53
  2010.6083           65.11            0.89
  2010.6110           61.29            0.95
  2010.6136           64.19            0.89
  2010.6165           63.92            0.82
  2010.6191           64.93            0.87
  2010.6219           62.40            0.85
  2010.6246           61.71            0.87
  2010.6274           63.08            0.98
  2010.6301           64.56            0.88
  2010.6329           63.94            0.90
  2010.6356           64.53            0.90
  2010.6383           64.35            0.92
  2010.6411           65.30            0.84
  2010.6438           65.08            0.91
  2010.6466           64.64            1.68
  2010.6493           63.64            0.91
  2010.6521           55.29            2.31
  2010.6548           64.13            1.01
  2010.6576           66.85            0.81
  2010.6603           66.53            0.74
  2010.6630           67.79            0.81
  2010.6658           67.57            0.76
  2010.6685           68.08            0.78
  2010.6713           68.07            0.81
  2010.6740           49.82            3.00
  2010.6768           68.31            0.80
  2010.6794           69.36            0.75
  2010.6823           67.96            0.75
  2010.6849           67.92            0.74
  2010.6876           68.33            0.76
  2010.6904           69.11            0.76
  2010.6931           69.52            0.76
  2010.6959           69.76            0.79
  2010.6986           68.44            0.77
  2010.7014           64.27            1.63
  2010.7041           66.84            0.77
  2010.7069           70.24            0.87
  2010.7096           71.18            0.77
  2010.7123           69.78            0.75
  2010.7151           68.85            0.79
  2010.7178           68.65            0.76
  2010.7206           71.36            0.76
  2010.7233           72.50            0.81
  2010.7261           71.50            0.74
  2010.7288           71.10            0.72
  2010.7316           70.12            0.71
  2010.7343           72.09            0.74
  2010.7369           71.61            0.82
  2010.7397           69.99            0.79
  2010.7424           71.64            0.86
  2010.7452           73.62            0.73
  2010.7479           73.75            1.67
  2010.7507           73.50            0.79
  2010.7534           71.76            0.75
  2010.7561           75.31            1.80
  2010.7589           74.39            0.75
  2010.7616           73.97            0.75
  2010.7644           73.11            0.76
  2010.7671           72.30            0.74
  2010.7699           76.05            0.74
  2010.7726           74.96            0.74
  2010.7754           74.06            0.74
  2010.7781           73.81            0.73
  2010.7808           72.32            1.88
  2010.7836           73.40            0.79
  2010.7863           83.19            2.43
  2010.7891           76.28            1.65
  2010.7917           75.15            0.73
  2010.7946           73.43            0.75
  2010.7972           73.94            0.76
  2010.8000           73.16            0.75
  2010.8054           77.10            0.76
  2010.8082           74.58            0.85
  2010.8109           76.88            0.85
  2010.8137           70.27            1.72
  2010.8164           73.80            0.83
  2010.8192           81.63            1.74
  2010.8219           72.62            0.81
  2010.8247           74.79            0.96
  2010.8274           74.88            1.75
  2010.8301           73.90            0.85
  2010.8329           76.53            0.87
  2010.8356           75.15            0.86
  2010.8384           79.43            1.30
  2010.8411           77.08            0.87
  2010.8439           74.60            0.77
  2010.8466           75.33            0.86
  2010.8494           75.88            0.89
  2010.8521           76.70            0.94
  2010.8547           75.44            0.87
  2010.8575           78.62            0.83
  2010.8602           77.45            0.91
  2010.8630           75.19            1.82
  2010.8657           76.12            0.83
  2010.8685           78.97            0.92
  2010.8712           77.93            0.85
  2010.8740           77.78            0.85
  2010.8767           77.19            0.88
  2010.8794           77.60            0.86
  2010.8822           67.15            1.59
  2010.8849           80.44            0.90
  2010.8877           77.50            0.91
  2010.8904           79.05            0.91
  2010.8932           81.20            0.89
  2010.8959           78.68            0.88
  2010.8987           80.64            0.86
  2010.9014           81.00            0.84
  2010.9041           77.12            1.72
  2010.9069           81.72            0.83
  2010.9095           83.60            0.82
  2010.9124           83.59            0.83
  2010.9150           82.54            0.84
  2010.9178           79.70            0.83
  2010.9205           82.88            0.80
  2010.9233           82.63            0.80
  2010.9260           86.49            0.77
  2010.9287           86.33            0.77
  2010.9315           81.97            0.81
  2010.9342           84.45            0.83
  2010.9370           84.23            0.79
  2010.9397           79.83            1.64
  2010.9425           84.79            0.83
  2010.9452           86.85            0.82
  2010.9480           83.79            0.83
  2010.9507           81.14            1.64
  2010.9562           85.75            0.79
  2010.9589           86.48            0.81
  2010.9644           86.46            0.77
  2011.0027           96.14            0.97
  2011.0055           90.30            0.95
  2011.0082           89.08            0.96
  2011.0110           90.77            0.97
  2011.0137           89.57            0.92
  2011.0165           90.31            0.92
  2011.0192           93.23            0.93
  2011.0220           90.82            0.98
  2011.0247           92.19            0.97
  2011.0273           81.53            1.99
  2011.0302           89.17            0.95
  2011.0328           88.75            0.97
  2011.0356           89.54            1.03
  2011.0383           90.70            0.89
  2011.0411           90.92            1.03
  2011.0438           91.81            1.00
  2011.0466           91.55            0.94
  2011.0493           88.73            1.06
  2011.0520           85.59            2.28
  2011.0548           92.75            1.02
  2011.0575           92.51            0.98
  2011.0603           93.03            1.11
  2011.0630           93.02            1.00
  2011.0658           94.06            1.02
  2011.0685           92.93            1.03
  2011.0713           92.88            1.02
  2011.0740           81.83            2.27
  2011.0767           92.30            1.01
  2011.0795           94.06            1.02
  2011.0822           95.12            1.05
  2011.0850           86.78            2.62
  2011.0876           88.32            0.96
  2011.0905           90.10            0.98
  2011.0931           90.52            0.92
  2011.0959           90.53            0.98
  2011.0986           77.03            2.92
  2011.1013           90.17            0.98
  2011.1041           91.42            0.97
  2011.1068           94.16            1.06
  2011.1096           93.07            1.01
  2011.1123           91.87            1.06
  2011.1151           93.12            1.04
  2011.1178           94.34            1.10
  2011.1206           93.58            1.12
  2011.1233           97.05            1.89
  2011.1260           93.54            1.11
  2011.1288           92.35            1.02
  2011.1315           96.91            1.05
  2011.1343           94.13            1.04
  2011.1370           94.19            1.03
  2011.1398           94.80            1.01
  2011.1425           94.31            1.03
  2011.1453           95.21            1.02
  2011.1479           97.79            1.08
  2011.1506           97.21            1.02
  2011.1534           95.67            1.01
  2011.1561           93.31            0.94
  2011.1589           95.66            0.97
  2011.1616          101.93            3.70
  2011.1644           93.62            1.00
  2011.1671           98.27            1.00
  2011.1699           96.04            1.00
  2011.1726           96.01            1.04
  2011.1753           97.94            1.02
  2011.1781           98.93            1.33
  2011.1808           98.74            0.98
  2011.1836           95.31            1.00
  2011.1863           94.14            1.05
  2011.1891           98.64            1.21
  2011.1918           98.89            1.02
  2011.1946           99.61            1.16
  2011.1973           95.65            0.97
  2011.2000           96.41            1.10
  2011.2028          100.08            1.17
  2011.2054           93.87            1.11
  2011.2083           94.12            1.05
  2011.2109           96.02            1.02
  2011.2137           95.52            0.98
  2011.2164           95.26            0.93
  2011.2192           95.98            1.04
  2011.2219           96.45            1.02
  2011.2246           97.45            0.95
  2011.2274           87.06           56.33
  2011.2301           70.13           36.14
  2011.2329           97.11            0.99
  2011.2356           99.50            1.05
  2011.2384          100.31            0.93
  2011.2411           97.37            1.00
  2011.2439          102.93            1.05
  2011.2466          102.20            1.00
  2011.2493           98.83            0.93
  2011.2521           99.90            1.05
  2011.2548          101.26            0.99
  2011.2576           97.01            0.98
  2011.2603          101.76            1.20
  2011.2631          102.00            1.00
  2011.2657          100.72            0.97
  2011.2684          102.00            0.95
  2011.2712          102.98            0.96
  2011.2739           98.42            1.01
  2011.2767           99.90            1.07
  2011.2794           77.59            7.81
  2011.2822          100.12            1.04
  2011.2849          103.28            1.84
  2011.2877          100.73            0.92
  2011.2904          100.86            0.91
  2011.2931           97.39            1.77
  2011.2959           98.79            0.79
  2011.2986          107.06            0.79
  2011.3014          100.65            0.81
  2011.3041           93.56            1.00
  2011.3069           96.34            1.02
  2011.3096           98.82            0.79
  2011.3124          100.41            0.78
  2011.3151          101.96            0.76
  2011.3177           99.90            0.76
  2011.3206          102.29            0.78
  2011.3232          102.52            0.84
  2011.3260          102.19            0.78
  2011.3287          103.34            0.79
  2011.3315          101.29            0.78
  2011.3342          100.90            0.87
  2011.3370          103.33            0.93
  2011.3397          101.51            0.80
  2011.3424          102.75            0.78
  2011.3452          104.92            0.78
  2011.3479          101.43            0.80
  2011.3507          103.50            0.76
  2011.3534          100.09            0.79
  2011.3562           98.44            0.94
  2011.3589          104.77            0.79
  2011.3617          102.11            0.77
  2011.3644          102.54            0.74
  2011.3671          102.39            0.83
  2011.3699          101.94            0.87
  2011.3726           98.48            0.88
  2011.3754          101.39            0.87
  2011.3781          100.66            0.89
  2011.3809          100.92            3.09
  2011.3835          100.40            0.92
  2011.3864          101.83            0.80
  2011.3890          103.34            2.31
  2011.3917          100.38            0.89
  2011.3945           98.05            0.93
  2011.3972          101.07            0.85
  2011.4000          100.10            0.85
  2011.4027          100.68            0.89
  2011.4055          101.34            0.85
  2011.4082          102.67            0.75
  2011.4110          101.29            0.74
  2011.4137          101.04            0.76
  2011.4164          102.70            0.76
  2011.4192          102.33            0.80
  2011.4219          102.62            0.75
  2011.4247          102.56            0.79
  2011.4274           98.72            0.82
  2011.4302          100.68            0.85
  2011.4329          100.58            0.88
  2011.4357          101.46            0.91
  2011.4384          102.00            0.78
  2011.4410          103.49            0.84
  2011.4438          104.66            0.81
  2011.4465          101.73            0.82
  2011.4493          101.89            0.78
  2011.4520          102.46            0.78
  2011.4548          103.05            0.92
  2011.4575          101.86            0.81
  2011.4603           99.87            0.82
  2011.4630          100.93            0.88
  2011.4657          102.48            0.91
  2011.4685          103.39            0.86
  2011.4712          106.02            0.82
  2011.4740          105.28            0.80
  2011.4767          104.94            0.84
  2011.4795          106.21            0.79
  2011.4822          107.79            0.80
  2011.4850          105.48            0.77
  2011.4877          106.62            0.79
  2011.4904          103.54            0.80
  2011.4932          104.71            2.53
  2011.4958          106.65            0.81
  2011.4987          106.59            0.79
  2011.5013          106.63            0.78
  2011.5042          110.10            1.67
  2011.5068          105.65            0.91
  2011.5096          110.70            1.01
  2011.5123          105.17            0.87
  2011.5150          108.16            2.02
  2011.5178          105.83            0.86
  2011.5205          108.46            0.84
  2011.5233          106.14            0.81
  2011.5260          107.54            1.03
  2011.5315          105.11            0.82
  2011.5343          108.90            2.15
  2011.5370          104.68            3.05
  2011.5397          108.70            0.90
  2011.5425          109.34            1.63
  2011.5452          108.93            0.85
  2012.0685          137.98            3.32
  2012.0713          139.76            2.41
  2012.0740          153.13            4.36
  2012.0767          134.33            1.30
  2012.0795          140.67            1.03
  2012.0822          147.06            1.01
  2012.0850          141.38            0.94
  2012.0876           88.14            5.03
  2012.0905          146.88            2.15
  2012.0931          139.18            0.91
  2012.0959          143.23            0.99
  2012.0986          139.90            1.15
  2012.1013          145.12            0.95
  2012.1041          138.56            1.02
  2012.1068          135.61            2.16
  2012.1096          142.35            0.87
  2012.1123          140.59            1.00
  2012.1151          141.39            1.05
  2012.1178          141.97            0.98
  2012.1206          139.04            1.20
  2012.1233          141.17            0.92
  2012.1260          143.34            0.91
  2012.1288          144.48            2.11
  2012.1315          146.04            0.99
  2012.1343          140.98            0.99
  2012.1370          143.88            0.99
  2012.1398          146.40            1.87
  2012.1425          144.72            0.85
  2012.1453          141.96            2.39
  2012.1479          149.17            0.98
  2012.1506          142.91            0.86
  2012.1534          142.66            1.05
  2012.1561          141.90            0.91
  2012.1589          145.90            1.11
  2012.1616          144.07            1.19
  2012.1644          145.34            1.04
  2012.1671          150.02            2.07
  2012.1699          143.71            0.96
  2012.1726          146.44            1.13
  2012.1781          144.65            2.17
  2012.1808          145.14            1.00
  2012.1836          141.56            3.12
  2012.1863          146.48            0.85
  2012.1891          146.08            0.85
  2012.1918          147.50            0.91
  2012.1946          146.67            0.94
  2012.1973          147.71            1.07
  2012.2000          148.36            0.98
  2012.2028          151.56            0.92
  2012.2054          146.71            0.89
  2012.2083          174.70            3.08
  2012.2109          147.45            0.95
  2012.2137          148.90            0.87
  2012.2164          151.73            1.81
  2012.2192          149.69            0.82
  2012.2219          149.99            0.85
  2012.2246          154.99            0.82
  2012.2274          149.33            0.80
  2012.2301          150.95            0.84
  2012.2329          152.99            0.88
  2012.2356          154.12            1.81
  2012.2384          150.43            0.81
  2012.2411          153.03            0.83
  2012.2439          150.42            0.83
  2012.2466          151.39            0.78
  2012.2493          150.12            0.88
  2012.2521          151.78            0.84
  2012.2548          150.17            0.86
  2012.2576          149.64            0.82
  2012.2603          150.05            2.02
  2012.2631          149.08            0.89
  2012.2657          148.82            0.80
  2012.2684          149.25            0.84
  2012.2712          150.33            0.89
  2012.2739          152.64            0.88
  2012.2767          151.49            0.86
  2012.2794          150.43            0.94
  2012.2822          149.04            0.85
  2012.2849          151.89            0.93
  2012.2877          153.42            0.90
  2012.2904          152.79            0.94
  2012.2931          150.83            0.87
  2012.2959          154.42            0.96
  2012.2986          153.22            0.90
  2012.3014          151.79            0.80
  2012.3041          153.58            0.91
  2012.3069          151.82            0.89
  2012.3096          153.91            0.72
  2012.3124          139.42            3.06
  2012.3151          158.98            0.89
  2012.3177          154.24            2.90
  2012.3206          152.47            0.79
  2012.3232          153.57            0.78
  2012.3260          150.64            0.77
  2012.3287          151.38            0.75
  2012.3315          150.61            1.00
  2012.3342          148.76            0.79
  2012.3370          150.48            0.79
  2012.3397          153.01            0.77
  2012.3424          153.23            0.74
  2012.3452          154.77            0.91
  2012.3479          158.13            5.87
  2012.3507          151.38            0.78
  2012.3534          153.04            0.78
  2012.3562          156.97            2.04
  2012.3589          153.19            0.84
  2012.3617          152.86            0.86
  2012.3644          157.09            1.62
  2012.3671          152.63            0.78
  2012.3699          150.95            0.78
  2012.3726          148.09            0.94
  2012.3754          153.99            0.83
  2012.3781          153.50            0.82
  2012.3809          151.42            0.78
  2012.3835          154.08            2.19
  2012.3864          152.99            0.83
  2012.3890          154.28            0.80
  2012.3917          152.85            0.80
  2012.3945          153.41            0.79
  2012.3972          152.93            0.80
  2012.4000          153.85            0.78
  2012.4027          152.85            0.85
  2012.4055          149.44            0.88
  2012.4110          155.21            0.82
  2012.4137          155.03            0.96
  2012.4164          155.43            2.97
  2012.4192          151.99            0.80
  2012.4219          152.73            0.85
  2012.4247          154.01            0.82
  2012.4274          156.69            0.83
  2012.4329          155.72            0.76
  2012.4357          157.86            0.73
  2012.4384          155.30            0.73
  2012.4410          157.27            2.83
  2012.4438          155.81            0.75
  2012.4465          155.65            0.82
  2012.4493          156.81            0.83
  2012.4520          156.25            0.88
  2012.4548          164.52            6.82
  2012.4575          158.04            0.80
  2012.4603          167.40            4.33
  2012.4630          155.74            0.84
  2012.4657          156.88            0.79
  2012.4685          158.71            1.70
  2012.4712          156.34            0.88
  2012.4740          156.23            0.80
  2012.4767          153.36            0.93
  2012.4795          154.63            0.77
  2012.4822          159.18            0.77
  2012.4850          157.03            0.76
  2012.4877          167.96            1.84
  2012.4904          157.79            1.00
  2012.4932          157.90            0.81
  2012.4958          159.15            0.82
  2012.4987          160.97            0.84
  2012.5013          156.76            0.86
  2012.5042          158.56            0.80
  2012.5068          159.36            0.81
  2012.5096          160.25            2.06
  2012.5123          163.06            0.87
  2012.5150          157.06            1.92
  2012.5178          158.80            2.12
  2012.5205          159.25            0.80
  2012.5233          165.15            0.84
  2012.5260          159.45            0.76
  2012.5288          159.61            0.79
  2012.5315          161.71            2.21
  2012.5343          162.71            1.12
  2012.5370          160.18            0.74
  2012.5397          160.15            0.76
  2012.5425          162.85            0.78
  2012.5452          164.56            0.80
  2012.5480          162.46            0.81
  2012.5507          160.29            0.90
  2012.5535          160.92            0.79
  2012.5562          160.72            0.78
  2012.5590          160.01            0.79
  2012.5616          163.04            0.79
  2012.5643          162.40            0.77
  2012.5671          161.61            0.78
  2012.5698          171.75            2.01
  2012.5726          163.49            0.79
  2012.5753          161.21            0.79
  2012.5781          164.44            0.81
  2012.5808          165.77            0.78
  2012.5836          165.36            0.77
  2012.5863          165.11            0.85
  2012.5890          163.66            0.80
  2012.5918          162.70            0.79
  2012.5945          166.42            0.78
  2012.5973          164.22            1.23
  2012.6000          167.01            0.79
  2012.6055          163.00            0.82
  2012.6083          164.50            0.82
  2012.6110          165.99            0.77
  2012.6136          164.56            1.76
  2012.6165          165.92            0.83
  2012.6191          164.02            0.84
  2012.6219          167.34            0.86
  2012.6246          167.70            2.00
  2012.6274          166.11            0.83
  2012.6301          167.75            1.85
  2012.6329          167.44            2.36
  2012.6356          163.71            0.85
  2012.6383          169.73            2.45
  2012.6411          164.68            0.84
  2012.6438          167.96            0.86
  2012.6466          173.86            1.95
  2012.6493          168.39            0.80
  2012.6521          169.44            0.82
  2012.6548          167.76            0.77
  2012.6576          168.89            0.78
  2012.6603          149.57            2.42
  2012.6630          168.78            0.97
  2012.6658          178.12            1.80
  2012.6685          165.84            0.82
  2012.6713          173.23            1.78
  2012.6740          165.66            0.87
  2012.6768          160.59            1.99
  2012.6794          169.73            0.82
  2012.6823          168.95            0.88
  2012.6849          162.06            2.44
  2012.6876          170.12            0.86
  2012.6904          169.96            0.82
  2012.6931          170.19            0.79
  2012.6959          168.18            0.79
  2012.6986          170.42            0.91
  2012.7014          174.29            0.89
  2012.7041          169.98            0.97
  2012.7069          166.15            1.60
  2012.7096          168.78            0.83
  2012.7123          168.99            0.84
  2012.7151          168.34            0.87
  2012.7178          170.84            0.90
  2012.7206          172.72            1.68
  2012.7233          171.21            0.85
  2012.7261          174.11            0.85
  2012.7288          172.00            0.82
  2012.7316          172.01            0.84
  2012.7343          170.19            0.87
  2012.7369          170.69            0.91
  2012.7397          170.01            0.99
  2012.7424          170.61            0.96
  2012.7452          170.68            0.87
  2012.7479          167.14            0.91
  2012.7507          172.38            0.90
  2012.7534          170.67            0.98
  2012.7561          170.92            1.04
  2012.7589          176.56            2.37
  2012.7616          174.33            0.92
  2012.7644          171.43            0.86
  2012.7671          173.98            1.03
  2012.7699          173.11            1.00
  2012.7726          174.74            0.99
  2012.7754          176.15            1.17
  2012.7781          174.25            0.89
  2012.7808          176.40            0.98
  2012.7836          177.39            0.90
  2012.7863          175.14            0.88
  2012.7891          175.81            0.96
  2012.7917          175.48            0.99
  2012.7946          176.70            0.99
  2012.7972          180.34            2.04
  2012.8000          174.52            0.90
  2012.8027          174.49            1.02
  2012.8054          173.84            1.07
  2012.8082          178.00            2.53
  2012.8109          174.74            1.01
  2012.8137          174.97            1.07
  2012.8164          172.28            1.06
  2012.8192          180.25            1.17
  2012.8247          175.65            1.08
  2012.8274          173.37            1.31
  2012.8301          177.71            1.18
  2012.8329          173.02            3.10
  2012.8356          178.18            0.97
  2012.8384          176.82            0.94
  2012.8411          175.07            1.03
  2012.8439          177.24            1.07
  2012.8466          175.85            0.97
  2012.8494          178.77            0.99
  2012.8521          177.11            1.02
  2012.8547          173.59            1.11
  2012.8575          163.29            3.01
  2012.8602          178.53            0.97
  2012.8630          184.42            3.22
  2012.8657          180.39            0.97
  2012.8685          183.19            1.01
  2012.8712          179.93            0.97
  2012.8740          180.61            1.06
  2012.8767          184.69            1.00
  2012.8794          180.97            1.00
  2012.8822          186.36            1.01
  2012.8849          181.66            0.99
  2012.8877          180.21            0.95
  2012.8904          185.18            1.00
  2012.8932          176.53            1.45
  2012.8959          192.14            1.88
  2012.8987          183.61            1.02
  2012.9014          181.56            1.01
  2012.9041          183.99            3.97
  2012.9069          186.99            1.03
  2012.9095          181.33            1.00
  2012.9124          176.15            2.25
  2012.9150          184.72            2.60
  2012.9178          184.21            1.08
  2012.9205          183.37            1.07
  2012.9233          183.53            1.70
  2012.9260          188.84            1.19
  2012.9287          183.06            1.15
  2012.9315          183.65            1.06
  2012.9342          177.88            1.49
  2012.9370          188.35            1.17
  2012.9397          181.90            1.07
  2012.9425          185.64            1.03
  2012.9452          184.12            1.12
  2012.9480          183.82            1.06
  2012.9507          182.57            1.13
  2012.9534          186.85            1.04
  2012.9562          182.96            1.11
  2012.9589          184.08            1.09
  2012.9617          182.78            1.15
  2012.9644          189.67            1.07
  2012.9672          178.49            3.46
  2012.9698          182.82            1.28
  2012.9727          183.17            1.22
  2012.9753          186.56            1.08
  2012.9780          183.27            1.08
  2012.9808          183.60            1.15
  2012.9835          180.16            1.31
  2012.9863          186.92            1.16
  2012.9890          185.77            0.99
  2012.9918          187.89            0.99
  2012.9945          184.82            1.02
  2012.9973          188.07            0.99
  2013.0000          186.77            1.03
  2013.0027          188.32            1.19
  2013.0027          189.56            0.85
  2013.0055          188.81            0.84
  2013.0082          188.91            1.05
  2013.0110          188.08            0.91
  2013.0137          187.09            0.95
  2013.0165          187.11            0.99
  2013.0192          186.94            1.03
  2013.0220          188.48            0.89
  2013.0247          187.29            0.97
  2013.0273          185.37            0.94
  2013.0302          193.75            0.97
  2013.0328          189.69            0.95
  2013.0356          196.92            2.39
  2013.0383          188.93            2.78
  2013.0411          186.57            0.96
  2013.0438          193.56            1.15
  2013.0466          191.04            1.17
  2013.0493          190.27            0.95
  2013.0520          189.93            0.83
  2013.0548          208.79           17.08
  2013.0575          189.36            0.94
  2013.0603          188.10            0.89
  2013.0630          191.09            1.01
  2013.0658          191.17            1.03
  2013.0685          189.12            0.85
  2013.0713          189.78            0.79
  2013.0740          189.14            0.82
  2013.0795          189.53            0.83
  2013.0822          190.42            0.97
  2013.0850          189.16            1.01
  2013.0876          193.88            3.74
  2013.0905          191.08            0.89
  2013.0931          194.25            0.95
  2013.0959          191.33            0.97
  2013.0986          190.11            0.86
  2013.1013          195.57            1.09
  2013.1041          191.13            0.83
  2013.1068          192.49            0.85
  2013.1096          192.24            0.85
  2013.1123          190.59            0.94
  2013.1151          190.14            0.94
  2013.1178          193.21            0.91
  2013.1206          190.52            0.87
  2013.1233          189.49            0.94
  2013.1260          198.88            2.33
  2013.1288          190.24            0.96
  2013.1315          193.50            0.89
  2013.1343          194.21            0.82
  2013.1370          193.93            0.78
  2013.1398          193.94            0.85
  2013.1425          192.62            0.91
  2013.1453          192.71            0.85
  2013.1479          189.62            0.87
  2013.1506          193.31            0.83
  2013.1534          196.69            1.90
  2013.1561          193.01            0.81
  2013.1589          196.09            0.81
  2013.1616          194.00            0.85
  2013.1644          195.28            0.86
  2013.1671          195.60            0.83
  2013.1699          196.18            0.79
  2013.1726          195.94            0.81
  2013.1753          194.07            0.90
  2013.1781          193.82            1.03
  2013.1808          192.11            0.93
  2013.1863          200.34            0.95
  2013.1918          196.30            0.91
  2013.2000          197.61            0.79
  2013.2028          197.44            0.82
  2013.2054          197.36            0.88
  2013.2083          199.06            0.85
  2013.2109          199.34            0.78
  2013.2164          196.44            0.91
  2013.2192          195.98            0.80
  2013.2219          197.92            0.78
  2013.2246          198.05            0.82
  2013.2274          198.21            0.88
  2013.2301          198.95            0.88
  2013.2329          197.58            0.87
  2013.2356          199.38            0.80
  2013.2384          197.77            0.78
  2013.2411          198.76            0.88
  2013.2439          199.96            0.85
  2013.2466          197.47            0.84
  2013.2493          203.62            0.88
  2013.2548          198.20            0.94
  2013.2576          199.47            0.99
  2013.2603          198.65            0.94
  2013.2631          201.40            0.94
  2013.2657          203.91            1.74
  2013.2684          199.20            1.03
  2013.2712          201.15            1.07
  2013.2794          206.24            0.95
  2013.2822          202.11            0.86
  2013.2849          196.41            0.86
  2013.2877          201.35            0.91
  2013.2904          196.58            0.86
  2013.2931          197.67            0.86
  2013.2959          194.99            0.89
  2013.2986          201.12            0.88
  2013.3014          200.02            0.90
  2013.3041          200.58            0.92
  2013.3069          201.92            0.96
  2013.3096          202.15            0.93
  2013.3124          203.47            0.92
  2013.3151          202.01            0.91
  2013.3177          205.12            0.97
  2013.3206          200.56            0.90
  2013.3232          199.19            0.95
  2013.3260          200.49            0.87
  2013.3287          200.67            0.83
  2013.3315          200.94            0.92
  2013.3342          201.40            1.00
  2013.3370          200.21            0.99
  2013.3397          203.36            0.89
  2013.3424          204.97            0.87
  2013.3452          202.41            0.94
  2013.3479          202.41            0.91
  2013.3562          201.99            0.90
  2013.3589          202.07            0.80
  2013.3617          199.62            1.54
  2013.3644          199.41            0.78
  2013.3671          202.84            0.79
  2013.3699          202.69            0.76
  2013.3726          202.23            0.74
  2013.3754          201.18            0.77
  2013.3781          203.53            0.81
  2013.3809          201.77            1.31
  2013.3835          201.00            0.80
  2013.3864          202.13            0.77
  2013.3890          200.50            0.78
  2013.3917          202.68            0.77
  2013.3945          202.32            0.77
  2013.4000          200.92            0.82
  2013.4027          201.92            0.86
  2013.4055          200.02            0.87
  2013.4082          202.62            0.77
  2013.4110          199.79            0.78
  2013.4137          200.19            0.95
  2013.4164          200.11            0.96
  2013.4192          206.74            0.89
  2013.4219          202.50            0.81
  2013.4247          207.08            0.91
  2013.4274          207.16            0.90
  2013.4302          202.97            0.85
  2013.4329          205.44            0.87
  2013.4357          206.56            0.84
  2013.4384          206.14            0.88
  2013.4410          206.77            0.84
  2013.4438          204.12            0.86
  2013.4465          206.58            0.87
  2013.4493          208.12            2.33
  2013.4520          206.85            0.87
  2013.4548          205.50            0.93
  2013.4575          207.16            0.86
  2013.4603          204.56            0.86
  2013.4630          207.51            0.88
  2013.4657          207.98            0.84
  2013.4685          206.86            0.84
  2013.4712          207.66            0.91
  2013.4740          207.56            0.75
  2013.4767          210.36            0.77
  2013.4795          210.10            0.76
  2013.4822          207.48            0.75
  2013.4850          205.71            0.78
  2013.4877          205.23            0.84
  2013.4904          208.64            0.83
  2013.4932          208.99            2.05
  2013.4958          207.73            0.75
  2013.4987          206.77            0.74
  2013.5013          212.38            0.78
  2013.5042          207.70            0.79
  2013.5068          209.32            0.81
  2013.5096          209.34            0.78
  2013.5123          209.80            0.74
  2013.5150          210.93            0.73
  2013.5178          211.04            0.75
  2013.5205          261.56            4.09
  2013.5233          212.77            0.78
  2013.5260          211.70            0.76
  2013.5288          210.29            0.75
  2013.5315          212.98            0.80
  2013.5343          211.86            0.77
  2013.5370          212.01            0.89
  2013.5397          211.49            0.73
  2013.5425          211.68            0.97
  2013.5452          213.22            0.76
  2013.5480          212.54            0.76
  2013.5507          213.46            0.84
  2013.5535          214.18            0.74
  2013.5562          215.12            0.72
  2013.5590          211.20            1.58
  2013.5616          213.57            0.72
  2013.5643          214.50            0.85
  2013.5671          214.36            0.80
  2013.5698          212.34            0.89
  2013.5726          213.89            0.71
  2013.5753          213.28            0.72
  2013.5781          213.77            0.76
  2013.5808          214.28            0.73
  2013.5836          213.73            0.70
  2013.5863          212.31            1.68
  2013.5890          213.38            0.76
  2013.5918          212.17            0.81
  2013.5945          214.59            0.78
  2013.5973          211.71            0.78
  2013.6000          213.13            0.83
  2013.6028          216.15            0.77
  2013.6055          215.09            1.54
  2013.6083          222.38            6.07
  2013.6110          212.82            0.78
  2013.6136          214.07            0.79
  2013.6165          214.24            0.89
  2013.6191          215.46            0.74
  2013.6219          213.92            0.78
  2013.6246          215.56            0.75
  2013.6274          213.78            0.72
  2013.6301          214.47            0.76
  2013.6329          214.05            0.77
  2013.6356          215.48            0.76
  2013.6383          215.62            0.77
  2013.6411          217.24            0.88
  2013.6438          216.64            0.74
  2013.6466          216.56            0.77
  2013.6521          215.61            0.74
  2013.6548          220.47            1.80
  2013.6576          214.66            0.73
  2013.6603          215.43            0.74
  2013.6630          217.67            0.75
  2013.6658          214.59            0.80
  2013.6685          215.77            0.78
  2013.6713          217.74            0.80
  2013.6740          218.38            0.80
  2013.6768          215.38            1.04
  2013.6794          212.74            0.88
  2013.6823          215.84            0.89
  2013.6849          214.20            0.90
  2013.6876          214.78            0.90
  2013.6904          212.95            1.02
  2013.6931          215.94            0.87
  2013.6959          217.12            0.84
  2013.6986          202.97            4.63
  2013.7014          216.24            0.93
  2013.7041          219.23            0.85
  2013.7069          218.77            0.83
  2013.7096          219.09            0.81
  2013.7123          217.81            0.82
  2013.7151          217.64            0.81
  2013.7178          214.91            0.87
  2013.7206          215.72            0.85
  2013.7233          219.05            0.87
  2013.7261          218.67            0.86
  2013.7288          222.25            0.88
  2013.7316          217.86            0.79
  2013.7343          219.20            0.80
  2013.7369          218.04            0.90
  2013.7397          218.67            0.84
  2013.7424          220.13            0.84
  2013.7561          219.84            0.81
  2013.7589          221.27            0.85
  2013.7616          218.69            0.89
  2013.7644          221.53            0.82
  2013.7671          221.92            0.94
  2013.7699          224.90            1.48
  2013.7726          221.49            0.84
  2013.7754          224.29            0.90
  2013.7781          224.67            0.96
  2013.7808          224.59            1.84
  2013.7836          223.56            0.90
  2013.7863          223.40            0.93
  2013.7891          222.89            0.87
  2013.7917          225.36            0.90
  2013.7946          226.60            1.08
  2013.7972          224.54            0.87
  2013.8000          225.62            0.91
  2013.8027          226.57            0.97
  2013.8054          226.35            1.03
  2013.8082          224.70            0.97
  2013.8109          227.60            0.84
  2013.8137          223.05            2.19
  2013.8164          227.58            0.87
  2013.8192          226.36            0.92
  2013.8219          229.00            0.81
  2013.8247          227.35            0.82
  2013.8274          226.40            0.98
  2013.8301          224.08            0.94
  2013.8329          227.26            0.94
  2013.8356          222.01            0.93
  2013.8384          223.67            0.88
  2013.8411          227.76            0.92
  2013.8439          227.51            0.86
  2013.8466          227.45            1.50
  2013.8494          223.45            0.98
  2013.8521          227.21            0.90
  2013.8547          225.89            1.53
  2013.8575          226.11            0.94
  2013.8602          226.26            0.98
  2013.8630          230.31            0.97
  2013.8657          227.47            0.94
  2013.8685          228.27            0.93
  2013.8712          228.74            0.98
  2013.8740          229.48            1.88
  2013.8767          233.59            0.88
  2013.8794          228.52            0.89
  2013.8822          230.81            0.94
  2013.8849          231.17            0.94
  2013.8877          229.90            0.97
  2013.8904          232.38            0.93
  2013.8932          229.36            0.95
  2013.8959          229.60            0.97
  2013.8987          230.06            0.99
  2013.9014          231.55            0.94
  2013.9041          232.33            0.92
  2013.9069          227.07            1.90
  2013.9095          227.07            1.96
  2013.9124          227.70            0.92
  2013.9150          233.01            0.93
  2013.9178          232.34            0.91
  2013.9205          235.51            1.02
  2013.9233          232.92            1.18
  2013.9260          231.54            0.90
  2013.9287          231.19            0.94
  2013.9315          233.67            0.97
  2013.9342          230.26            0.94
  2013.9370          230.41            1.02
  2013.9397          231.85            0.99
  2013.9425          226.51            0.98
  2013.9452          234.77            1.01
  2013.9480          237.80            1.01
  2013.9507          238.39            0.96
  2013.9534          236.65            1.01
  2013.9562          232.46            0.95
  2013.9589          235.09            1.03
  2013.9617          236.57            0.99
  2013.9644          236.12            0.99
  2013.9672          234.44            0.95
  2013.9698          229.08            1.03
  2013.9727          233.04            1.03
  2013.9753          234.41            1.02
  2013.9780          238.31            1.04
  2013.9808          236.63            0.99
  2013.9835          235.69            1.08
  2013.9863          233.71            1.05
  2013.9890          238.20            1.15
  2013.9918          239.41            1.02
  2013.9945          232.59            1.13
  2013.9973          229.86            1.05
  2014.0000          237.56            1.11
  2014.0027          236.27            1.15
  2014.0055          238.39            1.46
  2014.0082          236.80            1.11
  2014.0110          234.79            1.09
  2014.0137          237.02            1.05
  2014.0165          234.91            1.09
  2014.0192          239.30            1.11
  2014.0220          234.52            1.12
  2014.0247          233.24            1.13
  2014.0273          237.72            1.16
  2014.0302          239.75            1.11
  2014.0328          241.79            1.14
  2014.0356          235.54            1.09
  2014.0383          234.58            4.13
  2014.0411          237.44            1.10
  2014.0438          238.71            1.17
  2014.0466          238.30            1.16
  2014.0493          242.88            1.11
  2014.0548          237.44            1.09
  2014.0575          235.43            0.96
  2014.0603          236.55            0.91
  2014.0630          235.84            1.03
