  2009.1506            0.00            0.09
  2009.1534            1.56            0.09
  2009.1561            0.14            0.07
  2009.1589            2.90            0.08
  2009.1616            0.85            0.09
  2009.1644            0.63            0.16
  2009.1671            0.49            0.10
  2009.1699            1.09            0.09
  2009.1726            0.68            0.09
  2009.1753            1.02            0.09
  2009.1781           -6.65            0.08
  2009.1808           -0.42            0.09
  2009.1836            0.48            0.09
  2009.1863            1.66            0.09
  2009.1891            2.38            0.09
  2009.1918           -4.71            0.61
  2009.1946           -6.97            0.10
  2009.1973            2.63            0.09
  2009.2000            2.33            0.09
  2009.2028            5.06            0.08
  2009.2054            5.73            0.10
  2009.2083            5.13            0.08
  2009.2109            4.94            0.08
  2009.2137           -2.20            0.67
  2009.2164            4.72            0.08
  2009.2192            3.15            0.08
  2009.2219           -1.93            0.09
  2009.2246            2.80            0.10
  2009.2274            0.27            0.09
  2009.2301            1.00            0.09
  2009.2329            1.46            0.09
  2009.2356            1.33            0.09
  2009.2384            1.40            0.09
  2009.2411            0.63            0.09
  2009.2439            1.42            0.09
  2009.2466            2.44            0.09
  2009.2493            1.50            0.08
  2009.2521            3.40            0.10
  2009.2548            1.59            0.10
  2009.2576           -1.16            0.09
  2009.2603            0.85            0.16
  2009.2631            0.26            0.09
  2009.2657            0.30            0.09
  2009.2684            1.81            0.09
  2009.2712            2.35            0.09
  2009.2739            3.73            0.09
  2009.2767            2.03            0.08
  2009.2794            4.07            0.08
  2009.2822            1.86            0.08
  2009.2849            2.83            0.09
  2009.2877            3.37            0.08
  2009.2904            2.23            0.09
  2009.2931            3.39            0.09
  2009.2959            3.49            0.08
  2009.2986            1.78            0.08
  2009.3014            0.54            0.08
  2009.3069            1.51            0.09
  2009.3096            3.63            0.08
  2009.3124            5.35            0.09
  2009.3177            3.38            0.09
  2009.3206            0.54            0.09
  2009.3232            2.94            0.09
  2009.3315            3.46            0.09
  2009.3370            3.66            0.09
  2009.3397            3.60            0.10
  2009.3424            4.04            0.09
  2009.3479            2.63            0.09
  2009.3507            0.99            0.09
  2009.3534            2.31            0.09
  2009.3562            2.34            0.09
  2009.3589            3.64            0.09
  2009.3617            2.45            0.10
  2009.3671            1.08            0.09
  2009.3699            1.01            0.09
  2009.3726            0.25            0.09
  2009.3781            4.85            0.09
  2009.3809            5.39            1.06
  2009.3864            3.03            0.09
  2009.3890            3.46            0.09
  2009.3917            3.96            0.08
  2009.3972            2.44            0.10
  2009.4000            1.36            0.09
  2009.4027            3.38            0.09
  2009.4082            2.27            0.09
  2009.4110           -2.37            0.09
  2009.4164            5.43            0.09
  2009.4192            5.23            0.09
  2009.4219            0.64            0.91
  2009.4274            1.23            0.08
  2009.4302            3.31            0.08
  2009.4329            3.28            0.08
  2009.4384            3.96            0.09
  2009.4410            4.95            0.08
  2009.4465            4.27            0.08
  2009.4493            5.26            0.08
  2009.4520            3.17            0.09
  2009.4575            2.94            0.09
  2009.4603            3.13            0.10
  2009.4630            3.88            0.09
  2009.4657            3.82            0.09
  2009.4685            6.35            0.09
  2009.4712            2.91            0.08
  2009.4767            2.74            0.08
  2009.4795            2.07            0.08
  2009.4822            2.44            0.09
  2009.4877            2.87            0.08
  2009.4904            4.56            0.10
  2009.4958            3.97            0.08
  2009.4987            1.52            0.19
  2009.5013            3.68            0.08
  2009.5068            1.48            0.08
  2009.5096            7.19            0.08
  2009.5123            4.12            0.08
  2009.5178            5.60            0.07
  2009.5205            5.81            0.08
  2009.5260            4.92            0.08
  2009.5288            6.31            0.07
  2009.5315            5.27            0.08
  2009.5370            4.68            0.08
  2009.5397            3.22            0.08
  2009.5425            4.75            0.08
  2009.5507          -64.00            0.90
  2009.5535            6.96            1.10
  2009.5590            6.48            0.08
  2009.5616            7.11            0.08
  2009.5643            5.71            0.07
  2009.5698            4.76            0.07
  2009.5726            4.25            0.08
  2009.5753           16.45            1.07
  2009.5781            5.68            0.09
  2009.5808            4.19            0.11
  2009.5836            0.67            0.01
  2009.5863           -6.04            0.18
  2009.5890            2.71            0.01
  2009.5918            4.48            0.09
  2009.5945           12.78            0.75
  2009.5973            6.33            0.08
  2009.6000            7.54            0.08
  2009.6028            8.51            0.08
  2009.6083            3.15            0.01
  2009.6110            5.08            0.09
  2009.6136            9.70            0.10
  2009.6165            5.68            0.07
  2009.6191            5.42            0.08
  2009.6219            5.93            0.09
  2009.6246           -2.38            0.36
  2009.6274            6.76            0.08
  2009.6301            6.26            0.09
  2009.6329          -13.18            0.10
  2009.6356           18.26            0.11
  2009.6383           12.01            0.21
  2009.6411            6.63            0.08
  2009.6438            3.58            0.63
  2009.6466            5.19            0.09
  2009.6493            6.49            0.09
  2009.6521           -2.92            1.00
  2009.6548           -1.07            0.02
  2009.6576            5.26            0.09
  2009.6603            4.90            0.09
  2009.6630          -19.69           12.18
  2009.6823           11.78            0.30
  2009.6849            7.97            0.15
  2009.6876            7.30            0.09
  2009.6904           13.10            0.14
  2009.6931           -8.78            0.13
  2009.6959            3.01            0.08
  2009.6986            0.36            0.08
  2009.7014            8.04            1.36
  2009.7041            6.31            0.02
  2009.7069            9.16            0.09
  2009.7096            3.63            0.76
  2009.7123           -0.85            0.03
  2009.7151            6.16            0.10
  2009.7178            7.78            0.09
  2009.7206            7.78            0.27
  2009.7233            5.05            0.09
  2009.7261            5.61            0.09
  2009.7288            4.95            0.26
  2009.7316            5.64            0.09
  2009.7343            5.85            0.09
  2009.7369            5.44            0.09
  2009.7397            9.67            0.29
  2009.7424            8.50            0.09
  2009.7452            8.74            0.09
  2009.7507            4.39            0.07
  2009.7534            8.54            0.09
  2009.7561            7.39            0.09
  2009.7589            1.41            0.25
  2009.7616            6.77            0.10
  2009.7644            9.65            0.09
  2009.7671            9.83            0.09
  2009.7699          -27.45           10.60
  2009.7726            9.71            0.09
  2009.7754           10.01            0.10
  2009.7781           -0.08            0.35
  2009.7808            8.49            0.08
  2009.7836           11.20            0.08
  2009.7891           10.43            0.10
  2009.7917           12.11            0.09
  2009.7946           11.45            0.09
  2009.8164           16.02            0.39
  2009.8192           13.00            0.08
  2009.8219           11.56            0.10
  2009.8247           19.85           13.14
  2009.8274           12.51            0.17
  2009.8329           10.79            0.10
  2009.8356            5.32            0.18
  2009.8439            4.74            2.54
  2009.8466           10.21            0.11
  2009.8521           16.20            0.22
  2009.8547            5.77            0.08
  2009.8575           12.70            0.10
  2009.8657           15.44            0.24
  2009.8685           13.14            0.29
  2009.8740            0.53            0.11
  2009.8767            9.34            0.06
  2009.8822           11.16            0.12
  2009.8849           14.60            0.17
  2009.8877           14.96            0.26
  2009.8932           23.50            6.67
  2009.8959           14.53            0.25
  2009.8987           11.21            0.12
  2009.9041           14.68            0.26
  2009.9069           12.55            0.15
  2009.9124           32.59            1.79
  2009.9150           13.00            0.12
  2009.9178           12.89            0.11
  2009.9233           13.03            0.11
  2009.9260           14.43            0.11
  2009.9287           14.77            0.11
  2009.9342           17.55            0.20
  2009.9370           15.44            0.10
  2009.9425           14.67            0.10
  2009.9452           18.40            0.28
  2009.9480           15.84            0.11
  2009.9534           14.50            0.12
  2009.9562           16.71            0.12
  2009.9617           13.83            0.11
  2009.9644           16.54            0.11
  2009.9672           17.55            0.19
  2009.9753           20.45            0.10
  2009.9780           18.48            0.01
  2009.9835           16.53            0.19
  2009.9863           16.90            0.16
  2009.9918           16.78            0.11
  2009.9945           20.76            0.19
  2009.9973           21.91            0.23
  2010.0027           20.79            0.16
  2010.0055           21.60            0.18
  2010.0110           19.41            0.11
  2010.0137           22.93            0.19
  2010.0165           18.43            0.30
  2010.0192           20.38            0.13
  2010.0220           24.14            0.18
  2010.0247           20.26            0.10
  2010.0273           19.47            0.27
  2010.0302           19.52            0.11
  2010.0328           19.97            0.13
  2010.0356           24.08            0.86
  2010.0383           18.91            0.11
  2010.0411           16.93            0.12
  2010.0438           21.11            0.12
  2010.0466           24.74            0.43
  2010.0493           17.96            0.11
  2010.0520           19.61            0.11
  2010.0548           21.06            0.19
  2010.0575           19.38            0.07
  2010.0603           20.51            0.11
  2010.0630           19.36            0.10
  2010.0658           12.11            0.68
  2010.0685           20.42            0.11
  2010.0713           20.19            0.15
  2010.0740           19.52            0.11
  2010.0767           18.96            0.10
  2010.0795           21.02            0.11
  2010.0822           20.49            0.11
  2010.0850           20.42            0.28
  2010.0876           21.33            0.08
  2010.0905           20.11            0.11
  2010.0931           17.83            0.15
  2010.0959           21.57            0.11
  2010.0986           25.61            0.19
  2010.1013           22.83            0.19
  2010.1041           16.09            0.30
  2010.1068           22.34            0.08
  2010.1096           25.32            0.25
  2010.1123            1.37            0.08
  2010.1151           25.07            0.05
  2010.1178           21.09            0.10
  2010.1206           22.63            0.12
  2010.1233           20.68            0.11
  2010.1260           21.11            0.20
  2010.1288           23.68            0.22
  2010.1315           23.28            0.22
  2010.1343           23.19            0.17
  2010.1370           25.03            0.24
  2010.1398           20.89            0.17
  2010.1425           23.35            0.17
  2010.1453           21.69            0.22
  2010.1479           21.39            0.20
  2010.1506           23.56            0.23
  2010.1534           25.12            0.13
  2010.1561           21.81            0.12
  2010.1616           15.47            0.11
  2010.1644           14.08            0.12
  2010.1671           14.90            0.11
  2010.1699           15.64            0.19
  2010.1726           14.89            0.09
  2010.1753           13.04            0.10
  2010.1781           12.54            0.10
  2010.1808           10.59            0.10
  2010.1836           12.85            0.11
  2010.1863           11.24            0.11
  2010.1891           14.73            0.18
  2010.1918           15.52            0.19
  2010.1946           15.43            0.19
  2010.1973           12.80            0.14
  2010.2000           14.33            0.11
  2010.2028           14.49            0.13
  2010.2054           11.68            0.10
  2010.2083            7.67            0.03
  2010.2109           10.73            0.06
  2010.2137           12.20            0.10
  2010.2164            8.36            0.10
  2010.2192           10.29            0.11
  2010.2219           10.91            0.10
  2010.2246           11.87            0.10
  2010.2274            9.25            0.04
  2010.2301            7.77            0.03
  2010.2329            8.34            0.07
  2010.2356            7.90            0.03
  2010.2384            5.48            0.05
  2010.2411            8.06            0.07
  2010.2439            7.55            0.05
  2010.2466            6.86            0.05
  2010.2493           10.48            0.10
  2010.2521            7.39            0.05
  2010.2548            8.65            0.07
  2010.2576           10.25            0.03
  2010.2603            8.33            0.04
  2010.2631            7.01            0.05
  2010.2657            6.81            0.05
  2010.2684            7.49            0.04
  2010.2712            9.53            0.04
  2010.2739           11.57            0.06
  2010.2767            9.61            0.07
  2010.2794           10.39            0.07
  2010.2822           12.00            0.04
  2010.2849           11.16            0.06
  2010.2877           11.16            0.06
  2010.2904           12.23            0.06
  2010.2931           10.95            0.06
  2010.2959            9.89            0.06
  2010.2986           10.65            0.04
  2010.3014           10.78            0.05
  2010.3069            6.30            0.04
  2010.3096            9.05            0.07
  2010.3124            9.90            0.07
  2010.3151            6.93            0.04
  2010.3177            8.28            0.07
  2010.3206           14.26            0.20
  2010.3232           11.16            0.10
  2010.3260           10.28            0.09
  2010.3287            9.55            0.09
  2010.3315            9.75            0.09
  2010.3424            9.98            0.07
  2010.3452           10.04            0.07
  2010.3479           13.05            0.16
  2010.3507            9.07            0.07
  2010.3534           12.35            0.15
  2010.3562            8.83            0.06
  2010.3589            8.84            0.06
  2010.3617            9.77            0.11
  2010.3644            9.26            0.06
  2010.3671            8.58            0.04
  2010.3699            9.99            0.06
  2010.3726            9.04            0.06
  2010.3754            9.77            0.06
  2010.3781            7.88            0.05
  2010.3809           12.10            0.09
  2010.3835            9.79            0.06
  2010.3864            9.11            0.06
  2010.3890           11.87            0.05
  2010.3917            7.43            0.04
  2010.3945            9.44            0.06
  2010.3972           10.63            0.05
  2010.4000           10.23            0.07
  2010.4027           12.40            0.06
  2010.4055            8.99            0.07
  2010.4082            9.81            0.06
  2010.4110            9.03            0.21
  2010.4137            7.85            0.06
  2010.4164           10.89            0.09
  2010.4192           11.05            0.10
  2010.4219           11.66            0.10
  2010.4247           11.64            0.06
  2010.4274            9.66            0.07
  2010.4302            8.74            0.06
  2010.4329           10.96            0.05
  2010.4357           10.51            0.10
  2010.4384           12.05            0.09
  2010.4410           11.37            0.08
  2010.4438           10.23            0.07
  2010.4465           11.90            0.08
  2010.4520            8.00            0.17
  2010.4548           10.86            0.16
  2010.4575           11.19            0.09
  2010.4603            9.27            0.18
  2010.4630            7.67            0.16
  2010.4657            9.55            0.09
  2010.4685           11.83            0.09
  2010.4712           13.20            0.09
  2010.4740           12.83            0.09
  2010.4767           12.97            0.10
  2010.4795           13.36            0.10
  2010.4822           10.61            0.05
  2010.4850           11.60            0.05
  2010.4877           11.68            0.05
  2010.4904           12.82            0.05
  2010.4932           11.15            0.05
  2010.4958           13.59            0.15
  2010.4987           10.72            0.06
  2010.5013           12.52            0.08
  2010.5042           13.55            0.09
  2010.5068           12.82            0.09
  2010.5096           11.78            0.09
  2010.5123           13.02            0.05
  2010.5150           18.24            0.10
  2010.5178           16.10            0.20
  2010.5205            9.77            0.06
  2010.5233           13.74            0.06
  2010.5260           14.08            0.20
  2010.5288            9.92            0.03
  2010.5315           12.15            0.05
  2010.5343           12.18            0.05
  2010.5370           12.49            0.06
  2010.5397           11.48            0.06
  2010.5425           12.81            0.06
  2010.5452           11.54            0.06
  2010.5480            6.87            0.03
  2010.5507           11.45            0.05
  2010.5535           14.62            0.16
  2010.5562           10.92            0.06
  2010.5590           16.57            0.21
  2010.5616           18.38            0.25
  2010.5643            9.37            0.03
  2010.5671           11.31            0.06
  2010.5698            8.50            0.07
  2010.5726           16.68            0.20
  2010.5753           19.06            0.25
  2010.5781           17.29            0.25
  2010.5808           14.35            0.18
  2010.5836           13.01            0.09
  2010.5863           12.24            0.06
  2010.5890           11.96            0.05
  2010.5918           12.06            0.05
  2010.5945           11.71            0.07
  2010.5973           15.05            0.20
  2010.6000            9.10            0.03
  2010.6028           11.75            0.03
  2010.6055            8.06            0.10
  2010.6083           10.57            0.03
  2010.6110           12.04            0.03
  2010.6136            9.93            0.03
  2010.6165           10.83            0.05
  2010.6191           10.26            0.03
  2010.6219           12.68            0.04
  2010.6246           17.32            0.20
  2010.6274           11.98            0.06
  2010.6301           12.12            0.04
  2010.6329           12.52            0.03
  2010.6356           13.66            0.03
  2010.6383           17.54            0.21
  2010.6411           17.58            0.19
  2010.6438           14.41            0.03
  2010.6466           12.98            0.09
  2010.6493           14.32            0.02
  2010.6521           18.33            0.09
  2010.6548           13.38            0.01
  2010.6576           15.77            0.07
  2010.6603           14.85            0.07
  2010.6630           16.03            0.08
  2010.6658           16.20            0.07
  2010.6685           15.57            0.06
  2010.6713           14.37            0.06
  2010.6740            2.89            0.15
  2010.6768           14.97            0.07
  2010.6794           15.47            0.06
  2010.6823           14.73            0.06
  2010.6849           16.38            0.06
  2010.6876           16.02            0.06
  2010.6904           16.70            0.06
  2010.6931           16.84            0.07
  2010.6959           17.16            0.07
  2010.6986           15.61            0.07
  2010.7014            9.18            0.11
  2010.7041           16.55            0.07
  2010.7069           14.84            0.09
  2010.7096           15.95            0.06
  2010.7123           15.61            0.06
  2010.7151           15.68            0.06
  2010.7178           15.23            0.06
  2010.7206           15.36            0.06
  2010.7233           19.79            0.20
  2010.7261           14.98            0.05
  2010.7288           14.62            0.06
  2010.7316           15.26            0.06
  2010.7343           15.68            0.06
  2010.7369           14.27            0.06
  2010.7397           14.72            0.07
  2010.7424           11.95            0.03
  2010.7452           16.11            0.06
  2010.7479           12.98            0.19
  2010.7507           15.67            0.06
  2010.7534           16.63            0.06
  2010.7561           13.98            0.20
  2010.7589           16.92            0.06
  2010.7616           17.27            0.06
  2010.7644           18.03            0.06
  2010.7671           16.45            0.06
  2010.7699           16.18            0.06
  2010.7726           17.73            0.05
  2010.7754           18.84            0.06
  2010.7781           18.54            0.06
  2010.7808           14.32            0.15
  2010.7836           17.98            0.06
  2010.7863           16.32            0.23
  2010.7891           15.83            0.15
  2010.7917           18.83            0.06
  2010.7946           18.89            0.06
  2010.7972           19.74            0.07
  2010.8000           18.36            0.06
  2010.8054           17.96            0.06
  2010.8082           20.77            0.21
  2010.8109           20.04            0.20
  2010.8137           16.39            0.08
  2010.8164           15.70            0.03
  2010.8192           15.69            0.11
  2010.8219           15.76            0.06
  2010.8247           12.77            0.01
  2010.8274           14.85            0.11
  2010.8301           15.46            0.03
  2010.8329           23.69            0.21
  2010.8356           16.01            0.02
  2010.8384           16.20            0.08
  2010.8411           17.05            0.03
  2010.8439           15.73            0.05
  2010.8466           15.22            0.04
  2010.8494           16.54            0.03
  2010.8521           16.82            0.04
  2010.8547           17.43            0.03
  2010.8575           16.76            0.03
  2010.8602           18.11            0.01
  2010.8630           23.55            0.04
  2010.8657           18.57            0.03
  2010.8685           18.28            0.04
  2010.8712           18.31            0.03
  2010.8740           17.52            0.03
  2010.8767           17.90            0.03
  2010.8794           18.91            0.03
  2010.8822           17.04            0.08
  2010.8849           17.89            0.03
  2010.8877           19.56            0.01
  2010.8904           15.09            0.01
  2010.8932           18.73            0.02
  2010.8959           18.22            0.02
  2010.8987           17.80            0.03
  2010.9014           16.91            0.02
  2010.9041           17.58            0.02
  2010.9069           17.15            0.02
  2010.9095           20.27            0.04
  2010.9124           20.82            0.03
  2010.9150           20.11            0.02
  2010.9178           21.07            0.02
  2010.9205           20.54            0.03
  2010.9233           20.16            0.04
  2010.9260           20.63            0.04
  2010.9287           22.64            0.04
  2010.9315           22.49            0.04
  2010.9342           22.22            0.04
  2010.9370           23.80            0.03
  2010.9397           27.40            0.02
  2010.9425           22.79            0.04
  2010.9452           23.37            0.04
  2010.9480           23.39            0.04
  2010.9507           21.64            0.06
  2010.9562           21.96            0.04
  2010.9589           23.59            0.05
  2010.9644           22.45            0.04
  2011.0027           21.61            0.03
  2011.0055           19.17            0.04
  2011.0082           23.71            0.06
  2011.0110           23.26            0.07
  2011.0137           22.80            0.04
  2011.0165           21.75            0.03
  2011.0192           24.23            0.03
  2011.0220           24.25            0.02
  2011.0247           28.73            0.03
  2011.0273           24.07            0.09
  2011.0302           26.03            0.05
  2011.0328           25.99            0.04
  2011.0356           27.08            0.02
  2011.0383           25.85            0.05
  2011.0411           29.04            0.02
  2011.0438           25.43            0.04
  2011.0466           27.25            0.02
  2011.0493           28.59            0.02
  2011.0520           22.60            0.14
  2011.0548           27.27            0.02
  2011.0575           26.59            0.02
  2011.0603           27.10            0.01
  2011.0630           23.47            0.02
  2011.0658           23.76            0.02
  2011.0685           24.96            0.02
  2011.0713           21.60            0.05
  2011.0740           20.25            0.13
  2011.0767           20.60            0.02
  2011.0795           22.89            0.02
  2011.0822           30.83            0.01
  2011.0850           14.90            0.02
  2011.0876           26.41            0.01
  2011.0905           27.29            0.01
  2011.0931           29.31            0.04
  2011.0959           26.20            0.02
  2011.0986           26.48            0.20
  2011.1013           28.55            0.02
  2011.1041           29.71            0.02
  2011.1068           28.20            0.02
  2011.1096           30.71            0.02
  2011.1123           29.16            0.02
  2011.1151           26.01            0.01
  2011.1178           28.81            0.02
  2011.1206           26.44            0.05
  2011.1233           21.38            0.11
  2011.1260           26.36            0.02
  2011.1288           23.43            0.02
  2011.1315           26.40            0.02
  2011.1343           26.81            0.02
  2011.1370           24.93            0.01
  2011.1398           26.42            0.02
  2011.1425           25.74            0.01
  2011.1453           25.96            0.01
  2011.1479           29.12            0.03
  2011.1506           27.85            0.03
  2011.1534           28.10            0.01
  2011.1561           28.76            0.03
  2011.1589           27.28            0.02
  2011.1616           21.39            0.87
  2011.1644           27.26            0.02
  2011.1671           28.25            0.02
  2011.1699           26.19            0.03
  2011.1726           26.90            0.03
  2011.1753           30.49            0.02
  2011.1781           26.48            0.03
  2011.1808           27.29            0.03
  2011.1836           25.91            0.02
  2011.1863           24.90            0.02
  2011.1891           25.14            0.02
  2011.1918           31.04            0.09
  2011.1946           25.31            0.03
  2011.1973           24.76            0.04
  2011.2000           24.65            0.03
  2011.2028           25.40            0.03
  2011.2054           22.03            0.02
  2011.2083           26.23            0.02
  2011.2109           23.95            0.03
  2011.2137           24.84            0.02
  2011.2164           25.16            0.03
  2011.2192           25.74            0.04
  2011.2219           26.57            0.04
  2011.2246           28.24            0.03
  2011.2274           45.82            3.39
  2011.2301           35.53            1.40
  2011.2329           24.84            0.03
  2011.2356           27.84            0.03
  2011.2384           26.54            0.03
  2011.2411           27.44            0.01
  2011.2439           26.38            0.02
  2011.2466           25.95            0.09
  2011.2493           27.00            0.09
  2011.2521           26.96            0.03
  2011.2548           24.86            0.02
  2011.2576           24.02            0.03
  2011.2603           22.40            0.05
  2011.2631           25.07            0.03
  2011.2657           23.25            0.05
  2011.2684           23.89            0.02
  2011.2712           24.91            0.03
  2011.2739           25.13            0.03
  2011.2767           24.61            0.02
  2011.2794           34.02            0.69
  2011.2822           26.85            0.04
  2011.2849           24.21            0.21
  2011.2877           24.54            0.04
  2011.2904           26.00            0.04
  2011.2931           32.94            0.18
  2011.2959           31.86            0.08
  2011.2986           33.44            0.08
  2011.3014           31.50            0.08
  2011.3041           30.14            0.05
  2011.3069           29.37            0.05
  2011.3096           30.85            0.08
  2011.3124           30.15            0.08
  2011.3151           30.37            0.08
  2011.3177           31.31            0.07
  2011.3206           32.57            0.08
  2011.3232           29.94            0.08
  2011.3260           31.54            0.08
  2011.3287           32.17            0.08
  2011.3315           30.17            0.08
  2011.3342           30.01            0.04
  2011.3370           30.30            0.04
  2011.3397           30.10            0.08
  2011.3424           31.19            0.08
  2011.3452           31.27            0.08
  2011.3479           32.87            0.08
  2011.3507           33.57            0.08
  2011.3534           34.94            0.09
  2011.3562           33.56            0.06
  2011.3589           34.87            0.08
  2011.3617           33.31            0.09
  2011.3644           33.21            0.08
  2011.3671           32.05            0.05
  2011.3699           30.40            0.05
  2011.3726           29.80            0.04
  2011.3754           30.51            0.04
  2011.3781           30.41            0.04
  2011.3809           27.59            0.24
  2011.3835           31.49            0.04
  2011.3864           32.08            0.08
  2011.3890           33.41            0.03
  2011.3917           30.49            0.04
  2011.3945           30.69            0.04
  2011.3972           30.71            0.05
  2011.4000           30.89            0.04
  2011.4027           32.55            0.03
  2011.4055           31.63            0.04
  2011.4082           33.01            0.08
  2011.4110           31.92            0.07
  2011.4137           31.64            0.07
  2011.4164           32.11            0.07
  2011.4192           32.69            0.07
  2011.4219           33.62            0.07
  2011.4247           31.54            0.08
  2011.4274           31.56            0.08
  2011.4302           34.43            0.08
  2011.4329           32.82            0.08
  2011.4357           33.47            0.09
  2011.4384           31.63            0.08
  2011.4410           33.76            0.09
  2011.4438           31.69            0.08
  2011.4465           32.59            0.08
  2011.4493           32.31            0.08
  2011.4520           33.08            0.08
  2011.4548           33.18            0.09
  2011.4575           33.78            0.08
  2011.4603           31.77            0.08
  2011.4630           32.56            0.09
  2011.4657           31.69            0.09
  2011.4685           30.68            0.08
  2011.4712           32.09            0.08
  2011.4740           31.63            0.08
  2011.4767           34.07            0.08
  2011.4795           32.07            0.08
  2011.4822           33.03            0.08
  2011.4850           33.74            0.08
  2011.4877           34.83            0.07
  2011.4904           35.45            0.08
  2011.4932           36.07            0.07
  2011.4958           34.95            0.07
  2011.4987           34.12            0.08
  2011.5013           33.26            0.08
  2011.5042           34.85            0.02
  2011.5068           33.13            0.08
  2011.5096           32.27            0.06
  2011.5123           34.00            0.08
  2011.5150           31.72            0.04
  2011.5178           34.60            0.08
  2011.5205           34.08            0.09
  2011.5233           33.32            0.08
  2011.5260           33.65            0.05
  2011.5315           35.22            0.08
  2011.5343           33.70            0.02
  2011.5370           38.09            0.23
  2011.5397           35.28            0.09
  2011.5425           29.56            0.07
  2011.5452           33.41            0.08
  2012.0685           49.81            0.16
  2012.0713           51.38            0.11
  2012.0740           50.70            0.96
  2012.0767           51.34            0.12
  2012.0795           54.52            0.12
  2012.0822           53.21            0.11
  2012.0850           53.45            0.10
  2012.0876           38.88            1.49
  2012.0905           49.22            0.04
  2012.0931           54.38            0.10
  2012.0959           51.61            0.13
  2012.0986           51.22            0.08
  2012.1013           53.05            0.11
  2012.1041           52.03            0.10
  2012.1068           48.60            0.52
  2012.1096           52.72            0.10
  2012.1123           48.97            0.06
  2012.1151           49.61            0.06
  2012.1178           50.62            0.10
  2012.1206           47.82            0.07
  2012.1233           48.58            0.10
  2012.1260           49.56            0.10
  2012.1288           48.89            0.47
  2012.1315           48.95            0.10
  2012.1343           50.46            0.10
  2012.1370           48.90            0.10
  2012.1398           46.38            0.02
  2012.1425           49.11            0.09
  2012.1453           45.95            0.13
  2012.1479           48.98            0.03
  2012.1506           50.35            0.09
  2012.1534           48.82            0.04
  2012.1561           50.89            0.10
  2012.1589           51.53            0.04
  2012.1616           48.77            0.08
  2012.1644           50.19            0.03
  2012.1671           48.64            0.65
  2012.1699           49.61            0.04
  2012.1726           53.05            0.06
  2012.1781           44.57            0.41
  2012.1808           47.64            0.04
  2012.1836           53.71            0.51
  2012.1863           51.70            0.09
  2012.1891           51.00            0.09
  2012.1918           49.10            0.10
  2012.1946           49.20            0.09
  2012.1973           47.47            0.05
  2012.2000           46.14            0.06
  2012.2028           49.13            0.09
  2012.2054           48.74            0.07
  2012.2083           46.42            0.51
  2012.2109           48.05            0.09
  2012.2137           48.95            0.08
  2012.2164           47.83            0.51
  2012.2192           49.21            0.08
  2012.2219           47.76            0.09
  2012.2246           48.54            0.08
  2012.2274           48.19            0.08
  2012.2301           49.15            0.09
  2012.2329           49.88            0.07
  2012.2356           50.35            0.44
  2012.2384           49.94            0.09
  2012.2411           50.33            0.08
  2012.2439           47.89            0.09
  2012.2466           47.88            0.09
  2012.2493           48.82            0.11
  2012.2521           48.95            0.09
  2012.2548           49.26            0.09
  2012.2576           48.68            0.08
  2012.2603           46.75            0.62
  2012.2631           50.04            0.08
  2012.2657           50.71            0.08
  2012.2684           49.21            0.08
  2012.2712           51.39            0.09
  2012.2739           51.94            0.08
  2012.2767           50.32            0.08
  2012.2794           48.34            0.03
  2012.2822           51.31            0.08
  2012.2849           50.49            0.10
  2012.2877           52.62            0.08
  2012.2904           52.75            0.10
  2012.2931           50.08            0.07
  2012.2959           50.03            0.04
  2012.2986           51.97            0.08
  2012.3014           51.62            0.09
  2012.3041           50.98            0.04
  2012.3069           48.48            0.17
  2012.3096           53.53            0.08
  2012.3124           64.96            0.49
  2012.3151           55.02            0.08
  2012.3177           52.87            0.58
  2012.3206           51.67            0.08
  2012.3232           50.84            0.09
  2012.3260           52.47            0.09
  2012.3287           50.14            0.08
  2012.3315           52.68            0.25
  2012.3342           50.56            0.08
  2012.3370           50.97            0.09
  2012.3397           50.20            0.08
  2012.3424           49.35            0.08
  2012.3452           50.54            0.23
  2012.3479           55.42            0.37
  2012.3507           50.50            0.09
  2012.3534           50.68            0.07
  2012.3562           54.05            0.47
  2012.3589           51.96            0.09
  2012.3617           50.75            0.10
  2012.3644           52.35            0.37
  2012.3671           51.65            0.09
  2012.3699           50.68            0.08
  2012.3726           51.01            0.03
  2012.3754           50.76            0.08
  2012.3781           50.41            0.08
  2012.3809           50.82            0.09
  2012.3835           46.38            0.28
  2012.3864           50.63            0.08
  2012.3890           52.81            0.07
  2012.3917           51.01            0.08
  2012.3945           51.06            0.08
  2012.3972           51.42            0.08
  2012.4000           50.66            0.08
  2012.4027           50.06            0.08
  2012.4055           50.79            0.09
  2012.4110           54.15            0.08
  2012.4137           52.62            0.24
  2012.4164           61.31            0.39
  2012.4192           53.51            0.08
  2012.4219           53.27            0.09
  2012.4247           53.17            0.09
  2012.4274           54.79            0.10
  2012.4329           51.97            0.08
  2012.4357           54.40            0.08
  2012.4384           51.81            0.08
  2012.4410           54.58            0.50
  2012.4438           51.79            0.08
  2012.4465           51.08            0.08
  2012.4493           51.87            0.09
  2012.4520           51.28            0.10
  2012.4548           53.23            2.89
  2012.4575           53.16            0.09
  2012.4603           61.69            1.49
  2012.4630           50.49            0.09
  2012.4657           52.48            0.09
  2012.4685           59.34            0.26
  2012.4712           52.15            0.09
  2012.4740           52.39            0.08
  2012.4767           51.17            0.04
  2012.4795           52.38            0.08
  2012.4822           51.52            0.08
  2012.4850           53.03            0.08
  2012.4877           63.07            0.39
  2012.4904           51.93            0.07
  2012.4932           54.10            0.08
  2012.4958           54.49            0.10
  2012.4987           56.51            0.09
  2012.5013           51.35            0.10
  2012.5042           51.37            0.09
  2012.5068           52.15            0.10
  2012.5096           61.96            0.52
  2012.5123           52.25            0.10
  2012.5150           50.93            0.02
  2012.5178           47.46            0.11
  2012.5205           51.66            0.08
  2012.5233           53.69            0.10
  2012.5260           52.86            0.09
  2012.5288           51.77            0.09
  2012.5315           54.59            0.50
  2012.5343           52.78            0.07
  2012.5370           52.98            0.08
  2012.5397           50.61            0.09
  2012.5425           51.78            0.09
  2012.5452           53.00            0.09
  2012.5480           55.80            0.09
  2012.5507           52.03            0.07
  2012.5535           53.26            0.10
  2012.5562           53.09            0.10
  2012.5590           51.22            0.09
  2012.5616           51.09            0.09
  2012.5643           52.27            0.10
  2012.5671           52.06            0.10
  2012.5698           56.71            0.47
  2012.5726           54.37            0.09
  2012.5753           52.07            0.08
  2012.5781           52.61            0.10
  2012.5808           54.63            0.10
  2012.5836           52.63            0.09
  2012.5863           50.54            0.11
  2012.5890           51.17            0.08
  2012.5918           51.98            0.09
  2012.5945           52.93            0.10
  2012.5973           53.17            0.16
  2012.6000           52.31            0.10
  2012.6055           53.48            0.10
  2012.6083           52.16            0.10
  2012.6110           55.33            0.09
  2012.6136           55.19            0.49
  2012.6165           52.80            0.10
  2012.6191           54.32            0.10
  2012.6219           53.37            0.10
  2012.6246           51.83            0.62
  2012.6274           51.86            0.10
  2012.6301           52.58            0.46
  2012.6329           55.14            0.55
  2012.6356           53.92            0.11
  2012.6383           52.98            0.51
  2012.6411           55.02            0.10
  2012.6438           54.78            0.11
  2012.6466           55.16            0.63
  2012.6493           54.64            0.10
  2012.6521           54.67            0.10
  2012.6548           53.74            0.09
  2012.6576           54.14            0.09
  2012.6603           54.24            0.55
  2012.6630           54.85            0.24
  2012.6658           56.29            0.51
  2012.6685           53.08            0.09
  2012.6713           53.63            0.55
  2012.6740           52.64            0.10
  2012.6768           52.33            0.60
  2012.6794           54.49            0.10
  2012.6823           53.28            0.12
  2012.6849           60.30            0.75
  2012.6876           52.28            0.10
  2012.6904           54.60            0.10
  2012.6931           54.17            0.09
  2012.6959           53.69            0.09
  2012.6986           57.38            0.22
  2012.7014           55.55            0.22
  2012.7041           56.72            0.24
  2012.7069           55.97            0.12
  2012.7096           55.12            0.09
  2012.7123           55.09            0.09
  2012.7151           54.74            0.12
  2012.7178           53.03            0.10
  2012.7206           52.75            0.18
  2012.7233           56.15            0.11
  2012.7261           55.30            0.10
  2012.7288           55.96            0.10
  2012.7316           59.93            0.10
  2012.7343           55.26            0.12
  2012.7369           59.30            0.12
  2012.7397           57.10            0.09
  2012.7424           56.26            0.09
  2012.7452           57.69            0.10
  2012.7479           56.90            0.10
  2012.7507           57.42            0.12
  2012.7534           57.55            0.15
  2012.7561           55.61            0.05
  2012.7589           69.73            0.64
  2012.7616           57.67            0.11
  2012.7644           56.55            0.09
  2012.7671           58.81            0.27
  2012.7699           59.25            0.26
  2012.7726           60.99            0.26
  2012.7754           60.64            0.32
  2012.7781           59.72            0.24
  2012.7808           54.80            0.05
  2012.7836           58.37            0.24
  2012.7863           59.77            0.23
  2012.7891           60.02            0.27
  2012.7917           58.68            0.27
  2012.7946           59.97            0.27
  2012.7972           62.04            0.60
  2012.8000           60.30            0.25
  2012.8027           58.48            0.28
  2012.8054           58.47            0.31
  2012.8082           62.54            0.69
  2012.8109           61.91            0.27
  2012.8137           63.66            0.29
  2012.8164           58.34            0.05
  2012.8192           64.59            0.33
  2012.8247           63.73            0.29
  2012.8274           57.99            0.06
  2012.8301           61.76            0.31
  2012.8329           64.86            0.59
  2012.8356           62.62            0.27
  2012.8384           60.61            0.26
  2012.8411           56.86            0.05
  2012.8439           62.81            0.30
  2012.8466           64.54            0.27
  2012.8494           65.55            0.28
  2012.8521           65.01            0.28
  2012.8547           61.44            0.06
  2012.8575           73.22            0.20
  2012.8602           61.26            0.11
  2012.8630           69.73            0.04
  2012.8657           64.98            0.26
  2012.8685           67.82            0.25
  2012.8712           66.23            0.26
  2012.8740           59.84            0.07
  2012.8767           65.89            0.27
  2012.8794           67.81            0.27
  2012.8822           64.77            0.27
  2012.8849           67.68            0.27
  2012.8877           67.05            0.26
  2012.8904           66.29            0.27
  2012.8932           72.63            0.10
  2012.8959           70.72            0.41
  2012.8987           67.08            0.27
  2012.9014           63.53            0.28
  2012.9041           66.84            1.09
  2012.9069           64.82            0.29
  2012.9095           69.46            0.27
  2012.9124           74.92            0.43
  2012.9150           73.17            0.38
  2012.9178           67.53            0.05
  2012.9205           71.81            0.29
  2012.9233           73.13            0.43
  2012.9260           73.21            0.33
  2012.9287           66.60            0.05
  2012.9315           72.31            0.28
  2012.9342           65.99            0.13
  2012.9370           70.77            0.33
  2012.9397           67.27            0.05
  2012.9425           71.39            0.27
  2012.9452           71.43            0.30
  2012.9480           69.63            0.28
  2012.9507           70.56            0.30
  2012.9534           74.75            0.28
  2012.9562           70.82            0.30
  2012.9589           71.59            0.29
  2012.9617           71.59            0.30
  2012.9644           72.48            0.28
  2012.9672           47.43            0.37
  2012.9698           69.86            0.35
  2012.9727           66.38            0.05
  2012.9753           71.30            0.28
  2012.9780           71.74            0.28
  2012.9808           67.50            0.05
  2012.9835           68.71            0.35
  2012.9863           71.75            0.30
  2012.9890           69.02            0.10
  2012.9918           69.40            0.26
  2012.9945           67.09            0.05
  2012.9973           72.44            0.25
  2013.0000           71.10            0.28
  2013.0027           71.79            0.32
  2013.0027           69.34            0.21
  2013.0055           70.11            0.22
  2013.0082           72.69            0.26
  2013.0110           67.97            0.23
  2013.0137           66.25            0.25
  2013.0165           71.49            0.25
  2013.0192           70.45            0.26
  2013.0220           71.22            0.21
  2013.0247           71.22            0.24
  2013.0273           70.90            0.24
  2013.0302           70.72            0.23
  2013.0328           70.26            0.24
  2013.0356           69.12            0.24
  2013.0383           64.77            0.16
  2013.0411           69.70            0.24
  2013.0438           73.07            0.27
  2013.0466           71.40            0.30
  2013.0493           72.37            0.23
  2013.0520           69.13            0.08
  2013.0548           75.91            2.58
  2013.0575           70.48            0.23
  2013.0603           70.83            0.09
  2013.0630           72.79            0.25
  2013.0658           71.56            0.06
  2013.0685           70.58            0.08
  2013.0713           70.28            0.08
  2013.0740           67.28            0.08
  2013.0795           68.73            0.08
  2013.0822           66.57            0.06
  2013.0850           69.07            0.06
  2013.0876           67.24            0.23
  2013.0905           67.79            0.08
  2013.0931           69.09            0.06
  2013.0959           70.94            0.23
  2013.0986           71.32            0.09
  2013.1013           70.09            0.26
  2013.1041           69.22            0.09
  2013.1068           69.84            0.09
  2013.1096           67.56            0.09
  2013.1123           73.11            0.08
  2013.1151           72.20            0.08
  2013.1178           72.81            0.09
  2013.1206           69.26            0.08
  2013.1233           67.80            0.09
  2013.1260           69.76            0.06
  2013.1288           68.41            0.09
  2013.1315           68.39            0.09
  2013.1343           69.38            0.08
  2013.1370           69.09            0.08
  2013.1398           68.59            0.08
  2013.1425           69.87            0.10
  2013.1453           68.89            0.08
  2013.1479           70.56            0.08
  2013.1506           68.65            0.08
  2013.1534           68.30            0.04
  2013.1561           68.91            0.08
  2013.1589           68.13            0.08
  2013.1616           69.74            0.08
  2013.1644           68.71            0.07
  2013.1671           69.19            0.08
  2013.1699           67.52            0.08
  2013.1726           70.62            0.08
  2013.1753           67.19            0.09
  2013.1781           66.30            0.05
  2013.1808           71.20            0.22
  2013.1863           67.66            0.09
  2013.1918           66.27            0.09
  2013.2000           67.58            0.08
  2013.2028           66.58            0.08
  2013.2054           66.53            0.07
  2013.2083           69.62            0.08
  2013.2109           69.12            0.08
  2013.2164           67.80            0.09
  2013.2192           68.47            0.08
  2013.2219           68.76            0.08
  2013.2246           68.06            0.08
  2013.2274           69.17            0.09
  2013.2301           68.81            0.08
  2013.2329           67.03            0.07
  2013.2356           67.35            0.08
  2013.2384           66.13            0.08
  2013.2411           70.51            0.08
  2013.2439           69.71            0.07
  2013.2466           66.30            0.08
  2013.2493           67.50            0.08
  2013.2548           68.39            0.23
  2013.2576           67.35            0.04
  2013.2603           70.09            0.21
  2013.2631           70.02            0.22
  2013.2657           68.92            0.41
  2013.2684           64.04            0.03
  2013.2712           69.36            0.22
  2013.2794           68.15            0.24
  2013.2822           67.06            0.21
  2013.2849           71.95            0.22
  2013.2877           68.55            0.19
  2013.2904           70.78            0.21
  2013.2931           70.87            0.21
  2013.2959           67.11            0.21
  2013.2986           69.61            0.21
  2013.3014           70.73            0.21
  2013.3041           69.35            0.22
  2013.3069           69.00            0.19
  2013.3096           68.90            0.21
  2013.3124           66.22            0.22
  2013.3151           68.65            0.21
  2013.3177           67.85            0.21
  2013.3206           67.15            0.22
  2013.3232           69.91            0.21
  2013.3260           70.90            0.20
  2013.3287           67.67            0.20
  2013.3315           64.14            0.22
  2013.3342           65.36            0.05
  2013.3370           67.62            0.24
  2013.3397           68.75            0.21
  2013.3424           69.49            0.21
  2013.3452           65.40            0.06
  2013.3479           68.52            0.05
  2013.3562           66.37            0.09
  2013.3589           68.48            0.07
  2013.3617           69.13            0.14
  2013.3644           68.69            0.07
  2013.3671           70.83            0.08
  2013.3699           70.00            0.07
  2013.3726           69.06            0.07
  2013.3754           67.98            0.07
  2013.3781           67.12            0.08
  2013.3809           67.61            0.09
  2013.3835           70.17            0.06
  2013.3864           70.36            0.06
  2013.3890           69.27            0.05
  2013.3917           71.64            0.07
  2013.3945           68.43            0.07
  2013.4000           71.89            0.06
  2013.4027           70.51            0.08
  2013.4055           69.84            0.09
  2013.4082           71.87            0.08
  2013.4110           69.83            0.07
  2013.4137           73.51            0.24
  2013.4164           71.88            0.06
  2013.4192           74.63            0.22
  2013.4219           75.26            0.21
  2013.4247           75.13            0.22
  2013.4274           75.59            0.23
  2013.4302           74.44            0.21
  2013.4329           73.18            0.06
  2013.4357           74.00            0.21
  2013.4384           74.65            0.21
  2013.4410           76.41            0.21
  2013.4438           74.69            0.20
  2013.4465           74.59            0.21
  2013.4493           69.51            0.24
  2013.4520           75.86            0.21
  2013.4548           75.24            0.24
  2013.4575           77.04            0.22
  2013.4603           75.76            0.22
  2013.4630           75.62            0.22
  2013.4657           75.02            0.21
  2013.4685           76.52            0.21
  2013.4712           74.45            0.21
  2013.4740           74.52            0.08
  2013.4767           75.30            0.08
  2013.4795           74.34            0.08
  2013.4822           72.69            0.08
  2013.4850           73.60            0.08
  2013.4877           73.98            0.08
  2013.4904           73.14            0.09
  2013.4932           69.33            0.01
  2013.4958           72.44            0.09
  2013.4987           73.13            0.08
  2013.5013           72.90            0.08
  2013.5042           73.57            0.08
  2013.5068           73.70            0.08
  2013.5096           73.30            0.08
  2013.5123           72.40            0.08
  2013.5150           72.70            0.08
  2013.5178           72.05            0.08
  2013.5205           74.46            0.08
  2013.5233           71.71            0.08
  2013.5260           72.82            0.08
  2013.5288           74.26            0.08
  2013.5315           74.27            0.08
  2013.5343           72.99            0.08
  2013.5370           72.48            0.05
  2013.5397           71.37            0.08
  2013.5425           72.47            0.05
  2013.5452           74.88            0.08
  2013.5480           73.48            0.08
  2013.5507           73.95            0.06
  2013.5535           76.22            0.08
  2013.5562           76.26            0.08
  2013.5590           70.66            0.01
  2013.5616           74.59            0.08
  2013.5643           75.20            0.23
  2013.5671           74.57            0.08
  2013.5698           75.22            0.23
  2013.5726           73.11            0.07
  2013.5753           72.65            0.07
  2013.5781           73.31            0.07
  2013.5808           73.07            0.07
  2013.5836           73.23            0.08
  2013.5863           72.11            0.06
  2013.5890           73.60            0.08
  2013.5918           75.25            0.09
  2013.5945           75.29            0.08
  2013.5973           75.28            0.08
  2013.6000           73.95            0.09
  2013.6028           75.19            0.07
  2013.6055           75.78            0.05
  2013.6083           74.57            2.66
  2013.6110           72.85            0.08
  2013.6136           74.50            0.10
  2013.6165           70.04            0.07
  2013.6191           74.26            0.08
  2013.6219           72.63            0.08
  2013.6246           73.77            0.08
  2013.6274           72.71            0.08
  2013.6301           73.21            0.08
  2013.6329           72.78            0.08
  2013.6356           73.46            0.08
  2013.6383           73.01            0.08
  2013.6411           74.48            0.23
  2013.6438           73.11            0.08
  2013.6466           73.13            0.08
  2013.6521           73.79            0.08
  2013.6548           66.86            0.04
  2013.6576           74.31            0.08
  2013.6603           75.41            0.08
  2013.6630           74.82            0.08
  2013.6658           76.22            0.08
  2013.6685           75.03            0.08
  2013.6713           73.86            0.08
  2013.6740           74.89            0.09
  2013.6768           78.36            0.26
  2013.6794           75.14            0.09
  2013.6823           74.69            0.09
  2013.6849           74.04            0.09
  2013.6876           77.41            0.10
  2013.6904           75.78            0.05
  2013.6931           76.73            0.09
  2013.6959           75.32            0.09
  2013.6986           78.21            0.42
  2013.7014           75.79            0.06
  2013.7041           78.77            0.08
  2013.7069           78.15            0.09
  2013.7096           78.98            0.08
  2013.7123           79.18            0.09
  2013.7151           77.48            0.07
  2013.7178           79.29            0.09
  2013.7206           78.75            0.09
  2013.7233           76.12            0.10
  2013.7261           76.72            0.08
  2013.7288           78.95            0.09
  2013.7316           76.89            0.08
  2013.7343           79.45            0.08
  2013.7369           77.76            0.10
  2013.7397           77.05            0.09
  2013.7424           77.75            0.09
  2013.7561           79.45            0.09
  2013.7589           78.08            0.09
  2013.7616           74.63            0.09
  2013.7644           78.35            0.09
  2013.7671           80.49            0.11
  2013.7699           79.37            0.05
  2013.7726           80.06            0.09
  2013.7754           78.48            0.10
  2013.7781           78.33            0.10
  2013.7808           77.23            0.08
  2013.7836           77.18            0.09
  2013.7863           76.31            0.09
  2013.7891           78.33            0.09
  2013.7917           78.26            0.10
  2013.7946           79.30            0.27
  2013.7972           79.17            0.08
  2013.8000           78.47            0.09
  2013.8027           79.02            0.11
  2013.8054           82.28            0.29
  2013.8082           80.51            0.24
  2013.8109           80.81            0.08
  2013.8137           77.02            0.84
  2013.8164           79.65            0.10
  2013.8192           82.77            0.24
  2013.8219           83.39            0.09
  2013.8247           81.92            0.09
  2013.8274           83.03            0.25
  2013.8301           81.80            0.23
  2013.8329           82.56            0.25
  2013.8356           81.95            0.24
  2013.8384           83.15            0.23
  2013.8411           83.65            0.25
  2013.8439           84.26            0.22
  2013.8466           82.02            0.07
  2013.8494           83.55            0.25
  2013.8521           84.81            0.22
  2013.8547           82.09            0.07
  2013.8575           84.67            0.25
  2013.8602           84.52            0.25
  2013.8630           81.97            0.24
  2013.8657           83.56            0.24
  2013.8685           84.65            0.24
  2013.8712           84.24            0.25
  2013.8740           85.07            0.12
  2013.8767           86.76            0.22
  2013.8794           83.89            0.23
  2013.8822           86.69            0.24
  2013.8849           85.87            0.26
  2013.8877           85.28            0.25
  2013.8904           86.90            0.23
  2013.8932           87.38            0.24
  2013.8959           84.93            0.25
  2013.8987           88.08            0.25
  2013.9014           88.14            0.24
  2013.9041           86.35            0.24
  2013.9069           87.32            0.48
  2013.9095           87.41            0.50
  2013.9124           85.88            0.24
  2013.9150           88.23            0.23
  2013.9178           90.71            0.23
  2013.9205           91.72            0.25
  2013.9233           86.15            0.05
  2013.9260           88.02            0.22
  2013.9287           89.83            0.23
  2013.9315           89.61            0.24
  2013.9342           89.50            0.24
  2013.9370           89.97            0.26
  2013.9397           90.31            0.25
  2013.9425           90.36            0.23
  2013.9452           89.31            0.26
  2013.9480           89.40            0.26
  2013.9507           91.22            0.24
  2013.9534           91.01            0.26
  2013.9562           88.54            0.24
  2013.9589           92.45            0.26
  2013.9617           88.18            0.26
  2013.9644           89.74            0.25
  2013.9672           87.49            0.24
  2013.9698           87.48            0.04
  2013.9727           88.33            0.04
  2013.9753           89.08            0.05
  2013.9780           91.80            0.04
  2013.9808           88.55            0.04
  2013.9835           89.40            0.04
  2013.9863           86.93            0.04
  2013.9890           88.14            0.05
  2013.9918           89.11            0.05
  2013.9945           93.09            0.04
  2013.9973           91.77            0.04
  2014.0000           91.90            0.04
  2014.0027           90.45            0.04
  2014.0055           90.04            0.04
  2014.0082           88.61            0.05
  2014.0110           91.60            0.04
  2014.0137           90.01            0.04
  2014.0165           91.76            0.05
  2014.0192           89.87            0.05
  2014.0220           89.13            0.05
  2014.0247           89.39            0.04
  2014.0273           91.23            0.05
  2014.0302           89.27            0.04
  2014.0328           89.88            0.04
  2014.0356           87.25            0.04
  2014.0383           94.28            0.01
  2014.0411           89.65            0.04
  2014.0438           88.10            0.03
  2014.0466           88.40            0.02
  2014.0493           88.52            0.04
  2014.0548           87.49            0.04
  2014.0575           90.01            0.11
  2014.0603           91.76            0.09
  2014.0630           89.25            0.11
