  2010.2384            0.00            1.07
  2010.2411           -1.10            1.08
  2010.2439           -2.38            1.04
  2010.2466           -3.55            1.12
  2010.2493           -4.39            1.08
  2010.2521           -4.61            1.04
  2010.2548           -6.26            0.99
  2010.2576           -7.29            0.70
  2010.2603           -8.04            0.98
  2010.2631           -9.76            1.02
  2010.2657          -10.50            1.00
  2010.2684          -12.94            0.96
  2010.2712          -14.14            0.97
  2010.2739          -14.96            1.04
  2010.2767          -18.14            1.00
  2010.2794          -19.89            1.03
  2010.2822          -19.83            0.99
  2010.2849          -21.91            0.96
  2010.2877          -22.14            0.98
  2010.2904          -24.02            1.04
  2010.2931          -26.30            1.02
  2010.2959          -26.74            1.03
  2010.2986          -27.17            0.99
  2010.3014          -29.09            0.98
  2010.3315          -39.05            1.01
  2010.3424          -42.59            1.00
  2010.3452          -42.69            0.97
  2010.3479          -42.86            0.95
  2010.3507          -42.94            0.92
  2010.3534          -43.40            0.91
  2010.3562          -45.24            0.93
  2010.3589          -46.32            0.94
  2010.3617          -47.00            1.52
  2010.3644          -48.46            0.99
  2010.3671          -48.38            1.02
  2010.3699          -48.89            1.44
  2010.3726          -49.42            1.00
  2010.3754          -48.91            0.98
  2010.3781          -51.12            0.97
  2010.3809          -51.71            0.97
  2010.3835          -51.86            0.96
  2010.3864          -52.22            0.98
  2010.3890          -54.20            1.02
  2010.3917          -54.79            0.98
  2010.3945          -55.94            0.98
  2010.3972          -55.74            0.99
  2010.4000          -55.70            1.06
  2010.4027          -55.75            0.98
  2010.4055          -58.01            1.02
  2010.4082          -58.00            2.04
  2010.4110          -56.33            3.84
  2010.4137          -57.70            0.95
  2010.4164          -57.76            0.94
  2010.4192          -58.35            0.98
  2010.4219          -60.68            1.25
  2010.4247          -59.85            0.97
  2010.4274          -63.13            0.95
  2010.4302          -62.47            0.94
  2010.4329          -62.02            0.92
  2010.4357          -63.26            0.90
  2010.4384          -61.98            0.95
  2010.4410          -64.11            1.40
  2010.4438          -61.93            1.79
  2010.4465          -65.10            0.94
  2010.4493          -66.58            0.97
  2010.4520          -68.11            1.09
  2010.4548          -66.79            0.96
  2010.4575          -67.52            0.98
  2010.4603          -69.52            1.16
  2010.4630          -70.54            1.14
  2010.4657          -67.51            1.09
  2010.4685          -71.20            0.95
  2010.4712          -71.03            0.98
  2010.4740          -68.76            0.96
  2010.4767          -74.37            1.05
  2010.4795          -72.90            1.04
  2010.4822          -73.29            0.98
  2010.4850          -72.82            0.94
  2010.4877          -75.06            0.95
  2010.4904          -77.58            0.97
  2010.4932          -77.39            0.94
  2010.4958          -76.97            0.94
  2010.4987          -77.85            0.95
  2010.5013          -77.87            0.93
  2010.5042          -78.52            0.97
  2010.5068          -78.31            2.60
  2010.5096          -80.37            1.66
  2010.5123          -80.67            1.50
  2010.5150          -80.30            1.66
  2010.5178          -81.37            1.03
  2010.5205          -80.46            0.94
  2010.5233          -82.15            0.98
  2010.5260          -85.24            1.02
  2010.5288          -85.31            0.94
  2010.5315          -84.62            0.91
  2010.5343          -84.66            0.90
  2010.5370          -84.17            0.95
  2010.5397          -85.96            1.09
  2010.5425          -85.28            1.04
  2010.5452          -85.77            0.97
  2010.5480          -88.21            0.99
  2010.5507          -86.79            1.20
  2010.5535          -87.09            1.55
  2010.5562          -88.69            1.73
  2010.5590          -88.79            1.03
  2010.5616          -89.33            1.06
  2010.5643          -87.92            1.00
  2010.5671          -88.45            0.96
  2010.5698          -89.54            1.01
  2010.5836          -90.83            0.97
  2010.5863          -91.77            0.95
  2010.5890          -92.09            0.98
  2010.5918          -92.76            0.96
  2010.5945          -93.52            1.93
  2010.5973          -94.67            0.94
  2010.6000          -93.73            0.94
  2010.6028          -94.34            0.93
  2010.6055          -94.55            0.90
  2010.6083          -95.49            0.92
  2010.6110          -96.05            0.97
  2010.6136          -96.45            0.91
  2010.6165          -96.51            0.91
  2010.6191          -95.79            1.02
  2010.6219          -98.76            1.34
  2010.6246          -95.97            1.59
  2010.6274          -98.38            1.70
  2010.6301          -97.54            1.56
  2010.6329          -98.88            1.19
  2010.6356          -99.54            1.40
  2010.6383         -103.48            1.52
  2010.6411         -102.29            1.49
  2010.6438         -101.66            1.26
  2010.6466         -101.64            1.21
  2010.6493         -103.01            1.49
  2010.6521         -102.34            1.48
  2010.6548         -106.17            1.43
  2010.6576         -100.77            1.35
  2010.6603         -102.62            1.16
  2010.6630         -105.16            1.20
  2010.6658         -102.94            1.36
  2010.6685         -103.71            1.21
  2010.6713         -103.04            1.26
  2010.6740         -104.53            1.38
  2010.6768         -104.95            1.44
  2010.6794         -104.33            1.44
  2010.6823         -105.03            1.43
  2010.6849         -104.67            1.38
  2010.6876         -105.40            1.49
  2010.6904         -104.55            1.52
  2010.6931         -106.63            1.40
  2010.6959         -104.46            1.65
  2010.6986         -107.76            1.48
  2010.7014         -108.50            1.23
  2010.7041         -108.96            1.49
  2010.7069         -107.46            1.41
  2010.7096         -108.89            1.42
  2010.7123         -108.24            1.46
  2010.7151         -110.41            1.57
  2010.7178         -110.28            1.51
  2010.7206         -109.83            1.46
  2010.7233         -111.03            1.48
  2010.7261         -110.05            1.47
  2010.7288         -111.74            1.47
  2010.7316         -111.19            1.45
  2010.7343         -111.79            1.51
  2010.7369         -113.17            1.76
  2010.7397         -113.05            1.50
  2010.7424         -112.11            1.65
  2010.7452         -113.29            1.47
  2010.7479         -114.49            1.55
  2010.7507         -112.80            1.54
  2010.7534         -112.92            1.48
  2010.7561         -115.85            1.47
  2010.7589         -115.20            1.54
  2010.7616         -114.10            1.48
  2010.7644         -115.17            1.46
  2010.7671         -117.84            1.46
  2010.7699         -116.94            1.47
  2010.7726         -118.21            1.44
  2010.7754         -117.75            1.45
  2010.7781         -117.39            2.60
  2010.7808         -119.22            1.55
  2010.7836         -118.49            1.62
  2010.7863         -117.11            1.96
  2010.7891         -118.94            1.42
  2010.7917         -118.23            1.39
  2010.8137         -122.89            0.89
  2010.8164         -123.44            0.91
  2010.8192         -122.59            0.95
  2010.8219         -125.06            0.97
  2010.8247         -124.63            0.97
  2010.8274         -124.32            1.00
  2010.8301         -125.34            0.91
  2010.8329         -125.41            0.95
  2010.8356         -126.66            0.96
  2010.8384         -125.28            0.97
  2010.8411         -126.72            0.95
  2010.8439         -127.30            0.96
  2010.8466         -126.68            0.92
  2010.8494         -127.96            0.98
  2010.8521         -127.97            1.02
  2010.8547         -128.52            0.95
  2010.8575         -128.23            0.90
  2010.8602         -127.98            0.94
  2010.8630         -129.80            0.90
  2010.8657         -130.01            0.93
  2010.8685         -129.11            1.01
  2010.8712         -129.85            0.94
  2010.8740         -130.80            0.93
  2010.8767         -129.97            0.96
  2010.8794         -130.78            0.95
  2010.8822         -130.91            0.94
  2010.8849         -131.64            0.98
  2010.8877         -132.04            1.00
  2010.8904         -134.09            1.00
  2010.8932         -133.38            0.96
  2010.8959         -133.23            0.97
  2010.8987         -132.40            0.98
  2010.9014         -133.06            0.93
  2010.9041         -133.66            0.98
  2010.9069         -134.02            0.92
  2010.9095         -131.83            0.93
  2010.9124         -132.37            0.93
  2010.9150         -133.07            0.92
  2010.9178         -132.90            0.90
  2010.9205         -134.01            0.90
  2010.9233         -134.34            0.92
  2010.9260         -133.48            0.87
  2010.9287         -133.32            0.87
  2010.9315         -133.61            0.92
  2010.9342         -134.65            0.94
  2010.9370         -134.73            0.89
  2010.9397         -134.75            0.91
  2010.9425         -135.31            0.89
  2010.9452         -136.05            0.94
  2010.9480         -136.73            0.94
  2010.9507         -135.14            0.91
  2010.9562         -135.69            0.91
  2010.9589         -135.62            0.93
  2010.9644         -136.41            0.92
  2011.0027         -138.69            0.97
  2011.0055         -141.71            0.98
  2011.0082         -140.51            1.05
  2011.0110         -140.09            1.01
  2011.0137         -140.07            0.97
  2011.0165         -141.76            0.98
  2011.0192         -140.62            0.97
  2011.0220         -141.18            0.99
  2011.0247         -142.38            0.97
  2011.0273         -143.93            0.98
  2011.0302         -143.97            0.97
  2011.0328         -144.17            1.00
  2011.0356         -145.32            1.03
  2011.0383         -145.21            1.00
  2011.0411         -145.55            1.05
  2011.0438         -143.87            1.06
  2011.0466         -145.50            0.97
  2011.0493         -145.57            1.10
  2011.0520         -144.28            1.03
  2011.0548         -146.10            1.06
  2011.0575         -145.61            1.00
  2011.0603         -146.05            1.04
  2011.0630         -145.97            1.00
  2011.0658         -147.03            1.02
  2011.0685         -146.61            1.03
  2011.0713         -148.69            1.04
  2011.0740         -147.71            1.06
  2011.0767         -146.31            1.02
  2011.0795         -146.38            1.02
  2011.0822         -147.98            1.03
  2011.0850         -148.21            1.02
  2011.0876         -148.62            0.95
  2011.0905         -149.38            0.99
  2011.0931         -148.68            1.01
  2011.0959         -149.85            0.97
  2011.0986         -149.67            0.94
  2011.1013         -151.39            1.00
  2011.1041         -151.02            0.97
  2011.1068         -150.09            1.08
  2011.1096         -151.74            1.00
  2011.1123         -152.24            1.10
  2011.1151         -150.69            1.03
  2011.1178         -150.96            1.10
  2011.1206         -153.09            1.21
  2011.1233         -154.13            1.02
  2011.1260         -154.53            0.99
  2011.1288         -156.37            1.05
  2011.1315         -154.40            1.05
  2011.1343         -155.26            1.03
  2011.1370         -157.32            1.05
  2011.1398         -154.29            1.01
  2011.1425         -155.29            1.05
  2011.1453         -155.13            1.04
  2011.1479         -154.52            1.13
  2011.1506         -154.40            1.05
  2011.1589         -156.86            0.98
  2011.1616         -156.03            0.97
  2011.1644         -157.67            1.01
  2011.1671         -155.91            1.03
  2011.1699         -157.01            1.01
  2011.1726         -158.61            1.06
  2011.1753         -157.60            1.03
  2011.1781         -158.87            1.30
  2011.1808         -160.16            0.99
  2011.1836         -159.89            1.03
  2011.1863         -161.34            1.06
  2011.1891         -159.34            1.24
  2011.1918         -161.72            1.20
  2011.1946         -161.23            1.21
  2011.1973         -160.84            0.99
  2011.2000         -162.03            1.10
  2011.2028         -161.12            1.19
  2011.2054         -164.27            1.10
  2011.2083         -163.08            1.07
  2011.2109         -162.48            1.04
  2011.2137         -163.35            1.00
  2011.2164         -162.72            0.98
  2011.2192         -162.30            1.08
  2011.2219         -163.50            1.05
  2011.2246         -162.09            0.99
  2011.2274         -164.00            1.02
  2011.2301         -164.14            1.06
  2011.2329         -164.30            0.99
  2011.2356         -163.35            1.01
  2011.2384         -163.35            0.97
  2011.2411         -163.93            1.00
  2011.2439         -163.80            1.03
  2011.2466         -163.92            1.39
  2011.2493         -164.61            1.08
  2011.2521         -165.11            1.40
  2011.2548         -165.53            1.01
  2011.2576         -164.90            0.97
  2011.2603         -164.30            1.22
  2011.2631         -165.82            1.03
  2011.2657         -165.78            1.74
  2011.2684         -163.57            0.95
  2011.2712         -165.87            1.06
  2011.2767         -167.06            1.75
  2011.2794         -166.21            1.41
  2011.2849         -167.67            1.72
  2011.2877         -166.37            0.95
  2011.2904         -165.96            0.95
  2011.2931         -168.95            2.11
  2011.2959         -168.77            0.94
  2011.2986         -169.17            0.96
  2011.3014         -170.98            0.96
  2011.3041         -173.47            1.05
  2011.3069         -171.05            1.32
  2011.3096         -169.21            0.95
  2011.3124         -169.61            0.93
  2011.3151         -168.20            0.91
  2011.3177         -169.66            0.90
  2011.3206         -171.18            0.98
  2011.3232         -168.73            1.21
  2011.3260         -168.95            0.96
  2011.3287         -172.35            1.62
  2011.3315         -171.22            1.45
  2011.3342         -170.99            0.91
  2011.3370         -171.50            1.37
  2011.3397         -169.72            0.98
  2011.3424         -171.98            1.50
  2011.3452         -169.37            0.94
  2011.3479         -171.91            1.01
  2011.3507         -170.13            1.51
  2011.3534         -171.01            1.65
  2011.3562         -175.08            2.46
  2011.3589         -172.00            1.54
  2011.3617         -174.18            0.94
  2011.3644         -172.07            1.00
  2011.3671         -172.76            0.90
  2011.3699         -173.62            1.07
  2011.3726         -175.07            1.58
  2011.3754         -174.98            0.96
  2011.3781         -174.39            1.20
  2011.3890         -178.44            1.63
  2011.3917         -176.99            0.96
  2011.3945         -176.38            0.97
  2011.3972         -176.85            0.93
  2011.4000         -177.48            1.10
  2011.4027         -177.76            0.96
  2011.4055         -178.66            1.20
  2011.4082         -179.75            1.58
  2011.4110         -179.32            0.90
  2011.4137         -179.37            1.27
  2011.4164         -180.26            0.90
  2011.4192         -179.29            1.01
  2011.4219         -178.53            0.92
  2011.4247         -181.13            1.00
  2011.4302         -182.41            2.04
  2011.4357         -182.16            1.90
  2011.4384         -182.20            1.57
  2011.4410         -179.87            1.00
  2011.4438         -182.41            1.74
  2011.4465         -185.69            1.00
  2011.4493         -183.35            0.93
  2011.4520         -183.79            0.93
  2011.4548         -184.05            1.56
  2011.4575         -186.35            1.91
  2011.4603         -183.88            0.99
  2011.4630         -188.99            1.06
  2011.4657         -188.36            1.13
  2011.4685         -185.63            1.03
  2011.4712         -183.67            0.98
  2011.4740         -183.69            0.98
  2011.4767         -183.67            1.00
  2011.4795         -185.06            0.96
  2011.4822         -182.73            0.95
  2011.4850         -184.02            0.94
  2011.4877         -186.29            0.96
  2011.4904         -186.75            0.96
  2011.4932         -189.02            1.14
  2011.4958         -188.65            1.64
  2011.4987         -186.61            1.16
  2011.5013         -186.91            1.42
  2011.5042         -184.55            1.37
  2011.5068         -188.12            1.64
  2011.5096         -187.03            1.71
  2011.5123         -187.11            1.57
  2011.5150         -187.14            1.53
  2011.5178         -187.40            2.72
  2011.5205         -187.22            3.52
  2011.5233         -187.33            1.88
  2011.5260         -186.45            1.62
  2011.5315         -188.98            1.64
  2011.5370         -188.31            2.45
  2011.5397         -188.34            1.82
  2011.5425         -192.08            1.79
  2011.5452         -189.73            1.72
  2011.5480         -190.71            1.54
  2011.5507         -190.20            1.92
  2011.5535         -191.14            1.65
  2011.5562         -188.44            2.08
  2011.5590         -189.66            1.62
  2011.5643         -191.31            1.86
  2011.5836         -190.99            1.73
  2011.5863         -191.06            1.82
  2011.5890         -189.55            1.91
  2011.5918         -192.91            2.02
  2011.5945         -190.70            1.97
  2011.5973         -188.07            2.60
  2011.6000         -189.98            2.58
  2011.6028         -190.85            1.76
  2011.6055         -192.60            1.66
  2011.6083         -191.84            1.68
  2011.6110         -195.36            1.78
  2011.6136         -195.10            1.81
  2011.6165         -194.67            1.68
  2011.6191         -194.29            1.69
  2011.6219         -193.23            1.75
  2011.6246         -195.43            1.79
  2011.6274         -192.47            2.32
  2011.6301         -193.23            1.79
  2011.6329         -194.05            1.65
  2011.6356         -192.03            1.77
  2011.6383         -191.65            1.80
  2011.6411         -193.08            1.65
  2011.6438         -193.93            1.65
  2011.6466         -192.74            4.02
  2011.6493         -193.37            3.52
  2011.6521         -198.77            4.23
  2011.6548         -193.77            2.28
  2011.6576         -194.30            2.94
  2011.6603         -193.32            1.95
  2011.6630         -189.38            2.62
  2011.6658         -193.05            2.07
  2011.6685         -195.51            1.98
  2011.6713         -194.70            1.76
  2011.6740         -195.84            1.72
  2011.6768         -196.72            1.76
  2011.6794         -196.22            2.23
  2011.6823         -194.68            2.17
  2011.6849         -195.38            2.27
  2011.6876         -197.17            1.86
  2011.6904         -197.58            2.41
  2011.6931         -193.76            2.21
  2011.6959         -194.21            2.36
  2011.6986         -196.46            2.28
  2011.7014         -193.66            2.27
  2011.7041         -193.93            2.79
  2011.7069         -196.32            1.74
  2011.7096         -197.14            1.83
  2011.7123         -195.25            1.74
  2011.7151         -197.76            1.57
  2011.7178         -195.84            1.71
  2011.7206         -196.39            1.68
  2011.7233         -198.00            1.68
  2011.7261         -196.97            1.69
  2011.7288         -196.66            1.70
  2011.7316         -197.19            1.72
  2011.7343         -199.02            1.72
  2011.7369         -196.43            1.66
  2011.7397         -197.33            1.63
  2011.7452         -203.33            1.86
  2011.7479         -198.11            1.84
  2011.7507         -198.90            1.97
  2011.7534         -199.31            1.72
  2011.7561         -201.83            1.81
  2011.7589         -200.73            1.81
  2011.7616         -200.16            1.80
  2011.7644         -198.96            1.79
  2011.7671         -201.43            1.76
  2011.7699         -200.06            1.72
  2011.7726         -204.51            1.64
  2011.7754         -203.37            1.75
  2011.7781         -201.97            1.87
  2011.7808         -203.82            1.73
  2011.7836         -203.01            1.64
  2011.7863         -203.24            1.71
  2011.7891         -201.03            1.90
  2011.7917         -202.21            1.80
  2011.7946         -202.85            1.59
  2011.7972         -200.91            6.44
  2011.8027         -198.22            1.86
  2011.8054         -202.55            1.63
  2011.8082         -204.69            1.85
  2011.8109         -202.12            1.71
  2011.8137         -204.61            2.27
  2011.8164         -200.40            4.26
  2011.8192         -203.32            4.08
  2011.8219         -203.38            1.90
  2011.8247         -202.95            4.86
  2011.8274         -199.00            7.43
  2011.8301         -200.72            5.85
  2011.8329         -204.12            3.41
  2011.8356         -206.30            1.88
  2011.8384         -193.83            4.03
  2011.8411         -202.49            8.88
  2011.8439         -213.95            4.89
  2011.8521         -204.27            1.82
  2011.8575         -206.14            4.26
  2011.8602         -208.06            5.58
  2011.8630         -202.95            5.73
  2011.8657         -207.32            3.29
  2011.8685         -210.55            6.57
  2011.8712         -203.42            4.86
  2011.8740         -208.36            6.17
  2011.8794         -210.95            5.06
  2012.2028         -220.12            1.53
  2012.2054         -219.94            1.05
  2012.2083         -218.81            1.04
  2012.2109         -219.46            1.12
  2012.2137         -218.80            1.03
  2012.2164         -220.42            1.09
  2012.2192         -218.39            1.01
  2012.2219         -217.55            1.05
  2012.2246         -221.14            1.03
  2012.2274         -218.84            0.99
  2012.2301         -220.30            1.03
  2012.2329         -220.97            1.01
  2012.2356         -257.16            1.02
  2012.2384         -257.13            0.98
  2012.2493         -259.62            1.63
  2012.2521         -259.98            1.02
  2012.2548         -262.14            1.32
  2012.2576         -259.41            1.27
  2012.2603         -261.70            1.40
  2012.2631         -262.15            1.41
  2012.2657         -263.56            1.61
  2012.2712         -261.04            1.58
  2012.2739         -261.43            1.11
  2012.3699         -267.94            1.74
  2012.3726         -267.99            1.18
  2012.3754         -267.32            1.94
  2012.3781         -267.51            3.57
  2012.3809         -267.79            1.55
  2012.3835         -269.61            1.15
  2012.3864         -270.21            1.40
  2012.3890         -269.60            1.12
  2012.3917         -267.82            1.08
  2012.3945         -270.42            1.39
  2012.3972         -269.86            1.17
  2012.4520         -273.70            2.14
  2012.4548         -272.19            0.92
  2012.4575         -272.02            0.97
  2012.4603         -273.65            0.96
  2012.4630         -274.81            1.00
  2012.4657         -273.85            0.94
  2012.4685         -273.18            0.95
  2012.4712         -273.65            1.02
  2012.4740         -273.28            0.95
  2012.4767         -273.53            0.95
  2012.4795         -273.29            0.92
  2012.4822         -273.55            0.91
  2012.4850         -272.99            0.90
  2012.4877         -273.74            0.91
  2012.4904         -274.34            0.97
  2012.4932         -274.80            0.96
  2012.4958         -273.64            0.98
  2012.4987         -273.52            0.98
  2012.5013         -274.81            1.00
  2012.5042         -274.10            0.96
  2012.5068         -275.27            0.93
  2012.5096         -275.20            0.97
  2012.5123         -273.79            1.11
  2012.5150         -273.99            1.09
  2012.5178         -275.00            0.91
  2012.5205         -275.56            0.95
  2012.5233         -276.23            0.98
  2012.5260         -275.81            0.91
  2012.5288         -275.21            0.94
  2012.5315         -275.62            0.92
  2012.5343         -276.11            0.90
  2012.5370         -276.00            0.87
  2012.5397         -275.43            0.89
  2012.5425         -276.06            0.92
  2012.5452         -275.67            0.94
  2012.5480         -275.41            0.96
  2012.5507         -276.32            1.03
  2012.5535         -277.43            0.93
  2012.5562         -276.98            0.93
  2012.5590         -276.96            0.92
  2012.5616         -276.47            0.93
  2012.5643         -276.53            0.90
  2012.5671         -277.87            0.91
  2012.5698         -277.36            0.90
  2012.5726         -277.09            0.92
  2012.5753         -278.68            0.91
  2012.5781         -276.74            0.94
  2012.5808         -275.77            0.91
  2012.5836         -276.77            0.90
  2012.5863         -276.90            1.00
  2012.5890         -278.72            0.95
  2012.5918         -277.05            0.93
  2012.5945         -277.48            0.93
  2012.5973         -277.27            1.43
  2012.6000         -278.09            0.94
  2012.6028         -277.30            0.94
  2012.6055         -277.06            1.01
  2012.6083         -276.85            0.97
  2012.6110         -277.29            0.89
  2012.6136         -277.27            0.98
  2012.6165         -276.61            0.98
  2012.6191         -277.69            0.97
  2012.6219         -278.27            1.03
  2012.6246         -278.87            1.02
  2012.6274         -280.52            0.98
  2012.6301         -277.35            1.06
  2012.6329         -278.25            0.97
  2012.6356         -279.70            0.98
  2012.6383         -278.43            0.96
  2012.6411         -278.72            0.96
  2012.6438         -278.62            1.01
  2012.6466         -279.18            0.98
  2012.6493         -277.63            0.93
  2012.6521         -277.53            0.97
  2012.6548         -278.43            0.91
  2012.6576         -279.09            0.90
  2012.6603         -278.85            0.95
  2012.6630         -281.68            1.03
  2012.6658         -280.72            0.92
  2012.6685         -279.90            0.98
  2012.6713         -279.76            0.97
  2012.6740         -280.30            1.02
  2012.6768         -279.53            1.01
  2012.6794         -281.06            0.98
  2012.6823         -280.08            1.05
  2012.6849         -281.01            1.01
  2012.6876         -280.24            1.03
  2012.6904         -280.55            0.98
  2012.6931         -280.43            0.94
  2012.6959         -280.38            0.94
  2012.6986         -281.28            0.99
  2012.7014         -281.09            0.98
  2012.7041         -281.39            1.06
  2012.7069         -282.29            0.95
  2012.7096         -281.80            0.99
  2012.7123         -282.29            1.01
  2012.7151         -283.10            1.03
  2012.7178         -282.84            1.08
  2012.7206         -282.90            1.00
  2012.7233         -283.43            1.00
  2012.7261         -283.55            1.01
  2012.7288         -282.27            0.97
  2012.7316         -285.34            0.97
  2012.7343         -284.06            1.06
  2012.7369         -282.98            1.09
  2012.7397         -284.35            1.01
  2012.7424         -284.96            1.04
  2012.7452         -283.56            1.14
  2012.7479         -284.62            1.05
  2012.7507         -285.77            1.09
  2012.7534         -285.73            1.17
  2012.7561         -285.19            1.06
  2012.7589         -285.31            1.07
  2012.7616         -285.29            1.08
  2012.7644         -285.96            1.03
  2012.7671         -284.39            1.16
  2012.7699         -285.21            1.14
  2012.7726         -284.65            1.07
  2012.7754         -285.32            1.15
  2012.7781         -286.77            0.98
  2012.7808         -284.81            0.99
  2012.7836         -285.98            0.98
  2012.7863         -286.74            0.97
  2012.7891         -285.30            1.04
  2012.7917         -287.19            1.08
  2012.7946         -285.64            1.13
  2012.7972         -286.31            1.07
  2012.8000         -286.68            1.00
  2012.8027         -285.39            1.10
  2012.8054         -286.55            1.15
  2012.8082         -286.60            1.20
  2012.8109         -287.94            1.12
  2012.8137         -288.95            1.15
  2012.8164         -287.26            1.04
  2012.8192         -286.81            1.08
  2012.8219         -289.50            1.17
  2012.8247         -286.27            1.17
  2012.8274         -287.62            1.11
  2012.8301         -286.45            1.25
  2012.8329         -287.71            1.13
  2012.8356         -286.78            1.05
  2012.8384         -288.94            1.04
  2012.8411         -287.93            1.02
  2012.8439         -287.99            1.18
  2012.8466         -288.97            1.06
  2012.8494         -288.76            1.10
  2012.8521         -288.72            1.09
  2012.8547         -291.46            1.09
  2012.8575         -291.60            1.12
  2012.8602         -290.37            1.18
  2012.8630         -289.32            1.15
  2012.8657         -290.34            1.08
  2012.8685         -288.43            1.08
  2012.8712         -290.63            1.05
  2012.8740         -290.31            1.05
  2013.0027         -293.59            0.93
  2013.0055         -293.62            0.91
  2013.0082         -293.06            0.97
  2013.0110         -293.44            0.97
  2013.0137         -293.00            1.04
  2013.0165         -292.93            1.07
  2013.0192         -294.03            1.09
  2013.0220         -293.06            0.97
  2013.0247         -293.96            1.04
  2013.0273         -293.30            1.02
  2013.0302         -292.68            1.04
  2013.0328         -294.91            1.02
  2013.0356         -293.55            1.00
  2013.0383         -295.11            0.98
  2013.0411         -295.82            1.04
  2013.0438         -294.09            1.07
  2013.0466         -295.41            1.18
  2013.0493         -294.45            1.03
  2013.0520         -294.64            0.98
  2013.0548         -293.59            0.98
  2013.0575         -294.37            1.00
  2013.0603         -295.66            1.08
  2013.0630         -296.33            1.09
  2013.0658         -294.61            1.10
  2013.0685         -296.22            1.01
  2013.0713         -295.64            0.95
  2013.0740         -295.79            0.97
  2013.0767         -295.52            1.01
  2013.0795         -295.54            1.00
  2013.0822         -296.09            1.00
  2013.0850         -295.45            1.04
  2013.0876         -295.06            1.09
  2013.0905         -294.85            1.06
  2013.0931         -294.84            0.99
  2013.0959         -295.43            1.00
  2013.0986         -295.33            1.04
  2013.1013         -294.15            1.20
  2013.1041         -294.98            1.01
  2013.1068         -295.49            1.01
  2013.1096         -296.67            1.04
  2013.1123         -297.75            1.12
  2013.1151         -293.94            1.11
  2013.1178         -297.83            1.10
  2013.1206         -295.97            1.04
  2013.1233         -296.62            1.14
  2013.1260         -296.86            1.06
  2013.1288         -296.37            1.15
  2013.1315         -294.89            1.05
  2013.1343         -296.16            0.97
  2013.1370         -295.24            0.94
  2013.1398         -295.36            1.02
  2013.1425         -295.55            1.07
  2013.1453         -295.49            1.00
  2013.1479         -294.62            1.03
  2013.1506         -297.43            0.97
  2013.1534         -296.36            0.94
  2013.1561         -295.23            0.96
  2013.1589         -296.57            0.96
  2013.1616         -295.47            0.99
  2013.1644         -297.03            1.01
  2013.1671         -297.20            0.99
  2013.1699         -296.10            0.94
  2013.1726         -296.21            0.94
  2013.1753         -297.21            1.06
  2013.1781         -299.41            1.08
  2013.1808         -296.86            1.00
  2013.1863         -301.55            1.12
  2013.1918         -298.93            1.07
  2013.2000         -297.11            0.92
  2013.2028         -298.03            0.95
  2013.2054         -297.57            1.03
  2013.2083         -296.19            0.99
  2013.2109         -296.85            0.92
  2013.2164         -297.54            1.08
  2013.2192         -298.03            0.95
  2013.2219         -297.89            0.93
  2013.2246         -297.55            1.00
  2013.2274         -297.30            1.03
  2013.2301         -299.35            1.04
  2013.2329         -297.16            1.00
  2013.2356         -297.79            0.95
  2013.2384         -298.23            0.91
  2013.2411         -297.61            1.02
  2013.2439         -298.38            0.98
  2013.2466         -300.39            0.98
  2013.2493         -293.72            1.03
  2013.2548         -299.67            1.01
  2013.2576         -300.04            0.98
  2013.2603         -298.08            1.04
  2013.2631         -299.19            1.00
  2013.2657         -297.93            1.93
  2013.2684         -300.04            1.00
  2013.2712         -301.25            1.15
  2013.2794         -297.62            1.00
  2013.2822         -299.06            0.92
  2013.2849         -299.85            0.93
  2013.2877         -299.28            0.95
  2013.2904         -300.30            0.94
  2013.2931         -299.82            0.93
  2013.2959         -300.51            0.96
  2013.2986         -300.36            0.93
  2013.3014         -299.48            0.96
  2013.3041         -299.97            0.97
  2013.3069         -301.36            1.01
  2013.3096         -301.22            0.97
  2013.3124         -299.90            1.00
  2013.3151         -301.03            0.95
  2013.3177         -301.29            1.00
  2013.3206         -302.13            0.97
  2013.3232         -301.41            1.01
  2013.3260         -301.39            0.96
  2013.3287         -302.20            0.90
  2013.3315         -302.59            1.00
  2013.3342         -301.60            1.03
  2013.3370         -304.55            1.10
  2013.3397         -302.56            0.97
  2013.3424         -302.33            0.92
  2013.3452         -304.65            1.02
  2013.3479         -302.05            0.98
  2013.3562         -305.78            1.06
  2013.3589         -302.40            0.93
  2013.3617         -304.19            1.78
  2013.3644         -303.45            0.93
  2013.3671         -305.15            0.91
  2013.3699         -305.31            0.89
  2013.3726         -305.14            0.87
  2013.3754         -305.55            0.91
  2013.3781         -302.28            0.97
  2013.3809         -304.34            1.50
  2013.3835         -305.60            0.95
  2013.3864         -305.10            0.91
  2013.3890         -305.80            0.92
  2013.3917         -305.86            0.93
  2013.3945         -305.25            0.90
  2013.4000         -305.69            0.96
  2013.4027         -306.67            0.99
  2013.4055         -307.83            1.05
  2013.4082         -306.68            0.91
  2013.4110         -307.06            0.91
  2013.4137         -307.88            1.04
  2013.4164         -307.23            1.00
  2013.4192         -305.14            0.97
  2013.4219         -307.16            0.90
  2013.4247         -303.48            0.97
  2013.4274         -306.36            1.00
  2013.4302         -304.81            0.92
  2013.4329         -305.34            0.96
  2013.4357         -304.78            0.91
  2013.4384         -305.67            0.94
  2013.4410         -305.70            0.91
  2013.4438         -304.25            0.94
  2013.4465         -306.63            0.94
  2013.4493         -305.03            0.96
  2013.4520         -306.10            0.95
  2013.4548         -308.14            1.02
  2013.4575         -306.97            0.95
  2013.4603         -308.84            0.93
  2013.4630         -305.99            0.94
  2013.4657         -306.18            0.91
  2013.4685         -307.81            0.91
  2013.4712         -306.20            0.96
  2013.4740         -306.32            0.89
  2013.4767         -305.07            0.90
  2013.4795         -304.20            0.89
  2013.4822         -304.75            0.89
  2013.4850         -304.73            0.92
  2013.4877         -304.96            1.02
  2013.4904         -308.21            0.98
  2013.4932         -307.05            0.95
  2013.4958         -305.78            0.89
  2013.4987         -306.78            0.87
  2013.5013         -308.73            0.93
  2013.5042         -308.59            1.05
  2013.5068         -305.11            2.90
  2013.5123         -305.14            1.51
  2013.5150         -305.24            1.40
  2013.5178         -305.91            1.45
  2013.5205         -307.89            0.95
  2013.5233         -307.10            0.93
  2013.5260         -308.07            1.20
  2013.5288         -306.18            0.88
  2013.5315         -310.55            1.85
  2013.5343         -305.63            1.76
  2013.5370         -306.92            0.92
  2013.5397         -305.05            0.87
  2013.5425         -306.00            0.92
  2013.5452         -305.76            0.92
  2013.5480         -307.08            0.88
  2013.5507         -306.29            0.96
  2013.5535         -307.69            0.88
  2013.5562         -307.06            0.85
  2013.5590         -307.48            0.86
  2013.5616         -305.86            0.85
  2013.5643         -307.03            0.91
  2013.5671         -307.36            0.95
  2013.5698         -307.63            0.86
  2013.5726         -308.45            0.84
  2013.5753         -307.75            0.85
  2013.5781         -307.46            0.89
  2013.5808         -308.07            0.86
  2013.5836         -307.59            0.83
  2013.5863         -307.04            0.86
  2013.5890         -307.22            0.91
  2013.5918         -308.32            0.97
  2013.5945         -308.03            0.91
  2013.5973         -308.15            0.94
  2013.6000         -308.24            0.98
  2013.6028         -307.99            0.91
  2013.6055         -307.61            0.84
  2013.6083         -307.70            0.88
  2013.6110         -310.06            0.91
  2013.6136         -311.63            0.92
  2013.6165         -309.35            0.88
  2013.6191         -310.16            0.86
  2013.6219         -308.85            0.91
  2013.6246         -308.66            0.88
  2013.6274         -308.91            0.84
  2013.6301         -308.64            0.88
  2013.6329         -309.69            0.91
  2013.6356         -309.44            0.89
  2013.6383         -309.36            0.90
  2013.6411         -310.23            0.87
  2013.6438         -310.28            0.90
  2013.6466         -311.11            0.92
  2013.6493         -309.21            0.90
  2013.6521         -309.11            0.87
  2013.6548         -310.08            0.89
  2013.6576         -311.69            0.88
  2013.6603         -310.26            0.89
  2013.6630         -310.25            0.88
  2013.6658         -311.94            0.95
  2013.6685         -310.92            0.93
  2013.6713         -309.98            0.94
  2013.6740         -309.94            0.96
  2013.6768         -310.81            1.10
  2013.6794         -313.85            1.03
  2013.6823         -310.52            1.05
  2013.6849         -312.03            1.05
  2013.6876         -312.82            1.07
  2013.6904         -313.29            1.03
  2013.6931         -315.33            1.03
  2013.6959         -314.10            1.00
  2013.6986         -314.06            1.04
  2013.7014         -311.96            0.97
  2013.7041         -312.97            1.01
  2013.7069         -311.80            0.99
  2013.7096         -311.23            0.96
  2013.7123         -311.03            0.96
  2013.7151         -312.19            0.94
  2013.7178         -311.78            1.01
  2013.7206         -312.14            1.03
  2013.7233         -311.22            1.01
  2013.7261         -313.70            1.01
  2013.7288         -314.72            1.05
  2013.7316         -313.39            0.94
  2013.7343         -313.59            0.94
  2013.7369         -312.16            1.06
  2013.7397         -313.50            1.01
  2013.7424         -311.24            0.99
  2013.7561         -313.69            0.96
  2013.7589         -313.54            1.00
  2013.7616         -312.83            1.06
  2013.7644         -313.21            0.99
  2013.7671         -312.02            1.12
  2013.7699         -312.67            1.02
  2013.7726         -312.65            1.00
