  2008.0027            0.00            1.05
  2008.0055           -0.30            1.11
  2008.0082            5.95            1.07
  2008.0110            1.93            1.01
  2008.0137            0.83            1.03
  2008.0165           -0.45            1.13
  2008.0192           -1.83            1.15
  2008.0220           -0.03            1.18
  2008.0247            0.55            1.21
  2008.0273            4.64            1.23
  2008.0302            6.60            1.12
  2008.0328           -0.07            1.06
  2008.0356           -0.81            1.10
  2008.0383            5.94            1.11
  2008.0411            2.18            1.12
  2008.0438            3.05            1.15
  2008.0466            1.06            1.05
  2008.0493            2.33            1.13
  2008.0520            1.42            1.05
  2008.0548            0.27            1.10
  2008.0575            3.25            1.06
  2008.0603            3.77            1.09
  2008.0630            5.36            1.07
  2008.0658            3.39            1.04
  2008.0685            7.94            1.07
  2008.0713            2.54            1.12
  2008.0740            6.60            1.01
  2008.0767            4.05            1.03
  2008.0795            3.24            1.01
  2008.0822            6.16            1.01
  2008.0850            0.07            1.08
  2008.0876           -1.95            1.06
  2008.0905            0.44            1.02
  2008.0931            2.67            1.03
  2008.0959            1.73            1.02
  2008.0986            4.22            1.03
  2008.1013            3.32            1.08
  2008.1041            4.17            1.03
  2008.1068            7.91            1.03
  2008.1096            7.60            1.05
  2008.1123            3.95            1.05
  2008.1151           -6.88            1.03
  2008.1178            4.53            1.03
  2008.1206            6.78            1.04
  2008.1233            6.39            1.06
  2008.1260            2.94            1.07
  2008.1288            1.16            1.07
  2008.1315            0.70            1.06
  2008.1343            1.11            1.07
  2008.1370            7.99            1.03
  2008.1398           -0.34            1.13
  2008.1425            2.21            1.05
  2008.1453           -0.10            1.04
  2008.1479            6.74            1.07
  2008.1506            5.86            1.04
  2008.1534            6.18            1.09
  2008.1561            9.27            1.00
  2008.1589            2.43            1.03
  2008.1616            8.28            1.10
  2008.1644            1.58            1.02
  2008.1671            7.79            1.03
  2008.1699            2.38            1.03
  2008.1726            3.91            0.99
  2008.1753            5.20            0.98
  2008.1781            4.20            0.98
  2008.1808            5.94            1.00
  2008.1836            7.14            1.00
  2008.1863            7.50            0.99
  2008.1891            2.89            1.06
  2008.1918            7.11            1.05
  2008.1946            4.90            1.01
  2008.1973            5.09            1.03
  2008.2000            5.23            1.01
  2008.2028            4.60            1.02
  2008.2054            3.69            1.04
  2008.2083            5.64            1.44
  2008.2109            2.17            1.05
  2008.2137            3.29            1.10
  2008.2164            1.77            1.07
  2008.2192            5.57            1.02
  2008.2219            4.22            1.02
  2008.2246            4.46            1.05
  2008.2274            3.56            1.05
  2008.2301           17.21            1.05
  2008.2329            5.29            1.06
  2008.2356            5.12            1.10
  2008.2384            4.62            1.15
  2008.2411            5.21            1.04
  2008.2439            4.47            1.08
  2008.2466            8.05            1.04
  2008.2493            7.40            1.03
  2008.2521            8.06            1.08
  2008.2548            6.38            1.07
  2008.2576           -9.07            1.07
  2008.2603            5.34            1.04
  2008.2631            7.15            1.03
  2008.2657            3.63            0.98
  2008.2684            2.57            1.01
  2008.2712            4.31            1.04
  2008.2739            6.49            0.99
  2008.2767            5.97            1.06
  2008.2794            4.25            1.09
  2008.2822            5.10            1.06
  2008.2849            7.58            1.02
  2008.2877            7.07            1.03
  2008.2904           11.95            1.10
  2008.2931            2.44            1.12
  2008.2959            7.24            0.91
  2008.2986            5.53            0.92
  2008.3014            5.02            0.94
  2008.3041            4.19            0.94
  2008.3069            8.52            0.93
  2008.3096           11.24            0.94
  2008.3124            3.70            0.96
  2008.3151            6.10            0.95
  2008.3177            7.53            1.00
  2008.3206            6.99            1.13
  2008.3232            5.16            1.14
  2008.3260            8.54            1.20
  2008.3287           -6.08           11.46
  2008.3315            8.89            1.00
  2008.3342            7.64            1.02
  2008.3370            6.15            1.08
  2008.3397            0.37            1.01
  2008.3424            4.86            0.97
  2008.3452            7.28            1.00
  2008.3479           12.02            0.95
  2008.3507            4.62            0.95
  2008.3534           10.40            1.02
  2008.3562            4.23            1.01
  2008.3589            8.36            0.99
  2008.3617            7.31            0.98
  2008.3644            7.25            0.97
  2008.3671            7.15            1.00
  2008.3699            5.07            1.29
  2008.3726            8.27            1.02
  2008.3754            7.14            0.96
  2008.3781            8.34            1.09
  2008.3809            7.12            1.14
  2008.3835            6.19            1.10
  2008.3864            6.86            1.18
  2008.3890            8.10            1.19
  2008.3917            6.27            1.15
  2008.3945            3.69            1.34
  2008.3972            6.12            1.12
  2008.4000            5.83            1.05
  2008.4027            9.26            1.24
  2008.4055            7.07            1.10
  2008.4082            7.68            1.25
  2008.4110            6.61            1.35
  2008.4137            7.05            1.03
  2008.4164            7.52            1.13
  2008.4192            8.12            1.26
  2008.4219            7.34            1.03
  2008.4247            6.96            1.29
  2008.4274            9.16            1.28
  2008.4329            5.38            0.98
  2008.4357            7.22            1.00
  2008.4384            6.15            1.09
  2008.4410            6.40            1.53
  2008.4438            3.97            1.15
  2008.4465            8.96            1.24
  2008.4493            7.66            1.02
  2008.4520            4.83            1.02
  2008.4548            1.64            1.36
  2008.4575            5.71            1.06
  2008.4603            1.68            1.15
  2008.4630            6.75            1.17
  2008.4657            7.46            1.08
  2008.4685            5.76            1.23
  2008.4712            5.45            1.09
  2008.4740            7.04            0.93
  2008.4767            6.92            0.96
  2008.4795            8.35            0.94
  2008.4822            6.50            0.97
  2008.4850            5.89            1.00
  2008.4877            6.06            1.05
  2008.4904            5.43            0.97
  2008.4932            8.15            0.94
  2008.4958            9.23            1.02
  2008.4987            9.97            1.02
  2008.5013            9.93            1.02
  2008.5042            9.43            0.98
  2008.5068            9.13            0.90
  2008.5096           10.76            1.01
  2008.5123            8.96            1.02
  2008.5150           10.59            1.02
  2008.5178            6.01            1.03
  2008.5205           10.80            0.97
  2008.5233            9.00            0.95
  2008.5260           10.02            0.96
  2008.5288           10.09            1.03
  2008.5315            7.86            1.10
  2008.5343            8.25            1.03
  2008.5370            7.65            1.01
  2008.5397            6.40            1.01
  2008.5425            9.70            1.00
  2008.5452            8.20            1.03
  2008.5480            8.02            0.96
  2008.5507            9.31            1.00
  2008.5535            7.94            0.94
  2008.5562            9.41            1.02
  2008.5590            8.57            1.01
  2008.5616            9.34            1.02
  2008.5643            7.63            1.00
  2008.5671            7.78            1.00
  2008.5698           10.01            0.92
  2008.5726            7.78            1.03
  2008.5753            8.79            1.05
  2008.5781            6.87            0.99
  2008.5808            6.36            0.98
  2008.5836            5.57            0.96
  2008.5890            7.35            0.93
  2008.5918            7.94            1.01
  2008.5945            6.25            1.01
  2008.5973            4.52            0.96
  2008.6000            7.91            0.98
  2008.6028            6.84            1.03
  2008.6055            7.92            0.97
  2008.6083            6.86            0.94
  2008.6110            7.24            1.00
  2008.6136            6.64            1.01
  2008.6165            7.00            0.94
  2008.6191            6.78            0.93
  2008.6219            6.43            1.00
  2008.6246            5.07            1.05
  2008.6274            6.65            1.00
  2008.6301            7.11            1.00
  2008.6329            8.02            0.94
  2008.6356            8.40            0.88
  2008.6383            8.55            0.90
  2008.6411           14.31            0.92
  2008.6438            7.29            0.93
  2008.6466            8.58            0.91
  2008.6493            9.41            0.92
  2008.6521            7.86            0.95
  2008.6548            8.08            1.09
  2008.6576            9.00            0.99
  2008.6603            9.24            0.97
  2008.6630            7.25            0.94
  2008.6658            9.19            0.97
  2008.6685            9.35            0.95
  2008.6713            9.69            0.94
  2008.6740            9.73            0.95
  2008.6768           11.28            0.93
  2008.6794           11.06            0.96
  2008.6823           13.42            0.96
  2008.6849           12.40            0.93
  2008.6876            1.59            0.96
  2008.6904            1.35            0.92
  2008.6931            2.64            0.94
  2008.6959            2.91            1.00
  2008.6986            2.86            0.99
  2008.7014            2.23            0.92
  2008.7041            1.65            0.89
  2008.7069           11.20            0.91
  2008.7096           11.55            0.92
  2008.7123           10.77            0.98
  2008.7151           10.96            0.93
  2008.7178            9.40            0.97
  2008.7206           11.94            0.91
  2008.7233           11.25            0.91
  2008.7261           11.07            0.90
  2008.7288            8.65            0.93
  2008.7316           10.48            0.92
  2008.7343           11.97            0.91
  2008.7369           11.93            0.90
  2008.7397           13.44            0.95
  2008.7424           10.44            0.96
  2008.7452           10.36            0.98
  2008.7479           10.78            0.93
  2008.7507            9.54            0.93
  2008.7534            6.55            1.02
  2008.7561           11.92            1.00
  2008.7589           11.80            0.98
  2008.7616           10.18            0.94
  2008.7644           10.79            0.94
  2008.7671            9.96            0.98
  2008.7699           11.05            0.93
  2008.7726           11.70            0.94
  2008.7754           10.78            0.97
  2008.7781           13.03            1.05
  2008.7808           10.31            0.99
  2008.7836           10.44            2.32
  2008.7863           10.86            0.96
  2008.7891           12.56            0.97
  2008.7917           12.03            1.06
  2008.7946           12.03            1.01
  2008.7972            9.46            0.96
  2008.8000            6.23            1.00
  2008.8027            9.44            1.02
  2008.8054           10.52            0.96
  2008.8082           12.95            1.00
  2008.8109            7.55            0.99
  2008.8137            7.13            0.97
  2008.8164            7.87            1.03
  2008.8192           11.73            1.00
  2008.8219           14.89            0.94
  2008.8247           11.56            0.98
  2008.8274           10.25            0.96
  2008.8301           10.46            0.96
  2008.8329           10.92            0.99
  2008.8356            8.72            0.96
  2008.8384            9.42            1.00
  2008.8411           10.58            1.01
  2008.8439            8.12            1.03
  2008.8466           12.00            1.05
  2008.8494           10.35            1.03
  2008.8521           10.51            1.03
  2008.8547            9.75            1.03
  2008.8575            9.67            1.05
  2008.8602            8.81            1.04
  2008.8630            7.62            1.11
  2008.8657           11.33            1.04
  2008.8685            4.04            0.99
  2008.8712           10.62            1.02
  2008.8740           12.84            1.00
  2008.8767           11.72            1.07
  2008.8794           10.55            0.98
  2008.8822            9.71            1.06
  2008.8849           11.42            1.00
  2008.8877            9.43            0.96
  2008.8904            7.87            1.11
  2008.8932            9.23            0.97
  2008.8959            9.66            1.00
  2008.8987            7.71            1.05
  2008.9014           15.23            1.02
  2008.9041           12.49            1.02
  2008.9069           14.12            1.08
  2008.9095            8.40            1.09
  2008.9124           12.21            1.07
  2008.9150           11.61            1.05
  2008.9178            9.22            1.03
  2008.9205           10.13            1.01
  2008.9233           10.15            0.97
  2008.9260            9.33            0.98
  2008.9287            8.91            0.98
  2008.9315           10.09            0.97
  2008.9342            6.95            0.99
  2008.9370            8.81            1.01
  2008.9397            8.55            1.01
  2008.9425            9.72            1.15
  2008.9452            7.87            0.95
  2008.9480            8.53            1.07
  2008.9507           12.13            0.98
  2008.9534           15.86            1.05
  2008.9562           22.50            0.97
  2008.9589            4.37            0.99
  2008.9617           11.86            0.98
  2008.9644            9.76            1.04
  2008.9672           16.11            1.05
  2008.9698           13.38            1.01
  2008.9727           12.68            0.99
  2008.9753            9.71            1.05
  2008.9780           19.31            0.95
  2008.9808            7.91            0.96
  2008.9835           -3.32            1.04
  2008.9863           23.14            1.00
  2008.9890            4.46            0.97
  2008.9918            5.33            1.01
  2008.9945           11.67            1.02
  2008.9973            9.54            1.18
  2009.0000            3.75            1.07
  2009.0027           13.27            1.02
  2009.0027           12.37            0.97
  2009.0055            9.70            0.99
  2009.0082           10.73            0.97
  2009.0137            7.27            0.98
  2009.0165           15.29            0.99
  2009.0192           12.57            0.95
  2009.0247           12.06            0.93
  2009.0273           12.45            1.04
  2009.0328           11.72            0.99
  2009.0356            9.65            0.98
  2009.0383            7.37            1.01
  2009.0438            7.66            1.07
  2009.0466           14.86            1.00
  2009.0493           11.29            0.98
  2009.0548            8.29            0.96
  2009.0575           12.58            0.94
  2009.0630           11.15            1.01
  2009.0658            9.55            0.99
  2009.0685           13.76            0.92
  2009.0740           16.35            1.14
  2009.0767            8.69            0.94
  2009.0795            4.44            0.96
  2009.0822           11.68            0.98
  2009.0850           11.40            0.97
  2009.0876           11.93            0.98
  2009.0931           10.73            0.96
  2009.0959           10.05            0.99
  2009.0986           11.13            1.03
  2009.1041           14.59            0.94
  2009.1068            7.05            0.98
  2009.1123            3.39            1.02
  2009.1151            6.71            1.00
  2009.1178            6.79            1.00
  2009.1233           10.87            0.94
  2009.1260           11.43            0.97
  2009.1288           12.77            0.99
  2009.1343           12.33            0.94
  2009.1370           14.80            1.00
  2009.1425           16.20            0.99
  2009.1453           15.25            0.98
  2009.1479           17.00            0.99
  2009.1534           12.77            1.04
  2009.1561           15.50            0.98
  2009.1589            6.63            0.97
  2009.1644           11.33            1.77
  2009.1671           10.85            1.07
  2009.1726            6.75            0.98
  2009.1753           14.45            0.94
  2009.1781           11.56            0.99
  2009.1836           10.49            0.96
  2009.1863           16.09            0.97
  2009.1891           10.87            0.96
  2009.1918           18.64            1.04
  2009.1946            8.97            0.96
  2009.1973            7.74            0.98
  2009.2028           10.25            0.94
  2009.2054           11.76            1.09
  2009.2083           12.84            0.98
  2009.2137            5.60            0.98
  2009.2164           18.28            0.93
  2009.2219           13.44            0.99
  2009.2246            2.55            1.06
  2009.2274           16.62            1.02
  2009.2329           17.36            0.98
  2009.2356           11.66            0.94
  2009.2384            9.82            0.95
  2009.2439           14.59            0.91
  2009.2466           14.61            0.94
  2009.2521           14.38            1.04
  2009.2548           13.15            1.01
  2009.2576           14.55            0.94
  2009.2631           12.49            0.90
  2009.2657           13.69            0.92
  2009.2684           11.33            0.97
  2009.2739           10.30            0.95
  2009.2767           10.38            0.88
  2009.2794           12.51            0.93
  2009.2822           14.22            0.91
  2009.2849           14.22            0.90
  2009.2877           11.08            0.93
  2009.2904           18.54            0.96
  2009.2931           11.42            0.91
  2009.2959           16.08            0.88
  2009.2986           15.08            0.87
  2009.3014           13.80            0.96
  2009.3069           12.68            0.95
  2009.3096           15.40            0.97
  2009.3124           13.15            0.95
  2009.3151            8.53            0.93
  2009.3177           16.31            0.92
  2009.3206           11.20            1.03
  2009.3232           18.13            0.98
  2009.3260           14.00            0.93
  2009.3315           10.46            0.93
  2009.3342           15.11            0.99
  2009.3370           15.88            1.03
  2009.3397            3.60            1.02
  2009.3424           13.96            0.94
  2009.3452           13.24            0.98
  2009.3479           13.84            0.98
  2009.3507           13.32            0.92
  2009.3534           11.50            0.92
  2009.3562           13.67            0.93
  2009.3589           15.78            0.94
  2009.3617           19.69            0.96
  2009.3644           12.56            0.91
  2009.3671           15.19            0.91
  2009.3699           14.28            0.97
  2009.3726           12.84            0.94
  2009.3754           12.40            0.99
  2009.3781           12.40            0.91
  2009.3809           11.92            0.92
  2009.3835           11.89            1.01
  2009.3864            9.53            0.89
  2009.3890           14.00            0.91
  2009.3917           13.59            0.92
  2009.3945           11.61            0.93
  2009.3972           15.32            0.96
  2009.4000           17.77            0.92
  2009.4027           14.89            0.89
  2009.4055           15.50            0.97
  2009.4082           15.65            0.91
  2009.4110           11.48            0.92
  2009.4137           15.62            0.96
  2009.4164           14.48            0.99
  2009.4192           15.59            0.92
  2009.4219           14.61            0.91
  2009.4247           15.25            0.90
  2009.4274           14.72            0.87
  2009.4302           14.80            0.94
  2009.4329           14.19            0.95
  2009.4357           16.63            0.96
  2009.4384           16.74            0.95
  2009.4410           15.32            0.91
  2009.4438           16.47            0.89
  2009.4465           11.51            0.88
  2009.4493           10.88            0.91
  2009.4520           11.74            0.96
  2009.4548           13.82            0.91
  2009.4575            9.42            0.95
  2009.4603           -1.73            1.05
  2009.4630           13.51            0.92
  2009.4657           14.86            0.89
  2009.4685           13.99            0.89
  2009.4712           13.94            0.97
  2009.4740           12.04            0.98
  2009.4767           20.18            0.92
  2009.4795           20.53            0.95
  2009.4822           15.40            0.99
  2009.4850           15.69            0.94
  2009.4877           15.69            0.99
  2009.4904           13.20            1.10
  2009.4932           14.13            0.95
  2009.4958           14.13            0.96
  2009.4987           14.66            0.98
  2009.5013           14.54            0.89
  2009.5042           15.12            0.94
  2009.5068           14.29            0.99
  2009.5096           12.56            0.95
  2009.5123           13.70            0.93
  2009.5150           15.82            0.90
  2009.5178           15.36            0.89
  2009.5205           14.00            0.88
  2009.5233           11.12            0.88
  2009.5260           15.05            0.87
  2009.5288           13.61            0.95
  2009.5315           11.51            0.86
  2009.5343           14.80            0.88
  2009.5370           14.55            0.88
  2009.5397           10.09            0.85
  2009.5425           14.97            0.89
  2009.5507            0.78            5.88
  2009.5535           13.57            0.98
  2009.5590           14.78            0.90
  2009.5616           14.20            0.90
  2009.5643           12.28            0.91
  2009.5698           14.09            0.93
  2009.5726           16.95            0.90
  2009.5781           14.60            0.83
  2009.5808           14.19            0.86
  2009.5836           15.21            0.85
  2009.5890           15.14            0.85
  2009.5918           15.82            0.91
  2009.5945           14.28            0.88
  2009.6000           13.24            0.86
  2009.6028           12.34            0.88
  2009.6083           16.04            0.85
  2009.6110           17.84            0.93
  2009.6136           10.46            0.91
  2009.6191           14.64            0.88
  2009.6219           15.55            0.95
  2009.6246           14.54            0.91
  2009.6301           15.73            0.92
  2009.6329           16.18            0.90
  2009.6383           16.11            0.94
  2009.6411           13.57            0.94
  2009.6438           17.01            0.92
  2009.6493           14.86            0.92
  2009.6521           17.73            1.05
  2009.6548           15.55            0.91
  2009.6576            9.90            0.89
  2009.6603           14.34            0.88
  2009.6630           12.34            0.93
  2009.6685           18.43            1.01
  2009.6713           16.27            0.98
  2009.6740           14.33            0.91
  2009.6794           15.29            0.95
  2009.6823           16.17            1.03
  2009.6876           18.28            0.87
  2009.6904           17.88            0.85
  2009.6931           18.37            0.85
  2009.6986           14.49            0.87
  2009.7014           15.95            0.92
  2009.7041           17.24            0.87
  2009.7096           11.73            0.98
  2009.7123           10.44            0.93
  2009.7178           15.75            0.87
  2009.7206           14.45            0.87
  2009.7233           16.62            0.86
  2009.7288           13.85            0.85
  2009.7316           14.83            0.89
  2009.7343           15.95            0.87
  2009.7397           16.34            0.96
  2009.7424           17.38            0.95
  2009.7479           15.78            0.91
  2009.7507           22.40            0.95
  2009.7534           11.11            0.91
  2009.7589           11.44            0.94
  2009.7616           16.16            0.98
  2009.7644           17.20            0.91
  2009.7671           17.96            0.87
  2009.7699           17.51            0.93
  2009.7726           18.12            0.93
  2009.7781           16.48            0.95
  2009.7808           13.31            0.89
  2009.7836           17.34            0.90
  2009.7891           15.82            1.09
  2009.7917           18.13            0.92
  2009.7972           10.63            0.95
  2009.8000           13.79            1.11
  2009.8027           20.58            0.95
  2009.8054           17.71            0.93
  2009.8082           13.51            0.97
  2009.8109           10.20            0.99
  2009.8137           15.56            1.03
  2009.8164           16.21            0.95
  2009.8192           13.28            0.99
  2009.8219           24.06            1.11
  2009.8247           14.70            0.98
  2009.8274           19.43            1.05
  2009.8301           15.61            1.04
  2009.8329           18.37            1.01
  2009.8356           15.95            1.04
  2009.8384           17.22            1.08
  2009.8411            8.07            1.04
  2009.8439           11.76            1.02
  2009.8466           15.06            1.07
  2009.8494           14.41            1.04
  2009.8521           14.74            0.98
  2009.8547           14.28            0.96
  2009.8575           14.43            1.02
  2009.8602           16.05            1.04
  2009.8630            9.90            0.93
  2009.8657            7.08            0.94
  2009.8685           14.87            0.98
  2009.8712           12.73            0.99
  2009.8740           15.29            1.03
  2009.8767           12.61            1.03
  2009.8794           15.35            1.03
  2009.8822           13.70            1.05
  2009.8849           13.34            1.13
  2009.8877           14.57            0.98
  2009.8904           13.45            0.97
  2009.8932           17.47            0.99
  2009.8959           14.09            1.03
  2009.8987           14.69            1.05
  2009.9014           13.31            1.05
  2009.9041           16.06            1.09
  2009.9069           18.67            0.99
  2009.9095           15.37            0.98
  2009.9124           17.99            1.07
  2009.9150            7.84            1.01
  2009.9178           16.50            1.04
  2009.9205           17.37            1.03
  2009.9233           15.92            0.95
  2009.9260           13.61            0.94
  2009.9287           16.17            1.01
  2009.9315           16.37            0.95
  2009.9342           16.07            0.93
  2009.9370           16.44            0.91
  2009.9397           15.24            0.96
  2009.9425           18.06            0.97
  2009.9452           16.81            1.05
  2009.9480           17.26            0.97
  2009.9507           16.13            0.99
  2009.9534           19.25            1.09
  2009.9562           18.19            1.02
  2009.9589           16.10            0.97
  2009.9617           20.53            1.09
  2009.9644           18.07            1.10
  2009.9672           16.35            1.09
  2009.9698           14.01            1.08
  2009.9727           12.09            1.00
  2009.9753           16.34            1.12
  2009.9780           16.38            1.13
  2009.9808           20.57            1.09
  2009.9835           13.19            1.01
  2009.9863           12.97            1.09
  2009.9890           17.81            1.04
  2009.9918           15.47            1.07
  2009.9945           15.96            1.08
  2009.9973           14.77            1.06
  2010.0000           17.79            1.02
  2010.0027           15.17            0.95
  2010.0055           11.19            0.98
  2010.0082           13.22            1.02
  2010.0110           22.84            1.02
  2010.0137           18.86            1.15
  2010.0165           19.47            0.99
  2010.0192           13.28            0.99
  2010.0220           12.05            1.01
  2010.0247           14.01            1.00
  2010.0273           12.85            1.03
  2010.0302           15.34            1.19
  2010.0328           -1.02            1.09
  2010.0356            3.83            1.07
  2010.0383           10.78            1.07
  2010.0411           10.16            1.04
  2010.0438           14.96            1.04
  2010.0466           11.92            1.01
  2010.0493           14.72            0.98
  2010.0520           16.56            1.01
  2010.0548            7.76            0.98
  2010.0575           19.67            0.99
  2010.0603           13.82            0.97
  2010.0630           12.34            0.97
  2010.0658           10.68            1.01
  2010.0685           15.41            0.98
  2010.0713           11.78            1.02
  2010.0740           12.35            1.04
  2010.0767            8.87            1.08
  2010.0795           14.58            1.01
  2010.0822           17.10            0.99
  2010.0850           10.94            0.98
  2010.0876           12.92            0.99
  2010.0905           17.71            1.03
  2010.0931           11.35            1.06
  2010.0959           13.57            0.98
  2010.0986           12.84            1.01
  2010.1013           16.49            1.09
  2010.1041            5.36            1.02
  2010.1068            6.58            1.00
  2010.1096            8.77            1.05
  2010.1123            6.86            1.03
  2010.1151           15.84            1.06
  2010.1178           22.15            1.04
  2010.1206           11.92            1.03
  2010.1233           15.00            0.94
  2010.1260           14.53            1.04
  2010.3315          -12.03           21.80
  2010.3424           16.53            0.94
  2010.3452           10.38            0.90
  2010.3479           13.87            0.85
  2010.3507           19.39            0.84
  2010.3534           19.34            0.82
  2010.3562           18.20            0.96
  2010.3589           19.92            0.86
  2010.3617           17.55            1.38
  2010.3644           17.49            0.89
  2010.3671           17.90            1.05
  2013.0027           37.22            0.84
  2013.0055           38.24            0.82
  2013.0082           38.80            0.89
  2013.0110           40.02            0.89
  2013.0137           37.26            0.94
  2013.0165           36.80            0.99
  2013.0192           37.15            1.00
  2013.0220           31.04            0.88
  2013.0247           39.89            0.98
  2013.0273           39.58            0.91
  2013.0302           35.61            0.95
  2013.0328           38.05            0.93
  2013.0356           39.20            0.91
  2013.0383           38.61            0.89
  2013.0411           38.08            0.95
  2013.0438           40.95            0.97
  2013.0466           39.70            1.10
  2013.0493           37.33            0.93
  2013.0520           41.64            0.89
  2013.0548           40.35            0.88
  2013.0575           40.66            0.92
  2013.0603           42.95            0.98
  2013.0630           40.78            1.01
  2013.0658           39.05            0.97
  2013.0685           38.34            0.92
  2013.0713           43.27            0.85
  2013.0740           41.63            0.90
  2013.0767           40.33            0.93
  2013.0795           40.52            0.89
  2013.0822           45.05            0.95
  2013.0850           28.60            0.97
  2013.0876           33.48            1.02
  2013.0905           40.30            0.94
  2013.0931           41.95            0.91
  2013.0959           40.21            0.91
  2013.0986           38.86            0.94
  2013.1013           46.02            1.09
  2013.1041           39.93            0.90
  2013.1068           41.39            0.96
  2013.1096           46.71            0.96
  2013.1123           41.20            1.03
  2013.1151           40.17            1.02
  2013.1178           47.19            0.98
  2013.1206           42.96            0.93
  2013.1233           37.65            1.03
  2013.1260           41.29            1.01
  2013.1288           39.48            1.04
  2013.1315           43.53            0.95
  2013.1343           44.34            0.87
  2013.1370           46.79            0.85
  2013.1398           42.82            0.89
  2013.1425           40.93            0.95
  2013.1453           42.06            0.90
  2013.1479           38.94            0.94
  2013.1534           43.12            0.84
  2013.1561           43.10            0.88
  2013.1589           41.90            0.86
  2013.1616           43.95            0.91
  2013.1644           40.61            0.91
  2013.1671           41.97            0.90
  2013.1699           43.60            0.85
  2013.1726           46.84            0.87
  2013.1753           42.96            0.96
  2013.1781           43.80            0.97
  2013.1808           43.51            0.93
  2013.1863           47.07            0.99
  2013.1918           42.38            0.97
  2013.2000           43.93            0.83
  2013.2028           42.42            0.88
  2013.2054           42.68            0.94
  2013.2083           46.28            0.93
