  2010.1891            0.00            0.95
  2010.1918           -0.19            0.25
  2010.1946           -2.09            0.26
  2010.1973           -2.93            0.27
  2010.2000           -0.30            0.34
  2010.2028           -1.01            0.28
  2010.2054           -0.84            0.25
  2010.2083           -1.04            0.24
  2010.2109           -1.94            0.24
  2010.2137           -0.56            0.25
  2010.2164           -2.34            0.26
  2010.2192           -0.81            0.28
  2010.2219            0.69            0.24
  2010.2246           -6.25            0.24
  2010.2274            0.81            0.23
  2010.2301            0.19            0.22
  2010.2329           -0.22            0.23
  2010.2356            0.53            0.23
  2010.2384           -1.62            0.24
  2010.2411           -0.95            0.24
  2010.2439           -0.13            0.23
  2010.2466            0.44            0.30
  2010.2493            0.51            0.23
  2010.2521            1.16            0.23
  2010.2548            1.06            0.29
  2010.2576            2.56            0.15
  2010.2603            3.42            0.22
  2010.2631            3.87            0.23
  2010.2657            3.21            0.23
  2010.2684            3.54            0.22
  2010.2712            5.21            0.22
  2010.2739            4.73            0.24
  2010.2767            5.14            0.23
  2010.2794            6.22            0.25
  2010.2822            6.24            0.22
  2010.2849            7.42            0.22
  2010.2877            6.24            0.22
  2010.2904            5.86            0.23
  2010.2931            7.74            0.23
  2010.2959            7.47            0.32
  2010.2986            6.53            0.23
  2010.3014            6.97            0.22
  2010.3069            7.73            0.28
  2010.3096            6.98            0.23
  2010.3124            7.63            0.21
  2010.3151            6.31            0.22
  2010.3177            6.36            0.21
  2010.3206            7.28            0.22
  2010.3232            6.71            0.22
  2010.3260            7.89            0.21
  2010.3287            6.72            0.22
  2010.3315            6.68            0.21
  2010.3424            7.22            0.22
  2010.3452            7.55            0.22
  2010.3479            7.41            0.22
  2010.3507            8.02            0.24
  2010.3534            9.10            0.20
  2010.3562            8.61            0.21
  2010.3589            8.47            0.21
  2010.3617            9.51            0.34
  2010.3644            9.35            0.21
  2010.3671            8.85            0.23
  2010.3699            9.06            0.23
  2010.3726            9.41            0.22
  2010.3754           10.89            0.21
  2010.3781            9.76            0.21
  2010.3809            9.93            0.21
  2010.3835           10.73            0.21
  2010.3864           11.18            0.22
  2010.3890           10.19            0.22
  2010.3917           11.35            0.22
  2010.3945           11.08            0.22
  2010.3972            5.96            0.21
  2010.4000           10.92            0.21
  2010.4027           12.65            0.24
  2010.4055           11.47            0.22
  2010.4082           12.08            0.22
  2010.4110            9.93            0.48
  2010.4137           11.14            0.21
  2010.4164           12.34            0.21
  2010.4192           11.11            0.21
  2010.4219           12.55            0.22
  2010.4247           11.89            0.22
  2010.4274           11.15            0.21
  2010.4302           11.67            0.22
  2010.4329           11.85            0.20
  2010.4357           12.85            0.22
  2010.4384           13.31            0.20
  2010.4410           12.01            0.20
  2010.4438           11.60            0.22
  2010.4465           10.53            0.23
  2010.4493           12.94            0.21
  2010.4520           10.78            0.23
  2010.4548           11.15            0.22
  2010.4575           10.41            0.54
  2010.4685           12.53            0.37
  2010.4712           14.48            0.22
  2010.4740           15.34            0.21
  2010.4767           14.99            0.23
  2010.4795           11.59            0.32
  2010.4822           14.49            0.41
  2010.4850           14.35            0.21
  2010.4877           15.41            0.21
  2010.4904           14.45            0.22
  2010.4932           15.68            0.21
  2010.4958           14.52            0.36
  2010.5042           14.23            0.37
  2010.5096           13.61            0.22
  2010.5178           15.42            0.37
  2010.5205           16.38            0.20
  2010.5233           16.57            0.22
  2010.5260           13.67            0.22
  2010.5288           13.81            0.20
  2010.5315           14.84            0.20
  2010.5343           16.04            0.20
  2010.5370           17.59            0.22
  2010.5397           16.42            0.22
  2010.5425           16.53            0.22
  2010.5452           15.74            0.34
  2010.5480           15.28            0.21
  2010.5507           17.03            0.22
  2010.5535           15.67            0.24
  2010.5562           14.67            0.39
  2010.5590           16.34            0.24
  2010.5616           10.65            4.95
  2010.5643           15.94            0.39
  2010.5671           17.50            0.22
  2010.5698           17.10            0.22
  2010.5726           16.09            0.23
  2010.5753           16.84            0.23
  2010.5781           14.81            0.57
  2010.5808           17.87            0.39
  2010.5836           16.77            0.21
  2010.5863           17.03            0.21
  2010.5890           16.99            0.21
  2010.5918           17.09            0.21
  2010.5945           17.86            0.45
  2010.5973           18.27            0.22
  2010.6000           16.89            0.21
  2010.6028           18.14            0.21
  2010.6055           18.90            0.20
  2010.6083           18.43            0.20
  2010.6110           17.45            0.21
  2010.6136           17.29            0.31
  2010.6165           18.87            0.31
  2010.6191           18.29            0.20
  2010.6219           19.07            0.20
  2010.6246           19.58            0.22
  2010.6274           18.92            0.24
  2010.6301           18.96            0.76
  2010.6329           18.27            0.30
  2010.6356           17.71            0.84
  2010.6383           19.80            0.23
  2010.6411           21.26            0.21
  2010.6466           18.95            0.32
  2010.6493           21.03            0.30
  2010.6521           21.60            0.24
  2010.6548           21.75            0.21
  2010.6576           20.53            0.21
  2010.6603           20.56            0.19
  2010.6630           21.50            0.52
  2010.6658           21.75            0.20
  2010.6685           21.16            0.20
  2010.6713           21.10            0.20
  2010.6740           21.70            0.22
  2010.6768           20.65            0.20
  2010.6794           22.39            0.19
  2010.6823           22.47            0.19
  2010.6849           23.60            0.19
  2010.6876           22.44            0.19
  2010.6904           22.46            0.19
  2010.6931           22.46            0.19
  2010.6959           22.92            0.21
  2010.6986           22.44            0.20
  2010.7014           21.78            0.19
  2010.7069           22.20            0.26
  2010.7096           23.16            0.19
  2010.7123           23.14            0.23
  2010.7151           23.68            0.20
  2010.7178           22.61            0.19
  2010.7206           23.81            0.19
  2010.7233           25.11            0.18
  2010.7261           22.70            0.18
  2010.7288           23.52            0.18
  2010.7316           24.30            0.50
  2010.7343           23.43            0.19
  2010.7369           22.36            0.20
  2010.7397           28.50            1.34
  2010.7424           23.35            0.19
  2010.7452           24.67            0.18
  2010.7479           23.00            0.19
  2010.7507           22.60            0.19
  2010.7534           25.28            0.18
  2010.7561           26.01            0.20
  2010.7589           25.73            0.37
  2010.7616           27.37            0.19
  2010.7644           26.92            0.19
  2010.7671           26.67            0.19
  2010.7699           25.12            0.19
  2010.7754           27.90            0.19
  2010.7781           27.79            0.18
  2010.7808           28.83            0.19
  2010.7836           28.16            0.20
  2010.7863           24.34            0.21
  2010.7891           28.53            0.19
  2010.7917           30.78            0.68
  2010.7946           26.75            0.19
  2010.7972           27.97            0.19
  2010.8000           28.63            0.20
  2010.8027           27.82            0.19
  2010.8054           28.19            0.26
  2010.8082           27.87            0.19
  2010.8109           27.98            0.18
  2010.8137           26.49            0.18
  2010.8164           26.35            0.18
  2010.8192           26.67            0.20
  2010.8219           27.40            0.20
  2010.8247           25.98            0.20
  2010.8274           26.81            0.48
  2010.8301           26.20            0.18
  2010.8329           26.35            0.19
  2010.8356           26.91            0.19
  2010.8384           28.06            0.18
  2010.8411           27.06            0.19
  2010.8439           26.11            0.19
  2010.8466           28.26            0.19
  2010.8494           28.36            0.45
  2010.8521           29.98            0.21
  2010.8547           28.40            0.20
  2010.8575           27.78            0.19
  2010.8602           29.62            0.20
  2010.8630           28.95            0.19
  2010.8657           28.55            0.19
  2010.8685           29.18            0.46
  2010.8712           29.10            0.19
  2010.8740           30.88            0.19
  2010.8767           30.04            0.19
  2010.8794           30.67            0.19
  2010.8822           31.77            0.19
  2010.8849           29.41            0.19
  2010.8877           31.55            0.19
  2010.8904           29.55            0.19
  2011.0027           38.88            0.22
  2011.0055           39.29            0.22
  2011.0082           39.32            0.24
  2011.0110           40.16            0.23
  2011.0137           38.51            0.24
  2011.0165           39.91            0.31
  2011.0192           38.97            0.21
  2011.0220           38.50            0.23
  2011.0247           43.46            0.21
  2011.0273           42.23            0.22
  2011.0302           46.39            0.87
  2011.0328           42.29            0.21
  2011.0356           44.65            0.23
  2011.0383           43.01            0.21
  2011.0411           43.03            0.22
  2011.0438           42.10            0.24
  2011.0493           46.22            0.32
  2011.0520           44.07            0.31
  2011.0548           43.24            0.23
  2011.0575           44.15            0.22
  2011.0603           43.67            0.23
  2011.0630           42.33            0.22
  2011.0658           43.34            0.23
  2011.0685           43.75            0.23
  2011.0713           43.31            0.24
  2011.0740           43.46            0.24
  2011.0767           44.11            0.31
  2011.0795           44.77            0.29
  2011.0822           47.06            0.23
  2011.0850           47.01            0.23
  2011.0876           46.62            0.22
  2011.0905           45.92            0.22
  2011.0931           47.35            0.32
  2011.0959           46.63            0.22
  2011.0986           45.92            0.22
  2011.1013           48.27            0.23
  2011.1041           49.03            0.22
  2011.1068           48.23            0.24
  2011.1096           49.46            0.23
  2011.1123           50.24            0.33
  2011.1151           49.73            0.23
  2011.1178           48.95            0.44
  2011.1206           48.78            0.38
  2011.1233           48.72            0.23
  2011.1260           47.11            0.24
  2011.1288           45.96            0.23
  2011.1315           45.69            0.24
  2011.1343           46.74            0.23
  2011.1370           46.63            0.24
  2011.1398           48.69            0.23
  2011.1425           48.86            0.23
  2011.1453           50.76            0.34
  2011.1479           47.95            0.26
  2011.1506           47.88            1.10
  2011.1534           48.59            0.24
  2011.1561           49.70            0.22
  2011.1616           49.91            0.21
  2011.1644           49.84            0.23
  2011.1671           49.71            0.23
  2011.1699           48.84            0.22
  2011.1726           47.80            0.35
  2011.1753           49.83            0.23
  2011.1781           46.46            0.30
  2011.1808           46.91            0.23
  2011.1836           47.37            0.24
  2011.1863           46.46            0.24
  2011.1891           46.72            0.41
  2011.1918           49.76            0.27
  2011.1946           44.71            0.27
  2011.1973           46.29            0.22
  2011.2000           49.99            0.30
  2011.2028           48.88            0.27
  2011.2054           47.32            0.25
  2011.2083           48.14            0.31
  2011.2109           49.92            1.53
  2011.2137           48.23            0.22
  2011.2164           49.49            0.21
  2011.2192           54.64            3.02
  2011.2219           48.27            0.24
  2011.2246           50.44            0.23
  2011.2274           46.02            0.24
  2011.2301           49.22            0.23
  2011.2329           49.20            0.23
  2011.2356           50.43            0.23
  2011.2384           49.56            0.22
  2011.2411           50.61            0.32
  2011.2439           48.88            0.23
  2011.2466           46.80            0.58
  2011.2493           48.50            0.25
  2011.2521           50.43            0.24
  2011.2548           47.96            0.68
  2011.2576           48.39            0.22
  2011.2603           47.06            0.38
  2011.2631           47.25            0.23
  2011.2657           49.19            0.23
  2011.2684           47.96            0.22
  2011.2712           49.85            0.93
  2011.2739           47.44            0.47
  2011.2767           48.44            0.24
  2011.2794           49.82            0.24
  2011.2822           47.81            0.26
  2011.2849           46.53            0.24
  2011.2877           47.22            0.22
  2011.2904           48.38            0.46
  2011.2931           57.06            0.61
  2011.2959           54.79            0.22
  2011.2986           55.16            0.22
  2011.3014           55.48            0.22
  2011.3041           56.45            0.25
  2011.3069           51.81            0.67
  2011.3096           54.47            0.22
  2011.3124           55.07            0.21
  2011.3151           52.64            0.21
  2011.3177           54.63            0.21
  2011.3206           55.85            0.22
  2011.3232           54.33            0.24
  2011.3260           54.85            0.22
  2011.3287           55.82            0.23
  2011.3315           55.67            0.21
  2011.3342           54.86            0.21
  2011.3370           54.63            0.21
  2011.3397           54.84            0.22
  2011.3424           55.18            0.22
  2011.3452           55.18            0.21
  2011.3479           57.99            0.22
  2011.3507           56.54            0.21
  2011.3534           56.90            0.21
  2011.3562           59.37            0.23
  2011.3589           57.44            0.22
  2011.3617           58.96            0.30
  2011.3644           57.83            0.20
  2011.3671           57.63            0.20
  2011.3699           56.87            0.21
  2011.3726           56.14            0.22
  2011.3754           54.62            0.21
  2011.3781           56.58            0.22
  2011.3809           58.25            0.22
  2011.3835           55.01            0.22
  2011.3864           53.48            0.22
  2011.3890           54.89            0.21
  2011.3917           56.80            0.21
  2011.3945           55.94            0.21
  2011.3972           56.30            0.20
  2011.4000           56.50            0.20
  2011.4027           55.66            0.21
  2011.4055           56.66            0.20
  2011.4082           57.42            0.20
  2011.4110           57.15            0.20
  2011.4137           57.02            0.20
  2011.4164           56.95            0.23
  2011.4192           56.52            0.21
  2011.4219           58.24            0.20
  2011.4247           57.54            0.21
  2011.4274           58.44            0.23
  2011.4302           58.18            0.22
  2011.4329           58.10            0.23
  2011.4357           57.16            0.25
  2011.4384           55.18            0.21
  2011.4410           56.84            0.23
  2011.4438           57.60            0.23
  2011.4465           57.65            0.22
  2011.4493           57.49            0.21
  2011.4520           58.18            0.22
  2011.4548           58.72            0.25
  2011.4575           57.97            0.22
  2011.4603           59.94            0.22
  2011.4630           55.93            0.24
  2011.4657           57.75            0.25
  2011.4712           57.35            0.22
  2011.4740           56.78            0.21
  2011.4767           57.49            0.22
  2011.4795           57.18            0.22
  2011.4822           58.94            0.21
  2011.4850           58.96            0.21
  2011.4877           58.29            0.21
  2011.4904           60.57            0.20
  2011.4932           59.74            0.22
  2011.4958           58.05            0.22
  2011.4987           59.41            0.21
  2011.5013           59.43            0.21
  2011.5042           60.89            0.23
  2011.5068           60.37            0.24
  2011.5096           60.38            0.25
  2011.5123           60.19            0.24
  2011.5150           60.17            0.23
  2011.5178           59.74            0.28
  2011.5205           61.06            0.23
  2011.5233           59.45            0.22
  2011.5260           60.40            0.22
  2011.5315           60.03            0.21
  2011.5343           59.45            0.24
  2011.5370           58.94            0.25
  2011.5397           62.25            0.41
  2011.5425           58.36            0.24
  2011.5452           58.22            0.24
  2011.5480           60.42            0.23
  2011.5507           59.70            0.23
  2011.5535           60.07            0.23
  2011.5562           59.60            0.30
  2011.5590           59.90            0.24
  2011.5616           60.16            0.22
  2011.5643           63.43            0.23
  2011.5671           56.85            0.25
  2011.5698           61.05            0.23
  2011.5726           59.68            0.24
  2011.5753           60.33            0.22
  2011.5781           61.63            0.23
  2011.5808           57.19            0.22
  2011.5836           56.21            0.24
  2011.5863           57.62            0.24
  2011.5890           59.38            0.22
  2011.5918           57.06            0.24
  2011.5945           57.26            0.24
  2011.6000           57.37            0.25
  2011.6028           58.28            0.35
  2011.6055           59.87            0.25
  2011.6083           59.67            0.22
  2011.6110           61.69            0.26
  2011.6136           59.51            0.27
  2011.6165           60.38            0.25
  2011.6191           57.55            0.24
  2011.6219           59.40            0.23
  2011.6246           60.38            0.28
  2011.6274           59.04            0.24
  2011.6301           58.83            0.25
  2011.6329           57.00            0.24
  2011.6356           65.73            0.38
  2011.6383           58.60            0.23
  2011.6411           59.45            0.22
  2011.6438           59.71            0.22
  2011.6466           59.29            0.23
  2011.6493           59.17            0.23
  2011.6521           58.48            0.24
  2011.6548           60.27            0.25
  2011.6603           59.25            0.26
  2011.6630           59.38            0.26
  2011.6658           60.09            0.23
  2011.6685           60.20            0.25
  2011.6713           60.81            0.23
  2011.6740           59.39            0.24
  2011.6768           61.53            0.26
  2011.6794           60.72            0.23
  2011.6823           61.84            0.23
  2011.6849           61.14            0.23
  2011.6876           62.34            0.24
  2011.6931           64.18            0.81
  2011.6959           61.68            0.36
  2011.6986           62.65            0.24
  2011.7014           67.56            0.85
  2011.7041           64.37            0.25
  2011.7069           63.82            0.23
  2011.7096           61.42            0.24
  2011.7123           63.11            0.22
  2011.7151           62.84            0.22
  2011.7178           62.94            0.22
  2011.7206           64.05            0.24
  2011.7233           62.65            0.22
  2011.7261           64.78            0.23
  2011.7288           63.30            0.23
  2011.7316           63.07            0.23
  2011.7343           62.89            0.25
  2011.7369           62.70            0.24
  2011.7397           62.49            0.24
  2011.7424           61.54            0.24
  2011.7452           62.81            0.83
  2011.7479           62.73            0.27
  2011.7507           63.43            0.29
  2011.7534           71.44            1.53
  2011.7561           65.06            0.25
  2011.7589           65.39            0.26
  2011.7616           66.07            0.30
  2011.7644           66.62            0.26
  2011.7671           65.46            0.25
  2011.7699           65.06            0.25
  2011.7726           65.26            0.23
  2011.7754           66.45            0.25
  2011.7781           66.93            0.30
  2011.7808           67.16            0.63
  2011.7836           66.23            0.24
  2011.7863           65.18            0.26
  2011.7891           64.14            0.26
  2011.7917           66.09            0.26
  2011.7946           66.87            0.24
  2011.7972           65.91            0.23
  2011.8000           67.10            0.26
  2011.8027           67.67            0.32
  2011.8054           69.06            0.26
  2011.8082           67.51            0.25
  2011.8109           68.66            0.25
  2011.8137           69.21            0.49
  2011.8164           69.83            0.31
  2011.8192           68.98            0.24
  2011.8219           70.51            0.51
  2011.8247           69.74            0.25
  2011.8274           68.53            0.34
  2011.8301           69.14            0.26
  2011.8329           69.76            0.25
  2011.8356           68.71            0.27
  2011.8384           69.90            0.30
  2011.8411           67.69            0.79
  2011.8439           67.97            0.26
  2011.8466           68.61            0.28
  2011.8494           68.58            0.26
  2011.8521           69.13            0.27
  2011.8547           67.81            0.33
  2011.8575           68.12            0.30
  2011.8602           68.36            0.31
  2011.8630           69.18            0.26
  2011.8657           69.69            0.28
  2011.8685           70.75            0.28
  2011.8712           69.15            0.34
  2011.8740           70.21            0.28
  2011.8767           69.83            0.30
  2011.8794           70.80            0.28
  2011.8822           68.95            0.29
  2011.8849           70.01            0.27
  2011.8877           72.10            0.27
  2011.8904           71.10            0.30
  2011.8932           71.49            0.27
  2011.8959           71.30            0.28
  2011.9014           72.80            0.26
  2011.9041           72.16            0.25
  2011.9095           71.59            0.27
  2011.9124           69.55            0.29
  2011.9150           73.44            0.28
  2011.9178           75.31            0.60
  2011.9205           72.75            0.28
  2011.9233           75.00            0.26
  2011.9260           72.69            0.27
  2011.9287           74.89            0.29
  2011.9315           74.56            0.27
  2011.9342           74.16            0.28
  2011.9370           74.47            0.48
  2011.9397           76.05            0.34
  2011.9425          100.43            0.98
  2011.9452           74.68            0.25
  2011.9480           74.92            0.27
  2011.9507           74.67            0.25
  2011.9534           74.88            0.27
  2011.9562           74.21            0.27
  2011.9589           75.53            0.26
  2011.9617           75.84            0.24
  2011.9644           76.25            0.25
  2011.9672           76.42            0.26
  2011.9698           74.94            0.25
  2011.9727           75.11            0.25
  2011.9753           76.51            0.28
  2011.9780           74.98            0.24
  2011.9808           77.02            0.23
  2011.9835           76.62            0.23
  2011.9863           78.52            0.24
  2011.9890           77.47            0.34
  2011.9918           77.86            0.25
  2011.9973           78.65            0.37
  2012.0000           76.20            0.23
  2012.0027           77.82            0.24
  2012.0055           78.21            0.24
  2012.0082           77.40            0.22
  2012.0110           79.41            0.22
  2012.0137           80.44            0.45
  2012.0165           78.26            0.22
  2012.0192           78.00            0.27
  2012.0220           78.43            0.24
  2012.0247           79.85            0.28
  2012.0273           80.77            0.28
  2012.0302           79.94            0.25
  2012.0328           79.95            0.23
  2012.0356           80.39            0.28
  2012.0383           79.96            0.23
  2012.0411           80.00            0.28
  2012.0438           80.15            0.24
  2012.0466           81.38            0.27
  2012.0493           85.04            0.27
  2012.0520           82.08            0.24
  2012.0548           80.60            0.27
  2012.0603           80.72            0.26
  2012.0630           81.70            0.26
  2012.0658           81.28            0.34
  2012.0685           81.23            0.32
  2012.0713           81.70            0.35
  2012.0740           81.88            0.29
  2012.0767           81.27            0.36
  2012.0795           84.10            0.32
  2012.0822           85.53            0.27
  2012.0850           83.79            0.34
  2012.0876           86.85            0.28
  2012.0905           83.65            0.59
  2012.0931           84.43            0.24
  2012.0959           84.03            0.29
  2012.0986           82.37            0.24
  2012.1013           83.98            0.26
  2012.1041           82.92            0.30
  2012.1068           83.36            0.24
  2012.1096           83.41            0.24
  2012.1123           83.10            0.23
  2012.1151           84.07            0.24
  2012.1178           81.93            0.38
  2012.1206           80.90            0.26
  2012.1233           82.28            0.25
  2012.1260           85.39            0.33
  2012.1288           82.86            0.32
  2012.1315           77.94            0.28
  2012.1343           82.43            0.26
  2012.1370           81.41            0.29
  2012.1398           81.49            0.25
  2012.1425           82.91            0.23
  2012.1453           81.87            0.24
  2012.1506           81.91            0.23
  2012.1534           81.60            0.26
  2012.1561           83.35            0.26
  2012.1589           82.84            0.26
  2012.1616           83.23            0.25
  2012.1644           83.81            0.24
  2012.1671           82.63            0.26
  2012.1699           83.83            0.23
  2012.1726           84.69            0.32
  2012.1753           85.72            0.25
  2012.1781           85.75            0.30
  2012.1808           82.99            0.30
  2012.1836           83.92            0.27
  2012.1863           85.07            0.23
  2012.1891           84.90            0.24
  2012.1918           87.50            0.94
  2012.1946           83.12            0.24
  2012.1973           82.59            0.26
  2012.2000           82.76            0.25
  2012.2028           84.06            0.25
  2012.2054           82.87            0.23
  2012.2083           82.96            0.23
  2012.2109           78.53            0.26
  2012.2137           83.33            0.31
  2012.2164           82.60            0.24
  2012.2192           83.40            0.23
  2012.2219           82.37            0.24
  2012.2246           84.48            0.29
  2012.2274           82.94            0.22
  2012.2301           83.53            0.23
  2012.2329           84.28            0.28
  2012.2356           88.07            0.24
  2012.2384           91.47            0.37
  2012.2411           91.03            0.30
  2012.2439           88.60            0.85
  2012.2466           88.37            0.23
  2012.2493           89.56            0.26
  2012.2521           89.35            0.24
  2012.2548           88.88            0.24
  2012.2576           92.30            0.22
  2012.2603           91.18            0.24
  2012.2631           91.32            0.48
  2012.2657           90.02            0.20
  2012.2684           90.36            0.23
  2012.2712           91.62            0.23
  2012.2739           92.21            0.22
  2012.2767           93.97            0.28
  2012.2794           92.04            0.22
  2012.2822           93.01            0.34
  2012.2849           93.01            0.25
  2012.2877           93.27            0.67
  2012.2904           92.06            0.26
  2012.2931           93.85            0.28
  2012.2959           93.52            0.23
  2012.2986           91.82            0.24
  2012.3014           92.79            0.22
  2012.3041           93.30            0.21
  2012.3069           90.15            0.32
  2012.3096           93.09            0.20
  2012.3124           92.56            1.28
  2012.3151           94.45            0.24
  2012.3177           93.79            0.22
  2012.3206           94.65            0.24
  2012.3232           93.37            0.23
  2012.3260           94.53            0.22
  2012.3315           92.52            0.42
  2012.3342           94.31            0.32
  2012.3370           93.43            0.25
  2012.3397           91.69            0.20
  2012.3424           93.71            0.20
  2012.3452           91.97            0.21
  2012.3479           92.06            0.25
  2012.3507           92.71            0.22
  2012.3534           93.99            0.26
  2012.3562           93.32            0.21
  2012.3589           94.51            0.35
  2012.3617           93.82            0.23
  2012.3644           92.43            0.20
  2012.3671           93.62            0.22
  2012.3699           93.01            0.22
  2012.3726           93.70            0.24
  2012.3754           92.49            0.23
  2012.3781           91.48            0.23
  2012.3809           92.04            0.22
  2012.3835           91.30            0.24
  2012.3864           91.75            0.21
  2012.3890           92.90            0.23
  2012.3917           92.94            0.21
  2012.3945           93.74            0.21
  2012.3972           93.15            0.21
  2012.4000           93.27            0.21
  2012.4027           92.34            0.24
  2012.4055           93.64            0.25
  2012.4110           93.26            0.23
  2012.4137           92.38            0.22
  2012.4164           92.91            0.22
  2012.4192           93.67            0.22
  2012.4219           92.32            0.24
  2012.4247           94.31            0.24
  2012.4274           94.09            0.23
  2012.4302           91.76            0.27
  2012.4329           93.96            0.21
  2012.4357           94.75            0.28
  2012.4384           94.24            0.20
  2012.4410           98.16            0.23
  2012.4438           94.37            0.21
  2012.4465           95.26            0.21
  2012.4493           92.56            0.24
  2012.4520           94.35            0.25
  2012.4548           93.36            0.22
  2012.4575           94.30            0.22
  2012.4603           93.64            0.22
  2012.4630           93.67            0.23
  2012.4657           94.45            0.22
  2012.4685           95.05            0.23
  2012.4712           96.57            0.35
  2012.4740           94.61            0.22
  2012.4767           95.38            0.22
  2012.4795           95.13            0.22
  2012.4822           95.79            0.21
  2012.4850           95.12            0.21
  2012.4877           95.42            0.32
  2012.4904           94.45            0.28
  2012.4932           95.88            0.23
  2012.4958           96.05            0.23
  2012.4987           94.80            0.24
  2012.5013           93.04            0.26
  2012.5042           92.82            0.28
  2012.5068           93.12            0.30
  2012.5096           94.44            0.23
  2012.5123           93.03            0.24
  2012.5150           93.89            0.22
  2012.5178           94.55            0.22
  2012.5205           96.44            0.36
  2012.5233           96.09            0.23
  2012.5260           95.40            0.25
  2012.5288           95.63            0.22
  2012.5315           94.35            0.21
  2012.5343           96.15            0.21
  2012.5370           96.28            0.22
  2012.5397           96.44            0.21
  2012.5425           95.50            0.22
  2012.5452           96.85            0.22
  2012.5480           96.58            0.23
  2012.5507           96.81            0.24
  2012.5535           96.72            0.22
  2012.5562           96.82            0.22
  2012.5590           96.88            0.22
  2012.5616          101.52            0.33
  2012.5643           96.43            0.21
  2012.5671           96.91            0.21
  2012.5726           96.09            0.21
  2012.5753           95.54            0.28
  2012.5808           97.90            0.21
  2012.5836           98.47            0.21
  2012.5863           97.56            0.24
  2012.5890           96.73            0.52
  2012.5918           97.45            0.22
  2012.5945           97.74            0.22
  2012.5973           98.42            0.35
  2012.6000           97.07            0.22
  2012.6028           98.35            0.21
  2012.6055          100.15            0.24
  2012.6083           98.82            0.23
  2012.6110           97.99            0.20
  2012.6136          103.31            1.66
  2012.6165           98.67            0.23
  2012.6191           99.65            0.23
  2012.6219          100.24            0.24
  2012.6246          101.03            0.24
  2012.6274           97.48            0.29
  2012.6329           98.82            0.22
  2012.6356          100.60            0.23
  2012.6383           99.53            0.22
  2012.6411           99.34            0.22
  2012.6438          100.18            0.23
  2012.6466           99.19            0.23
  2012.6493           99.93            0.22
  2012.6521          101.20            0.28
  2012.6548          100.02            0.21
  2012.6576          101.99            0.55
  2012.6603          100.37            0.22
  2012.6630           99.59            0.23
  2012.6658          100.77            0.76
  2012.6685           99.08            0.33
  2012.6713           99.06            0.22
  2012.6740           99.74            0.23
  2012.6768           99.91            0.22
  2012.6794           99.97            0.23
  2012.6823           99.90            0.24
  2012.6849          100.04            0.24
  2012.6876           99.67            0.23
  2012.6904          100.48            0.22
  2012.6931           98.35            0.21
  2012.6959          100.87            0.21
  2012.7014          102.50            0.22
  2012.7041          102.77            0.31
  2012.7069          100.53            0.26
  2012.7096          100.65            0.23
  2012.7123          101.44            0.23
  2012.7151          101.61            0.24
  2012.7178          104.41            0.84
  2012.7206          101.80            0.22
  2012.7233          101.45            0.23
  2012.7261          105.20            1.09
  2012.7288          100.74            0.21
  2012.7316          101.50            0.29
  2012.7343          103.66            0.29
  2012.7369          104.15            0.46
  2012.7397          103.60            0.25
  2012.7424          103.36            3.94
  2012.7452          104.67            0.26
  2012.7479          103.27            0.26
  2012.7534          104.92            0.54
  2012.7561          104.36            0.24
  2012.7589          105.63            0.24
  2012.7616          106.12            0.72
  2012.7644          103.09            0.34
  2012.7671          100.68            0.32
  2012.7699          104.04            0.28
  2012.7726          106.17            0.25
  2012.7754          105.52            0.31
  2012.7781          111.19            0.39
  2012.7808          105.75            0.24
  2012.7836          104.88            0.25
  2012.7863          104.97            0.23
  2012.7891          103.37            0.26
  2012.7917          102.39            0.27
  2012.7946           88.81            1.51
  2012.7972          104.69            0.26
  2012.8000          104.94            0.27
  2012.8027          103.83            0.28
  2012.8054          105.33            0.47
  2012.8082          107.76            0.30
  2012.8109          105.17            0.26
  2012.8137          121.02            0.93
  2012.8164          107.10            0.35
  2012.8192          105.01            0.26
  2012.8219          105.17            0.30
  2012.8247          107.28            0.28
  2012.8274          104.16            0.29
  2012.8301          103.42            0.31
  2012.8329          107.43            0.41
  2012.8356          107.25            0.24
  2012.8384          107.00            0.57
  2012.8411          106.95            0.25
  2012.8439          107.90            0.29
  2012.8466          112.16            0.21
  2012.8494          109.43            0.27
  2012.8521          109.61            0.25
  2012.8547          109.22            0.25
  2012.8575          109.45            0.27
  2012.8602          107.43            0.33
  2012.8630          108.17            0.29
  2012.8657          108.16            0.26
  2012.8685          109.90            0.26
  2012.8712          109.24            0.24
  2012.8740          111.20            0.28
  2012.8767          111.66            0.28
  2012.8822          110.07            0.25
  2012.8849          108.63            0.25
  2012.8877          110.45            0.24
  2012.8904          110.35            0.25
  2012.8932          110.84            0.28
  2012.8959          111.20            0.28
  2012.8987          111.31            0.28
  2012.9014          110.76            0.35
  2012.9041          111.49            1.13
  2012.9069          113.31            0.29
  2013.0027          118.11            0.31
  2013.0055          114.60            0.22
  2013.0082          115.13            0.25
  2013.0110          115.38            0.22
  2013.0137          114.64            0.29
  2013.0165          114.37            0.25
  2013.0192          115.52            0.27
  2013.0220          116.15            0.23
  2013.0247          125.89            0.95
  2013.0273          117.67            0.25
  2013.0302          119.31            0.25
  2013.0328          116.62            0.24
  2013.0356          115.12            0.34
  2013.0383          117.74            0.23
  2013.0411          116.63            0.24
  2013.0438          116.24            0.26
  2013.0466          122.91            0.37
  2013.0493          117.90            0.24
  2013.0520          118.09            0.22
  2013.0548          122.21            0.30
  2013.0575          120.12            0.23
  2013.0603          122.94            0.27
  2013.0630          122.07            0.28
  2013.0658          120.41            0.24
  2013.0685          120.44            0.26
  2013.0713          120.79            0.23
  2013.0740          120.37            0.22
  2013.0767          119.66            0.24
  2013.0795          120.72            0.35
  2013.0822          120.25            0.23
  2013.0850          119.18            0.24
  2013.0876          120.80            0.39
  2013.0905          120.89            0.25
  2013.0931          117.75            0.73
  2013.0959          121.01            0.23
  2013.0986          120.91            0.24
  2013.1013          126.53            2.03
  2013.1041          121.07            0.24
  2013.1068          121.82            0.22
  2013.1096          123.48            0.27
  2013.1123          120.45            0.27
  2013.1151          120.55            0.26
  2013.1206          120.67            0.23
  2013.1233          121.42            0.25
  2013.1260          121.20            0.24
  2013.1288          121.84            0.26
  2013.1315          120.80            0.25
  2013.1343          121.93            0.23
  2013.1370          121.67            0.22
  2013.1398          122.17            0.24
  2013.1425          124.76            0.32
  2013.1453          122.43            0.24
  2013.1479          124.27            0.24
  2013.1506          121.26            0.23
  2013.1534          119.45            0.24
  2013.1561          123.10            0.44
  2013.1589          121.82            0.22
  2013.1616          123.90            1.30
  2013.1644          122.41            0.23
  2013.1671          120.45            0.22
  2013.1699          119.37            0.22
  2013.1726          121.97            0.22
  2013.1753          120.62            0.25
  2013.1781          122.53            0.26
  2013.1808          121.40            0.24
  2013.1863          121.75            0.26
  2013.1918          119.78            0.26
  2013.2000          120.13            0.23
  2013.2028          119.64            0.23
  2013.2054          120.37            0.24
  2013.2083          122.38            0.24
  2013.2109          123.24            0.22
  2013.2164          118.89            0.26
  2013.2192          121.22            0.22
  2013.2219          122.12            0.22
  2013.2246          121.94            0.24
  2013.2274          120.64            0.35
  2013.2301          122.49            0.26
  2013.2329          121.97            0.24
  2013.2356          123.77            0.36
  2013.2384          122.13            0.23
  2013.2411          116.98            0.56
  2013.2439          121.15            0.23
  2013.2493          120.64            0.26
  2013.2548          121.71            0.24
  2013.2576          124.79            0.24
  2013.2603          122.83            0.25
  2013.2631          122.03            0.24
  2013.2657          122.52            0.50
  2013.2684          123.68            0.26
  2013.2712          120.77            0.27
  2013.2794          122.39            0.25
  2013.2822          122.50            0.24
  2013.2849          123.50            0.21
  2013.2877          123.32            0.22
  2013.2904          123.95            0.25
  2013.2931          124.57            0.21
  2013.2959          122.78            0.23
  2013.2986          124.21            0.23
  2013.3014          124.16            0.22
  2013.3041          122.66            0.23
  2013.3069          122.46            0.27
  2013.3096          125.78            0.23
  2013.3124          122.50            0.23
  2013.3151          123.46            0.22
  2013.3177          121.48            0.24
  2013.3206          123.52            0.22
  2013.3232          123.09            0.29
  2013.3260          123.56            0.22
  2013.3287          122.90            0.21
  2013.3315          125.78            0.27
  2013.3342          113.37            0.25
  2013.3370          120.80            0.37
  2013.3397          122.21            0.22
  2013.3424          125.64            0.43
  2013.3452          122.82            0.23
  2013.3479          123.95            0.22
  2013.3562          124.04            0.25
  2013.3589          123.31            0.24
  2013.3617          123.76            0.43
  2013.3644          123.82            0.21
  2013.3671          124.27            0.21
  2013.3699          125.86            0.21
  2013.3726          126.55            0.20
  2013.3754          123.53            0.20
  2013.3781          124.71            0.22
  2013.3809          123.52            0.34
  2013.3835          124.74            0.21
  2013.3864          127.38            0.21
  2013.3890          125.95            0.20
  2013.3917          126.90            0.20
  2013.3945          125.10            0.04
  2013.4000          125.33            0.27
  2013.4027          124.63            0.23
  2013.4055          125.41            0.24
  2013.4082          126.59            0.21
  2013.4110          125.96            0.21
  2013.4137          126.64            0.24
  2013.4164          124.60            0.22
  2013.4192          125.33            0.22
  2013.4219          125.70            0.20
  2013.4247          126.38            0.23
  2013.4274          123.73            0.24
  2013.4302          126.29            0.20
  2013.4329          128.97            0.22
  2013.4357          128.25            0.21
  2013.4384          127.34            0.21
  2013.4410          128.76            0.20
  2013.4438          127.94            0.21
  2013.4465          128.53            0.21
  2013.4493          127.29            0.22
  2013.4520          127.90            0.22
  2013.4548          127.71            0.22
  2013.4575          126.89            0.22
  2013.4603          128.57            0.21
  2013.4630          122.80            0.55
  2013.4657          127.30            0.21
  2013.4685          128.48            0.20
  2013.4712          128.42            0.24
  2013.4740          126.89            0.21
  2013.4767          127.56            0.26
  2013.4795          128.81            0.20
  2013.4822          129.42            0.21
  2013.4850          129.90            0.21
  2013.4877          129.42            0.34
  2013.4904          129.68            0.20
  2013.4932          130.20            0.21
  2013.4958          129.28            0.19
  2013.4987          132.58            0.18
  2013.5013          131.13            0.19
  2013.5042          129.74            0.20
  2013.5068          129.10            0.19
  2013.5096          129.72            0.19
  2013.5123          129.71            0.18
  2013.5150          129.00            0.18
  2013.5178          128.48            0.18
  2013.5205          129.08            0.20
  2013.5233          128.39            0.19
  2013.5260          129.40            0.19
  2013.5288          129.44            0.18
  2013.5315          131.21            0.19
  2013.5343          132.19            0.19
  2013.5370          130.13            0.19
  2013.5397          129.36            0.17
  2013.5425          131.35            0.18
  2013.5452          131.78            0.18
  2013.5480          130.92            0.18
  2013.5507          130.82            0.18
  2013.5535          131.59            0.17
  2013.5562          132.64            0.17
  2013.5590          132.97            0.17
  2013.5616          133.34            0.17
  2013.5643          132.49            0.19
  2013.5671          131.36            0.19
  2013.5698          132.08            0.17
  2013.5726          132.30            0.17
  2013.5753          131.36            0.17
  2013.5781          132.49            0.18
  2013.5808          132.09            0.17
  2013.5836          132.59            0.17
  2013.5863          133.59            0.16
  2013.5890          132.67            0.18
  2013.5918          132.53            0.20
  2013.5945          131.60            0.19
  2013.5973          134.34            0.18
  2013.6000          132.50            0.20
  2013.6028          132.15            0.18
  2013.6055          132.27            0.17
  2013.6083          134.15            0.17
  2013.6110          131.19            0.18
  2013.6136          129.80            0.18
  2013.6165          132.75            0.18
  2013.6191          131.73            0.17
  2013.6219          132.08            0.18
  2013.6246          132.27            0.17
  2013.6274          133.16            0.17
  2013.6301          131.94            0.18
  2013.6329          131.48            0.18
  2013.6356          132.24            0.17
  2013.6383          132.83            0.17
  2013.6411          131.01            0.17
  2013.6438          132.12            0.18
  2013.6466          131.65            0.18
  2013.6493          132.53            0.18
  2013.6521          133.79            0.17
  2013.6548          133.15            0.17
  2013.6576          130.79            0.18
  2013.6603          134.35            0.19
  2013.6630          132.73            0.18
  2013.6658          134.05            0.20
  2013.6685          133.56            0.18
  2013.6713          132.88            0.19
  2013.6740          134.04            0.19
  2013.6768          134.29            0.21
  2013.6794          133.17            0.21
  2013.6823          134.75            0.22
  2013.6849          132.84            0.21
  2013.6876          134.87            0.21
  2013.6904          135.83            0.22
  2013.6931          133.03            0.21
  2013.6959          132.77            0.19
  2013.6986          134.08            0.21
  2013.7014          135.16            0.20
  2013.7041          136.29            0.20
  2013.7069          136.50            0.20
  2013.7096          134.97            0.19
  2013.7123          136.02            0.19
  2013.7151          136.22            0.19
  2013.7178          137.47            0.20
  2013.7206          136.88            0.20
  2013.7233          134.89            0.21
  2013.7261          136.17            0.20
  2013.7288          136.73            0.21
  2013.7316          137.78            0.19
  2013.7343          135.86            0.19
  2013.7369          136.62            0.23
  2013.7397          135.63            0.20
  2013.7424          136.38            0.21
  2013.7561          137.30            0.20
  2013.7589          138.08            0.20
  2013.7616          139.62            0.22
  2013.7644          138.61            0.20
  2013.7671          140.01            0.23
  2013.7699          139.46            0.20
  2013.7726          140.44            0.20
  2013.7754          138.29            0.22
  2013.7781          138.06            0.24
  2013.7808          138.69            0.23
  2013.7836          139.40            0.21
  2013.7863          137.49            0.22
  2013.7891          138.51            0.20
  2013.7917          138.34            0.22
  2013.7946          143.85            0.23
  2013.7972          138.99            0.21
  2013.8000          138.76            0.23
  2013.8027          137.85            0.25
  2013.8054          137.91            0.23
  2013.8082          138.96            0.22
  2013.8109          139.48            0.21
  2013.8137          137.98            1.02
  2013.8164          139.51            0.22
  2013.8192          139.78            0.20
  2013.8219          140.25            0.20
  2013.8247          140.18            0.21
  2013.8274          141.50            0.24
  2013.8301          139.61            0.21
  2013.8329          139.67            0.21
  2013.8356          139.19            0.21
  2013.8384          139.26            0.20
  2013.8411          142.97            0.21
  2013.8439          141.33            0.20
  2013.8466          142.44            0.20
  2013.8494          142.70            0.21
  2013.8521          142.39            0.20
  2013.8547          141.69            0.22
  2013.8575          141.64            0.21
  2013.8602          142.41            0.23
  2013.8630          142.63            0.22
  2013.8657          142.82            0.22
  2013.8685          143.93            0.22
  2013.8712          143.84            0.24
  2013.8740          142.71            0.22
  2013.8767          143.26            0.19
  2013.8794          143.18            0.20
  2013.8822          142.95            0.21
  2013.8849          143.80            0.20
  2013.8877          142.43            0.23
  2013.8904          145.12            0.22
  2013.8932          144.70            0.22
  2013.8959          144.38            0.24
  2013.8987          144.83            0.23
  2013.9014          145.09            0.21
  2013.9041          145.89            0.22
  2013.9069          144.58            0.42
  2013.9095          145.13            0.41
  2013.9124          144.91            0.20
  2013.9150          145.95            0.20
  2013.9178          147.60            0.20
  2013.9205          148.07            0.22
  2013.9233          141.26            0.26
  2013.9260          147.30            0.21
  2013.9287          146.55            0.20
  2013.9315          148.00            0.22
  2013.9342          147.41            0.21
  2013.9370          147.76            0.25
  2013.9397          146.63            0.23
  2013.9425          149.04            0.22
  2013.9452          147.77            0.23
  2013.9480          147.74            0.22
  2013.9507          148.66            0.21
  2013.9534          148.62            0.26
  2013.9562          148.78            0.21
  2013.9589          145.59            0.25
  2013.9617          147.69            0.21
  2013.9644          147.38            0.23
  2013.9672          147.99            0.20
  2013.9698          147.96            0.21
  2013.9727          148.11            0.22
  2013.9753          149.32            0.21
  2013.9780          148.61            0.21
  2013.9808          149.90            0.21
  2013.9835          149.67            0.22
  2013.9863          150.08            0.23
  2013.9890          150.66            0.24
  2013.9918          150.54            0.21
  2013.9945          150.65            0.23
  2013.9973          150.31            0.21
  2014.0000          150.29            0.23
  2014.0027          151.49            0.22
  2014.0055          150.63            0.28
  2014.0082          150.15            0.21
  2014.0110          149.93            0.22
  2014.0137          151.34            0.21
  2014.0165          151.63            0.23
  2014.0192          150.63            0.21
  2014.0220          152.09            0.22
  2014.0247          153.25            0.25
  2014.0273          152.09            0.30
  2014.0302          152.13            0.23
  2014.0328          153.00            0.26
  2014.0356          150.77            0.20
  2014.0383          151.90            0.25
  2014.0411          151.04            0.22
  2014.0438          152.41            0.27
  2014.0466          152.81            0.21
  2014.0493          152.98            0.22
  2014.0548          153.70            0.22
  2014.0575          152.94            0.25
