  2013.6493            0.00            3.80
  2013.6521           15.38            1.56
  2013.6548           -0.60            1.62
  2013.6576            3.59            1.53
  2013.6603            7.67            1.51
  2013.6630            7.04            1.58
  2013.6658            3.79            1.69
  2013.6685           -1.20            1.64
  2013.6713           -0.84            1.70
  2013.6740            7.46            1.71
  2013.6768            9.15            1.96
  2013.6794            2.10            1.83
  2013.6823            5.94            1.86
  2013.6849           -0.63            1.89
  2013.6876            1.00            1.90
  2013.6904           -3.56            1.85
  2013.6931            2.01            1.81
  2013.6959            6.25            1.77
  2013.6986            4.82            1.85
  2013.7014            3.84            1.73
  2013.7041           -0.37            1.78
  2013.7069            4.77            1.75
  2013.7096            0.79            1.74
  2013.7123            7.86            1.72
  2013.7151            1.80            1.69
  2013.7178            5.45            1.81
  2013.7206            6.79            1.83
  2013.7233            1.32            1.83
  2013.7261            4.90            1.83
  2013.7288           10.22            1.87
  2013.7316           11.85            1.69
  2013.7343            6.89            1.71
  2013.7369            3.10            1.93
  2013.7397            5.54            1.81
  2013.7424            3.11            1.82
  2013.7561            8.00            1.74
  2013.7589            9.33            1.81
  2013.7616            9.69            1.91
  2013.7644           17.74            1.84
  2013.7671           11.93            2.04
  2013.7699           13.24            1.82
  2013.7726            4.19            1.80
  2013.7754            8.47            1.94
  2013.7781           12.14            2.05
  2013.7808            9.49            1.90
  2013.7836           11.22            1.92
  2013.7863           10.34            2.26
  2013.7891           20.40            1.85
  2013.7917           14.86            1.94
  2013.7946            9.66            1.96
  2013.7972            4.60            1.82
  2013.8000            5.80            1.94
  2013.8027           10.99            2.08
  2013.8054            7.93            1.94
  2013.8082           11.22            1.88
  2013.8109           11.57            1.77
  2013.8137           18.50            2.14
  2013.8164           11.07            1.86
  2013.8192           15.64            1.67
  2013.8219           25.96            1.70
  2013.8247           15.44            1.71
  2013.8274            7.68            2.06
  2013.8301            7.54            1.79
  2013.8329           11.14            1.81
  2013.8356            9.59            1.79
  2013.8384           15.04            1.68
  2013.8411           19.97            1.59
  2013.8439           15.64            1.57
  2013.8466           18.20            1.78
  2013.8494           13.82            1.90
  2013.8521           13.69            1.78
  2013.8547            3.79            1.79
  2013.8575            7.21            1.84
  2013.8602           14.25            1.92
  2013.8630           13.16            1.86
  2013.8657           10.55            1.82
  2013.8685           16.72            1.80
  2013.8712            9.30            1.85
  2013.8740           16.25            1.87
  2013.8767           17.89            1.70
  2013.8794           26.37            1.72
  2013.8822           15.29            1.80
  2013.8849           20.12            1.71
  2013.8877           17.14            1.88
  2013.8904           19.17            1.79
  2013.8932           18.15            1.80
  2013.8959            9.11            1.87
  2013.8987           18.13            1.92
  2013.9014           14.61            1.84
  2013.9041           12.74            1.68
  2013.9069            8.25            3.66
  2013.9095           13.19            3.53
  2013.9124           21.99            1.75
  2013.9150           25.18            1.78
  2013.9672           10.66            1.83
  2013.9698           22.07            1.84
  2013.9727           19.25            1.86
  2013.9753           17.98            1.85
  2013.9780           19.21            1.84
  2013.9808           11.97            1.80
  2013.9835           11.66            1.91
  2013.9863           18.10            1.95
  2013.9890           23.74            2.04
  2013.9918           24.61            1.83
  2013.9945           24.97            2.02
  2013.9973           15.35            1.92
  2014.0000           13.59            2.00
  2014.0027           17.82            1.95
  2014.0055           18.05            2.16
  2014.0082           19.40            1.88
  2014.0110           20.35            1.91
  2014.0137           21.13            1.86
  2014.0165           20.71            1.92
  2014.0192           19.36            1.94
  2014.0220           22.52            1.97
  2014.0247           18.51            2.01
  2014.0273           29.76            2.11
  2014.0302           31.16            1.94
  2014.0328           19.17            2.07
  2014.0356           19.90            1.86
  2014.0383           20.21            2.12
  2014.0438           12.96            1.96
  2014.0466           18.91            4.14
  2014.0548            9.98            1.91
  2014.0575           19.20            2.10
  2014.0603           15.68            1.97
  2014.0630            7.70            2.20
  2014.0658           13.04            2.04
  2014.0685           24.99            1.97
  2014.0713           16.44            1.89
  2014.0740           21.73            1.95
  2014.0767           14.58            2.13
  2014.0795           19.61            2.01
  2014.0822           10.30            2.06
  2014.0850            8.20            2.10
  2014.0876           10.85            2.15
  2014.0905           10.40            2.00
  2014.0931           11.77            2.14
  2014.0959           14.22            2.00
  2014.0986            8.33            2.18
  2014.1013           16.84            1.94
  2014.1041           23.19            2.27
  2014.1068           20.15            1.94
  2014.1096            8.54            2.00
  2014.1123           20.56            1.95
  2014.1151           16.94            2.01
  2014.1178           14.38            2.01
  2014.1206           22.34            1.97
  2014.1233           22.73            2.07
  2014.1260           12.41            2.00
  2014.1288            9.90            1.95
  2014.1315           29.23            2.07
  2014.1343           11.15            1.94
  2014.1370           16.41            2.14
  2014.1398           17.91            2.11
  2014.1425           -6.86            2.44
  2014.1453           13.33            2.40
  2014.1479           12.86            2.26
  2014.1506           12.89            2.12
  2014.1534           14.92            2.11
  2014.1561           10.57            2.11
  2014.1589           23.08            2.22
  2014.1616           13.53            1.97
  2014.1644           18.42            2.13
  2014.1671           18.22            2.06
  2014.1699           14.37            2.35
  2014.1726            4.58            2.07
  2014.1753            8.34            2.22
  2014.1781           17.45            2.14
  2014.1808           15.82            1.90
  2014.1836           18.86            2.16
  2014.1863           10.56            2.15
  2014.1891           15.61            2.01
  2014.1918           12.21            1.97
  2014.1946           15.38            2.00
  2014.1973           19.99            2.01
  2014.2000           19.07            2.11
  2014.2028           14.68            2.30
  2014.2054            7.44            2.31
  2014.2083           19.89            2.10
  2014.2109           22.28            2.23
  2014.2137           23.97            2.28
  2014.2164           14.87            2.48
  2014.2192           18.17            2.07
  2014.2219           20.02            2.21
  2014.2246           26.73            2.07
  2014.2274           18.05            2.15
  2014.2301            7.73            2.19
  2014.2329            9.55            2.14
  2014.2356           12.69            2.19
  2014.2384           24.28            2.19
  2014.2411           18.47            2.23
  2014.2439            7.70            2.51
  2014.2466           11.81            2.36
  2014.2493           11.37            1.94
  2014.2521           12.22            2.11
  2014.2548            8.37            2.21
  2014.2576            9.94            2.14
  2014.2603            8.51            2.19
  2014.2631            9.51            2.11
  2014.2657            7.32            2.25
  2014.2684           10.15            2.34
  2014.2712           13.80            2.21
  2014.2739           17.69            2.22
  2014.2767            8.44            2.24
  2014.2794            8.73            2.24
  2014.2822           15.57            2.01
  2014.2849           12.01            1.96
  2014.2877           16.95            2.16
  2014.2904           11.00            2.07
  2014.2931           13.28            2.04
  2014.2959           11.74            1.95
  2014.2986           13.88            2.00
  2014.3014           17.59            1.99
  2014.3041           15.40            2.06
  2014.3069           11.82            2.01
  2014.3096           24.50            1.98
  2014.3124           23.55            2.06
  2014.3151           19.77            1.92
  2014.3177            5.24            1.92
  2014.3206           17.49            2.01
  2014.3232           16.32            1.91
  2014.3260           17.27            1.95
  2014.3287           11.45            2.10
  2014.3315            4.65            2.37
  2014.3342           14.98            1.98
  2014.3370           16.90            2.08
  2014.3397            4.69            2.13
  2014.3424            9.94            2.07
  2014.3452           12.98            2.04
  2014.3479           15.20            1.91
  2014.3507            8.05            1.99
  2014.3534           11.43            2.07
  2014.3562           15.87            2.05
  2014.3589            9.46            1.91
  2014.3617           17.15            2.05
  2014.3644            9.07            2.01
  2014.3671           11.46            2.21
  2014.3699            1.22            2.03
  2014.3726            6.94            2.05
  2014.3754            7.98            2.00
  2014.3781            8.74            2.00
  2014.3809           15.25            1.85
  2014.3835            6.03            1.91
  2014.3864           19.63            2.11
  2014.3890           16.42            2.06
  2014.3917           15.64            2.00
  2014.3945           10.87            1.98
  2014.3972           11.86            1.99
  2014.4000           11.52            2.00
  2014.4027           20.32            1.88
  2014.4055            8.10            2.10
  2014.4082            8.48            2.14
  2014.4110            6.93            2.06
  2014.4137            8.83            1.95
  2014.4164            8.30            1.96
  2014.4192           10.82            1.97
  2014.4219           10.70            1.93
  2014.4247           -1.57            2.10
  2014.4274            2.83            2.04
  2014.4302            0.16            2.03
  2014.4329           -2.78            2.01
  2014.4357            8.55            2.01
  2014.4384            7.95            2.00
  2014.4410           -5.65            2.01
  2014.4438            2.26            2.10
  2014.4465            3.86            2.04
  2014.4493            3.83            1.91
  2014.4520            3.02            2.39
  2014.4548           15.67            4.64
  2014.4575            7.07            2.12
  2014.4603            8.47            2.13
  2014.4630           12.22            2.08
  2014.4657            6.89            2.10
  2014.4685            7.67            2.12
  2014.4712            3.37            2.08
  2014.4740            6.74            2.15
  2014.4767            8.02            2.07
  2014.4795           10.56            2.11
  2014.4822            6.59            2.16
  2014.4850           12.59            2.18
  2014.4877           14.33            2.16
  2014.4904           10.78            2.04
  2014.4932            6.17            2.10
  2014.4958           13.06            2.04
  2014.4987            5.59            2.14
  2014.5013            1.50            2.12
  2014.5042            9.37            2.10
  2014.5068            4.71            1.82
  2014.5096           13.65            1.86
  2014.5123           10.16            1.87
  2014.5150           -1.66            1.81
  2014.5178           17.77            1.78
