  2010.1781            0.00            6.99
  2010.1808           -7.03            2.75
  2010.1836           -6.27            2.09
  2010.2849          -80.06            3.04
  2010.2877          -85.91            1.82
  2010.2904          -92.45            1.94
  2010.2931          -87.53            1.88
  2010.2959          -90.98            1.90
  2010.2986          -90.84            1.83
  2010.3014          -93.52            1.78
  2010.3534         -108.95            1.66
  2010.3562         -115.63            1.67
  2010.3589         -111.52            1.70
  2010.3617         -115.10            2.76
  2010.3644         -116.74            1.78
  2010.3671         -116.72            1.85
  2010.3699         -114.33            1.77
  2010.3726         -117.81            1.80
  2010.3754         -117.21            1.76
  2010.3781         -116.87            1.73
  2010.3809         -118.65            1.72
  2010.3835         -118.70            1.71
  2010.3864         -124.21            1.75
  2010.3890         -122.52            1.88
  2010.3917         -126.97            1.78
  2010.5808         -155.25            3.65
  2010.5836         -164.79            1.76
  2010.5863         -166.19            1.74
  2010.5890         -166.75            1.75
  2010.5918         -166.57            1.72
  2010.5945         -168.72            3.57
  2010.5973         -163.96            1.74
  2010.6000         -166.43            1.70
  2010.6028         -162.03            1.68
  2010.6055         -160.93            1.69
  2010.6083         -164.51            1.69
  2010.6110         -162.58            1.76
  2010.6136         -169.39            1.69
  2010.6165         -167.55            1.67
  2010.6191         -166.30            1.66
  2010.6219         -166.79            2.46
  2010.7507         -182.86            2.56
  2010.7534         -179.32            1.66
  2010.7561         -180.05            1.79
  2010.7589         -182.95            1.71
  2010.7616         -188.20            1.69
  2010.7644         -183.57            1.71
  2010.7671         -183.73            1.66
  2010.7699         -181.97            1.69
  2010.7726         -179.91            1.64
  2010.7754         -180.18            2.67
  2010.7891         -188.80            1.96
  2010.8602         -186.52            2.30
  2010.8630         -192.26            1.64
  2010.8657         -193.24            1.67
  2010.8685         -194.97            1.84
  2010.8712         -193.40            1.71
  2010.8740         -192.40            1.71
  2010.8767         -194.42            1.81
  2010.8794         -196.70            1.74
  2010.8822         -192.35            1.73
  2010.8849         -194.72            1.80
  2010.8877         -188.43            1.82
  2010.8904         -195.85            1.78
  2010.8932         -187.55            1.76
  2010.8959         -193.26            1.76
  2010.8987         -195.38            2.00
  2011.2657         -226.02            1.48
  2011.2684         -219.70            1.49
  2011.2712         -220.60            1.53
  2011.2739         -218.84            1.59
  2011.2767         -214.10            1.66
  2011.2794         -227.45            1.55
  2011.2822         -217.26            1.63
  2011.2849         -216.67            1.53
  2011.2877         -223.69            1.45
  2011.2904         -218.77            1.45
  2011.2931         -233.46            3.12
  2011.2959         -233.60            1.38
  2011.2986         -231.94            1.40
  2011.3014         -234.84            1.42
  2011.3041         -245.68            1.69
  2011.3069         -231.98            1.61
  2011.3096         -233.90            1.40
  2011.3124         -237.34            1.40
  2011.3151         -237.24            1.36
  2011.3177         -234.74            1.36
  2011.3206         -236.78            1.38
  2011.3232         -232.39            1.50
  2011.3260         -235.86            1.38
  2011.3287         -237.76            1.39
  2011.3315         -238.52            1.37
  2011.3342         -243.81            1.36
  2011.3370         -243.85            1.43
  2011.3397         -239.79            1.42
  2011.3424         -240.51            1.39
  2011.3452         -236.19            1.37
  2011.3479         -239.29            1.43
  2011.3507         -235.05            1.37
  2011.3534         -234.57            1.40
  2011.3562         -247.91            1.52
  2011.3589         -237.06            1.41
  2011.3617         -241.36            1.36
  2011.3644         -238.59            1.35
  2011.3671         -240.77            1.32
  2011.3699         -239.36            1.37
  2011.3726         -241.24            1.44
  2011.3754         -241.30            1.39
  2011.3781         -243.06            1.41
  2011.3809         -246.51            1.49
  2011.3835         -241.76            1.50
  2011.3864         -242.01            1.44
  2011.3890         -237.91            1.43
  2011.3917         -246.23            1.42
  2011.3945         -250.09            1.47
  2011.3972         -245.04            1.38
  2011.4000         -242.42            1.36
  2011.4027         -242.55            1.42
  2011.4055         -242.44            1.38
  2011.4082         -239.14            1.33
  2011.4110         -243.83            1.34
  2011.4137         -249.17            1.36
  2011.4164         -244.66            1.35
  2011.4192         -241.18            1.41
  2011.4219         -242.64            1.33
  2011.4247         -247.10            1.40
  2011.4274         -247.09            1.45
  2011.4302         -242.62            1.49
  2011.4329         -241.07            1.59
  2011.4357         -244.21            1.62
  2011.4384         -243.66            1.39
  2011.4410         -245.50            1.49
  2011.4438         -244.24            1.46
  2011.4465         -250.77            1.45
  2011.4493         -242.38            1.38
  2011.4520         -246.55            1.38
  2011.4548         -252.27            1.66
  2011.4575         -247.54            1.47
  2011.4603         -249.10            1.49
  2011.4630         -250.12            1.60
  2011.4657         -254.52            1.64
  2011.4685         -254.72            1.53
  2011.4712         -257.72            1.44
  2011.4740         -249.57            1.42
  2011.4767         -251.87            1.48
  2011.4795         -252.24            1.44
  2011.4822         -249.22            1.42
  2011.4850         -252.29            1.39
  2011.4877         -254.34            1.40
  2011.4904         -259.13            1.40
  2011.4932         -257.90            1.49
  2011.4958         -261.92            1.67
