  2008.3617            0.00            5.66
  2008.3644           28.08            1.58
  2008.3671           29.91            1.66
  2008.3699           17.14            2.09
  2008.3726           22.02            1.64
  2008.3754           19.55            1.63
  2008.3781           19.62            1.70
  2008.3809           63.44            1.76
  2008.3835           78.50            1.79
  2008.3864           40.20            1.76
  2008.3890            5.51            1.84
  2008.3917          -13.51            1.87
  2008.3945          -27.24            4.11
  2008.3972            1.14            2.97
  2008.4000            8.86            6.75
  2008.4027           16.54            2.54
  2008.4055           24.95            1.71
  2008.4082           25.40            1.78
  2008.4110           22.48            1.57
  2008.4137           19.02            1.66
  2008.4164           21.10            1.61
  2008.4192           17.20            1.66
  2008.4219           12.51            1.68
  2008.4247           21.40            2.10
  2008.4274            6.67            2.08
  2008.4302           28.27            2.04
  2008.4329           15.70            1.68
  2008.4357           21.91            1.66
  2008.4384           20.80            1.74
  2008.4410           22.03            2.40
  2008.4438           16.08            1.86
  2008.4465            8.09            1.98
  2008.4493           18.08            1.54
  2008.4520            7.92            1.75
  2008.4548           20.81            2.25
  2008.4575           10.74            1.67
  2008.4603            8.10            1.90
  2008.4630          -10.70            1.95
  2008.4657           18.12            1.74
  2008.4685            6.56            2.04
  2008.4712           22.35            1.75
  2008.4740           22.89            1.55
  2008.4767           26.41            1.60
  2008.4795           33.25            1.55
  2008.4822           21.69            1.59
  2008.4850           16.12            1.57
  2008.4877           23.56            1.67
  2008.4904           11.32            1.57
  2008.4932            8.08            1.56
  2008.4958           40.87            1.83
  2008.4987           15.05            1.64
  2008.5013           20.44            1.60
  2008.5042           14.40            1.57
  2008.5068           30.43            1.60
  2008.5096           21.45            1.60
  2008.5123           15.62            1.66
  2008.5150           20.53            1.59
  2008.5178           25.10            1.60
  2008.5205           20.72            1.54
  2008.5233           23.68            1.52
  2008.5260           23.59            1.58
  2008.5288           14.56            1.66
  2008.5315           16.13            1.70
  2008.5343           16.42            1.61
  2008.5370           18.43            1.63
  2008.5397           12.39            1.60
  2008.5425           16.29            1.61
  2008.5452           16.68            1.65
  2008.5480           22.44            1.54
  2008.5507           24.02            1.62
  2008.5535           32.21            1.53
  2008.5562           32.27            1.61
  2008.5590           23.53            1.64
  2008.5616           24.95            1.66
  2008.5643           24.49            1.60
  2008.5671           24.42            1.64
  2008.5698           18.38            1.61
  2008.5726           16.82            1.62
  2008.5753            7.54            1.64
  2008.5781           16.47            1.52
  2008.5808           24.29            1.65
  2008.5836           24.06            1.58
  2008.5890           29.52            1.55
  2008.5918           26.75            1.61
  2008.5945           28.46            1.84
  2008.5973           24.29            1.62
  2008.6000           65.65            1.68
  2008.6028          163.98            1.69
  2008.6055           21.43            1.62
  2008.6083           43.43            1.62
  2008.6110           21.01            1.62
  2008.6136          155.34            1.78
  2008.6165           10.04            1.57
  2008.6191           16.87            1.55
  2008.6219           18.30            1.62
  2008.6246           18.14            1.69
  2008.6274           23.41            1.66
  2008.6301           29.67            1.61
  2008.6329           20.80            1.63
  2008.6356           19.79            1.71
  2008.6383           21.72            1.65
  2008.6411           12.55            1.71
  2008.6438           21.76            1.72
  2008.6466           21.37            1.68
  2008.6493           24.06            1.73
  2008.6521           12.22            1.73
  2008.6548           19.82            1.69
  2008.6576           25.33            1.72
  2008.6603           15.81            1.84
  2008.6630           22.67            1.68
  2008.6658           24.47            1.65
  2008.6685           27.11            1.66
  2008.6713           25.54            1.67
  2008.6740           20.55            1.67
  2008.6768           21.87            1.60
  2008.6794           22.52            1.73
  2008.6823           24.29            1.64
  2008.6849           24.30            1.68
  2008.6876           17.79            1.62
  2008.6904           23.24            1.58
  2008.6931           16.70            1.62
  2008.6959           23.30            1.67
  2008.6986           28.39            1.61
  2008.7014           28.30            1.59
  2008.7041           28.03            1.56
  2008.7069           30.36            1.58
  2008.7096           25.51            1.57
  2008.7123           29.48            1.60
  2008.7151           23.60            1.64
  2008.7178           17.59            1.56
  2008.7206           22.71            1.55
  2008.7233           28.67            1.55
  2008.7261           22.70            1.52
  2008.7288           26.12            1.65
  2008.7316           18.52            1.61
  2008.7343           25.40            1.60
  2008.7369           29.38            1.54
  2008.7397           31.04            1.67
  2008.7424           28.61            1.63
  2008.7452           24.06            1.68
  2008.7479           26.43            1.56
  2008.7507           24.54            1.60
  2008.7534           20.93            1.72
  2008.7561           22.44            1.71
  2008.7589           12.42            1.70
  2008.7616           12.26            1.66
  2008.7644           18.49            1.64
  2008.7671           20.62            1.62
  2008.7699           22.35            1.64
  2008.7726           17.44            1.64
  2008.7754           27.06            1.64
  2008.7781           21.05            1.81
  2008.7808           23.67            1.66
  2008.7836           27.54            3.90
  2008.7863           21.71            1.62
  2008.7891           23.52            1.66
  2008.7917           21.72            1.78
  2008.7946           23.87            1.71
  2008.7972           17.84            1.66
  2008.8000           29.04            1.71
  2008.8027           20.08            1.76
  2008.8054           15.95            1.72
  2008.8082           20.74            1.70
  2008.8109           19.92            1.73
  2008.8137           18.45            1.66
  2008.8164           18.97            1.66
  2008.8192           20.98            1.77
  2008.8219           15.89            1.63
  2008.8247           15.08            1.59
  2008.8274           24.81            1.61
  2008.8301           16.54            1.66
  2008.8329            9.80            1.69
  2008.8356           29.56            1.67
  2008.8384           32.49            1.71
  2008.8411           19.83            1.70
  2008.8439            1.66            1.70
  2008.8466           22.50            1.79
  2008.8494           11.93            1.72
  2008.8521           21.40            1.72
  2008.8547           14.95            1.77
  2008.8575           18.26            1.79
  2008.8602           19.50            1.75
  2008.8630           25.38            1.73
  2008.8657           26.42            1.79
  2008.8685           19.12            1.75
  2008.8712            4.70            1.77
  2008.8740           10.21            1.72
  2008.8767           13.54            1.86
  2008.8794           26.22            1.71
  2008.8822           22.45            1.67
  2008.8849           27.09            1.70
  2008.8877           24.79            1.60
  2008.8904           32.89            1.69
  2008.8932           22.69            1.69
  2008.8959           27.48            1.66
  2008.8987           30.11            1.63
  2008.9014           24.01            1.69
  2008.9041           20.77            1.72
  2008.9069           25.60            1.69
  2008.9095           15.25            1.78
  2008.9124           20.55            1.76
  2008.9150           25.21            1.68
  2008.9178           22.31            1.75
  2008.9205           21.56            1.65
  2008.9233           25.99            1.63
  2008.9260           24.19            1.74
  2008.9287           24.00            1.63
  2008.9315           20.64            1.61
  2008.9342           26.27            1.73
  2008.9370           38.64            1.68
  2008.9397           29.40            1.71
  2008.9425           26.82            1.94
  2008.9452           28.68            1.58
  2008.9480           27.77            1.62
  2008.9507           33.15            1.78
  2008.9534           27.07            1.62
  2008.9562           30.98            1.70
  2008.9589           34.78            1.68
  2008.9617           31.65            1.66
  2008.9644           13.44            1.72
  2008.9672           33.26            1.69
  2008.9698           30.56            1.70
  2008.9727           28.07            1.72
  2008.9753           23.08            1.66
  2008.9780           22.93            1.65
  2008.9808           23.64            1.62
  2008.9835           14.04            1.68
  2008.9863           22.82            1.67
  2008.9890           22.31            1.66
  2008.9918           12.30            1.72
  2008.9945           34.83            1.75
  2008.9973           26.70            1.74
  2009.0000           32.81            1.71
  2009.0027           23.01            1.66
  2009.0027           30.38            1.66
  2009.0055           32.79            1.66
  2009.0082           31.83            1.65
  2009.0110           43.48            1.62
  2009.0137           30.81            1.67
  2009.0165           26.87            1.71
  2009.0192           21.06            1.63
  2009.0220           28.09            1.61
  2009.0247           29.41            1.57
  2009.0273           35.29            1.62
  2009.0302           25.99            1.61
  2009.0328           34.82            1.71
  2009.0356           43.69            1.67
  2009.0383           28.89            1.77
  2009.0411           27.08            1.63
  2009.0438           42.87            1.66
  2009.0466           30.77            1.69
  2009.0493           29.39            1.65
  2009.0520           27.15            1.59
  2009.0548           23.15            1.61
  2009.0575           17.30            1.59
  2009.0603           40.49            1.67
  2009.0630           24.15            1.59
  2009.0658           30.24            1.65
  2009.0685           37.24            1.59
  2009.0713           33.30            1.59
  2009.0740           35.42            1.85
  2009.0767           35.42            1.63
  2009.0795           37.22            1.64
  2009.0822           27.22            1.71
  2009.0850           33.01            1.68
  2009.0876           31.66            1.63
  2009.0905           33.26            1.62
  2009.0931           25.45            1.63
  2009.0959           32.62            1.69
  2009.0986           36.07            1.71
  2009.1013           34.57            1.64
  2009.1041           31.52            1.62
  2009.1068           38.42            1.66
  2009.1096           27.97            1.79
  2009.1123           42.84            1.71
  2009.1151           26.29            1.71
  2009.1178           38.33            1.68
  2009.1206           43.42            1.66
  2009.1233           43.50            1.64
  2009.1260           24.94            1.68
  2009.1288           34.58            1.78
  2009.1315           31.29            2.16
  2009.1343           26.12            1.64
  2009.1370           37.48            1.74
  2009.1398           30.25            1.68
  2009.1425           42.71            1.69
  2009.1453           38.77            1.67
  2009.1479           31.14            1.65
  2009.1506           37.15            1.64
  2009.1534           40.73            1.63
  2009.1561           28.63            1.66
  2009.1589           20.90            1.70
  2009.1616           31.70            1.67
  2009.1644           31.02            3.05
  2009.1671           31.72            1.72
  2009.1699           32.85            1.70
  2009.1726           35.15            1.67
  2009.1753           44.50            1.58
  2009.1781           37.69            1.61
  2009.1808           41.76            1.67
  2009.1836           38.58            1.63
  2009.1863           30.56            1.62
  2009.1891           36.66            1.63
  2009.1918           37.37            1.76
  2009.1946           27.16            1.65
  2009.1973           25.02            1.65
  2009.2000           23.35            1.63
  2009.2028           26.11            1.56
  2009.2054           30.62            1.81
  2009.2083           32.38            1.55
  2009.2109           40.16            1.67
  2009.2137           39.97            1.65
  2009.2164           27.14            1.56
  2009.2192           30.71            1.56
  2009.2219           29.17            1.68
  2009.2246           26.21            1.78
  2009.2274           34.31            1.77
  2009.2301           13.75            1.62
  2009.2329           35.35            1.62
  2009.2356           21.27            1.60
  2009.2384           13.48            1.66
  2009.2411           31.80            1.60
  2009.2439           24.49            1.58
  2009.2466           29.10            1.58
  2009.2493           31.23            1.57
  2009.2521           36.98            1.74
  2009.2548           24.50            1.73
  2009.2576           30.50            1.67
  2009.2603           29.52            3.07
  2009.2631           25.16            1.60
  2009.2657           31.57            1.58
  2009.2684           36.48            1.70
  2009.2712           29.46            1.58
  2009.2739           19.46            1.59
  2009.2767           37.07            1.52
  2009.2794           30.00            1.63
  2009.2822           19.31            1.54
  2009.2849           27.73            1.54
  2009.2877           31.80            1.56
  2009.2904           25.01            1.62
  2009.2931           18.77            1.56
  2009.2959           34.36            1.48
  2009.2986           23.54            1.52
  2009.3014           22.69            1.52
  2009.3069           28.42            1.64
  2009.3096           22.03            1.62
  2009.3124           16.26            1.61
  2009.3151           29.16            1.62
  2009.3177           23.05            1.52
  2009.3206           29.45            1.69
  2009.3232           27.30            1.60
  2009.3260           24.17            1.60
  2009.3315           33.93            1.59
  2009.3342           24.39            1.60
  2009.3370           26.54            1.62
  2009.3397           31.94            1.72
  2009.3424           17.66            1.58
  2009.3452           30.34            1.67
  2009.3479           31.92            1.52
  2009.3507           23.40            1.55
  2009.3534           20.28            1.54
  2009.3562           21.39            1.57
  2009.3589           25.09            1.56
  2009.3617           32.12            1.63
  2009.3644           18.83            1.76
  2009.3671           29.66            1.54
  2009.3699           24.66            1.62
  2009.3726           26.37            1.59
  2009.3754           20.00            1.59
  2009.3781           26.63            1.54
  2009.3809           23.10            1.57
  2009.3835           17.38            1.85
  2009.3864           17.01            1.52
  2009.3890           16.51            1.56
  2009.3917           24.71            2.02
  2009.3945           14.48            2.21
