  2007.0027            0.00            2.00
  2007.0055           14.37            2.08
  2007.0082           -3.85            2.18
  2007.0110            7.86            1.95
  2007.0137            9.00            1.85
  2007.0165           14.08            1.82
  2007.0192           16.69            1.87
  2007.0220           17.07            1.93
  2007.0247           23.60            1.90
  2007.0273           19.66            1.91
  2007.0302           12.43            1.95
  2007.0328           21.14            1.88
  2007.0356           12.52            1.87
  2007.0383           28.75            2.10
  2007.0411           18.48            1.89
  2007.0438            9.46            1.88
  2007.0466           13.96            1.88
  2007.0493           19.77            1.93
  2007.0520           21.33            1.89
  2007.0548           18.59            1.81
  2007.0575           27.06            1.85
  2007.0603           19.87            2.08
  2007.0630            7.52            1.92
  2007.0658           18.16            1.87
  2007.0685           13.75            2.02
  2007.0713           15.31            1.93
  2007.0740           14.58            2.12
  2007.0767           19.52            1.93
  2007.0795           14.97            1.92
  2007.0822           18.81            1.86
  2007.0850           19.77            1.89
  2007.0876           22.06            1.90
  2007.0905           47.93            2.43
  2007.0931           58.90            2.60
  2007.0959           56.50            2.45
  2007.0986           26.73            2.24
  2007.1013           26.60            2.02
  2007.1041           20.36            2.00
  2007.1068           17.52            1.96
  2007.1096           11.97            1.99
  2007.1123           14.88            1.93
  2007.1151           17.94            2.01
  2007.1178           19.94            1.86
  2007.1206           32.83            1.97
  2007.1233           21.19            2.05
  2007.1260           21.25            2.17
  2007.1288           57.50            2.21
  2007.1315           21.04            2.11
  2007.1343           18.44            2.03
  2007.1370           17.02            1.99
  2007.1398           16.27            2.21
  2007.1425           20.44            2.02
  2007.1453           25.90            1.90
  2007.1479           19.54            1.85
  2007.1506           23.93            1.91
  2007.1534           22.58            2.05
  2007.1561           15.38            2.06
  2007.1589           28.06            1.96
  2007.1616           24.80            1.98
  2007.1644           30.17            2.03
  2007.1671           18.34            1.95
  2007.1699           12.70            1.97
  2007.1726           31.27            1.99
  2007.1753           30.83            2.06
  2007.1781           31.39            2.00
  2007.1808           20.78            2.04
  2007.1836           21.20            2.12
  2007.1863           17.86            2.08
  2007.1891           12.85            2.07
  2007.1918           26.92            2.09
  2007.1946           12.72            2.24
  2007.1973           12.73            2.18
  2007.2000           20.40            2.17
  2007.2028           22.45            2.05
  2007.2054           16.49            1.98
  2007.2083           25.38            1.99
  2007.2109           24.32            4.99
  2007.2137           24.76            2.04
  2007.2164           27.04            2.05
  2007.2192           20.05            2.06
  2007.2219           20.53            2.09
  2007.2246           15.34            2.01
  2007.2274           19.10            2.04
  2007.2301           25.92            2.17
  2007.2329           20.41            2.13
  2007.2356           17.16            2.11
  2007.2384           22.86            2.14
  2007.2411           22.95            2.06
  2007.2439           25.42            2.19
  2007.2466           22.83            2.07
  2007.2493           23.67            2.18
  2007.2521           25.76            2.06
  2007.2548           29.05            2.05
  2007.2576           19.66            2.09
  2007.2603           32.92            2.01
  2007.2631           33.07            2.12
  2007.2657           30.12            1.96
  2007.2684           26.66            1.95
  2007.2712           32.64            2.06
  2007.2739           51.54            2.12
  2007.2767           28.85            2.11
  2007.2794           29.70            1.88
  2007.2822           32.13            1.85
  2007.2849           21.29            1.90
  2007.2877           19.53            2.00
  2007.2904           31.96            2.02
  2007.2931           12.54            2.06
  2007.2959           10.77            1.90
  2007.2986           24.34            2.08
  2007.3014           22.13            1.85
  2007.3041           25.22            1.95
  2007.3069           24.26            1.89
  2007.3096           20.91            1.90
  2007.3124           25.48            1.87
  2007.3151           25.22            1.93
  2007.3177           21.49            1.84
  2007.3206           22.60            1.89
  2007.3232           24.83            1.84
  2007.3260           22.64            1.80
  2007.3287           18.96            1.93
  2007.3315           24.28            1.84
  2007.3342           26.81            1.79
  2007.3370           26.35            1.82
  2007.3397           19.22            1.85
  2007.3424           24.11            1.74
  2007.3452           21.40            1.74
  2007.3479           16.86            1.76
  2007.3507            5.41            2.15
  2007.3534           24.67            1.69
  2007.3562           27.11            1.75
  2007.3589           19.44            1.79
  2007.3617           18.74            1.74
  2007.3644           27.36            1.76
  2007.3671           25.02            1.79
  2007.3699           19.24            1.80
  2007.3726           25.68            1.75
  2007.3754           28.01            1.78
  2007.3781           25.47            1.86
  2007.3809           27.65            1.77
  2007.3835           19.96            1.93
  2007.3864           18.77            1.85
  2007.3890           11.28            2.00
  2007.3917           23.24            1.96
  2007.3945           28.57            1.81
  2007.3972           41.45            1.92
  2007.4000           29.24            1.80
  2007.4027           20.87            1.75
  2007.4055           20.92            1.79
  2007.4082           28.46            1.81
  2007.4110           17.95            1.82
  2007.4137          132.87            2.03
  2007.4164           48.36            1.87
  2007.4192           24.48            1.88
  2007.4219           32.34            1.88
  2007.4247           32.72            1.87
  2007.4274           27.73            1.83
  2007.4302           29.99            1.83
  2007.4329           25.30            1.85
  2007.4357           31.13            2.12
  2007.4384           25.53            2.00
  2007.4410           28.81            1.84
  2007.4438           22.78            2.02
  2007.4465           16.06            1.99
  2007.4493           11.13            1.91
  2007.4520           18.76            1.81
  2007.4548           36.23            1.90
  2007.4575           23.84            2.27
  2007.4603           30.64            1.82
  2007.4630           14.23            1.95
  2007.4657           16.95            1.81
  2007.4685          -11.83            2.06
  2007.4712           14.90            1.76
  2007.4740           21.75            1.76
  2007.4767           10.98            1.76
  2007.4795           14.97            1.84
  2007.4822           13.54            1.81
  2007.4850           17.60            1.77
  2007.4877           15.32            1.80
  2007.4904           17.19            1.79
  2007.4932           15.07            1.78
  2007.4958           14.68            1.75
  2007.4987           22.07            1.75
  2007.5013           15.74            1.73
  2007.5042           14.92            1.74
  2007.5068            7.82            1.81
  2007.5096           10.77            1.83
  2007.5123           23.04            1.80
  2007.5150           12.97            1.83
  2007.5178           10.45            1.73
  2007.5205           14.18            1.77
  2007.5233           14.63            1.72
  2007.5260           16.84            1.75
  2007.5288           20.95            1.77
  2007.5315           17.74            1.72
  2007.5343           23.31            1.69
  2007.5370            9.20            1.78
  2007.5397           12.61            1.70
  2007.5425           21.01            1.90
  2007.5452            9.15            1.81
  2007.5480           18.29            1.82
  2007.5507           16.04            1.79
  2007.5535           15.00            1.74
  2007.5562           18.31            1.75
  2007.5590           13.46            1.81
  2007.5616            8.94            1.68
  2007.5643            0.78            1.75
  2007.5671            7.76            1.78
  2007.5698            7.67            1.72
  2007.5726            4.78            1.68
  2007.5753           17.29            1.79
  2007.5781            6.36            1.80
  2007.5808            5.52            1.76
  2007.5836           16.15            1.69
  2007.5863            9.40            1.64
  2007.5890            1.31            1.67
  2007.5918           14.96            1.71
  2007.5945           15.11            1.72
  2007.5973           12.10            1.73
  2007.6000            7.67            1.87
  2007.6028            6.84            1.86
  2007.6055            8.97            1.83
  2007.6083            7.92            1.71
  2007.6110           13.14            1.74
  2007.6136           -1.86            1.83
  2007.6165            3.30            1.90
  2007.6191           16.46            1.84
  2007.6219            8.10            1.73
  2007.6246           -5.63            1.69
  2007.6274            0.94            1.67
  2007.6301           -3.06            1.66
  2007.6329            7.54            1.74
  2007.6356            6.77            1.74
  2007.6383           10.51            1.71
  2007.6411           15.82            1.70
  2007.6438           17.47            1.75
  2007.6466           -0.13            1.78
  2007.6493            9.94            1.86
  2007.6521           -7.61            2.01
  2007.6548            9.69            1.80
  2007.6576           -6.43            1.94
  2007.6603            8.91            1.88
  2007.6630           17.46            1.78
  2007.6658           14.07            1.77
  2007.6685           22.75            1.83
  2007.6713           13.36            1.75
  2007.6740           13.86            1.86
  2007.6768           11.44            1.81
  2007.6794            6.37            1.86
  2007.6823           12.43            2.05
  2007.6849           16.85            1.87
  2007.6876           16.55            1.78
  2007.6904            4.20            1.92
  2007.6931            0.52            1.86
  2007.6959           11.19            1.75
  2007.6986           13.60            1.82
  2007.7014            9.74            1.89
  2007.7041           -8.45            1.86
  2007.7069           -5.61            1.85
  2007.7096           12.36            2.05
  2007.7123           11.86            2.08
  2007.7151            4.07            1.88
  2007.7178           11.36            1.83
  2007.7206          -25.30            1.96
  2007.7233            2.39            2.15
  2007.7261           10.09            1.76
  2007.7288            6.61            1.77
  2007.7316            6.78            1.74
  2007.7343            8.29            1.75
  2007.7369            7.09            1.87
  2007.7397           15.93            1.86
  2007.7424           13.32            1.80
  2007.7452           14.62            1.76
  2007.7479           12.49            1.73
  2007.7507           17.05            1.88
  2007.7534            9.29            1.87
  2007.7561           11.86            1.79
  2007.7589            5.78            1.84
  2007.7616           15.72            1.92
  2007.7644            9.31            1.78
  2007.7671           16.01            1.87
  2007.7699           15.81            1.84
  2007.7726           15.27            1.92
  2007.7754           13.73            1.79
  2007.7781            7.93            1.80
  2007.7808           13.05            1.74
  2007.7836           -3.11            1.84
  2007.7863           13.57            1.78
  2007.7891           18.71            1.77
  2007.7917           13.15            1.82
  2007.7946           12.79            1.76
  2007.7972           18.58            1.86
  2007.8000            8.62            1.74
  2007.8027            7.05            1.80
  2007.8054           21.80            1.74
  2007.8082           18.74            1.81
  2007.8109           18.60            1.79
  2007.8137           21.44            1.89
  2007.8164           25.15            1.91
  2007.8192           18.44            1.87
  2007.8219           17.13            1.71
  2007.8247           18.18            1.80
  2007.8274           16.32            1.89
  2007.8301           17.66            1.74
  2007.8329            9.94            1.82
  2007.8356           22.78            1.74
  2007.8384           20.31            1.71
  2007.8411           15.32            1.70
  2007.8439           12.11            1.81
  2007.8466           15.54            1.80
  2007.8494           13.98            1.86
  2007.8521           15.16            2.08
  2007.8547            2.94            1.87
  2007.8575            9.21            1.89
  2007.8602           13.08            2.99
  2007.8630           16.97            3.38
  2007.8657           12.97            1.80
  2007.8685           13.55            2.64
  2007.8712           10.40            2.30
  2007.8740           13.19            1.88
  2007.8767           12.26            1.80
  2007.8794           10.07            1.83
  2007.8822           10.03            1.82
  2007.8849           16.51            1.78
  2007.8877           14.05            1.67
  2007.8904           18.18            1.97
  2007.8932           18.05            1.77
  2007.8959           -1.71            1.70
  2007.8987           17.56            1.67
  2007.9014           17.72            1.72
  2007.9041           22.01            1.77
  2007.9069           17.47            1.79
  2007.9095           15.91            1.78
  2007.9124           10.90            1.75
  2007.9150           16.24            1.91
  2007.9178           12.04            1.83
  2007.9205           19.45            1.78
  2007.9233           11.75            1.87
  2007.9260           13.27            1.82
  2007.9287           21.16            1.70
  2007.9315           10.17            1.75
  2007.9342           22.25            1.82
  2007.9370           17.42            1.89
  2007.9397           32.28            1.91
  2007.9425           11.37            1.90
  2007.9452           16.41            1.81
  2007.9480           24.38            1.97
  2007.9507           23.74            1.95
  2007.9534           20.73            1.97
  2007.9562           23.30            1.79
  2007.9589           28.95            1.84
  2007.9617           17.63            1.88
  2007.9644           14.75            1.85
  2007.9672           20.88            1.85
  2007.9698           27.50            1.93
  2007.9727           22.07            1.94
  2007.9753           25.48            1.83
  2007.9780           18.97            1.82
  2007.9808           12.59            1.83
  2007.9835           23.80            1.96
  2007.9863           16.89            1.87
  2007.9890           17.13            1.97
  2007.9918           26.68            1.89
  2007.9945           24.55            1.87
  2007.9973           18.93            1.96
  2008.0000           24.54            1.93
  2008.0685            6.95            7.76
  2008.0713           36.44            2.04
  2008.0740           47.60            1.90
  2008.0767           18.46            1.97
  2008.0795           17.79            2.00
  2008.0822           25.21            1.92
  2008.0850           41.14            2.03
  2008.0876           28.28            2.01
  2008.0905           34.68            1.95
  2008.0931           31.71            1.92
  2008.0959           36.83            1.96
  2008.0986           23.66            2.02
  2008.1013           24.51            2.14
  2008.1041           24.43            1.96
  2008.1068           35.57            1.94
  2008.1096           37.06            1.96
  2008.1123           27.60            1.93
  2008.1151           24.74            1.94
  2008.1178           29.97            1.93
  2008.1206           35.44            1.92
  2008.1233           25.82            1.96
  2008.1260           40.21            1.98
  2008.1288           37.56            1.92
  2008.1315           32.08            2.09
  2008.1343           13.90            2.02
  2008.1370           33.82            1.95
  2008.1398           22.06            2.08
  2008.1425           31.77            1.92
  2008.1453           32.89            1.93
  2008.1479           25.54            1.98
  2008.1506           36.58            1.91
  2008.1534           32.69            1.91
  2008.1561           38.00            1.85
  2008.1589           34.49            1.91
  2008.1616           28.45            2.02
  2008.1644           43.07            1.94
  2008.1671           27.33            1.92
  2008.1699           29.87            1.94
  2008.1726           22.38            1.80
  2008.1753           26.18            1.80
  2008.1781           30.09            1.83
  2008.1808           33.37            1.88
  2008.1836           25.26            1.88
  2008.1863           33.26            1.84
  2008.1891           27.51            1.89
  2008.1918           25.88            1.85
  2008.1946           30.48            1.77
  2008.1973           32.53            1.83
  2008.2000           31.17            1.81
  2008.2028           39.04            1.79
  2008.2054           33.21            1.83
  2008.2083           29.55            2.52
  2008.2109           39.92            1.84
  2008.2137           38.70            1.93
  2008.2164           28.52            1.88
  2008.2192           34.70            1.81
  2008.2219           32.03            1.84
  2008.2246           23.14            1.83
  2008.2274           39.85            1.78
  2008.2301           38.04            1.84
  2008.2329           27.27            1.82
  2008.2356           45.20            1.86
  2008.2384           37.83            1.94
  2008.2411            9.76            1.80
  2008.2439           33.28            1.78
  2008.2466           37.43            1.74
  2008.2493           36.05            1.78
  2008.2521           37.63            1.86
  2008.2548           41.77            1.79
  2008.2576           40.24            1.83
  2008.2603           42.67            1.84
  2008.2631           38.38            1.77
  2008.2657           32.82            1.82
  2008.2684           34.70            1.84
  2008.2712           32.62            1.76
  2008.2739           29.36            1.73
  2008.2767           29.92            1.83
  2008.2794           26.70            1.81
  2008.2822           35.13            1.79
  2008.2849           23.88            1.71
  2008.2877           33.80            1.70
  2008.2904           37.49            1.82
  2008.2931           32.16            1.82
  2008.2959           30.08            1.72
  2008.2986           29.24            1.70
  2008.3014           33.72            1.74
  2008.3041           33.81            1.74
  2008.3069           30.66            1.73
  2008.3096           32.75            1.73
  2008.3124           34.59            1.72
  2008.3151           35.18            1.71
  2008.3177           36.59            1.76
  2008.3206           36.83            1.89
  2008.3232           19.07            1.88
  2008.3260           30.03            1.99
  2008.3287           61.11           18.83
  2008.3315           32.45            1.77
  2008.3342           31.36            1.77
  2008.3370           33.90            1.77
  2008.3397           36.61            1.84
  2008.3424           36.39            1.76
  2008.3452           30.68            1.79
  2008.3479           30.38            1.80
  2008.3507           28.14            1.78
  2008.3534           30.56            1.91
  2008.3562           33.67            1.86
  2008.3589           33.48            1.75
  2008.3617           32.65            1.75
  2008.3644           35.67            1.72
  2008.3671           31.54            1.80
  2008.3699           34.06            2.25
  2008.3726           24.63            1.76
  2008.3754           32.40            1.72
  2008.3781           23.29            1.86
  2008.3809           29.70            1.89
  2008.3835           20.16            1.88
  2008.3864           22.40            2.07
  2008.3890           15.93            2.10
  2008.3917           20.11            1.92
  2008.3945           19.24            1.94
  2008.3972           22.69            1.90
  2008.4000            5.06            1.91
  2008.4027           -0.71            1.98
  2008.4055           22.25            1.94
  2008.4082           10.38            2.19
  2008.4110           11.37            1.93
  2008.4137           12.22            1.92
  2008.4164           17.41            1.93
  2008.4192           10.80            1.98
  2008.4219           18.31            1.97
  2008.4247            2.82            2.28
  2008.4274            6.71            2.40
  2008.4302          -20.85            2.29
  2008.4329            7.98            2.13
  2008.4357           -0.13            1.94
  2008.4384            3.91            1.94
  2008.4410            8.06            2.69
  2008.4438           -6.35            2.13
  2008.4465            5.59            2.22
  2008.4493            9.71            1.84
  2008.4520           11.18            1.96
  2008.4548          -11.88            2.59
  2008.4575            5.27            1.87
  2008.4603           12.17            2.11
  2008.4630           21.56            2.23
  2008.4657           16.38            1.86
  2008.4685           -3.40            2.16
  2008.4712            1.97            1.87
  2008.4740           18.67            1.62
  2008.4767           11.29            1.71
  2008.4795           10.77            1.78
  2008.4822           14.35            1.78
  2008.4850           12.40            1.79
  2008.4877           15.68            1.78
  2008.4904           18.85            1.82
  2008.4932           13.79            1.76
  2008.4958           17.34            1.85
  2008.4987            9.51            1.84
  2008.5013           16.63            1.73
  2008.5042            7.02            1.64
  2008.5068           13.05            1.73
  2008.5096           -3.16            1.86
  2008.5123            7.21            1.85
  2008.5150           10.98            1.79
  2008.5178            5.26            1.80
  2008.5205            9.91            1.75
  2008.5233           13.32            1.68
  2008.5260           18.41            1.74
  2008.5288           22.10            1.80
  2008.5315           49.06            1.93
  2008.5343           16.87            1.80
  2008.5370           26.70            1.80
  2008.5397           29.76            1.76
  2008.5425           17.76            1.85
  2008.5452           15.75            1.75
  2008.5480           19.70            1.66
  2008.5507           18.16            1.82
  2008.5535           18.08            1.72
  2008.5562           19.25            1.75
  2008.5590            5.87            1.73
  2008.5616           10.95            1.76
  2008.5643           19.24            1.78
  2008.5671           21.29            1.73
  2008.5698          -99.13            2.14
  2008.5726          -10.28            1.73
  2008.5753           14.55            1.75
  2008.5781           17.25            1.77
  2008.5808            3.38            1.81
  2008.5836           13.39            1.74
  2008.5890           12.15            1.75
  2008.5918            6.47            1.72
  2008.5945           10.98            1.83
  2008.5973           14.07            1.71
  2008.6000           16.03            1.74
  2008.6028           15.37            1.77
  2008.6055           12.56            1.72
  2008.6083           14.01            1.65
  2008.6110            9.48            1.90
  2008.6136           16.36            1.78
  2008.6165            9.43            1.69
  2008.6191           13.41            1.63
  2008.6219           12.78            1.74
  2008.6246            4.36            1.77
  2008.6274           17.10            1.81
  2008.6301           11.84            1.68
  2008.6329           10.32            1.72
  2008.6356           12.16            1.69
  2008.6383           -3.04            1.70
  2008.6411           11.55            1.65
  2008.6438           12.57            1.67
  2008.6466           14.73            1.68
  2008.6493           16.67            1.72
  2008.6521           19.32            1.78
  2008.6548           12.57            1.90
  2008.6576           16.20            1.85
  2008.6603           13.91            1.87
  2008.6630            1.30            1.78
  2008.6658           15.95            1.74
  2008.6685           17.01            1.73
  2008.6713           17.46            1.77
  2008.6740            9.97            1.88
  2008.6768            5.35            1.68
  2008.6794           -0.33            1.76
  2008.6823           13.03            1.82
  2008.6849           15.60            1.70
  2008.6876           13.74            1.73
  2008.6904           10.08            1.68
  2008.6931            6.92            1.73
  2008.6959           36.30            1.87
  2008.6986            8.47            1.72
  2008.7014            8.62            1.77
  2008.7041            8.55            1.66
  2008.7069           18.20            1.68
  2008.7096           16.90            1.71
  2008.7123           16.67            1.75
  2008.7151           12.45            1.73
  2008.7178           10.48            1.68
  2008.7206           10.87            1.68
  2008.7233           16.15            1.69
  2008.7261           21.40            1.63
  2008.7288           22.74            1.71
  2008.7316            6.03            1.70
  2008.7343           18.42            1.65
  2008.7369           19.87            1.66
  2008.7397           19.78            1.75
  2008.7424           16.10            1.73
  2008.7452            7.72            1.76
  2008.7479           17.43            1.66
  2008.7507           22.69            1.68
  2008.7534            5.90            1.99
  2008.7561           12.05            1.79
  2008.7589           16.41            1.81
  2008.7616           14.87            1.75
  2008.7644           25.02            1.95
  2008.7671           19.05            1.83
  2008.7699           17.46            1.77
  2008.7726           16.02            1.78
  2008.7754           13.23            1.73
  2008.7781           26.75            1.93
  2008.7808           15.78            1.82
  2008.7836           11.64            4.21
  2008.7863            5.37            1.74
  2008.7891           14.01            1.78
  2008.7917           20.23            1.92
  2008.7946           23.22            1.87
  2008.7972           21.79            1.77
  2008.8000           19.79            1.83
  2008.8027           16.43            1.91
  2008.8054           20.70            1.76
  2008.8082           23.22            1.85
  2008.8109           13.20            1.86
  2008.8137           19.12            1.77
  2008.8164           14.45            1.83
  2008.8192           14.77            1.87
  2008.8219           12.28            1.75
  2008.8247           21.45            1.73
  2008.8274           13.11            1.81
  2008.8301           12.96            1.80
  2008.8329           17.89            1.82
  2008.8356           20.19            1.79
  2008.8384           10.94            1.80
  2008.8411           22.40            1.82
  2008.8439           21.91            1.81
  2008.8466           21.00            1.90
  2008.8494           20.64            1.86
  2008.8521           19.22            1.83
  2008.8547           17.05            1.97
  2008.8575           14.49            1.88
  2008.8602           20.54            1.89
  2008.8630           11.00            1.86
  2008.8657           14.86            1.94
  2008.8685           16.96            1.86
  2008.8712           17.64            1.86
  2008.8740           18.99            1.81
  2008.8767           15.83            1.96
  2008.8794           24.07            1.84
  2008.8822           20.42            1.94
  2008.8849           29.20            1.79
  2008.8877           26.28            1.71
  2008.8904           26.64            1.78
  2008.8932           27.52            1.80
  2008.8959           23.52            1.79
  2008.8987           17.91            1.81
  2008.9014           24.54            1.82
  2008.9041           32.38            1.82
  2008.9069           24.59            1.79
  2008.9095           23.24            1.91
  2008.9124           19.67            1.89
  2008.9150           22.57            1.78
  2008.9178           14.21            1.84
  2008.9205           14.06            1.80
  2008.9233           19.23            1.71
  2008.9260           14.64            1.73
  2008.9287           29.12            1.73
  2008.9315           14.13            1.72
  2008.9342           19.75            1.72
  2008.9370           25.56            1.85
  2008.9397           28.09            1.79
  2008.9425           31.06            2.01
  2008.9452           29.22            1.72
  2008.9480           32.98            1.70
  2008.9507           25.37            1.74
  2008.9534           21.30            1.76
  2008.9562           25.87            1.81
  2008.9589           31.24            1.77
  2008.9617           27.80            1.80
  2008.9644           25.95            1.92
  2008.9672           40.73            1.77
  2008.9698           26.55            1.87
  2008.9727           28.52            1.89
  2008.9753           17.38            1.87
  2008.9780           17.19            1.74
  2008.9808           26.12            1.77
  2008.9835           23.86            1.79
  2008.9863           37.97            1.84
  2008.9890           30.34            1.75
  2008.9918           31.39            1.78
  2008.9945           29.11            1.78
  2008.9973           23.64            1.87
  2009.0000           33.35            1.80
  2009.0027           24.49            1.71
  2009.0027           31.36            1.72
  2009.0055           33.66            1.69
  2009.0110           25.45            1.71
  2009.0137           36.38            1.80
  2009.0165           25.97            1.74
  2009.0220           32.35            1.70
  2009.0247           28.73            1.68
  2009.0302           28.77            1.69
  2009.0328           29.51            1.78
  2009.0356           38.21            1.76
  2009.0411           33.10            1.74
  2009.0438           34.77            1.76
  2009.0466           27.23            1.78
  2009.0520           27.72            1.66
  2009.0548           27.98            1.70
  2009.0603           33.42            1.71
  2009.0630           41.46            1.69
  2009.0658           26.34            1.73
  2009.0713           31.78            1.64
  2009.0740           29.44            1.98
  2009.0767           32.15            1.70
  2009.0822           35.23            1.76
  2009.0850           31.99            1.73
  2009.0876           45.18            1.69
  2009.0905           26.55            1.71
  2009.0931           38.67            1.72
  2009.0959           38.44            1.78
  2009.0986           35.11            1.79
  2009.1013           35.30            1.70
  2009.1041           26.79            1.67
  2009.1068           34.52            1.71
  2009.1096           30.50            1.85
  2009.1123           32.89            1.82
  2009.1151           37.83            1.78
  2009.1178           42.16            1.78
  2009.1206           36.69            1.70
  2009.1233           29.37            1.71
  2009.1260           42.13            1.73
  2009.1288           38.50            1.88
  2009.1315           25.68            2.28
  2009.1343           38.02            1.69
  2009.1370           26.75            1.84
  2009.1398           25.83            1.75
  2009.1425           38.68            1.82
  2009.1453           35.71            1.70
  2009.1479           26.25            1.72
  2009.1506           29.64            1.68
  2009.1534           42.46            1.71
  2009.1561           43.75            1.76
  2009.1589           36.50            1.73
  2009.1616           37.56            1.81
  2009.1644           46.42            3.24
  2009.1671           36.49            1.87
  2009.1699           45.57            1.78
  2009.1726           30.53            1.76
  2009.1753           39.27            1.65
  2009.1781           39.94            1.65
  2009.1808           35.68            1.78
  2009.1836           36.62            1.72
  2009.1863           39.09            1.75
  2009.1891           35.66            1.70
  2009.1918           42.66            1.78
  2009.1946           38.75            1.78
  2009.1973           45.84            1.77
  2009.2000           34.98            1.70
  2009.2028           38.89            1.63
  2009.2054           40.99            1.95
  2009.2083           42.06            1.64
  2009.2109           39.71            1.75
  2009.2137           39.38            1.72
  2009.2164           43.48            1.74
  2009.2192           37.40            1.67
  2009.2219           32.82            1.77
  2009.2246           39.82            1.96
  2009.2274           39.62            1.87
  2009.2301           32.47            1.72
  2009.2329           46.34            1.72
  2009.2356           32.52            1.71
  2009.2384           26.85            1.80
  2009.2411           25.50            1.72
  2009.2439           25.90            1.67
  2009.2466           37.98            1.68
  2009.2493           38.38            1.66
  2009.2521           37.39            1.82
  2009.2548           28.96            1.91
  2009.2576           33.68            1.73
  2009.2603           33.69            3.19
  2009.2631           31.56            1.67
  2009.2657           31.92            1.73
  2009.2684           22.23            1.78
  2009.2712           23.84            1.68
  2009.2739           30.73            1.67
  2009.2767           32.70            1.64
  2009.2794           34.39            1.73
  2009.2822           25.57            1.65
  2009.2849           37.43            1.71
  2009.2877           36.14            1.69
  2009.2904           30.66            1.75
  2009.2931           32.94            1.67
  2009.2959           36.62            1.64
  2009.2986           28.29            1.68
  2009.3014           36.30            1.66
  2009.3069           42.99            1.80
  2009.3096           31.10            1.74
  2009.3124           36.09            1.76
  2009.3151           34.81            1.72
  2009.3177           35.83            1.72
  2009.3206           35.56            1.84
  2009.3260           32.68            1.66
  2009.3342           36.78            1.66
  2009.3370           33.99            1.79
  2009.3397           30.08            1.88
  2009.3452           34.16            1.78
  2009.3479           32.72            1.73
  2009.3507           33.14            1.68
  2009.3562           20.02            1.78
  2009.3589           20.69            1.76
  2009.3644           17.46            1.69
  2009.3671           29.28            1.80
  2009.3699           26.44            1.78
  2009.3754           22.78            1.71
  2009.3781           23.68            1.76
  2009.3809           28.92            1.68
  2009.3835           20.16            1.77
  2009.3864           15.68            1.73
  2009.3890           30.20            1.75
  2009.3945           14.17            1.71
  2009.3972           24.03            1.88
  2009.4000           15.36            1.71
  2009.4055           12.55            1.79
  2009.4082           19.89            1.75
  2009.4137           17.21            1.70
  2009.4164           19.15            1.92
  2009.4192           23.44            1.65
  2009.4247           18.44            1.66
  2009.4274           22.27            1.72
  2009.4302           17.21            1.59
  2009.4357           21.95            1.70
  2009.4384           21.97            1.70
  2009.4438           24.33            1.56
  2009.4465           26.37            1.63
  2009.4493           26.29            1.64
  2009.4548           30.13            1.64
  2009.4575           17.86            1.67
  2009.4603           56.83            1.97
  2009.4657            9.85            1.71
  2009.4685           19.41            1.62
  2009.4740           18.31            1.64
  2009.4767           19.69            1.57
  2009.4795           21.59            1.59
  2009.4850           22.94            1.66
  2009.4877           21.30            1.63
  2009.4904            8.05            1.95
  2009.4932           29.03            1.72
  2009.4958           29.22            1.70
  2009.4987           19.38            1.64
  2009.5042           16.74            1.68
  2009.5068           50.75            1.81
  2009.5096           11.21            1.69
  2009.5150           10.78            1.60
  2009.5178           15.98            1.52
  2009.5233           19.93            1.54
  2009.5260           13.86            1.57
  2009.5288           17.07            1.68
  2009.5343           15.67            1.56
  2009.5370           17.97            1.56
  2009.5397           21.74            1.57
  2009.5452           11.09            1.80
  2009.5507         -125.32            7.48
  2009.5562           14.39            1.63
  2009.5590            7.10            1.57
  2009.5616           16.17            1.58
  2009.5671           16.50            1.57
  2009.5698           13.94            1.51
  2009.5726           15.21            1.53
  2009.5753           16.53            1.60
  2009.5781           18.29            1.46
  2009.5808            9.71            1.50
  2009.5863           16.90            1.46
  2009.5890           26.10            1.49
  2009.5918           29.58            1.74
  2009.5945           12.12            1.58
  2009.5973           19.73            1.52
  2009.6000           19.01            1.52
  2009.6028           20.35            1.60
  2009.6055           18.32            1.53
  2009.6083            8.40            1.51
  2009.6110           18.29            1.66
  2009.6136           12.69            1.68
  2009.6165           21.54            1.67
  2009.6191           44.14            1.69
  2009.6219           19.06            1.68
  2009.6246           21.40            1.64
  2009.6274           15.65            1.64
  2009.6301            8.15            1.61
  2009.6329            0.06            1.60
  2009.6356           12.65            1.56
  2009.6383           13.68            1.62
  2009.6411            5.03            1.65
  2009.6438            7.46            1.58
  2009.6466           34.24            1.72
  2009.6493           13.63            1.60
  2009.6521           11.89            1.64
  2009.6548           19.22            1.57
  2009.6576           24.02            1.55
  2009.6603           14.90            1.56
  2009.6630           10.57            1.61
  2009.6658           13.92            1.57
  2009.6685           22.61            1.68
  2009.6713           16.04            1.62
  2009.6740           18.05            1.54
  2009.6768           21.19            1.60
  2009.6794           67.38            1.76
  2009.6823            8.35            1.77
  2009.6849           11.03            1.63
  2009.6876           11.04            1.58
  2009.6904           17.15            1.63
  2009.6931            6.30            1.53
  2009.6959           15.90            1.57
  2009.6986           14.03            1.51
  2009.7014           10.98            1.61
  2009.7041           11.66            1.54
  2009.7069           12.53            1.53
  2009.7096           -2.48            1.58
  2009.7123           14.49            1.64
  2009.7151           15.15            1.64
  2009.7178           15.92            1.52
  2009.7206           10.38            1.59
  2009.7233           14.70            1.48
  2009.7261            8.50            1.60
  2009.7288           18.61            1.48
  2009.7316           16.06            1.55
  2009.7343           18.11            1.48
  2009.7369           14.82            1.55
  2009.7397            6.75            1.68
  2009.7424           20.88            1.61
  2009.7452           20.30            1.57
  2009.7479           19.26            1.61
  2009.7507           10.33            1.66
  2009.7534           20.71            1.56
  2009.7561           15.64            1.51
  2009.7589           21.09            1.61
  2009.7616           47.83            1.80
  2009.7644           17.28            1.57
  2009.7671           14.74            1.54
  2009.7699           16.27            1.63
  2009.7726           21.49            1.76
  2009.7754           11.30            1.78
  2009.7781           10.88            1.65
  2009.7808            9.74            1.66
  2009.7836            6.28            1.70
  2009.7863           12.91            1.83
  2009.7891            9.90            1.94
  2009.7917           12.45            1.76
  2009.7946           14.68            1.68
  2009.7972           13.41            1.85
  2009.8000           15.23            2.07
  2009.8027           20.12            1.66
  2009.8054           17.29            1.83
  2009.8082            8.08            1.80
  2009.8109           21.10            1.95
  2009.8137            9.58            1.76
  2009.8164            8.87            1.85
  2009.8192           12.91            1.86
  2009.8219            8.15            1.99
  2009.8247           15.20            1.79
  2009.8301           15.02            1.89
  2009.8329           23.92            1.91
  2009.8356            9.51            1.78
  2009.8411           14.24            1.88
  2009.8439            6.20            1.84
  2009.8466           18.33            1.77
  2009.8494           17.14            1.78
  2009.8521           14.64            1.88
  2009.8547           12.34            1.85
  2009.8602           19.74            1.94
  2009.8630           10.82            1.75
  2009.8657           20.56            1.72
  2009.8712           12.48            1.91
  2009.8740           21.35            1.98
  2009.8794           12.72            2.03
  2009.8822           18.97            1.94
  2009.8849           16.92            1.96
  2009.8904           16.23            1.74
  2009.8932           16.81            1.82
  2009.8959           12.71            1.81
  2009.9014           12.63            1.86
  2009.9041           15.21            1.78
  2009.9095           21.36            1.78
  2009.9124            9.46            2.01
  2009.9150           14.10            1.78
  2009.9205           15.94            1.84
  2009.9233           18.18            1.83
  2009.9260           28.48            1.69
  2009.9315           18.04            1.82
  2009.9342           16.26            1.69
  2009.9397           24.88            1.77
  2009.9425           20.98            1.86
  2009.9452           28.37            1.76
  2009.9507           15.95            1.85
  2009.9534           12.60            1.91
  2009.9562           11.46            1.82
  2009.9589           27.39            1.76
  2009.9617           22.04            1.88
  2009.9644           18.40            2.00
  2009.9698           24.18            1.86
  2009.9727           24.61            1.79
  2009.9753           20.72            1.93
  2009.9808           26.03            1.95
  2009.9835           29.29            1.78
  2009.9890           30.42            1.86
  2009.9918           24.16            1.91
  2009.9945           21.45            1.89
  2010.0000           28.26            1.82
  2010.0027           33.49            1.83
  2010.0055           41.89            1.87
  2010.0082           29.73            1.91
  2010.0110           31.81            1.83
  2010.0137           30.21            1.92
  2010.0165           31.55            1.80
  2010.0192           32.24            1.74
  2010.0220           31.27            1.76
  2010.0247           31.53            1.85
  2010.0273           31.96            1.79
  2010.0302           27.78            2.00
  2010.0328           25.00            1.91
  2010.0356           28.90            1.79
  2010.0383           29.49            1.83
  2010.0411           28.58            1.85
  2010.0438           26.68            1.81
  2010.0466           36.33            1.74
  2010.0493           29.23            1.77
  2010.0520           31.08            1.81
  2010.0548           34.87            1.79
  2010.0575           32.75            1.93
  2010.0603           33.05            1.76
  2010.0630           37.40            1.86
  2010.0658           30.55            1.82
  2010.0685           24.91            1.90
  2010.0713           26.80            2.03
  2010.0740           35.46            2.04
  2010.0767           35.36            2.15
  2010.0795           34.97            1.82
  2010.0822           34.24            1.90
  2010.0850           32.24            1.90
  2010.0876           32.13            1.90
  2010.0905           41.88            1.90
  2010.0931           28.75            2.06
  2010.0959           29.43            1.89
  2010.0986           39.46            2.00
  2010.1013           34.60            1.88
  2010.1041           36.17            2.01
  2010.1068           26.12            1.94
  2010.1096           30.32            2.14
  2010.1123           36.27            1.98
  2010.1151           38.66            2.08
  2010.1178           33.92            1.95
  2010.1206           30.69            2.03
  2010.1233           44.31            1.84
  2010.1260           37.54            1.96
  2010.1288           35.85            1.95
  2010.1315           49.56            1.92
  2010.1343           41.61            2.09
  2010.1370           26.86            2.02
  2010.1398           38.24            1.78
  2010.1425           34.86            1.74
  2010.1453           32.09            1.87
  2010.1479           30.57            1.77
  2010.1506           23.58            1.84
  2010.1534           30.75            1.87
  2010.1561           39.20            1.80
  2010.1616           -0.57            1.77
  2010.1644            0.88            1.73
  2010.1671           -1.38            1.90
  2010.1699            5.86            1.82
  2010.1726            3.62            1.88
  2010.1753           10.32            1.73
  2010.1781            1.35            1.78
  2010.1808            7.97            1.92
  2010.1836            0.49            1.81
  2010.1863           -5.67            1.90
  2010.1891            5.38            2.09
  2010.1918           10.34            1.84
  2010.1946            9.29            1.91
  2010.1973           -3.38            1.84
  2010.2000            4.84            1.76
  2010.2028           10.45            1.69
  2010.2054            2.43            1.78
  2010.2083            3.94            1.68
  2010.2109            7.45            1.72
  2010.2137            5.87            1.70
  2010.2164           13.43            1.89
  2010.2192            8.03            1.90
  2010.2219           12.24            1.71
  2010.2246            9.16            1.67
  2010.2274           -3.73            1.64
  2010.2301           -0.37            1.57
  2010.2329            6.90            1.68
  2010.2356            3.18            1.65
  2010.2384            6.76            1.71
  2010.2411            4.88            1.74
  2010.2439           10.51            1.66
  2010.2466           19.93            1.82
  2010.2493            0.88            1.70
  2010.2521            6.45            1.71
  2010.2548            6.00            1.58
  2010.2576            6.53            1.12
  2010.2603            6.05            1.62
  2010.2631           13.08            1.68
  2010.2657            1.01            1.62
  2010.2684            9.06            1.56
  2010.2712            6.86            1.57
  2010.2739           12.38            1.70
  2010.2767            7.96            1.62
  2010.2794           12.50            1.70
  2010.2822           15.62            1.75
  2010.2849            4.04            1.58
  2010.2877            9.68            1.60
  2010.2904           11.42            1.70
  2010.2931            9.81            1.65
  2010.2959            5.00            1.66
  2010.2986           11.25            1.59
  2010.3014            7.54            1.58
  2010.3069            7.85            1.55
  2010.3096           12.80            1.60
  2010.3124           12.22            1.57
  2010.3151           15.79            1.57
  2010.3177           14.15            1.58
  2010.3206           20.28            1.59
  2010.3232           11.32            1.62
  2010.3260           13.69            1.57
  2010.3287           12.27            1.71
  2010.3315           13.49            1.65
  2010.3424            8.81            1.64
  2010.3452           11.09            1.58
  2010.3479           10.95            1.56
  2010.3507           10.06            1.51
  2010.3534            8.10            1.47
  2010.3562            9.67            1.50
  2010.3589           13.67            1.51
  2010.3617           16.17            2.42
  2010.3644            8.68            1.62
  2010.3726            8.10            1.61
  2010.3754           14.95            1.70
  2010.3781           14.23            1.54
  2010.3809           11.98            1.51
  2010.3835           13.23            1.60
  2010.3864           14.65            1.67
  2010.3890            0.22            1.73
  2010.3917           10.21            1.53
  2010.3945            7.92            1.55
  2010.3972           -5.12            1.56
  2010.4000            5.10            1.58
  2010.4027           15.61            1.56
  2010.4055            8.06            1.60
  2010.4082            9.96            1.59
  2010.4110            9.93            3.47
  2010.4137           11.08            1.51
  2010.4164           14.50            1.49
  2010.4192           11.32            1.60
  2010.4219           12.86            1.54
  2010.4247           36.16            1.60
  2010.4274           13.27            1.51
  2010.4302           16.22            1.50
  2010.4329           12.45            1.49
  2010.4357           18.93            1.44
  2010.4384           19.09            1.50
  2010.4410           19.91            1.51
  2010.4438           13.26            1.67
  2010.4465           22.62            1.52
  2010.4493           18.19            1.53
  2010.4520            6.42            1.75
  2010.4548            2.32            1.52
  2010.4575           -2.82            1.58
  2010.4603            2.66            2.04
  2010.4630          111.63            2.08
  2010.4657            9.59            1.71
  2010.4685           18.61            1.50
  2010.4712           14.78            1.60
  2010.4740            0.50            1.57
  2010.4767           16.13            1.69
  2010.4795           11.82            1.65
  2010.4822           18.53            1.51
  2010.4850           19.50            1.49
  2010.4877           20.64            1.53
  2010.4904           17.51            1.59
  2010.4932           13.00            1.55
  2010.4958           22.66            1.55
  2010.4987           16.31            1.54
  2010.5013            5.72            1.52
  2010.5042           19.83            1.54
  2010.5068           30.39            1.67
  2010.5096           13.47            1.62
  2010.5123            6.85            1.85
  2010.5150           18.34            1.57
  2010.5178           20.10            1.58
  2010.5205           14.00            1.49
  2010.5233           19.52            1.56
  2010.5260            5.81            1.62
  2010.5288            6.28            1.50
  2010.5315            7.92            1.43
  2010.5343           11.03            1.48
  2010.5370           17.48            1.53
  2010.5397           20.91            1.52
  2010.5425           20.45            1.52
  2010.5452           13.28            1.46
  2010.5480           18.33            1.52
  2010.5507           13.03            1.57
  2010.5535           13.25            1.53
  2010.5562           -0.18            1.58
  2010.5590            1.42            1.77
  2010.5616           -6.50            1.63
  2010.5643            6.31            1.62
  2010.5671            6.40            1.58
  2010.5698           10.26            1.64
  2010.5726            9.82            1.60
  2010.5753           10.48            1.59
  2010.5781            6.45            1.66
  2010.5808           11.55            1.64
  2010.5836           12.28            1.55
  2010.5863            3.28            1.52
  2010.5890           10.76            1.63
  2010.5918            4.74            1.51
  2010.5945           20.38            3.17
  2010.5973           -1.34            1.72
  2010.6000            9.98            1.52
  2010.6028           17.68            1.50
  2010.6055           15.45            1.49
  2010.6083           27.45            1.47
  2010.6110           20.45            1.56
  2010.6136            7.20            1.50
  2010.6165            2.36            1.44
  2010.6191           12.77            1.45
  2010.6219           14.44            1.52
  2010.6246          137.07            1.68
  2010.6274           13.59            1.76
  2010.6301           12.52            1.57
  2010.6329           13.36            1.53
  2010.6356           18.43            1.49
  2010.6383           23.47            1.71
  2010.6411           21.32            1.54
  2010.6438           32.17            1.58
  2010.6466           17.28            1.51
  2010.6493           17.08            1.50
  2010.6521           29.86            1.63
  2010.6548            4.56            1.59
  2010.6576            9.69            1.64
  2010.6603           14.89            1.46
  2010.6630           12.89            1.60
  2010.6658           16.12            1.53
  2010.6685            5.07            1.56
  2010.6713           15.91            1.57
  2010.6740           15.95            1.66
  2010.6768           13.85            1.64
  2010.6794           21.44            1.45
  2010.6823           23.98            1.51
  2010.6849           21.68            1.50
  2010.6876           16.72            1.48
  2010.6904           29.02            1.46
  2010.6931           20.83            1.49
  2010.6959           26.73            1.57
  2010.6986           14.88            1.56
  2010.7014           16.73            1.54
  2010.7041           19.68            1.54
  2010.7069           44.98            1.76
  2010.7096           25.65            1.53
  2010.7123           18.11            1.51
  2010.7151           19.64            1.57
  2010.7178           25.43            1.57
  2010.7206           21.28            1.49
  2010.7233           16.48            1.52
  2010.7261           16.36            1.50
  2010.7288           14.10            1.54
  2010.7316           17.43            1.46
  2010.7343           18.08            1.49
  2010.7369           25.06            1.71
  2010.7397           15.42            1.63
  2010.7424           10.83            1.55
  2010.7452           16.53            1.49
  2010.7479           19.71            1.49
  2010.7507            7.05            1.54
  2010.7534           19.24            1.48
  2010.7561           22.24            1.60
  2010.7589           17.20            1.62
  2010.7616           16.71            1.59
  2010.7644           18.02            1.65
  2010.7671           15.17            1.45
  2010.7699           18.67            1.58
  2010.7726           10.43            1.53
  2010.7754            2.56            1.57
  2010.7781           17.03            1.53
  2010.7808           18.37            1.62
  2010.7836           14.12            1.69
  2010.7863           11.28            1.71
  2010.7891           12.17            1.54
  2010.7917           14.62            1.44
  2010.7946           15.32            1.48
  2010.7972           23.29            1.54
  2010.8000           17.60            1.55
  2010.8027           17.05            1.58
  2010.8054           20.36            1.55
  2010.8082           19.82            1.59
  2010.8109           20.41            1.55
  2010.8137           21.67            1.51
  2010.8164           20.74            1.55
  2010.8192           18.56            1.62
  2010.8219           19.65            1.64
  2010.8247           19.46            1.63
  2010.8274           19.45            1.70
  2010.8301           17.05            1.53
  2010.8329           26.69            1.62
  2010.8356           14.86            1.62
  2010.8384           29.34            1.54
  2010.8411           17.68            1.65
  2010.8439           19.94            1.52
  2010.8466           27.83            1.48
  2010.8494           27.77            1.62
  2010.8521           13.99            1.67
  2010.8547           22.58            1.56
  2010.8575           20.63            1.47
  2010.8602           18.66            1.50
  2010.8630           26.96            1.45
  2010.8657           20.52            1.48
  2010.8685           26.63            1.65
  2010.8712           28.35            1.53
  2010.8740           16.92            1.50
  2010.8767           27.22            1.54
  2010.8794           22.07            1.54
  2010.8822           31.55            1.53
  2010.8849           27.47            1.57
  2010.8877           31.54            1.60
  2010.8904           19.57            1.62
  2010.8932           27.61            1.57
  2010.8959           24.89            1.56
  2010.8987           26.17            1.61
  2010.9014           27.86            1.49
  2010.9041           28.22            1.61
  2010.9069           25.22            1.46
  2010.9095           32.96            1.51
  2010.9124           40.57            1.52
  2010.9150           33.54            1.50
  2010.9178           33.39            1.51
  2010.9205           35.58            1.46
  2010.9233           24.64            1.46
  2010.9260           28.98            1.38
  2010.9287           35.71            1.43
  2010.9315           45.42            1.49
  2010.9342           40.79            1.55
  2010.9370           33.01            1.44
  2010.9397           38.20            1.47
  2010.9425           33.64            1.47
  2010.9452           26.70            1.54
  2010.9480           35.75            1.51
  2010.9507           31.71            1.49
  2010.9562           25.09            1.49
  2010.9589           28.41            1.53
  2010.9644           33.11            1.45
  2011.0027           31.35            1.72
  2011.0055           41.06            1.65
  2011.0082           43.62            1.75
  2011.0110           30.75            1.73
  2011.0137           27.87            1.71
  2011.0165           32.40            1.56
  2011.0192           40.42            1.70
  2011.0220           31.12            1.65
  2011.0247           34.30            1.57
  2011.0273           43.17            1.60
  2011.0302           35.74            1.60
  2011.0328           38.46            1.62
  2011.0356           45.58            1.69
  2011.0383           48.68            1.60
  2011.0411           43.64            1.70
  2011.0438           37.86            1.74
  2011.0466           34.26            1.57
  2011.0493           44.15            1.80
  2011.0520           37.59            1.71
  2011.0548           35.63            1.72
  2011.0575           39.16            1.65
  2011.0603           46.95            1.70
  2011.0630           25.43            1.67
  2011.0658           37.92            1.69
  2011.0685           30.58            1.70
  2011.0713           22.01            1.79
  2011.0740           41.59            1.74
  2011.0767           33.74            1.69
  2011.0795           33.35            1.66
  2011.0822           33.57            1.73
  2011.0850           43.18            1.69
  2011.0876           34.57            1.58
  2011.0905           47.06            1.62
  2011.0931           42.22            1.65
  2011.0959           35.18            1.62
  2011.0986           42.60            1.57
  2011.1013           37.27            1.64
  2011.1041           36.17            1.60
  2011.1068           45.87            1.78
  2011.1096           44.13            1.77
  2011.1123           37.51            1.79
  2011.1151           37.95            1.70
  2011.1178           40.45            1.82
  2011.1206           27.72            2.01
  2011.1233           31.50            1.68
  2011.1260           41.02            1.67
  2011.1288           38.62            1.70
  2011.1315           37.57            1.76
  2011.1343           24.11            1.73
  2011.1370           13.73            1.73
  2011.1398           30.57            1.68
  2011.1425           36.08            1.74
  2011.1453           32.69            1.71
  2011.1479           40.03            1.86
  2011.1506           22.52            1.72
  2011.1534           44.30            1.69
  2011.1561           41.01            1.63
  2011.1589           32.42            1.70
  2011.1616           40.06            1.69
  2011.1644           38.93            1.67
  2011.1671           39.21            1.65
  2011.1699           40.96            1.69
  2011.1726           32.68            1.78
  2011.1753           36.15            1.69
  2011.1781           41.03            2.14
  2011.1808           42.42            1.64
  2011.1836           39.80            1.68
  2011.1863           48.96            1.78
  2011.1891           55.50            2.07
  2011.1918           41.50            1.94
  2011.1946          117.66            2.28
  2011.1973           39.36            1.65
  2011.2000           32.86            1.87
  2011.2028           32.43            1.96
  2011.2054           32.55            1.86
  2011.2083           39.38            1.79
  2011.2109           43.23            1.65
  2011.2137           39.11            1.65
  2011.2164           40.41            1.60
  2011.2192           43.46            1.79
  2011.2219           39.41            1.74
  2011.2246           39.12            1.63
  2011.2274           38.07            1.71
  2011.2301           42.99            1.80
  2011.2329           40.65            1.67
  2011.2356           37.09            1.67
  2011.2384           46.98            1.62
  2011.2411           49.14            1.69
  2011.2439           45.57            1.78
  2011.2466           42.96            1.93
  2011.2493           43.83            1.79
  2011.2521           45.13            1.76
  2011.2548           42.12            1.67
  2011.2576           36.98            1.59
  2011.2603           40.24            2.03
  2011.2631           47.47            1.64
  2011.2657           39.26            1.65
  2011.2684           36.24            1.58
  2011.2712           44.00            1.63
  2011.2739           38.22            1.70
  2011.2767           43.51            1.77
  2011.2794           36.70            1.77
  2011.2822           40.90            1.80
  2011.2849           29.41            1.78
  2011.2877           38.58            1.62
  2011.2904           41.40            1.67
  2011.2931           28.86            3.54
  2011.2959           26.44            1.60
  2011.2986           27.59            1.62
  2011.3014           24.74            1.70
  2011.3041           11.11            1.86
  2011.3069           23.89            1.84
  2011.3096           28.92            1.67
  2011.3124           21.41            1.62
  2011.3151           22.43            1.60
  2011.3177           26.76            1.60
  2011.3206           25.30            1.63
  2011.3232           19.18            1.78
  2011.3260           29.51            1.64
  2011.3287           12.05            1.62
  2011.3315           19.71            1.62
  2011.3342           23.75            1.57
  2011.3370           21.01            1.64
  2011.3397           19.02            1.68
  2011.3424           18.66            1.65
  2011.3452           26.54            1.61
  2011.3479           21.85            1.68
  2011.3507           25.91            1.57
  2011.3534           27.10            1.64
  2011.3562           41.21            1.92
  2011.3589           24.01            1.63
  2011.3617           28.83            1.60
  2011.3644           23.84            1.56
  2011.3671           21.22            1.56
  2011.3699           25.93            1.61
  2011.3726           29.38            1.68
  2011.3754           23.82            1.65
  2011.3781           23.18            1.71
  2011.3809           26.19            1.73
  2011.3835           21.42            1.72
  2011.3864           24.68            1.72
  2011.3890           25.49            1.62
  2011.3917           23.55            1.63
  2011.3945           28.77            1.67
  2011.3972           26.89            1.59
  2011.4000           28.89            1.58
  2011.4027           30.82            1.59
  2011.4055           22.63            1.57
  2011.4082           27.53            1.55
  2011.4110           24.11            1.53
  2011.4137           27.12            1.56
  2011.4164           31.86            1.50
  2011.4192           30.67            1.65
  2011.4219           29.08            1.54
  2011.4247           29.14            1.66
  2011.4274           32.55            1.77
  2011.4302           24.69            1.76
  2011.4329           36.69            1.87
  2011.4357           36.88            1.86
  2012.0027           46.23            1.75
  2012.0055           39.86            1.76
  2012.0082           48.17            1.70
  2012.0110           50.16            1.74
  2012.0137           39.47            1.91
  2012.0165           45.14            1.72
  2012.0192           41.82            1.82
  2012.0220           36.04            1.83
  2012.0247           32.36            2.20
  2012.0273           40.85            2.07
  2012.0302           45.18            1.83
  2012.0328           41.46            1.74
  2012.0356           41.65            1.74
  2012.0383           43.34            1.80
  2012.0411           33.92            2.03
  2012.0438           38.04            1.76
  2012.0466           47.28            1.96
  2012.0493           40.80            2.04
  2012.0520           37.15            1.80
  2012.0548           40.30            1.96
  2012.0603           28.89            1.99
  2012.0630           41.97            1.94
  2012.0658           43.94            1.88
  2012.0685           37.47            2.47
  2012.0713           42.20            2.58
  2012.0740           37.75            2.26
  2012.0767           46.56            2.45
  2012.0795           48.21            2.11
  2012.0822           53.18            2.10
  2012.0850           41.78            1.88
  2012.0876           43.48            1.90
  2012.0905           37.06            2.02
  2012.0931           50.07            1.82
  2012.0959           51.27            2.01
  2012.0986           51.65            1.91
  2012.1013           50.04            1.94
  2012.1041           48.84            2.12
  2012.1068           51.42            1.92
  2012.1096           44.41            1.74
  2012.1123           55.63            1.76
  2012.1151           58.26            1.80
  2012.1178           54.12            2.03
  2012.1206           49.37            2.02
  2012.1233           50.85            1.91
  2012.1260           46.19            1.97
  2012.1288           54.15            1.98
  2012.1315           52.80            2.08
  2012.1343           59.04            2.06
  2012.1370           50.59            2.04
  2012.1398           43.65            1.91
  2012.1425           49.96            1.77
  2012.1453           52.30            1.79
  2012.1479           57.02            1.77
  2012.1506           56.46            1.82
  2012.1534           47.01            1.91
  2012.1561           49.00            1.89
  2012.1589           62.89            1.98
  2012.1616           47.13            1.84
  2012.1644           42.47            1.84
  2012.1671           43.36            1.84
  2012.1699           49.26            1.73
  2012.1726           48.72            1.89
  2012.1753           57.03            1.82
  2012.1781           49.26            2.04
  2012.1808           45.21            1.78
  2012.1836           45.42            2.00
  2012.1863           43.14            1.77
  2012.1891           52.54            1.78
  2012.1918           55.28            1.86
  2012.1946           48.96            1.84
  2012.1973           44.74            1.88
  2012.2000           45.97            1.86
  2012.2028           44.29            1.81
  2012.2054           41.78            1.70
  2012.2083           45.38            1.70
  2012.2109           49.25            1.87
  2012.2137           46.33            1.78
  2012.2164           48.68            1.84
  2012.2192           40.81            1.72
  2012.2219           42.89            1.77
  2012.2246           41.92            1.69
  2012.2274           52.03            1.67
  2012.2301           49.80            1.71
  2012.2329           52.14            1.76
  2012.2356           37.35            1.71
  2012.2384           52.24            1.71
  2012.2411           49.47            1.72
  2012.2439           55.78            1.69
  2012.2466           53.14            1.62
  2012.2493           48.87            1.85
  2012.2521           51.67            1.75
  2012.2548           50.71            1.78
  2012.2576           54.82            1.69
  2012.2603           50.37            1.91
  2012.2631           42.33            1.84
  2012.2657           52.30            1.66
  2012.2684           43.47            1.78
  2012.2712           55.21            1.83
  2012.2739           54.23            1.80
  2012.2767           51.36            1.74
  2012.2794           49.73            1.70
  2012.2822           56.08            1.70
  2012.2849           51.35            1.90
  2012.2877           52.84            1.77
  2012.2904           55.68            1.78
  2012.2931           58.08            1.70
  2012.2959           54.27            1.71
  2012.2986           55.78            1.81
  2012.3014           52.09            1.65
  2012.3041           57.98            1.64
  2012.3069           50.41            1.76
  2012.3096           55.18            1.50
  2012.3124           53.29            1.60
  2012.3151           60.22            1.76
  2012.3177           50.81            1.67
  2012.3206           42.87            1.62
  2012.3232           44.15            1.73
  2012.3260          161.74            1.71
  2012.3287           49.59            1.55
  2012.3315           50.57            1.62
  2012.3342           52.23            1.58
  2012.3370           46.02            1.63
  2012.3397           57.39            1.57
  2012.3424           52.31            1.53
  2012.3452           49.09            1.53
  2012.3479           54.31            1.80
  2012.3507           40.96            1.61
  2012.3534           52.61            1.57
  2012.3562           48.67            1.61
  2012.3589           48.70            1.67
  2012.3617           54.31            1.79
  2012.3644           51.13            1.58
  2012.3671           51.87            1.63
  2012.3699           54.26            1.62
  2012.3726           47.77            1.68
  2012.3754           55.30            1.71
  2012.3781           48.40            1.71
  2012.3809           49.95            1.60
  2012.3835           46.25            1.73
  2012.3864           47.43            1.66
  2012.3890           52.60            1.63
  2012.3917           55.48            1.64
  2012.3945           57.21            1.64
  2012.3972           53.20            1.64
  2012.4000           56.69            1.62
  2012.4027           47.15            1.75
  2012.4055           47.48            1.82
  2012.4110           53.02            1.70
  2012.4137           50.68            1.64
  2012.4164           47.15            1.59
  2012.4192           42.20            1.64
  2012.4219           58.18            1.76
  2012.4247           51.73            1.72
  2012.4274           49.55            1.67
  2012.4302           45.34            1.63
  2012.4329           38.93            1.56
  2012.4357           43.54            1.48
  2012.4384           52.79            1.48
  2012.4410           53.61            1.73
  2012.4438           53.44            1.51
  2012.4465           57.01            1.65
  2012.4493           49.38            1.74
  2012.4520           49.21            1.78
  2012.4548           52.88            1.59
  2012.4575           43.41            1.64
  2012.4603           47.72            1.64
  2012.4630           45.01            1.70
  2012.4657           40.28            1.62
  2012.4685           48.19            1.63
  2012.4712           34.27            1.77
  2012.4740           37.35            1.67
  2012.4767           40.61            1.68
  2012.4795           49.77            1.57
  2012.4822           48.08            1.60
  2012.4850           51.04            1.57
  2012.4877           47.02            1.57
  2012.4904           38.34            1.71
  2012.4932           33.91            1.69
  2012.4958           42.35            1.68
  2012.4987           41.00            1.69
  2012.5013           41.83            1.76
  2012.5042           41.48            1.65
  2012.5068           43.47            1.61
  2012.5096           46.81            1.67
  2012.5123           46.20            1.82
  2012.5150           42.36            1.76
  2012.5178           46.97            1.55
  2012.5205           40.20            1.63
  2012.5233           43.81            1.65
  2012.5260           48.04            1.58
  2012.5288           44.83            1.61
  2012.5315           46.09            1.62
  2012.5343           43.65            1.58
  2012.5370           41.53            1.51
  2012.5397           42.83            1.55
  2012.5425           46.10            1.63
  2012.5452           43.27            1.66
  2012.5480           46.45            1.67
  2012.5507           50.17            1.74
  2012.5535           45.11            1.64
  2012.5562           47.26            1.64
  2012.5590           43.16            1.60
  2012.5616           42.48            1.61
  2012.5643           38.72            1.57
  2012.5671           46.63            1.59
  2012.5698           44.09            1.56
  2012.5726           46.30            1.59
  2012.5753           44.56            1.57
  2012.5781           48.10            1.63
  2012.5808           48.75            1.59
  2012.5836           45.19            1.55
  2012.5863           25.37            1.77
  2012.5890           69.82            1.68
  2012.5918           39.51            1.62
  2012.5945           45.39            1.59
  2012.5973           47.97            2.52
  2012.6000           45.05            1.64
  2012.6028           53.47            1.65
  2012.6055           46.82            1.72
  2012.6083           53.58            1.64
  2012.6110           53.51            1.58
  2012.6136           49.77            1.66
  2012.6165           51.89            1.70
  2012.6191           48.90            1.70
  2012.6219           34.74            1.75
  2012.6246           51.55            1.75
  2012.6274           43.42            1.69
  2012.6301           37.15            1.82
  2012.6329           43.40            1.71
  2012.6356           32.17            1.69
  2012.6383           49.79            1.65
  2012.6411           39.21            1.68
  2012.6438           33.73            1.77
  2012.6466           11.53            1.71
  2012.6493           38.37            1.65
  2012.6548           38.20            1.60
  2012.6576           45.30            1.58
  2012.6603           47.28            1.70
  2012.6630           41.49            1.79
  2012.6658           40.33            1.60
  2012.6685           41.98            1.70
  2012.6713           45.00            1.69
  2012.6740           42.22            1.76
  2012.6768           38.98            1.74
  2012.6794           35.44            1.70
  2012.6823           31.19            1.81
  2012.6849           41.98            1.73
  2012.6876           40.06            1.73
  2012.6904           38.77            1.69
  2012.6931           32.83            1.64
  2012.6959           44.58            1.65
  2012.6986           45.17            1.70
  2012.7014           45.80            1.72
  2012.7041           39.15            1.87
  2012.7069           47.49            1.65
  2012.7096           52.14            1.71
  2012.7123           45.55            1.73
  2012.7151           38.55            1.80
  2012.7178           39.44            1.85
  2012.7206           45.76            1.73
  2012.7233           49.60            1.77
  2012.7261           43.11            1.77
  2012.7288           42.76            1.71
  2012.7316           46.65            1.74
  2012.7343           42.91            1.88
  2012.7369           27.76            1.87
  2012.7397           45.53            1.75
  2012.7424           47.01            1.77
  2012.7452           40.62            1.88
  2012.7479           47.62            1.86
  2012.7507           48.34            1.90
  2012.7534           47.13            2.04
  2012.7561           48.74            1.85
  2013.0027           49.57            1.57
  2013.0055           56.29            1.57
  2013.0082           53.89            1.69
  2013.0110           50.13            1.69
  2013.0137           51.98            1.80
  2013.0165           60.69            1.86
  2013.0192           54.25            1.91
  2013.0220           55.94            1.69
  2013.0247           65.02            1.83
  2013.0273           58.78            1.75
  2013.0302           59.12            1.81
  2013.0328           70.50            1.79
  2013.0356           56.38            1.72
  2013.0383           64.21            1.69
  2013.0411           57.03            1.82
  2013.0438           61.69            1.84
  2013.0466           56.20            2.05
  2013.0493           51.72            1.83
  2013.0520           67.41            3.80
  2013.1151           64.69            6.77
  2013.1178           60.95            1.83
  2013.1206           57.50            1.75
  2013.1233           60.71            1.91
  2013.1260           68.32            1.82
  2013.1288           56.00            1.99
  2013.1315           59.31            1.79
  2013.1343           50.44            1.62
  2013.1370           55.07            1.56
  2013.1398           55.09            1.71
  2013.1425           57.87            1.83
  2013.1453           67.49            1.67
  2013.1479           58.53            1.72
  2013.1506           57.54            1.63
  2013.1534           61.17            1.63
  2013.1561           62.61            1.64
  2013.1589           60.58            1.61
  2013.1616           53.55            1.70
  2013.1644           59.70            1.68
  2013.1671           53.27            1.65
  2013.1699           60.11            1.56
  2013.1726           64.82            1.58
  2013.1753           69.63            1.78
  2013.1781           63.89            1.80
  2013.1808           63.11            1.71
  2013.1863           70.33            1.90
  2013.1918           63.83            1.82
  2013.2000           56.86            1.57
  2013.2028           58.80            1.61
  2013.2054           60.88            1.71
  2013.2083           65.07            1.68
  2013.2109           67.29            1.57
  2013.2164           68.07            1.86
  2013.2192           58.37            1.61
  2013.2219           58.28            1.56
  2013.2246           61.07            1.66
  2013.2274           53.42            1.77
  2013.2301           59.09            1.76
  2013.2329           64.72            1.70
  2013.2356           69.41            1.60
  2013.2384           62.04            1.56
  2013.2411           63.05            1.77
  2013.2439           60.09            1.68
  2013.2466           47.83            1.69
  2013.2493           56.94            1.79
  2013.2548           42.93            1.70
  2013.2576           63.19            1.64
  2013.2603           65.61            1.73
  2013.2631           68.43            1.72
  2013.2657           59.78            3.27
  2013.2684           63.72            1.70
  2013.2712           64.97            1.89
  2013.2794           61.41            1.68
  2013.2822           63.45            1.57
  2013.2849           72.52            1.59
  2013.2877           62.07            1.56
  2013.2904           69.35            1.60
  2013.2931           66.33            1.57
  2013.2959           66.54            1.64
  2013.2986           68.20            1.57
  2013.3014           65.40            1.61
  2013.3041           63.74            1.65
  2013.3069           68.64            1.65
  2013.3096           58.30            1.64
  2013.3124           60.59            1.68
  2013.3151           67.45            1.55
  2013.3177           43.38            1.67
  2013.3206           60.56            1.64
  2013.3232           65.10            1.75
  2013.3260           66.82            1.60
  2013.3287           65.47            1.55
  2013.3315           59.83            1.71
  2013.3342           55.25            1.76
  2013.3370           60.99            1.87
  2013.3397           62.40            1.63
  2013.3424           64.70            1.56
  2013.3452           62.28            1.74
  2013.3479           65.72            1.63
  2013.3562           59.17            1.74
  2013.3589           57.15            1.61
  2013.3617           56.58            3.11
  2013.3644           57.18            1.57
  2013.3671           61.24            1.55
  2013.3699           52.78            1.53
  2013.3726           56.21            1.52
  2013.3754           64.11            1.56
  2013.3781           55.92            1.68
  2013.3809           61.87            2.54
  2013.3835           66.52            1.60
  2013.3864           65.37            1.55
  2013.3890           63.48            1.55
  2013.3917           67.06            1.55
  2013.3945           64.46            1.55
  2013.4000           68.00            1.62
  2013.4027           60.84            1.69
  2013.4055           41.98            1.76
  2013.4082           77.60            1.62
  2013.4110           70.66            1.60
  2013.4137           68.87            1.80
  2013.4164           69.37            1.75
  2013.4192           63.79            1.68
  2013.4219           63.68            1.54
  2013.4247           58.56            1.66
  2013.4274           64.19            1.70
  2013.4302           59.55            1.57
  2013.4329           66.49            1.64
  2013.4357           61.45            1.52
  2013.4384           60.60            1.62
  2013.4410           61.77            1.52
  2013.4438           62.83            1.60
  2013.4465           64.07            1.58
  2013.4493           67.31            1.62
  2013.4520           60.85            1.59
  2013.4548           56.66            1.74
  2013.4575           61.50            1.66
  2013.4603           61.46            1.58
  2013.4630           61.94            1.61
  2013.4657           59.41            1.56
  2013.4685           65.43            1.54
  2013.4712           58.34            1.64
  2013.4740           61.78            1.54
  2013.4767           57.95            1.56
  2013.4795           58.81            1.53
  2013.4822           55.27            1.52
  2013.4850           52.46            1.61
  2013.4877           45.53            1.80
  2013.4904           83.93            1.88
  2013.4932           69.08            1.73
  2013.4958           79.49            1.60
  2013.4987           58.21            1.52
  2013.5013           94.76            1.67
  2013.5042           52.79            1.63
  2013.5068           47.25            1.63
  2013.5096           35.56            1.61
  2013.5123           52.00            1.49
  2013.5150           52.10            1.52
  2013.5178           64.10            1.54
  2013.5205           49.75            1.69
  2013.5233           49.98            1.63
  2013.5260           59.31            1.58
  2013.5288           52.86            1.53
  2013.5315           58.18            1.62
  2013.5343           52.10            1.58
  2013.5370           61.01            1.61
  2013.5397           62.62            1.49
  2013.5425           57.10            1.57
  2013.5452           59.82            1.55
  2013.5480           49.58            1.52
  2013.5507           44.05            1.57
  2013.5535           56.27            1.50
  2013.5562           55.44            1.45
  2013.5590           55.01            1.48
  2013.5616           61.36            1.47
  2013.5643           58.20            1.52
  2013.5671           53.24            1.62
  2013.5698           59.21            1.50
  2013.5726           55.13            1.44
  2013.5753           60.69            1.47
  2013.5781           60.79            1.54
  2013.5808           58.65            1.48
  2013.5836           56.54            1.43
  2013.5863           54.50            1.50
  2013.5890           61.91            1.52
  2013.5918           17.71            1.66
  2013.5945           69.05            1.61
  2013.5973           58.66            1.67
  2013.6000           58.15            1.75
  2013.6028           49.33            1.61
  2013.6055           54.83            1.48
  2013.6083           54.14            1.57
  2013.6110           36.60            1.72
  2013.6136           49.89            1.59
  2013.6165           47.22            1.51
  2013.6191           52.87            1.54
  2013.6219           56.15            1.58
  2013.6246           53.61            1.58
  2013.6274           56.59            1.47
  2013.6301           60.75            1.55
  2013.6329           53.23            1.60
  2013.6356           54.83            1.56
  2013.6383           52.83            1.60
  2013.6411           54.44            1.48
  2013.6438           52.88            1.55
  2013.6466           51.45            1.60
  2013.6493           54.24            1.58
  2013.6521           53.65            1.55
  2013.6548           51.49            1.58
  2013.6576           53.15            1.53
  2013.6603           57.67            1.48
  2013.6630           59.85            1.54
  2013.6658           53.94            1.65
  2013.6685           49.12            1.61
  2013.6713           56.22            1.62
  2013.6740           47.71            1.69
  2013.6768           62.75            1.93
  2013.6794           63.26            1.79
  2013.6823           50.95            1.82
  2013.6849           52.75            1.80
  2013.6876           51.49            1.79
  2013.6904           55.42            1.76
  2013.6931           48.90            1.73
  2013.6959           41.77            1.68
  2013.6986           46.68            1.79
  2013.7014           41.95            1.64
  2013.7041           46.61            1.69
  2013.7069           47.71            1.66
  2013.7096           49.87            1.65
  2013.7123           52.60            1.63
  2013.7151           46.98            1.65
  2013.7178           50.20            1.73
  2013.7206           57.77            1.75
  2013.7233           39.76            1.76
  2013.7261           55.12            1.73
  2013.7288           42.19            1.83
  2013.7316           52.35            1.61
  2013.7343           57.10            1.61
  2013.7369           51.10            1.85
  2013.7397           42.13            1.73
  2013.7424           48.70            1.73
  2013.7561           57.11            1.67
  2013.7589           58.57            1.76
  2013.7616           59.34            1.81
  2013.7644           54.89            1.70
  2013.7671           58.93            1.92
  2013.7699           57.12            1.74
  2013.7726           58.87            1.74
  2013.7754           55.07            1.88
  2013.7781           60.43            1.94
  2013.7808           50.47            1.81
  2013.7836           56.97            1.83
  2013.7863           59.19            1.93
  2013.7891           56.50            1.75
  2013.7917           60.24            1.86
  2013.7946           45.31            1.84
  2013.7972           62.53            1.71
  2013.8000           55.70            1.84
  2013.8027           36.32            2.04
  2013.8054           57.30            1.87
  2013.8082           61.00            1.81
  2013.8109           53.38            1.69
  2013.8137           53.87            2.00
  2013.8164           58.58            1.78
  2013.8192           61.28            1.63
  2013.8219           56.19            1.69
  2013.8247           62.27            1.68
  2013.8274           55.37            1.80
  2013.8301           64.89            1.73
  2013.8329           57.82            1.72
  2013.8356           55.66            1.73
  2013.8384           62.10            1.63
  2013.8411           59.74            1.56
  2013.8439           56.10            1.58
  2013.8466           68.04            1.59
  2013.8494           56.56            1.76
  2013.8521           65.04            1.64
  2013.8547           58.52            1.72
  2013.8575           56.39            1.71
  2013.8602           65.31            1.83
  2013.8630           59.69            1.76
  2013.8657           65.08            1.73
  2013.8685           64.70            1.71
  2013.8712           60.20            1.81
  2013.8740           57.88            1.78
  2013.8767           58.34            1.64
  2013.8794           65.20            1.64
  2013.8822           63.38            1.73
  2013.8849           60.39            1.74
  2013.8877           60.03            1.79
  2013.8904           53.98            1.73
  2013.8932           66.93            1.73
  2013.8959           63.65            1.79
  2013.8987           53.77            1.81
  2013.9014           57.68            1.73
  2013.9041           65.29            1.64
  2013.9069           62.06            3.50
  2013.9095           63.57            3.27
  2013.9124           77.88            1.65
  2013.9150           65.03            1.71
  2013.9178           72.41            1.67
  2013.9205           66.13            1.79
  2013.9233           57.92            1.98
  2013.9260           67.64            1.61
  2013.9287           68.41            1.71
  2013.9315           65.98            1.76
  2013.9342           71.20            1.76
  2013.9370           68.16            1.88
  2013.9397           68.37            1.79
  2013.9425           71.64            1.74
  2013.9452           72.74            1.86
  2013.9480           75.63            1.85
  2013.9507           63.39            1.74
  2013.9534           70.20            1.86
  2013.9562           63.04            1.71
  2013.9589           69.22            1.90
  2013.9617           68.40            1.79
  2013.9644           71.52            1.83
  2013.9672           69.39            1.74
  2013.9698           69.69            1.78
  2013.9727           67.88            1.78
  2013.9753           67.66            1.79
  2013.9780           72.20            1.77
  2013.9808           62.47            1.73
  2013.9835           73.98            1.83
  2013.9863           72.72            1.85
  2013.9890           61.76            1.98
  2013.9918           70.25            1.75
  2013.9945           80.19            1.93
  2013.9973           75.06            1.82
  2014.0000           73.28            1.91
  2014.0027           76.74            1.87
  2014.0055           75.70            1.99
  2014.0082           70.67            1.80
  2014.0110           69.50            1.81
  2014.0137           75.68            1.74
  2014.0165           72.17            1.82
  2014.0192           69.42            1.86
  2014.0220           72.93            1.87
  2014.0247           74.12            1.91
  2014.0273           71.91            1.89
  2014.0302           72.45            1.79
  2014.0328           76.65            1.84
  2014.0356           69.63            1.73
  2014.0383           73.51            1.95
  2014.0411           69.96            1.78
  2014.0438           67.15            1.89
  2014.0466           79.59            1.90
  2014.0493           66.16            1.79
  2014.0548           80.53            1.82
  2014.0575           82.16            1.96
  2014.0603           84.55            1.81
  2014.0630           74.03            2.07
  2014.0658           63.62            1.89
  2014.0685           79.34            1.88
  2014.0713           76.47            1.79
  2014.0740           74.89            1.79
  2014.0767           63.55            2.01
  2014.0795           71.70            1.87
  2014.0822           64.79            2.06
  2014.0850           74.16            1.99
  2014.0876           70.20            2.03
  2014.0905           73.08            1.85
  2014.0931           78.30            1.95
  2014.0959           75.89            1.87
  2014.0986           60.15            2.01
  2014.1013           72.09            1.85
  2014.1041           70.65            1.95
  2014.1068           82.67            1.80
  2014.1096           67.75            1.86
  2014.1123           79.68            1.83
  2014.1151           77.04            1.86
  2014.1178           63.70            1.91
  2014.1206           58.67            1.87
  2014.1233           66.04            2.01
  2014.1260           63.24            1.89
  2014.1288           67.41            1.82
  2014.1315           59.22            1.94
  2014.1343           71.70            1.86
  2014.1370           74.29            2.01
  2014.1398           69.14            1.95
  2014.1425           78.08            2.04
  2014.1453           71.64            2.02
  2014.1479           67.82            1.85
  2014.1506           60.35            1.78
  2014.1534           60.35            1.90
  2014.1561           73.00            1.86
  2014.1589           73.77            1.89
  2014.1616           74.99            1.73
  2014.1644           62.79            1.85
  2014.1671           66.49            1.88
  2014.1699           69.90            2.25
  2014.1726           80.68            1.94
  2014.1753           70.67            1.92
  2014.1781           72.93            1.97
  2014.1808           75.36            1.84
  2014.1836           74.89            2.00
  2014.1863           65.82            1.98
  2014.1891           77.49            1.83
  2014.1918           71.16            1.83
  2014.1946           75.46            1.85
  2014.1973           65.79            1.89
  2014.2000           78.15            1.85
  2014.2028           99.22            1.93
  2014.2054           84.10            1.97
  2014.2083           76.87            1.90
  2014.2109           72.22            1.81
  2014.2137           76.37            1.84
  2014.2164           68.34            2.21
  2014.2192           71.03            1.84
  2014.2219           78.64            1.78
  2014.2246           75.89            1.67
  2014.2274           82.52            1.83
  2014.2301           61.17            1.84
  2014.2329           71.50            1.78
  2014.2356           79.94            1.81
  2014.2384           71.88            1.83
  2014.2411           59.87            1.86
  2014.2439           69.28            2.02
  2014.2466           75.00            1.93
  2014.2493           62.18            1.68
  2014.2521           73.79            1.67
  2014.2548           71.50            1.79
  2014.2576           73.51            1.71
  2014.2603           74.10            1.78
  2014.2631           52.34            1.70
  2014.2657           75.78            1.80
  2014.2684           78.15            1.89
  2014.2712           80.47            1.81
  2014.2739           77.98            1.88
  2014.2767           72.48            1.81
  2014.2794           73.28            1.82
  2014.2822           75.01            1.63
  2014.2849           77.78            1.59
  2014.2877           80.91            1.77
  2014.2904           75.82            1.68
  2014.2931           79.07            1.65
  2014.2959           77.75            1.60
  2014.2986           78.64            1.58
  2014.3014           79.23            1.60
  2014.3041           78.66            1.70
  2014.3069           78.57            1.63
  2014.3096           81.12            1.57
  2014.3124           85.04            1.68
  2014.3151           84.45            1.58
  2014.3177           76.82            1.60
  2014.3206           78.46            1.67
  2014.3232           73.15            1.52
  2014.3260           82.30            1.59
  2014.3287           76.71            1.70
  2014.3315           60.86            1.65
  2014.3342           78.43            1.68
