  2007.0027            0.00            1.33
  2007.0055            2.11            1.39
  2007.0082            1.85            1.46
  2007.0110            1.19            1.30
  2007.0137            1.81            1.23
  2007.0165            1.47            1.21
  2007.0192           -0.21            1.22
  2007.0220            1.54            1.29
  2007.0247            0.26            1.25
  2007.0273           -0.09            1.27
  2007.0302            1.10            1.28
  2007.0328           -0.91            1.22
  2007.0356            3.00            1.23
  2007.0383           -0.77            1.40
  2007.0411           -0.13            1.25
  2007.0438           -0.63            1.24
  2007.0466           -0.06            1.25
  2007.0493            0.45            1.29
  2007.0520            0.40            1.27
  2007.0548            1.48            1.20
  2007.0575           -0.20            1.22
  2007.0603           -0.31            1.41
  2007.0630           -0.36            1.27
  2007.0658            0.91            1.24
  2007.0685            2.52            1.34
  2007.0713           -0.54            1.28
  2007.0740           -0.57            1.48
  2007.0767            1.61            1.33
  2007.0795           -1.22            1.31
  2007.0822            2.39            1.25
  2007.0850            1.97            1.28
  2007.0876            1.69            1.30
  2007.0905           -4.12            1.65
  2007.0931           -6.80            1.75
  2007.0959          -17.47            1.68
  2007.0986           -3.77            1.55
  2007.1013           -3.25            1.37
  2007.1041            1.74            1.36
  2007.1068            1.37            1.34
  2007.1096            0.88            1.36
  2007.1123            7.89            1.31
  2007.1151            6.00            1.38
  2007.1178            0.42            1.27
  2007.1206            0.54            1.33
  2007.1233            3.56            1.41
  2007.1260            1.11            1.48
  2007.1288            1.01            1.49
  2007.1315           -6.19            1.44
  2007.1343            1.82            1.37
  2007.1370            4.46            1.35
  2007.1398            7.00            1.49
  2007.1425            2.69            1.37
  2007.1453           -0.23            1.28
  2007.1479            1.24            1.24
  2007.1506            3.93            1.29
  2007.1534            1.79            1.41
  2007.1561            0.15            1.40
  2007.1589            2.10            1.33
  2007.1616            2.08            1.34
  2007.1644            1.01            1.38
  2007.1671            1.79            1.34
  2007.1699            7.50            1.37
  2007.1726           -1.48            1.37
  2007.1753           -0.24            1.41
  2007.1781            2.23            1.37
  2007.1808            1.44            1.41
  2007.1836            2.10            1.47
  2007.1863            0.41            1.46
  2007.1891            0.55            1.43
  2007.1918            3.25            1.44
  2007.1946            3.58            1.55
  2007.1973            2.58            1.49
  2007.2000            2.69            1.50
  2007.2028            1.69            1.42
  2007.2054            2.04            1.34
  2007.2083            6.36            1.36
  2007.2109           -0.15            3.41
  2007.2137            1.95            1.39
  2007.2164            4.12            1.42
  2007.2192            5.33            1.41
  2007.2219            1.94            1.42
  2007.2246            3.44            1.38
  2007.2274            3.29            1.39
  2007.2301            2.37            1.49
  2007.2329            7.36            1.47
  2007.2356            8.46            1.46
  2007.2384            8.52            1.47
  2007.2411            5.47            1.41
  2007.2439            7.02            1.51
  2007.2466            8.40            1.41
  2007.2493            7.63            1.50
  2007.2521            9.31            1.41
  2007.2548            6.61            1.43
  2007.2576            7.58            1.45
  2007.2603            9.63            1.37
  2007.2631            7.11            1.46
  2007.2657            5.88            1.34
  2007.2684            8.14            1.34
  2007.2712            8.05            1.42
  2007.2739            3.52            1.47
  2007.2767            8.24            1.46
  2007.2794            4.26            1.32
  2007.2822            5.00            1.29
  2007.2849            5.12            1.35
  2007.2877            6.13            1.38
  2007.2904            7.38            1.40
  2007.2931            6.29            1.43
  2007.2959            4.18            1.32
  2007.2986            6.86            1.46
  2007.3014            6.29            1.28
  2007.3041            6.28            1.35
  2007.3069            4.03            1.27
  2007.3096            7.20            1.28
  2007.3124            7.06            1.26
  2007.3151            6.23            1.30
  2007.3177            7.02            1.24
  2007.3206            7.12            1.27
  2007.3232            8.64            1.24
  2007.3260            5.70            1.20
  2007.3287            4.68            1.29
  2007.3315            5.05            1.23
  2007.3342            4.93            1.21
  2007.3370            4.08            1.23
  2007.3397            4.55            1.24
  2007.3424            7.17            1.17
  2007.3452            7.05            1.17
  2007.3479           10.04            1.18
  2007.3507           15.34            1.42
  2007.3534            6.57            1.13
  2007.3562            7.16            1.17
  2007.3589            7.32            1.21
  2007.3617            7.67            1.15
  2007.3644            7.16            1.18
  2007.3671            6.26            1.20
  2007.3699            7.75            1.21
  2007.3726            7.16            1.15
  2007.3754            6.82            1.19
  2007.3781            7.80            1.25
  2007.3809            6.18            1.20
  2007.3835            9.56            1.28
  2007.3864            8.99            1.24
  2007.3890            8.82            1.32
  2007.3917            7.17            1.32
  2007.3945            8.78            1.23
  2007.3972            6.73            1.30
  2007.4000            8.26            1.21
  2007.4027            9.27            1.18
  2007.4055           11.49            1.21
  2007.4082            9.39            1.22
  2007.4110            8.55            1.24
  2007.4137            5.34            1.38
  2007.4164            7.76            1.28
  2007.4192           10.50            1.27
  2007.4219            9.63            1.29
  2007.4247            8.68            1.27
  2007.4274            7.97            1.26
  2007.4302            9.81            1.24
  2007.4329            7.86            1.30
  2007.4357           10.76            1.42
  2007.4384            8.59            1.36
  2007.4410            5.17            1.24
  2007.4438            6.14            1.36
  2007.4465            5.99            1.34
  2007.4493            2.75            1.30
  2007.4520            3.08            1.22
  2007.4548            8.93            1.28
  2007.4575           13.72            1.53
  2007.4603           17.44            1.24
  2007.4630            7.26            1.33
  2007.4657            7.83            1.23
  2007.4685            7.35            1.40
  2007.4712            7.26            1.19
  2007.4740            7.14            1.19
  2007.4767            7.76            1.18
  2007.4795            7.58            1.21
  2007.4822            8.70            1.20
  2007.4850            8.20            1.18
  2007.4877            8.41            1.20
  2007.4904            9.33            1.20
  2007.4932            8.54            1.19
  2007.4958            9.08            1.16
  2007.4987            8.02            1.16
  2007.5013            9.28            1.14
  2007.5042            9.12            1.16
  2007.5068            8.27            1.20
  2007.5096            8.65            1.21
  2007.5123            7.22            1.20
  2007.5150            9.70            1.21
  2007.5178           12.42            1.14
  2007.5205           10.43            1.18
  2007.5233           11.32            1.14
  2007.5260           10.76            1.15
  2007.5288           10.54            1.17
  2007.5315           10.36            1.13
  2007.5343            9.49            1.11
  2007.5370            9.33            1.17
  2007.5397           11.20            1.11
  2007.5425           10.31            1.23
  2007.5452           12.00            1.18
  2007.5480            7.68            1.17
  2007.5507            8.88            1.20
  2007.5535            8.75            1.14
  2007.5562           10.14            1.18
  2007.5590            8.53            1.21
  2007.5616            9.34            1.13
  2007.5643            9.77            1.18
  2007.5671           10.23            1.22
  2007.5698           11.66            1.17
  2007.5726           11.41            1.14
  2007.5753           11.25            1.21
  2007.5781           13.56            1.21
  2007.5808            9.39            1.20
  2007.5836           18.09            1.16
  2007.5863           17.18            1.12
  2007.5890           13.77            1.15
  2007.5918           11.12            1.17
  2007.5945            9.56            1.17
  2007.5973           10.18            1.17
  2007.6000           12.85            1.27
  2007.6028            9.84            1.25
  2007.6055           10.16            1.25
  2007.6083            8.00            1.16
  2007.6110           10.04            1.18
  2007.6136           11.46            1.24
  2007.6165           10.30            1.26
  2007.6191            9.56            1.25
  2007.6219            8.95            1.17
  2007.6246           16.54            1.15
  2007.6274           15.10            1.11
  2007.6301           13.12            1.13
  2007.6329            9.77            1.19
  2007.6356            9.54            1.19
  2007.6383            9.44            1.15
  2007.6411            8.23            1.16
  2007.6438            8.94            1.20
  2007.6466           12.72            1.23
  2007.6493            9.78            1.28
  2007.6521           11.93            1.37
  2007.6548            8.96            1.23
  2007.6576           14.44            1.32
  2007.6603           12.03            1.27
  2007.6630            9.88            1.22
  2007.6658           11.66            1.22
  2007.6685           11.44            1.25
  2007.6713           10.41            1.20
  2007.6740           10.38            1.27
  2007.6768           10.88            1.21
  2007.6794           14.15            1.27
  2007.6823           11.34            1.42
  2007.6849           10.97            1.28
  2007.6876            9.37            1.23
  2007.6904            7.63            1.29
  2007.6931            9.47            1.28
  2007.6959           11.23            1.19
  2007.6986           11.05            1.23
  2007.7014           11.73            1.30
  2007.7041           13.91            1.28
  2007.7069           14.05            1.25
  2007.7096           12.70            1.42
  2007.7123           13.45            1.45
  2007.7151           13.76            1.29
  2007.7178           10.79            1.31
  2007.7206           15.08            1.40
  2007.7233           12.65            1.58
  2007.7261           13.71            1.21
  2007.7288           15.72            1.19
  2007.7316           15.58            1.16
  2007.7343           15.36            1.17
  2007.7369           16.10            1.26
  2007.7397           16.78            1.24
  2007.7424           13.58            1.21
  2007.7452           14.57            1.17
  2007.7479           13.09            1.17
  2007.7507           14.68            1.26
  2007.7534           12.96            1.28
  2007.7561           14.66            1.20
  2007.7589           14.93            1.24
  2007.7616           13.10            1.28
  2007.7644           14.56            1.18
  2007.7671           13.85            1.26
  2007.7699           11.84            1.25
  2007.7726           14.90            1.30
  2007.7754           15.89            1.22
  2007.7781           17.03            1.22
  2007.7808           13.45            1.18
  2007.7836           12.25            1.24
  2007.7863           16.58            1.18
  2007.7891           13.65            1.19
  2007.7917           16.94            1.21
  2007.7946           14.65            1.19
  2007.7972           15.08            1.25
  2007.8000           15.58            1.17
  2007.8027           14.82            1.21
  2007.8054           16.37            1.16
  2007.8082           17.65            1.21
  2007.8109           17.53            1.20
  2007.8137           15.60            1.27
  2007.8164           15.98            1.28
  2007.8192           15.02            1.26
  2007.8219           15.82            1.17
  2007.8247           15.23            1.20
  2007.8274           15.99            1.27
  2007.8301           14.31            1.17
  2007.8329           14.66            1.21
  2007.8356           15.71            1.16
  2007.8384           13.98            1.14
  2007.8411           13.40            1.14
  2007.8439           14.40            1.19
  2007.8466           12.37            1.19
  2007.8494           13.87            1.21
  2007.8521           14.84            1.34
  2007.8547           13.93            1.24
  2007.8575           13.90            1.24
  2007.8602           14.89            1.94
  2007.8630           13.48            2.08
  2007.8657           15.03            1.18
  2007.8685           13.68            1.67
  2007.8712           16.10            1.52
  2007.8740           12.77            1.25
  2007.8767           16.37            1.19
  2007.8794           15.26            1.22
  2007.8822           15.12            1.20
  2007.8849           14.86            1.18
  2007.8877           15.28            1.10
  2007.8904           13.68            1.31
  2007.8932           14.38            1.17
  2007.8959           20.10            1.13
  2007.8987           16.16            1.10
  2007.9014           14.37            1.18
  2007.9041           14.80            1.22
  2007.9069           14.92            1.22
  2007.9095           12.79            1.22
  2007.9124           14.33            1.19
  2007.9150           13.81            1.30
  2007.9178           13.85            1.26
  2007.9205           13.10            1.22
  2007.9233           15.46            1.27
  2007.9260           14.25            1.25
  2007.9287           13.36            1.14
  2007.9315           14.86            1.18
  2007.9342           14.59            1.23
  2007.9370           12.17            1.27
  2007.9397           14.95            1.31
  2007.9425           14.96            1.28
  2007.9452           15.34            1.25
  2007.9480           11.77            1.36
  2007.9507           14.63            1.39
  2007.9534           15.61            1.36
  2007.9562           16.48            1.24
  2007.9589           14.87            1.22
  2007.9617           16.03            1.25
  2007.9644           15.27            1.24
  2007.9672           15.64            1.23
  2007.9698           15.29            1.33
  2007.9727           15.46            1.30
  2007.9753           15.46            1.23
  2007.9780           14.57            1.23
  2007.9808           19.11            1.24
  2007.9835           18.07            1.33
  2007.9863           17.14            1.26
  2007.9890           16.15            1.35
  2007.9918           14.69            1.27
  2007.9945           14.64            1.26
  2007.9973           20.12            1.32
  2008.0000           12.33            1.29
  2008.0685           22.26            4.27
  2008.0713           19.62            1.39
  2008.0740           18.29            1.29
  2008.0767           22.92            1.33
  2008.0795           27.70            1.34
  2008.0822           22.53            1.29
  2008.0850           17.39            1.37
  2008.0876           17.04            1.34
  2008.0905           18.81            1.31
  2008.0931           22.57            1.29
  2008.0959           19.83            1.31
  2008.0986           22.04            1.34
  2008.1013           21.48            1.43
  2008.1041           25.61            1.31
  2008.1068           18.12            1.30
  2008.1096           18.36            1.30
  2008.1123           30.30            1.29
  2008.1151           20.90            1.30
  2008.1178           17.93            1.29
  2008.1206           22.42            1.29
  2008.1233           23.37            1.32
  2008.1260           18.50            1.32
  2008.1288           21.08            1.30
  2008.1315           16.69            1.41
  2008.1343           18.43            1.36
  2008.1370           22.24            1.32
  2008.1398           18.66            1.40
  2008.1425           20.49            1.31
  2008.1453           14.83            1.30
  2008.1479           22.32            1.32
  2008.1506           21.49            1.30
  2008.1534           23.20            1.29
  2008.1561           20.31            1.24
  2008.1589           19.56            1.28
  2008.1616           21.28            1.34
  2008.1644           18.40            1.29
  2008.1671           21.90            1.27
  2008.1699           19.92            1.28
  2008.1726           22.54            1.20
  2008.1753           17.25            1.20
  2008.1781           22.07            1.21
  2008.1808           24.60            1.25
  2008.1836           20.38            1.25
  2008.1863           20.19            1.22
  2008.1891           22.53            1.27
  2008.1918           19.68            1.26
  2008.1946           21.43            1.19
  2008.1973           22.97            1.23
  2008.2000           21.17            1.23
  2008.2028           21.61            1.22
  2008.2054           22.18            1.25
  2008.2083           18.58            1.73
  2008.2109           22.00            1.26
  2008.2137           21.75            1.33
  2008.2164           20.96            1.28
  2008.2192           20.51            1.24
  2008.2219           20.66            1.25
  2008.2246           25.36            1.25
  2008.2274           22.59            1.22
  2008.2301           21.71            1.24
  2008.2329           19.85            1.24
  2008.2356           19.59            1.27
  2008.2384           22.64            1.33
  2008.2411           26.43            1.21
  2008.2439           24.02            1.23
  2008.2466           22.87            1.20
  2008.2493           23.03            1.20
  2008.2521           23.45            1.26
  2008.2548           23.77            1.23
  2008.2576           22.32            1.24
  2008.2603           22.47            1.24
  2008.2631           22.59            1.19
  2008.2657           21.71            1.22
  2008.2684           21.97            1.24
  2008.2712           22.55            1.17
  2008.2739           22.94            1.15
  2008.2767           21.86            1.21
  2008.2794           21.75            1.20
  2008.2822           22.31            1.20
  2008.2849           26.46            1.14
  2008.2877           23.43            1.13
  2008.2904           24.46            1.23
  2008.2931           23.38            1.23
  2008.2959           22.96            1.15
  2008.2986           22.39            1.15
  2008.3014           24.39            1.17
  2008.3041           22.80            1.16
  2008.3069           21.05            1.14
  2008.3096           23.55            1.14
  2008.3124           23.82            1.13
  2008.3151           23.34            1.14
  2008.3177           22.72            1.17
  2008.3206           23.57            1.27
  2008.3232           23.64            1.28
  2008.3260           25.55            1.32
  2008.3287           -6.93           14.94
  2008.3315           23.60            1.19
  2008.3342           24.37            1.20
  2008.3370           26.34            1.19
  2008.3397           24.94            1.23
  2008.3424           24.81            1.18
  2008.3452           26.27            1.20
  2008.3479           26.16            1.19
  2008.3507           25.13            1.18
  2008.3534           25.07            1.28
  2008.3562           25.36            1.24
  2008.3589           25.77            1.17
  2008.3617           24.86            1.17
  2008.3644           24.42            1.14
  2008.3671           23.60            1.20
  2008.3699           24.35            1.50
  2008.3726           28.16            1.18
  2008.3754           25.34            1.15
  2008.3781           23.45            1.24
  2008.3809           25.72            1.28
  2008.3835           24.22            1.27
  2008.3864           24.52            1.39
  2008.3890           26.78            1.41
  2008.3917           24.04            1.30
  2008.3945           22.49            1.30
  2008.3972           23.78            1.30
  2008.4000           25.93            1.29
  2008.4027           24.28            1.33
  2008.4055           25.55            1.28
  2008.4082           26.68            1.49
  2008.4110           24.78            1.30
  2008.4137           25.54            1.29
  2008.4164           25.10            1.32
  2008.4192           26.69            1.32
  2008.4219           25.18            1.32
  2008.4247           23.31            1.49
  2008.4274           22.38            1.60
  2008.4302           22.93            1.50
  2008.4329           24.27            1.44
  2008.4357           24.98            1.31
  2008.4384           22.87            1.32
  2008.4410           25.13            1.83
  2008.4438           21.25            1.46
  2008.4465           22.19            1.52
  2008.4493           23.76            1.25
  2008.4520           23.10            1.33
  2008.4548           19.87            1.78
  2008.4575           27.22            1.29
  2008.4603           23.45            1.46
  2008.4630           26.04            1.53
  2008.4657           23.74            1.26
  2008.4685           24.98            1.45
  2008.4712           26.04            1.26
  2008.4740           24.48            1.09
  2008.4767           26.05            1.15
  2008.4795           27.58            1.21
  2008.4822           25.96            1.21
  2008.4850           26.79            1.22
  2008.4877           24.15            1.18
  2008.4904           26.33            1.23
  2008.4932           27.69            1.20
  2008.4958           27.39            1.26
  2008.4987           26.47            1.24
  2008.5013           29.11            1.15
  2008.5042           27.52            1.11
  2008.5068           26.70            1.19
  2008.5096           26.60            1.26
  2008.5123           26.12            1.27
  2008.5150           26.97            1.23
  2008.5178           27.42            1.24
  2008.5205           28.21            1.20
  2008.5233           27.00            1.16
  2008.5260           27.52            1.20
  2008.5288           26.46            1.22
  2008.5315           27.05            1.36
  2008.5343           25.53            1.23
  2008.5370           25.61            1.23
  2008.5397           27.39            1.20
  2008.5425           25.94            1.26
  2008.5452           27.18            1.16
  2008.5480           25.92            1.11
  2008.5507           28.85            1.23
  2008.5535           26.92            1.17
  2008.5562           27.86            1.15
  2008.5590           24.95            1.14
  2008.5616           28.39            1.17
  2008.5643           26.03            1.20
  2008.5671           29.00            1.14
  2008.5698           31.46            1.43
  2008.5726           25.73            1.16
  2008.5753           26.14            1.18
  2008.5781           25.98            1.21
  2008.5808           27.17            1.19
  2008.5836           23.83            1.18
  2008.5890           21.80            1.18
  2008.5918           25.77            1.16
  2008.5945           23.89            1.26
  2008.5973           24.77            1.15
  2008.6000           23.27            1.17
  2008.6028           24.58            1.19
  2008.6055           27.17            1.17
  2008.6083           26.95            1.11
  2008.6110           26.19            1.26
  2008.6136           22.95            1.20
  2008.6165           27.06            1.13
  2008.6191           27.29            1.10
  2008.6219           26.99            1.16
  2008.6246           24.87            1.19
  2008.6274           25.20            1.21
  2008.6301           26.52            1.12
  2008.6329           26.14            1.14
  2008.6356           27.11            1.11
  2008.6383           27.04            1.13
  2008.6411           27.71            1.10
  2008.6438           27.40            1.11
  2008.6466           27.56            1.11
  2008.6493           27.78            1.13
  2008.6521           26.32            1.17
  2008.6548           29.41            1.27
  2008.6576           28.06            1.22
  2008.6603           28.05            1.26
  2008.6630           30.22            1.17
  2008.6658           27.71            1.15
  2008.6685           28.05            1.14
  2008.6713           29.23            1.16
  2008.6740           27.15            1.27
  2008.6768           32.15            1.12
  2008.6794           36.47            1.16
  2008.6823           28.79            1.23
  2008.6849           28.86            1.13
  2008.6876           21.53            1.14
  2008.6904           21.11            1.11
  2008.6931           23.22            1.18
  2008.6959           20.20            1.22
  2008.6986           27.55            1.15
  2008.7014           24.46            1.19
  2008.7041           23.18            1.09
  2008.7069           30.50            1.11
  2008.7096           31.46            1.13
  2008.7123           30.44            1.19
  2008.7151           29.73            1.14
  2008.7178           31.78            1.11
  2008.7206           32.93            1.10
  2008.7233           31.07            1.11
  2008.7261           30.05            1.08
  2008.7288           28.57            1.13
  2008.7316           27.17            1.13
  2008.7343           30.94            1.10
  2008.7369           31.19            1.10
  2008.7397           29.45            1.16
  2008.7424           30.47            1.15
  2008.7452           32.41            1.16
  2008.7479           30.17            1.10
  2008.7507           31.70            1.12
  2008.7534           35.19            1.35
  2008.7561           30.60            1.19
  2008.7589           30.14            1.20
  2008.7616           30.42            1.16
  2008.7644           29.84            1.33
  2008.7671           30.10            1.24
  2008.7699           32.62            1.19
  2008.7726           29.31            1.21
  2008.7754           31.80            1.15
  2008.7781           31.94            1.29
  2008.7808           30.97            1.21
  2008.7836           30.14            2.81
  2008.7863           30.03            1.16
  2008.7891           30.63            1.18
  2008.7917           30.34            1.28
  2008.7946           32.18            1.28
  2008.7972           30.43            1.18
  2008.8000           29.54            1.21
  2008.8027           30.08            1.29
  2008.8054           30.11            1.17
  2008.8082           28.86            1.22
  2008.8109           29.77            1.23
  2008.8137           30.17            1.17
  2008.8164           30.37            1.23
  2008.8192           29.71            1.24
  2008.8219           30.23            1.15
  2008.8247           30.13            1.14
  2008.8274           30.33            1.21
  2008.8301           31.55            1.19
  2008.8329           30.74            1.20
  2008.8356           31.36            1.18
  2008.8384           29.23            1.20
  2008.8411           30.61            1.21
  2008.8439           30.83            1.20
  2008.8466           31.08            1.26
  2008.8494           31.30            1.24
  2008.8521           30.15            1.22
  2008.8547           31.28            1.32
  2008.8575           30.75            1.25
  2008.8602           31.39            1.26
  2008.8630           33.92            1.24
  2008.8657           32.01            1.32
  2008.8685           34.66            1.24
  2008.8712           31.84            1.25
  2008.8740           30.31            1.21
  2008.8767           32.53            1.31
  2008.8794           29.76            1.22
  2008.8822           31.47            1.28
  2008.8849           32.60            1.19
  2008.8877           30.32            1.12
  2008.8904           32.21            1.16
  2008.8932           31.17            1.18
  2008.8959           32.13            1.17
  2008.8987           30.85            1.19
  2008.9014           31.37            1.19
  2008.9041           29.83            1.20
  2008.9069           30.50            1.18
  2008.9095           30.19            1.26
  2008.9124           30.58            1.24
  2008.9150           31.79            1.17
  2008.9178           38.16            1.21
  2008.9205           35.80            1.18
  2008.9233           34.04            1.14
  2008.9260           32.46            1.14
  2008.9287           29.51            1.14
  2008.9315           31.49            1.13
  2008.9342           34.40            1.13
  2008.9370           33.01            1.21
  2008.9397           34.05            1.19
  2008.9425           32.55            1.34
  2008.9452           34.36            1.12
  2008.9480           32.16            1.11
  2008.9507           32.22            1.15
  2008.9534           31.60            1.15
  2008.9562           32.82            1.20
  2008.9589           31.30            1.18
  2008.9617           28.25            1.19
  2008.9644           33.23            1.29
  2008.9672           32.32            1.16
  2008.9698           35.49            1.22
  2008.9727           33.13            1.24
  2008.9753           32.14            1.22
  2008.9780           31.73            1.15
  2008.9808           32.99            1.16
  2008.9835           31.38            1.18
  2008.9863           34.22            1.21
  2008.9890           34.42            1.14
  2008.9918           30.37            1.17
  2008.9945           30.92            1.18
  2008.9973           32.78            1.27
  2009.0000           31.09            1.20
  2009.0027           33.99            1.14
  2009.0027           38.87            1.15
  2009.0055           32.08            1.12
  2009.0110           32.09            1.12
  2009.0137           31.04            1.22
  2009.0165           31.76            1.15
  2009.0220           32.07            1.14
  2009.0247           33.41            1.11
  2009.0302           31.46            1.13
  2009.0328           35.25            1.18
  2009.0356           31.58            1.15
  2009.0411           33.31            1.15
  2009.0438           33.79            1.17
  2009.0466           35.05            1.17
  2009.0520           40.51            1.10
  2009.0548           34.28            1.12
  2009.0603           33.26            1.13
  2009.0630           32.09            1.11
  2009.0658           31.74            1.14
  2009.0713           33.55            1.08
  2009.0740           35.50            1.30
  2009.0767           34.37            1.12
  2009.0822           31.01            1.15
  2009.0850           32.00            1.14
  2009.0876           32.09            1.11
  2009.0905           35.39            1.14
  2009.0931           34.74            1.14
  2009.0959           33.33            1.16
  2009.0986           32.72            1.18
  2009.1013           34.62            1.12
  2009.1041           33.94            1.09
  2009.1068           33.74            1.12
  2009.1096           38.02            1.22
  2009.1123           34.49            1.19
  2009.1151           34.14            1.15
  2009.1178           34.97            1.15
  2009.1206           34.71            1.10
  2009.1233           35.02            1.11
  2009.1260           35.90            1.12
  2009.1288           34.89            1.23
  2009.1315           34.90            1.48
  2009.1343           34.99            1.10
  2009.1370           37.40            1.20
  2009.1398           36.92            1.14
  2009.1425           37.47            1.19
  2009.1453           34.54            1.11
  2009.1479           35.56            1.13
  2009.1506           40.12            1.08
  2009.1534           35.87            1.12
  2009.1561           39.88            1.15
  2009.1589           36.60            1.13
  2009.1616           33.36            1.17
  2009.1644           33.44            2.09
  2009.1671           34.92            1.23
  2009.1699           32.85            1.16
  2009.1726           33.03            1.15
  2009.1753           36.55            1.08
  2009.1781           36.15            1.07
  2009.1808           36.21            1.17
  2009.1836           37.93            1.10
  2009.1863           42.13            1.15
  2009.1891           36.31            1.09
  2009.1918           35.36            1.14
  2009.1946           31.48            1.16
  2009.1973           32.94            1.16
  2009.2000           34.15            1.09
  2009.2028           37.06            1.06
  2009.2054           35.82            1.28
  2009.2083           41.26            1.06
  2009.2109           38.71            1.14
  2009.2137           36.72            1.12
  2009.2164           37.85            1.14
  2009.2192           37.11            1.08
  2009.2219           36.45            1.13
  2009.2246           36.53            1.28
  2009.2274           37.13            1.21
  2009.2301           34.96            1.13
  2009.2329           38.06            1.14
  2009.2356           36.43            1.12
  2009.2384           40.33            1.18
  2009.2411           37.80            1.11
  2009.2439           40.14            1.08
  2009.2466           38.22            1.09
  2009.2493           38.89            1.08
  2009.2521           37.60            1.18
  2009.2548           35.10            1.29
  2009.2576           36.49            1.13
  2009.2603           38.92            2.07
  2009.2631           35.73            1.09
  2009.2657           35.36            1.14
  2009.2684           36.39            1.16
  2009.2712           37.64            1.09
  2009.2739           35.36            1.10
  2009.2767           36.84            1.08
  2009.2794           36.72            1.13
  2009.2822           37.49            1.08
  2009.2849           38.19            1.12
  2009.2877           38.36            1.11
  2009.2904           38.19            1.15
  2009.2931           37.54            1.09
  2009.2959           38.01            1.06
  2009.2986           38.11            1.10
  2009.3014           37.64            1.08
  2009.3069           37.45            1.17
  2009.3096           37.11            1.12
  2009.3124           37.89            1.12
  2009.3151           37.82            1.11
  2009.3177           39.17            1.12
  2009.3206           39.74            1.19
  2009.3260           38.79            1.08
  2009.3342           38.16            1.08
  2009.3370           38.15            1.18
  2009.3397           38.06            1.22
  2009.3452           38.03            1.17
  2009.3479           36.36            1.14
  2009.3507           39.71            1.09
  2009.3562           38.14            1.16
  2009.3589           39.33            1.13
  2009.3644           38.83            1.09
  2009.3671           39.03            1.18
  2009.3699           41.13            1.15
  2009.3754           37.55            1.10
  2009.3781           38.01            1.16
  2009.3809           40.05            1.08
  2009.3835           39.29            1.13
  2009.3864           37.71            1.13
  2009.3890           36.38            1.12
  2009.3945           39.38            1.10
  2009.3972           39.58            1.22
  2009.4000           39.66            1.10
  2009.4055           39.10            1.15
  2009.4082           38.92            1.15
  2009.4137           41.55            1.10
  2009.4164           39.33            1.26
  2009.4192           39.95            1.06
  2009.4247           40.42            1.07
  2009.4274           39.94            1.13
  2009.4302           40.02            1.03
  2009.4357           40.90            1.10
  2009.4384           39.53            1.10
  2009.4438           41.18            1.00
  2009.4465           40.88            1.07
  2009.4493           40.54            1.06
  2009.4548           39.48            1.04
  2009.4575           42.94            1.08
  2009.4603           35.14            1.24
  2009.4657           41.85            1.12
  2009.4685           39.73            1.02
  2009.4740           40.08            1.07
  2009.4767           41.44            1.02
  2009.4795           40.25            1.04
  2009.4850           42.30            1.09
  2009.4877           41.39            1.07
  2009.4904           40.77            1.26
  2009.4932           39.44            1.11
  2009.4958           40.26            1.10
  2009.4987           38.52            1.06
  2009.5042           41.43            1.08
  2009.5068           36.68            1.17
  2009.5096           38.59            1.09
  2009.5150           38.71            1.05
  2009.5178           40.80            0.99
  2009.5233           39.01            1.00
  2009.5260           40.62            1.01
  2009.5288           38.95            1.09
  2009.5343           43.35            1.01
  2009.5370           41.05            1.01
  2009.5397           40.63            1.02
  2009.5452           42.30            1.18
  2009.5507           29.51            5.97
  2009.5562           39.41            1.07
  2009.5590           43.14            1.03
  2009.5616           41.20            1.03
  2009.5671           40.65            1.03
  2009.5698           41.56            0.99
  2009.5726           41.77            1.01
  2009.5753           41.50            1.04
  2009.5781           41.51            0.95
  2009.5808           40.64            0.98
  2009.5863           40.52            0.95
  2009.5890           40.64            0.96
  2009.5918           39.68            1.12
  2009.5945           39.98            1.02
  2009.5973           39.30            0.98
  2009.6000           38.83            0.99
  2009.6028           40.89            1.05
  2009.6055           42.40            0.99
  2009.6083           45.80            0.98
  2009.6110           45.08            1.07
  2009.6136           40.27            1.10
  2009.6165           41.85            1.08
  2009.6191           39.50            1.10
  2009.6219           40.57            1.09
  2009.6246           41.62            1.06
  2009.6274           43.53            1.06
  2009.6301           42.28            1.05
  2009.6329           45.97            1.05
  2009.6356           39.67            1.01
  2009.6383           42.74            1.05
  2009.6411           41.59            1.07
  2009.6438           43.23            1.04
  2009.6466           42.79            1.13
  2009.6493           45.02            1.06
  2009.6521           43.54            1.08
  2009.6548           42.52            1.03
  2009.6576           40.96            1.03
  2009.6603           40.00            1.03
  2009.6630           41.64            1.07
  2009.6658           41.58            1.04
  2009.6685           45.20            1.16
  2009.6713           42.91            1.06
  2009.6740           43.77            1.02
  2009.6768           44.23            1.05
  2009.6794           41.17            1.16
  2009.6823           44.30            1.14
  2009.6849           43.86            1.06
  2009.6876           43.52            1.02
  2009.6904           44.45            1.08
  2009.6931           45.65            0.98
  2009.6959           46.14            1.01
  2009.6986           43.87            0.97
  2009.7014           43.31            1.07
  2009.7041           45.48            1.00
  2009.7069           45.14            1.00
  2009.7096           47.63            1.03
  2009.7123           42.53            1.07
  2009.7151           44.58            1.07
  2009.7178           44.19            0.99
  2009.7206           45.56            1.05
  2009.7233           43.52            0.98
  2009.7261           46.69            1.08
  2009.7288           44.26            0.98
  2009.7316           44.41            1.05
  2009.7343           44.55            0.99
  2009.7369           44.27            1.03
  2009.7397           49.20            1.15
  2009.7424           49.67            1.08
  2009.7452           51.95            1.05
  2009.7479           45.20            1.08
  2009.7507           43.74            1.13
  2009.7534           42.58            1.04
  2009.7561           43.23            1.01
  2009.7589           41.66            1.07
  2009.7616           41.07            1.22
  2009.7644           46.01            1.03
  2009.7671           44.60            1.01
  2009.7699           46.20            1.10
  2009.7726           44.48            1.16
  2009.7754           43.77            1.17
  2009.7781           41.19            1.07
  2009.7808           41.84            1.09
  2009.7836           43.93            1.10
  2009.7863           43.73            1.18
  2009.7891           45.74            1.24
  2009.7917           42.76            1.15
  2009.7946           44.96            1.08
  2009.7972           43.09            1.19
  2009.8000           42.46            1.36
  2009.8027           43.70            1.06
  2009.8054           45.19            1.20
  2009.8082           43.67            1.18
  2009.8109           40.98            1.26
  2009.8137           44.86            1.13
  2009.8164           44.01            1.22
  2009.8192           46.00            1.21
  2009.8219           47.62            1.36
  2009.8247           45.37            1.18
  2009.8301           43.50            1.27
  2009.8329           44.39            1.29
  2009.8356           43.11            1.18
  2009.8411           40.80            1.27
  2009.8439           41.44            1.24
  2009.8466           43.46            1.16
  2009.8494           42.47            1.16
  2009.8521           42.46            1.25
  2009.8547           44.36            1.20
  2009.8602           44.56            1.27
  2009.8630           41.48            1.16
  2009.8657           42.02            1.11
  2009.8712           42.80            1.23
  2009.8740           43.90            1.27
  2009.8794           40.72            1.32
  2009.8822           43.62            1.30
  2009.8849           39.78            1.28
  2009.8904           44.91            1.15
  2009.8932           43.04            1.24
  2009.8959           45.14            1.20
  2009.9014           41.11            1.22
  2009.9041           42.42            1.18
  2009.9095           43.99            1.17
  2009.9124           44.66            1.38
  2009.9150           43.75            1.18
  2009.9205           43.39            1.20
  2009.9233           43.15            1.24
  2009.9260           44.65            1.09
  2009.9315           46.90            1.20
  2009.9342           45.39            1.10
  2009.9397           43.45            1.16
  2009.9425           44.97            1.25
  2009.9452           44.85            1.15
  2009.9507           45.35            1.24
  2009.9534           43.37            1.26
  2009.9562           48.05            1.21
  2009.9589           42.13            1.20
  2009.9617           44.74            1.26
  2009.9644           46.47            1.33
  2009.9698           46.48            1.20
  2009.9727           44.29            1.15
  2009.9753           46.41            1.25
  2009.9808           47.25            1.29
  2009.9835           47.18            1.17
  2009.9890           46.67            1.24
  2009.9918           43.78            1.26
  2009.9945           47.05            1.27
  2010.0000           44.91            1.21
  2010.0027           44.50            1.23
  2010.0055           44.22            1.26
  2010.0082           40.63            1.28
  2010.0110           43.04            1.20
  2010.0137           42.18            1.26
  2010.0165           43.07            1.19
  2010.0192           42.67            1.14
  2010.0220           43.12            1.16
  2010.0247           44.04            1.20
  2010.0273           42.31            1.20
  2010.0302           45.03            1.33
  2010.0328           41.56            1.27
  2010.0356           43.98            1.18
  2010.0383           44.89            1.24
  2010.0411           45.51            1.22
  2010.0438           43.34            1.21
  2010.0466           44.33            1.13
  2010.0493           44.77            1.15
  2010.0520           43.29            1.21
  2010.0548           44.41            1.16
  2010.0575           42.29            1.27
  2010.0603           46.67            1.14
  2010.0630           44.27            1.24
  2010.0658           44.76            1.17
  2010.0685           43.78            1.26
  2010.0713           45.65            1.35
  2010.0740           43.64            1.36
  2010.0767           44.91            1.42
  2010.0795           43.43            1.17
  2010.0822           42.79            1.26
  2010.0850           43.68            1.27
  2010.0876           41.75            1.26
  2010.0905           44.81            1.24
  2010.0931           43.30            1.35
  2010.0959           45.45            1.26
  2010.0986           44.62            1.34
  2010.1013           44.41            1.23
  2010.1041           47.00            1.35
  2010.1068           43.66            1.31
  2010.1096           45.12            1.40
  2010.1123           44.82            1.31
  2010.1151           42.01            1.40
  2010.1178           47.10            1.30
  2010.1206           44.33            1.35
  2010.1233           44.49            1.23
  2010.1260           45.76            1.30
  2010.1288           42.79            1.31
  2010.1315           45.29            1.25
  2010.1343           48.92            1.36
  2010.1370           43.40            1.35
  2010.1398           44.18            1.20
  2010.1425           41.54            1.13
  2010.1453           41.56            1.21
  2010.1479           42.30            1.14
  2010.1506           51.25            1.22
  2010.1534           47.09            1.20
  2010.1561           45.34            1.15
  2010.1616         -656.35            1.18
  2010.1644         -674.60            1.13
  2010.1671         -682.00            1.24
  2010.1699         -684.71            1.21
  2010.1726         -687.79            1.23
  2010.1753         -696.29            1.12
  2010.1781         -698.56            1.15
  2010.1808         -708.77            1.24
  2010.1836         -714.16            1.16
  2010.1863         -707.66            1.22
  2010.1891         -717.78            1.34
  2010.1918         -717.31            1.18
  2010.1946         -721.63            1.22
  2010.1973         -723.23            1.17
  2010.2000         -729.82            1.15
  2010.2028         -729.00            1.11
  2010.2054         -731.38            1.16
  2010.2083         -733.82            1.07
  2010.2109         -734.37            1.10
  2010.2137         -735.00            1.07
  2010.2164         -736.20            1.19
  2010.2192         -747.51            1.20
  2010.2219         -746.17            1.09
  2010.2246         -745.81            1.06
  2010.2274         -745.35            1.05
  2010.2301         -748.23            1.00
  2010.2329         -748.92            1.07
  2010.2356         -749.25            1.06
  2010.2384         -753.68            1.08
  2010.2411         -752.70            1.11
  2010.2439         -753.92            1.06
  2010.2466         -756.90            1.16
  2010.2493         -757.52            1.10
  2010.2521         -756.14            1.09
  2010.2548         -757.46            1.02
  2010.2576         -757.91            0.72
  2010.2603         -760.52            1.01
  2010.2631         -760.49            1.07
  2010.2657         -757.14            1.05
  2010.2684         -764.53            1.00
  2010.2712         -765.18            1.01
  2010.2739         -767.56            1.08
  2010.2767         -769.60            1.03
  2010.2794         -771.90            1.08
  2010.2822         -764.83            1.12
  2010.2849         -774.64            1.00
  2010.2877         -775.16            1.02
  2010.2904         -774.26            1.08
  2010.2931         -777.63            1.05
  2010.2959         -775.72            1.08
  2010.2986         -777.21            1.03
  2010.3014         -780.15            1.02
  2010.3069         -780.61            1.01
  2010.3096         -781.99            1.03
  2010.3124         -781.56            1.01
  2010.3151         -783.88            1.00
  2010.3177         -783.43            1.01
  2010.3206         -786.71            1.02
  2010.3232         -784.60            1.03
  2010.3260         -785.57            1.00
  2010.3287         -787.50            1.08
  2010.3315         -784.74            1.05
  2010.3424         -793.09            1.06
  2010.3452         -793.66            1.01
  2010.3479         -792.83            1.00
  2010.3507         -793.58            0.97
  2010.3534         -794.37            0.95
  2010.3562         -796.73            0.97
  2010.3589         -796.93            0.99
  2010.3617         -797.38            1.56
  2010.3644         -797.46            1.05
  2010.3726         -800.00            1.05
  2010.3754         -800.81            1.11
  2010.3781         -801.96            1.01
  2010.3809         -801.76            0.99
  2010.3835         -801.42            1.06
  2010.3864         -802.66            1.10
  2010.3890         -803.58            1.14
  2010.3917         -805.33            1.01
  2010.3945         -806.91            1.02
  2010.3972         -805.74            1.02
  2010.4000         -807.00            1.02
  2010.4027         -806.36            1.02
  2010.4055         -808.26            1.05
  2010.4082         -809.39            1.05
  2010.4110         -807.44            2.24
  2010.4137         -808.20            0.98
  2010.4164         -808.93            0.96
  2010.4192         -807.71            1.04
  2010.4219         -810.89            1.01
  2010.4247         -813.92            1.05
  2010.4274         -812.69            0.99
  2010.4302         -814.09            0.98
  2010.4329         -812.06            0.98
  2010.4357         -813.84            0.94
  2010.4384         -813.72            0.99
  2010.4410         -814.50            0.99
  2010.4438         -814.91            1.09
  2010.4465         -816.98            0.97
  2010.4493         -818.07            1.00
  2010.4520         -818.28            1.14
  2010.4548         -817.08            0.99
  2010.4575         -819.95            1.03
  2010.4603         -816.28            1.34
  2010.4630         -827.58            1.39
  2010.4657         -814.32            1.14
  2010.4685         -820.24            1.00
  2010.4712         -818.12            1.06
  2010.4740         -821.35            1.02
  2010.4767         -825.74            1.11
  2010.4795         -824.43            1.09
  2010.4822         -825.53            1.02
  2010.4850         -825.34            0.98
  2010.4877         -827.44            1.00
  2010.4904         -826.62            1.03
  2010.4932         -828.47            1.01
  2010.4958         -829.13            0.99
  2010.4987         -829.26            1.00
  2010.5013         -829.62            0.99
  2010.5042         -830.73            1.01
  2010.5068         -830.00            1.06
  2010.5096         -813.18            1.09
  2010.5123         -833.00            1.21
  2010.5150         -830.76            1.05
  2010.5178         -834.14            1.05
  2010.5205         -830.88            0.99
  2010.5233         -833.51            1.03
  2010.5260         -836.57            1.07
  2010.5288         -833.60            0.97
  2010.5315         -836.40            0.95
  2010.5343         -834.72            0.97
  2010.5370         -839.64            0.99
  2010.5397         -842.84            1.00
  2010.5425         -836.62            1.01
  2010.5452         -837.48            0.96
  2010.5480         -840.92            0.99
  2010.5507         -840.30            1.02
  2010.5535         -838.99            1.00
  2010.5562         -838.56            1.03
  2010.5590         -840.03            1.16
  2010.5616         -839.40            1.07
  2010.5643         -839.66            1.06
  2010.5671         -839.25            1.01
  2010.5698         -841.66            1.04
  2010.5726         -841.75            1.03
  2010.5753         -841.54            1.04
  2010.5781         -838.55            1.07
  2010.5808         -844.41            1.06
  2010.5836         -842.16            0.99
  2010.5863         -839.96            0.96
  2010.5890         -846.62            1.03
  2010.5918         -842.82            0.96
  2010.5945         -847.39            2.00
  2010.5973         -847.92            1.10
  2010.6000         -846.68            0.97
  2010.6028         -848.38            0.96
  2010.6055         -847.31            0.96
  2010.6083         -850.44            0.95
  2010.6110         -849.25            1.00
  2010.6136         -848.74            0.96
  2010.6165         -847.73            0.93
  2010.6191         -849.24            0.93
  2010.6219         -847.66            0.96
  2010.6246         -866.83            1.07
  2010.6274         -848.28            1.11
  2010.6301         -850.94            1.01
  2010.6329         -850.55            0.96
  2010.6356         -851.83            0.94
  2010.6383         -852.07            1.08
  2010.6411         -857.40            0.98
  2010.6438         -854.27            1.00
  2010.6466         -853.27            0.97
  2010.6493         -851.57            0.96
  2010.6521         -855.60            1.03
  2010.6548         -855.26            1.02
  2010.6576         -851.98            1.03
  2010.6603         -853.95            0.93
  2010.6630         -856.36            1.02
  2010.6658         -857.57            0.97
  2010.6685         -854.37            0.99
  2010.6713         -855.23            1.01
  2010.6740         -857.12            1.09
  2010.6768         -855.85            1.03
  2010.6794         -857.29            0.93
  2010.6823         -859.74            0.95
  2010.6849         -857.90            0.93
  2010.6876         -856.65            0.93
  2010.6904         -861.39            0.93
  2010.6931         -859.17            0.95
  2010.6959         -860.33            1.00
  2010.6986         -861.85            0.98
  2010.7014         -862.42            0.96
  2010.7041         -862.52            0.98
  2010.7069         -867.22            1.11
  2010.7096         -862.49            0.98
  2010.7123         -862.05            0.95
  2010.7151         -862.72            1.00
  2010.7178         -862.85            0.99
  2010.7206         -862.21            0.94
  2010.7233         -861.47            0.94
  2010.7261         -863.42            0.94
  2010.7288         -862.83            0.98
  2010.7316         -863.41            0.91
  2010.7343         -862.58            0.94
  2010.7369         -865.66            1.09
  2010.7397         -866.08            1.03
  2010.7424         -865.25            0.99
  2010.7452         -866.27            0.95
  2010.7479         -865.31            0.94
  2010.7507         -859.79            0.97
  2010.7534         -866.35            0.94
  2010.7561         -865.61            1.02
  2010.7589         -866.92            1.02
  2010.7616         -867.33            1.02
  2010.7644         -867.55            1.04
  2010.7671         -867.70            0.91
  2010.7699         -867.62            1.01
  2010.7726         -865.90            0.98
  2010.7754         -864.05            0.99
  2010.7781         -867.03            0.97
  2010.7808         -871.34            1.02
  2010.7836         -872.21            1.07
  2010.7863         -870.54            1.07
  2010.7891         -871.18            0.98
  2010.7917         -870.51            0.91
  2010.7946         -870.65            0.93
  2010.7972         -871.45            0.97
  2010.8000         -870.67            0.97
  2010.8027         -872.28            1.00
  2010.8054         -872.74            0.97
  2010.8082         -874.38            1.00
  2010.8109         -873.58            0.97
  2010.8137         -875.34            0.94
  2010.8164         -876.24            0.97
  2010.8192         -876.67            1.01
  2010.8219         -877.61            1.02
  2010.8247         -876.20            1.01
  2010.8274         -878.11            1.06
  2010.8301         -881.31            0.96
  2010.8329         -874.93            1.03
  2010.8356         -873.46            1.04
  2010.8384         -877.06            0.99
  2010.8411         -879.96            1.05
  2010.8439         -880.17            0.96
  2010.8466         -880.68            0.94
  2010.8494         -880.38            1.02
  2010.8521         -881.87            1.05
  2010.8547         -882.31            0.97
  2010.8575         -879.50            0.93
  2010.8602         -878.83            0.97
  2010.8630         -883.03            0.91
  2010.8657         -883.68            0.93
  2010.8685         -883.90            1.05
  2010.8712         -883.76            0.96
  2010.8740         -881.72            0.95
  2010.8767         -883.76            0.99
  2010.8794         -884.16            0.97
  2010.8822         -884.18            0.96
  2010.8849         -881.91            1.00
  2010.8877         -884.08            1.02
  2010.8904         -883.78            1.02
  2010.8932         -887.01            1.00
  2010.8959         -886.25            0.99
  2010.8987         -885.21            1.02
  2010.9014         -889.21            0.94
  2010.9041         -887.51            1.02
  2010.9069         -888.63            0.92
  2010.9095         -887.17            0.95
  2010.9124         -888.71            0.96
  2010.9150         -887.40            0.94
  2010.9178         -885.42            0.95
  2010.9205         -889.06            0.93
  2010.9233         -889.32            0.93
  2010.9260         -885.74            0.87
  2010.9287         -888.54            0.90
  2010.9315         -888.53            0.94
  2010.9342         -888.21            0.98
  2010.9370         -888.03            0.91
  2010.9397         -887.92            0.93
  2010.9425         -888.74            0.92
  2010.9452         -888.95            0.98
  2010.9480         -889.26            0.96
  2010.9507         -885.13            0.94
  2010.9562         -890.74            0.93
  2010.9589         -888.08            0.95
  2010.9644         -891.48            0.91
  2011.0027         -890.62            1.07
  2011.0055         -894.66            1.02
  2011.0082         -897.35            1.07
  2011.0110         -896.02            1.08
  2011.0137         -894.35            1.07
  2011.0165         -892.46            0.98
  2011.0192         -900.14            1.08
  2011.0220         -896.73            1.06
  2011.0247         -897.66            0.99
  2011.0273         -899.95            1.00
  2011.0302         -901.69            1.00
  2011.0328         -902.69            1.03
  2011.0356         -899.21            1.06
  2011.0383         -902.75            1.00
  2011.0411         -901.95            1.07
  2011.0438         -899.59            1.09
  2011.0466         -901.19            0.98
  2011.0493         -902.56            1.13
  2011.0520         -903.26            1.06
  2011.0548         -901.38            1.07
  2011.0575         -901.74            1.03
  2011.0603         -902.45            1.05
  2011.0630         -899.12            1.03
  2011.0658         -904.48            1.05
  2011.0685         -902.64            1.05
  2011.0713         -904.03            1.09
  2011.0740         -905.88            1.08
  2011.0767         -904.44            1.05
  2011.0795         -905.51            1.03
  2011.0822         -903.95            1.06
  2011.0850         -905.27            1.05
  2011.0876         -903.31            0.98
  2011.0905         -904.50            1.01
  2011.0931         -906.86            1.03
  2011.0959         -906.06            1.00
  2011.0986         -906.81            0.97
  2011.1013         -907.03            1.01
  2011.1041         -907.43            0.99
  2011.1068         -904.91            1.10
  2011.1096         -906.75            1.11
  2011.1123         -904.45            1.11
  2011.1151         -907.68            1.06
  2011.1178         -908.85            1.13
  2011.1206         -910.23            1.24
  2011.1233         -909.89            1.04
  2011.1260         -912.94            1.04
  2011.1288         -915.15            1.06
  2011.1315         -912.60            1.09
  2011.1343         -905.87            1.07
  2011.1370         -908.52            1.08
  2011.1398         -910.10            1.05
  2011.1425         -909.59            1.09
  2011.1453         -912.56            1.06
  2011.1479         -912.09            1.15
  2011.1506         -904.64            1.07
  2011.1534         -912.84            1.04
  2011.1561         -914.11            1.01
  2011.1589         -913.21            1.04
  2011.1616         -913.05            1.03
  2011.1644         -914.53            1.05
  2011.1671         -914.42            1.03
  2011.1699         -915.40            1.05
  2011.1726         -914.09            1.12
  2011.1753         -911.81            1.05
  2011.1781         -915.93            1.33
  2011.1808         -915.97            1.02
  2011.1836         -916.83            1.06
  2011.1863         -917.70            1.14
  2011.1891         -919.78            1.32
  2011.1918         -917.14            1.23
  2011.1946         -930.76            1.41
  2011.1973         -918.48            1.04
  2011.2000         -919.03            1.19
  2011.2028         -918.11            1.23
  2011.2054         -919.55            1.18
  2011.2083         -920.46            1.14
  2011.2109         -921.27            1.02
  2011.2137         -920.71            1.03
  2011.2164         -920.70            1.00
  2011.2192         -922.93            1.13
  2011.2219         -923.69            1.08
  2011.2246         -919.48            1.01
  2011.2274         -921.97            1.06
  2011.2301         -921.19            1.14
  2011.2329         -922.51            1.04
  2011.2356         -920.64            1.03
  2011.2384         -921.48            1.00
  2011.2411         -923.05            1.06
  2011.2439         -919.61            1.13
  2011.2466         -921.10            1.20
  2011.2493         -922.17            1.12
  2011.2521         -923.90            1.10
  2011.2548         -921.66            1.05
  2011.2576         -923.76            1.00
  2011.2603         -920.15            1.28
  2011.2631         -923.49            1.04
  2011.2657         -922.26            1.03
  2011.2684         -918.82            0.99
  2011.2712         -922.75            1.02
  2011.2739         -923.32            1.06
  2011.2767         -925.49            1.10
  2011.2794         -924.45            1.12
  2011.2822         -927.62            1.12
  2011.2849         -926.46            1.10
  2011.2877         -926.05            1.00
  2011.2904         -926.20            1.01
  2011.2931         -928.26            2.21
  2011.2959         -928.12            1.01
  2011.2986         -927.39            1.02
  2011.3014         -929.06            1.07
  2011.3041         -929.24            1.14
  2011.3069         -928.79            1.15
  2011.3096         -927.99            1.05
  2011.3124         -926.50            0.99
  2011.3151         -925.67            0.97
  2011.3177         -927.53            0.97
  2011.3206         -928.36            0.99
  2011.3232         -924.57            1.09
  2011.3260         -918.79            0.99
  2011.3287         -920.83            0.99
  2011.3315         -923.69            0.99
  2011.3342         -929.78            0.96
  2011.3370         -928.74            1.00
  2011.3397         -925.51            1.02
  2011.3424         -926.02            1.00
  2011.3452         -928.49            0.97
  2011.3479         -929.19            1.02
  2011.3507         -929.99            0.96
  2011.3534         -930.70            0.99
  2011.3562         -931.43            1.20
  2011.3589         -930.13            1.00
  2011.3617         -930.46            0.98
  2011.3644         -930.80            0.95
  2011.3671         -931.67            0.95
  2011.3699         -931.66            0.97
  2011.3726         -934.77            1.03
  2011.3754         -933.09            1.00
  2011.3781         -933.09            1.03
  2011.3809         -934.08            1.06
  2011.3835         -934.61            1.06
  2011.3864         -934.39            1.05
  2011.3890         -935.59            1.00
  2011.3917         -936.38            1.01
  2011.3945         -936.50            1.03
  2011.3972         -936.40            0.97
  2011.4000         -936.32            0.97
  2011.4027         -937.28            0.99
  2011.4055         -937.29            0.96
  2011.4082         -937.85            0.94
  2011.4110         -937.38            0.93
  2011.4137         -938.24            0.95
  2011.4164         -939.25            0.93
  2011.4192         -939.44            0.99
  2011.4219         -938.39            0.94
  2011.4247         -939.86            1.01
  2011.4274         -940.08            1.08
  2011.4302         -940.39            1.07
  2011.4329         -942.07            1.14
  2011.4357         -943.75            1.15
  2012.0027         -975.41            1.11
  2012.0055         -976.18            1.11
  2012.0082         -975.92            1.07
  2012.0110         -975.12            1.09
  2012.0137         -974.20            1.22
  2012.0165         -975.78            1.08
  2012.0192         -975.48            1.14
  2012.0220         -983.36            1.19
  2012.0247         -974.89            1.44
  2012.0273         -977.31            1.34
  2012.0302         -976.07            1.17
  2012.0328         -978.59            1.11
  2012.0356         -975.05            1.11
  2012.0383         -977.86            1.15
  2012.0411         -978.01            1.28
  2012.0438         -976.37            1.13
  2012.0466         -978.81            1.27
  2012.0493         -977.02            1.29
  2012.0520         -979.25            1.16
  2012.0548         -976.48            1.27
  2012.0603         -985.99            1.30
  2012.0630         -975.07            1.24
  2012.0658         -979.90            1.20
  2012.0685         -979.16            1.57
  2012.0713         -977.79            1.64
  2012.0740         -980.88            1.44
  2012.0767         -978.88            1.58
  2012.0795         -977.39            1.30
  2012.0822         -981.07            1.29
  2012.0850         -981.99            1.19
  2012.0876         -980.36            1.19
  2012.0905         -979.68            1.25
  2012.0931         -979.02            1.13
  2012.0959         -981.91            1.25
  2012.0986         -980.63            1.20
  2012.1013         -979.60            1.22
  2012.1041         -978.33            1.32
  2012.1068         -980.45            1.18
  2012.1096         -978.79            1.09
  2012.1123         -982.51            1.11
  2012.1151         -981.09            1.14
  2012.1178         -981.76            1.29
  2012.1206         -981.91            1.26
  2012.1233         -982.55            1.20
  2012.1260         -982.23            1.23
  2012.1288         -977.06            1.24
  2012.1315         -985.35            1.31
  2012.1343         -981.50            1.29
  2012.1370         -984.44            1.28
  2012.1398         -980.47            1.19
  2012.1425         -982.40            1.10
  2012.1453         -983.30            1.13
  2012.1479         -985.18            1.11
  2012.1506         -982.74            1.13
  2012.1534         -982.03            1.19
  2012.1561         -983.83            1.18
  2012.1589         -985.35            1.24
  2012.1616         -985.57            1.17
  2012.1644         -983.67            1.15
  2012.1671         -983.74            1.13
  2012.1699         -984.16            1.09
  2012.1726         -982.23            1.18
  2012.1753         -982.09            1.14
  2012.1781         -983.31            1.27
  2012.1808         -987.35            1.12
  2012.1836         -983.88            1.26
  2012.1863         -982.89            1.11
  2012.1891         -987.59            1.12
  2012.1918         -984.69            1.17
  2012.1946         -986.64            1.19
  2012.1973         -985.69            1.20
  2012.2000         -984.86            1.18
  2012.2028         -984.15            1.16
  2012.2054         -987.72            1.10
  2012.2083         -986.12            1.09
  2012.2109         -985.89            1.20
  2012.2137         -988.07            1.11
  2012.2164         -988.11            1.15
  2012.2192         -984.25            1.07
  2012.2219         -986.12            1.10
  2012.2246         -986.75            1.04
  2012.2274         -986.00            1.04
  2012.2301         -986.87            1.07
  2012.2329         -985.45            1.09
  2012.2356         -979.15            1.06
  2012.2384         -985.91            1.07
  2012.2411         -989.07            1.06
  2012.2439         -989.01            1.08
  2012.2466         -987.86            1.01
  2012.2493         -988.74            1.14
  2012.2521         -987.91            1.10
  2012.2548         -987.77            1.11
  2012.2576         -989.32            1.06
  2012.2603         -990.09            1.19
  2012.2631         -987.84            1.14
  2012.2657         -990.65            1.03
  2012.2684         -989.12            1.10
  2012.2712         -988.88            1.14
  2012.2739         -988.16            1.13
  2012.2767         -988.82            1.10
  2012.2794         -987.13            1.06
  2012.2822         -988.93            1.06
  2012.2849         -987.32            1.18
  2012.2877         -989.35            1.12
  2012.2904         -989.23            1.14
  2012.2931         -989.46            1.08
  2012.2959         -990.24            1.07
  2012.2986         -991.41            1.14
  2012.3014         -990.88            1.03
  2012.3041         -991.99            1.03
  2012.3069         -990.12            1.10
  2012.3096         -991.04            0.94
  2012.3124         -990.13            1.01
  2012.3151         -989.54            1.12
  2012.3177         -991.68            1.04
  2012.3206         -991.32            1.01
  2012.3232         -989.20            1.09
  2012.3260        -1012.77            1.04
  2012.3287         -992.98            0.96
  2012.3315         -991.78            1.01
  2012.3342         -993.59            0.97
  2012.3370         -992.91            1.02
  2012.3397         -991.33            0.99
  2012.3424         -993.31            0.95
  2012.3452         -993.46            0.97
  2012.3479         -992.86            1.12
  2012.3507         -993.07            1.01
  2012.3534         -993.09            0.98
  2012.3562         -994.55            1.00
  2012.3589         -993.58            1.05
  2012.3617         -995.95            1.13
  2012.3644         -994.89            0.99
  2012.3671         -997.62            1.01
  2012.3699         -995.89            1.02
  2012.3726         -995.43            1.05
  2012.3754         -995.68            1.07
  2012.3781         -996.69            1.07
  2012.3809         -995.18            1.00
  2012.3835         -996.05            1.11
  2012.3864         -996.31            1.05
  2012.3890         -996.62            1.03
  2012.3917         -996.03            1.04
  2012.3945         -998.21            1.04
  2012.3972         -996.79            1.03
  2012.4000         -998.08            1.01
  2012.4027         -997.68            1.09
  2012.4055         -997.92            1.15
  2012.4110         -999.21            1.07
  2012.4137         -999.28            1.02
  2012.4164         -997.05            1.01
  2012.4192         -997.28            1.02
  2012.4219        -1002.34            1.10
  2012.4247        -1000.25            1.07
  2012.4274         -997.31            1.06
  2012.4302        -1000.33            1.02
  2012.4329         -995.84            0.99
  2012.4357         -995.11            0.93
  2012.4384         -999.01            0.93
  2012.4410         -999.77            1.08
  2012.4438         -999.10            0.95
  2012.4465         -999.32            1.05
  2012.4493         -999.10            1.09
  2012.4520        -1001.68            1.12
  2012.4548        -1000.15            1.00
  2012.4575         -998.38            1.03
  2012.4603         -998.91            1.04
  2012.4630        -1001.00            1.06
  2012.4657        -1000.56            1.02
  2012.4685        -1000.38            1.04
  2012.4712         -999.83            1.10
  2012.4740        -1000.14            1.04
  2012.4767         -999.07            1.04
  2012.4795         -998.52            0.99
  2012.4822         -999.97            0.99
  2012.4850        -1001.03            0.98
  2012.4877        -1000.73            0.98
  2012.4904        -1002.81            1.08
  2012.4932        -1000.52            1.06
  2012.4958         -998.21            1.05
  2012.4987        -1000.23            1.06
  2012.5013        -1003.43            1.11
  2012.5042        -1001.55            1.03
  2012.5068        -1002.90            1.01
  2012.5096        -1003.11            1.05
  2012.5123        -1002.68            1.12
  2012.5150        -1003.56            1.09
  2012.5178        -1003.85            0.98
  2012.5205        -1001.81            1.03
  2012.5233        -1004.02            1.04
  2012.5260        -1003.15            0.98
  2012.5288        -1006.65            1.01
  2012.5315        -1006.04            1.01
  2012.5343        -1004.81            0.98
  2012.5370        -1002.99            0.95
  2012.5397        -1002.84            0.98
  2012.5425        -1002.65            1.01
  2012.5452         -999.21            1.03
  2012.5480        -1002.73            1.04
  2012.5507        -1001.97            1.10
  2012.5535        -1006.05            1.02
  2012.5562        -1005.19            1.02
  2012.5590        -1004.69            1.00
  2012.5616        -1005.43            1.00
  2012.5643        -1003.09            0.99
  2012.5671        -1004.56            0.98
  2012.5698        -1005.38            0.98
  2012.5726        -1004.64            1.00
  2012.5753        -1005.29            0.98
  2012.5781        -1005.51            1.02
  2012.5808        -1004.02            0.99
  2012.5836        -1004.89            0.97
  2012.5863        -1004.55            1.10
  2012.5890        -1002.07            1.07
  2012.5918        -1003.35            1.02
  2012.5945        -1002.71            1.00
  2012.5973        -1003.34            1.58
  2012.6000        -1006.96            1.03
  2012.6028        -1004.81            1.03
  2012.6055        -1003.46            1.05
  2012.6083        -1006.99            1.04
  2012.6110        -1005.09            0.99
  2012.6136        -1004.90            1.04
  2012.6165        -1005.22            1.06
  2012.6191        -1003.78            1.07
  2012.6219        -1005.18            1.10
  2012.6246        -1006.55            1.10
  2012.6274        -1005.75            1.06
  2012.6301        -1005.75            1.14
  2012.6329        -1005.89            1.06
  2012.6356        -1006.02            1.06
  2012.6383        -1006.95            1.04
  2012.6411        -1004.94            1.05
  2012.6438        -1009.01            1.14
  2012.6466        -1000.42            1.08
  2012.6493         -993.81            1.02
  2012.6548        -1006.97            1.00
  2012.6576        -1007.09            0.99
  2012.6603        -1007.32            1.05
  2012.6630        -1008.92            1.11
  2012.6658        -1006.95            1.01
  2012.6685        -1005.03            1.07
  2012.6713        -1009.20            1.05
  2012.6740        -1009.37            1.11
  2012.6768        -1010.34            1.09
  2012.6794        -1009.97            1.06
  2012.6823        -1004.63            1.13
  2012.6849        -1006.34            1.08
  2012.6876        -1011.91            1.09
  2012.6904        -1009.81            1.06
  2012.6931        -1006.53            1.03
  2012.6959        -1008.77            1.03
  2012.6986        -1010.11            1.07
  2012.7014        -1009.94            1.08
  2012.7041        -1011.00            1.17
  2012.7069        -1011.49            1.04
  2012.7096        -1012.56            1.08
  2012.7123        -1011.06            1.09
  2012.7151        -1012.68            1.12
  2012.7178        -1009.86            1.17
  2012.7206        -1011.23            1.09
  2012.7233        -1015.33            1.10
  2012.7261        -1011.57            1.10
  2012.7288        -1010.65            1.06
  2012.7316        -1014.73            1.07
  2012.7343        -1010.83            1.17
  2012.7369        -1005.91            1.16
  2012.7397        -1011.43            1.09
  2012.7424        -1012.90            1.08
  2012.7452        -1012.63            1.14
  2012.7479        -1012.98            1.15
  2012.7507        -1013.63            1.17
  2012.7534        -1016.27            1.26
  2012.7561        -1014.06            1.15
  2013.0027        -1021.10            0.99
  2013.0055        -1023.28            0.97
  2013.0082        -1023.88            1.05
  2013.0110        -1019.85            1.05
  2013.0137        -1023.42            1.13
  2013.0165        -1020.21            1.16
  2013.0192        -1021.08            1.18
  2013.0220        -1022.53            1.04
  2013.0247        -1024.18            1.12
  2013.0273        -1021.64            1.07
  2013.0302        -1020.22            1.13
  2013.0328        -1022.71            1.12
  2013.0356        -1020.85            1.08
  2013.0383        -1022.98            1.05
  2013.0411        -1022.29            1.13
  2013.0438        -1023.82            1.15
  2013.0466        -1022.74            1.28
  2013.0493        -1022.85            1.14
  2013.0520        -1014.97            2.44
  2013.1151        -1022.50            4.40
  2013.1178        -1025.97            1.17
  2013.1206        -1027.85            1.11
  2013.1233        -1025.55            1.18
  2013.1260        -1025.38            1.14
  2013.1288        -1025.79            1.25
  2013.1315        -1025.15            1.14
  2013.1343        -1025.35            1.03
  2013.1370        -1025.23            0.99
  2013.1398        -1023.82            1.07
  2013.1425        -1026.85            1.16
  2013.1453        -1023.40            1.06
  2013.1479        -1023.97            1.10
  2013.1506        -1028.42            1.03
  2013.1534        -1025.49            1.03
  2013.1561        -1024.26            1.02
  2013.1589        -1027.01            1.01
  2013.1616        -1026.73            1.08
  2013.1644        -1027.49            1.07
  2013.1671        -1021.07            1.05
  2013.1699        -1024.63            0.99
  2013.1726        -1026.31            1.00
  2013.1753        -1025.80            1.13
  2013.1781        -1026.21            1.13
  2013.1808        -1023.37            1.07
  2013.1863        -1029.99            1.20
  2013.1918        -1028.36            1.15
  2013.2000        -1026.70            1.00
  2013.2028        -1027.16            1.04
  2013.2054        -1026.43            1.10
  2013.2083        -1026.45            1.07
  2013.2109        -1026.71            0.99
  2013.2164        -1026.53            1.17
  2013.2192        -1028.60            1.03
  2013.2219        -1027.20            0.98
  2013.2246        -1027.31            1.04
  2013.2274        -1025.69            1.12
  2013.2301        -1028.23            1.12
  2013.2329        -1028.38            1.09
  2013.2356        -1026.65            1.01
  2013.2384        -1025.90            0.98
  2013.2411        -1027.11            1.14
  2013.2439        -1026.38            1.07
  2013.2466        -1022.14            1.06
  2013.2493        -1021.41            1.14
  2013.2548        -1020.59            1.08
  2013.2576        -1030.30            1.03
  2013.2603        -1029.60            1.10
  2013.2631        -1029.89            1.09
  2013.2657        -1027.66            2.08
  2013.2684        -1030.13            1.07
  2013.2712        -1028.70            1.22
  2013.2794        -1027.00            1.06
  2013.2822        -1029.04            1.00
  2013.2849        -1030.31            1.02
  2013.2877        -1028.61            1.04
  2013.2904        -1031.36            1.02
  2013.2931        -1029.42            1.00
  2013.2959        -1029.93            1.05
  2013.2986        -1030.27            1.01
  2013.3014        -1029.94            1.03
  2013.3041        -1031.16            1.06
  2013.3069        -1031.35            1.08
  2013.3096        -1030.49            1.05
  2013.3124        -1029.71            1.07
  2013.3151        -1030.43            1.02
  2013.3177        -1028.33            1.07
  2013.3206        -1032.17            1.05
  2013.3232        -1031.32            1.11
  2013.3260        -1031.14            1.01
  2013.3287        -1031.13            0.98
  2013.3315        -1032.73            1.07
  2013.3342        -1030.56            1.11
  2013.3370        -1032.93            1.18
  2013.3397        -1032.49            1.03
  2013.3424        -1033.56            1.00
  2013.3452        -1034.08            1.11
  2013.3479        -1031.91            1.05
  2013.3562        -1034.59            1.11
  2013.3589        -1033.36            1.02
  2013.3617        -1033.57            1.97
  2013.3644        -1034.17            1.00
  2013.3671        -1035.29            0.98
  2013.3699        -1032.30            0.96
  2013.3726        -1033.50            0.95
  2013.3754        -1035.20            0.99
  2013.3781        -1033.88            1.06
  2013.3809        -1033.97            1.62
  2013.3835        -1035.47            1.01
  2013.3864        -1035.65            0.97
  2013.3890        -1036.58            0.98
  2013.3917        -1035.31            0.98
  2013.3945        -1035.74            0.99
  2013.4000        -1035.13            1.04
  2013.4027        -1039.37            1.06
  2013.4055        -1035.73            1.11
  2013.4082        -1038.12            1.01
  2013.4110        -1034.84            1.00
  2013.4137        -1036.29            1.13
  2013.4164        -1037.31            1.08
  2013.4192        -1032.48            1.06
  2013.4219        -1036.17            0.96
  2013.4247        -1034.72            1.05
  2013.4274        -1035.29            1.07
  2013.4302        -1035.54            0.99
  2013.4329        -1035.66            1.03
  2013.4357        -1035.48            0.97
  2013.4384        -1036.34            1.02
  2013.4410        -1036.66            0.96
  2013.4438        -1036.18            1.00
  2013.4465        -1036.73            1.01
  2013.4493        -1035.74            1.03
  2013.4520        -1035.87            1.00
  2013.4548        -1038.86            1.09
  2013.4575        -1037.45            1.04
  2013.4603        -1037.47            1.00
  2013.4630        -1036.86            1.02
  2013.4657        -1037.02            0.98
  2013.4685        -1038.30            0.98
  2013.4712        -1036.43            1.04
  2013.4740        -1036.21            0.97
  2013.4767        -1035.14            0.98
  2013.4795        -1035.09            0.97
  2013.4822        -1035.18            0.96
  2013.4850        -1036.25            1.03
  2013.4877        -1037.34            1.14
  2013.4904        -1040.03            1.17
  2013.4932        -1027.55            1.09
  2013.4958        -1036.02            1.02
  2013.4987        -1034.95            0.96
  2013.5013        -1038.86            1.06
  2013.5042        -1034.56            1.04
  2013.5068        -1034.66            1.04
  2013.5096        -1037.13            1.02
  2013.5123        -1037.82            0.94
  2013.5150        -1035.67            0.95
  2013.5178        -1039.89            0.97
  2013.5205        -1037.59            1.05
  2013.5233        -1036.40            1.03
  2013.5260        -1038.49            0.97
  2013.5288        -1036.17            0.96
  2013.5315        -1036.46            1.03
  2013.5343        -1034.60            1.01
  2013.5370        -1039.93            1.01
  2013.5397        -1040.09            0.95
  2013.5425        -1038.05            1.00
  2013.5452        -1037.70            0.97
  2013.5480        -1034.59            0.96
  2013.5507        -1038.71            1.02
  2013.5535        -1035.63            0.95
  2013.5562        -1035.26            0.93
  2013.5590        -1034.05            0.94
  2013.5616        -1035.70            0.92
  2013.5643        -1039.20            0.96
  2013.5671        -1038.85            1.02
  2013.5698        -1040.14            0.95
  2013.5726        -1038.42            0.91
  2013.5753        -1039.03            0.93
  2013.5781        -1039.04            0.98
  2013.5808        -1038.45            0.94
  2013.5836        -1037.86            0.90
  2013.5863        -1039.05            0.94
  2013.5890        -1039.74            0.96
  2013.5918        -1037.39            1.03
  2013.5945        -1039.61            1.02
  2013.5973        -1038.04            1.05
  2013.6000        -1039.58            1.09
  2013.6028        -1038.67            1.01
  2013.6055        -1038.86            0.92
  2013.6083        -1037.29            0.99
  2013.6110        -1042.13            1.06
  2013.6136        -1043.40            1.00
  2013.6165        -1039.97            0.93
  2013.6191        -1039.92            0.95
  2013.6219        -1041.17            0.99
  2013.6246        -1041.16            0.99
  2013.6274        -1042.40            0.93
  2013.6301        -1041.88            0.97
  2013.6329        -1042.81            1.00
  2013.6356        -1041.85            0.98
  2013.6383        -1041.41            1.00
  2013.6411        -1042.75            0.94
  2013.6438        -1042.55            0.96
  2013.6466        -1042.60            1.00
  2013.6493        -1042.76            0.99
  2013.6521        -1042.07            0.96
  2013.6548        -1046.03            0.99
  2013.6576        -1041.89            0.96
  2013.6603        -1042.59            0.92
  2013.6630        -1042.68            0.97
  2013.6658        -1043.26            1.03
  2013.6685        -1041.63            1.02
  2013.6713        -1042.32            1.01
  2013.6740        -1040.91            1.06
  2013.6768        -1041.50            1.20
  2013.6794        -1044.04            1.12
  2013.6823        -1041.31            1.15
  2013.6849        -1045.14            1.14
  2013.6876        -1043.76            1.14
  2013.6904        -1045.98            1.11
  2013.6931        -1044.88            1.10
  2013.6959        -1044.01            1.06
  2013.6986        -1044.82            1.14
  2013.7014        -1042.75            1.05
  2013.7041        -1043.20            1.08
  2013.7069        -1043.35            1.05
  2013.7096        -1043.56            1.05
  2013.7123        -1043.42            1.04
  2013.7151        -1044.31            1.04
  2013.7178        -1042.66            1.09
  2013.7206        -1045.15            1.11
  2013.7233        -1042.46            1.11
  2013.7261        -1048.98            1.09
  2013.7288        -1044.11            1.15
  2013.7316        -1044.00            1.02
  2013.7343        -1047.26            1.02
  2013.7369        -1045.75            1.17
  2013.7397        -1042.93            1.09
  2013.7424        -1041.61            1.08
  2013.7561        -1046.64            1.04
  2013.7589        -1047.19            1.11
  2013.7616        -1046.51            1.15
  2013.7644        -1044.84            1.08
  2013.7671        -1044.67            1.18
  2013.7699        -1045.64            1.10
  2013.7726        -1047.57            1.09
  2013.7754        -1045.41            1.18
  2013.7781        -1045.26            1.22
  2013.7808        -1047.50            1.14
  2013.7836        -1044.97            1.16
  2013.7863        -1046.99            1.20
  2013.7891        -1045.43            1.12
  2013.7917        -1045.89            1.18
  2013.7946        -1045.81            1.16
  2013.7972        -1048.91            1.07
  2013.8000        -1047.77            1.16
  2013.8027        -1046.05            1.30
  2013.8054        -1044.98            1.18
  2013.8082        -1045.04            1.14
  2013.8109        -1046.27            1.07
  2013.8137        -1048.09            2.42
  2013.8164        -1048.56            1.12
  2013.8192        -1046.94            1.03
  2013.8219        -1043.76            1.05
  2013.8247        -1048.20            1.05
  2013.8274        -1047.08            1.13
  2013.8301        -1046.54            1.09
  2013.8329        -1047.36            1.10
  2013.8356        -1048.36            1.12
  2013.8384        -1047.62            1.04
  2013.8411        -1048.64            0.97
  2013.8439        -1048.58            0.99
  2013.8466        -1050.27            1.02
  2013.8494        -1050.04            1.10
  2013.8521        -1049.44            1.05
  2013.8547        -1048.98            1.13
  2013.8575        -1049.71            1.09
  2013.8602        -1050.08            1.16
  2013.8630        -1050.84            1.12
  2013.8657        -1047.24            1.09
  2013.8685        -1050.09            1.09
  2013.8712        -1049.71            1.15
  2013.8740        -1049.12            1.12
  2013.8767        -1049.10            1.04
  2013.8794        -1052.40            1.04
  2013.8822        -1051.90            1.08
  2013.8849        -1052.57            1.09
  2013.8877        -1051.01            1.13
  2013.8904        -1050.95            1.11
  2013.8932        -1049.90            1.10
  2013.8959        -1053.32            1.14
  2013.8987        -1049.08            1.16
  2013.9014        -1051.94            1.10
  2013.9041        -1052.08            1.04
  2013.9069        -1052.40            2.23
  2013.9095        -1051.41            2.07
  2013.9124        -1054.47            1.05
  2013.9150        -1053.32            1.09
  2013.9178        -1051.61            1.07
  2013.9205        -1050.24            1.14
  2013.9233        -1052.31            1.25
  2013.9260        -1053.44            1.01
  2013.9287        -1054.73            1.09
  2013.9315        -1055.02            1.11
  2013.9342        -1054.82            1.14
  2013.9370        -1050.83            1.20
  2013.9397        -1051.77            1.15
  2013.9425        -1053.04            1.12
  2013.9452        -1051.16            1.19
  2013.9480        -1049.58            1.18
  2013.9507        -1053.54            1.11
  2013.9534        -1054.69            1.17
  2013.9562        -1051.45            1.11
  2013.9589        -1052.48            1.21
  2013.9617        -1054.06            1.15
  2013.9644        -1055.36            1.16
  2013.9672        -1054.53            1.11
  2013.9698        -1055.16            1.13
  2013.9727        -1051.70            1.14
  2013.9753        -1054.34            1.14
  2013.9780        -1054.24            1.12
  2013.9808        -1054.96            1.09
  2013.9835        -1055.27            1.17
  2013.9863        -1054.87            1.19
  2013.9890        -1052.44            1.26
  2013.9918        -1054.76            1.12
  2013.9945        -1051.19            1.24
  2013.9973        -1056.80            1.18
  2014.0000        -1057.30            1.24
  2014.0027        -1052.11            1.21
  2014.0055        -1055.60            1.30
  2014.0082        -1056.05            1.16
  2014.0110        -1054.17            1.17
  2014.0137        -1056.84            1.11
  2014.0165        -1055.88            1.16
  2014.0192        -1054.59            1.20
  2014.0220        -1054.03            1.20
  2014.0247        -1049.74            1.20
  2014.0273        -1057.42            1.19
  2014.0302        -1053.68            1.15
  2014.0328        -1052.54            1.17
  2014.0356        -1056.45            1.14
  2014.0383        -1056.57            1.27
  2014.0411        -1053.89            1.16
  2014.0438        -1054.61            1.19
  2014.0466        -1056.65            1.24
  2014.0493        -1056.27            1.17
  2014.0548        -1059.83            1.17
  2014.0575        -1054.47            1.25
  2014.0603        -1055.76            1.16
  2014.0630        -1057.22            1.29
  2014.0658        -1056.80            1.22
  2014.0685        -1054.94            1.18
  2014.0713        -1057.34            1.15
  2014.0740        -1055.89            1.16
  2014.0767        -1056.24            1.27
  2014.0795        -1053.98            1.20
  2014.0822        -1051.41            1.27
  2014.0850        -1053.31            1.26
  2014.0876        -1055.42            1.29
  2014.0905        -1057.58            1.19
  2014.0931        -1056.90            1.26
  2014.0959        -1056.30            1.21
  2014.0986        -1058.23            1.30
  2014.1013        -1058.18            1.18
  2014.1041        -1055.85            1.19
  2014.1068        -1061.47            1.17
  2014.1096        -1060.13            1.22
  2014.1123        -1059.40            1.17
  2014.1151        -1057.39            1.20
  2014.1178        -1059.69            1.23
  2014.1206        -1050.67            1.19
  2014.1233        -1057.36            1.25
  2014.1260        -1054.90            1.19
  2014.1288        -1055.07            1.17
  2014.1315        -1054.54            1.21
  2014.1343        -1056.28            1.17
  2014.1370        -1056.42            1.32
  2014.1398        -1058.32            1.25
  2014.1425        -1056.24            1.29
  2014.1453        -1057.05            1.28
  2014.1479        -1056.51            1.18
  2014.1506        -1047.73            1.14
  2014.1534        -1055.06            1.24
  2014.1561        -1057.32            1.21
  2014.1589        -1057.95            1.21
  2014.1616        -1055.38            1.13
  2014.1644        -1053.50            1.20
  2014.1671        -1055.30            1.21
  2014.1699        -1056.88            1.40
  2014.1726        -1061.08            1.24
  2014.1753        -1056.25            1.21
  2014.1781        -1053.48            1.27
  2014.1808        -1057.42            1.19
  2014.1836        -1053.87            1.26
  2014.1863        -1058.25            1.27
  2014.1891        -1058.97            1.18
  2014.1918        -1059.10            1.18
  2014.1946        -1058.04            1.17
  2014.1973        -1055.74            1.21
  2014.2000        -1058.36            1.20
  2014.2028        -1063.18            1.24
  2014.2054        -1054.60            1.27
  2014.2083        -1059.32            1.20
  2014.2109        -1058.79            1.17
  2014.2137        -1059.78            1.20
  2014.2164        -1058.65            1.49
  2014.2192        -1056.39            1.20
  2014.2219        -1061.35            1.15
  2014.2246        -1058.83            1.09
  2014.2274        -1060.45            1.18
  2014.2301        -1051.15            1.20
  2014.2329        -1057.66            1.15
  2014.2356        -1057.82            1.17
  2014.2384        -1061.63            1.19
  2014.2411        -1058.21            1.22
  2014.2439        -1061.33            1.28
  2014.2466        -1062.86            1.26
  2014.2493        -1057.73            1.09
  2014.2521        -1059.44            1.09
  2014.2548        -1060.44            1.16
  2014.2576        -1058.60            1.10
  2014.2603        -1057.59            1.16
  2014.2631        -1058.69            1.11
  2014.2657        -1059.92            1.17
  2014.2684        -1063.90            1.24
  2014.2712        -1059.99            1.17
  2014.2739        -1062.12            1.18
  2014.2767        -1060.07            1.18
  2014.2794        -1061.86            1.18
  2014.2822        -1061.66            1.05
  2014.2849        -1062.34            1.03
  2014.2877        -1060.35            1.13
  2014.2904        -1063.95            1.09
  2014.2931        -1062.86            1.07
  2014.2959        -1060.35            1.04
  2014.2986        -1061.12            1.03
  2014.3014        -1061.54            1.03
  2014.3041        -1061.42            1.10
  2014.3069        -1060.95            1.04
  2014.3096        -1062.49            1.02
  2014.3124        -1060.91            1.09
  2014.3151        -1060.87            1.03
  2014.3177        -1063.46            1.03
  2014.3206        -1062.99            1.06
  2014.3232        -1061.36            0.98
  2014.3260        -1062.69            1.03
  2014.3287        -1061.78            1.10
  2014.3315        -1062.59            1.07
  2014.3342        -1062.10            1.08
