  2011.6876            0.00            0.39
  2011.6904          -12.72            0.17
  2011.6931          -10.08            0.17
  2011.6959            3.00            0.17
  2011.6986           -7.89            0.16
  2011.7014           -8.69            0.16
  2011.7041           -6.13            0.17
  2011.7069           -9.04            0.15
  2011.7096           -8.98            0.16
  2011.7123           -6.56            0.16
  2011.7151           -7.75            0.15
  2011.7178           -6.93            0.15
  2011.7206           -6.43            0.17
  2011.7233           -6.22            0.15
  2011.7261           -5.36            0.16
  2011.7288           -5.50            0.16
  2011.7316           -2.37            0.16
  2011.7343           -9.06            0.17
  2011.7369           -5.84            0.16
  2011.7397           -8.60            0.16
  2011.7424           -7.79            0.16
  2011.7452           -4.37            0.16
  2011.7479           -5.30            0.18
  2011.7507           -7.57            0.19
  2011.7534           -6.59            0.17
  2011.7561           -0.97            0.17
  2011.7589            2.84            0.18
  2011.7616           -0.64            0.21
  2011.7644           -6.34            0.18
  2011.7671           -5.37            0.17
  2011.7699           -5.71            0.18
  2011.7726           -3.32            0.16
  2011.7754           -4.67            0.17
  2011.7781           -2.49            0.20
  2011.7808           -6.51            0.18
  2011.7836           -4.90            0.17
  2011.7863           -5.37            0.18
  2011.7891           -3.10            0.18
  2011.7917           -3.81            0.19
  2011.7946           -4.17            0.16
  2011.7972           -3.87            0.16
  2011.8000            0.61            0.19
  2011.8027           -1.58            0.18
  2011.8054           -5.56            0.17
  2011.8082           -2.59            0.16
  2011.8109            3.24            0.17
  2011.8137           -1.21            0.42
  2011.8164           -1.13            0.23
  2011.8219            4.85            0.17
  2011.8247            0.32            0.18
  2011.8274           -0.92            0.18
  2011.8301           -1.43            0.17
  2011.8329            4.06            0.18
  2011.8356            3.54            0.17
  2011.8384            2.22            0.16
  2011.8411           -0.29            0.19
  2011.8439           -0.47            0.17
  2011.8466            0.48            0.17
  2011.8494            0.65            0.15
  2011.8521            6.13            0.25
  2011.8547           -6.07            0.17
  2011.8575           -2.63            0.18
  2011.8602            0.30            0.18
  2011.8630           -0.51            0.18
  2011.8657            0.79            0.20
  2011.8685            1.03            0.21
  2011.8712           -0.44            0.21
  2011.8740            1.48            0.21
  2011.8767           -0.91            0.19
  2011.8794            3.03            0.18
  2011.8822           10.95            0.20
  2011.8849            0.22            0.17
  2011.8877            9.62            0.19
  2011.8904            2.52            0.23
  2011.8932            3.75            0.18
  2011.8959            3.80            0.19
  2011.8987            7.12            0.18
  2011.9014           -0.40            0.18
  2011.9041            2.14            0.18
  2011.9069           14.35            0.19
  2011.9095            0.89            0.19
  2011.9124           -0.49            0.19
  2011.9150            1.79            0.19
  2011.9178            4.06            0.22
  2011.9205           13.62            0.19
  2011.9233            8.70            0.19
  2011.9260            2.35            0.18
  2011.9287            2.82            0.21
  2011.9315            3.11            0.21
  2011.9342            0.53            0.19
  2011.9370            2.55            0.20
  2011.9397            2.09            0.18
  2011.9425            9.88            0.18
  2011.9452            2.92            0.18
  2011.9480            0.02            0.17
  2011.9507            0.90            0.17
  2011.9534            2.49            0.18
  2011.9562            0.69            0.19
  2011.9589            0.66            0.18
  2011.9617            4.19            0.17
  2011.9644            0.39            0.17
  2011.9672            4.24            0.19
  2011.9698           18.06            0.18
  2011.9727            9.10            0.18
  2011.9753            0.97            0.17
  2011.9780            2.35            0.16
  2011.9808            2.01            0.17
  2011.9835            3.95            0.16
  2011.9863            2.29            0.17
  2011.9890            2.05            0.16
  2011.9918            4.43            0.17
  2011.9945            2.30            0.17
  2011.9973            3.06            0.17
  2012.0000            1.97            0.16
