  2010.1836            0.00            1.33
  2010.1863           -3.83            1.30
  2010.1891           -7.42            1.25
  2010.1918          -47.63            1.33
  2010.1946         -132.12            1.27
  2010.1973         -139.56            1.30
  2010.2000         -145.20            1.22
  2010.2028         -148.35            1.19
  2010.2054         -151.37            1.23
  2010.2083         -154.72            1.24
  2010.2109         -157.14            1.28
  2010.2137         -159.27            1.24
  2010.2164         -160.53            1.36
  2010.2192         -171.44            1.39
  2010.2219         -170.35            1.27
  2010.2246         -172.16            1.23
  2010.2274         -171.87            1.21
  2010.2301         -174.55            1.16
  2010.2329         -176.23            1.26
  2010.2356         -177.40            1.22
  2010.2384         -180.52            1.24
  2010.2411         -181.31            1.29
  2010.2439         -183.26            1.48
  2010.2466         -185.65            1.62
  2010.2493         -186.99            1.52
  2010.2521         -186.37            1.50
  2010.2548         -188.78            1.44
  2010.2576         -189.95            1.01
  2010.2603         -191.67            1.44
  2010.2631         -191.26            1.52
  2010.2657         -193.54            1.49
  2010.2684         -195.62            1.43
  2010.2712         -196.43            1.46
  2010.2739         -196.81            1.55
  2010.2767         -202.04            1.49
  2010.2794         -202.03            1.55
  2010.2822         -203.56            1.46
  2010.2849         -204.98            1.44
  2010.2877         -205.07            1.49
  2010.2904         -207.03            1.57
  2010.2931         -209.00            1.51
  2010.2959         -210.97            1.52
  2010.2986         -210.80            1.49
  2010.3014         -211.21            1.44
  2010.3069         -213.08            1.41
  2010.3096         -213.35            1.43
  2010.3124         -215.27            1.45
  2010.3151         -216.20            1.44
  2010.3177         -217.05            1.47
  2010.3206         -216.21            1.44
  2010.3232         -216.24            1.48
  2010.3260         -218.18            1.44
  2010.3287         -221.08            1.52
  2010.3315         -220.00            1.49
  2010.3424         -223.73            1.52
  2010.3452         -223.71            1.45
  2010.3479         -224.87            1.45
  2010.3507         -225.16            1.40
  2010.3534         -226.67            1.36
  2010.3562         -228.52            1.40
  2010.3589         -228.80            1.43
  2010.3617         -229.83            2.29
  2010.3644         -230.98            1.50
  2010.3726         -233.09            1.49
  2010.3754         -232.11            1.45
  2010.3781         -234.20            1.43
  2010.3809         -235.70            1.39
  2010.3835         -234.64            1.41
  2010.3864         -235.52            1.47
  2010.3890         -237.81            1.49
  2010.3917         -237.69            1.44
  2010.3945         -240.31            1.44
  2010.3972         -239.72            1.45
  2010.4000         -239.17            1.44
  2010.4027         -240.34            1.41
  2010.4055         -240.89            1.47
  2010.4082         -241.97            1.49
  2010.4110         -240.98            3.15
  2010.4137         -240.97            1.38
  2010.4164         -241.83            1.40
  2010.4192         -241.25            1.44
  2010.4219         -244.52            1.39
  2010.4247         -243.59            1.42
  2010.4274         -246.20            1.37
  2010.4302         -246.15            1.36
  2010.4329         -246.33            1.36
  2010.4357         -245.78            1.30
  2010.4384         -245.24            1.14
  2010.4410         -247.17            1.12
  2010.4438         -246.65            1.20
  2010.4465         -248.16            1.14
  2010.4493         -249.58            1.16
  2010.4520         -250.19            1.32
  2010.4548         -249.95            1.15
  2010.4575         -251.96            1.18
  2010.4603         -251.28            1.39
  2010.4630         -253.17            1.34
  2010.4657         -251.47            1.32
  2010.4685         -255.60            1.13
  2010.4712         -255.61            1.18
  2010.4740         -254.70            1.15
  2010.4767         -257.86            1.26
  2010.4795         -257.35            1.24
  2010.4822         -258.22            1.15
  2010.4850         -257.60            1.12
  2010.4877         -261.41            1.15
  2010.4904         -260.68            1.17
  2010.4932         -261.92            1.13
  2010.4958         -262.12            1.13
  2010.4987         -261.96            1.15
  2010.5013         -262.13            1.09
  2010.5042         -262.68            1.14
  2010.5068         -263.92            1.19
  2010.5096         -265.05            1.15
  2010.5123         -264.45            1.25
  2010.5150         -265.86            1.22
  2010.5178         -265.54            1.17
  2010.5205         -266.33            1.12
  2010.5233         -266.23            1.16
  2010.5260         -267.65            1.22
  2010.5288         -268.58            1.15
  2010.5315         -268.92            1.09
  2010.5343         -269.36            1.11
  2010.5370         -269.43            1.14
  2010.5397         -270.48            1.13
  2010.5425         -268.64            1.17
  2010.5452         -270.54            1.09
  2010.5480         -271.63            1.13
  2010.5507         -270.41            1.16
  2010.5535         -271.62            1.16
  2010.5562         -271.98            1.19
  2010.5590         -272.24            1.22
  2010.5616         -272.49            1.25
  2010.5643         -271.55            1.20
  2010.5671         -271.46            1.13
  2010.5698         -273.74            1.18
  2010.5726         -273.30            1.21
  2010.5753         -274.02            1.20
  2010.5781         -275.35            1.25
  2010.5808         -276.88            1.21
  2010.5836         -275.26            1.15
  2010.5863         -275.94            1.15
  2010.5890         -275.44            1.14
  2010.5918         -276.28            1.13
  2010.5945         -276.79            2.37
  2010.5973         -276.18            1.14
  2010.6000         -277.03            1.12
  2010.6028         -277.71            1.10
  2010.6055         -277.56            1.10
  2010.6083         -278.87            1.09
  2010.6110         -278.67            1.14
  2010.6136         -278.96            1.10
  2010.6165         -279.61            1.09
  2010.6191         -278.87            1.08
  2010.6219         -279.47            1.11
  2010.6246         -280.10            1.18
  2010.6274         -280.30            1.24
  2010.6301         -280.42            1.13
  2010.6329         -280.60            1.10
  2010.6356         -281.08            1.11
  2010.6383         -281.01            1.23
  2010.6411         -283.22            1.12
  2010.6438         -284.01            1.12
  2010.6466         -283.37            1.10
  2010.6493         -283.34            1.10
  2010.6521         -284.41            1.15
  2010.6548         -284.69            1.15
  2010.6576         -283.37            1.16
  2010.6603         -283.68            1.07
  2010.6630         -285.03            1.14
  2010.6658         -285.23            1.12
  2010.6685         -285.88            1.12
  2010.6713         -284.88            1.15
  2010.6740         -285.11            1.21
  2010.6768         -285.10            1.17
  2010.6794         -284.95            1.06
  2010.6823         -286.32            1.08
  2010.6849         -285.52            1.08
  2010.6876         -286.80            1.10
  2010.6904         -286.66            1.08
  2010.6931         -287.51            1.09
  2010.6959         -288.05            1.15
  2010.6986         -288.54            1.12
  2010.7014         -289.46            1.09
  2010.7041         -289.16            1.14
  2010.7069         -288.42            1.21
  2010.7096         -288.18            1.12
  2010.7123         -288.86            1.09
  2010.7151         -289.88            1.13
  2010.7178         -290.59            1.11
  2010.7206         -290.93            1.08
  2010.7233         -290.51            1.07
  2010.7261         -290.64            1.06
  2010.7288         -291.56            1.07
  2010.7316         -291.37            1.05
  2010.7343         -291.41            1.09
  2010.7369         -293.06            1.17
  2010.7397         -292.74            1.15
  2010.7424         -293.04            1.16
  2010.7452         -292.19            1.07
  2010.7479         -292.84            1.13
  2010.7507         -292.76            1.13
  2010.7534         -292.91            1.11
  2010.7561         -293.02            1.16
  2010.7589         -293.37            1.08
  2010.7616         -294.38            1.09
  2010.7644         -294.18            1.10
  2010.7671         -294.47            1.09
  2010.7699         -294.23            1.10
  2010.7726         -294.82            1.05
  2010.7754         -296.51            1.07
  2010.7781         -297.35            1.07
  2010.7808         -297.25            1.12
  2010.7836         -297.93            1.14
  2010.7863         -295.29            1.24
  2010.7891         -297.72            1.11
  2010.7917         -297.57            1.08
  2010.7946         -296.51            1.09
  2010.7972         -296.02            1.12
  2010.8000         -298.41            1.10
  2010.8027         -297.70            1.16
  2010.8054         -298.15            1.11
  2010.8082         -298.78            1.13
  2010.8109         -299.02            1.10
  2010.8137         -300.92            1.06
  2010.8164         -300.33            1.10
  2010.8192         -299.88            1.16
  2010.8219         -301.27            1.18
  2010.8247         -301.85            1.18
  2010.8274         -301.31            1.22
  2010.8301         -301.88            1.09
  2010.8329         -301.05            1.17
  2010.8356         -302.08            1.11
  2010.8384         -302.10            1.14
  2010.8411         -301.85            1.12
  2010.8439         -303.62            1.10
  2010.8466         -303.41            1.09
  2010.8494         -302.79            1.16
  2010.8521         -305.09            1.22
  2010.8547         -305.36            1.14
  2010.8575         -303.38            1.08
  2010.8602         -303.48            1.12
  2010.8630         -304.26            1.07
  2010.8657         -305.47            1.09
  2010.8685         -304.97            1.21
  2010.8712         -305.22            1.12
  2010.8740         -304.23            1.10
  2010.8767         -305.63            1.15
  2010.8794         -305.10            1.12
  2010.8822         -304.91            1.12
  2010.8849         -307.08            1.17
  2010.8877         -307.06            1.18
  2010.8904         -307.62            1.16
  2010.8932         -307.15            1.16
  2010.8959         -306.33            1.16
  2010.8987         -307.48            1.29
  2010.9014         -307.81            1.11
  2010.9041         -305.91            1.15
  2010.9069         -307.78            1.08
  2010.9095         -305.63            1.11
  2010.9124         -306.49            1.11
  2010.9150         -306.49            1.09
  2010.9178         -306.85            1.09
  2010.9205         -307.30            1.05
  2010.9233         -307.21            1.08
  2010.9260         -305.02            1.05
  2010.9287         -305.85            1.04
  2010.9315         -307.04            1.09
  2010.9342         -306.16            1.38
  2010.9370         -307.75            1.33
  2010.9397         -306.60            1.33
  2010.9425         -306.71            1.31
  2010.9452         -306.31            1.39
  2010.9480         -307.30            1.38
  2010.9507         -308.43            1.32
  2010.9562         -307.17            1.34
  2010.9589         -306.24            1.36
  2010.9644         -307.38            1.32
  2011.0027         -308.05            1.43
  2011.0055         -310.57            1.46
  2011.0082         -309.16            1.54
  2011.0110         -309.12            1.53
  2011.0137         -309.39            1.40
  2011.0165         -310.72            1.41
  2011.0192         -310.96            1.42
  2011.0220         -310.81            1.44
  2011.0247         -312.66            1.43
  2011.0273         -312.55            1.41
  2011.0302         -312.93            1.45
  2011.0328         -312.52            1.45
  2011.0356         -313.33            1.50
  2011.0383         -312.55            1.45
  2011.0411         -313.15            1.50
  2011.0438         -311.60            1.58
  2011.0466         -312.70            1.43
  2011.0493         -314.30            1.64
  2011.0520         -312.21            1.57
  2011.0548         -313.29            1.53
  2011.0575         -313.49            1.49
  2011.0603         -312.86            1.51
  2011.0630         -313.24            1.47
  2011.0658         -313.59            1.50
  2011.0685         -314.11            1.50
  2011.0713         -314.30            1.56
  2011.0740         -314.12            1.56
  2011.0767         -314.24            1.48
  2011.0795         -313.86            1.48
  2011.0822         -314.88            1.52
  2011.0850         -315.09            1.51
  2011.0876         -314.44            1.42
  2011.0905         -314.79            1.47
  2011.0931         -316.55            1.50
  2011.0959         -315.23            1.44
  2011.0986         -316.26            1.40
  2011.1013         -317.39            1.47
  2011.1041         -316.51            1.43
  2011.1068         -315.28            1.57
  2011.1096         -317.21            1.50
  2011.1123         -315.95            1.60
  2011.1151         -316.13            1.52
  2011.1178         -314.79            1.62
  2011.1206         -318.48            1.79
  2011.1233         -318.02            1.50
  2011.1260         -319.13            1.47
  2011.1288         -320.55            1.54
  2011.1315         -318.67            1.56
  2011.1343         -317.73            1.52
  2011.1370         -319.15            1.55
  2011.1398         -318.54            1.50
  2011.1425         -318.19            1.55
  2011.1453         -318.34            1.51
  2011.1479         -317.19            1.65
  2011.1506         -317.02            1.55
  2011.1534         -318.37            1.52
  2011.1561         -319.28            1.44
  2011.1589         -317.75            1.44
  2011.1616         -318.79            1.44
  2011.1644         -318.93            1.48
  2011.1671         -318.10            1.49
  2011.1699         -319.23            1.53
  2011.1726         -318.97            1.51
  2011.1753         -319.29            1.53
  2011.1781         -321.12            1.94
  2011.1808         -321.08            1.47
  2011.1836         -321.93            1.49
  2011.1863         -321.83            1.56
  2011.1891         -321.45            1.81
  2011.1918         -322.38            1.78
  2011.1946         -323.27            1.74
  2011.1973         -322.35            1.50
  2011.2000         -324.91            1.66
  2011.2028         -322.87            1.75
  2011.2054         -326.41            1.64
  2011.2083         -326.45            1.58
  2011.2109         -324.30            1.49
  2011.2137         -324.60            1.45
  2011.2164         -323.50            1.43
  2011.2192         -323.18            1.58
  2011.2219         -325.42            1.58
  2011.2274         -324.24            1.54
  2011.2301         -324.68            1.58
  2011.2329         -325.45            1.50
  2011.2356         -324.42            1.48
  2011.2384         -324.01            1.44
  2011.2411         -324.09            1.50
  2011.2439         -323.82            1.48
  2011.2466         -324.84            1.71
  2011.2493         -324.82            1.62
  2011.2521         -324.30            1.57
  2011.2548         -325.08            1.48
  2011.2576         -324.70            1.44
  2011.2603         -324.73            1.85
  2011.2631         -324.92            1.46
  2011.2657         -324.26            1.47
  2011.2684         -323.40            1.43
  2011.2712         -322.82            1.46
  2011.2739         -325.43            1.52
  2011.2767         -326.81            1.63
  2011.2794         -326.81            1.53
  2011.2822         -326.18            1.59
  2011.2849         -325.75            1.60
  2011.2877         -327.57            1.56
  2011.2904         -325.57            1.50
  2011.2931         -330.21            3.39
  2011.2959         -328.12            1.40
  2011.2986         -328.58            1.42
  2011.3014         -329.90            1.51
  2011.3041         -330.29            1.64
  2011.3069         -329.27            1.61
  2011.3096         -328.75            1.42
  2011.3124         -328.85            1.42
  2011.3151         -327.28            1.37
  2011.3177         -327.84            1.37
  2011.3206         -329.11            1.39
  2011.3232         -327.73            1.50
  2011.3260         -327.86            1.42
  2011.3287         -332.11            1.41
  2011.3315         -329.26            1.39
  2011.3342         -329.50            1.37
  2011.3370         -327.43            1.46
  2011.3397         -329.34            1.44
  2011.3424         -329.86            1.44
  2011.3452         -327.32            1.38
  2011.3479         -329.67            1.45
  2011.3507         -330.91            1.38
  2011.3534         -329.34            1.43
  2011.3562         -332.27            1.54
  2011.3589         -329.66            1.43
  2011.3617         -329.50            1.40
  2011.3644         -329.59            1.35
  2011.3671         -330.90            1.39
  2011.3699         -330.89            1.44
  2011.3726         -332.44            1.48
  2011.3754         -331.57            1.44
  2011.3781         -331.84            1.47
  2011.3809         -332.99            1.55
  2011.3835         -329.47            1.56
  2011.3864         -332.34            1.49
  2011.3890         -333.15            1.48
  2011.3917         -333.01            1.48
  2011.3945         -335.40            1.51
  2011.3972         -332.80            1.42
  2011.4000         -332.82            1.40
  2011.4027         -334.50            1.47
  2011.4055         -333.82            1.42
  2011.4082         -335.33            1.38
  2011.4110         -334.63            1.39
  2011.4137         -334.67            1.40
  2011.4164         -335.65            1.39
  2011.4192         -334.92            1.47
  2011.4219         -334.63            1.37
  2011.4247         -336.59            1.45
  2011.4274         -335.88            1.50
  2011.4302         -337.40            1.53
  2011.4329         -336.10            1.65
  2011.4357         -338.44            1.67
  2011.4384         -337.11            1.44
  2011.4410         -334.52            1.56
  2011.4438         -335.02            1.50
  2011.4465         -338.50            1.52
  2011.4493         -337.98            1.42
  2011.4520         -338.85            1.43
  2011.4548         -338.72            1.71
  2011.4575         -339.35            1.51
  2011.4603         -337.53            1.52
  2011.4630         -340.48            1.62
  2011.4657         -339.56            1.70
  2011.4685         -340.12            1.59
  2011.4712         -336.97            1.50
  2011.4740         -338.04            1.49
  2011.4767         -338.37            1.54
  2011.4795         -338.66            1.47
  2011.4822         -336.14            1.46
  2011.4850         -338.81            1.46
  2011.4877         -339.95            1.47
  2011.4904         -340.41            1.47
  2011.4932         -338.96            1.56
  2011.4958         -339.25            1.49
  2011.4987         -341.35            1.45
  2011.5013         -340.15            1.44
  2011.5042         -338.80            1.45
  2011.5068         -341.54            1.61
  2011.5096         -337.98            1.69
  2011.5123         -340.68            1.57
  2011.5150         -340.12            1.52
  2011.5178         -340.47            1.57
  2011.5205         -342.30            1.52
  2011.5233         -340.57            1.47
  2011.5260         -339.80            1.61
  2011.5315         -342.36            1.51
  2011.5343         -342.68            1.67
  2011.5370         -342.47            1.67
  2011.5397         -341.62            1.70
  2011.5425         -340.47            1.66
  2011.5452         -340.29            1.51
  2011.5480         -343.42            1.54
  2011.5507         -343.57            1.57
  2011.5535         -344.15            1.55
  2011.5562         -341.14            2.02
  2011.5590         -343.23            1.61
  2011.5616         -344.08            1.50
  2011.5643         -342.11            1.57
  2011.5671         -341.03            1.64
  2011.5698         -343.25            1.55
  2011.5726         -343.36            1.57
  2011.5753         -343.82            1.50
  2011.5781         -342.58            1.49
  2011.5808         -342.56            1.46
  2011.5836         -343.11            1.65
  2011.5863         -343.66            1.60
  2011.5890         -342.90            1.52
  2011.5918         -343.42            1.68
  2011.5945         -344.56            1.67
  2011.5973         -343.40            1.72
  2011.6000         -344.66            1.71
  2011.6028         -343.13            1.75
  2011.6055         -343.42            1.70
  2011.6083         -344.85            1.55
  2011.6110         -343.98            1.77
  2011.6136         -346.98            1.70
  2011.6165         -345.70            1.66
  2011.6191         -346.88            1.58
  2011.6219         -346.22            1.58
  2011.6246         -347.37            1.79
  2011.6274         -344.36            1.59
  2011.6301         -344.64            1.62
  2011.6329         -345.63            1.52
  2011.6356         -343.65            1.60
  2011.6383         -345.33            1.52
  2011.6411         -345.45            1.49
  2011.6438         -344.15            1.48
  2011.6466         -346.13            1.56
  2011.6493         -344.96            1.54
  2011.6521         -343.82            1.65
  2011.6548         -346.14            1.71
  2011.6576         -344.61            1.70
  2011.6603         -343.80            1.78
  2011.6630         -344.75            1.76
  2011.6658         -344.17            1.48
  2011.6685         -345.47            1.59
  2011.6713         -345.48            1.57
  2011.6740         -344.52            1.63
  2011.6768         -347.47            1.60
  2011.6794         -347.10            1.67
  2011.6823         -346.10            1.52
  2011.6849         -347.01            1.58
  2011.6876         -347.74            1.67
  2011.6904         -346.89            1.72
  2011.6931         -346.00            1.63
  2011.6959         -347.41            1.63
  2011.6986         -345.86            1.62
  2011.7014         -345.33            1.59
  2011.7041         -345.95            1.61
  2011.7069         -345.80            1.55
  2011.7096         -347.39            1.68
  2011.7123         -345.89            1.52
  2011.7151         -347.71            1.52
  2011.7178         -347.02            1.49
  2011.7206         -346.83            1.54
  2011.7233         -347.79            1.56
  2011.7261         -347.85            1.59
  2011.7288         -347.57            1.54
  2011.7316         -348.56            1.61
  2011.7343         -347.72            1.58
  2011.7369         -347.65            1.62
  2011.7397         -348.20            1.61
  2011.7424         -349.62            1.69
  2011.7452         -350.12            1.60
  2011.7479         -348.24            1.67
  2011.7507         -348.46            1.70
  2011.7534         -349.36            1.55
  2011.7561         -349.17            1.65
  2011.7589         -348.97            1.79
  2011.7616         -347.82            1.84
  2011.7644         -349.54            1.78
  2011.7671         -350.88            1.70
  2011.7699         -350.47            1.69
  2011.7726         -352.45            1.61
  2011.7754         -352.43            1.68
  2011.7781         -351.55            1.85
  2011.7808         -353.67            1.79
  2011.7836         -352.36            1.69
  2011.7863         -350.20            1.69
  2011.7891         -350.25            1.81
  2011.7917         -349.57            1.85
  2011.7946         -350.42            1.65
  2011.7972         -349.85            1.70
  2011.8000         -350.62            1.78
  2011.8027         -347.91            1.83
  2011.8054         -352.09            1.78
  2011.8082         -352.41            1.74
  2011.8109         -349.94            1.75
  2011.8137         -352.28            2.22
  2011.8164         -349.64            1.95
  2011.8192         -350.90            1.73
  2011.8219         -350.67            1.71
  2011.8247         -351.17            1.75
  2011.8274         -350.30            1.73
  2011.8301         -351.72            1.65
  2011.8329         -352.83            1.69
  2011.8356         -353.86            1.75
  2011.8384         -353.54            1.78
  2011.8411         -353.33            1.76
  2011.8439         -352.45            1.75
  2011.8466         -352.07            1.84
  2011.8494         -352.33            1.81
  2011.8521         -352.40            1.76
  2011.8547         -351.85            2.02
  2011.8575         -352.75            1.96
  2011.8602         -351.33            1.91
  2011.8630         -353.16            1.81
  2011.8657         -354.49            1.86
  2011.8685         -355.05            1.85
  2011.8712         -352.20            1.93
  2011.8740         -354.25            1.95
  2011.8767         -352.67            1.98
  2011.8794         -353.18            1.82
  2011.8822         -353.90            1.86
  2011.8849         -353.48            1.82
  2011.8877         -353.28            1.87
  2011.8904         -353.98            1.88
  2011.8932         -355.08            1.80
  2011.8959         -353.39            1.84
  2011.8987         -353.30            1.70
  2011.9014         -354.90            1.70
  2011.9041         -355.12            1.62
  2011.9069         -357.10            1.71
  2011.9095         -354.77            1.77
  2011.9124         -355.58            1.75
  2011.9150         -354.42            1.78
  2011.9178         -355.28            1.80
  2011.9205         -354.56            1.75
  2011.9233         -354.19            1.69
  2011.9260         -357.61            1.73
  2011.9287         -355.29            1.89
  2011.9315         -355.77            1.86
  2011.9342         -356.01            1.84
  2011.9370         -356.18            1.85
  2011.9397         -355.18            1.78
  2011.9425         -356.07            1.77
  2011.9452         -354.62            1.78
  2011.9480         -353.99            1.81
  2011.9507         -354.86            1.70
  2011.9534         -354.63            1.73
  2011.9562         -355.60            1.79
  2011.9589         -356.20            1.77
  2011.9617         -355.45            1.69
  2011.9644         -357.28            1.75
  2011.9672         -356.31            1.77
  2011.9698         -357.02            1.76
  2011.9727         -358.27            1.71
  2011.9753         -359.00            1.71
  2011.9780         -356.65            1.58
  2011.9808         -357.14            1.61
  2011.9835         -355.29            1.55
  2011.9863         -354.46            1.64
  2011.9890         -354.52            1.59
  2011.9918         -353.91            1.75
  2011.9945         -355.56            1.64
  2011.9973         -354.03            1.66
  2012.0000         -356.12            1.63
  2012.0027         -353.57            1.60
  2012.0055         -356.08            1.61
  2012.0082         -354.23            1.50
  2012.0110         -353.94            1.53
  2012.0137         -354.47            1.73
  2012.0165         -355.20            1.56
  2012.0192         -355.05            1.60
  2012.0220         -354.49            1.61
  2012.0247         -355.72            1.87
  2012.0273         -353.85            1.86
  2012.0302         -354.68            1.64
  2012.0328         -354.23            1.54
  2012.0356         -354.94            1.59
  2012.0383         -353.35            1.62
  2012.0411         -355.12            1.77
  2012.0438         -355.76            1.54
  2012.0466         -354.24            1.80
  2012.0493         -354.76            1.83
  2012.0520         -355.12            1.59
  2012.0548         -355.47            1.75
  2012.0603         -361.51            1.78
  2012.0630         -355.20            1.70
  2012.0658         -355.81            1.71
  2012.0685         -355.44            2.21
  2012.0713         -354.26            2.24
  2012.0740         -356.22            2.04
  2012.0767         -354.71            2.29
  2012.0795         -356.38            1.89
  2012.0822         -356.14            1.86
  2012.0850         -355.82            1.72
  2012.0876         -355.73            1.71
  2012.0905         -355.19            1.81
  2012.0931         -356.70            1.62
  2012.0959         -357.41            1.76
  2012.0986         -355.81            1.68
  2012.1013         -356.04            1.73
  2012.1041         -354.59            1.85
  2012.1068         -355.31            1.74
  2012.1096         -355.19            1.59
  2012.1123         -356.93            1.62
  2012.1151         -354.41            1.67
  2012.1178         -356.08            1.90
  2012.1206         -358.91            1.96
  2012.1233         -356.33            1.80
  2012.1260         -356.10            1.71
  2012.1288         -359.77            1.81
  2012.1315         -359.13            1.93
  2012.1343         -359.19            1.91
  2012.1370         -354.91            1.84
  2012.1398         -356.45            1.73
  2012.1425         -355.95            1.60
  2012.1453         -357.91            1.64
  2012.1479         -356.41            1.58
  2012.1506         -354.63            1.61
  2012.1534         -357.19            1.67
  2012.1561         -360.27            1.66
  2012.1589         -358.02            1.76
  2012.1616         -357.81            1.64
  2012.1644         -355.69            1.70
  2012.1671         -358.32            1.70
  2012.1699         -359.22            1.57
  2012.1726         -355.91            1.70
  2012.1753         -359.72            1.65
  2012.1781         -359.38            1.83
  2012.1808         -357.34            1.62
  2012.1836         -354.82            1.87
  2012.1863         -358.61            1.58
  2012.1891         -358.03            1.60
  2012.1918         -356.97            1.65
  2012.1946         -355.80            1.67
  2012.1973         -357.75            1.69
  2012.2000         -358.45            1.69
  2012.2028         -358.49            1.59
  2012.2054         -357.94            1.56
  2012.2083         -360.55            1.53
  2012.2109         -350.44            1.70
  2012.2137         -357.84            1.60
  2012.2164         -357.08            1.68
  2012.2192         -355.78            1.53
  2012.2219         -356.23            1.59
  2012.2246         -356.96            1.56
  2012.2274         -357.18            1.49
  2012.2301         -357.50            1.48
  2012.2329         -358.05            1.52
  2012.2356         -357.97            1.57
  2012.2384         -359.38            1.48
  2012.2411         -358.50            1.57
  2012.2439         -358.88            1.59
  2012.2466         -359.22            1.48
  2012.2493         -358.87            1.61
  2012.2521         -358.96            1.55
  2012.2548         -359.85            1.57
  2012.2576         -361.17            1.57
  2012.2603         -360.26            1.72
  2012.2631         -358.33            1.64
  2012.2657         -360.28            1.51
  2012.2684         -359.86            1.57
  2012.2712         -358.65            1.63
  2012.2739         -359.70            1.60
  2012.2767         -363.16            1.55
  2012.2794         -357.67            1.52
  2012.2822         -359.53            1.53
  2012.2849         -357.79            1.72
  2012.2877         -358.13            1.65
  2012.2904         -359.16            1.61
  2012.2931         -358.86            1.49
  2012.2959         -359.66            1.52
  2012.2986         -361.30            1.56
  2012.3014         -361.37            1.50
  2012.3041         -360.48            1.50
  2012.3069         -360.75            1.51
  2012.3096         -359.91            1.36
  2012.3124         -360.12            1.44
  2012.3151         -358.24            1.60
  2012.3177         -361.06            1.56
  2012.3206         -359.01            1.43
  2012.3232         -359.47            1.48
  2012.3260         -360.80            1.47
  2012.3287         -360.56            1.41
  2012.3315         -360.39            1.44
  2012.3342         -360.55            1.44
  2012.3370         -362.41            1.48
  2012.3397         -361.22            1.44
  2012.3424         -359.78            1.39
  2012.3452         -358.89            1.41
  2012.3479         -360.50            1.56
  2012.3507         -360.99            1.47
  2012.3534         -361.06            1.43
  2012.3562         -361.05            1.44
  2012.3589         -361.40            1.52
  2012.3617         -360.97            1.62
  2012.3644         -361.53            1.42
  2012.3671         -362.66            1.44
  2012.3699         -363.77            1.48
  2012.3726         -363.21            1.53
  2012.3754         -362.15            1.57
  2012.3781         -360.76            1.54
  2012.3809         -361.44            1.46
  2012.3835         -363.16            1.57
  2012.3864         -366.22            1.52
  2012.3890         -362.40            1.47
  2012.3917         -362.44            1.52
  2012.3945         -364.09            1.49
  2012.3972         -362.59            1.51
  2012.4000         -363.08            1.49
  2012.4027         -364.72            1.64
  2012.4055         -364.19            1.72
  2012.4110         -365.25            1.53
  2012.4137         -363.48            1.50
  2012.4164         -364.15            1.45
  2012.4192         -364.51            1.48
  2012.4219         -365.07            1.61
  2012.4247         -363.76            1.50
  2012.4274         -363.43            1.54
  2012.4302         -363.86            1.46
  2012.4329         -363.27            1.43
  2012.4357         -363.91            1.39
  2012.4384         -363.47            1.37
  2012.4410         -363.74            1.58
  2012.4438         -364.25            1.41
  2012.4465         -363.54            1.57
  2012.4493         -364.65            1.58
  2012.4520         -366.28            1.63
  2012.4548         -364.75            1.40
  2012.4575         -363.76            1.51
  2012.4603         -363.50            1.50
  2012.4630         -364.48            1.59
  2012.4685         -362.45            1.47
  2012.4712         -363.25            1.60
  2012.4740         -364.38            1.53
  2012.4767         -363.35            1.48
  2012.4795         -363.85            1.44
  2012.4822         -363.17            1.45
  2012.4850         -363.28            1.42
  2012.4877         -364.22            1.44
  2012.4904         -364.28            1.53
  2012.4932         -363.15            1.53
  2012.4958         -363.59            1.56
  2012.4987         -363.76            1.58
  2012.5013         -363.65            1.59
  2012.5042         -363.09            1.55
  2012.5068         -365.74            1.46
  2012.5096         -365.93            1.50
  2012.5123         -365.39            1.60
  2012.5150         -363.37            1.49
  2012.5178         -363.83            1.41
  2012.5205         -365.49            1.49
  2012.5233         -364.25            1.54
  2012.5260         -365.78            1.45
  2012.5288         -364.74            1.48
  2012.5315         -364.90            1.46
  2012.5343         -366.20            1.44
  2012.5370         -364.45            1.40
  2012.5397         -364.02            1.43
  2012.5425         -364.63            1.47
  2012.5452         -364.29            1.46
  2012.5480         -363.46            1.48
  2012.5507         -366.03            1.55
  2012.5535         -368.24            1.49
  2012.5562         -366.52            1.47
  2012.5590         -365.98            1.46
  2012.5616         -365.73            1.49
  2012.5643         -365.03            1.43
  2012.5671         -365.51            1.44
  2012.5698         -365.63            1.42
  2012.5726         -365.38            1.42
  2012.5753         -366.73            1.44
  2012.5781         -364.89            1.48
  2012.5808         -364.67            1.42
  2012.5836         -365.06            1.43
  2012.5863         -363.95            1.55
  2012.5890         -365.57            1.52
  2012.5918         -365.35            1.46
  2012.5945         -365.49            1.46
  2012.5973         -363.67            2.24
  2012.6000         -364.65            1.44
  2012.6028         -365.13            1.54
  2012.6055         -365.52            1.62
  2012.6083         -364.51            1.51
  2012.6110         -364.87            1.41
  2012.6136         -364.77            1.55
  2012.6165         -364.58            1.54
  2012.6191         -364.50            1.52
  2012.6219         -366.92            1.58
  2012.6246         -365.15            1.57
  2012.6274         -365.76            1.56
  2012.6301         -364.03            1.68
  2012.6329         -363.79            1.57
  2012.6356         -366.75            1.59
  2012.6383         -366.44            1.53
  2012.6411         -365.43            1.56
  2012.6438         -364.53            1.64
  2012.6466         -365.21            1.55
  2012.6493         -363.59            1.52
  2012.6521         -364.93            1.54
  2012.6576         -365.33            1.44
  2012.6630         -366.75            1.68
  2012.6658         -366.14            1.40
  2012.6685         -365.26            1.58
  2012.6713         -366.30            1.50
  2012.6740         -365.97            1.58
  2012.6768         -367.76            1.63
  2012.6794         -366.74            1.55
  2012.6823         -365.95            1.65
  2012.6849         -365.52            1.58
  2012.6876         -365.94            1.59
  2012.6904         -365.65            1.54
  2012.6931         -366.84            1.49
  2012.6959         -365.97            1.49
  2012.6986         -367.63            1.60
  2012.7014         -366.54            1.59
  2012.7041         -367.82            1.66
  2012.7069         -367.91            1.49
  2012.7096         -366.87            1.61
  2012.7123         -367.26            1.60
  2012.7151         -368.55            1.57
  2012.7178         -366.27            1.67
  2012.7206         -367.71            1.55
  2012.7233         -367.07            1.58
  2012.7261         -367.89            1.61
  2012.7288         -368.05            1.51
  2012.7316         -369.33            1.54
  2012.7343         -368.73            1.68
  2012.7369         -368.50            1.68
  2012.7397         -368.13            1.58
  2012.7424         -368.48            1.53
  2012.7452         -367.03            1.63
  2012.7479         -369.84            1.68
  2012.7507         -370.12            1.70
  2012.7534         -370.12            1.82
  2012.7561         -369.14            1.64
  2012.7589         -367.55            1.64
  2012.7616         -369.00            1.71
  2012.7644         -369.75            1.62
  2012.7671         -369.10            1.74
  2012.7699         -364.46            1.78
  2012.7726         -371.23            1.71
  2012.7754         -369.10            1.87
  2012.7781         -369.96            1.55
  2012.7808         -368.16            1.61
  2012.7836         -368.40            1.60
  2012.7863         -370.51            1.58
  2012.7891         -369.37            1.65
  2012.7917         -370.90            1.73
  2012.7946         -369.43            1.74
  2012.7972         -368.67            1.65
  2012.8000         -369.28            1.56
  2012.8027         -369.12            1.73
  2012.8054         -370.83            1.83
  2012.8082         -368.19            1.92
  2012.8109         -371.85            1.75
  2012.8137         -370.85            1.85
  2012.8164         -369.91            1.65
  2012.8192         -370.59            1.73
  2012.8219         -370.97            1.87
  2012.8247         -366.29            1.89
  2012.8274         -369.41            1.73
  2012.8301         -370.46            2.03
  2012.8329         -373.02            1.77
  2012.8356         -365.82            1.66
  2012.8384         -368.45            1.64
  2012.8411         -370.00            1.61
  2012.8439         -372.24            1.88
  2012.8466         -368.17            1.67
  2012.8494         -370.23            1.74
  2012.8521         -370.21            1.75
  2012.8547         -370.03            1.71
  2012.8575         -371.03            1.76
  2012.8602         -369.04            1.90
  2012.8630         -369.79            1.88
  2012.8657         -370.38            1.66
  2012.8685         -368.53            1.69
  2012.8712         -370.59            1.57
  2012.8740         -370.57            1.71
  2012.8767         -368.36            1.33
  2012.8794         -370.32            1.34
  2012.8822         -365.56            1.35
  2012.8849         -369.24            1.31
  2012.8877         -369.62            1.28
  2012.8904         -368.93            1.33
  2012.8932         -368.44            1.48
  2012.8959         -375.55            1.48
  2012.8987         -368.87            1.41
  2012.9014         -365.00            1.36
  2012.9041         -369.80            5.30
  2012.9069         -369.27            1.38
  2012.9095         -370.93            1.32
  2012.9124         -369.52            1.42
  2012.9150         -369.81            1.64
  2012.9178         -368.05            1.43
  2012.9205         -368.17            1.40
  2012.9233         -369.87            2.27
  2012.9260         -371.96            1.62
  2012.9287         -370.61            1.47
  2012.9315         -371.51            1.44
  2012.9342         -370.35            1.74
  2012.9370         -370.80            1.54
  2012.9397         -368.70            1.39
  2012.9425         -369.99            1.36
  2012.9452         -370.13            1.49
  2012.9480         -369.36            1.44
  2012.9507         -370.17            1.50
  2012.9534         -370.04            1.37
  2012.9562         -370.61            1.44
  2012.9589         -370.21            1.43
  2012.9617         -370.40            1.54
  2012.9644         -368.03            1.42
  2012.9672         -371.48            1.71
  2012.9698         -376.56            1.74
  2012.9727         -369.38            1.55
  2012.9753         -371.49            1.43
  2012.9780         -368.38            1.48
  2012.9808         -372.20            1.45
  2012.9835         -373.07            1.80
  2012.9863         -372.24            1.58
  2012.9890         -370.66            1.43
  2012.9918         -369.94            1.33
  2012.9945         -371.91            1.29
  2012.9973         -371.00            1.32
  2013.0000         -370.63            1.36
  2013.0027         -374.07            1.58
  2013.0027         -369.50            1.16
  2013.0055         -370.80            1.15
  2013.0082         -371.20            1.20
  2013.0110         -370.10            1.22
  2013.0137         -371.01            1.30
  2013.0165         -370.05            1.32
  2013.0192         -373.74            1.36
  2013.0220         -370.17            1.20
  2013.0247         -370.46            1.30
  2013.0273         -368.02            1.25
  2013.0302         -369.04            1.28
  2013.0328         -369.73            1.27
  2013.0356         -368.10            1.24
  2013.0383         -371.77            1.23
  2013.0411         -368.30            1.31
  2013.0438         -368.39            1.35
  2013.0466         -372.98            1.46
  2013.0493         -368.40            1.29
  2013.0520         -366.93            1.23
  2013.0548         -369.81            1.20
  2013.0575         -371.74            1.25
  2013.0603         -370.00            1.35
  2013.0630         -371.19            1.34
  2013.0658         -371.47            1.35
  2013.0685         -370.58            1.27
  2013.0713         -370.71            1.17
  2013.0740         -372.73            1.20
  2013.0767         -370.21            1.24
  2013.0795         -371.22            1.22
  2013.0822         -370.36            1.26
  2013.0850         -371.09            1.28
  2013.0876         -371.16            1.34
  2013.0905         -370.05            1.30
  2013.0931         -369.35            1.23
  2013.0959         -370.98            1.23
  2013.0986         -369.23            1.31
  2013.1013         -369.80            1.50
  2013.1041         -369.54            1.27
  2013.1068         -370.12            1.27
  2013.1096         -370.17            1.29
  2013.1123         -373.05            1.40
  2013.1151         -369.01            1.38
  2013.1178         -372.80            1.35
  2013.1206         -370.37            1.29
  2013.1233         -371.86            1.39
  2013.1260         -369.74            1.32
  2013.1288         -367.62            1.43
  2013.1315         -368.60            1.31
  2013.1343         -368.96            1.20
  2013.1370         -368.84            1.15
  2013.1398         -369.20            1.25
  2013.1425         -369.63            1.32
  2013.1453         -368.26            1.24
  2013.1479         -370.87            1.30
  2013.1506         -370.64            1.21
  2013.1534         -369.53            1.18
  2013.1561         -368.11            1.19
  2013.1589         -367.85            1.19
  2013.1616         -369.55            1.26
  2013.1644         -370.62            1.26
  2013.1671         -370.14            1.23
  2013.1699         -368.43            1.15
  2013.1726         -368.82            1.19
  2013.1753         -370.10            1.34
  2013.1781         -369.24            1.33
  2013.1808         -368.89            1.26
  2013.1863         -372.86            1.40
  2013.1918         -368.85            1.33
  2013.2000         -368.32            1.16
  2013.2028         -369.60            1.19
  2013.2054         -369.14            1.27
  2013.2083         -367.82            1.25
  2013.2109         -369.25            1.15
  2013.2164         -368.07            1.36
  2013.2192         -369.25            1.18
  2013.2219         -368.95            1.17
  2013.2246         -368.91            1.23
  2013.2274         -369.12            1.32
  2013.2301         -368.73            1.29
  2013.2329         -368.78            1.24
  2013.2356         -368.65            1.22
  2013.2384         -367.88            1.15
  2013.2411         -368.14            1.28
  2013.2439         -369.40            1.23
  2013.2466         -368.96            1.23
  2013.2493         -365.11            1.28
  2013.2548         -371.55            1.24
  2013.2576         -368.43            1.20
  2013.2603         -368.93            1.30
  2013.2631         -369.29            1.26
  2013.2657         -368.17            2.42
  2013.2684         -370.37            1.27
  2013.2712         -368.24            1.41
  2013.2794         -367.32            1.23
  2013.2822         -367.37            1.14
  2013.2849         -370.00            1.15
  2013.2877         -368.90            1.17
  2013.2904         -369.65            1.16
  2013.2931         -369.15            1.16
  2013.2959         -369.55            1.20
  2013.2986         -370.00            1.17
  2013.3014         -369.52            1.18
  2013.3041         -369.67            1.22
  2013.3069         -370.25            1.24
  2013.3096         -371.76            1.22
  2013.3124         -369.23            1.23
  2013.3151         -370.60            1.17
  2013.3177         -369.11            1.22
  2013.3206         -370.74            1.20
  2013.3232         -370.35            1.25
  2013.3260         -370.75            1.17
  2013.3287         -370.41            1.12
  2013.3315         -370.90            1.23
  2013.3342         -369.02            1.29
  2013.3370         -370.09            1.39
  2013.3397         -370.19            1.20
  2013.3424         -369.90            1.14
  2013.3452         -369.77            1.28
  2013.3479         -369.85            1.20
  2013.3562         -370.92            1.30
  2013.3589         -370.02            1.16
  2013.3617         -372.33            2.25
  2013.3644         -371.79            1.14
  2013.3671         -371.80            1.14
  2013.3699         -372.71            1.12
  2013.3726         -372.10            1.10
  2013.3754         -373.07            1.14
  2013.3781         -370.38            1.22
  2013.3809         -371.64            1.86
  2013.3835         -373.21            1.20
  2013.3864         -372.17            1.16
  2013.3890         -372.56            1.18
  2013.3917         -374.08            1.18
  2013.3945         -372.12            1.14
  2013.4000         -373.74            1.18
  2013.4027         -375.00            1.25
  2013.4055         -373.91            1.33
  2013.4082         -371.46            1.24
  2013.4110         -371.59            1.17
  2013.4137         -369.56            1.33
  2013.4164         -371.16            1.26
  2013.4192         -370.47            1.24
  2013.4219         -370.86            1.11
  2013.4247         -372.31            1.23
  2013.4274         -369.48            1.25
  2013.4302         -372.18            1.14
  2013.4329         -370.79            1.23
  2013.4357         -371.25            1.13
  2013.4384         -371.30            1.18
  2013.4410         -371.66            1.15
  2013.4438         -371.35            1.19
  2013.4465         -371.80            1.21
  2013.4493         -370.87            1.21
  2013.4520         -371.29            1.20
  2013.4548         -372.74            1.31
  2013.4575         -371.93            1.20
  2013.4603         -373.12            1.20
  2013.4630         -372.04            1.19
  2013.4657         -371.34            1.17
  2013.4685         -369.16            1.17
  2013.4712         -371.97            1.23
  2013.4740         -372.83            1.12
  2013.4767         -370.36            1.13
  2013.4795         -369.25            1.12
  2013.4822         -370.38            1.14
  2013.4850         -370.75            1.17
  2013.4877         -371.28            1.27
  2013.4904         -370.65            1.28
  2013.4932         -370.60            1.20
  2013.4958         -370.22            1.15
  2013.4987         -370.98            1.13
  2013.5013         -371.59            1.22
  2013.5042         -372.08            1.17
  2013.5068         -372.32            1.23
  2013.5096         -371.31            1.16
  2013.5123         -370.21            1.13
  2013.5150         -369.52            1.11
  2013.5178         -369.94            1.14
  2013.5205         -370.46            1.20
  2013.5233         -371.98            1.17
  2013.5260         -369.80            1.16
  2013.5288         -370.15            1.13
  2013.5315         -371.21            1.22
  2013.5343         -369.19            1.17
  2013.5370         -372.39            1.17
  2013.5397         -371.91            1.10
  2013.5425         -370.11            1.20
  2013.5452         -370.10            1.17
  2013.5480         -370.97            1.16
  2013.5507         -370.24            1.18
  2013.5535         -370.75            1.12
  2013.5562         -369.83            1.10
  2013.5590         -370.55            1.07
  2013.5616         -369.33            1.09
  2013.5643         -371.85            1.15
  2013.5671         -371.26            1.22
  2013.5698         -370.61            1.12
  2013.5726         -371.09            1.09
  2013.5753         -369.46            1.11
  2013.5781         -369.17            1.16
  2013.5808         -370.34            1.13
  2013.5836         -369.89            1.09
  2013.5863         -369.79            1.13
  2013.5890         -369.66            1.17
  2013.5918         -369.77            1.25
  2013.5945         -370.16            1.16
  2013.5973         -368.66            1.21
  2013.6000         -369.51            1.28
  2013.6028         -370.15            1.18
  2013.6055         -368.94            1.10
  2013.6083         -369.10            1.59
  2013.6110         -371.53            1.19
  2013.6136         -372.75            1.20
  2013.6165         -370.37            1.13
  2013.6191         -370.36            1.12
  2013.6219         -370.43            1.18
  2013.6246         -371.01            1.14
  2013.6274         -370.99            1.10
  2013.6301         -372.63            1.16
  2013.6329         -372.47            1.15
  2013.6356         -371.50            1.15
  2013.6383         -371.53            1.18
  2013.6411         -371.73            1.11
  2013.6438         -372.72            1.15
  2013.6466         -371.60            1.19
  2013.6493         -371.23            1.16
  2013.6521         -371.56            1.14
  2013.6548         -372.01            1.15
  2013.6576         -371.95            1.11
  2013.6603         -371.98            1.12
  2013.6630         -372.30            1.15
  2013.6658         -372.95            1.23
  2013.6685         -372.46            1.20
  2013.6713         -370.36            1.21
  2013.6740         -371.31            1.21
  2013.6768         -369.26            1.44
  2013.6794         -368.46            1.33
  2013.6823         -371.60            1.35
  2013.6849         -374.85            1.38
  2013.6876         -374.37            1.40
  2013.6904         -373.89            1.33
  2013.6931         -374.25            1.37
  2013.6959         -374.24            1.30
  2013.6986         -373.61            1.30
  2013.7014         -373.43            1.25
  2013.7041         -373.55            1.30
  2013.7069         -372.91            1.27
  2013.7096         -371.72            1.25
  2013.7123         -372.04            1.23
  2013.7151         -372.36            1.21
  2013.7178         -372.18            1.31
  2013.7206         -372.79            1.27
  2013.7233         -372.50            1.31
  2013.7261         -375.48            1.29
  2013.7288         -373.40            1.37
  2013.7316         -373.07            1.18
  2013.7343         -373.43            1.20
  2013.7369         -373.23            1.42
  2013.7397         -374.13            1.27
  2013.7424         -372.33            1.32
  2013.7561         -373.62            1.25
  2013.7589         -372.68            1.32
  2013.7616         -372.24            1.38
  2013.7644         -372.06            1.24
  2013.7671         -371.44            1.42
  2013.7699         -371.51            1.35
  2013.7726         -372.06            1.26
  2013.7754         -372.13            1.37
  2013.7781         -369.47            1.44
  2013.7808         -370.86            1.37
  2013.7836         -370.37            1.41
  2013.7863         -371.13            1.43
  2013.7891         -371.43            1.32
  2013.7917         -369.52            1.40
  2013.7946         -369.73            1.35
  2013.7972         -371.78            1.31
  2013.8000         -371.43            1.34
  2013.8027         -371.10            1.53
  2013.8054         -370.37            1.36
  2013.8082         -371.05            1.38
  2013.8109         -370.87            1.30
  2013.8137         -373.82            2.54
  2013.8164         -370.60            1.39
  2013.8192         -370.63            1.24
  2013.8219         -371.44            1.29
  2013.8247         -371.01            1.27
  2013.8274         -372.49            1.34
  2013.8301         -372.25            1.27
  2013.8329         -371.85            1.27
  2013.8356         -370.26            1.31
  2013.8384         -371.73            1.26
  2013.8411         -372.10            1.17
  2013.8439         -372.91            1.20
  2013.8466         -372.98            1.20
  2013.8494         -373.54            1.34
  2013.8521         -372.97            1.24
  2013.8547         -373.82            1.32
  2013.8575         -373.17            1.30
  2013.8602         -372.50            1.34
  2013.8630         -374.75            1.34
  2013.8657         -372.04            1.31
  2013.8685         -374.23            1.29
  2013.8712         -372.47            1.31
  2013.8740         -370.84            1.36
  2013.8767         -372.98            1.23
  2013.8794         -373.69            1.24
  2013.8822         -374.14            1.30
  2013.8849         -374.28            1.31
  2013.8877         -372.91            1.36
  2013.8904         -370.22            1.34
  2013.8932         -371.41            1.33
  2013.8959         -374.13            1.31
  2013.8987         -374.43            1.37
  2013.9014         -374.54            1.32
  2013.9041         -373.07            1.29
  2013.9069         -372.78            2.64
  2013.9095         -371.68            2.51
  2013.9124         -374.28            1.25
  2013.9150         -373.29            1.28
  2013.9178         -373.20            1.27
  2013.9205         -369.95            1.35
  2013.9233         -373.61            1.48
  2013.9260         -375.38            1.28
  2013.9287         -373.50            1.28
  2013.9315         -373.81            1.30
  2013.9342         -371.95            1.30
  2013.9370         -369.19            1.41
  2013.9397         -372.58            1.31
  2013.9425         -372.59            1.27
  2013.9452         -369.45            1.38
  2013.9480         -369.94            1.33
  2013.9507         -373.51            1.28
  2013.9534         -375.02            1.48
  2013.9562         -370.25            1.29
  2013.9589         -373.85            1.39
  2013.9617         -372.45            1.34
  2013.9644         -375.51            1.35
  2013.9672         -374.04            1.28
  2013.9698         -374.77            1.31
  2013.9727         -371.39            1.32
  2013.9753         -373.46            1.32
  2013.9780         -374.63            1.32
  2013.9808         -372.62            1.28
  2013.9835         -372.66            1.35
  2013.9863         -372.68            1.38
  2013.9890         -369.90            1.46
  2013.9918         -373.65            1.30
  2013.9945         -371.58            1.41
  2013.9973         -376.35            1.35
  2014.0000         -375.62            1.42
  2014.0027         -373.84            2.05
  2014.0055         -374.16            2.00
  2014.0082         -374.97            1.96
  2014.0110         -374.28            1.88
  2014.0137         -372.77            1.85
