  2007.0027            0.00            0.28
  2007.0055            2.10            0.28
  2007.0082            2.36            0.28
  2007.0110            1.52            0.26
  2007.0137            2.42            0.25
  2007.0165            2.80            0.26
  2007.0192            1.68            0.28
  2007.0220            3.29            0.28
  2007.0247            4.12            0.27
  2007.0273            2.80            0.28
  2007.0302            3.34            0.30
  2007.0328            1.35            0.27
  2007.0356            1.08            0.27
  2007.0383            4.22            0.28
  2007.0411            3.21            0.27
  2007.0438            2.81            0.29
  2007.0466            4.02            0.28
  2007.0493            3.03            0.29
  2007.0520            3.79            0.29
  2007.0548            3.73            0.27
  2007.0575            5.30            0.27
  2007.0603            5.38            0.27
  2007.0630            1.58            0.27
  2007.0658            3.56            0.24
  2007.0685            5.77            0.28
  2007.0713            4.65            0.25
  2007.0740            5.91            0.24
  2007.0767            8.71            0.24
  2007.0795            5.19            0.25
  2007.0822            6.04            0.24
  2007.0850            5.31            0.25
  2007.0876            4.27            0.26
  2007.0905          -18.82            0.47
  2007.0931          -12.88            0.55
  2007.0959          -63.49            0.53
  2007.0986            5.90            0.31
  2007.1013            5.38            0.27
  2007.1041            7.38            0.28
  2007.1068            5.58            0.27
  2007.1096            5.43            0.26
  2007.1123            5.10            0.25
  2007.1151            9.67            0.27
  2007.1178            7.21            0.25
  2007.1206            7.13            0.28
  2007.1233            7.63            0.24
  2007.1260            6.67            0.27
  2007.1288            7.33            0.27
  2007.1315            5.74            0.26
  2007.1343            5.22            0.26
  2007.1370            5.91            0.25
  2007.1398            6.81            0.27
  2007.1425            5.32            0.26
  2007.1453            5.61            0.24
  2007.1479            6.23            0.24
  2007.1506            5.60            0.24
  2007.1534            4.50            0.27
  2007.1561            3.28            0.27
  2007.1589            2.79            0.25
  2007.1616            4.67            0.25
  2007.1644            3.36            0.28
  2007.1671            3.21            0.23
  2007.1699            5.11            0.23
  2007.1726            4.79            0.23
  2007.1753            4.91            0.25
  2007.1781            5.33            0.23
  2007.1808            4.81            0.23
  2007.1836            6.13            0.25
  2007.1863            7.83            0.24
  2007.1891            3.65            0.24
  2007.1918            4.86            0.25
  2007.1946            5.43            0.26
  2007.1973            7.14            0.28
  2007.2000            2.87            0.26
  2007.2028            6.68            0.26
  2007.2054            5.43            0.26
  2007.2329            3.10            0.34
  2007.2356            6.24            0.25
  2007.2384            6.52            0.26
  2007.2411            6.62            0.25
  2007.2439            5.33            0.26
  2007.2466            6.70            0.26
  2007.2493            7.82            0.27
  2007.2521            7.35            0.26
  2007.2548            6.89            0.25
  2007.2576            7.02            0.25
  2007.2603            6.07            0.25
  2007.2631           10.11            0.25
  2007.2657            6.40            0.23
  2007.2684            4.24            0.25
  2007.2712            4.45            0.26
  2007.2739            4.21            0.27
  2007.2767            3.86            0.25
  2007.2794            4.77            0.24
  2007.2822            4.04            0.23
  2007.2849            4.97            0.23
  2007.2877            5.96            0.24
  2007.2904            4.24            0.24
  2007.2931            6.29            0.26
  2007.2959            4.65            0.23
  2007.2986            4.49            0.27
  2007.3014            6.27            0.32
  2007.3287            5.66            0.30
  2007.3315            6.19            0.26
  2007.3342            8.27            0.25
  2007.3370            8.68            0.26
  2007.3397            6.19            0.26
  2007.3424            7.74            0.25
  2007.3452            6.00            0.25
  2007.3479            6.21            0.25
  2007.3507            4.12            0.30
  2007.3534            6.64            0.24
  2007.3562            6.21            0.24
  2007.3589            5.70            0.25
  2007.3617            6.27            0.24
  2007.3644            7.73            0.23
  2007.3671            6.84            0.25
  2007.3699            6.07            0.23
  2007.3726            7.08            0.26
  2007.3754            7.02            0.25
  2007.3781            7.50            0.25
  2007.3809            6.68            0.24
  2007.3835            8.22            0.24
  2007.3864            8.69            0.24
  2007.3890            6.34            0.28
  2007.3917            7.65            0.25
  2007.3945            7.97            0.23
  2007.3972            8.24            0.27
  2007.4000            7.69            0.24
  2007.4027            7.46            0.22
  2007.4055            8.98            0.24
  2007.4082            8.56            0.26
  2007.4110            8.06            0.25
  2007.4137            8.61            0.26
  2007.4164            7.37            0.24
  2007.4192            7.47            0.25
  2007.4219            8.42            0.26
  2007.4247            8.00            0.25
  2007.4274            7.71            0.25
  2007.4302            8.13            0.24
  2007.4329            7.89            0.22
  2007.4357            7.83            0.24
  2007.4384            7.30            0.27
  2007.4410            6.41            0.25
  2007.4438            7.70            0.26
  2007.4465            6.36            0.25
  2007.4493            5.41            0.26
  2007.4520            6.11            0.24
  2007.4548            7.02            0.24
  2007.4575            8.63            0.29
  2007.4603            7.46            0.23
  2007.4630            6.87            0.26
  2007.4657            6.75            0.24
  2007.4685            6.93            0.26
  2007.4712            7.49            0.24
  2007.4740            6.52            0.23
  2007.4767            7.64            0.24
  2007.4795           10.90            0.25
  2007.4822           11.00            0.25
  2007.4850           10.72            0.24
  2007.4877           10.54            0.24
  2007.4904           10.72            0.24
  2007.4932           10.17            0.23
  2007.4958           10.06            0.23
  2007.4987            9.01            0.24
  2007.5013            9.49            0.24
  2007.5042           10.12            0.24
  2007.5068           10.05            0.24
  2007.5096            9.18            0.25
  2007.5123            9.12            0.25
  2007.5150           10.27            0.24
  2007.5178            8.48            0.23
  2007.5205            8.76            0.25
  2007.5233            8.64            0.24
  2007.5260            8.54            0.23
  2007.5288            9.36            0.24
  2007.5315            9.41            0.23
  2007.5343            9.88            0.23
  2007.5370            9.94            0.24
  2007.5397            9.71            0.23
  2007.5425            8.57            0.24
  2007.5452           10.67            0.23
  2007.5480            9.02            0.24
  2007.5507            9.11            0.23
  2007.5535            8.66            0.23
  2007.5562            8.78            0.23
  2007.5590            7.86            0.24
  2007.5616            7.27            0.23
  2007.5643            8.37            0.24
  2007.5671            9.08            0.24
  2007.5698            7.46            0.23
  2007.5726            8.65            0.23
  2007.5753            7.47            0.24
  2007.5781            7.20            0.23
  2007.5808            7.10            0.24
  2007.5836            6.82            0.23
  2007.5863            7.74            0.22
  2007.5890            7.72            0.23
  2007.5918            7.62            0.23
  2007.5945            7.01            0.22
  2007.5973            8.22            0.23
  2007.6000            7.20            0.25
  2007.6028            6.60            0.25
  2007.6055            7.15            0.25
  2007.6083            7.66            0.23
  2007.6110            7.34            0.23
  2007.6136            7.06            0.24
  2007.6165            6.62            0.24
  2007.6191            7.27            0.24
  2007.6219            7.07            0.23
  2007.6246            6.83            0.23
  2007.6274            7.73            0.23
  2007.6301            7.41            0.23
  2007.6329            8.39            0.23
  2007.6356            9.21            0.24
  2007.6383            9.68            0.24
  2007.6411            7.99            0.24
  2007.6438            6.93            0.25
  2007.6466            8.16            0.25
  2007.6493            7.63            0.26
  2007.6521           11.67            0.31
  2007.7123           10.76            0.45
  2007.7151            9.49            0.25
  2007.7178            8.32            0.23
  2007.7206            9.34            0.28
  2007.7233            7.18            0.26
  2007.7261            9.34            0.24
  2007.7288            8.96            0.27
  2007.7316            8.82            0.32
  2007.7343            8.44            0.36
  2007.7369            6.12            0.52
  2007.7397           15.67            3.40
  2007.7507           10.64            0.43
  2007.7534            8.73            0.26
  2007.7561            9.31            0.26
  2007.7616            8.75            0.26
  2007.7644            9.12            0.24
  2007.7671            8.98            0.23
  2007.7699            9.01            0.24
  2007.7726           10.51            0.25
  2007.7754            9.35            0.23
  2007.7781            9.48            0.23
  2007.7808            9.32            0.23
  2007.7836            9.89            0.24
  2007.7863            9.82            0.24
  2007.7891           11.23            0.24
  2007.7917            8.94            0.25
  2007.7946            9.06            0.25
  2007.7972            8.99            0.26
  2007.8000            8.77            0.25
  2007.8027            8.79            0.25
  2007.8054            9.47            0.24
  2007.8082           10.95            0.25
  2007.8109           10.05            0.24
  2007.8137            9.05            0.25
  2007.8164            9.13            0.25
  2007.8192            9.96            0.24
  2007.8219            9.95            0.23
  2007.8247            8.82            0.24
  2007.8274            8.17            0.25
  2007.8301           10.65            0.23
  2007.8329            9.34            0.24
  2007.8356            9.81            0.23
  2007.8384           10.68            0.24
  2007.8411           10.64            0.22
  2007.8439           11.41            0.24
  2007.8466           12.80            0.24
  2007.8494           12.10            0.25
  2007.8521           11.55            0.23
  2007.8547           10.89            0.24
  2007.8575           12.14            0.25
  2007.8602           13.06            0.24
  2007.8630           12.15            0.24
  2007.8657           12.55            0.23
  2007.8685           11.84            0.24
  2007.8712           13.13            0.29
  2007.9178           15.36            0.25
  2007.9205           13.52            0.22
  2007.9233           13.86            0.23
  2007.9260           14.35            0.24
  2007.9287           13.50            0.22
  2007.9315           13.11            0.23
  2007.9342           13.57            0.23
  2007.9370           13.64            0.24
  2007.9397           14.08            0.26
  2007.9425           14.88            0.26
  2007.9452           15.53            0.26
  2007.9480           15.68            0.27
  2007.9507           15.69            0.29
  2007.9534           16.19            0.28
  2007.9562           14.67            0.26
  2007.9589           14.64            0.26
  2007.9617           14.65            0.27
  2007.9644           13.64            0.27
  2007.9672           14.50            0.27
  2007.9698           14.69            0.28
  2007.9727           14.41            0.28
  2007.9753           14.44            0.27
  2007.9780           13.66            0.27
  2007.9808           13.56            0.27
  2007.9835           13.66            0.30
  2007.9863           12.68            0.28
  2007.9890           12.37            0.29
  2007.9918           13.67            0.28
  2007.9945           14.52            0.28
  2007.9973           13.05            0.29
  2008.0000           15.10            0.28
  2008.0027           14.88            0.28
  2008.0055           14.23            0.29
  2008.0082           14.10            0.29
  2008.0110           15.86            0.26
  2008.0137           14.43            0.27
  2008.0165           12.34            0.29
  2008.0192           13.87            0.28
  2008.0220           15.62            0.30
  2008.0247           14.29            0.32
  2008.0273           14.74            0.27
  2008.0302           13.88            0.28
  2008.0328           14.35            0.26
  2008.0356           17.88            0.26
  2008.0383           13.78            0.28
  2008.0411           13.53            0.28
  2008.0438           14.36            0.28
  2008.0466           15.04            0.26
  2008.0493           15.00            0.26
  2008.0520           16.75            0.25
  2008.0548           16.37            0.27
  2008.0575           15.80            0.26
  2008.0603           16.03            0.27
  2008.0630           16.97            0.26
  2008.0658           15.79            0.25
  2008.0685           15.16            0.26
  2008.0713           16.16            0.27
  2008.0740           17.05            0.29
  2008.0767           14.55            0.61
  2008.0795           18.76            3.28
  2008.0986            1.96            3.63
  2008.1013           17.79            0.72
  2008.1041           18.10            0.35
  2008.1068           19.70            0.27
  2008.1096           19.82            0.26
  2008.1123           16.80            0.23
  2008.1151           17.61            0.25
  2008.1178           17.50            0.24
  2008.1206           18.12            0.25
  2008.1233           17.32            0.25
  2008.1260           16.21            0.26
  2008.1288           17.78            0.25
  2008.1315           15.58            0.28
  2008.1343           17.69            0.28
  2008.1370           16.73            0.27
  2008.1398           16.27            0.30
  2008.1425           19.45            0.27
  2008.1453           18.86            0.29
  2008.1479           16.68            0.28
  2008.1506           18.85            0.25
  2008.1534           18.77            0.27
  2008.1561           17.79            0.26
  2008.1589           19.39            0.27
  2008.1616           17.75            0.28
  2008.1644           19.67            0.28
  2008.1671           17.55            0.28
  2008.1699           16.47            0.27
  2008.1726           18.33            0.25
  2008.1753           18.74            0.26
  2008.1781           18.87            0.26
  2008.1808           16.34            0.26
  2008.1836           17.00            0.27
  2008.1863           18.89            0.26
  2008.1891           17.87            0.26
  2008.1918           18.57            0.26
  2008.1946           17.47            0.25
  2008.1973           18.38            0.26
  2008.2000           17.99            0.25
  2008.2028           17.58            0.25
  2008.2054           18.70            0.26
  2008.2083           21.70            0.36
  2008.2109           21.64            0.26
  2008.2137           20.80            0.28
  2008.2164           20.50            0.26
  2008.2192           20.58            0.25
  2008.2219           20.04            0.26
  2008.2246           20.62            0.26
  2008.2274           20.65            0.25
  2008.2301           20.85            0.27
  2008.2329           19.99            0.26
  2008.2356           20.40            0.26
  2008.2384           20.57            0.27
  2008.2411           21.10            0.26
  2008.2439           20.94            0.25
  2008.2466           18.25            0.25
  2008.2493           18.30            0.26
  2008.2521           17.16            0.27
  2008.2548           18.70            0.24
  2008.2576           19.73            0.26
  2008.2603           19.55            0.25
  2008.2631           19.26            0.25
  2008.2657           18.15            0.25
  2008.2684           18.14            0.26
  2008.2712           17.43            0.24
  2008.2739           17.63            0.23
  2008.2767           17.08            0.25
  2008.2794           15.81            0.25
  2008.2822           17.95            0.26
  2008.2849           20.57            0.23
  2008.2877           19.85            0.23
  2008.2904           20.40            0.24
  2008.2931           20.39            0.23
  2008.2959           20.52            0.23
  2008.2986           20.21            0.23
  2008.3014           19.62            0.23
  2008.3041           20.07            0.25
  2008.3069           19.89            0.25
  2008.3096           19.94            0.25
  2008.3124           20.37            0.25
  2008.3151           19.78            0.25
  2008.3177           20.40            0.26
  2008.3206           19.75            0.28
  2008.3232           19.89            0.28
  2008.3260           21.05            0.28
  2008.3287           10.79            2.64
  2008.3315           20.60            0.26
  2008.3342           21.06            0.26
  2008.3370           21.48            0.26
  2008.3397           20.75            0.27
  2008.3424           18.97            0.25
  2008.3452           20.99            0.25
  2008.3479           19.88            0.25
  2008.3507           20.53            0.25
  2008.3534           20.33            0.27
  2008.3562           19.75            0.27
  2008.3589           19.92            0.26
  2008.3617           19.46            0.25
  2008.3644           19.33            0.25
  2008.3671           18.87            0.26
  2008.3699           19.65            0.33
  2008.3726           18.53            0.26
  2008.3754           18.64            0.25
  2008.3781           19.15            0.27
  2008.3809           19.08            0.27
  2008.3835           17.45            0.27
  2008.3864           18.11            0.29
  2008.3890           18.45            0.29
  2008.3917           16.41            0.28
  2008.3945           19.07            0.28
  2008.3972           17.99            0.25
  2008.4000           18.26            0.26
  2008.4027           17.61            0.27
  2008.4055           17.51            0.28
  2008.4082           17.08            0.29
  2008.4110           17.60            0.25
  2008.4137           16.96            0.26
  2008.4164           18.45            0.26
  2008.4192           19.24            0.25
  2008.4219           19.07            0.25
  2008.4247           21.32            0.39
  2008.4274           14.69            0.31
  2008.4302           18.23            0.32
  2008.4329           19.96            0.27
  2008.4357           19.55            0.25
  2008.4384           16.74            0.27
  2008.4410           16.06            0.38
  2008.4438           16.75            0.28
  2008.4465           18.27            0.30
  2008.4493           16.95            0.25
  2008.4520           17.18            0.27
  2008.4548           13.41            0.38
  2008.4575           18.58            0.29
  2008.4603           19.77            0.36
  2008.4630           18.08            0.37
  2008.4657           17.69            0.33
  2008.4685           16.19            0.36
  2008.4712           18.94            0.32
  2008.4740           18.90            0.27
  2008.4767           18.48            0.29
  2008.4795           17.57            0.28
  2008.4822           18.31            0.29
  2008.4850           18.36            0.30
  2008.4877           18.49            0.30
  2008.4904           18.05            0.29
  2008.4932           17.81            0.30
  2008.4958           16.53            0.33
  2008.4987           16.86            0.34
  2008.5013           16.22            0.39
  2008.5042           18.20            0.37
  2008.5068           17.07            0.49
  2008.5096           16.56            0.50
  2008.5123           15.09            0.51
  2008.5150           16.37            0.52
  2008.5178           16.85            0.62
  2008.5205           17.83            0.75
  2008.5233           17.56            0.69
  2008.5260           17.25            0.83
  2008.5288           17.22            0.93
  2008.5315           15.63            0.73
  2008.5343           19.31            0.76
  2008.5370           19.08            1.51
  2008.5397           19.78            2.40
  2008.5425           16.45            2.82
  2008.5452           22.24            2.50
  2008.8712           21.71            0.33
  2008.8740           20.36            0.33
  2008.8767           20.79            0.35
  2008.8794           23.85            0.33
  2008.8822           23.23            0.27
  2008.8849           23.25            0.32
  2008.8877           24.56            0.32
  2008.8904           24.69            0.33
  2008.8932           23.30            0.33
  2008.8959           23.76            0.28
  2008.8987           23.90            0.28
  2008.9014           23.27            0.28
  2008.9041           22.34            0.34
  2008.9069           23.65            0.28
  2008.9095           21.33            0.36
  2008.9124           22.48            0.35
  2008.9150           23.04            0.34
  2008.9178           22.84            0.28
  2008.9205           22.11            0.28
  2008.9233           23.86            0.26
  2008.9260           22.56            0.32
  2008.9287           22.55            0.33
  2008.9315           23.09            0.27
  2008.9370           23.88            0.27
  2008.9397           21.79            0.33
  2008.9425           20.45            0.31
  2008.9452           22.41            0.32
  2008.9480           22.05            0.31
  2008.9507           22.88            0.33
  2008.9534           22.93            0.28
  2008.9562           24.08            0.27
  2008.9589           24.02            0.27
  2008.9617           19.61            0.05
  2008.9644           19.56            0.34
  2008.9672           21.22            0.45
  2008.9698           24.07            0.33
  2008.9727           23.41            0.28
  2008.9753           23.67            0.27
  2008.9780           25.38            0.38
  2008.9808           24.24            0.26
  2008.9835           24.99            0.33
  2008.9863           24.45            0.27
  2008.9890           24.17            0.27
  2008.9918           24.93            0.34
  2008.9945           25.25            0.27
  2008.9973           24.82            0.33
  2009.0000           25.06            0.28
  2009.0027           26.31            0.32
  2009.0027           26.23            0.31
  2009.0055           25.65            0.24
  2009.0082           26.58            0.26
  2009.0110           24.67            0.26
  2009.0137           24.42            0.27
  2009.0165           24.64            0.27
  2009.0192           25.83            0.26
  2009.0220           24.78            0.30
  2009.0247           24.31            0.25
  2009.0273           26.33            0.26
  2009.0302           26.20            0.26
  2009.0328           29.03            0.27
  2009.0356           27.14            0.27
  2009.0383           25.95            0.26
  2009.0411           26.09            0.27
  2009.0438           26.61            0.27
  2009.0466           26.42            0.27
  2009.0493           25.04            0.27
  2009.0520           26.13            0.25
  2009.0548           26.01            0.26
  2009.0575           24.62            0.26
  2009.0603           26.52            0.26
  2009.0630           25.01            0.26
  2009.0658           24.27            0.27
  2009.0685           26.54            0.26
  2009.0713           26.60            0.25
  2009.0740           28.00            0.30
  2009.0767           27.65            0.26
  2009.0795           26.71            0.26
  2009.0822           27.14            0.27
  2009.0850           26.58            0.27
  2009.0876           28.62            0.25
  2009.0905           27.25            0.25
  2009.0931           27.25            0.26
  2009.0959           27.38            0.26
  2009.0986           29.10            0.28
  2009.1013           28.22            0.26
  2009.1041           27.67            0.25
  2009.1068           26.98            0.26
  2009.1096           26.69            0.28
  2009.1123           27.23            0.28
  2009.1151           28.29            0.26
  2009.1178           26.27            0.26
  2009.1206           27.72            0.25
  2009.1233           26.41            0.25
  2009.1260           29.55            0.25
  2009.1288           28.76            0.25
  2009.1315           27.04            0.42
  2009.1343           29.42            0.25
  2009.1370           29.29            0.32
  2009.1398           27.05            0.26
  2009.1425           30.02            0.26
  2009.1453           28.22            0.25
  2009.1479           29.01            0.26
  2009.1506           29.44            0.28
  2009.1534           28.57            0.26
  2009.1561           27.73            0.30
  2009.1589           27.97            0.26
  2009.1616           28.53            0.27
  2009.1644           28.25            0.50
  2009.1671           26.90            0.28
  2009.1699           26.92            0.27
  2009.1726           27.67            0.27
  2009.1753           28.61            0.25
  2009.1781           28.54            0.30
  2009.1808           28.56            0.27
  2009.1836           30.07            0.26
  2009.1863           29.53            0.26
  2009.1891           28.98            0.31
  2009.1918           29.89            0.32
  2009.1946           28.75            0.31
  2009.1973           29.06            0.31
  2009.2000           29.66            0.31
  2009.2028           31.32            0.29
  2009.2054           32.46            0.34
  2009.2083           32.32            0.29
  2009.2109           33.10            0.31
  2009.2137           31.51            0.31
  2009.2164           30.95            0.30
  2009.2192           30.95            0.29
  2009.2219           26.74            0.31
  2009.2246           27.79            0.33
  2009.2274           29.13            0.33
  2009.2301           28.35            0.30
  2009.2329           28.95            0.30
  2009.2356           29.22            0.31
  2009.2384           29.60            0.24
  2009.2411           28.73            0.25
  2009.2439           28.07            0.31
  2009.2466           28.42            0.32
  2009.2493           30.61            0.25
  2009.2521           30.82            0.24
  2009.2548           29.17            0.32
  2009.2576           29.32            0.26
  2009.2603           30.75            0.46
  2009.2631           28.06            0.23
  2009.2657           28.39            0.23
  2009.2684           28.62            0.27
  2009.2712           28.23            0.25
  2009.2739           29.56            0.24
  2009.2767           28.87            0.24
  2009.2794           30.55            0.25
  2009.2822           30.03            0.24
  2009.2849           30.34            0.25
  2009.2877           30.85            0.30
  2009.2904           30.27            0.26
  2009.2931           32.03            0.24
  2009.2959           30.90            0.24
  2009.2986           29.97            0.23
  2009.3014           30.47            0.24
  2009.3069           29.78            0.25
  2009.3096           29.90            0.25
  2009.3124           30.40            0.25
  2009.3151           30.71            0.26
  2009.3177           29.66            0.25
  2009.3206           30.06            0.28
  2009.3232           29.79            0.26
  2009.3260           28.93            0.22
  2009.3315           30.13            0.25
  2009.3342           30.53            0.25
  2009.3370           28.87            0.26
  2009.3397           30.39            0.28
  2009.3424           28.88            0.25
  2009.3452           27.22            0.26
  2009.3479           29.35            0.24
  2009.3507           29.39            0.24
  2009.3534           28.97            0.26
  2009.3562           30.10            0.28
  2009.3589           29.10            0.25
  2009.3617           29.30            0.30
  2009.3644           29.16            0.24
  2009.3671           30.32            0.26
  2009.3699           30.26            0.27
  2009.3726           30.24            0.26
  2009.3754           30.59            0.29
  2009.3781           30.99            0.26
  2009.3809           32.18            0.24
  2009.3835           32.98            0.25
  2009.3864           30.88            0.28
  2009.3890           30.90            0.30
  2009.3917           30.76            0.25
  2009.3945           29.01            0.28
  2009.3972           29.50            0.25
  2009.4000           29.56            0.27
  2009.4027           28.81            0.26
  2009.4055           28.96            0.26
  2009.4082           30.83            0.28
  2009.4110           29.98            0.28
  2009.4137           31.46            0.28
  2009.4164           30.39            0.31
  2009.4192           31.14            0.29
  2009.4219           31.00            0.27
  2009.4247           31.14            0.27
  2009.4274           30.77            0.26
  2009.4302           30.91            0.23
  2009.4329           29.86            0.23
  2009.4357           30.17            0.25
  2009.4384           29.90            0.30
  2009.4410           30.33            0.27
  2009.4438           30.48            0.26
  2009.4465           31.25            0.26
  2009.4493           31.33            0.27
  2009.4520           29.76            0.29
  2009.4548           30.21            0.28
  2009.4575           30.60            0.28
  2009.4603           30.42            0.30
  2009.4630           29.90            0.28
  2009.4657           29.36            0.28
  2009.4685           29.96            0.27
  2009.4712           28.75            0.27
  2009.4740           28.88            0.27
  2009.4767           28.72            0.24
  2009.4795           29.75            0.27
  2009.4822           28.79            0.28
  2009.4850           29.20            0.27
  2009.4877           29.29            0.27
  2009.4904           30.19            0.33
  2009.4932           30.27            0.26
  2009.4958           30.34            0.25
  2009.4987           31.07            0.26
  2009.5013           30.83            0.25
  2009.5042           29.40            0.27
  2009.5068           29.61            0.27
  2009.5096           30.61            0.27
  2009.5123           30.65            0.27
  2009.5150           31.52            0.26
  2009.5178           31.30            0.25
  2009.5205           31.04            0.25
  2009.5233           31.22            0.25
  2009.5260           31.89            0.25
  2009.5288           31.45            0.26
  2009.5315           30.63            0.26
  2009.5343           31.77            0.25
  2009.5370           30.74            0.27
  2009.5397           31.21            0.26
  2009.5425           31.56            0.27
  2009.5452           33.31            0.30
  2009.5507          -21.25            0.52
  2009.5535           29.55            0.30
  2009.5562           29.84            0.29
  2009.5590           30.80            0.28
  2009.5616           31.15            0.28
  2009.5643           31.18            0.29
  2009.5671           30.41            0.27
  2009.5698           30.05            0.27
  2009.5726           30.53            0.27
  2009.5753           30.26            0.29
  2009.5781           31.33            0.27
  2009.5808           31.59            0.26
  2009.5836           30.98            0.26
  2009.5863           32.67            0.26
  2009.5890           32.47            0.26
  2009.5918           31.09            0.29
  2009.5945           32.50            0.27
  2009.5973           32.15            0.27
  2009.6000           32.01            0.27
  2009.6028           32.62            0.28
  2009.6055           32.10            0.27
  2009.6083           32.19            0.27
  2009.6110           31.74            0.29
  2009.6136           31.55            0.29
  2009.6165           31.89            0.28
  2009.6191           31.82            0.28
  2009.6219           30.87            0.25
  2009.6246           31.22            0.27
  2009.6274           30.85            0.28
  2009.6301           30.32            0.27
  2009.6329           31.24            0.27
  2009.6356           30.64            0.26
  2009.6383           31.94            0.29
  2009.6411           30.65            0.29
  2009.6438           30.34            0.29
  2009.6466           31.17            0.29
  2009.6493           30.45            0.29
  2009.6521           30.69            0.30
  2009.6548           29.43            0.29
  2009.6576           30.92            0.29
  2009.6603           31.10            0.29
  2009.6630           30.75            0.30
  2009.6658           30.81            0.29
  2009.6685           32.29            0.25
  2009.6713           30.34            0.29
  2009.6740           30.41            0.28
  2009.6768           31.59            0.29
  2009.6794           30.92            0.30
  2009.6823           29.97            0.31
  2009.6849           30.74            0.29
  2009.6876           30.59            0.28
  2009.6904           31.57            0.26
  2009.6931           31.31            0.29
  2009.6959           31.81            0.27
  2009.6986           31.66            0.26
  2009.7014           31.92            0.27
  2009.7041           30.76            0.30
  2009.7069           31.89            0.27
  2009.7096           30.83            0.29
  2009.7123           29.83            0.32
  2009.7151           29.44            0.29
  2009.7178           30.35            0.28
  2009.7206           30.28            0.27
  2009.7233           29.13            0.30
  2009.7261           29.20            0.28
  2009.7288           30.35            0.28
  2009.7316           29.63            0.27
  2009.7343           29.59            0.30
  2009.7369           29.15            0.29
  2009.7397           30.01            0.32
  2009.7424           31.72            0.28
  2009.7452           31.95            0.29
  2009.7479           31.67            0.28
  2009.7507           31.14            0.30
  2009.7534           30.58            0.31
  2009.7561           30.47            0.28
  2009.7589           31.37            0.33
  2009.7616           30.45            0.33
  2009.7644           32.11            0.28
  2009.7671           31.60            0.31
  2009.7699           31.20            0.32
  2009.7726           31.72            0.32
  2009.7754           27.82            0.28
  2009.7781           33.20            0.25
  2009.7808           32.28            0.24
  2009.7836           33.00            0.34
  2009.7863           32.96            0.27
  2009.7891           32.87            0.35
  2009.7917           33.22            0.30
  2009.7946           33.94            0.30
  2009.7972           34.02            0.31
  2009.8000           33.30            0.35
  2009.8027           32.85            0.33
  2009.8054           33.22            0.31
  2009.8082           34.14            0.32
  2009.8109           34.90            0.31
  2009.8137           33.14            0.27
  2009.8164           34.08            0.30
  2009.8192           31.98            0.26
  2009.8219           33.49            0.34
  2009.8247           32.78            0.32
  2009.8274           33.20            0.34
  2009.8301           33.65            0.35
  2009.8329           31.79            0.34
  2009.8356           31.90            0.35
  2009.8384           31.62            0.33
  2009.8411           32.74            0.33
  2009.8439           31.81            0.32
  2009.8466           32.38            0.34
  2009.8494           31.46            0.33
  2009.8521           33.41            0.32
  2009.8547           32.26            0.33
  2009.8575           33.18            0.31
  2009.8602           32.85            0.30
  2009.8630           31.67            0.32
  2009.8657           31.91            0.34
  2009.8685           32.03            0.24
  2009.8712           32.77            0.28
  2009.8740           33.25            0.24
  2009.8767           32.43            0.34
  2009.8794           33.22            0.34
  2009.8822           31.96            0.36
  2009.8849           33.68            0.39
  2009.8877           33.17            0.33
  2009.8904           33.98            0.32
  2009.8932           31.11            0.35
  2009.8959           30.49            0.37
  2009.8987           31.92            0.35
  2009.9014           32.20            0.35
  2009.9041           33.05            0.36
  2009.9069           32.77            0.34
  2009.9095           32.94            0.34
  2009.9124           32.48            0.35
  2009.9150           33.66            0.35
  2009.9178           32.98            0.32
  2009.9205           33.79            0.34
  2009.9233           33.17            0.32
  2009.9260           34.06            0.35
  2009.9287           32.61            0.32
  2009.9315           34.83            0.34
  2009.9342           34.42            0.33
  2009.9370           35.46            0.30
  2009.9397           33.70            0.33
  2009.9425           34.96            0.32
  2009.9452           34.97            0.33
  2009.9480           35.20            0.32
  2009.9507           35.10            0.32
  2009.9534           33.82            0.36
  2009.9562           33.96            0.34
  2009.9589           34.57            0.34
  2009.9617           35.69            0.36
  2009.9644           34.08            0.35
  2009.9672           33.71            0.37
  2009.9698           35.98            0.34
  2009.9727           34.65            0.33
  2009.9753           38.32            0.36
  2009.9780           36.74            0.38
  2009.9808           35.11            0.35
  2009.9835           36.55            0.33
  2009.9863           38.26            0.37
  2009.9890           36.74            0.34
  2009.9918           37.97            0.35
  2009.9945           39.42            0.33
  2009.9973           37.99            0.29
  2010.0000           37.22            0.32
  2010.0027           36.36            0.33
  2010.0055           36.37            0.29
  2010.0082           37.48            0.33
  2010.0110           36.31            0.36
  2010.0137           38.16            0.39
  2010.0165           38.13            0.32
  2010.0192           38.33            0.31
  2010.0220           37.45            0.31
  2010.0247           38.98            0.32
  2010.0273           36.93            0.32
  2010.0302           35.82            0.38
  2010.0328           37.02            0.33
  2010.0356           37.65            0.31
  2010.0383           37.55            0.30
  2010.0411           37.66            0.36
  2010.0438           38.26            0.34
  2010.0466           37.44            0.35
  2010.0493           36.79            0.35
  2010.0520           38.78            0.31
  2010.0548           38.74            0.35
  2010.0575           38.92            0.36
  2010.0603           37.30            0.35
  2010.0630           36.81            0.34
  2010.0658           38.15            0.36
  2010.0685           39.47            0.31
  2010.0713           37.63            0.38
  2010.0740           38.27            0.35
  2010.0767           39.71            0.38
  2010.0795           37.90            0.36
  2010.0822           38.96            0.31
  2010.0850           38.07            0.29
  2010.0876           37.85            0.30
  2010.0905           40.81            0.31
  2010.0931           36.96            0.30
  2010.0959           38.50            0.29
  2010.0986           39.82            0.30
  2010.1013           38.13            0.32
  2010.1041           39.51            0.31
  2010.1068           39.55            0.30
  2010.1096           39.68            0.31
  2010.1123           39.06            0.35
  2010.1151           40.00            0.33
  2010.1178           39.27            0.32
  2010.1206           38.87            0.36
  2010.1233           36.67            0.28
  2010.1260           37.18            0.31
  2010.1288           38.07            0.33
  2010.1315           37.45            0.35
  2010.1343           39.83            0.42
  2010.1370           36.06            0.35
  2010.1398           35.77            0.33
  2010.1425           37.26            0.32
  2010.1453           37.88            0.32
  2010.1479           35.78            0.36
  2010.1506           37.46            0.31
  2010.1534           39.71            0.33
  2010.1561           37.37            0.35
  2010.1616           54.12            0.31
  2010.1644           52.13            0.34
  2010.1671           51.36            0.35
  2010.1699           51.63            0.33
  2010.1726           52.76            0.32
  2010.1753           52.41            0.33
  2010.1781           54.48            0.32
  2010.1808           50.87            0.34
  2010.1836           55.83            0.35
  2010.1863           53.09            0.34
  2010.1891           52.86            0.32
  2010.1918           52.72            0.33
  2010.1946           52.37            0.35
  2010.1973           53.52            0.35
  2010.2000           54.30            0.33
  2010.2028           53.53            0.29
  2010.2054           53.61            0.33
  2010.2083           52.15            0.33
  2010.2109           52.48            0.28
  2010.2137           53.44            0.32
  2010.2164           53.33            0.36
  2010.2192           51.53            0.37
  2010.2219           53.61            0.27
  2010.2246           53.02            0.32
  2010.2274           52.45            0.32
  2010.2301           52.54            0.31
  2010.2329           53.74            0.33
  2010.2356           53.47            0.33
  2010.2384           50.19            0.33
  2010.2411           51.84            0.34
  2010.2439           52.62            0.33
  2010.2466           52.75            0.35
  2010.2493           52.24            0.26
  2010.2521           52.85            0.33
  2010.2548           52.58            0.31
  2010.2576           54.47            0.22
  2010.2603           55.38            0.31
  2010.2631           53.89            0.33
  2010.2657           53.41            0.33
  2010.2684           54.53            0.31
  2010.2712           55.11            0.31
  2010.2739           54.04            0.33
  2010.2767           54.84            0.32
  2010.2794           54.97            0.33
  2010.2822           58.29            0.31
  2010.2849           55.51            0.31
  2010.2877           54.55            0.31
  2010.2904           55.30            0.33
  2010.2931           55.29            0.32
  2010.2959           53.73            0.33
  2010.2986           53.94            0.32
  2010.3014           54.51            0.31
  2010.3069           53.95            0.30
  2010.3096           55.32            0.30
  2010.3124           55.21            0.31
  2010.3151           53.94            0.30
  2010.3177           53.93            0.31
  2010.3206           53.03            0.30
  2010.3232           53.45            0.30
  2010.3260           54.12            0.30
  2010.3287           53.07            0.32
  2010.3315           53.73            0.32
  2010.3424           52.46            0.33
  2010.3452           54.33            0.31
  2010.3479           53.60            0.31
  2010.3507           53.85            0.29
  2010.3534           55.10            0.29
  2010.3562           54.99            0.30
  2010.3589           54.81            0.30
  2010.3617           55.14            0.50
  2010.3644           55.44            0.31
  2010.3726           55.94            0.31
  2010.3754           56.49            0.31
  2010.3781           55.87            0.31
  2010.3809           55.55            0.30
  2010.3835           56.41            0.30
  2010.3864           56.38            0.32
  2010.3890           56.19            0.27
  2010.3917           55.65            0.26
  2010.3945           55.38            0.31
  2010.3972           54.92            0.32
  2010.4000           55.04            0.31
  2010.4027           56.54            0.32
  2010.4055           55.72            0.32
  2010.4082           55.13            0.33
  2010.4110           55.26            0.68
  2010.4137           55.99            0.30
  2010.4164           55.67            0.31
  2010.4192           56.31            0.33
  2010.4219           55.28            0.32
  2010.4247           56.37            0.32
  2010.4274           55.73            0.31
  2010.4302           54.01            0.30
  2010.4329           54.50            0.29
  2010.4357           55.48            0.28
  2010.4384           56.20            0.31
  2010.4410           55.37            0.30
  2010.4438           55.82            0.31
  2010.4465           55.27            0.30
  2010.4493           55.67            0.31
  2010.4520           54.59            0.34
  2010.4548           55.45            0.31
  2010.4575           55.56            0.32
  2010.4603           56.31            0.36
  2010.4630           54.19            0.36
  2010.4657           53.01            0.36
  2010.4685           56.23            0.30
  2010.4712           57.96            0.32
  2010.4740           58.06            0.31
  2010.4767           56.61            0.33
  2010.4795           57.12            0.35
  2010.4822           57.40            0.30
  2010.4850           57.26            0.30
  2010.4877           57.53            0.31
  2010.4904           57.92            0.31
  2010.4932           57.67            0.31
  2010.4958           57.51            0.30
  2010.4987           57.12            0.30
  2010.5013           57.16            0.30
  2010.5042           58.54            0.32
  2010.5068           57.74            0.33
  2010.5096           56.47            0.32
  2010.5123           57.36            0.33
  2010.5150           57.94            0.32
  2010.5178           58.33            0.32
  2010.5205           58.36            0.30
  2010.5233           58.55            0.31
  2010.5260           56.77            0.33
  2010.5288           56.55            0.30
  2010.5315           57.85            0.30
  2010.5343           58.09            0.30
  2010.5370           59.05            0.30
  2010.5397           59.39            0.30
  2010.5425           59.39            0.31
  2010.5452           58.90            0.29
  2010.5480           57.24            0.30
  2010.5507           57.79            0.30
  2010.5535           57.57            0.31
  2010.5562           57.28            0.32
  2010.5590           58.78            0.32
  2010.5616           57.86            0.33
  2010.5643           58.23            0.32
  2010.5671           59.46            0.31
  2010.5698           58.76            0.32
  2010.5726           56.84            0.32
  2010.5753           58.07            0.31
  2010.5781           57.72            0.33
  2010.5808           57.92            0.33
  2010.5836           57.96            0.30
  2010.5863           56.58            0.29
  2010.5890           57.37            0.29
  2010.5918           58.20            0.29
  2010.5945           56.90            0.61
  2010.5973           57.91            0.29
  2010.6000           56.94            0.28
  2010.6028           57.53            0.30
  2010.6055           57.69            0.30
  2010.6083           57.37            0.29
  2010.6110           57.75            0.31
  2010.6136           57.13            0.29
  2010.6165           57.92            0.29
  2010.6191           57.42            0.29
  2010.6219           57.19            0.30
  2010.6246           58.87            0.32
  2010.6274           58.19            0.33
  2010.6301           58.38            0.30
  2010.6329           58.89            0.29
  2010.6356           59.06            0.30
  2010.6383           58.29            0.33
  2010.6411           59.86            0.30
  2010.6438           58.92            0.30
  2010.6466           59.07            0.30
  2010.6493           59.28            0.29
  2010.6521           59.53            0.31
  2010.6548           59.07            0.31
  2010.6576           59.17            0.30
  2010.6603           58.28            0.29
  2010.6630           58.86            0.30
  2010.6658           58.37            0.29
  2010.6685           59.07            0.29
  2010.6713           59.03            0.29
  2010.6740           59.93            0.32
  2010.6768           59.51            0.30
  2010.6794           59.21            0.27
  2010.6823           59.34            0.27
  2010.6849           60.18            0.28
  2010.6876           60.05            0.27
  2010.6904           60.16            0.29
  2010.6931           58.80            0.29
  2010.6959           60.63            0.30
  2010.6986           58.17            0.29
  2010.7014           58.43            0.29
  2010.7041           59.00            0.24
  2010.7069           58.07            0.34
  2010.7096           59.18            0.23
  2010.7123           59.79            0.28
  2010.7151           60.46            0.29
  2010.7178           59.81            0.28
  2010.7206           60.42            0.28
  2010.7233           60.06            0.23
  2010.7261           59.79            0.27
  2010.7288           59.51            0.27
  2010.7316           59.07            0.27
  2010.7343           58.67            0.28
  2010.7369           57.68            0.30
  2010.7397           58.94            0.31
  2010.7424           60.09            0.23
  2010.7452           61.19            0.28
  2010.7479           59.01            0.29
  2010.7507           59.41            0.31
  2010.7534           60.07            0.28
  2010.7561           61.27            0.30
  2010.7589           61.95            0.20
  2010.7616           62.00            0.20
  2010.7644           62.17            0.29
  2010.7671           60.75            0.27
  2010.7699           60.80            0.28
  2010.7726           61.45            0.27
  2010.7754           62.24            0.27
  2010.7781           61.14            0.28
  2010.7808           62.69            0.29
  2010.7836           61.53            0.29
  2010.7863           61.33            0.27
  2010.7891           61.02            0.29
  2010.7917           62.31            0.27
  2010.7946           61.63            0.27
  2010.7972           61.42            0.27
  2010.8000           62.12            0.26
  2010.8027           62.49            0.28
  2010.8054           60.33            0.27
  2010.8082           61.34            0.28
  2010.8109           61.33            0.27
  2010.8137           58.41            0.28
  2010.8164           59.22            0.27
  2010.8192           59.32            0.30
  2010.8219           59.34            0.31
  2010.8247           58.89            0.25
  2010.8274           61.13            0.26
  2010.8301           59.99            0.24
  2010.8329           61.13            0.24
  2010.8356           59.81            0.29
  2010.8384           60.32            0.29
  2010.8411           59.66            0.30
  2010.8439           60.52            0.36
  2010.8466           59.66            0.29
  2010.8494           60.07            0.32
  2010.8521           60.26            0.32
  2010.8547           60.43            0.31
  2010.8575           60.78            0.30
  2010.8602           61.16            0.24
  2010.8630           61.93            0.29
  2010.8657           61.33            0.28
  2010.8685           61.06            0.26
  2010.8712           61.34            0.30
  2010.8740           62.34            0.24
  2010.8767           62.61            0.23
  2010.8794           61.66            0.23
  2010.8822           61.93            0.20
  2010.8849           60.81            0.28
  2010.8877           61.82            0.29
  2010.8904           58.93            0.28
  2010.8932           60.13            0.28
  2010.8959           58.32            0.28
  2010.8987           58.56            0.23
  2010.9014           49.99            0.27
  2010.9041           47.36            0.21
  2010.9069           46.47            0.26
  2010.9095           48.97            0.21
  2010.9124           49.26            0.22
  2010.9150           50.06            0.22
  2010.9178           49.28            0.28
  2010.9205           51.50            0.21
  2010.9233           50.99            0.22
  2010.9260           48.77            0.21
  2010.9287           48.87            0.21
  2010.9315           48.99            0.21
  2010.9342           49.50            0.23
  2010.9370           51.18            0.21
  2010.9397           50.23            0.22
  2010.9425           50.07            0.23
  2010.9452           50.49            0.22
  2010.9480           51.81            0.22
  2010.9507           49.68            0.21
  2010.9562           51.44            0.22
  2010.9589           51.11            0.22
  2010.9644           52.84            0.21
  2011.0027           67.47            0.26
  2011.0055           66.79            0.26
  2011.0082           68.01            0.45
  2011.0110           66.66            0.28
  2011.0137           67.99            0.27
  2011.0165           65.56            0.26
  2011.0192           66.73            0.26
  2011.0220           67.84            0.26
  2011.0247           70.61            0.26
  2011.0273           72.14            0.26
  2011.0302           71.41            0.26
  2011.0328           72.46            0.26
  2011.0356           71.50            0.35
  2011.0383           69.92            0.32
  2011.0411           71.34            0.27
  2011.0438           71.77            0.28
  2011.0466           72.53            0.25
  2011.0493           72.00            0.29
  2011.0520           72.66            0.34
  2011.0548           72.55            0.27
  2011.0575           71.61            0.26
  2011.0603           71.14            0.27
  2011.0630           69.43            0.26
  2011.0658           71.85            0.27
  2011.0685           69.68            0.27
  2011.0713           69.05            0.29
  2011.0740           70.20            0.28
  2011.0767           69.68            0.27
  2011.0795           70.02            0.27
  2011.0822           74.76            0.27
  2011.0850           73.08            0.28
  2011.0876           71.14            0.26
  2011.0905           72.22            0.26
  2011.0931           72.91            0.28
  2011.0959           72.94            0.26
  2011.0986           71.37            0.26
  2011.1013           74.53            0.26
  2011.1041           73.35            0.25
  2011.1068           73.80            0.28
  2011.1096           72.91            0.26
  2011.1123           71.70            0.28
  2011.1151           71.33            0.27
  2011.1178           70.20            0.28
  2011.1206           70.74            0.34
  2011.1233           70.42            0.28
  2011.1260           66.20            0.27
  2011.1288           66.38            0.28
  2011.1315           67.65            0.29
  2011.1343           67.91            0.28
  2011.1370           68.13            0.28
  2011.1398           70.97            0.27
  2011.1425           70.44            0.28
  2011.1453           69.29            0.27
  2011.1479           69.68            0.31
  2011.1506           69.40            0.29
  2011.1534           71.36            0.28
  2011.1561           69.98            0.26
  2011.1589           69.43            0.26
  2011.1616           69.29            0.26
  2011.1644           69.20            0.27
  2011.1671           69.29            0.28
  2011.1699           69.01            0.27
  2011.1726           69.69            0.29
  2011.1753           70.48            0.28
  2011.1781           71.85            0.35
  2011.1808           70.19            0.27
  2011.1836           69.67            0.28
  2011.1863           69.37            0.29
  2011.1891           69.25            0.33
  2011.1918           72.43            0.28
  2011.1946           69.83            0.32
  2011.1973           69.14            0.27
  2011.2000           70.82            0.30
  2011.2028           71.47            0.32
  2011.2054           69.22            0.30
  2011.2083           69.98            0.29
  2011.2109           69.93            0.27
  2011.2137           70.66            0.26
  2011.2164           72.83            0.26
  2011.2192           73.74            0.28
  2011.2219           72.72            0.28
  2011.2246           74.65            0.27
  2011.2274           72.15            0.28
  2011.2301           73.73            0.28
  2011.2329           74.48            0.27
  2011.2356           73.68            0.27
  2011.2384           73.65            0.26
  2011.2411           73.81            0.27
  2011.2439           71.13            0.28
  2011.2466           68.89            0.39
  2011.2493           66.96            0.37
  2011.2521           66.08            0.29
  2011.2548           66.49            0.33
  2011.2576           65.32            0.31
  2011.2603           62.96            0.40
  2011.2631           66.70            0.32
  2011.2657           64.51            0.33
  2011.2684           62.06            0.31
  2011.2712           65.34            0.33
  2011.2739           67.67            0.34
  2011.2767           65.78            0.33
  2011.2794           65.61            0.35
  2011.2822           63.00            0.36
  2011.2849           62.86            0.33
  2011.2877           61.64            0.32
  2011.2904           64.94            0.26
  2011.2931           71.96            0.70
  2011.2959           71.06            0.31
  2011.2986           70.34            0.31
  2011.3014           77.02            0.32
  2011.3041           75.83            0.30
  2011.3069           74.90            0.30
  2011.3096           74.50            0.32
  2011.3124           74.57            0.31
  2011.3151           72.59            0.25
  2011.3177           74.80            0.31
  2011.3206           78.37            0.31
  2011.3232           77.24            0.34
  2011.3260           77.08            0.31
  2011.3287           77.65            0.32
  2011.3315           78.64            0.26
  2011.3342           78.45            0.26
  2011.3370           78.81            0.26
  2011.3397           78.41            0.33
  2011.3424           78.20            0.32
  2011.3452           78.11            0.30
  2011.3479           79.23            0.33
  2011.3507           79.75            0.25
  2011.3534           79.81            0.31
  2011.3562           80.61            0.34
  2011.3589           78.38            0.32
  2011.3617           79.17            0.32
  2011.3644           79.98            0.30
  2011.3671           78.46            0.30
  2011.3699           78.01            0.32
  2011.3726           77.20            0.32
  2011.3754           76.69            0.32
  2011.3781           76.43            0.32
  2011.3809           76.53            0.34
  2011.3835           77.86            0.33
  2011.3864           78.04            0.33
  2011.3890           78.46            0.32
  2011.3917           78.34            0.31
  2011.3945           77.62            0.32
  2011.3972           77.46            0.31
  2011.4000           78.28            0.31
  2011.4027           77.12            0.31
  2011.4055           77.15            0.31
  2011.4082           77.69            0.31
  2011.4110           77.74            0.23
  2011.4137           77.73            0.23
  2011.4164           78.10            0.23
  2011.4192           77.02            0.25
  2011.4219           78.18            0.23
  2011.4247           78.67            0.24
  2011.4274           77.64            0.25
  2011.4302           78.08            0.26
  2011.4329           78.71            0.26
  2011.4357           79.35            0.38
  2011.4384           78.54            0.32
  2011.4410           78.31            0.34
  2011.4438           76.77            0.34
  2011.4465           78.40            0.35
  2011.4493           78.43            0.31
  2011.4520           77.28            0.32
  2011.4548           79.88            0.26
  2011.4575           77.44            0.33
  2011.4603           76.68            0.34
  2011.4630           76.88            0.36
  2011.4657           77.47            0.37
  2011.4685           77.86            0.36
  2011.4712           78.62            0.33
  2011.4740           78.34            0.35
  2011.4767           78.54            0.34
  2011.4795           78.76            0.33
  2011.4822           78.89            0.26
  2011.4850           79.30            0.33
  2011.4877           79.33            0.24
  2011.4904           80.17            0.33
  2011.4932           79.99            0.34
  2011.4958           81.14            0.42
  2011.4987           79.41            0.32
  2011.5013           79.48            0.32
  2011.5042           79.84            0.32
  2011.5068           78.99            0.37
  2011.5096           80.78            0.37
  2011.5123           81.19            0.35
  2011.5150           79.53            0.33
  2011.5178           80.61            0.34
  2011.5205           79.99            0.34
  2011.5233           79.77            0.33
  2011.5260           79.64            0.35
  2011.5315           79.09            0.34
  2011.5343           79.84            0.36
  2011.5370           79.48            0.36
  2011.5397           80.60            0.36
  2011.5425           78.58            0.41
  2011.5452           78.45            0.45
  2011.5480           79.17            0.32
  2011.5507           78.41            0.33
  2011.5535           79.18            0.33
  2011.5562           77.80            0.44
  2011.5590           80.11            0.36
  2011.5616           78.88            0.34
  2011.5643           79.59            0.36
  2012.0027           98.28            0.28
  2012.0055           99.24            0.32
  2012.0082          100.83            0.28
  2012.0110          100.21            0.28
  2012.0137           99.03            0.32
  2012.0165           99.33            0.29
  2012.0192           99.36            0.29
  2012.0220           99.33            0.33
  2012.0247           99.82            0.31
  2012.0273           97.18            0.40
  2012.0302           94.98            0.39
  2012.0328           94.73            0.34
  2012.0356           95.52            0.31
  2012.0383           94.43            0.30
  2012.0411           94.48            0.36
  2012.0438           93.97            0.30
  2012.3206           94.83            0.75
  2012.3232           90.78            0.25
  2012.3260           92.33            0.24
  2012.3287           90.25            0.22
  2012.3315           91.53            0.24
  2012.3342           91.47            0.23
  2012.3370           91.59            0.24
  2012.3397           91.01            0.24
  2012.3424           90.49            0.23
  2012.3452           90.14            0.23
  2012.3479           91.34            0.41
  2012.3507           91.33            0.24
  2012.3534           91.66            0.24
  2012.3562           91.00            0.24
  2012.3589           91.47            0.25
  2012.3617           92.15            0.26
  2012.3644           91.38            0.23
  2012.3671           89.94            0.24
  2012.3699           90.74            0.24
  2012.3726           90.78            0.25
  2012.3754           90.79            0.25
  2012.3781           90.71            0.26
  2012.3809           91.42            0.24
  2012.3835           90.93            0.25
  2012.3864           89.92            0.25
  2012.3890           91.30            0.24
  2012.3917           91.44            0.23
  2012.3945           91.06            0.24
  2012.3972           91.76            0.24
  2012.4000           90.89            0.23
  2012.4027           91.52            0.25
  2012.4055           92.04            0.27
  2012.4110           92.12            0.27
  2012.4137           91.46            0.25
  2012.4164           91.35            0.23
  2012.4192           92.70            0.24
  2012.4219           91.31            0.26
  2012.4247           92.54            0.25
  2012.4274           91.95            0.25
  2012.4302           90.32            0.25
  2012.4329           91.81            0.23
  2012.4357           91.11            0.22
  2012.4384           91.80            0.22
  2012.4410           91.47            0.26
  2012.4438           90.46            0.23
  2012.4465           91.99            0.25
  2012.4493           91.64            0.26
  2012.4520           91.29            0.27
  2012.4548           91.81            0.24
  2012.4575           91.37            0.24
  2012.4603           92.50            0.24
  2012.4630           91.85            0.26
  2012.4657           91.48            0.24
  2012.4685           91.54            0.24
  2012.4712           92.49            0.28
  2012.4740           91.62            0.25
  2012.4767           92.00            0.24
  2012.4795           92.43            0.23
  2012.4822           91.29            0.24
  2012.4850           92.69            0.23
  2012.4877           92.82            0.24
  2012.4904           92.03            0.25
  2012.4932           92.53            0.24
  2012.4958           92.27            0.25
  2012.4987           92.09            0.26
  2012.5013           90.88            0.26
  2012.5042           89.63            0.25
  2012.5068           90.63            0.25
  2012.5096           90.56            0.25
  2012.5123           90.95            0.27
  2012.5150           91.20            0.25
  2012.5178           91.58            0.24
  2012.5205           90.59            0.25
  2012.5233           90.21            0.26
  2012.5260           90.71            0.25
  2012.5288           92.36            0.25
  2012.5315           91.62            0.25
  2012.5343           91.89            0.24
  2012.5370           91.26            0.23
  2012.5397           92.68            0.24
  2012.5425           92.71            0.25
  2012.5452           92.46            0.25
  2012.5480           91.31            0.25
  2012.5507           92.51            0.24
  2012.5535           91.33            0.25
  2012.5562           92.37            0.24
  2012.5590           90.90            0.24
  2012.5616           91.24            0.25
  2012.5643           90.87            0.24
  2012.5671           90.76            0.26
  2012.5698           90.49            0.24
  2012.5726           90.63            0.30
  2012.5753           90.40            0.35
  2012.5781           92.05            0.27
  2012.5808           90.89            0.26
  2012.5836           91.42            0.29
  2012.5863           91.92            0.27
  2012.5890           91.55            0.26
  2012.5918           90.96            0.25
  2012.5945           92.20            0.24
  2012.5973           91.84            0.38
  2012.6000           92.74            0.25
  2012.6028           92.31            0.25
  2012.6055           90.73            0.27
  2012.6083           91.44            0.27
  2012.6110           91.29            0.24
  2012.6136           91.78            0.26
  2012.6165           92.73            0.26
  2012.6191           92.41            0.26
  2012.6219           92.67            0.27
  2012.6246           91.49            0.27
  2012.6274           91.39            0.26
  2012.6301           91.99            0.28
  2012.6329           93.28            0.26
  2012.6356           92.53            0.26
  2012.6383           92.42            0.26
  2012.6411           91.90            0.26
  2012.6438           92.56            0.27
  2012.6466           92.48            0.26
  2012.6493           92.90            0.25
  2012.6521           92.18            0.26
  2012.6548           92.53            0.25
  2012.6576           92.77            0.24
  2012.6603           92.01            0.25
  2012.6630           91.76            0.31
  2012.6658           92.23            0.25
  2012.6685           92.22            0.26
  2012.6713           91.98            0.26
  2012.6740           91.69            0.28
  2012.6768           91.91            0.26
  2012.6794           91.66            0.25
  2012.6823           93.02            0.28
  2012.6849           91.33            0.27
  2012.6876           92.55            0.27
  2012.6904           91.90            0.26
  2012.6931           93.57            0.26
  2012.6959           93.44            0.25
  2012.6986           92.93            0.26
  2012.7014           92.45            0.26
  2012.7041           92.83            0.29
  2012.7069           94.51            0.73
  2012.7096           92.02            0.26
  2012.7123           92.66            0.26
  2012.7151           92.74            0.27
  2012.7178           92.42            0.27
  2012.7206           93.55            0.25
  2012.7233           93.95            0.26
  2012.7261           92.41            0.26
  2012.7288           92.58            0.25
  2012.7316           93.24            0.26
  2012.7343           92.53            0.28
  2012.7369           93.86            0.29
  2012.7397           94.19            0.26
  2012.7424           93.56            0.26
  2012.7452           93.50            0.27
  2012.7479           93.90            0.28
  2012.7507           94.24            0.29
  2012.7534           93.28            0.32
  2012.7561           93.25            0.28
  2012.7589           93.30            0.28
  2012.7616           93.57            0.28
  2012.7644           94.36            0.27
  2012.7671           94.48            0.29
  2012.7699           93.61            0.29
  2012.7726           95.39            0.29
  2012.7754           94.56            0.30
  2012.7781           95.70            0.26
  2012.7808           96.03            0.26
  2012.7836           94.31            0.27
  2012.7863           93.76            0.27
  2012.7891           94.85            0.29
  2012.7917           95.45            0.28
  2012.7946           96.16            0.29
  2012.7972           93.43            0.29
  2012.8000           95.00            0.27
  2012.8027           93.39            0.31
  2012.8054           94.40            0.33
  2012.8082           95.96            0.34
  2012.8109           97.05            0.31
  2012.8137           97.58            0.31
  2012.8164           97.30            0.30
  2012.8192           96.02            0.32
  2012.8219           96.10            0.34
  2012.8247           97.61            0.32
  2012.8274           96.31            0.32
  2012.8301           97.05            0.37
  2012.8329           96.36            0.31
  2012.8356           97.52            0.31
  2012.8384           97.05            0.33
  2012.8411           96.06            0.29
  2012.8439           96.89            0.35
  2012.8466           96.92            0.31
  2012.8494           99.08            0.31
  2012.8521           98.52            0.32
  2012.8547           97.07            0.31
  2012.8575           97.20            0.32
  2012.8602           97.58            0.33
  2012.8630           99.21            0.32
  2012.8657           98.16            0.31
  2012.8685           98.35            0.30
  2012.8712           97.97            0.31
  2012.8740           98.20            0.36
  2012.8767           98.67            0.34
  2012.8794           96.18            0.31
  2012.8822           97.37            0.31
  2012.8849           98.10            0.30
  2012.8877           97.23            0.36
  2012.8904           99.28            0.34
  2012.8932           97.35            0.41
  2012.8959           97.36            0.41
  2012.8987           98.13            0.37
  2012.9014           97.21            0.39
  2012.9041           99.61            1.39
  2012.9069          100.63            0.38
  2012.9095          100.12            0.34
  2012.9124           98.17            0.38
  2012.9150           99.79            0.42
  2012.9178           99.27            0.34
  2012.9205           99.90            0.34
  2012.9233          100.25            0.56
  2012.9260          102.64            0.41
  2012.9287          100.26            0.34
  2012.9315          101.49            0.36
  2012.9342           97.85            0.42
  2012.9370          101.34            0.43
  2012.9397           99.64            0.36
  2012.9425          101.15            0.39
  2012.9452          103.07            0.42
  2012.9480          100.69            0.39
  2012.9507          100.62            0.37
  2012.9534          101.88            0.33
  2012.9562          101.51            0.40
  2012.9589          102.54            0.37
  2012.9617          102.94            0.41
  2012.9644          103.07            0.37
  2012.9672           98.18            0.46
  2012.9698          102.83            0.47
  2012.9727          102.50            0.42
  2012.9753          104.36            0.39
  2012.9780          101.16            0.39
  2012.9808          101.13            0.39
  2012.9835          107.24            0.53
  2012.9863          103.84            0.43
  2012.9890          104.03            0.40
  2012.9918          103.04            0.36
  2012.9945          103.74            0.35
  2012.9973          102.93            0.36
  2013.0000          101.79            0.37
  2013.0027          102.07            0.41
  2013.0027          101.30            0.28
  2013.0055          101.13            0.26
  2013.0082          101.22            0.28
  2013.0110          100.59            0.28
  2013.0137          102.04            0.37
  2013.0165          101.84            0.44
  2013.0192          103.04            0.43
  2013.0220          104.53            0.38
  2013.0247          104.80            0.42
  2013.0273          103.20            0.41
  2013.0302          101.11            0.41
  2013.0328          104.31            0.41
  2013.0356          102.93            0.38
  2013.0383          102.97            0.36
  2013.0411          104.20            0.44
  2013.0438          103.75            0.44
  2013.0466          102.81            0.47
  2013.0493          104.70            0.40
  2013.0520          103.08            0.39
  2013.0548          104.74            0.38
  2013.0575          105.24            0.37
  2013.0603          103.69            0.41
  2013.0630          106.64            0.42
  2013.0658          103.03            0.39
  2013.0685          105.95            0.37
  2013.0713          104.92            0.37
  2013.0740          102.84            0.40
  2013.0767          101.92            0.36
  2013.0795          100.96            0.38
  2013.0822          102.25            0.39
  2013.0850          100.67            0.41
  2013.0876          104.52            0.43
  2013.0905          104.98            0.38
  2013.0931           97.80            0.39
  2013.0959          104.07            0.36
  2013.0986          104.16            0.39
  2013.1013          104.72            0.45
  2013.1041          104.97            0.36
  2013.1068          103.32            0.38
  2013.1096          103.48            0.38
  2013.1123          105.19            0.39
  2013.1151          103.82            0.38
  2013.1178          104.03            0.39
  2013.1206          103.80            0.38
  2013.1233          105.14            0.40
  2013.1260          104.39            0.38
  2013.1288          102.00            0.41
  2013.1315          104.96            0.39
  2013.1343          103.00            0.34
  2013.1370          104.44            0.35
  2013.1398          104.82            0.36
  2013.1425          105.35            0.40
  2013.1453          104.57            0.37
  2013.1479          103.60            0.37
  2013.1506          102.80            0.38
  2013.1534          103.35            0.34
  2013.1561          103.86            0.35
  2013.1589          103.56            0.36
  2013.1616          100.28            0.36
  2013.1644          104.50            0.35
  2013.1671          103.76            0.35
  2013.1699          102.31            0.33
  2013.1726          102.94            0.34
  2013.1753          101.62            0.39
  2013.1781          102.11            0.37
  2013.1808          102.53            0.36
  2013.1863          104.43            0.44
  2013.1918          102.76            0.41
  2013.2000          101.70            0.36
  2013.2028          101.03            0.35
  2013.2054          100.98            0.37
  2013.2083          104.04            0.36
  2013.2109          103.47            0.36
  2013.2164          102.67            0.44
  2013.2192          102.69            0.39
  2013.2219          103.06            0.37
  2013.2246          101.60            0.41
  2013.2274          101.28            0.43
  2013.2301          102.35            0.47
  2013.2329          102.99            0.41
  2013.2356          102.43            0.37
  2013.2384          101.95            0.39
  2013.2411          104.06            0.44
  2013.2439          103.06            0.36
  2013.2466          101.97            0.40
  2013.2493          101.86            0.40
  2013.2548          102.05            0.42
  2013.2576          102.54            0.38
  2013.2603          102.26            0.39
  2013.2631          104.70            0.40
  2013.2657          102.04            0.75
  2013.2684          103.14            0.42
  2013.2712           99.26            0.45
  2013.2794          102.20            0.38
  2013.2822          102.07            0.36
  2013.2849          104.36            0.35
  2013.2877          102.18            0.39
  2013.2904          103.19            0.37
  2013.2931          102.58            0.43
  2013.2959          101.53            0.38
  2013.2986          102.24            0.41
  2013.3014          101.66            0.40
  2013.3041          101.81            0.40
  2013.3069           99.33            0.39
  2013.3096          103.56            0.41
  2013.3124          101.39            0.40
  2013.3151          101.35            0.41
  2013.3177          101.93            0.41
  2013.3206          101.83            0.41
  2013.3232           97.86            0.43
  2013.3260          101.88            0.37
  2013.3287          103.37            0.38
  2013.3315          102.00            0.42
  2013.3342          100.87            0.40
  2013.3370          101.81            0.40
  2013.3397          101.53            0.39
  2013.3424          102.89            0.37
  2013.3452          102.92            0.39
  2013.3479          103.25            0.38
  2013.3562          101.71            0.43
  2013.3589          101.10            0.40
  2013.3617          103.65            0.72
  2013.3644          102.31            0.37
  2013.3671          102.57            0.36
  2013.3699          103.68            0.32
  2013.3726          104.38            0.34
  2013.3754          103.77            0.34
  2013.3781          102.36            0.37
  2013.3809          102.44            0.59
  2013.3835          104.87            0.33
  2013.3864          105.27            0.34
  2013.3890          103.97            0.35
  2013.3917          105.33            0.37
  2013.3945          104.23            0.34
  2013.4000          105.74            0.36
  2013.4027          104.72            0.38
  2013.4055          105.04            0.39
  2013.4082          105.41            0.37
  2013.4110          104.70            0.38
  2013.4137          105.66            0.42
  2013.4164          105.88            0.39
  2013.4192          105.09            0.36
  2013.4219          105.78            0.36
  2013.4247          104.81            0.41
  2013.4274          107.07            0.38
  2013.4302          105.94            0.37
  2013.4329          102.97            0.42
  2013.4357          105.80            0.37
  2013.4384          105.82            0.40
  2013.4410          105.11            0.39
  2013.4438          107.54            0.37
  2013.4465          105.39            0.39
  2013.4493          106.42            0.39
  2013.4520          106.27            0.40
  2013.4548          107.58            0.42
  2013.4575          106.95            0.43
  2013.4603          107.08            0.39
  2013.4630          105.86            0.37
  2013.4657          106.62            0.42
  2013.4685          107.37            0.39
  2013.4712          106.28            0.39
  2013.4740          106.34            0.38
  2013.4767          107.09            0.37
  2013.4795          107.34            0.39
  2013.4822          106.66            0.37
  2013.4850          107.76            0.41
  2013.4877          107.60            0.42
  2013.4904          106.52            0.43
  2013.4932          107.76            0.39
  2013.4958          105.44            0.37
  2013.4987          106.89            0.37
  2013.5013          108.61            0.38
  2013.5042          105.52            0.40
  2013.5068          105.45            0.41
  2013.5096          104.49            0.41
  2013.5123          105.15            0.36
  2013.5150          104.81            0.37
  2013.5178          105.72            0.36
  2013.5205          106.14            0.39
  2013.5233          105.71            0.39
  2013.5260          104.98            0.37
  2013.5288          106.82            0.38
  2013.5315          107.19            0.38
  2013.5343          106.81            0.41
  2013.5370          104.87            0.42
  2013.5397          107.05            0.37
  2013.5425          105.47            0.38
  2013.5452          105.26            0.37
  2013.5480          106.12            0.35
  2013.5507          105.95            0.38
  2013.5535          106.84            0.38
  2013.5562          107.08            0.35
  2013.5590          107.42            0.34
  2013.5616          108.19            0.36
  2013.5643          107.52            0.37
  2013.5671          109.77            0.44
  2013.5698          106.75            0.35
  2013.5726          106.96            0.37
  2013.5753          105.93            0.33
  2013.5781          107.21            0.37
  2013.5808          104.83            0.34
  2013.5836          106.58            0.30
  2013.5863          106.90            0.38
  2013.5890          107.27            0.40
  2013.5918          107.35            0.41
  2013.5945          108.08            0.38
  2013.5973          107.71            0.41
  2013.6000          105.83            0.42
  2013.6028          107.30            0.38
  2013.6055          107.43            0.33
  2013.6083          107.99            0.33
  2013.6110          104.55            0.38
  2013.6136          105.86            0.38
  2013.6165          105.65            0.41
  2013.6191          106.74            0.35
  2013.6219          104.72            0.37
  2013.6246          106.11            0.42
  2013.6274          104.67            0.33
  2013.6301          105.41            0.34
  2013.6329          104.09            0.34
  2013.6356          104.54            0.34
  2013.6383          104.05            0.32
  2013.6411          106.00            0.31
  2013.6438          104.97            0.31
  2013.6466          105.46            0.33
  2013.6493          106.08            0.31
  2013.6521          106.73            0.31
  2013.6548          107.13            0.35
  2013.6576          105.27            0.35
  2013.6603          105.58            0.34
  2013.6630          105.12            0.33
  2013.6658          105.45            0.37
  2013.6685          105.81            0.34
  2013.6713          104.46            0.34
  2013.6740          105.86            0.38
  2013.6768          107.10            0.40
  2013.6794          105.95            0.40
  2013.6823          105.98            0.37
  2013.6849          105.01            0.37
  2013.6876          107.65            0.39
  2013.6904          107.02            0.37
  2013.6931          107.94            0.39
  2013.6959          106.86            0.36
  2013.6986          106.56            0.38
  2013.7014          106.68            0.34
  2013.7041          107.87            0.38
  2013.7069          107.32            0.34
  2013.7096          107.08            0.36
  2013.7123          108.07            0.35
  2013.7151          110.09            0.36
  2013.7178          108.57            0.36
  2013.7206          107.45            0.39
  2013.7233          108.78            0.39
  2013.7261          107.13            0.37
  2013.7288          106.75            0.38
  2013.7316          108.83            0.35
  2013.7343          107.80            0.33
  2013.7369          107.44            0.44
  2013.7397          109.84            0.40
  2013.7424          136.82            0.53
  2013.7561          109.62            0.38
  2013.7589          109.97            0.44
  2013.7616          111.66            0.41
  2013.7644          110.08            0.38
  2013.7671          109.63            0.47
  2013.7699          109.16            0.40
  2013.7726          109.37            0.39
  2013.7754          108.11            0.40
  2013.7781          109.74            0.46
  2013.7808          108.84            0.42
  2013.7836          108.39            0.40
  2013.7863          108.32            0.44
  2013.7891          109.82            0.43
  2013.7917          109.96            0.45
  2013.7946          112.05            0.41
  2013.7972          110.19            0.39
  2013.8000          108.66            0.43
  2013.8027          109.07            0.48
  2013.8054          109.83            0.39
  2013.8082          109.39            0.42
  2013.8109          109.87            0.39
  2013.8137          106.74            1.14
  2013.8164          109.99            0.43
  2013.8192          110.48            0.36
  2013.8219          110.13            0.37
  2013.8247          109.58            0.43
  2013.8274          110.78            0.41
  2013.8301          109.75            0.40
  2013.8329          110.21            0.40
  2013.8356          109.61            0.43
  2013.8384          113.81            0.48
  2013.8411          112.00            0.38
  2013.8439          109.75            0.37
  2013.8466          111.46            0.35
  2013.8494          113.10            0.46
  2013.8521          114.92            0.46
  2013.8547          109.42            1.40
  2013.8575          111.84            0.46
  2013.8602          110.57            0.44
  2013.8630          113.15            0.41
  2013.8657          112.99            0.41
  2013.8685          112.38            0.41
  2013.8712          113.59            0.46
  2013.8740          112.51            0.39
  2013.8767          113.58            0.47
  2013.8794          113.69            0.38
  2013.8822          111.52            0.42
  2013.8849          113.19            0.41
  2013.8877          113.19            0.44
  2013.8904          113.87            0.41
  2013.8932          114.68            0.43
  2013.8959          112.63            0.42
  2013.8987          113.34            0.41
  2013.9014          113.48            0.40
  2013.9041          114.39            0.40
  2013.9069          114.84            0.79
  2013.9095          114.32            0.77
  2013.9124          114.20            0.40
  2013.9150          115.09            0.40
  2013.9178          117.06            0.37
  2013.9205          115.92            0.39
  2013.9233          115.61            0.44
  2013.9260          115.43            0.36
  2013.9287          113.61            0.38
  2013.9315          117.68            0.43
  2013.9370          120.17            1.33
  2013.9397          117.22            0.48
  2013.9425          117.06            0.75
  2013.9452          117.02            0.44
  2013.9480          118.19            0.44
  2013.9507          117.65            0.40
  2013.9534          116.09            0.44
  2013.9562          115.60            0.40
  2013.9589          114.02            0.44
  2013.9617          117.45            0.41
  2013.9644          113.86            0.41
  2013.9672          114.38            0.38
  2013.9698          113.75            0.39
  2013.9727          114.74            0.43
  2013.9753          116.18            0.41
  2013.9780          117.41            0.41
  2013.9808          115.33            0.40
  2013.9835          115.30            0.41
  2013.9863          117.01            0.41
  2013.9890          116.01            0.48
  2013.9918          116.40            0.41
  2013.9945          117.95            0.46
  2013.9973          117.62            0.39
  2014.0000          117.58            0.41
  2014.0027          117.82            0.42
  2014.0055          117.94            0.54
  2014.0082          116.49            0.40
  2014.0110          117.30            0.43
  2014.0137          117.16            0.45
  2014.0165          118.27            0.45
  2014.0192          117.34            0.41
  2014.0220          119.49            0.45
  2014.0247          117.08            0.41
  2014.0273          120.08            0.42
  2014.0302          119.70            0.41
  2014.0328          118.30            0.45
  2014.0356          117.46            0.39
  2014.0383          117.84            0.51
  2014.0411          116.22            0.43
  2014.0438          118.40            0.45
  2014.0466          116.05            0.44
  2014.0493          116.65            0.45
  2014.0548          114.75            0.44
  2014.0575          118.83            0.51
  2014.0603          116.78            0.43
  2014.0630          118.81            0.52
  2014.0658          116.70            0.53
  2014.0685          119.00            0.42
  2014.0713          119.34            0.40
  2014.0740          117.74            0.40
  2014.0767          118.30            0.61
  2014.0795          115.31            0.98
  2014.0876          116.28            1.07
  2014.0931          117.25            1.65
  2014.0959          118.94            0.85
  2014.0986          117.10            0.48
  2014.1013          117.10            0.50
  2014.1041          118.78            0.88
  2014.1068          120.34            0.42
  2014.1096          116.37            0.47
  2014.1123          119.23            0.40
  2014.1151          114.65            0.45
  2014.1178          117.89            0.38
  2014.1206          117.56            0.38
  2014.1233          118.40            0.43
  2014.1260          119.68            0.47
  2014.1288          118.36            0.39
  2014.1315          119.91            0.46
  2014.1343          120.64            0.50
  2014.1370          113.62            0.62
  2014.1398          116.49            0.41
  2014.1425          125.44            0.49
  2014.1534          119.57            0.97
  2014.1561          117.74            0.82
  2014.1616          116.97            0.56
  2014.1644          118.66            0.44
  2014.1671          117.81            0.41
  2014.1726          116.01            0.73
  2014.1753          113.97            1.71
  2014.1781          119.03            0.46
  2014.1808          117.69            0.48
  2014.1836          120.16            0.67
  2014.1863          117.01            0.43
  2014.1891          120.20            0.82
  2014.1918          118.85            0.66
  2014.1946          118.24            0.43
  2014.1973          117.39            0.44
  2014.2000          115.06            0.43
  2014.2028          114.56            0.44
  2014.2054          117.57            0.39
  2014.2083          115.01            0.48
  2014.2109          117.66            0.40
  2014.2137          116.16            0.42
  2014.2164          116.79            0.44
  2014.2192          114.42            0.39
  2014.2219          115.33            0.39
  2014.2246          117.56            0.39
  2014.2274          113.49            0.40
  2014.2301          117.78            0.43
  2014.2329          118.76            0.41
  2014.2356          115.56            0.46
  2014.2384          116.23            0.43
  2014.2411          116.12            0.40
  2014.2439          115.27            0.42
  2014.2466          115.38            0.41
  2014.2493          115.11            0.36
  2014.2521          117.49            0.36
  2014.2548          116.89            0.39
  2014.2576          115.38            0.36
  2014.2603          115.95            0.39
  2014.2631          117.08            0.35
  2014.2657          117.80            0.35
  2014.2684          118.65            0.41
  2014.2712          117.79            0.42
  2014.2739          119.27            0.40
  2014.2767          116.07            0.39
  2014.2794          117.52            0.38
  2014.2822          117.91            0.34
  2014.2849          117.52            0.35
  2014.2877          117.67            0.37
  2014.2904          115.50            0.35
  2014.2931          117.23            0.34
  2014.2959          117.90            0.33
  2014.2986          116.68            0.34
  2014.3014          117.94            0.37
  2014.3041          116.61            0.37
  2014.3069          116.68            0.35
  2014.3096          117.20            0.35
  2014.3124          117.84            0.38
  2014.3151          116.95            0.36
  2014.3177          116.42            0.35
  2014.3206          118.10            0.36
  2014.3232          118.27            0.31
  2014.3260          119.66            0.35
  2014.3287          119.13            0.35
  2014.3315          119.00            0.36
  2014.3342          116.87            0.34
  2014.3370          119.53            0.35
  2014.3397          118.66            0.37
  2014.3424          119.37            0.36
  2014.3452          120.34            0.36
  2014.3479          120.53            0.35
  2014.3507          119.48            0.32
  2014.3534          117.77            0.35
  2014.3562          118.78            0.36
  2014.3589          119.61            0.33
  2014.3617          119.90            0.32
  2014.3644          119.33            0.33
  2014.3671          119.94            0.37
  2014.3699          119.25            0.37
  2014.3726          119.48            0.36
  2014.3754          120.39            0.34
  2014.3781          119.16            0.35
  2014.3809          118.82            0.34
  2014.3835          119.98            0.34
  2014.3864          118.27            0.37
  2014.3890          119.90            0.39
  2014.3917          120.06            0.34
  2014.3945          119.94            0.38
  2014.3972          121.83            0.35
  2014.4000          120.91            0.36
  2014.4027          120.71            0.35
  2014.4055          122.07            0.41
  2014.4082          119.98            0.39
  2014.4110          121.57            0.34
  2014.4137          121.49            0.36
  2014.4164          121.61            0.37
  2014.4192          122.25            0.37
  2014.4219          120.79            0.37
  2014.4247          120.85            0.37
  2014.4274          120.78            0.36
  2014.4302          120.08            0.36
  2014.4329          121.49            0.36
  2014.4357          121.44            0.37
  2014.4384          122.04            0.38
  2014.4410          121.45            0.38
  2014.4438          121.35            0.38
  2014.4465          120.19            0.36
  2014.4493          122.70            0.62
  2014.4548          117.83            0.53
  2014.4575          120.48            0.32
