  2011.4465            0.00            2.26
  2011.4493           -4.30            2.04
  2011.4520           -0.35            2.06
  2011.4548           -3.42            2.48
  2011.4575            0.75            2.20
  2011.4603            7.27            2.18
  2011.4630            6.67            2.35
  2011.4657            8.89            2.44
  2011.4685            4.86            2.25
  2011.4712           11.75            2.14
  2011.4740           16.05            2.14
  2011.4767           14.97            2.23
  2011.4795           16.04            2.13
  2011.4822           15.19            2.10
  2011.4850           16.77            2.09
  2011.4877           19.46            2.09
  2011.4904           20.96            2.15
  2011.4932           24.25            2.27
  2011.4958           15.93            4.35
  2011.4987           26.37            4.77
  2011.5013           23.31            2.07
  2011.5042           25.47            2.73
  2011.5068           26.37            3.45
  2011.5096           33.71            4.05
  2011.5123           31.49            2.32
  2011.5150           34.36            2.24
  2011.5178           31.10            2.27
  2011.5205           24.46            3.64
  2011.5233           38.45            3.74
  2011.5260           30.26            2.40
  2011.5315           36.59            3.73
  2011.5343           48.44            3.84
  2011.5370           33.88            2.47
  2011.5397           38.90            3.38
  2011.5425           31.74            4.38
  2011.5507           52.04            4.17
  2011.5671           46.21            2.60
  2011.5698           39.58            2.31
  2011.5726           39.21            2.42
  2011.5753           43.11            2.18
  2011.5863           45.26            4.64
  2011.5890           48.25            2.91
  2011.5918           49.92            2.41
  2011.5945           46.89            2.89
  2011.5973           50.89            2.46
  2011.6000           50.77            2.42
  2011.6028           45.56            2.43
  2011.6055           50.91            2.43
  2011.6083           46.04            2.24
  2011.6110           56.35            2.54
  2011.6136           47.84            2.57
  2011.6165           50.71            2.41
  2011.6191           46.29            2.29
  2011.6219           51.79            2.28
  2011.6246           50.13            2.57
  2011.6274           47.69            2.38
  2011.6301           75.84            2.43
  2011.6329           45.31            2.26
  2011.6356           57.87            2.34
  2011.6383           51.57            2.28
  2011.6411           55.73            2.17
  2011.6438           54.59            2.30
  2011.6466           58.94            2.31
  2011.6493           54.27            2.28
  2011.6521           60.14            2.49
  2011.6548           75.08            2.52
  2011.6576           59.36            2.45
  2011.6603           65.08            2.53
  2011.6630           61.50            2.54
  2011.6658           57.58            2.27
  2011.6685           50.29            2.54
  2011.6713           62.13            2.46
  2011.6740           66.79            2.30
  2011.6768           58.22            2.40
  2011.6794           58.10            2.33
  2011.6823           62.79            2.27
  2011.6849           65.62            2.42
  2011.6876           64.02            2.39
  2011.6904           65.63            2.57
  2011.6931           66.89            2.29
  2011.6959           63.48            2.36
  2011.6986           71.59            2.24
  2011.7014           69.37            2.26
  2011.7041           67.77            2.29
  2011.7069           68.89            2.29
  2011.7096           79.55            2.46
  2011.7123           71.11            2.25
  2011.7151           71.91            2.18
  2011.7178           65.49            2.22
  2011.7206           73.32            2.26
  2011.7233           73.52            2.31
  2011.7261           77.35            2.34
  2011.7288           70.49            2.34
  2011.7316           79.17            2.40
  2011.7343           72.00            2.31
  2011.7369           73.22            2.38
  2011.7397           79.65            2.31
  2011.7424           76.86            2.41
  2011.7452           79.65            2.31
  2011.7479           79.86            2.38
  2011.7507           78.33            2.66
  2011.7534           79.06            2.21
  2011.7561           73.32            2.35
  2011.7589           75.49            2.49
  2011.7616           80.93            2.84
  2011.7644           70.08            2.68
  2011.7671           71.11            2.53
  2011.7699           83.49            2.41
  2011.7726           78.73            2.35
  2011.7754           77.14            2.57
  2011.7781           78.16            2.88
  2011.7808           78.29            2.77
  2011.7836           80.07            2.52
  2011.7863           78.69            2.64
  2011.7891           85.21            2.63
  2011.7917           84.01            2.67
  2011.7946           86.09            2.37
  2011.7972           75.26            2.35
  2011.8000           82.37            2.64
  2011.8027           82.05            2.55
  2011.8054           80.65            2.53
  2011.8082           81.92            2.52
  2011.8109           90.75            2.44
  2011.8137           85.13            2.86
  2011.8164           92.09            3.06
  2011.8192           83.81            2.50
  2011.8219           84.93            2.64
  2011.8247           95.08            2.55
  2011.8274           90.06            2.59
  2011.8301           87.99            2.54
  2011.8329           87.01            2.53
  2011.8356           85.93            2.52
  2011.8384           84.86            2.71
  2011.8411           83.66            2.78
  2011.8439           92.45            2.76
  2011.8466           88.78            2.89
  2011.8494           83.18            2.78
  2011.8521           82.76            2.86
  2011.8547          101.81            3.40
  2011.8575           89.25            3.31
  2011.8602           83.08            3.18
  2011.8630           87.82            2.78
  2011.8657           94.81            2.96
  2011.8685           91.57            3.03
  2011.8712           97.40            3.10
  2011.8740           97.84            3.12
  2011.8767          102.92            3.11
  2011.8794           90.07            3.12
  2011.8822          100.92            3.33
  2011.8849           94.01            2.97
  2011.8877           97.00            2.92
  2011.8904           98.16            3.14
  2011.8932          102.86            3.00
  2011.8959           82.40            3.25
  2011.8987          107.07            2.80
  2011.9014           98.59            2.83
  2011.9041           99.91            2.63
  2011.9069           99.81            2.88
  2011.9095          101.99            2.93
  2011.9124           99.78            2.89
  2011.9150           95.29            2.78
  2011.9178           95.88            2.91
  2011.9205           99.71            2.92
  2011.9233           93.71            2.88
  2011.9260          104.97            2.95
  2011.9287           99.75            3.18
  2011.9315          100.27            2.94
  2011.9342          102.07            3.04
  2011.9370           99.92            2.97
  2011.9397           90.38            2.92
  2011.9425          102.36            3.01
  2011.9452          103.91            3.03
  2011.9480          106.34            3.07
  2011.9507           98.35            2.82
  2011.9534           94.34            3.05
  2011.9562          102.56            3.15
  2011.9589           99.37            3.23
  2011.9617          104.86            2.94
  2011.9644          113.70            3.19
  2011.9672          109.36            3.27
  2011.9698          110.87            3.19
  2011.9727           97.57            3.19
  2011.9753           97.02            3.25
  2011.9780          108.10            3.03
  2011.9808          112.32            3.03
  2011.9835          106.84            2.96
  2011.9863          108.71            2.99
  2011.9890          113.38            2.96
  2011.9918          104.50            3.18
  2011.9945          110.46            2.90
  2011.9973          109.19            3.12
  2012.0000          110.69            3.13
