  2011.4465            0.00            0.46
  2011.4493           -1.67            0.40
  2011.4520            0.47            0.42
  2011.4548            1.85            0.51
  2011.4575            0.78            0.43
  2011.4603            8.42            0.44
  2011.4630            8.83            0.45
  2011.4657           10.23            0.48
  2011.4685            9.50            0.45
  2011.4712            2.83            0.41
  2011.4740           11.03            0.39
  2011.4767           11.26            0.43
  2011.4795           10.86            0.39
  2011.4822           11.46            0.42
  2011.4850           13.63            0.43
  2011.4877           13.25            0.41
  2011.4904           11.45            0.42
  2011.4932           15.38            0.45
  2011.4958           17.86            0.58
  2011.4987           14.07            0.64
  2011.5013           19.78            0.43
  2011.5042           23.65            0.37
  2011.5068           20.25            0.67
  2011.5096           22.63            0.84
  2011.5123           23.59            0.48
  2011.5150           21.96            0.45
  2011.5178           26.12            0.49
  2011.5205           21.46            0.59
  2011.5233           26.64            0.72
  2011.5260           25.99            0.50
  2011.5315           28.61            0.62
  2011.5343           29.33            0.69
  2011.5370           25.33            0.51
  2011.5397           31.85            0.65
  2011.5425           23.58            0.76
  2011.5507           34.69            0.55
  2011.5671           30.52            0.54
  2011.5698           30.57            0.44
  2011.5726           30.54            0.48
  2011.5753           31.45            0.42
  2011.5863           25.32            0.41
  2011.5890           33.55            0.40
  2011.5918           35.24            0.49
  2011.5945           36.67            0.42
  2011.5973           30.93            0.48
  2011.6000           30.96            0.47
  2011.6028           34.58            0.47
  2011.6055           34.68            0.46
  2011.6083           32.53            0.44
  2011.6110           42.54            0.52
  2011.6136           32.16            0.55
  2011.6165           39.19            0.49
  2011.6191           35.65            0.47
  2011.6219           38.09            0.48
  2011.6246           41.45            0.49
  2011.6274           37.31            0.43
  2011.6301           36.83            0.42
  2011.6329           37.72            0.46
  2011.6356           45.81            0.46
  2011.6383           38.86            0.43
  2011.6411           39.70            0.41
  2011.6438           38.61            0.39
  2011.6466           41.65            0.40
  2011.6493           45.29            0.42
  2011.6521           44.02            0.50
  2011.6548           42.50            0.44
  2011.6576           40.47            0.47
  2011.6603           42.81            0.49
  2011.6630           40.86            0.50
  2011.6658           46.35            0.42
  2011.6685           43.86            0.59
  2011.6713           47.59            0.49
  2011.6740           44.33            0.45
  2011.6768           50.87            0.50
  2011.6794           41.32            0.47
  2011.6823           44.02            0.44
  2011.6849           48.70            0.49
  2011.6876           47.47            0.47
  2011.6904           45.89            0.51
  2011.6931           48.38            0.43
  2011.6959           49.78            0.46
  2011.6986           53.72            0.42
  2011.7014           48.43            0.45
  2011.7041           47.73            0.46
  2011.7069           50.03            0.45
  2011.7096           43.80            0.46
  2011.7123           50.53            0.43
  2011.7151           52.98            0.42
  2011.7178           52.47            0.42
  2011.7206           50.94            0.47
  2011.7233           50.58            0.44
  2011.7261           55.29            0.45
  2011.7288           47.84            0.45
  2011.7316           54.17            0.42
  2011.7343           53.66            0.42
  2011.7369           52.45            0.47
  2011.7397           55.39            0.41
  2011.7424           49.87            0.45
  2011.7452           53.28            0.44
  2011.7479           48.32            0.48
  2011.7507           42.69            0.52
  2011.7534           56.16            0.44
  2011.7561           61.55            0.48
  2011.7589           54.44            0.51
  2011.7616           57.75            0.55
  2011.7644           56.34            0.52
  2011.7671           53.09            0.52
  2011.7699           60.04            0.48
  2011.7726           58.24            0.46
  2011.7754           54.04            0.47
  2011.7781           51.23            0.58
  2011.7808           60.31            0.51
  2011.7836           60.42            0.47
  2011.7863           59.15            0.46
  2011.7891           60.00            0.45
  2011.7917           58.95            0.46
  2011.7946           63.56            0.42
  2011.7972           59.16            0.40
  2011.8000           60.62            0.49
  2011.8027           59.64            0.42
  2011.8054           59.94            0.45
  2011.8082           63.86            0.48
  2011.8109           63.00            0.42
  2011.8137           65.00            0.57
  2011.8164           64.29            0.56
  2011.8192           60.27            0.43
  2011.8219           65.96            0.45
  2011.8247           59.61            0.43
  2011.8274           58.65            0.45
  2011.8301           58.04            0.41
  2011.8329           63.81            0.41
  2011.8356           63.44            0.41
  2011.8384           61.24            0.45
  2011.8411           64.67            0.44
  2011.8439           62.59            0.45
  2011.8466           62.98            0.48
  2011.8494           60.62            0.47
  2011.8521           61.27            0.44
  2011.8547           70.91            0.48
  2011.8575           61.11            0.50
  2011.8602           60.39            0.62
  2011.8630           70.36            0.51
  2011.8657           72.01            0.50
  2011.8685           70.86            0.49
  2011.8712           75.38            0.52
  2011.8740           70.53            0.54
  2011.8767           71.77            0.50
  2011.8794           79.36            0.48
  2011.8822           63.89            0.59
  2011.8849           64.94            0.49
  2011.8877           65.85            0.55
  2011.8904           71.91            0.56
  2011.8932           64.14            0.49
  2011.8959           69.88            0.56
  2011.8987           72.13            0.43
  2011.9014           73.08            0.41
  2011.9041           72.91            0.41
  2011.9069           76.45            0.42
  2011.9095           65.70            0.55
  2011.9124           75.28            0.44
  2011.9150           71.51            0.43
  2011.9178           60.92            0.47
  2011.9205           75.30            0.49
  2011.9233           73.88            0.43
  2011.9260           70.89            0.47
  2011.9287           76.00            0.57
  2011.9315           70.97            0.52
  2011.9342           74.69            0.56
  2011.9370           75.96            0.46
  2011.9397           79.39            0.48
  2011.9425           65.50            0.47
  2011.9452           68.38            0.53
  2011.9480           76.92            0.46
  2011.9507           72.48            0.44
  2011.9534           76.16            0.47
  2011.9562           72.17            0.56
  2011.9589           71.25            0.61
  2011.9617           74.26            0.45
  2011.9644           78.71            0.55
  2011.9672           83.10            0.56
  2011.9698           77.65            0.58
  2011.9727           70.21            0.60
  2011.9753           75.46            0.54
  2011.9780           79.18            0.44
  2011.9808           79.20            0.51
  2011.9835           70.96            0.48
  2011.9863           81.92            0.54
  2011.9890           77.55            0.53
  2011.9918           75.54            0.59
  2011.9945           73.54            0.52
  2011.9973           78.70            0.55
  2012.0000           72.24            0.54
