  2008.0027            0.00            0.16
  2008.0055           -0.12            0.16
  2008.0082           -1.55            0.16
  2008.0110           -1.18            0.15
  2008.0137           -2.99            0.15
  2008.0165           -2.40            0.16
  2008.0192            0.59            0.15
  2008.0220            0.21            0.19
  2008.0247           -3.67            0.19
  2008.0273           -1.85            0.13
  2008.0302           -1.49            0.15
  2008.0328           -1.77            0.15
  2008.0356           -0.14            0.14
  2008.0383           -1.19            0.15
  2008.0411            1.25            0.14
  2008.0438           -0.47            0.15
  2008.0466           -1.21            0.14
  2008.0493            0.51            0.15
  2008.0520           -0.47            0.13
  2008.0548            1.20            0.13
  2008.0575            0.17            0.13
  2008.0603            1.02            0.14
  2008.0630           -1.56            0.14
  2008.0658           -0.73            0.13
  2008.0685            0.31            0.14
  2008.0713            0.90            0.14
  2008.0740            1.83            0.14
  2008.0767            0.14            0.14
  2008.0795           -1.02            0.15
  2008.0822            0.13            0.13
  2008.0850            3.04            0.15
  2008.0876           -0.03            0.14
  2008.0905            0.52            0.14
  2008.0931            2.73            0.14
  2008.0959            2.37            0.13
  2008.0986            2.49            0.15
  2008.1013            2.97            0.15
  2008.1041            2.59            0.14
  2008.1068            5.35            0.14
  2008.1096            1.77            0.14
  2008.1123            1.70            0.13
  2008.1151            1.77            0.13
  2008.1178            3.43            0.13
  2008.1206            1.16            0.13
  2008.1233            2.78            0.13
  2008.1260            2.36            0.14
  2008.1288            1.87            0.14
  2008.1315            2.20            0.15
  2008.1343            3.26            0.16
  2008.1370            0.65            0.15
  2008.1398            2.10            0.16
  2008.1425            2.00            0.14
  2008.1453            1.52            0.15
  2008.1479            2.69            0.15
  2008.1506            3.12            0.13
  2008.1534            3.55            0.15
  2008.1561            4.42            0.15
  2008.1589            5.72            0.15
  2008.1616            3.72            0.16
  2008.1644            1.83            0.15
  2008.1671            4.35            0.15
  2008.1699            2.02            0.14
  2008.1726            3.67            0.14
  2008.1753            4.45            0.14
  2008.1781            4.54            0.15
  2008.1808            2.15            0.14
  2008.1836            2.65            0.14
  2008.1863            4.65            0.14
  2008.1891            2.34            0.14
  2008.1918            3.21            0.14
  2008.1946            2.96            0.14
  2008.1973            2.15            0.13
  2008.2000            2.95            0.13
  2008.2028            1.98            0.14
  2008.2054            1.48            0.14
  2008.2083            7.80            0.19
  2008.2109            4.75            0.15
  2008.2137            6.30            0.16
  2008.2164            6.52            0.14
  2008.2192            4.58            0.14
  2008.2219            3.01            0.15
  2008.2246            3.84            0.14
  2008.2274            3.13            0.13
  2008.2301            4.15            0.15
  2008.2329            4.65            0.14
  2008.2356            3.28            0.13
  2008.2384            3.30            0.13
  2008.2411            2.79            0.15
  2008.2439            3.10            0.14
  2008.2466            1.11            0.11
  2008.2493            1.50            0.13
  2008.2521            0.90            0.13
  2008.2548            1.25            0.13
  2008.2576            1.73            0.14
  2008.2603            3.25            0.14
  2008.2631            2.84            0.14
  2008.2657            1.09            0.14
  2008.2684            0.24            0.15
  2008.2712            4.18            0.13
  2008.2739           -0.74            0.12
  2008.2767           -0.53            0.14
  2008.2794            0.26            0.13
  2008.2822            0.90            0.14
  2008.2849            1.97            0.12
  2008.2877            2.49            0.13
  2008.2904            3.65            0.15
  2008.2931            4.59            0.15
  2008.2959            1.07            0.13
  2008.2986            3.27            0.13
  2008.3014            2.67            0.12
  2008.3041            2.68            0.12
  2008.3069            1.77            0.13
  2008.3096            2.48            0.13
  2008.3124            2.67            0.13
  2008.3151            2.57            0.12
  2008.3177            2.09            0.12
  2008.3206            3.13            0.14
  2008.3232            2.14            0.14
  2008.3260            3.77            0.14
  2008.3287           -7.97            1.52
  2008.3315            3.99            0.13
  2008.3342            3.19            0.13
  2008.3370            4.57            0.13
  2008.3397            2.69            0.13
  2008.3424            2.27            0.12
  2008.3452            2.21            0.12
  2008.3479            2.65            0.12
  2008.3507            3.21            0.12
  2008.3534            1.72            0.14
  2008.3562            2.65            0.12
  2008.3589            2.74            0.12
  2008.3617            1.99            0.12
  2008.3644            1.73            0.11
  2008.3671            1.86            0.12
  2008.3699           -4.97            0.16
  2008.3726            2.20            0.13
  2008.3754            1.15            0.12
  2008.3781           -3.57            0.13
  2008.3809           -2.15            0.13
  2008.3835           -0.09            0.12
  2008.3864           -1.32            0.13
  2008.3890           -0.33            0.16
  2008.3917            1.53            0.13
  2008.3945            0.41            0.13
  2008.3972            2.02            0.12
  2008.4000            0.78            0.15
  2008.4027            1.93            0.13
  2008.4055            0.67            0.16
  2008.4082            0.71            0.14
  2008.4110            1.30            0.12
  2008.4137            0.64            0.12
  2008.4164            1.98            0.15
  2008.4192            2.36            0.15
  2008.4219            1.73            0.15
  2008.4247           -4.25            0.18
  2008.4274           -1.80            0.20
  2008.4302           -0.61            0.21
  2008.4329            3.26            0.17
  2008.4357            1.77            0.15
  2008.4384            1.80            0.15
  2008.4410            0.48            0.20
  2008.4438            1.65            0.15
  2008.4465            3.30            0.16
  2008.4493            1.72            0.14
  2008.4520            2.10            0.14
  2008.4548           -0.18            0.19
  2008.4575            2.71            0.14
  2008.4603            4.03            0.16
  2008.4630            2.95            0.17
  2008.4657            2.29            0.15
  2008.4685            1.57            0.18
  2008.4712            2.91            0.16
  2008.4740            3.27            0.13
  2008.4767            2.35            0.15
  2008.4795            2.25            0.13
  2008.4822            2.49            0.14
  2008.4850            2.37            0.14
  2008.4877            3.38            0.12
  2008.4904            2.15            0.14
  2008.4932            0.59            0.13
  2008.4958            0.36            0.14
  2008.4987            0.42            0.14
  2008.5013            1.70            0.14
  2008.5042            2.31            0.14
  2008.5068            1.11            0.14
  2008.5096           -0.83            0.14
  2008.5123           -2.12            0.14
  2008.5150            3.17            0.13
  2008.5178            2.82            0.14
  2008.5205            2.83            0.12
  2008.5233            1.25            0.13
  2008.5260            1.23            0.14
  2008.5288            0.58            0.14
  2008.5315            1.64            0.15
  2008.5343            1.50            0.14
  2008.5370           -0.32            0.14
  2008.5397           -4.02            0.17
  2008.5425            1.32            0.14
  2008.5452            3.66            0.16
  2008.5480            3.39            0.15
  2008.5507            2.84            0.15
  2008.5535            1.61            0.14
  2008.5562            2.79            0.17
  2008.5590            2.49            0.14
  2008.5616            2.05            0.16
  2008.5643            1.88            0.14
  2008.5671            2.38            0.14
  2008.5698            2.02            0.14
  2008.5726            3.55            0.14
  2008.5753            3.11            0.14
  2008.5781            3.76            0.15
  2008.5808            2.43            0.14
  2008.5836            2.40            0.14
  2008.5890            3.03            0.13
  2008.5918            2.58            0.14
  2008.5945            2.43            0.14
  2008.5973            1.78            0.14
  2008.6000           -1.03            0.15
  2008.6028            1.72            0.15
  2008.6055            2.42            0.14
  2008.6083            0.57            0.15
  2008.6110            2.59            0.15
  2008.6136            1.96            0.15
  2008.6165            5.16            0.17
  2008.6191            3.07            0.15
  2008.6219            2.54            0.17
  2008.6246            0.83            0.17
  2008.6274            1.52            0.18
  2008.6301            3.43            0.16
  2008.6329            2.08            0.15
  2008.6356            2.21            0.16
  2008.6383            3.66            0.16
  2008.6411            3.03            0.16
  2008.6438            1.59            0.16
  2008.6466            2.53            0.16
  2008.6493            2.39            0.15
  2008.6521           -0.16            0.16
  2008.6548            0.25            0.16
  2008.6576            1.35            0.18
  2008.6603            2.01            0.16
  2008.6630            3.41            0.17
  2008.6658            1.70            0.17
  2008.6685            1.71            0.17
  2008.6713            0.30            0.17
  2008.6740            3.57            0.18
  2008.6768            3.34            0.17
  2008.6794            4.15            0.17
  2008.6823            2.30            0.17
  2008.6849            3.10            0.16
  2008.6876           -7.64            0.17
  2008.6904           -8.21            0.17
  2008.6931           -7.92            0.17
  2008.6959           -8.03            0.18
  2008.6986           -8.92            0.17
  2008.7014           -8.86            0.15
  2008.7041           -9.09            0.16
  2008.7069            3.55            0.17
  2008.7096            3.33            0.18
  2008.7123            1.89            0.16
  2008.7151            3.94            0.17
  2008.7178            1.47            0.17
  2008.7206            1.64            0.17
  2008.7233            3.13            0.17
  2008.7261            2.44            0.16
  2008.7288            3.71            0.17
  2008.7316            4.06            0.17
  2008.7343            1.48            0.16
  2008.7369            2.07            0.16
  2008.7397            2.65            0.17
  2008.7424            2.48            0.17
  2008.7452            2.66            0.17
  2008.7479            2.32            0.16
  2008.7507            4.59            0.16
  2008.7534            2.32            0.18
  2008.7561            4.05            0.17
  2008.7589            4.57            0.17
  2008.7616            3.28            0.17
  2008.7644            2.33            0.18
  2008.7671            2.07            0.18
  2008.7699            2.40            0.17
  2008.7726            2.66            0.17
  2008.7754            3.11            0.16
  2008.7781            3.85            0.18
  2008.7808            3.27            0.17
  2008.7836            2.91            0.41
  2008.7863            1.69            0.17
  2008.7891            2.67            0.16
  2008.7917            5.28            0.18
  2008.7946            2.25            0.17
  2008.7972            2.77            0.17
  2008.8000            3.54            0.17
  2008.8027            3.25            0.18
  2008.8054            3.09            0.16
  2008.8082            1.05            0.17
  2008.8109            3.22            0.17
  2008.8137            3.19            0.17
  2008.8164            2.53            0.16
  2008.8192            4.14            0.17
  2008.8219            2.71            0.16
  2008.8247            3.36            0.16
  2008.8274            3.41            0.14
  2008.8301            2.71            0.16
  2008.8329            3.56            0.16
  2008.8356            7.39            0.17
  2008.8384            3.78            0.16
  2008.8411            4.62            0.16
  2008.8439            4.08            0.16
  2008.8466            5.50            0.17
  2008.8494            6.53            0.16
  2008.8521            4.27            0.16
  2008.8547            1.63            0.17
  2008.8575            0.80            0.17
  2008.8602            5.94            0.17
  2008.8630            4.74            0.17
  2008.8657            3.75            0.17
  2008.8685            2.99            0.16
  2008.8712            3.43            0.16
  2008.8740            4.81            0.16
  2008.8767            1.41            0.18
  2008.8794            7.70            0.17
  2008.8822            6.55            0.17
  2008.8849            5.63            0.17
  2008.8877            6.52            0.14
  2008.8904            8.24            0.16
  2008.8932            5.37            0.14
  2008.8959            5.30            0.14
  2008.8987            5.41            0.14
  2008.9014            5.64            0.14
  2008.9041            6.45            0.14
  2008.9069            6.24            0.14
  2008.9095            2.59            0.15
  2008.9124            3.05            0.15
  2008.9150            5.11            0.14
  2008.9178            2.81            0.14
  2008.9205            2.34            0.15
  2008.9233            5.00            0.13
  2008.9260            4.45            0.14
  2008.9287            4.74            0.14
  2008.9315            4.46            0.13
  2008.9342            5.17            0.14
  2008.9370            4.68            0.16
  2008.9397            6.21            0.14
  2008.9425           -0.69            0.16
  2008.9452            3.80            0.14
  2008.9480            3.45            0.15
  2008.9507            7.01            0.14
  2008.9534            4.91            0.14
  2008.9562            6.22            0.17
  2008.9589            7.49            0.17
  2008.9617            8.13            0.16
  2008.9644            6.55            0.15
  2008.9672            5.41            0.14
  2008.9698            5.03            0.16
  2008.9727            4.32            0.17
  2008.9753            8.37            0.17
  2008.9780            8.10            0.16
  2008.9808            7.66            0.16
  2008.9835            8.88            0.17
  2008.9863            6.87            0.14
  2008.9890            9.64            0.13
  2008.9918            8.99            0.14
  2008.9945            8.61            0.14
  2008.9973            6.31            0.14
  2009.0000            6.78            0.14
  2009.0027            8.51            0.13
  2009.0027            7.80            0.13
  2009.0055            9.34            0.13
  2009.0110            7.72            0.13
  2009.0137           10.19            0.13
  2009.0165            9.40            0.13
  2009.0220            8.16            0.14
  2009.0247            9.60            0.15
  2009.0302            8.20            0.13
  2009.0328           12.53            0.14
  2009.0356           11.00            0.14
  2009.0411            9.59            0.14
  2009.0438            8.71            0.14
  2009.0466           10.02            0.14
  2009.0520            7.99            0.13
  2009.0548            8.82            0.14
  2009.0603            9.68            0.14
  2009.0630            7.80            0.14
  2009.0658            5.53            0.13
  2009.0713            9.34            0.13
  2009.0740            8.42            0.15
  2009.0767           10.16            0.13
  2009.0822            9.84            0.14
  2009.0850            7.99            0.14
  2009.0905           10.13            0.13
  2009.0931           12.26            0.13
  2009.0959           11.07            0.13
  2009.1013            9.73            0.13
  2009.1041           10.07            0.13
  2009.1068            9.80            0.13
  2009.1096            8.93            0.14
  2009.1123           10.93            0.14
  2009.1151            9.54            0.13
  2009.1206           11.03            0.13
  2009.1233            9.19            0.13
  2009.1260            9.51            0.13
  2009.1315           14.63            0.17
  2009.1343            8.57            0.13
  2009.1398           10.87            0.13
  2009.1425           11.46            0.13
  2009.1453            9.78            0.13
  2009.1506            9.92            0.13
  2009.1534           11.14            0.13
  2009.1561            7.94            0.12
  2009.1589           10.48            0.13
  2009.1616           10.07            0.13
  2009.1644           11.78            0.24
  2009.1671           10.44            0.14
  2009.1699           11.00            0.13
  2009.1726           10.48            0.14
  2009.1753           10.23            0.13
  2009.1781           11.63            0.13
  2009.1808            9.48            0.13
  2009.1836           11.15            0.14
  2009.1863            9.51            0.13
  2009.1891           10.84            0.13
  2009.1918           10.86            0.13
  2009.1946           10.16            0.14
  2009.1973           11.31            0.18
  2009.2000           11.39            0.13
  2009.2028           13.17            0.12
  2009.2054           14.22            0.15
  2009.2083           12.78            0.13
  2009.2109           12.36            0.13
  2009.2137           13.16            0.13
  2009.2164           13.76            0.13
  2009.2192           11.49            0.12
  2009.2219            9.54            0.13
  2009.2246           11.49            0.14
  2009.2274            9.83            0.13
  2009.2301           11.59            0.15
  2009.2329            9.91            0.13
  2009.2356            9.96            0.13
  2009.2384            7.53            0.19
  2009.2411           10.66            0.13
  2009.2439           10.48            0.12
  2009.2466           10.49            0.12
  2009.2493            9.55            0.13
  2009.2521            8.71            0.15
  2009.2548            6.97            0.15
  2009.2576            9.48            0.16
  2009.2603            9.42            0.24
  2009.2631           10.55            0.18
  2009.2657           10.14            0.18
  2009.2684            9.60            0.19
  2009.2712           12.04            0.17
  2009.2739           11.71            0.17
  2009.2767           10.44            0.17
  2009.2794           12.97            0.17
  2009.2822           10.77            0.17
  2009.2849           11.37            0.17
  2009.2877           13.23            0.12
  2009.2904           11.75            0.13
  2009.2931           10.92            0.12
  2009.2959           11.11            0.12
  2009.2986           10.65            0.16
  2009.3014           12.23            0.16
  2009.3069            9.96            0.17
  2009.3096           10.55            0.12
  2009.3124           12.32            0.12
  2009.3151           10.88            0.13
  2009.3177           11.94            0.17
  2009.3206           10.44            0.14
  2009.3232           10.52            0.13
  2009.3260            9.97            0.13
  2009.3315           10.97            0.13
  2009.3342           11.34            0.12
  2009.3370           10.70            0.14
  2009.3397           12.56            0.13
  2009.3424           10.28            0.13
  2009.3452            9.80            0.13
  2009.3479           11.08            0.13
  2009.3507           11.69            0.12
  2009.3534            8.48            0.13
  2009.3562           11.01            0.17
  2009.3589           10.58            0.12
  2009.3617           11.07            0.14
  2009.3644            9.72            0.12
  2009.3671           11.68            0.18
  2009.3699           11.43            0.13
  2009.3726            5.89            0.13
  2009.3754           12.65            0.13
  2009.3781           11.89            0.13
  2009.3809           10.41            0.12
  2009.3835            9.06            0.13
  2009.3864           10.89            0.14
  2009.3890            4.86            0.13
  2009.3945           11.07            0.13
  2009.3972           11.96            0.14
  2009.4000           11.59            0.12
  2009.4055           10.38            0.12
  2009.4082           13.26            0.14
  2009.4137           12.61            0.13
  2009.4164           14.52            0.12
  2009.4192           13.05            0.12
  2009.4247           12.79            0.13
  2009.4274           13.48            0.18
  2009.4302           13.14            0.12
  2009.4357           12.20            0.13
  2009.4384           12.59            0.12
  2009.4438           12.21            0.12
  2009.4465           14.29            0.13
  2009.4493           11.24            0.12
  2009.4548           13.41            0.13
  2009.4575           10.77            0.13
  2009.4603           10.28            0.13
  2009.4657           12.96            0.13
  2009.4685           13.80            0.12
  2009.4740           14.89            0.13
  2009.4767            9.56            0.12
  2009.4795           11.65            0.13
  2009.4850           11.58            0.12
  2009.4877           10.89            0.12
  2009.4904           11.16            0.14
  2009.4932           12.91            0.12
  2009.4958           10.47            0.12
  2009.4987           13.34            0.12
  2009.5042           10.81            0.12
  2009.5068            9.20            0.12
  2009.5096           16.18            0.61
  2009.5150           13.20            0.19
  2009.5178           13.40            0.11
  2009.5233           12.82            0.11
  2009.5260           12.37            0.11
  2009.5288           13.00            0.12
  2009.5343           12.82            0.12
  2009.5370           12.38            0.12
  2009.5397           13.25            0.10
  2009.5452           14.24            0.14
  2009.5507          -44.39            0.06
  2009.5562           11.75            0.13
  2009.5590           12.47            0.13
  2009.5616           13.37            0.12
  2009.5671           10.47            0.12
  2009.5698           11.91            0.11
  2009.5726           10.33            0.12
  2009.5753           12.22            0.13
  2009.5781           11.71            0.12
  2009.5808           12.06            0.12
  2009.5863           12.82            0.12
  2009.5890           12.06            0.12
  2009.5918           11.73            0.13
  2009.5973           12.79            0.12
  2009.6000           12.94            0.12
  2009.6055           14.91            0.12
  2009.6083           15.14            0.12
  2009.6110           15.01            0.13
  2009.6165           12.93            0.14
  2009.6191           10.48            0.17
  2009.6219           11.37            0.12
  2009.6274           13.35            0.14
  2009.6301            9.32            0.18
  2009.6356           14.05            0.14
  2009.6383           12.81            0.13
  2009.6411           10.25            0.15
  2009.6493           12.70            0.18
  2009.6521           10.23            0.16
  2009.6548           10.91            0.23
  2009.6576           12.11            0.14
  2009.6603           11.05            0.14
  2009.6630           13.15            0.14
  2009.6658           12.98            0.15
  2009.6685           13.90            0.10
  2009.6713           12.23            0.13
  2009.6740           12.32            0.16
  2009.6768           10.86            0.13
  2009.6794            9.85            0.13
  2009.6823           10.17            0.14
  2009.6849           11.35            0.14
  2009.6876           12.27            0.12
  2009.6904           12.71            0.12
  2009.6931           11.93            0.12
  2009.6959           12.84            0.12
  2009.6986           13.59            0.13
  2009.7014           10.57            0.13
  2009.7041           10.97            0.13
  2009.7069           11.12            0.13
  2009.7096           10.04            0.14
  2009.7123           10.98            0.14
  2009.7151           10.26            0.13
  2009.7178           11.38            0.13
  2009.7206           10.49            0.13
  2009.7233           10.86            0.13
  2009.7261            9.91            0.14
  2009.7288            9.35            0.13
  2009.7316           10.47            0.12
  2009.7343            9.23            0.13
  2009.7369            9.48            0.13
  2009.7397           10.87            0.14
  2009.7424           11.00            0.13
  2009.7452            9.60            0.12
  2009.7479           11.40            0.13
  2009.7507           10.81            0.14
  2009.7534           11.30            0.13
  2009.7561           10.51            0.13
  2009.7589            8.49            0.14
  2009.7616           11.14            0.15
  2009.7644           11.98            0.14
  2009.7671           12.11            0.13
  2009.7699           11.15            0.14
  2009.7726           11.57            0.14
  2009.7754           11.15            0.14
  2009.7781           11.81            0.13
  2009.7808           14.43            0.12
  2009.7836           11.50            0.12
  2009.7863           11.98            0.13
  2009.7891           12.25            0.15
  2009.7917           13.79            0.13
  2009.7946           13.36            0.13
  2009.7972           15.62            0.14
  2009.8000           12.92            0.16
  2009.8027           14.20            0.13
  2009.8054           14.86            0.14
  2009.8082           11.44            0.14
  2009.8109           11.88            0.13
  2009.8137           14.22            0.14
  2009.8164           13.82            0.12
  2009.8192           15.03            0.12
  2009.8219           13.98            0.19
  2009.8247           15.64            0.14
  2009.8274           12.87            0.15
  2009.8301           11.57            0.15
  2009.8329           12.94            0.15
  2009.8356           13.24            0.15
  2009.8384           13.86            0.15
  2009.8411           11.99            0.16
  2009.8439           12.30            0.16
  2009.8466           12.79            0.15
  2009.8494           13.06            0.15
  2009.8521           14.90            0.14
  2009.8547           13.61            0.14
  2009.8575           11.43            0.13
  2009.8602           13.69            0.11
  2009.8630           12.86            0.13
  2009.8657           13.23            0.14
  2009.8685           12.32            0.13
  2009.8712           13.87            0.13
  2009.8740           14.10            0.13
  2009.8767           13.01            0.14
  2009.8794           13.15            0.15
  2009.8822           13.18            0.16
  2009.8849           14.71            0.16
  2009.8904           13.64            0.15
  2009.8932           12.37            0.16
  2009.8959           11.24            0.16
  2009.9014           13.63            0.17
  2009.9041           13.06            0.17
  2009.9095           13.25            0.16
  2009.9124           11.21            0.17
  2009.9150           14.88            0.16
  2009.9205           17.00            0.14
  2009.9233           12.41            0.16
  2009.9260           13.76            0.14
  2009.9315           14.52            0.15
  2009.9342           15.10            0.14
  2009.9397           16.04            0.15
  2009.9425           14.83            0.15
  2009.9452           16.44            0.15
  2009.9507           13.19            0.15
  2009.9534           15.16            0.17
  2009.9562           15.99            0.16
  2009.9589           14.98            0.14
  2009.9617           14.23            0.17
  2009.9644           17.28            0.15
  2009.9698           16.92            0.15
  2009.9727           17.30            0.15
  2009.9753           15.21            0.16
  2009.9808           15.24            0.17
  2009.9835           17.64            0.15
  2009.9890           18.33            0.16
  2009.9918           15.42            0.16
  2009.9945           19.07            0.17
  2010.0000           17.71            0.16
  2010.0027           19.14            0.18
  2010.0055           18.31            0.18
  2010.0082           19.58            0.15
  2010.0110           18.91            0.16
  2010.0137           19.84            0.16
  2010.0165           19.16            0.15
  2010.0192           21.23            0.15
  2010.0220           21.76            0.15
  2010.0247           20.68            0.15
  2010.0273           18.38            0.15
  2010.0302           15.98            0.16
  2010.0328           16.62            0.16
  2010.0356           17.27            0.15
  2010.0383           17.21            0.15
  2010.0411           16.13            0.15
  2010.0438           20.49            0.15
  2010.0466           19.94            0.14
  2010.0493           18.77            0.15
  2010.0520           20.11            0.14
  2010.0548           18.73            0.15
  2010.0575           18.20            0.15
  2010.0603           18.51            0.14
  2010.0630           18.20            0.15
  2010.0658           19.02            0.15
  2010.0685           18.52            0.14
  2010.0713           19.43            0.16
  2010.0740           21.35            0.21
  2010.0767           20.01            0.20
  2010.0795           21.10            0.15
  2010.0822           20.51            0.16
  2010.0850           20.24            0.20
  2010.0876           20.51            0.15
  2010.0905           16.95            0.15
  2010.0931           20.51            0.16
  2010.0959           20.98            0.15
  2010.0986           21.73            0.15
  2010.1013           16.87            0.16
  2010.1041           20.01            0.16
  2010.1068           22.00            0.16
  2010.1096           23.01            0.19
  2010.1123           21.63            0.16
  2010.1151           20.60            0.20
  2010.1178           19.68            0.18
  2010.1206           19.11            0.17
  2010.1233           18.66            0.15
  2010.1260           18.77            0.16
  2010.1288           18.95            0.17
  2010.1315           17.79            0.17
  2010.1343           15.43            0.18
  2010.1370           17.10            0.17
  2010.1398           17.31            0.15
  2010.1425           17.08            0.15
  2010.1453           20.22            0.16
  2010.1479           17.68            0.16
  2010.1506           18.05            0.16
  2010.1534           20.85            0.16
  2010.1561           18.25            0.16
  2010.1616           96.10            0.15
  2010.1644           94.43            0.15
  2010.1671           95.58            0.14
  2010.1699           96.64            0.15
  2010.1726           98.39            0.14
  2010.1753           99.07            0.15
  2010.1781           98.02            0.14
  2010.1808          100.26            0.14
  2010.1836          100.46            0.15
  2010.1863           99.08            0.14
  2010.1891          100.39            0.14
  2010.1918          101.45            0.14
  2010.1946          101.99            0.15
  2010.1973          101.09            0.15
  2010.2000          102.52            0.13
  2010.2028          101.33            0.13
  2010.2054          102.99            0.14
  2010.2083          103.35            0.12
  2010.2109          102.88            0.13
  2010.2137          103.37            0.14
  2010.2164          103.28            0.16
  2010.2192          102.58            0.16
  2010.2219          104.09            0.13
  2010.2246          103.69            0.15
  2010.2274          104.35            0.14
  2010.2301          102.79            0.13
  2010.2329          103.76            0.14
  2010.2356          104.27            0.14
  2010.2384          102.46            0.14
  2010.2411          104.74            0.14
  2010.2439          102.75            0.14
  2010.2466          104.42            0.15
  2010.2493          105.48            0.14
  2010.2521          107.33            0.14
  2010.2548          104.29            0.12
  2010.2576          106.66            0.08
  2010.2603          106.51            0.13
  2010.2631          106.68            0.12
  2010.2657          105.95            0.13
  2010.2684          108.15            0.12
  2010.2712          107.89            0.11
  2010.2739          107.59            0.13
  2010.2767          109.92            0.13
  2010.2794          108.17            0.13
  2010.2822          110.48            0.11
  2010.2849          110.93            0.12
  2010.2877          109.33            0.12
  2010.2904          111.56            0.13
  2010.2931          110.22            0.13
  2010.2959          109.00            0.13
  2010.2986          110.96            0.12
  2010.3014          112.00            0.12
  2010.3069          110.57            0.12
  2010.3096          110.09            0.11
  2010.3124          111.32            0.12
  2010.3151          110.09            0.12
  2010.3177          109.83            0.12
  2010.3206          110.38            0.11
  2010.3232          111.13            0.12
  2010.3260          111.86            0.12
  2010.3287          108.05            0.13
  2010.3315          111.18            0.13
  2010.3424          108.68            0.12
  2010.3452          112.40            0.12
  2010.3479          111.76            0.13
  2010.3507          111.34            0.11
  2010.3534          112.08            0.11
  2010.3562          111.63            0.11
  2010.3589          111.64            0.12
  2010.3617          112.97            0.20
  2010.3644          112.50            0.11
  2010.3726          113.37            0.12
  2010.3754          115.02            0.12
  2010.3781          113.76            0.12
  2010.3809          112.91            0.12
  2010.3835          114.04            0.11
  2010.3864          114.75            0.14
  2010.3890          114.36            0.14
  2010.3917          113.32            0.15
  2010.3945          114.68            0.14
  2010.3972          114.77            0.14
  2010.4000          113.42            0.14
  2010.4027          113.99            0.14
  2010.4055          113.64            0.13
  2010.4082          115.87            0.12
  2010.4110          114.34            0.28
  2010.4137          114.22            0.12
  2010.4164          116.22            0.14
  2010.4192          114.12            0.12
  2010.4219          115.07            0.12
  2010.4247          115.05            0.14
  2010.4274          114.43            0.13
  2010.4302          115.39            0.11
  2010.4329          114.57            0.11
  2010.4357          115.45            0.11
  2010.4384          116.17            0.12
  2010.4410          114.79            0.12
  2010.4438          113.47            0.11
  2010.4465          115.03            0.13
  2010.4493          115.96            0.13
  2010.4520          114.81            0.15
  2010.4548          116.13            0.14
  2010.4575          116.86            0.14
  2010.4603          116.82            0.15
  2010.4630          116.36            0.14
  2010.4657          115.85            0.13
  2010.4685          118.40            0.12
  2010.4795          116.80            0.49
  2010.4822          119.39            0.21
  2010.4850          121.08            0.12
  2010.4877          120.45            0.13
  2010.4932          122.26            0.11
  2010.4958          120.37            0.11
  2010.4987          117.59            0.11
  2010.5042          120.95            0.12
  2010.5068          117.48            0.11
  2010.5096          120.29            0.18
  2010.5123          120.23            0.15
  2010.5178          124.43            0.24
  2010.5205          122.04            0.12
  2010.5233          122.86            0.14
  2010.5288          120.24            0.12
  2010.5315          121.17            0.11
  2010.5343          121.62            0.13
  2010.5397          122.74            0.12
  2010.5425          123.43            0.12
  2010.5452          122.14            0.11
  2010.5507          121.53            0.13
  2010.5535          120.35            0.12
  2010.5562          124.91            0.13
  2010.5590          121.07            0.13
  2010.5616          121.81            0.13
  2010.5643          122.67            0.13
  2010.5671          123.33            0.11
  2010.5698          123.76            0.12
  2010.5726          122.14            0.11
  2010.5781          122.86            0.13
  2010.5808          121.73            0.13
  2010.5836          122.12            0.12
  2010.5890          119.06            0.11
  2010.5918          121.31            0.11
  2010.5945          121.26            0.23
  2010.5973          122.13            0.12
  2010.6000          121.50            0.11
  2010.6028          122.16            0.11
  2010.6055          121.68            0.11
  2010.6083          121.90            0.11
  2010.6110          122.86            0.11
  2010.6165          121.72            0.11
  2010.6191          122.15            0.11
  2010.6219          122.58            0.11
  2010.6274          130.37            0.15
  2010.6301          124.87            0.11
  2010.6329          124.38            0.11
  2010.6356          123.65            0.10
  2010.6383          123.83            0.13
  2010.6411          125.90            0.10
  2010.6438          125.12            0.11
  2010.6466          124.23            0.10
  2010.6493          122.87            0.11
  2010.6521          121.32            0.11
  2010.6548          125.05            0.11
  2010.6576          125.62            0.11
  2010.6603          125.59            0.09
  2010.6658          125.03            0.10
  2010.6685          125.82            0.10
  2010.6713          125.32            0.10
  2010.6768          128.10            0.10
  2010.6794          126.82            0.09
  2010.6823          126.56            0.09
  2010.6876          127.19            0.09
  2010.6904          127.79            0.09
  2010.6931          127.57            0.09
  2010.6986          126.02            0.09
  2010.7014          127.12            0.09
  2010.7041          126.43            0.09
  2010.7096          127.11            0.10
  2010.7123          127.57            0.10
  2010.7151          127.37            0.11
  2010.7178          127.15            0.10
  2010.7206          127.75            0.10
  2010.7233          130.19            0.08
  2010.7261          126.94            0.10
  2010.7288          127.15            0.09
  2010.7316          127.72            0.08
  2010.7343          127.74            0.10
  2010.7369          126.14            0.12
  2010.7397          126.97            0.09
  2010.7424          126.10            0.10
  2010.7452          128.70            0.11
  2010.7479          126.72            0.12
  2010.7507          129.57            0.12
  2010.7534          128.50            0.11
  2010.7561          130.06            0.11
  2010.7589          129.64            0.11
  2010.7616          129.29            0.09
  2010.7644          132.08            0.12
  2010.7699          128.94            0.12
  2010.7726          128.79            0.11
  2010.7754          129.68            0.11
  2010.7808          130.94            0.12
  2010.7836          131.72            0.12
  2010.7863          129.45            0.10
  2010.7917          131.35            0.11
  2010.7946          130.22            0.11
  2010.7972          131.55            0.10
  2010.8027          126.46            0.10
  2010.8054          129.13            0.10
  2010.8082          130.12            0.11
  2010.8137          129.07            0.09
  2010.8164          127.68            0.09
  2010.8192          127.59            0.12
  2010.8219          130.05            0.12
  2010.8247          128.09            0.10
  2010.8274          128.34            0.11
  2010.8301          127.49            0.10
  2010.8329          129.84            0.10
  2010.8356          128.86            0.12
  2010.8384          130.32            0.11
  2010.8411          130.98            0.12
  2010.8439          127.92            0.09
  2010.8466          129.91            0.12
  2010.8494          129.75            0.12
  2010.8521          128.44            0.13
  2010.8547          130.36            0.12
  2010.8575          130.41            0.12
  2010.8630          130.50            0.11
  2010.8657          130.59            0.12
  2010.8685          130.32            0.10
  2010.8740          131.63            0.10
  2010.8767          132.53            0.09
  2010.8794          132.39            0.11
  2010.8849          128.31            0.08
  2010.8877          130.71            0.10
  2010.8904          130.47            0.10
  2010.8959          131.08            0.11
  2010.8987          131.20            0.08
  2010.9014          130.72            0.10
  2010.9069          130.21            0.10
  2010.9095          133.54            0.07
  2010.9124          134.66            0.08
  2010.9178          134.49            0.11
  2010.9205          134.29            0.08
  2010.9233          134.67            0.09
  2010.9260          133.39            0.08
  2010.9287          135.15            0.08
  2010.9315          135.20            0.08
  2010.9342          135.85            0.08
  2010.9370          136.56            0.08
  2010.9397          134.76            0.09
  2010.9425          132.05            0.11
  2010.9452          135.13            0.09
  2010.9507          135.16            0.08
  2010.9562          135.71            0.09
  2010.9589          135.30            0.10
  2010.9644          135.37            0.09
  2011.0027          138.95            0.10
  2011.0055          138.76            0.10
  2011.0082          142.06            0.15
  2011.0110          142.00            0.14
  2011.0137          141.66            0.11
  2011.0165          142.43            0.10
  2011.0192          142.60            0.10
  2011.0220          139.92            0.10
  2011.0247          143.91            0.10
  2011.0273          145.65            0.10
  2011.0302          144.65            0.11
  2011.0328          146.11            0.10
  2011.0356          146.67            0.11
  2011.0383          146.47            0.13
  2011.0411          146.05            0.12
  2011.0438          141.78            0.11
  2011.0466          145.61            0.11
  2011.0493          146.44            0.12
  2011.0520          147.91            0.15
  2011.0548          146.12            0.11
  2011.0575          145.47            0.11
  2011.0603          145.74            0.11
  2011.0630          142.35            0.11
  2011.0658          143.91            0.11
  2011.0685          143.81            0.11
  2011.0713          143.96            0.11
  2011.0740          144.95            0.12
  2011.0767          144.04            0.11
  2011.0795          143.83            0.11
  2011.0822          148.08            0.11
  2011.0850          148.51            0.11
  2011.0876          146.85            0.11
  2011.0905          146.36            0.11
  2011.0931          148.02            0.14
  2011.0959          145.74            0.11
  2011.0986          145.01            0.11
  2011.1013          147.42            0.11
  2011.1041          147.86            0.11
  2011.1068          147.58            0.13
  2011.1096          148.09            0.12
  2011.1123          147.61            0.13
  2011.1151          147.51            0.11
  2011.1178          147.43            0.13
  2011.1206          150.25            0.17
  2011.1233          147.06            0.12
  2011.1260          147.15            0.12
  2011.1288          145.75            0.11
  2011.1315          146.67            0.12
  2011.1343          147.11            0.13
  2011.1370          145.55            0.11
  2011.1398          147.01            0.11
  2011.1425          147.54            0.11
  2011.1453          148.18            0.11
  2011.1479          147.45            0.12
  2011.1506          145.86            0.12
  2011.1534          148.78            0.11
  2011.1561          150.00            0.11
  2011.1589          146.38            0.10
  2011.1616          148.24            0.10
  2011.1644          148.23            0.10
  2011.1671          146.46            0.11
  2011.1699          146.32            0.11
  2011.1726          146.32            0.12
  2011.1753          148.54            0.12
  2011.1781          145.43            0.13
  2011.1808          147.19            0.11
  2011.1836          144.84            0.11
  2011.1863          147.07            0.12
  2011.1891          145.40            0.14
  2011.1918          146.05            0.12
  2011.1946          145.11            0.13
  2011.1973          145.05            0.10
  2011.2000          146.75            0.13
  2011.2028          147.99            0.12
  2011.2054          145.54            0.13
  2011.2083          146.36            0.12
  2011.2109          145.53            0.11
  2011.2137          147.07            0.11
  2011.2164          148.37            0.11
  2011.2192          145.23            0.11
  2011.2219          148.05            0.12
  2011.2246          148.03            0.10
  2011.2274          146.09            0.11
  2011.2301          147.93            0.11
  2011.2329          147.73            0.11
  2011.2356          147.01            0.11
  2011.2384          146.29            0.10
  2011.2411          146.49            0.11
  2011.2439          146.89            0.12
  2011.2466          149.15            0.13
  2011.2493          145.59            0.13
  2011.2521          146.50            0.12
  2011.2548          141.98            0.11
  2011.2576          146.16            0.10
  2011.2603          143.21            0.13
  2011.2631          144.87            0.11
  2011.2657          145.12            0.12
  2011.2684          144.71            0.10
  2011.2712          145.33            0.11
  2011.2739          145.96            0.11
  2011.2767          145.05            0.11
  2011.2794          143.46            0.12
  2011.2822          143.02            0.12
  2011.2849          147.57            0.12
  2011.2877          146.88            0.12
  2011.2904          145.87            0.11
  2011.2931          152.78            0.25
  2011.2959          151.43            0.11
  2011.2986          151.42            0.11
  2011.3014          150.78            0.12
  2011.3041          149.59            0.15
  2011.3069          150.42            0.12
  2011.3096          149.67            0.12
  2011.3124          151.15            0.13
  2011.3151          151.19            0.12
  2011.3177          151.46            0.12
  2011.3206          151.87            0.12
  2011.3232          151.37            0.13
  2011.3260          150.99            0.12
  2011.3287          151.87            0.13
  2011.3315          151.83            0.13
  2011.3342          151.91            0.12
  2011.3370          151.21            0.13
  2011.3397          155.35            0.13
  2011.3424          153.50            0.12
  2011.3452          151.53            0.13
  2011.3479          151.58            0.13
  2011.3507          153.43            0.13
  2011.3534          154.22            0.13
  2011.3562          154.49            0.15
  2011.3589          155.01            0.13
  2011.3617          155.85            0.13
  2011.3644          153.76            0.13
  2011.3671          152.85            0.13
  2011.3699          152.48            0.12
  2011.3726          153.33            0.14
  2011.3754          151.42            0.12
  2011.3781          152.52            0.13
  2011.3809          154.71            0.13
  2011.3835          150.53            0.12
  2011.3864          151.59            0.12
  2011.3890          153.96            0.13
  2011.3917          153.31            0.13
  2011.3945          154.40            0.12
  2011.3972          153.62            0.13
  2011.4000          153.14            0.12
  2011.4027          153.40            0.11
  2011.4055          153.22            0.13
  2011.4082          153.11            0.12
  2011.4110          153.58            0.12
  2011.4137          152.93            0.12
  2011.4164          153.95            0.12
  2011.4192          153.15            0.13
  2011.4219          153.91            0.12
  2011.4247          152.48            0.12
  2011.4274          154.03            0.13
  2011.4302          152.41            0.13
  2011.4329          150.35            0.14
  2011.4357          152.50            0.15
  2011.4384          153.27            0.12
  2011.4410          152.66            0.13
  2011.4438          151.59            0.13
  2011.4465          152.16            0.14
  2011.4493          152.58            0.13
  2011.4520          152.94            0.12
  2011.4548          153.41            0.14
  2011.4575          152.84            0.14
  2011.4603          153.45            0.13
  2011.4630          152.24            0.14
  2011.4657          152.21            0.15
  2011.4685          152.62            0.14
  2011.4712          153.03            0.13
  2011.4740          152.95            0.13
  2011.4767          153.40            0.14
  2011.4795          154.23            0.13
  2011.4822          154.03            0.13
  2011.4850          153.50            0.13
  2011.4877          153.78            0.13
  2011.4904          155.29            0.13
  2011.4932          154.57            0.13
  2011.4958          156.19            0.13
  2011.4987          153.37            0.13
  2011.5013          154.23            0.13
  2011.5042          155.73            0.12
  2011.5068          154.26            0.15
  2011.5096          155.67            0.15
  2011.5123          156.14            0.14
  2011.5150          155.00            0.14
  2011.5178          155.39            0.14
  2011.5205          154.43            0.14
  2011.5233          153.30            0.13
  2011.5260          152.22            0.14
  2011.5315          154.04            0.14
  2011.5343          151.23            0.16
  2011.5370          157.77            0.17
  2011.5397          156.06            0.15
  2011.5425          146.56            0.20
  2011.5452          157.20            0.16
  2011.5480          154.53            0.14
  2011.5507          153.70            0.14
  2011.5535          155.37            0.14
  2011.5562          152.88            0.18
  2011.5590          152.59            0.14
  2011.5616          153.77            0.14
  2011.5643          153.27            0.14
  2011.5671          153.55            0.15
  2011.5698          153.08            0.14
  2011.5726          153.72            0.14
  2011.5753          153.49            0.14
  2011.5781          155.08            0.14
  2011.5808          151.42            0.13
  2011.5836          150.87            0.12
  2011.5863          152.07            0.14
  2011.5890          153.18            0.14
  2011.5918          150.23            0.14
  2011.5945          151.25            0.15
  2011.5973          150.44            0.15
  2011.6000          151.48            0.15
  2011.6028          152.18            0.15
  2011.6055          151.69            0.14
  2011.6083          151.27            0.13
  2011.6110          153.49            0.15
  2011.6136          155.22            0.16
  2011.6165          155.67            0.16
  2011.6191          151.25            0.14
  2011.6219          154.11            0.14
  2011.6246          152.60            0.16
  2011.6274          152.94            0.17
  2011.6301          153.70            0.15
  2011.6329          151.03            0.14
  2011.6356          157.97            0.15
  2011.6383          152.19            0.13
  2011.6411          152.69            0.13
  2011.6438          152.41            0.13
  2011.6466          152.07            0.13
  2011.6493          153.56            0.13
  2011.6521          150.74            0.14
  2011.6548          152.84            0.15
  2011.6576          151.90            0.15
  2011.6603          153.48            0.15
  2011.6630          153.22            0.15
  2011.6658          154.14            0.12
  2011.6685          153.90            0.13
  2011.6713          150.90            0.14
  2011.6740          153.52            0.14
  2011.6768          154.00            0.15
  2011.6794          154.53            0.14
  2011.6823          154.38            0.13
  2011.6849          153.95            0.14
  2011.6876          156.87            0.14
  2011.6904          152.37            0.14
  2011.6931          155.48            0.14
  2011.6959          154.51            0.14
  2011.6986          155.90            0.14
  2011.7014          154.38            0.14
  2011.7041          156.23            0.15
  2011.7069          153.22            0.14
  2011.7096          155.33            0.14
  2011.7123          155.32            0.13
  2011.7151          154.37            0.13
  2011.7178          154.97            0.13
  2011.7206          157.01            0.13
  2011.7233          154.13            0.13
  2011.7261          156.19            0.14
  2011.7288          156.36            0.14
  2011.7316          156.34            0.14
  2011.7343          154.39            0.14
  2011.7369          153.71            0.13
  2011.7397          153.64            0.13
  2011.7424          152.58            0.14
  2011.7452          154.51            0.13
  2011.7479          155.06            0.15
  2011.7507          157.28            0.17
  2011.7534          156.69            0.14
  2011.7561          158.38            0.14
  2011.7589          157.34            0.16
  2011.7616          156.51            0.18
  2011.7644          156.84            0.17
  2011.7671          157.03            0.15
  2011.7699          156.68            0.16
  2011.7726          158.24            0.15
  2011.7754          157.96            0.16
  2011.7781          157.03            0.17
  2011.7808          157.54            0.16
  2011.7836          157.49            0.15
  2011.7863          157.16            0.16
  2011.7891          157.11            0.16
  2011.7917          158.84            0.16
  2011.7946          157.77            0.14
  2011.7972          156.95            0.14
  2011.8000          158.73            0.15
  2011.8027          158.74            0.16
  2011.8054          158.38            0.15
  2011.8082          157.91            0.14
  2011.8109          160.69            0.15
  2011.8137          158.55            0.40
  2011.8164          158.73            0.19
  2011.8192          158.44            0.15
  2011.8219          160.99            0.15
  2011.8247          159.58            0.15
  2011.8274          159.71            0.15
  2011.8301          158.02            0.15
  2011.8329          159.40            0.16
  2011.8356          161.48            0.16
  2011.8384          160.00            0.16
  2011.8411          158.97            0.17
  2011.8439          159.02            0.16
  2011.8466          158.77            0.16
  2011.8494          160.43            0.16
  2011.8521          160.64            0.17
  2011.8547          158.15            0.18
  2011.8575          158.48            0.19
  2011.8602          160.56            0.18
  2011.8630          159.83            0.16
  2011.8657          159.92            0.17
  2011.8685          162.05            0.17
  2011.8712          160.73            0.17
  2011.8740          160.16            0.17
  2011.8767          160.35            0.18
  2011.8794          159.73            0.16
  2011.8822          160.45            0.17
  2011.8849          159.92            0.17
  2011.8877          162.26            0.17
  2011.8904          162.60            0.18
  2011.8932          161.08            0.17
  2011.8959          160.78            0.17
  2011.8987          162.55            0.16
  2011.9014          162.22            0.16
  2011.9041          161.61            0.16
  2011.9069          163.23            0.16
  2011.9095          162.78            0.17
  2011.9124          159.51            0.17
  2011.9150          161.05            0.17
  2011.9178          163.71            0.20
  2011.9205          161.20            0.17
  2011.9233          161.98            0.16
  2011.9260          162.49            0.17
  2011.9287          162.62            0.16
  2011.9315          162.55            0.17
  2011.9342          161.66            0.17
  2011.9370          162.26            0.17
  2011.9397          164.46            0.16
  2011.9425          162.98            0.16
  2011.9452          164.06            0.15
  2011.9480          161.48            0.15
  2011.9507          162.23            0.15
  2011.9534          162.75            0.16
  2011.9562          161.35            0.17
  2011.9589          165.11            0.16
  2011.9617          165.12            0.14
  2011.9644          168.24            0.15
  2011.9672          164.72            0.16
  2011.9698          165.32            0.16
  2011.9727          164.74            0.15
  2011.9753          164.78            0.15
  2011.9780          162.26            0.14
  2011.9808          163.39            0.15
  2011.9835          164.13            0.14
  2011.9863          164.80            0.15
  2011.9890          164.90            0.14
  2011.9918          163.45            0.15
  2011.9945          164.47            0.14
  2011.9973          163.48            0.14
  2012.0000          163.62            0.14
  2012.0027          168.03            0.12
  2012.0055          168.52            0.12
  2012.0082          167.04            0.11
  2012.0110          166.60            0.12
  2012.0137          166.40            0.16
  2012.0165          166.25            0.11
  2012.0192          164.79            0.14
  2012.0220          167.39            0.11
  2012.0247          163.69            0.15
  2012.0273          166.67            0.13
  2012.0302          168.48            0.13
  2012.0328          167.83            0.12
  2012.0356          167.78            0.14
  2012.0383          167.41            0.14
  2012.0411          166.16            0.14
  2012.0438          168.99            0.13
  2012.0466          170.13            0.16
  2012.0493          169.72            0.17
  2012.0520          169.97            0.13
  2012.0548          170.10            0.14
  2012.0603          168.73            0.13
  2012.0630          169.47            0.13
  2012.0658          168.86            0.13
  2012.0685          167.98            0.16
  2012.0713          168.93            0.18
  2012.0740          169.26            0.17
  2012.0767          168.19            0.17
  2012.0795          166.92            0.15
  2012.0822          169.11            0.14
  2012.0850          170.49            0.12
  2012.0876          172.44            0.12
  2012.0905          168.85            0.14
  2012.0931          170.78            0.12
  2012.0959          172.20            0.15
  2012.0986          169.99            0.13
  2012.1013          170.51            0.14
  2012.1041          172.54            0.15
  2012.1068          170.21            0.14
  2012.1096          169.00            0.11
  2012.1123          168.82            0.12
  2012.1151          169.18            0.11
  2012.1178          170.32            0.14
  2012.1206          167.00            0.12
  2012.1233          168.92            0.13
  2012.1260          170.18            0.12
  2012.1288          166.19            0.12
  2012.1315          164.06            0.15
  2012.1343          168.64            0.15
  2012.1370          167.92            0.16
  2012.1398          168.52            0.12
  2012.1425          167.93            0.13
  2012.1453          169.00            0.14
  2012.1479          166.53            0.13
  2012.1506          168.78            0.12
  2012.1534          168.87            0.15
  2012.1561          169.88            0.14
  2012.1589          170.32            0.15
  2012.1616          167.79            0.15
  2012.1644          167.77            0.14
  2012.1671          166.67            0.14
  2012.1699          171.12            0.12
  2012.1726          169.50            0.14
  2012.1753          167.51            0.14
  2012.1781          169.46            0.15
  2012.1808          168.45            0.14
  2012.1836          167.33            0.14
  2012.1863          169.70            0.12
  2012.1891          169.56            0.13
  2012.1918          168.22            0.15
  2012.1946          167.50            0.13
  2012.1973          168.69            0.13
  2012.2000          165.32            0.14
  2012.2028          168.42            0.14
  2012.2054          167.54            0.13
  2012.2083          167.65            0.12
  2012.2109          167.45            0.15
  2012.2137          167.83            0.13
  2012.2164          168.82            0.12
  2012.2192          167.41            0.12
  2012.2219          167.97            0.12
  2012.2246          165.63            0.13
  2012.2274          166.59            0.11
  2012.2301          167.14            0.13
  2012.2329          166.90            0.12
  2012.2356          167.26            0.13
  2012.2384          166.60            0.12
  2012.2411          167.75            0.13
  2012.2439          166.28            0.12
  2012.2466          166.22            0.13
  2012.2493          165.75            0.14
  2012.2521          166.61            0.14
  2012.2548          166.64            0.14
  2012.2576          167.96            0.13
  2012.2603          170.27            0.13
  2012.2631          167.45            0.12
  2012.2657          166.12            0.12
  2012.2684          167.75            0.12
  2012.2712          169.51            0.12
  2012.2739          170.23            0.14
  2012.2767          169.30            0.12
  2012.2794          168.74            0.11
  2012.2822          169.29            0.13
  2012.2849          171.22            0.13
  2012.2877          169.54            0.13
  2012.2904          168.71            0.16
  2012.2931          169.45            0.12
  2012.2959          170.74            0.12
  2012.2986          169.70            0.13
  2012.3014          170.26            0.12
  2012.3041          168.84            0.12
  2012.3069          166.19            0.23
  2012.3096          168.92            0.11
  2012.3124          168.67            0.11
  2012.3151          170.18            0.13
  2012.3177          169.04            0.13
  2012.3206          168.87            0.11
  2012.3232          170.28            0.12
  2012.3260          170.70            0.11
  2012.3287          168.57            0.11
  2012.3315          167.14            0.11
  2012.3342          169.48            0.12
  2012.3370          167.01            0.12
  2012.3397          168.38            0.10
  2012.3424          167.90            0.11
  2012.3452          167.32            0.10
  2012.3479          175.32            0.11
  2012.3507          168.49            0.12
  2012.3534          168.01            0.11
  2012.3562          168.03            0.11
  2012.3589          170.75            0.12
  2012.3617          168.83            0.12
  2012.3644          168.63            0.11
  2012.3671          168.67            0.11
  2012.3699          169.08            0.11
  2012.3726          165.51            0.12
  2012.3754          169.73            0.12
  2012.3781          167.81            0.12
  2012.3809          167.67            0.12
  2012.3835          165.64            0.12
  2012.3864          168.67            0.11
  2012.3890          168.48            0.12
  2012.3917          169.67            0.11
  2012.3945          168.95            0.11
  2012.3972          169.19            0.12
  2012.4000          169.18            0.12
  2012.4027          168.49            0.12
  2012.4055          165.14            0.13
  2012.4110          169.26            0.12
  2012.4137          169.04            0.12
  2012.4164          168.87            0.11
  2012.4192          167.62            0.13
  2012.4219          170.37            0.17
  2012.4247          168.46            0.19
  2012.4274          170.25            0.16
  2012.4302          168.41            0.12
  2012.4329          170.21            0.11
  2012.4357          170.09            0.11
  2012.4384          170.31            0.11
  2012.4410          169.98            0.13
  2012.4438          170.61            0.11
  2012.4465          168.86            0.12
  2012.4493          168.56            0.12
  2012.4520          171.31            0.13
  2012.4548          170.83            0.11
  2012.4575          170.88            0.12
  2012.4603          171.72            0.12
  2012.4630          171.03            0.12
  2012.4657          172.48            0.11
  2012.4685          172.78            0.11
  2012.4712          170.33            0.23
  2012.4795          169.08            0.11
  2012.4822          171.44            0.12
  2012.4850          172.77            0.11
  2012.4877          172.12            0.11
  2012.4904          170.84            0.12
  2012.4932          173.87            0.12
  2012.4958          170.63            0.12
  2012.4987          171.36            0.13
  2012.5013          168.96            0.12
  2012.5042          171.01            0.12
  2012.5068          171.56            0.11
  2012.5096          169.31            0.12
  2012.5123          172.37            0.12
  2012.5150          167.91            0.11
  2012.5178          171.34            0.14
  2012.5205          171.20            0.16
  2012.5233          169.97            0.12
  2012.5260          170.98            0.11
  2012.5288          172.18            0.12
  2012.5315          172.69            0.12
  2012.5343          169.89            0.11
  2012.5370          171.94            0.11
  2012.5397          172.26            0.12
  2012.5425          172.00            0.12
  2012.5452          171.21            0.12
  2012.5480          171.61            0.12
  2012.5507          171.08            0.12
  2012.5535          170.01            0.12
  2012.5562          171.03            0.11
  2012.5590          172.90            0.11
  2012.5616          170.76            0.12
  2012.5643          169.88            0.11
  2012.5671          169.83            0.11
  2012.5698          169.58            0.11
  2012.5726          170.93            0.12
  2012.5753          171.02            0.11
  2012.5781          172.12            0.12
  2012.5808          171.18            0.11
  2012.5836          170.78            0.12
  2012.5863          171.38            0.13
  2012.5890          171.32            0.12
  2012.5918          171.42            0.12
  2012.5945          171.11            0.11
  2012.5973          171.57            0.18
  2012.6000          170.23            0.12
  2012.6028          170.83            0.12
  2012.6055          170.47            0.15
  2012.6083          171.59            0.12
  2012.6110          170.55            0.13
  2012.6136          172.36            0.13
  2012.6165          171.07            0.12
  2012.6191          172.61            0.13
  2012.6219          170.98            0.13
  2012.6246          170.93            0.13
  2012.6274          170.89            0.12
  2012.6301          171.88            0.13
  2012.6329          172.04            0.13
  2012.6356          172.51            0.13
  2012.6383          171.96            0.12
  2012.6411          169.90            0.13
  2012.6438          172.09            0.13
  2012.6466          172.53            0.12
  2012.6493          172.12            0.12
  2012.6521          171.42            0.11
  2012.6548          171.70            0.12
  2012.6576          171.65            0.11
  2012.6603          171.53            0.11
  2012.6630          171.16            0.11
  2012.6658          172.06            0.12
  2012.6685          170.24            0.12
  2012.6713          173.16            0.11
  2012.6740          172.49            0.13
  2012.6768          170.08            0.13
  2012.6794          170.83            0.12
  2012.6823          172.12            0.13
  2012.6849          170.82            0.13
  2012.6876          172.07            0.12
  2012.6904          171.35            0.11
  2012.6931          172.19            0.13
  2012.6959          174.06            0.16
  2012.6986          172.73            0.16
  2012.7014          171.73            0.12
  2012.7041          172.15            0.13
  2012.7069          170.48            0.12
  2012.7096          169.90            0.12
  2012.7123          172.07            0.13
  2012.7151          172.81            0.13
  2012.7178          171.95            0.13
  2012.7206          173.59            0.13
  2012.7233          175.08            0.13
  2012.7261          172.80            0.13
  2012.7288          172.43            0.12
  2012.7316          171.88            0.13
  2012.7343          171.38            0.19
  2012.7369          173.31            0.14
  2012.7397          174.85            0.14
  2012.7424          173.89            0.15
  2012.7452          174.63            0.15
  2012.7479          172.62            0.13
  2012.7507          175.33            0.16
  2012.7534          175.76            0.17
  2012.7561          174.33            0.13
  2012.7589          176.86            0.17
  2012.7616          172.47            0.13
  2012.7644          174.68            0.13
  2012.7671          173.52            0.16
  2012.7699          174.25            0.14
  2012.7726          174.95            0.14
  2012.7754          175.70            0.19
  2012.7781          175.99            0.13
  2012.7808          176.16            0.14
  2012.7836          174.75            0.13
  2012.7863          175.40            0.13
  2012.7891          173.46            0.14
  2012.7917          174.79            0.15
  2012.7946          174.65            0.16
  2012.7972          175.45            0.19
  2012.8000          175.82            0.13
  2012.8027          175.26            0.15
  2012.8054          175.19            0.16
  2012.8082          175.94            0.18
  2012.8109          175.52            0.16
  2012.8137          176.93            0.16
  2012.8164          177.43            0.14
  2012.8192          177.79            0.15
  2012.8219          177.21            0.16
  2012.8247          178.13            0.15
  2012.8274          177.31            0.14
  2012.8301          175.46            0.17
  2012.8329          178.04            0.15
  2012.8356          179.57            0.13
  2012.8384          177.19            0.13
  2012.8411          176.41            0.14
  2012.8439          179.69            0.17
  2012.8466          178.06            0.14
  2012.8494          180.20            0.15
  2012.8521          180.59            0.13
  2012.8547          178.15            0.14
  2012.8575          175.77            0.15
  2012.8602          178.57            0.15
  2012.8630          177.95            0.18
  2012.8657          176.47            0.14
  2012.8685          177.92            0.13
  2012.8712          178.20            0.17
  2012.8740          181.53            0.14
  2012.8767          180.27            0.16
  2012.8794          179.17            0.14
  2012.8822          178.36            0.13
  2012.8849          178.16            0.14
  2012.8877          180.05            0.13
  2012.8904          180.69            0.16
  2012.8932          180.95            0.15
  2012.8959          179.32            0.15
  2012.8987          181.78            0.16
  2012.9014          178.59            0.14
  2012.9041          180.14            0.56
  2012.9069          182.71            0.15
  2012.9095          181.86            0.14
  2012.9124          183.67            0.18
  2012.9150          179.52            0.23
  2012.9178          180.44            0.14
  2012.9205          181.00            0.14
  2012.9233          180.95            0.23
  2012.9260          179.36            0.16
  2012.9287          182.61            0.15
  2012.9315          180.82            0.15
  2012.9342          180.71            0.25
  2012.9370          183.22            0.15
  2012.9397          180.99            0.14
  2012.9425          183.70            0.14
  2012.9452          183.47            0.15
  2012.9480          182.33            0.14
  2012.9507          182.43            0.16
  2012.9534          182.47            0.14
  2012.9562          184.55            0.14
  2012.9589          183.94            0.14
  2012.9617          182.54            0.16
  2012.9644          183.74            0.14
  2012.9672          179.97            0.23
  2012.9698          179.54            0.16
  2012.9727          183.04            0.15
  2012.9753          183.31            0.21
  2012.9780          183.32            0.20
  2012.9808          180.59            0.14
  2012.9835          181.08            0.20
  2012.9863          182.02            0.15
  2012.9890          184.16            0.15
  2012.9918          184.36            0.13
  2012.9945          183.18            0.13
  2012.9973          181.18            0.13
  2013.0000          184.73            0.14
  2013.0027          187.92            0.16
  2013.0027          182.37            0.11
  2013.0055          183.39            0.11
  2013.0082          181.62            0.11
  2013.0110          180.46            0.12
  2013.0137          181.56            0.13
  2013.0165          182.90            0.12
  2013.0192          184.48            0.13
  2013.0220          185.69            0.11
  2013.0247          183.99            0.13
  2013.0273          184.37            0.13
  2013.0302          185.72            0.12
  2013.0328          182.24            0.12
  2013.0356          184.10            0.11
  2013.0383          184.51            0.13
  2013.0411          184.82            0.13
  2013.0438          183.82            0.14
  2013.0466          184.75            0.14
  2013.0493          184.85            0.11
  2013.0520          182.45            0.12
  2013.0548          184.10            0.11
  2013.0575          186.45            0.12
  2013.0603          189.79            0.14
  2013.0630          186.89            0.14
  2013.0658          185.13            0.11
  2013.0685          185.40            0.13
  2013.0713          186.75            0.10
  2013.0740          185.67            0.11
  2013.0767          183.59            0.12
  2013.0795          184.03            0.11
  2013.0822          185.43            0.11
  2013.0850          184.40            0.12
  2013.0876          181.30            0.12
  2013.0905          185.31            0.12
  2013.0931          184.85            0.11
  2013.0959          185.08            0.13
  2013.0986          184.05            0.13
  2013.1013          184.93            0.14
  2013.1041          184.76            0.12
  2013.1068          185.79            0.13
  2013.1096          184.27            0.12
  2013.1123          185.89            0.13
  2013.1151          183.90            0.12
  2013.1178          187.00            0.12
  2013.1206          184.92            0.11
  2013.1233          184.92            0.13
  2013.1260          185.31            0.12
  2013.1288          181.23            0.12
  2013.1315          184.91            0.11
  2013.1343          184.76            0.11
  2013.1370          184.85            0.11
  2013.1398          185.76            0.13
  2013.1425          186.40            0.14
  2013.1453          185.13            0.11
  2013.1479          185.16            0.12
  2013.1506          186.15            0.11
  2013.1534          184.28            0.11
  2013.1561          185.81            0.12
  2013.1589          183.45            0.10
  2013.1616          186.64            0.12
  2013.1644          187.55            0.12
  2013.1671          183.37            0.11
  2013.1699          183.37            0.11
  2013.1726          185.23            0.11
  2013.1753          183.15            0.13
  2013.1781          180.16            0.12
  2013.1808          184.27            0.11
  2013.1863          185.77            0.12
  2013.1918          182.38            0.12
  2013.2000          181.67            0.11
  2013.2028          181.03            0.12
  2013.2054          181.46            0.12
  2013.2083          183.91            0.12
  2013.2109          183.03            0.11
  2013.2164          182.38            0.13
  2013.2192          182.05            0.11
  2013.2219          182.38            0.12
  2013.2246          181.49            0.13
  2013.2274          185.85            0.12
  2013.2301          183.94            0.13
  2013.2329          182.56            0.12
  2013.2356          182.03            0.12
  2013.2384          182.33            0.11
  2013.2411          183.43            0.12
  2013.2439          182.89            0.11
  2013.2466          181.89            0.12
  2013.2493          182.65            0.12
  2013.2548          183.19            0.12
  2013.2576          184.29            0.12
  2013.2603          183.74            0.13
  2013.2631          182.54            0.12
  2013.2657          182.92            0.22
  2013.2684          180.59            0.12
  2013.2712          179.68            0.13
  2013.2794          181.62            0.13
  2013.2822          181.69            0.12
  2013.2849          183.91            0.11
  2013.2877          181.54            0.11
  2013.2904          182.84            0.11
  2013.2931          181.58            0.11
  2013.2959          180.14            0.11
  2013.2986          181.59            0.11
  2013.3014          183.07            0.11
  2013.3041          179.31            0.11
  2013.3069          180.04            0.11
  2013.3096          180.62            0.11
  2013.3124          180.94            0.12
  2013.3151          180.83            0.11
  2013.3177          178.93            0.12
  2013.3206          180.67            0.12
  2013.3232          180.63            0.12
  2013.3260          181.65            0.12
  2013.3287          179.25            0.11
  2013.3315          180.60            0.12
  2013.3342          181.94            0.12
  2013.3370          180.66            0.12
  2013.3397          182.85            0.12
  2013.3424          182.60            0.11
  2013.3452          179.24            0.12
  2013.3479          181.43            0.11
  2013.3562          178.22            0.14
  2013.3589          182.39            0.11
  2013.3617          183.41            0.22
  2013.3644          185.10            0.12
  2013.3671          182.17            0.12
  2013.3699          183.55            0.11
  2013.3726          182.91            0.10
  2013.3754          182.73            0.11
  2013.3781          181.71            0.12
  2013.3809          182.56            0.18
  2013.3835          183.82            0.10
  2013.3864          184.01            0.10
  2013.3890          184.14            0.09
  2013.3917          184.93            0.11
  2013.3945          183.14            0.10
  2013.4000          183.91            0.11
  2013.4027          181.22            0.12
  2013.4055          184.31            0.12
  2013.4082          187.46            0.13
  2013.4137          186.81            0.15
  2013.4164          189.36            0.15
  2013.4192          186.36            0.11
  2013.4219          186.39            0.17
  2013.4247          184.26            0.15
  2013.4274          188.40            0.19
  2013.4302          185.83            0.11
  2013.4329          185.86            0.12
  2013.4357          186.15            0.11
  2013.4384          187.51            0.11
  2013.4410          187.61            0.11
  2013.4438          187.40            0.11
  2013.4465          188.64            0.11
  2013.4493          189.02            0.11
  2013.4520          188.17            0.11
  2013.4548          187.28            0.12
  2013.4575          188.42            0.11
  2013.4603          188.00            0.11
  2013.4630          186.97            0.11
  2013.4657          187.07            0.10
  2013.4685          186.84            0.11
  2013.4712          187.37            0.12
  2013.4740          187.32            0.11
  2013.4767          188.55            0.11
  2013.4795          188.36            0.11
  2013.4822          187.35            0.11
  2013.4850          187.54            0.12
  2013.4877          184.65            0.12
  2013.4904          187.38            0.12
  2013.4932          187.87            0.14
  2013.4958          188.51            0.15
  2013.4987          189.37            0.13
  2013.5013          185.05            0.60
  2013.5042          186.29            0.16
  2013.5068          187.05            0.15
  2013.5096          187.41            0.12
  2013.5123          188.02            0.11
  2013.5150          187.34            0.10
  2013.5178          186.67            0.11
  2013.5205          185.20            0.11
  2013.5233          185.05            0.11
  2013.5260          186.86            0.12
  2013.5288          188.20            0.15
  2013.5315          189.19            0.11
  2013.5343          184.16            0.18
  2013.5370          187.02            0.14
  2013.5397          189.01            0.10
  2013.5425          188.33            0.11
  2013.5452          188.19            0.11
  2013.5480          189.84            0.11
  2013.5507          189.04            0.11
  2013.5535          189.71            0.11
  2013.5562          189.67            0.11
  2013.5590          188.29            0.11
  2013.5616          188.48            0.10
  2013.5643          188.73            0.13
  2013.5671          188.00            0.11
  2013.5698          188.46            0.11
  2013.5726          188.34            0.11
  2013.5753          188.27            0.10
  2013.5781          188.41            0.11
  2013.5808          187.78            0.11
  2013.5836          188.85            0.10
  2013.5863          188.43            0.11
  2013.5890          187.32            0.11
  2013.5918          185.13            0.13
  2013.5945          189.82            0.12
  2013.5973          187.75            0.26
  2013.6000          188.00            0.13
  2013.6028          189.31            0.10
  2013.6055          190.04            0.10
  2013.6083          187.04            0.10
  2013.6110          185.79            0.11
  2013.6136          186.14            0.11
  2013.6165          187.43            0.12
  2013.6191          187.42            0.11
  2013.6219          185.31            0.11
  2014.0027          200.55            0.13
  2014.0055          200.91            0.17
  2014.0082          199.67            0.12
  2014.0110          191.98            0.12
  2014.0137          201.83            0.11
  2014.0165          199.54            0.14
  2014.0192          202.98            0.13
  2014.0220          203.12            0.13
  2014.0247          204.65            0.13
  2014.0273          201.86            0.14
  2014.0302          199.80            0.15
  2014.0328          200.08            0.15
  2014.0356          198.41            0.12
  2014.0383          199.90            0.16
  2014.0411          200.53            0.12
  2014.0438          198.33            0.15
  2014.0466          198.66            0.10
  2014.0493          201.42            0.12
  2014.0548          204.49            0.12
  2014.0575          200.10            0.15
  2014.0603          197.16            0.12
  2014.0630          199.12            0.18
  2014.0658          197.38            0.14
  2014.0685          200.61            0.16
  2014.0713          201.38            0.13
  2014.0740          201.20            0.13
  2014.0767          199.28            0.15
  2014.0795          199.74            0.13
  2014.0822          199.15            0.17
  2014.0850          198.83            0.17
  2014.0876          197.50            0.16
  2014.0905          201.39            0.13
  2014.0931          200.03            0.15
  2014.0959          198.80            0.13
  2014.0986          200.22            0.14
  2014.1013          199.98            0.14
  2014.1041          198.94            0.16
  2014.1068          204.18            0.13
  2014.1096          196.83            0.14
  2014.1123          199.49            0.13
  2014.1151          202.34            0.13
  2014.1178          199.26            0.14
  2014.1206          199.15            0.12
  2014.1233          200.31            0.16
  2014.1260          200.59            0.15
  2014.1288          202.84            0.13
  2014.1315          199.00            0.15
  2014.1343          199.71            0.15
  2014.1370          199.93            0.14
  2014.1398          197.85            0.13
  2014.1425          198.38            0.16
  2014.1453          200.75            0.16
  2014.1479          198.76            0.14
  2014.1506          200.52            0.13
  2014.1534          200.03            0.14
  2014.1561          201.03            0.14
  2014.1589          201.44            0.15
  2014.1616          199.80            0.12
  2014.1644          199.15            0.13
  2014.1671          200.21            0.14
  2014.1699          202.97            0.42
  2014.1726          197.09            0.15
  2014.1753          198.92            0.14
  2014.1781          199.03            0.16
  2014.1808          199.71            0.15
  2014.1836          199.47            0.18
  2014.1863          199.85            0.15
  2014.1891          197.83            0.14
  2014.1918          199.66            0.15
  2014.1946          200.11            0.15
  2014.1973          198.42            0.16
  2014.2000          198.67            0.13
  2014.2028          201.30            0.13
  2014.2054          200.75            0.13
  2014.2083          197.51            0.15
  2014.2109          196.33            0.14
  2014.2137          198.52            0.13
  2014.2164          194.87            0.18
  2014.2192          196.48            0.13
  2014.2219          196.79            0.13
  2014.2246          198.00            0.12
  2014.2274          197.45            0.13
  2014.2301          198.04            0.15
  2014.2329          199.35            0.15
  2014.2356          198.16            0.14
  2014.2384          197.27            0.15
  2014.2411          196.14            0.13
  2014.2439          196.39            0.18
  2014.2466          196.72            0.16
  2014.2493          196.64            0.13
  2014.2521          197.66            0.13
  2014.2548          198.05            0.14
  2014.2576          197.50            0.13
  2014.2603          197.36            0.13
  2014.2631          195.99            0.13
  2014.2657          197.28            0.13
  2014.2684          198.29            0.15
  2014.2712          199.22            0.12
  2014.2739          201.45            0.16
  2014.2767          195.83            0.15
  2014.2794          200.08            0.25
