  2008.0027            0.00            1.21
  2008.0055            3.13            1.29
  2008.0082            1.12            1.23
  2008.0110            1.20            1.14
  2008.0137            2.06            1.20
  2008.0165           -0.92            1.30
  2008.0192            4.97            1.28
  2008.0220            1.86            1.26
  2008.0247            3.49            1.24
  2008.0273            2.20            1.34
  2008.0302            6.09            1.23
  2008.0328            2.27            1.18
  2008.0356            1.58            1.22
  2008.0383            4.29            1.21
  2008.0411           -0.04            1.23
  2008.0438            1.62            1.26
  2008.0466            0.23            1.17
  2008.0493            2.22            1.12
  2008.0520            2.12            1.08
  2008.0548            2.10            1.23
  2008.0575            2.09            1.19
  2008.0603            4.26            1.24
  2008.0630            4.38            1.21
  2008.0658            3.25            1.18
  2008.0685            3.44            1.19
  2008.0713            5.99            1.25
  2008.0740            4.50            1.17
  2008.0767            3.13            1.20
  2008.0795            1.51            1.15
  2008.0822            3.97            1.19
  2008.0850            3.08            1.22
  2008.0876            2.22            1.20
  2008.0905            1.71            1.18
  2008.0931            4.40            1.16
  2008.0959            2.63            1.19
  2008.0986            4.93            1.21
  2008.1013            1.74            1.25
  2008.1041            3.27            1.18
  2008.1068            3.10            1.16
  2008.1096            3.11            1.18
  2008.1123            4.46            1.15
  2008.1151            2.62            1.17
  2008.1178            6.94            1.15
  2008.1206            3.24            1.16
  2008.1233            1.03            1.18
  2008.1260            3.72            1.19
  2008.1288            1.00            1.20
  2008.1315            2.82            1.23
  2008.1343            4.01            1.22
  2008.1370            5.50            1.19
  2008.1398            2.33            1.28
  2008.1425            4.51            1.22
  2008.1453           -2.55            1.19
  2008.1479            4.74            1.20
  2008.1506            4.23            1.20
  2008.1534            3.94            1.17
  2008.1561            1.36            1.13
  2008.1589            3.45            1.15
  2008.1616            2.86            1.20
  2008.1644           -0.14            1.17
  2008.1671            2.97            1.14
  2008.1699            2.86            1.15
  2008.1726            1.53            1.09
  2008.1753            3.29            1.08
  2008.1781            1.81            1.11
  2008.1808            3.96            1.13
  2008.1836            3.72            1.12
  2008.1863            2.47            1.10
  2008.1891            2.25            1.16
  2008.1918            1.38            1.13
  2008.1946            2.28            1.08
  2008.1973            3.07            1.12
  2008.2000            2.24            1.11
  2008.2028            3.73            1.11
  2008.2054            3.45            1.13
  2008.2083            3.80            1.58
  2008.2109            2.79            1.13
  2008.2137            3.84            1.21
  2008.2164            5.79            1.16
  2008.2192            1.53            1.11
  2008.2219            2.47            1.14
  2008.2246            2.84            1.15
  2008.2274            1.21            1.14
  2008.2301            1.40            1.13
  2008.2329            1.38            1.17
  2008.2356            3.67            1.19
  2008.2384            2.24            1.25
  2008.2411            3.58            1.13
  2008.2439            2.66            1.23
  2008.2466            2.85            1.12
  2008.2493            4.69            1.12
  2008.2521            2.67            1.18
  2008.2548            3.39            1.14
  2008.2576            4.55            1.17
  2008.2603            3.95            1.13
  2008.2631            2.21            1.08
  2008.2657           11.05            1.11
  2008.2684            4.60            1.21
  2008.2712            6.48            1.11
  2008.2739            1.89            1.08
  2008.2767            0.85            1.11
  2008.2794            2.11            1.15
  2008.2822            2.27            1.14
  2008.2849            4.22            1.06
  2008.2877            2.74            1.04
  2008.2904            3.10            1.07
  2008.2931            6.92            1.11
  2008.2959            3.54            1.05
  2008.2986            1.31            1.04
  2008.3014            3.46            1.07
  2008.3041            4.66            1.07
  2008.3069            3.37            1.05
  2008.3096            3.68            1.07
  2008.3124            3.59            1.06
  2008.3151            2.96            1.08
  2008.3177            1.69            1.11
  2008.3206            1.82            1.17
  2008.3232            2.26            1.20
  2008.3260            4.72            1.21
  2008.3287           -7.72           12.82
  2008.3315            3.16            1.10
  2008.3342            4.32            1.08
  2008.3370            4.90            1.10
  2008.3397            4.61            1.12
  2008.3424            4.32            1.08
  2008.3452            3.59            1.11
  2008.3479            5.51            1.07
  2008.3507            3.72            1.11
  2008.3534            5.00            1.18
  2008.3562            4.62            1.15
  2008.3589            4.96            1.08
  2008.3617            3.48            1.06
  2008.3644            3.26            1.05
  2008.3671            0.57            1.10
  2008.3699           -1.50            1.39
  2008.3726           -1.49            1.10
  2008.3754            2.88            1.06
  2008.3781            3.24            1.14
  2008.3809            6.68            1.20
  2008.3835            1.34            1.19
  2008.3864            2.57            1.26
  2008.3890            2.21            1.26
  2008.3917            1.94            1.21
  2008.3945            3.22            1.22
  2008.3972            3.15            1.13
  2008.4000            1.66            1.08
  2008.4027            2.24            1.16
  2008.4055            2.11            1.16
  2008.4082            3.09            1.23
  2008.4110            3.07            1.08
  2008.4137            3.72            1.10
  2008.4164            2.43            1.10
  2008.4192            2.85            1.11
  2008.4219            2.12            1.10
  2008.4247            1.08            1.39
  2008.4274           -0.62            1.36
  2008.4302           -3.11            1.41
  2008.4329            1.97            1.19
  2008.4357            1.93            1.09
  2008.4384            2.18            1.16
  2008.4410           -0.89            1.63
  2008.4438           -0.61            1.23
  2008.4465            2.83            1.34
  2008.4493            0.18            1.10
  2008.4520            0.46            1.17
  2008.4548            0.85            1.55
  2008.4575            1.13            1.13
  2008.4603            0.44            1.27
  2008.4630            3.76            1.34
  2008.4657            0.97            1.19
  2008.4685            1.28            1.34
  2008.4712            2.53            1.20
  2008.4740            2.13            1.06
  2008.4767            3.25            1.08
  2008.4795            3.00            1.07
  2008.4822            3.37            1.06
  2008.4850            3.21            1.06
  2008.4877            3.72            1.11
  2008.4904            4.92            1.07
  2008.4932            2.18            1.04
  2008.4958            4.12            1.09
  2008.4987            3.13            1.07
  2008.5013            4.30            1.06
  2008.5042            4.70            1.04
  2008.5068            3.59            1.04
  2008.5096            3.47            1.08
  2008.5123            5.44            1.10
  2008.5150            3.92            1.06
  2008.5178            3.02            1.07
  2008.5205            2.24            1.04
  2008.5233            2.68            1.01
  2008.5260            4.20            1.04
  2008.5288            5.34            1.13
  2008.5315            4.07            1.13
  2008.5343            1.26            1.08
  2008.5370            3.29            1.08
  2008.5397            4.58            1.64
  2008.5425            2.28            1.10
  2008.5452            0.94            1.10
  2008.5480            3.39            1.06
  2008.5507            4.58            1.08
  2008.5535            2.67            1.03
  2008.5562            2.82            1.08
  2008.5590            2.54            1.09
  2008.5616            2.06            1.13
  2008.5643            3.45            1.09
  2008.5671            3.51            1.08
  2008.5698            2.52            1.07
  2008.5726            2.58            1.10
  2008.5753            1.22            1.12
  2008.5781            2.46            1.08
  2008.5808            0.83            1.11
  2008.5836            1.00            1.06
  2008.5890            1.61            1.06
  2008.5918           -2.70            1.11
  2008.5945            2.46            1.15
  2008.5973            1.57            1.11
  2008.6000            0.31            1.13
  2008.6028            0.70            1.13
  2008.6055            2.69            1.15
  2008.6083            1.62            1.08
  2008.6110            0.49            1.03
  2008.6136            0.84            1.05
  2008.6165            2.07            0.96
  2008.6191            2.06            0.96
  2008.6219            3.67            0.99
  2008.6246            0.45            1.01
  2008.6274            1.16            1.02
  2008.6301            3.69            0.96
  2008.6329            3.47            0.98
  2008.6356            4.18            0.92
  2008.6383            4.32            0.93
  2008.6411            3.89            0.92
  2008.6438            4.65            0.95
  2008.6466            4.60            0.93
  2008.6493            3.70            0.96
  2008.6521            4.36            0.97
  2008.6548            3.94            1.04
  2008.6576            6.05            1.02
  2008.6603            6.22            1.07
  2008.6630            3.16            0.98
  2008.6658            4.02            0.96
  2008.6685            4.65            0.96
  2008.6713            4.25            0.98
  2008.6740            3.48            0.98
  2008.6768            5.86            0.94
  2008.6794            7.50            0.98
  2008.6823            5.42            1.07
  2008.6849            8.02            0.97
  2008.6876           -0.83            0.96
  2008.6904           -1.26            0.95
  2008.6931           -0.21            0.95
  2008.6959           -0.72            1.01
  2008.6986            0.65            0.97
  2008.7014            0.31            1.02
  2008.7041            0.26            0.91
  2008.7069            7.89            0.94
  2008.7096            9.24            0.94
  2008.7123            8.27            1.02
  2008.7151            8.83            0.98
  2008.7178            8.92            0.94
  2008.7206            9.21            0.93
  2008.7233            9.20            0.94
  2008.7261            8.18            0.91
  2008.7288            7.29            0.96
  2008.7316            8.34            0.95
  2008.7343            8.45            0.93
  2008.7369            9.61            0.93
  2008.7397            8.36            0.99
  2008.7424            8.07            0.97
  2008.7452            8.97            0.97
  2008.7479            9.17            0.92
  2008.7507            6.71            0.97
  2008.7534            7.00            1.04
  2008.7561            5.60            1.01
  2008.7589           10.62            1.02
  2008.7616            8.40            0.97
  2008.7644            9.08            0.99
  2008.7671            9.98            0.99
  2008.7699            9.53            1.02
  2008.7726            8.35            0.97
  2008.7754            6.98            0.97
  2008.7781           10.20            1.08
  2008.7808            8.07            1.01
  2008.7836            7.31            2.37
  2008.7863            7.72            0.97
  2008.7891            7.65            0.98
  2008.7917            5.12            1.07
  2008.7946            7.52            1.00
  2008.7972            7.52            0.98
  2008.8000            8.63            1.02
  2008.8027            8.25            1.03
  2008.8054            6.36            0.99
  2008.8082            5.36            1.03
  2008.8109            6.32            1.03
  2008.8137            7.80            0.97
  2008.8164            6.86            0.99
  2008.8192           10.48            1.04
  2008.8219            6.87            0.96
  2008.8247            9.20            0.96
  2008.8274            4.65            1.07
  2008.8301            7.27            0.99
  2008.8329            7.43            1.01
  2008.8356            6.36            0.98
  2008.8384            6.14            1.00
  2008.8411            7.20            1.02
  2008.8439            7.94            1.01
  2008.8466            8.09            1.05
  2008.8494            5.90            1.03
  2008.8521            8.28            1.04
  2008.8547            4.20            1.06
  2008.8575            7.23            1.04
  2008.8602            7.93            1.05
  2008.8630            7.79            1.04
  2008.8657            6.70            1.05
  2008.8685            8.69            1.04
  2008.8712            8.66            1.05
  2008.8740            6.67            1.02
  2008.8767            6.54            1.11
  2008.8794            4.96            1.02
  2008.8822            6.67            1.03
  2008.8849            5.20            1.00
  2008.8877            7.16            1.04
  2008.8904            4.48            1.04
  2008.8932            6.66            1.07
  2008.8959            5.19            1.10
  2008.8987            4.61            1.10
  2008.9014            4.71            1.11
  2008.9041            5.03            1.12
  2008.9069            6.58            1.10
  2008.9095            7.81            1.18
  2008.9124            5.40            1.17
  2008.9150            6.70            1.09
  2008.9178            7.18            1.12
  2008.9205            6.24            1.09
  2008.9233            6.90            1.06
  2008.9260            5.83            1.07
  2008.9287            6.04            1.07
  2008.9315            6.60            1.06
  2008.9342            7.55            1.07
  2008.9370            4.15            1.03
  2008.9397            5.36            1.12
  2008.9425            6.44            1.26
  2008.9452            7.53            1.05
  2008.9480            6.52            1.01
  2008.9507            6.48            1.08
  2008.9534            7.15            1.08
  2008.9562            5.00            1.00
  2008.9589            5.62            1.00
  2008.9617            7.62            1.00
  2008.9644            7.19            1.14
  2008.9672            7.26            1.09
  2008.9698            7.55            1.01
  2008.9727            5.19            1.05
  2008.9753            6.43            1.02
  2008.9780            5.95            0.98
  2008.9808            7.22            0.98
  2008.9835            6.44            1.00
  2008.9863            8.15            1.09
  2008.9890            5.36            1.06
  2008.9918            6.38            1.10
  2008.9945            5.86            1.12
  2008.9973            8.24            1.20
  2009.0000            6.99            1.12
  2009.0027            7.97            1.08
  2009.0027           10.23            1.07
  2009.0055            7.21            1.04
  2009.0110            7.74            1.05
  2009.0137            6.66            1.07
  2009.0165            5.95            1.09
  2009.0220            8.02            1.04
  2009.0247            7.20            0.96
  2009.0302            5.39            1.07
  2009.0328            9.60            1.12
  2009.0356            5.41            1.07
  2009.0411            7.77            1.08
  2009.0438            7.32            1.09
  2009.0466            7.25            1.07
  2009.0520            7.05            1.03
  2009.0548            6.50            1.03
  2009.0603            4.55            1.05
  2009.0630            7.65            1.04
  2009.0658            5.49            1.05
  2009.0713            5.82            1.01
  2009.0740            6.71            1.20
  2009.0767            5.20            1.05
  2009.0822            4.78            1.08
  2009.0850            2.99            1.05
  2009.0905            3.36            1.03
  2009.0931            4.63            1.07
  2009.0959            3.03            1.07
  2009.1013            4.71            1.05
  2009.1041            4.94            1.02
  2009.1068            4.65            1.03
  2009.1096            6.17            1.14
  2009.1123            4.32            1.12
  2009.1151            6.14            1.05
  2009.1206            5.40            1.04
  2009.1233            5.41            1.03
  2009.1260            5.07            1.03
  2009.1315            6.59            1.38
  2009.1343            8.62            1.03
  2009.1398            5.53            1.07
  2009.1425            7.05            1.07
  2009.1453            4.58            1.03
  2009.1506            6.59            1.01
  2009.1534            6.05            1.05
  2009.1561            7.54            1.07
  2009.1589            4.91            1.05
  2009.1616            4.50            1.09
  2009.1644            5.92            1.91
  2009.1671            4.95            1.12
  2009.1699            6.71            1.09
  2009.1726            5.16            1.07
  2009.1753            5.44            1.00
  2009.1781            5.18            1.00
  2009.1808            5.75            1.07
  2009.1836            5.20            1.03
  2009.1863            4.58            1.04
  2009.1891            5.48            1.03
  2009.1918            3.13            1.07
  2009.1946            4.05            1.04
  2009.1973            5.41            1.00
  2009.2000            5.59            1.03
  2009.2028            5.79            1.00
  2009.2054            6.05            1.17
  2009.2083            4.87            0.99
  2009.2109            4.79            1.07
  2009.2137            5.37            1.05
  2009.2164            6.54            1.01
  2009.2192            5.21            1.01
  2009.2219            4.69            1.06
  2009.2246            4.28            1.15
  2009.2274            5.89            1.14
  2009.2301            4.27            0.95
  2009.2329            5.96            0.98
  2009.2356            1.89            1.01
  2009.2384            2.76            1.02
  2009.2411            1.22            1.04
  2009.2439            3.90            1.03
  2009.2466            6.75            1.04
  2009.2493            6.03            1.01
  2009.2521            4.20            1.08
  2009.2548            4.25            1.12
  2009.2576            8.28            0.99
  2009.2603            0.21            2.05
  2009.2631            1.22            0.96
  2009.2657            5.90            0.95
  2009.2684            4.90            1.02
  2009.2712            4.93            0.96
  2009.2739            4.65            0.95
  2009.2767            4.56            0.91
  2009.2794            5.92            0.99
  2009.2822            5.35            0.94
  2009.2849            6.43            0.95
  2009.2877            4.77            1.07
  2009.2904            4.21            1.06
  2009.2931            5.34            1.02
  2009.2959            6.30            0.98
  2009.2986            5.44            0.92
  2009.3014            3.95            0.94
  2009.3069            5.77            1.02
  2009.3096            5.57            1.04
  2009.3124            5.51            1.04
  2009.3151            5.84            1.03
  2009.3177            7.10            0.95
  2009.3206            5.43            1.10
  2009.3232            5.77            1.04
  2009.3260            4.58            0.98
  2009.3315            5.57            1.02
  2009.3342            4.06            1.01
  2009.3370            3.54            1.01
  2009.3397            4.64            1.14
  2009.3424            4.95            1.03
  2009.3452            4.81            1.08
  2009.3479            3.70            0.97
  2009.3507            4.76            1.03
  2009.3534            3.66            1.03
  2009.3562            4.37            0.97
  2009.3589            5.07            1.04
  2009.3617            5.48            1.05
  2009.3644            3.98            1.01
  2009.3671            6.40            0.96
  2009.3699            3.49            1.07
  2009.3726            3.63            1.04
  2009.3754            4.85            1.02
  2009.3781            5.20            1.00
  2009.3809            3.89            1.00
  2009.3835            4.43            1.04
  2009.3864            3.49            0.94
  2009.3890            3.27            1.02
  2009.3945            2.54            1.01
  2009.3972            4.03            1.02
  2009.4000            4.52            1.01
  2009.4055            3.92            1.09
  2009.4082            4.76            0.95
  2009.4137            4.38            1.02
  2009.4164            5.55            1.09
  2009.4192            5.46            1.00
  2009.4247            4.83            0.99
  2009.4274            5.77            0.92
  2009.4302            5.52            0.96
  2009.4357            5.75            1.02
  2009.4384            4.65            1.03
  2009.4438            6.60            0.92
  2009.4465            6.35            0.91
  2009.4493            5.08            0.98
  2009.4548            6.22            0.96
  2009.4575            3.43            0.99
  2009.4603            5.20            1.10
  2009.4657            4.10            0.94
  2009.4685            4.79            0.94
  2009.4740            5.89            1.00
  2009.4767            5.29            0.94
  2009.4795            5.32            0.96
  2009.4850            6.01            1.02
  2009.4877            7.49            1.02
  2009.4904            5.05            1.19
  2009.4932            5.78            1.02
  2009.4958            5.44            1.03
  2009.4987            1.62            0.98
  2009.5042            5.16            1.01
  2009.5068            3.23            1.03
  2009.5096            4.98            2.71
  2009.5150            4.63            1.64
  2009.5178            4.45            0.92
  2009.5233            4.54            0.93
  2009.5260           -0.89            0.95
  2009.5288            3.08            0.98
  2009.5343            4.71            0.93
  2009.5370            5.34            0.92
  2009.5397            4.57            0.90
  2009.5452            7.21            0.98
  2009.5507           -5.99            5.94
  2009.5562            4.58            1.00
  2009.5590            4.83            0.96
  2009.5616            4.71            0.96
  2009.5671            6.30            0.96
  2009.5698            6.23            0.93
  2009.5726            5.97            0.94
  2009.5753            5.12            0.96
  2009.5781            5.66            0.89
  2009.5808            5.42            0.91
  2009.5863            5.18            0.88
  2009.5890            4.99            0.90
  2009.5918            2.66            1.00
  2009.5973            4.25            0.92
  2009.6000            3.73            0.92
  2009.6055            4.26            0.91
  2009.6083            0.45            0.91
  2009.6110            3.39            0.99
  2009.6165            6.06            0.89
  2009.6191            4.34            0.92
  2009.6219            2.94            1.01
  2009.6274            1.47            0.98
  2009.6301            5.03            1.47
  2009.6356            5.29            1.94
  2009.6383            4.65            0.98
  2009.6411            2.98            1.21
  2009.6493            8.25            1.89
  2009.6521            3.96            1.38
  2009.6548            4.31            1.34
  2009.6576            3.43            0.92
  2009.6603            2.53            1.00
  2009.6630            5.97            0.94
  2009.6658            5.89            0.91
  2009.6685            7.86            1.10
  2009.6713            6.28            0.98
  2009.6740            7.16            0.92
  2009.6768            7.81            0.97
  2009.6794            6.30            1.02
  2009.6823            6.27            1.06
  2009.6849            7.62            0.94
  2009.6876            7.24            0.95
  2009.6904            7.65            0.97
  2009.6931            8.37            0.91
  2009.6959            8.70            0.93
  2009.6986            7.38            0.87
  2009.7014            8.43            0.97
  2009.7041            9.44            0.93
  2009.7069            9.09            0.93
  2009.7096            9.72            0.95
  2009.7123            7.49            0.99
  2009.7151            8.55            1.03
  2009.7178            8.00            0.93
  2009.7206            7.56            0.96
  2009.7233            7.41            0.92
  2009.7261            8.65            0.99
  2009.7288            8.89            0.92
  2009.7316            7.80            0.97
  2009.7343            9.56            0.93
  2009.7369            9.78            0.97
  2009.7397            8.85            1.04
  2009.7424           10.25            0.97
  2009.7452           10.09            1.04
  2009.7479            9.42            0.95
  2009.7507            8.93            1.05
  2009.7534            7.46            0.98
  2009.7561            7.80            0.95
  2009.7589            9.60            1.00
  2009.7616            9.03            1.08
  2009.7644            9.89            0.97
  2009.7671            8.97            0.94
  2009.7699            9.77            1.01
  2009.7726            9.28            1.00
  2009.7754            9.31            1.09
  2009.7781            5.85            1.00
  2009.7808            7.39            1.02
  2009.7836           10.06            0.96
  2009.7863            7.84            1.10
  2009.7891            8.40            1.15
  2009.7917            8.89            1.04
  2009.7946            8.65            1.00
  2009.7972           10.07            1.01
  2009.8000            8.44            1.22
  2009.8027            9.47            1.00
  2009.8054            8.65            1.00
  2009.8082            7.83            1.03
  2009.8109            4.01            1.16
  2009.8137            3.75            1.06
  2009.8164            6.06            1.08
  2009.8192            8.95            1.05
  2009.8219            9.50            1.10
  2009.8247            8.33            1.02
  2009.8274            7.52            1.08
  2009.8301            7.19            1.11
  2009.8329            7.08            1.18
  2009.8356            6.30            1.10
  2009.8384            5.31            1.14
  2009.8411            5.43            1.13
  2009.8439            3.28            1.12
  2009.8466            5.85            1.08
  2009.8494            6.20            1.09
  2009.8521            6.55            1.13
  2009.8547            6.97            1.03
  2009.8575            6.50            1.03
  2009.8602            8.21            1.10
  2009.8630            6.00            1.04
  2009.8657            4.80            1.04
  2009.8685            6.05            1.12
  2009.8712            4.78            1.08
  2009.8740            7.17            1.16
  2009.8767            6.18            1.09
  2009.8794            6.35            1.13
  2009.8822            5.94            1.18
  2009.8849            4.89            1.19
  2009.8904            7.54            1.07
  2009.8932            4.68            1.14
  2009.8959            5.71            1.13
  2009.9014            4.81            1.15
  2009.9041            7.51            1.13
  2009.9095            7.38            1.09
  2009.9124            8.97            1.27
  2009.9150            7.87            1.11
  2009.9205            6.44            1.15
  2009.9233            7.35            1.12
  2009.9260            7.05            1.02
  2009.9315            9.87            1.08
  2009.9342            7.19            1.02
  2009.9397            6.47            1.10
  2009.9425            7.18            1.13
  2009.9452            9.86            1.07
  2009.9507           10.85            1.08
  2009.9534            8.01            1.18
  2009.9562            8.39            1.13
  2009.9589            8.05            1.05
  2009.9617            6.37            1.19
  2009.9644            8.62            1.15
  2009.9698            9.40            1.12
  2009.9727            8.87            1.07
  2009.9753           10.93            1.15
  2009.9808            7.78            1.21
  2009.9835            7.38            1.12
  2009.9890            8.41            1.17
  2009.9918            4.51            1.18
  2009.9945            5.42            1.19
  2010.0000            4.26            1.14
  2010.0027            7.51            1.04
  2010.0055            6.81            1.10
  2010.0082            5.33            1.11
  2010.0110            5.60            1.13
  2010.0137            3.27            1.18
  2010.0165            6.86            1.10
  2010.0192            4.85            1.06
  2010.0220            6.69            1.09
  2010.0247            9.26            1.11
  2010.0273            4.53            1.13
  2010.0302            8.80            1.25
  2010.0328            4.71            1.18
  2010.0356            7.25            1.10
  2010.0383            6.16            1.10
  2010.0411            6.71            1.13
  2010.0438            7.40            1.14
  2010.0466            8.44            1.05
  2010.0493            7.49            1.09
  2010.0520            8.13            1.05
  2010.0548            5.94            1.07
  2010.0575            6.07            1.09
  2010.0603            9.71            1.05
  2010.0630            9.34            1.07
  2010.0658            7.69            1.10
  2010.0685            6.93            1.09
  2010.0713            7.93            1.23
  2010.0740            7.41            1.16
  2010.0767            7.06            1.21
  2010.0795            8.07            1.10
  2010.0822            6.31            1.14
  2010.0850            6.45            1.01
  2010.0876            5.17            1.12
  2010.0905            5.53            1.18
  2010.0931            6.02            1.22
  2010.0959            7.02            1.14
  2010.0986            7.82            1.20
  2010.1013            7.18            1.15
  2010.1041            7.84            1.23
  2010.1068            9.00            1.19
  2010.1096            4.31            1.16
  2010.1123            5.39            1.16
  2010.1151            5.12            1.17
  2010.1178            7.27            1.11
  2010.1206            5.87            1.21
  2010.1233            6.47            1.12
  2010.1260            6.34            1.17
  2010.1288            4.08            1.19
  2010.1315            6.97            1.16
  2010.1343            7.17            1.34
  2010.1370            7.41            1.18
  2010.1398            5.07            1.04
  2010.1425            3.92            1.04
  2010.1453            6.69            1.14
  2010.1479            4.82            1.07
  2010.1506            6.28            1.05
  2010.1534            6.28            1.12
  2010.1561            5.32            1.09
  2010.1616         -102.65            1.14
  2010.1644         -107.11            1.06
  2010.1671         -109.22            1.09
  2010.1699         -107.98            1.10
  2010.1726         -107.67            1.08
  2010.1753         -107.91            1.05
  2010.1781         -105.93            1.07
  2010.1808         -111.27            1.12
  2010.1836         -109.81            1.09
  2010.1863         -111.23            1.08
  2010.1891         -111.52            1.09
  2010.1918         -110.73            1.03
  2010.1946         -111.81            1.06
  2010.1973         -104.90            1.09
  2010.2000         -112.19            1.09
  2010.2028         -112.41            1.06
  2010.2054         -114.44            1.09
  2010.2083         -112.67            1.01
  2010.2109         -111.42            1.06
  2010.2137         -112.55            1.00
  2010.2164         -113.43            1.10
  2010.2192         -119.86            1.12
  2010.2219         -112.56            1.00
  2010.2246         -117.16            0.99
  2010.2274         -113.87            0.98
  2010.2301         -116.01            0.94
  2010.2329         -114.69            1.01
  2010.2356         -114.30            0.98
  2010.2384         -114.48            1.00
  2010.2411         -114.69            1.03
  2010.2439         -114.60            0.99
  2010.2466         -116.91            1.07
  2010.2493         -110.52            1.02
  2010.2521         -114.48            0.99
  2010.2548         -115.67            0.97
  2010.2576         -115.05            0.68
  2010.2603         -114.61            0.95
  2010.2631         -115.25            1.02
  2010.2657         -115.01            0.98
  2010.2684         -116.46            0.95
  2010.2712         -116.25            0.97
  2010.2739         -115.12            1.01
  2010.2767         -118.52            0.97
  2010.2794         -119.26            1.00
  2010.2822         -117.91            1.00
  2010.2849         -118.72            0.93
  2010.2877         -119.67            0.97
  2010.2904         -120.09            1.02
  2010.2931         -122.19            0.98
  2010.2959         -124.58            1.01
  2010.2986         -127.85            0.98
  2010.3014         -121.83            0.95
  2010.3069         -119.91            0.95
  2010.3096         -119.79            1.02
  2010.3124         -119.66            0.95
  2010.3151         -120.91            0.94
  2010.3177         -119.82            0.94
  2010.3206         -119.57            1.00
  2010.3232         -120.35            0.96
  2010.3260         -119.39            0.94
  2010.3287         -122.65            1.00
  2010.3315         -121.77            0.97
  2010.3424         -123.56            0.99
  2010.3452         -120.86            0.94
  2010.3479         -121.69            0.93
  2010.3507         -121.84            0.93
  2010.3534         -121.99            0.89
  2010.3562         -121.86            0.94
  2010.3589         -122.56            0.93
  2010.3617         -122.64            1.49
  2010.3644         -122.38            0.98
  2010.3726         -122.27            0.99
  2010.3754         -123.34            1.00
  2010.3781         -122.80            0.96
  2010.3809         -123.07            0.94
  2010.3835         -123.38            0.98
  2010.3864         -122.97            0.92
  2010.3890         -123.01            0.96
  2010.3917         -125.23            0.92
  2010.3945         -124.08            0.95
  2010.3972         -122.88            0.94
  2010.4000         -122.64            0.92
  2010.4027         -122.58            0.92
  2010.4055         -124.41            0.99
  2010.4082         -124.88            0.99
  2010.4110         -122.82            2.11
  2010.4137         -123.06            0.92
  2010.4164         -122.94            0.89
  2010.4192         -120.59            0.97
  2010.4219         -123.53            0.96
  2010.4247         -123.55            0.93
  2010.4274         -124.60            0.90
  2010.4302         -129.91            0.94
  2010.4329         -123.75            0.93
  2010.4357         -123.30            0.89
  2010.4384         -122.37            0.94
  2010.4410         -123.67            0.93
  2010.4438         -123.82            1.00
  2010.4465         -125.31            0.88
  2010.4493         -125.48            0.92
  2010.4520         -125.74            1.05
  2010.4548         -125.97            0.90
  2010.4575         -125.93            0.92
  2010.4603         -125.16            1.15
  2010.4630         -126.04            1.13
  2010.4657         -122.93            1.10
  2010.4685         -125.70            0.96
  2010.4795         -131.90            2.27
  2010.4822         -127.46            1.38
  2010.4850         -126.40            0.93
  2010.4877         -130.05            0.92
  2010.4932         -130.30            0.97
  2010.4958         -132.31            0.93
  2010.4987         -128.84            0.98
  2010.5042         -129.46            0.98
  2010.5068         -130.76            1.02
  2010.5096         -129.17            1.17
  2010.5123         -126.94            1.17
  2010.5178         -130.18            1.60
  2010.5205         -129.73            0.92
  2010.5233         -128.58            0.93
  2010.5288         -130.17            0.92
  2010.5315         -130.50            0.93
  2010.5343         -130.11            0.86
  2010.5397         -129.79            0.95
  2010.5425         -127.97            0.96
  2010.5452         -128.52            0.90
  2010.5507         -131.94            0.97
  2010.5535         -134.05            0.99
  2010.5562         -129.14            0.98
  2010.5590         -129.20            1.05
  2010.5616         -129.95            1.06
  2010.5643         -127.84            1.01
  2010.5671         -129.15            0.98
  2010.5698         -129.41            1.02
  2010.5726         -130.07            1.03
  2010.5781         -130.22            1.07
  2010.5808         -130.92            1.02
  2010.5836         -129.45            0.96
  2010.5890         -127.06            0.96
  2010.5918         -130.74            0.92
  2010.5945         -130.47            1.98
  2010.5973         -129.52            0.95
  2010.6000         -129.38            0.92
  2010.6028         -130.76            0.93
  2010.6055         -129.25            0.91
  2010.6083         -129.41            0.91
  2010.6110         -130.25            0.96
  2010.6165         -130.18            0.89
  2010.6191         -129.72            0.88
  2010.6219         -129.92            0.90
  2010.6274         -135.60            1.17
  2010.6301         -129.10            0.96
  2010.6329         -129.48            0.90
  2010.6356         -131.05            0.93
  2010.6383         -131.77            1.03
  2010.6411         -133.06            0.96
  2010.6438         -130.65            0.95
  2010.6466         -131.33            0.95
  2010.6493         -130.39            0.92
  2010.6521         -133.69            0.96
  2010.6548         -132.87            0.96
  2010.6576         -131.73            0.97
  2010.6603         -130.89            0.88
  2010.6658         -133.02            0.94
  2010.6685         -131.11            0.90
  2010.6713         -131.10            0.98
  2010.6768         -131.81            0.96
  2010.6794         -129.12            0.88
  2010.6823         -130.70            0.91
  2010.6876         -130.40            0.88
  2010.6904         -131.22            0.90
  2010.6931         -131.20            0.94
  2010.6986         -132.24            0.96
  2010.7014         -132.41            0.95
  2010.7041         -131.04            0.95
  2010.7096         -129.42            0.93
  2010.7123         -130.73            0.89
  2010.7151         -132.11            0.95
  2010.7178         -130.69            0.91
  2010.7206         -130.46            0.91
  2010.7233         -130.17            0.92
  2010.7261         -130.75            0.89
  2010.7288         -131.61            0.87
  2010.7316         -130.73            0.88
  2010.7343         -131.26            0.89
  2010.7369         -131.96            0.90
  2010.7397         -131.93            0.98
  2010.7424         -131.57            0.93
  2010.7452         -131.66            0.83
  2010.7479         -131.67            0.87
  2010.7507         -131.24            0.89
  2010.7534         -130.75            0.84
  2010.7561         -129.86            0.96
  2010.7589         -131.48            0.84
  2010.7616         -131.17            0.90
  2010.7644         -130.35            0.86
  2010.7699         -131.52            0.84
  2010.7726         -130.66            0.82
  2010.7754         -132.54            0.83
  2010.7808         -133.43            0.87
  2010.7836         -132.88            0.89
  2010.7863         -133.00            1.03
  2010.7917         -132.34            0.83
  2010.7946         -132.75            0.85
  2010.7972         -131.50            0.91
  2010.8027         -135.40            0.95
  2010.8054         -134.10            0.92
  2010.8082         -135.16            0.94
  2010.8137         -134.37            0.90
  2010.8164         -134.21            0.90
  2010.8192         -134.08            0.88
  2010.8219         -134.44            0.89
  2010.8247         -134.88            0.95
  2010.8274         -136.32            1.01
  2010.8301         -136.28            0.92
  2010.8329         -138.68            0.94
  2010.8356         -136.45            0.87
  2010.8384         -134.48            0.91
  2010.8411         -136.01            0.88
  2010.8439         -136.30            0.93
  2010.8466         -134.97            0.85
  2010.8494         -139.88            0.92
  2010.8521         -138.77            0.94
  2010.8547         -137.16            0.87
  2010.8575         -136.51            0.83
  2010.8630         -135.87            0.84
  2010.8657         -137.74            0.85
  2010.8685         -136.34            1.04
  2010.8740         -136.15            0.94
  2010.8767         -136.53            0.99
  2010.8794         -136.95            0.89
  2010.8849         -137.54            0.98
  2010.8877         -139.02            0.94
  2010.8904         -137.81            0.92
  2010.8959         -136.76            0.91
  2010.8987         -136.54            1.00
  2010.9014         -137.30            0.87
  2010.9069         -137.22            0.84
  2010.9095         -135.72            0.96
  2010.9124         -136.29            0.96
  2010.9178         -133.45            0.85
  2010.9205         -136.16            0.90
  2010.9233         -135.82            0.92
  2010.9260         -134.46            0.89
  2010.9287         -134.78            0.89
  2010.9315         -134.29            0.94
  2010.9342         -133.61            0.93
  2010.9370         -133.70            0.92
  2010.9397         -134.59            0.93
  2010.9425         -136.25            0.83
  2010.9452         -136.79            0.96
  2010.9507         -135.51            0.90
  2010.9562         -134.30            0.92
  2010.9589         -133.70            0.90
  2010.9644         -134.57            0.91
  2011.0027         -134.58            0.97
  2011.0055         -135.57            1.01
  2011.0082         -139.77            0.94
  2011.0110         -139.87            0.97
  2011.0137         -138.65            0.97
  2011.0165         -140.63            0.96
  2011.0192         -140.23            0.98
  2011.0220         -139.43            1.00
  2011.0247         -140.05            0.99
  2011.0273         -143.07            0.99
  2011.0302         -142.79            1.00
  2011.0328         -142.80            1.03
  2011.0356         -143.59            1.06
  2011.0383         -141.57            0.91
  2011.0411         -142.60            1.05
  2011.0438         -137.66            1.08
  2011.0466         -140.21            0.97
  2011.0493         -144.03            1.13
  2011.0520         -143.67            0.96
  2011.0548         -141.92            1.06
  2011.0575         -140.80            1.00
  2011.0603         -141.35            1.03
  2011.0630         -142.13            1.01
  2011.0658         -143.30            1.03
  2011.0685         -141.83            1.03
  2011.0713         -141.78            1.06
  2011.0740         -139.33            1.07
  2011.0767         -140.15            1.02
  2011.0795         -141.62            1.04
  2011.0822         -142.99            1.05
  2011.0850         -142.50            1.04
  2011.0876         -141.80            0.96
  2011.0905         -143.34            1.02
  2011.0931         -140.43            0.93
  2011.0959         -143.47            0.99
  2011.0986         -142.16            0.97
  2011.1013         -144.45            1.01
  2011.1041         -145.74            1.01
  2011.1068         -142.59            1.08
  2011.1096         -144.36            1.02
  2011.1123         -143.32            1.11
  2011.1151         -143.30            1.08
  2011.1178         -145.10            1.11
  2011.1206         -143.69            1.13
  2011.1233         -143.94            1.03
  2011.1260         -145.21            1.02
  2011.1288         -147.35            1.05
  2011.1315         -144.85            1.06
  2011.1343         -144.18            1.06
  2011.1370         -144.96            1.06
  2011.1398         -144.44            1.02
  2011.1425         -142.89            1.06
  2011.1453         -143.39            1.03
  2011.1479         -144.85            1.14
  2011.1506         -141.30            1.05
  2011.1534         -143.37            1.01
  2011.1561         -144.54            0.98
  2011.1589         -143.85            0.98
  2011.1616         -144.73            0.99
  2011.1644         -143.51            1.01
  2011.1671         -146.03            1.02
  2011.1699         -143.60            1.02
  2011.1726         -143.40            1.05
  2011.1753         -144.42            1.03
  2011.1781         -145.55            1.32
  2011.1808         -145.71            1.01
  2011.1836         -147.37            1.02
  2011.1863         -143.11            1.07
  2011.1891         -141.91            1.22
  2011.1918         -148.32            1.22
  2011.1946         -146.33            1.18
  2011.1973         -146.44            1.00
  2011.2000         -146.43            1.11
  2011.2028         -144.58            1.22
  2011.2054         -148.71            1.12
  2011.2083         -147.68            1.07
  2011.2109         -146.05            1.01
  2011.2137         -149.27            0.99
  2011.2164         -146.12            0.95
  2011.2192         -148.51            1.09
  2011.2219         -147.58            1.05
  2011.2246         -146.39            1.01
  2011.2274         -147.80            1.04
  2011.2301         -148.49            1.07
  2011.2329         -144.82            1.00
  2011.2356         -145.93            1.02
  2011.2384         -146.08            0.98
  2011.2411         -146.77            1.01
  2011.2439         -146.39            1.06
  2011.2466         -146.53            1.16
  2011.2493         -144.54            1.12
  2011.2521         -145.82            1.10
  2011.2548         -145.68            1.02
  2011.2576         -145.29            1.00
  2011.2603         -145.77            1.25
  2011.2631         -145.77            1.02
  2011.2657         -146.05            1.01
  2011.2684         -144.30            0.99
  2011.2712         -145.62            1.01
  2011.2739         -147.29            1.04
  2011.2767         -148.17            1.11
  2011.2794         -147.97            1.05
  2011.2822         -151.11            1.11
  2011.2849         -148.08            1.03
  2011.2877         -145.79            0.98
  2011.2904         -146.89            0.96
  2011.2931         -148.13            2.19
  2011.2959         -148.27            0.96
  2011.2986         -148.17            0.98
  2011.3014         -149.63            1.00
  2011.3041         -151.69            1.02
  2011.3069         -153.58            1.12
  2011.3096         -143.63            0.97
  2011.3124         -150.08            0.90
  2011.3151         -146.23            0.86
  2011.3177         -145.35            0.87
  2011.3206         -148.82            0.90
  2011.3232         -146.12            0.97
  2011.3260         -148.06            0.90
  2011.3287         -147.39            0.89
  2011.3315         -147.99            0.87
  2011.3342         -148.38            0.88
  2011.3370         -148.45            0.90
  2011.3397         -144.33            0.93
  2011.3424         -146.26            0.91
  2011.3452         -145.65            0.87
  2011.3479         -147.93            0.92
  2011.3507         -147.38            0.87
  2011.3534         -148.13            0.90
  2011.3562         -150.21            0.97
  2011.3589         -146.33            0.90
  2011.3617         -148.13            0.88
  2011.3644         -148.60            0.85
  2011.3671         -148.37            0.85
  2011.3699         -149.63            0.89
  2011.3726         -150.96            0.92
  2011.3754         -149.56            0.92
  2011.3781         -150.06            0.92
  2011.3809         -147.78            1.02
  2011.3835         -178.81            1.11
  2011.3864         -149.53            0.95
  2011.3890         -149.76            0.90
  2011.3917         -151.01            0.92
  2011.3945         -149.94            0.95
  2011.3972         -151.17            0.87
  2011.4000         -149.95            0.88
  2011.4027         -150.86            0.93
  2011.4055         -151.71            0.87
  2011.4082         -151.73            0.85
  2011.4110         -151.43            0.85
  2011.4137         -151.86            0.85
  2011.4164         -152.70            0.88
  2011.4192         -152.18            0.90
  2011.4219         -150.75            0.86
  2011.4247         -152.68            0.92
  2011.4274         -152.25            0.95
  2011.4302         -152.81            0.95
  2011.4329         -153.83            1.04
  2011.4357         -156.38            1.04
  2011.4384         -159.00            0.91
  2011.4410         -154.10            0.98
  2011.4438         -152.34            0.94
  2011.4465         -155.76            0.93
  2011.4493         -154.51            0.88
  2011.4520         -155.43            0.90
  2011.4548         -152.40            1.09
  2011.4575         -155.18            0.93
  2011.4603         -152.31            0.94
  2011.4630         -155.08            0.99
  2011.4657         -156.14            1.04
  2011.4685         -153.95            0.98
  2011.4712         -153.75            0.93
  2011.4740         -154.31            0.91
  2011.4767         -154.80            0.95
  2011.4795         -154.73            0.91
  2011.4822         -151.91            0.91
  2011.4850         -154.35            0.89
  2011.4877         -155.22            0.90
  2011.4904         -157.12            0.90
  2011.4932         -158.20            0.96
  2011.4958         -154.26            0.92
  2011.4987         -155.26            0.90
  2011.5013         -154.48            0.89
  2011.5042         -153.24            0.94
  2011.5068         -154.99            1.02
  2011.5096         -152.55            1.04
  2011.5123         -154.02            0.99
  2011.5150         -154.44            0.96
  2011.5178         -154.97            0.98
  2011.5205         -156.49            0.96
  2011.5233         -153.72            0.91
  2011.5260         -155.55            1.00
  2011.5315         -153.30            0.94
  2011.5343         -148.66            1.09
  2011.5370         -158.14            1.12
  2011.5397         -156.61            1.01
  2011.5425         -152.48            1.41
  2011.5452         -156.75            1.06
  2011.5480         -155.57            0.96
  2011.5507         -157.42            0.99
  2011.5535         -160.95            0.94
  2011.5562         -153.57            1.26
  2011.5590         -155.10            1.00
  2011.5616         -154.99            0.94
  2011.5643         -154.87            1.00
  2011.5671         -155.38            1.03
  2011.5698         -155.68            0.97
  2011.5726         -155.99            0.97
  2011.5753         -153.96            0.92
  2011.5781         -153.54            0.94
  2011.5808         -154.06            0.94
  2011.5836         -154.79            1.13
  2011.5863         -155.13            1.02
  2011.5890         -154.95            0.98
  2011.5918         -154.11            1.11
  2011.5945         -158.36            1.08
  2011.5973         -155.47            1.11
  2011.6000         -155.22            1.09
  2011.6028         -153.59            1.10
  2011.6055         -156.30            1.09
  2011.6083         -158.40            0.98
  2011.6110         -154.92            1.14
  2011.6136         -157.69            1.09
  2011.6165         -156.52            1.06
  2011.6191         -156.77            1.02
  2011.6219         -155.79            0.99
  2011.6246         -157.68            1.15
  2011.6274         -153.35            1.16
  2011.6301         -153.29            1.19
  2011.6329         -155.18            1.02
  2011.6356         -152.71            1.08
  2011.6383         -154.59            0.98
  2011.6411         -154.62            0.96
  2011.6438         -154.00            0.94
  2011.6466         -154.20            1.00
  2011.6493         -154.42            0.98
  2011.6521         -152.07            1.04
  2011.6548         -153.35            1.05
  2011.6576         -153.36            1.04
  2011.6603         -152.65            1.10
  2011.6630         -152.56            1.10
  2011.6658         -152.09            0.95
  2011.6685         -152.96            1.05
  2011.6713         -153.58            1.03
  2011.6740         -154.89            1.02
  2011.6768         -156.89            1.05
  2011.6794         -156.24            1.03
  2011.6823         -154.08            1.02
  2011.6849         -154.26            1.00
  2011.6876         -158.40            1.07
  2011.6904         -155.92            1.09
  2011.6931         -156.99            1.04
  2011.6959         -157.11            1.04
  2011.6986         -153.87            1.01
  2011.7014         -153.55            1.00
  2011.7041         -154.11            1.05
  2011.7069         -153.72            1.01
  2011.7096         -155.93            1.08
  2011.7123         -153.60            0.98
  2011.7151         -154.19            0.96
  2011.7178         -153.54            0.94
  2011.7206         -153.72            1.00
  2011.7233         -154.06            1.00
  2011.7261         -153.12            1.00
  2011.7288         -154.38            1.02
  2011.7316         -154.92            1.02
  2011.7343         -155.23            1.03
  2011.7369         -153.73            1.03
  2011.7397         -154.54            1.03
  2011.7424         -156.38            1.05
  2011.7452         -155.74            1.01
  2011.7479         -153.72            1.07
  2011.7507         -153.19            1.13
  2011.7534         -155.07            0.95
  2011.7561         -155.39            1.00
  2011.7589         -155.34            1.06
  2011.7616         -154.94            1.14
  2011.7644         -152.55            1.06
  2011.7671         -155.82            1.01
  2011.7699         -155.36            1.01
  2011.7726         -158.38            0.97
  2011.7754         -156.04            1.03
  2011.7781         -156.49            1.13
  2011.7808         -157.55            1.08
  2011.7836         -155.96            1.03
  2011.7863         -155.73            1.07
  2011.7891         -156.91            1.08
  2011.7917         -155.54            1.10
  2011.7946         -154.90            0.99
  2011.7972         -155.51            0.98
  2011.8000         -153.18            1.07
  2011.8027         -155.22            1.10
  2011.8054         -155.88            1.03
  2011.8082         -156.37            1.02
  2011.8109         -154.30            1.03
  2011.8137         -157.19            1.70
  2011.8164         -153.53            1.21
  2011.8192         -155.17            1.02
  2011.8219         -156.25            1.01
  2011.8247         -154.77            1.03
  2011.8274         -153.72            1.01
  2011.8301         -155.80            1.00
  2011.8329         -156.36            1.00
  2011.8356         -158.69            1.05
  2011.8384         -156.97            1.05
  2011.8411         -157.61            1.05
  2011.8439         -156.30            1.05
  2011.8466         -157.04            1.08
  2011.8494         -156.27            1.05
  2011.8521         -156.11            1.05
  2011.8547         -156.84            1.18
  2011.8575         -159.94            1.17
  2011.8602         -156.52            1.12
  2011.8630         -157.18            1.06
  2011.8657         -158.60            1.10
  2011.8685         -158.24            1.08
  2011.8712         -156.60            1.13
  2011.8740         -157.32            1.15
  2011.8767         -157.70            1.16
  2011.8794         -157.86            1.11
  2011.8822         -159.10            1.12
  2011.8849         -157.91            1.07
  2011.8877         -157.78            1.11
  2011.8904         -159.11            1.12
  2011.8932         -155.62            1.08
  2011.8959         -158.51            1.12
  2011.8987         -153.21            1.02
  2011.9014         -155.89            1.03
  2011.9041         -159.74            1.00
  2011.9069         -160.35            1.05
  2011.9095         -158.18            1.08
  2011.9124         -159.65            1.10
  2011.9150         -157.94            1.07
  2011.9178         -160.19            1.11
  2011.9205         -159.90            1.07
  2011.9233         -157.15            1.05
  2011.9260         -160.20            1.10
  2011.9287         -159.03            1.30
  2011.9315         -158.84            1.15
  2011.9342         -159.99            1.13
  2011.9370         -158.07            1.19
  2011.9397         -158.32            1.11
  2011.9425         -159.48            1.12
  2011.9452         -157.64            1.09
  2011.9480         -157.36            1.15
  2011.9507         -158.64            1.05
  2011.9534         -157.35            1.09
  2011.9562         -157.71            1.10
  2011.9589         -158.17            1.10
  2011.9617         -158.71            1.07
  2011.9644         -158.73            1.09
  2011.9672         -158.87            1.09
  2011.9698         -159.48            1.07
  2011.9727         -163.31            1.08
  2011.9753         -159.15            1.08
  2011.9780         -159.79            1.01
  2011.9808         -160.34            1.03
  2011.9835         -157.41            0.96
  2011.9863         -156.59            1.02
  2011.9890         -156.31            1.00
  2011.9918         -156.78            1.06
  2011.9945         -158.43            1.00
  2011.9973         -157.58            1.00
  2012.0000         -156.55            1.00
  2012.0027         -156.59            1.04
  2012.0055         -156.46            1.03
  2012.0082         -155.31            1.01
  2012.0110         -155.57            1.03
  2012.0137         -155.06            1.08
  2012.0165         -156.56            1.02
  2012.0192         -160.96            1.06
  2012.0220         -159.64            1.11
  2012.0247         -159.65            1.26
  2012.0273         -160.33            1.28
  2012.0302         -155.56            1.12
  2012.0328         -157.99            1.04
  2012.0356         -157.44            0.99
  2012.0383         -156.74            1.00
  2012.0411         -157.40            1.19
  2012.0438         -157.68            1.01
  2012.0466         -156.00            1.13
  2012.0493         -159.13            1.17
  2012.0520         -156.54            1.07
  2012.0548         -154.12            1.20
  2012.0603         -157.03            1.17
  2012.0630         -153.93            1.17
  2012.0658         -156.44            1.13
  2012.0685         -158.48            1.46
  2012.0713         -157.88            1.48
  2012.0740         -158.62            1.30
  2012.0767         -156.87            1.50
  2012.0795         -159.40            1.24
  2012.0822         -160.88            1.20
  2012.0850         -158.04            1.11
  2012.0876         -157.21            1.13
  2012.0905         -159.60            1.14
  2012.0931         -158.11            1.07
  2012.0959         -157.65            1.14
  2012.0986         -157.18            1.10
  2012.1013         -155.74            1.15
  2012.1041         -157.74            1.19
  2012.1068         -157.20            1.08
  2012.1096         -157.40            1.04
  2012.1123         -158.14            1.02
  2012.1151         -158.44            1.10
  2012.1178         -158.86            1.19
  2012.1206         -160.36            1.22
  2012.1233         -157.98            1.12
  2012.1260         -154.61            1.11
  2012.1288         -158.81            1.15
  2012.1315         -158.64            1.17
  2012.1343         -159.85            1.17
  2012.1370         -154.36            1.16
  2012.1398         -158.86            1.14
  2012.1425         -157.86            1.00
  2012.1453         -157.17            1.02
  2012.1479         -158.27            0.99
  2012.1506         -158.60            1.05
  2012.1534         -155.30            1.07
  2012.1561         -161.03            1.12
  2012.1589         -158.31            1.10
  2012.1616         -159.70            1.05
  2012.1644         -158.75            1.04
  2012.1671         -158.98            1.06
  2012.1699         -161.89            0.99
  2012.1726         -159.35            1.06
  2012.1753         -161.18            1.04
  2012.1781         -160.78            1.19
  2012.1808         -158.65            1.02
  2012.1836         -156.96            1.19
  2012.1863         -161.19            0.99
  2012.1891         -157.76            1.03
  2012.1918         -157.35            1.05
  2012.1946         -156.92            1.09
  2012.1973         -158.15            1.12
  2012.2000         -159.11            1.08
  2012.2028         -160.45            1.05
  2012.2054         -158.84            0.99
  2012.2083         -161.04            1.05
  2012.2109         -157.54            1.08
  2012.2137         -159.47            0.99
  2012.2164         -159.61            1.09
  2012.2192         -157.18            1.00
  2012.2219         -158.74            1.03
  2012.2246         -159.56            0.95
  2012.2274         -158.43            0.99
  2012.2301         -157.79            0.98
  2012.2329         -157.35            1.02
  2012.2356         -158.04            0.99
  2012.2384         -158.78            1.00
  2012.2411         -157.70            1.00
  2012.2439         -158.34            1.01
  2012.2466         -159.49            0.91
  2012.2493         -160.09            1.06
  2012.2521         -160.27            0.99
  2012.2548         -159.86            0.98
  2012.2576         -160.13            0.95
  2012.2603         -160.81            1.11
  2012.2631         -158.61            1.05
  2012.2657         -159.53            0.97
  2012.2684         -161.47            1.02
  2012.2712         -158.56            1.06
  2012.2739         -159.73            1.01
  2012.2767         -158.37            1.00
  2012.2794         -157.88            0.99
  2012.2822         -160.69            0.94
  2012.2849         -158.69            1.12
  2012.2877         -158.17            1.05
  2012.2904         -158.14            1.08
  2012.2931         -158.40            1.01
  2012.2959         -158.71            1.02
  2012.2986         -161.70            1.08
  2012.3014         -160.05            0.96
  2012.3041         -159.59            0.96
  2012.3069         -158.45            1.02
  2012.3096         -159.58            0.88
  2012.3124         -158.64            0.94
  2012.3151         -158.29            1.01
  2012.3177         -158.96            0.95
  2012.3206         -159.82            0.95
  2012.3232         -159.12            0.95
  2012.3260         -160.33            0.96
  2012.3287         -159.73            0.90
  2012.3315         -160.49            0.96
  2012.3342         -161.84            0.89
  2012.3370         -162.35            0.95
  2012.3397         -158.23            0.93
  2012.3424         -159.45            0.90
  2012.3452         -160.55            0.92
  2012.3479         -162.69            1.06
  2012.3507         -160.95            0.94
  2012.3534         -161.54            0.92
  2012.3562         -161.37            0.94
  2012.3589         -160.40            0.98
  2012.3617         -161.66            1.06
  2012.3644         -160.79            0.93
  2012.3671         -162.91            0.95
  2012.3699         -162.06            0.97
  2012.3726         -159.18            0.99
  2012.3754         -162.33            1.01
  2012.3781         -161.17            0.99
  2012.3809         -160.03            0.93
  2012.3835         -161.79            1.04
  2012.3864         -161.88            1.00
  2012.3890         -161.57            0.95
  2012.3917         -160.42            0.96
  2012.3945         -161.85            0.97
  2012.3972         -161.09            0.95
  2012.4000         -161.88            0.95
  2012.4027         -161.46            1.02
  2012.4055         -164.44            1.08
  2012.4110         -165.02            1.00
  2012.4137         -160.41            0.96
  2012.4164         -160.35            0.94
  2012.4192         -165.88            1.00
  2012.4219         -170.46            1.83
  2012.4247         -163.27            1.43
  2012.4274         -163.26            0.99
  2012.4302         -162.29            0.97
  2012.4329         -162.14            0.92
  2012.4357         -162.83            0.88
  2012.4384         -161.86            0.89
  2012.4410         -163.95            1.02
  2012.4438         -162.49            0.90
  2012.4465         -161.70            0.98
  2012.4493         -163.07            1.02
  2012.4520         -165.00            1.06
  2012.4548         -162.59            0.99
  2012.4575         -162.75            0.97
  2012.4603         -162.81            0.97
  2012.4630         -163.55            1.01
  2012.4657         -164.38            0.96
  2012.4685         -163.10            0.97
  2012.4712         -168.59            1.70
  2012.4795         -161.15            1.88
  2012.4822         -164.86            1.00
  2012.4850         -164.08            0.91
  2012.4877         -164.55            0.92
  2012.4904         -163.11            0.98
  2012.4932         -165.84            0.97
  2012.4958         -166.09            0.98
  2012.4987         -164.07            1.00
  2012.5013         -163.60            1.01
  2012.5042         -163.10            0.97
  2012.5068         -164.07            0.94
  2012.5096         -165.96            1.00
  2012.5123         -165.83            1.09
  2012.5150         -160.24            1.04
  2012.5178         -163.54            1.02
  2012.5205         -162.36            1.74
  2012.5233         -164.58            0.99
  2012.5260         -163.06            0.93
  2012.5288         -162.49            0.95
  2012.5315         -164.74            0.94
  2012.5343         -162.76            0.94
  2012.5370         -162.52            0.88
  2012.5397         -162.93            0.91
  2012.5425         -162.84            0.94
  2012.5452         -162.57            0.96
  2012.5480         -163.45            0.98
  2012.5507         -162.53            1.04
  2012.5535         -165.45            0.95
  2012.5562         -163.98            0.96
  2012.5590         -163.44            0.94
  2012.5616         -163.58            0.96
  2012.5643         -162.24            0.93
  2012.5671         -161.90            0.92
  2012.5698         -162.30            0.92
  2012.5726         -162.46            0.95
  2012.5753         -164.14            0.93
  2012.5781         -161.61            0.95
  2012.5808         -160.78            0.95
  2012.5836         -162.11            0.92
  2012.5863         -161.50            1.00
  2012.5890         -160.48            0.96
  2012.5918         -161.46            0.96
  2012.5945         -160.80            0.92
  2012.5973         -160.86            1.45
  2012.6000         -163.26            0.96
  2012.6028         -161.60            0.96
  2012.6055         -160.38            0.92
  2012.6083         -161.17            0.98
  2012.6110         -160.73            0.87
  2012.6136         -159.80            0.98
  2012.6165         -162.08            1.00
  2012.6191         -160.75            1.00
  2012.6219         -161.20            1.04
  2012.6246         -159.62            1.04
  2012.6274         -160.94            1.02
  2012.6301         -161.10            1.08
  2012.6329         -161.63            0.99
  2012.6356         -161.33            1.00
  2012.6383         -161.71            1.00
  2012.6411         -163.50            1.00
  2012.6438         -161.00            1.03
  2012.6466         -162.97            0.99
  2012.6493         -161.03            0.95
  2012.6521         -160.18            1.00
  2012.6548         -161.37            0.93
  2012.6576         -161.79            0.93
  2012.6603         -161.26            0.97
  2012.6630         -163.38            1.07
  2012.6658         -163.44            0.94
  2012.6685         -163.10            1.00
  2012.6713         -164.86            0.98
  2012.6740         -161.17            1.04
  2012.6768         -162.49            1.02
  2012.6794         -162.54            0.99
  2012.6823         -161.27            1.07
  2012.6849         -163.03            1.02
  2012.6876         -163.05            1.04
  2012.6904         -162.71            1.00
  2012.6931         -161.63            0.97
  2012.6959         -162.56            1.00
  2012.6986         -162.96            0.97
  2012.7014         -161.88            1.00
  2012.7041         -163.37            1.08
  2012.7069         -164.27            0.97
  2012.7096         -164.70            1.02
  2012.7123         -164.58            1.02
  2012.7151         -162.80            1.06
  2012.7178         -162.82            1.10
  2012.7206         -163.30            1.01
  2012.7233         -161.05            1.02
  2012.7261         -162.37            1.03
  2012.7288         -162.25            0.99
  2012.7316         -165.22            1.00
  2012.7343         -164.17            1.08
  2012.7369         -162.38            1.08
  2012.7397         -164.14            1.03
  2012.7424         -164.56            0.95
  2012.7452         -164.77            1.00
  2012.7479         -164.04            1.08
  2012.7507         -165.35            1.08
  2012.7534         -165.35            1.17
  2012.7561         -164.35            1.07
  2012.7589         -166.21            1.07
  2012.7616         -165.13            1.10
  2012.7644         -164.87            1.05
  2012.7671         -163.37            1.08
  2012.7699         -163.95            1.14
  2012.7726         -163.23            1.06
  2012.7754         -165.94            1.19
  2012.7781         -165.25            1.00
  2012.7808         -164.88            1.03
  2012.7836         -163.67            1.00
  2012.7863         -165.90            0.99
  2012.7891         -164.29            1.05
  2012.7917         -165.17            1.10
  2012.7946         -164.53            1.12
  2012.7972         -166.39            1.03
  2012.8000         -167.03            1.01
  2012.8027         -163.93            1.13
  2012.8054         -164.85            1.17
  2012.8082         -165.75            1.21
  2012.8109         -167.62            1.17
  2012.8137         -167.52            1.17
  2012.8164         -166.42            1.06
  2012.8192         -165.88            1.10
  2012.8219         -169.73            1.19
  2012.8247         -164.76            1.19
  2012.8274         -164.49            1.12
  2012.8301         -164.97            1.27
  2012.8329         -163.14            1.13
  2012.8356         -161.85            1.08
  2012.8384         -165.76            1.06
  2012.8411         -163.44            1.04
  2012.8439         -163.90            1.18
  2012.8466         -164.45            1.09
  2012.8494         -164.66            1.10
  2012.8521         -165.25            1.10
  2012.8547         -164.65            1.10
  2012.8575         -167.83            1.14
  2012.8602         -165.27            1.18
  2012.8630         -165.44            1.15
  2012.8657         -165.51            1.07
  2012.8685         -165.00            1.11
  2012.8712         -166.71            0.99
  2012.8740         -163.82            1.07
  2012.8767         -164.14            1.02
  2012.8794         -165.40            1.11
  2012.8822         -164.22            1.11
  2012.8849         -164.38            1.07
  2012.8877         -164.61            1.03
  2012.8904         -162.78            1.06
  2012.8932         -162.67            1.19
  2012.8959         -170.01            1.19
  2012.8987         -163.15            1.12
  2012.9014         -164.53            1.10
  2012.9041         -164.50            4.28
  2012.9069         -165.46            1.14
  2012.9095         -165.89            1.08
  2012.9124         -165.57            1.09
  2012.9150         -166.34            1.32
  2012.9178         -166.21            1.16
  2012.9205         -164.79            1.16
  2012.9233         -166.80            1.82
  2012.9260         -166.71            1.31
  2012.9287         -165.66            1.20
  2012.9315         -166.28            1.20
  2012.9342         -169.24            1.41
  2012.9370         -167.28            1.25
  2012.9397         -165.76            1.13
  2012.9425         -165.30            1.11
  2012.9452         -167.21            1.21
  2012.9480         -166.73            1.17
  2012.9507         -168.52            1.20
  2012.9534         -168.18            1.14
  2012.9562         -168.59            1.16
  2012.9589         -166.10            1.17
  2012.9617         -169.29            1.26
  2012.9644         -166.40            1.15
  2012.9672         -168.12            1.40
  2012.9698         -171.74            1.39
  2012.9727         -166.19            1.29
  2012.9753         -167.85            1.17
  2012.9780         -172.08            1.19
  2012.9808         -169.61            1.18
  2012.9835         -170.07            1.47
  2012.9863         -167.84            1.28
  2012.9890         -166.90            1.17
  2012.9918         -165.61            1.10
  2012.9945         -167.22            1.09
  2012.9973         -167.93            1.07
  2013.0000         -167.85            1.13
  2013.0027         -168.89            1.30
  2013.0027         -166.58            0.93
  2013.0055         -167.27            0.92
  2013.0082         -167.59            1.00
  2013.0110         -166.50            0.99
  2013.0137         -167.79            1.08
  2013.0165         -167.58            1.07
  2013.0192         -164.17            1.10
  2013.0220         -166.52            0.97
  2013.0247         -168.14            1.06
  2013.0273         -166.75            0.99
  2013.0302         -162.36            1.05
  2013.0328         -167.87            1.03
  2013.0356         -166.12            1.02
  2013.0383         -167.07            0.99
  2013.0411         -169.30            1.08
  2013.0438         -166.71            1.12
  2013.0466         -167.34            1.21
  2013.0493         -167.92            1.04
  2013.0520         -164.83            1.00
  2013.0548         -166.19            0.98
  2013.0575         -169.06            1.03
  2013.0603         -168.78            1.06
  2013.0630         -166.04            1.05
  2013.0658         -169.83            1.09
  2013.0685         -166.54            1.02
  2013.0713         -167.82            0.96
  2013.0740         -167.75            0.98
  2013.0767         -168.50            1.00
  2013.0795         -166.96            1.00
  2013.0822         -167.29            1.03
  2013.0850         -167.26            1.06
  2013.0876         -164.24            1.12
  2013.0905         -166.91            1.08
  2013.0931         -165.92            0.99
  2013.0959         -166.83            0.97
  2013.0986         -165.94            1.01
  2013.1013         -166.01            1.15
  2013.1041         -166.16            1.02
  2013.1068         -166.29            1.00
  2013.1096         -166.39            1.05
  2013.1123         -164.44            1.13
  2013.1151         -166.43            1.13
  2013.1178         -166.27            1.12
  2013.1206         -166.71            1.05
  2013.1233         -165.46            1.11
  2013.1260         -170.17            1.09
  2013.1288         -169.55            1.18
  2013.1315         -163.65            1.07
  2013.1343         -164.68            0.99
  2013.1370         -164.82            0.93
  2013.1398         -165.85            0.99
  2013.1425         -165.85            1.07
  2013.1453         -164.72            1.01
  2013.1479         -163.52            1.06
  2013.1506         -167.13            0.98
  2013.1534         -166.03            0.97
  2013.1561         -167.32            0.94
  2013.1589         -167.12            0.97
  2013.1616         -166.48            1.02
  2013.1644         -166.33            1.03
  2013.1671         -166.40            0.99
  2013.1699         -165.87            0.96
  2013.1726         -166.07            0.97
  2013.1753         -167.03            1.08
  2013.1781         -164.05            1.09
  2013.1808         -164.59            1.03
  2013.1863         -174.40            1.15
  2013.1918         -167.53            1.11
  2013.2000         -165.49            0.95
  2013.2028         -165.40            0.97
  2013.2054         -165.66            1.06
  2013.2083         -165.76            1.03
  2013.2109         -165.83            0.93
  2013.2164         -168.13            1.10
  2013.2192         -166.55            0.97
  2013.2219         -165.43            0.91
  2013.2246         -167.14            0.94
  2013.2274         -164.74            1.05
  2013.2301         -167.40            1.06
  2013.2329         -165.95            1.02
  2013.2356         -165.29            0.96
  2013.2384         -166.65            0.92
  2013.2411         -165.99            1.07
  2013.2439         -165.30            1.00
  2013.2466         -166.18            1.02
  2013.2493         -160.72            1.05
  2013.2548         -168.82            1.03
  2013.2576         -169.18            0.96
  2013.2603         -169.38            1.05
  2013.2631         -165.81            1.04
  2013.2657         -165.87            2.12
  2013.2684         -168.25            1.01
  2013.2712         -166.26            1.14
  2013.2794         -164.75            0.96
  2013.2822         -166.12            0.94
  2013.2849         -167.38            0.95
  2013.2877         -167.55            0.97
  2013.2904         -168.75            0.96
  2013.2931         -167.82            0.95
  2013.2959         -168.08            0.98
  2013.2986         -167.88            0.96
  2013.3014         -168.93            0.97
  2013.3041         -166.96            1.00
  2013.3069         -167.86            1.03
  2013.3096         -168.48            0.99
  2013.3124         -167.47            1.00
  2013.3151         -168.62            0.96
  2013.3177         -168.73            1.02
  2013.3206         -169.67            0.99
  2013.3232         -167.78            1.04
  2013.3260         -169.10            0.95
  2013.3287         -166.53            0.93
  2013.3315         -167.35            1.01
  2013.3342         -168.04            1.03
  2013.3370         -170.33            1.13
  2013.3397         -167.59            0.98
  2013.3424         -168.88            0.94
  2013.3452         -171.42            1.04
  2013.3479         -167.19            0.98
  2013.3562         -167.98            1.09
  2013.3589         -169.24            0.96
  2013.3617         -169.04            1.81
  2013.3644         -175.95            0.94
  2013.3671         -170.95            0.93
  2013.3699         -169.82            0.91
  2013.3726         -169.75            0.90
  2013.3754         -170.36            0.92
  2013.3781         -168.51            0.98
  2013.3809         -168.92            1.52
  2013.3835         -170.43            0.96
  2013.3864         -169.88            0.92
  2013.3890         -170.82            0.93
  2013.3917         -172.23            0.94
  2013.3945         -169.97            0.94
  2013.4000         -173.21            0.99
  2013.4027         -171.66            1.00
  2013.4055         -172.65            1.07
  2013.4082         -167.85            1.12
  2013.4137         -175.73            1.86
  2013.4164         -174.43            1.68
  2013.4192         -161.43            2.65
  2013.4219         -164.43            1.43
  2013.4247         -164.29            1.13
  2013.4274         -169.64            1.40
  2013.4302         -170.91            0.92
  2013.4329         -171.29            0.96
  2013.4357         -170.33            0.93
  2013.4384         -170.74            0.95
  2013.4410         -170.55            0.91
  2013.4438         -170.72            0.94
  2013.4465         -174.88            0.97
  2013.4493         -173.95            0.96
  2013.4520         -170.18            0.95
  2013.4548         -173.12            1.02
  2013.4575         -171.33            0.96
  2013.4603         -172.07            0.94
  2013.4630         -170.88            0.97
  2013.4657         -170.55            0.94
  2013.4685         -171.46            0.93
  2013.4712         -171.63            1.00
  2013.4740         -170.42            0.91
  2013.4767         -169.04            0.93
  2013.4795         -167.61            0.92
  2013.4822         -168.72            0.90
  2013.4850         -168.45            0.95
  2013.4877         -169.77            1.03
  2013.4904         -171.80            1.01
  2013.4932         -168.48            0.97
  2013.4958         -170.12            1.22
  2013.4987         -170.70            1.39
  2013.5013         -173.04            4.00
  2013.5042         -172.43            1.46
  2013.5068         -169.84            1.38
  2013.5096         -169.23            0.95
  2013.5123         -169.56            0.89
  2013.5150         -168.78            0.90
  2013.5178         -168.05            0.90
  2013.5205         -168.36            0.97
  2013.5233         -168.74            0.95
  2013.5260         -170.13            0.87
  2013.5288         -169.34            1.18
  2013.5315         -171.02            1.07
  2013.5343         -165.84            1.87
  2013.5370         -165.78            1.36
  2013.5397         -169.25            0.89
  2013.5425         -170.39            0.96
  2013.5452         -168.39            0.91
  2013.5480         -167.88            0.91
  2013.5507         -166.66            0.98
  2013.5535         -168.50            0.89
  2013.5562         -169.13            0.87
  2013.5590         -168.81            0.87
  2013.5616         -168.87            0.87
  2013.5643         -169.79            0.86
  2013.5671         -169.12            0.97
  2013.5698         -169.21            0.87
  2013.5726         -169.05            0.86
  2013.5753         -168.65            0.87
  2013.5781         -168.20            0.90
  2013.5808         -168.39            0.87
  2013.5836         -168.66            0.83
  2013.5863         -168.12            0.87
  2013.5890         -168.40            0.92
  2013.5918         -168.82            0.94
  2013.5945         -168.37            0.93
  2013.5973         -168.65            2.32
  2013.6000         -170.00            1.52
  2013.6028         -170.50            0.98
  2013.6055         -168.53            0.88
  2013.6083         -169.71            0.92
  2013.6110         -173.86            0.95
  2013.6136         -172.35            0.94
  2013.6165         -169.45            0.84
  2013.6191         -169.90            0.89
  2013.6219         -171.51            0.93
  2014.0027         -172.50            1.16
  2014.0055         -169.64            1.24
  2014.0082         -172.66            1.10
  2014.0110         -173.90            1.11
  2014.0137         -171.95            1.07
  2014.0165         -172.98            1.11
  2014.0192         -170.82            1.15
  2014.0220         -170.05            1.14
  2014.0247         -174.07            1.16
  2014.0273         -171.04            1.16
  2014.0302         -171.47            1.05
  2014.0328         -168.79            1.11
  2014.0356         -170.25            1.07
  2014.0383         -170.69            1.16
  2014.0411         -173.41            1.12
  2014.0438         -171.22            1.10
  2014.0466         -174.52            1.19
  2014.0493         -173.36            1.13
  2014.0548         -176.45            1.11
  2014.0575         -178.75            1.16
  2014.0603         -172.52            1.13
  2014.0630         -174.41            1.18
  2014.0658         -172.16            1.17
  2014.0685         -171.48            1.06
  2014.0713         -175.01            1.10
  2014.0740         -172.64            1.11
  2014.0767         -171.28            1.18
  2014.0795         -169.73            1.16
  2014.0822         -173.59            1.15
  2014.0850         -172.77            1.13
  2014.0876         -171.52            1.15
  2014.0905         -178.06            1.14
  2014.0931         -173.57            1.21
  2014.0959         -172.33            1.16
  2014.0986         -174.23            1.23
  2014.1013         -171.03            1.11
  2014.1041         -171.58            1.10
  2014.1068         -175.81            1.13
  2014.1096         -176.54            1.15
  2014.1123         -175.71            1.12
  2014.1151         -169.98            1.16
  2014.1178         -174.85            1.15
  2014.1206         -172.17            1.14
  2014.1233         -177.41            1.16
  2014.1260         -170.46            1.08
  2014.1288         -169.47            1.09
  2014.1315         -171.46            1.12
  2014.1343         -171.34            1.09
  2014.1370         -173.86            1.21
  2014.1398         -172.39            1.22
  2014.1425         -171.17            1.20
  2014.1453         -171.94            1.19
  2014.1479         -172.07            1.09
  2014.1506         -169.28            1.04
  2014.1534         -170.14            1.18
  2014.1561         -170.91            1.15
  2014.1589         -172.05            1.12
  2014.1616         -170.70            1.06
  2014.1644         -171.91            1.13
  2014.1671         -170.55            1.16
  2014.1699         -170.15            1.24
  2014.1726         -174.52            1.20
  2014.1753         -171.94            1.19
  2014.1781         -169.73            1.12
  2014.1808         -172.26            1.07
  2014.1836         -173.72            1.15
  2014.1863         -170.73            1.22
  2014.1891         -174.95            1.16
  2014.1918         -176.33            1.14
  2014.1946         -171.11            1.08
  2014.1973         -171.28            1.08
  2014.2000         -171.73            1.13
  2014.2028         -172.70            1.17
  2014.2054         -173.26            1.19
  2014.2083         -174.56            1.20
  2014.2109         -172.67            1.05
  2014.2137         -173.87            1.13
  2014.2164         -175.76            1.20
  2014.2192         -170.37            1.16
  2014.2219         -175.31            1.10
  2014.2246         -173.71            1.02
  2014.2274         -173.59            1.12
  2014.2301         -173.65            1.12
  2014.2329         -171.58            1.05
  2014.2356         -171.84            1.13
  2014.2384         -174.48            1.13
  2014.2411         -177.33            1.15
  2014.2439         -176.41            1.16
  2014.2466         -176.11            1.19
  2014.2493         -173.27            1.05
  2014.2521         -171.92            1.03
  2014.2548         -172.98            1.10
  2014.2576         -174.12            1.06
  2014.2603         -170.88            1.12
  2014.2631         -175.40            1.06
  2014.2657         -174.96            1.13
  2014.2684         -177.39            1.17
  2014.2712         -173.11            1.11
  2014.2739         -178.89            1.07
  2014.2767         -175.94            1.12
  2014.2794         -171.91            1.58
