  2008.0027            0.00            1.72
  2008.0055          -10.23            1.82
  2008.0082           -6.52            1.72
  2008.0110           -8.24            1.57
  2008.0137           -9.16            1.63
  2008.0165          -14.78            1.76
  2008.0192           -5.64            1.77
  2008.0220           -1.42            1.82
  2008.0247           -9.41            1.86
  2008.0273          -17.26            1.84
  2008.0302           -0.00            1.66
  2008.0328           -1.52            1.64
  2008.0356            4.81            1.70
  2008.0383           -1.31            1.72
  2008.0411           -4.13            1.69
  2008.0438           -3.12            1.76
  2008.0466           -7.99            1.62
  2008.0493           -6.62            1.71
  2008.0520          -10.21            1.61
  2008.0548           -4.01            1.67
  2008.0575          -10.28            1.64
  2008.0603           -4.65            1.74
  2008.0630           -2.17            1.68
  2008.0658           -2.34            1.66
  2008.0685           -6.75            1.70
  2008.0713            6.29            1.71
  2008.0740          -14.64            1.63
  2008.0767           -6.69            1.69
  2008.0795           -9.88            1.65
  2008.0822            0.35            1.67
  2008.0850          -17.07            1.74
  2008.0876            1.27            1.72
  2008.0905           -1.16            1.65
  2008.0931           -5.55            1.67
  2008.0959           -6.42            1.66
  2008.0986           -8.99            1.71
  2008.1013           -1.21            1.77
  2008.1041           -4.77            1.65
  2008.1068          -13.96            1.67
  2008.1096           -5.88            1.69
  2008.1123            0.78            1.61
  2008.1151           -5.70            1.66
  2008.1178           -3.94            1.60
  2008.1206            1.73            1.66
  2008.1233            1.81            1.65
  2008.1260           -0.45            1.70
  2008.1288           -2.03            1.70
  2008.1315            2.23            1.73
  2008.1343          -16.32            1.72
  2008.1370           -2.58            1.70
  2008.1398           -8.61            1.80
  2008.1425            3.92            1.72
  2008.1453           -3.52            1.66
  2008.1479           -7.13            1.70
  2008.1506            0.89            1.66
  2008.1534            5.03            1.70
  2008.1561           -2.88            1.62
  2008.1589           -8.46            1.67
  2008.1616           -1.82            1.74
  2008.1644           -6.30            1.70
  2008.1671          -11.11            1.66
  2008.1699            0.07            1.65
  2008.1726            4.42            1.58
  2008.1753            7.13            1.56
  2008.1781            1.66            1.57
  2008.1808            1.68            1.62
  2008.1836            2.75            1.61
  2008.1863           -2.42            1.56
  2008.1891            4.91            1.60
  2008.1918            4.23            1.62
  2008.1946           -4.79            1.54
  2008.1973            3.33            1.61
  2008.2000            1.46            1.53
  2008.2028            7.98            1.57
  2008.2054           12.29            1.60
  2008.2083            0.62            2.20
  2008.2109            1.97            1.60
  2008.2137            7.78            1.71
  2008.2164           -1.29            1.64
  2008.2192           -3.20            1.56
  2008.2219           -3.58            1.59
  2008.2246           -1.23            1.62
  2008.2274            6.00            1.60
  2008.2301            6.50            1.64
  2008.2329           15.25            1.61
  2008.2356           10.09            1.65
  2008.2384            3.48            1.74
  2008.2411            4.19            1.61
  2008.2439            7.33            1.61
  2008.2466            8.44            1.56
  2008.2493           10.17            1.59
  2008.2521            3.32            1.65
  2008.2548            4.76            1.57
  2008.2576            8.77            1.63
  2008.2603            9.43            1.62
  2008.2631            4.66            1.54
  2008.2657            0.37            1.53
  2008.2684            9.22            1.63
  2008.2712            3.48            1.60
  2008.2739           10.01            1.55
  2008.2767            4.79            1.59
  2008.2794            1.95            1.62
  2008.2822           -6.20            1.60
  2008.2849           -9.04            1.57
  2008.2877            4.30            1.54
  2008.2904            7.74            1.53
  2008.2931            5.27            1.56
  2008.2959           -1.48            1.49
  2008.2986           -1.34            1.47
  2008.3014            3.70            1.53
  2008.3041            5.39            1.59
  2008.3069            6.86            1.54
  2008.3096           -1.39            1.57
  2008.3124            6.79            1.56
  2008.3151            4.47            1.57
  2008.3177            8.15            1.60
  2008.3206            7.00            1.74
  2008.3232           -1.51            1.70
  2008.3260           -0.58            1.79
  2008.3287           44.86           15.75
  2008.3315            8.81            1.57
  2008.3342            4.70            1.55
  2008.3370            7.88            1.58
  2008.3397            8.55            1.61
  2008.3424           12.75            1.56
  2008.3452            8.86            1.59
  2008.3479            1.58            1.55
  2008.3507            1.04            1.50
  2008.3534           -1.67            1.68
  2008.3562            6.01            1.65
  2008.3589            7.98            1.56
  2008.3617            8.54            1.56
  2008.3644            5.22            1.52
  2008.3671            8.65            1.59
  2008.3699           -7.29            2.01
  2008.3726            9.39            1.59
  2008.3754            8.21            1.54
  2008.3781           -5.18            1.65
  2008.3809           -8.90            1.69
  2008.3835           -9.56            1.69
  2008.3864          -13.32            1.78
  2008.3890           -6.23            1.74
  2008.3917           -9.57            1.70
  2008.3945           -1.85            1.71
  2008.3972           -2.01            1.58
  2008.4000          -13.61            1.61
  2008.4027          -11.07            1.64
  2008.4055           -2.97            1.73
  2008.4082          -11.15            1.77
  2008.4110          -12.45            1.57
  2008.4137          -12.01            1.58
  2008.4164          -11.33            1.54
  2008.4192           -7.64            1.56
  2008.4219          -11.62            1.57
  2008.4247          -15.77            1.97
  2008.4274          -14.99            1.91
  2008.4302          -29.36            2.03
  2008.4329          -10.92            1.67
  2008.4357          -15.41            1.57
  2008.4384          -28.18            1.66
  2008.4410          -17.44            2.27
  2008.4438          -25.61            1.75
  2008.4465          -11.60            1.86
  2008.4493          -13.97            1.54
  2008.4520          -12.10            1.59
  2008.4548          -31.17            2.12
  2008.4575          -13.30            1.55
  2008.4603          -12.61            1.79
  2008.4630            3.21            1.83
  2008.4657          -15.55            1.64
  2008.4685          -15.90            1.87
  2008.4712          -10.53            1.65
  2008.4740          -11.68            1.45
  2008.4767           -8.83            1.53
  2008.4795           -7.00            1.46
  2008.4822           -9.94            1.47
  2008.4850           -5.58            1.48
  2008.4877           -6.15            1.60
  2008.4904           -9.25            1.50
  2008.4932           -4.32            1.45
  2008.4958           -2.70            1.53
  2008.4987          -14.22            1.53
  2008.5013           -9.54            1.51
  2008.5042           -8.15            1.45
  2008.5068           -7.45            1.45
  2008.5096           -9.20            1.48
  2008.5123          -13.94            1.56
  2008.5150          -10.47            1.46
  2008.5178          -10.82            1.50
  2008.5205          -14.01            1.41
  2008.5233          -11.07            1.40
  2008.5260           -9.16            1.44
  2008.5288          -11.90            1.54
  2008.5315          -15.69            1.59
  2008.5343          -17.05            1.51
  2008.5370          -14.22            1.47
  2008.5397          -10.12            1.48
  2008.5425          -20.57            1.55
  2008.5452          -26.02            1.54
  2008.5480           -8.75            1.49
  2008.5507           -4.33            1.56
  2008.5535           -5.86            1.46
  2008.5562           -8.96            1.57
  2008.5590           -8.67            1.51
  2008.5616            8.33            1.61
  2008.5643           -3.63            1.52
  2008.5671           -1.62            1.52
  2008.5698           -8.83            1.51
  2008.5726           -6.79            1.54
  2008.5753           -2.32            1.52
  2008.5781           -4.65            1.49
  2008.5808           -8.49            1.58
  2008.5836           -5.43            1.48
  2008.5890          -13.23            1.46
  2008.5918          -17.33            1.54
  2008.5945           30.71            1.68
  2008.5973          -12.89            1.54
  2008.6000          -46.59            1.57
  2008.6028          -49.06            1.65
  2008.6055           -5.18            1.55
  2008.6083            1.69            4.65
  2008.6110          -13.14            1.45
  2008.6136          -11.21            1.56
  2008.6165           -6.39            1.47
  2008.6191           -9.41            1.40
  2008.6219           -7.87            1.54
  2008.6246          -20.93            1.56
  2008.6274          -17.37            1.58
  2008.6301           -5.23            1.51
  2008.6329          -11.02            1.53
  2008.6356          -11.65            1.45
  2008.6383          -13.34            1.49
  2008.6411           -7.76            1.39
  2008.6438           -6.53            1.49
  2008.6466           -1.59            1.49
  2008.6493           -6.79            1.43
  2008.6521          -18.75            1.52
  2008.6548          -23.45            1.61
  2008.6576           13.27            1.59
  2008.6603           53.18            1.65
  2008.6630          -15.16            1.55
  2008.6658          -13.87            1.51
  2008.6685          -17.52            1.52
  2008.6713          -25.73            1.63
  2008.6740          -23.58            1.73
  2008.6768           -9.28            1.48
  2008.6794          -12.19            1.53
  2008.6823           -9.74            1.52
  2008.6849          -10.55            1.46
  2008.6876          -13.92            1.47
  2008.6904           -9.45            1.45
  2008.6931           -4.73            1.46
  2008.6959          -10.65            1.56
  2008.6986          -11.36            1.47
  2008.7014           -8.52            1.45
  2008.7041           -3.81            1.40
  2008.7069           -4.08            1.45
  2008.7096           -3.10            1.47
  2008.7123           -4.93            1.43
  2008.7151           -3.21            1.47
  2008.7178           -8.34            1.48
  2008.7206           -9.89            1.44
  2008.7233           -7.01            1.43
  2008.7261           -2.93            1.41
  2008.7288           -5.22            1.49
  2008.7316           -5.91            1.48
  2008.7343           -6.58            1.43
  2008.7369           -4.06            1.42
  2008.7397           -5.60            1.50
  2008.7424           -9.98            1.49
  2008.7452           -4.48            1.52
  2008.7479           -7.27            1.45
  2008.7507           -3.80            1.49
  2008.7534          -18.25            1.58
  2008.7561          -18.27            1.53
  2008.7589          -13.76            1.55
  2008.7616           -8.66            1.52
  2008.7644           -1.82            1.54
  2008.7671           -1.94            1.53
  2008.7699           -2.97            1.53
  2008.7726           -8.39            1.51
  2008.7754           -8.70            1.54
  2008.7781           -5.39            1.67
  2008.7808           -0.77            1.56
  2008.7836           -6.29            3.61
  2008.7863          -11.79            1.50
  2008.7891           -4.58            1.50
  2008.7917          -17.93            1.65
  2008.7946          -12.29            1.57
  2008.7972           -9.44            1.58
  2008.8000           -7.24            1.62
  2008.8027           -1.99            1.67
  2008.8054           -7.59            1.59
  2008.8082           -7.81            1.64
  2008.8109           -3.52            1.64
  2008.8137            1.44            1.57
  2008.8164           -7.18            1.53
  2008.8192            1.61            1.64
  2008.8219           -8.72            1.48
  2008.8247           -9.09            1.47
  2008.8274           -4.66            1.54
  2008.8301           -7.15            1.60
  2008.8329           -4.86            1.61
  2008.8356            3.11            1.55
  2008.8384            4.55            1.59
  2008.8411            1.64            1.62
  2008.8439           -5.86            1.62
  2008.8466           -0.43            1.67
  2008.8494           -1.99            1.64
  2008.8521           -2.19            1.67
  2008.8547          -18.09            1.62
  2008.8575          -15.94            1.69
  2008.8602            2.63            1.70
  2008.8630           -6.17            1.67
  2008.8657           -5.71            1.60
  2008.8685           -7.19            1.54
  2008.8712           -5.73            1.64
  2008.8740           -5.68            1.61
  2008.8767           -6.43            1.76
  2008.8794           -2.18            1.61
  2008.8822           -1.91            1.60
  2008.8849           -0.63            1.60
  2008.8877            3.48            1.57
  2008.8904           -3.92            1.63
  2008.8932           -2.60            1.59
  2008.8959            9.78            1.65
  2008.8987            0.15            1.65
  2008.9014            1.19            1.65
  2008.9041           -6.89            1.68
  2008.9069           15.99            1.64
  2008.9095           -9.54            1.73
  2008.9124            6.56            1.70
  2008.9150           -1.50            1.63
  2008.9178            0.55            1.65
  2008.9205           -4.36            1.64
  2008.9233           -3.15            1.55
  2008.9260           -7.54            1.60
  2008.9287            7.46            1.60
  2008.9315           -1.24            1.57
  2008.9342           -4.78            1.58
  2008.9370            8.36            1.61
  2008.9397            2.22            1.66
  2008.9425           -7.59            1.85
  2008.9452            0.89            1.56
  2008.9480            0.73            1.56
  2008.9507            3.90            1.63
  2008.9534           -6.27            1.59
  2008.9562            3.43            1.60
  2008.9589           11.61            1.61
  2008.9617           11.45            1.58
  2008.9644           -5.39            1.67
  2008.9672            4.84            1.63
  2008.9698            3.12            1.64
  2008.9727           -0.04            1.66
  2008.9753            2.09            1.64
  2008.9780           -2.83            1.58
  2008.9808            3.27            1.58
  2008.9835            6.84            1.60
  2008.9863            1.34            1.61
  2008.9890            3.01            1.59
  2008.9918            4.26            1.64
  2008.9945            3.39            1.66
  2008.9973           -5.37            1.72
  2009.0000            0.88            1.65
  2009.0027           -2.94            1.56
  2009.0027            4.97            1.57
  2009.0055           -6.16            1.57
  2009.0110           -0.78            1.54
  2009.0137            1.23            1.59
  2009.0165           -0.93            1.60
  2009.0220           -3.33            1.58
  2009.0247            8.63            1.51
  2009.0302           -4.20            1.56
  2009.0328            5.75            1.64
  2009.0356            5.62            1.57
  2009.0411            7.60            1.61
  2009.0438            7.77            1.63
  2009.0466           -8.68            1.64
  2009.0520            9.29            1.53
  2009.0548            1.12            1.55
  2009.0603            1.18            1.56
  2009.0630           17.03            1.55
  2009.0658            0.94            1.57
  2009.0713            5.27            1.50
  2009.0740            2.50            1.78
  2009.0767           10.10            1.51
  2009.0822            1.16            1.61
  2009.0850            6.26            1.60
  2009.0905            3.87            1.55
  2009.0931           13.31            1.57
  2009.0959            5.27            1.63
  2009.1013            6.08            1.58
  2009.1041            5.60            1.53
  2009.1068            4.48            1.58
  2009.1096            1.40            1.71
  2009.1123            4.50            1.69
  2009.1151           14.44            1.65
  2009.1206           15.33            1.57
  2009.1233           13.34            1.58
  2009.1260           16.58            1.59
  2009.1315           16.74            2.03
  2009.1343           12.95            1.56
  2009.1398            8.45            1.56
  2009.1425            9.37            1.61
  2009.1453            9.27            1.58
  2009.1506            7.14            1.56
  2009.1534            6.77            1.56
  2009.1561           10.24            1.63
  2009.1616            5.10            1.62
  2009.1644           25.37            2.95
  2009.1699            4.50            1.61
  2009.1726           10.70            1.65
  2009.1753           11.62            1.53
  2009.1808            8.28            1.60
  2009.1836           12.87            1.57
  2009.1863           16.87            1.57
  2009.1918           15.58            1.60
  2009.1946           16.48            1.53
  2009.2000            5.28            1.54
  2009.2028           15.37            1.51
  2009.2054           10.64            1.75
  2009.2083           12.53            1.53
  2009.2109           17.81            1.61
  2009.2137           16.72            1.58
  2009.2164           10.89            1.52
  2009.2192           12.66            1.52
  2009.2219           13.36            1.60
  2009.2246            9.94            1.70
  2009.2274           11.78            1.74
  2009.2301           10.26            1.56
  2009.2329           15.31            1.62
  2009.2356           13.13            1.53
  2009.2384           12.69            1.57
  2009.2411            3.12            1.55
  2009.2439            8.89            1.53
  2009.2466           12.89            1.57
  2009.2493           14.71            1.52
  2009.2521          -14.09            1.73
  2009.2548            2.18            1.67
  2009.2576           14.99            1.58
  2009.2603           -0.98            2.91
  2009.2631          -11.45            1.49
  2009.2657           10.01            1.49
  2009.2684           13.21            1.59
  2009.2712            8.67            1.51
  2009.2739           12.11            1.51
  2009.2767           11.55            1.48
  2009.2794           15.95            1.55
  2009.2822            6.58            1.51
  2009.2849            7.75            1.49
  2009.2877           16.56            1.50
  2009.2904            9.11            1.59
  2009.2931           11.41            1.52
  2009.2959            7.88            1.46
  2009.2986            1.99            1.49
  2009.3014           11.80            1.53
  2009.3069            5.88            1.59
  2009.3096            1.92            1.57
  2009.3124           12.85            1.58
  2009.3151           12.09            1.58
  2009.3177           10.28            1.51
  2009.3206           12.21            1.65
  2009.3232            7.26            1.58
  2009.3260            2.99            1.50
  2009.3315           14.25            1.55
  2009.3342            9.15            1.53
  2009.3370            5.66            1.56
  2009.3397            5.28            1.63
  2009.3424           12.33            1.57
  2009.3452           12.89            1.62
  2009.3479           11.90            1.47
  2009.3507            9.63            1.48
  2009.3534            1.02            1.56
  2009.3562            1.25            1.53
  2009.3589            0.11            1.51
  2009.3617           -5.77            1.62
  2009.3644           10.20            1.47
  2009.3671           10.40            1.56
  2009.3699            1.03            1.66
  2009.3726           -9.22            1.60
  2009.3754           -6.28            1.52
  2009.3781            3.58            1.55
  2009.3809           -1.21            1.49
  2009.3835           -8.51            1.51
  2009.3864          -16.02            1.46
  2009.3890          -12.90            1.53
  2009.3917           -9.12            1.46
  2009.3945           -7.96            1.54
  2009.3972           -4.20            1.56
  2009.4000           -3.38            1.59
  2009.4027           -1.10            1.56
  2009.4055           -1.71            1.58
  2009.4082            0.24            1.45
  2009.4110            1.57            1.48
  2009.4137           -0.73            1.49
  2009.4164            2.01            1.63
  2009.4192            5.02            1.45
  2009.4219            0.33            1.42
  2009.4247           -9.80            1.46
  2009.4274            2.00            1.49
  2009.4302           -0.32            1.41
  2009.4329            2.18            1.45
  2009.4357           -1.37            1.51
  2009.4384            0.43            1.50
  2009.4438            2.97            1.38
  2009.4465            4.05            1.38
  2009.4493            4.16            1.44
  2009.4548           -2.27            1.46
  2009.4575           -0.19            1.47
  2009.4603           -8.37            1.63
  2009.4657          -11.53            1.47
  2009.4685           -2.21            1.45
  2009.4740           -0.01            1.49
  2009.4767           -6.02            1.39
  2009.4795           -1.06            1.45
  2009.4850            0.30            1.47
  2009.4877           -0.15            1.49
  2009.4904          -16.48            1.75
  2009.4932           -3.58            1.50
  2009.4958           -2.80            1.49
  2009.4987          -15.39            1.45
  2009.5042           -2.98            1.48
  2009.5068           -7.74            1.49
  2009.5096           -9.02            1.47
  2009.5150          -11.67            1.41
  2009.5178           -5.38            1.35
  2009.5233           -7.28            1.37
  2009.5260           -6.74            1.39
  2009.5288           -9.19            1.46
  2009.5343            0.66            1.38
  2009.5370           -1.65            1.42
  2009.5397           -1.13            1.34
  2009.5452           -1.20            1.52
  2009.5507         -144.31            7.43
  2009.5562           -7.07            1.53
  2009.5590           -7.85            1.39
  2009.5616           -4.13            1.39
  2009.5671           -7.42            1.40
  2009.5698           -5.42            1.34
  2009.5726           -3.81            1.43
  2009.5753           -7.15            1.42
  2009.5781           -4.12            1.36
  2009.5808           -4.21            1.36
  2009.5863            5.99            1.33
  2009.5890           -7.81            1.36
  2009.5918           36.40            2.36
  2009.5973           -5.42            1.34
  2009.6000           -7.37            1.33
  2009.6055           -2.06            1.35
  2009.6083          -20.60            1.34
  2009.6110            0.89            1.46
  2009.6165            1.59            1.41
  2009.6191           -8.12            1.41
  2009.6219           -7.41            1.47
  2009.6274          -21.13            1.46
  2009.6301           -5.69            1.42
  2009.6356            0.36            1.37
  2009.6383          -11.76            1.44
  2009.6411          -11.22            1.43
  2009.6466           -5.39            1.41
  2009.6493           -5.79            1.43
  2009.6521          -12.83            1.46
  2009.6576           -4.63            1.38
  2009.6603          -11.70            1.38
  2009.6658           -2.06            1.40
  2009.6685           -0.52            1.52
  2009.6713           -7.00            1.45
  2009.6768            4.78            1.54
  2009.6794          -14.44            1.61
  2009.6823          -21.72            1.60
  2009.6849          -10.72            1.45
  2009.6876           -8.27            1.41
  2009.6904           -6.51            1.39
  2009.6959           -4.28            1.38
  2009.6986           -5.30            1.38
  2009.7014           -7.04            1.38
  2009.7069          -10.38            1.36
  2009.7096           -8.16            1.38
  2009.7123           -5.90            1.47
  2009.7151          -12.05            1.44
  2009.7178           -1.75            1.37
  2009.7206           -3.82            1.38
  2009.7233           -8.43            1.37
  2009.7261           -7.77            1.50
  2009.7288           -5.57            1.32
  2009.7316           -3.52            1.42
  2009.7343          -10.09            1.36
  2009.7369          -13.53            1.45
  2009.7397          -10.94            1.46
  2009.7424           -8.59            1.39
  2009.7452           -9.12            1.42
  2009.7479           -3.49            1.37
  2009.7507           -2.94            1.42
  2009.7534           -4.99            1.40
  2009.7561           -4.85            1.36
  2009.7589           -7.60            1.53
  2009.7616           -6.36            1.48
  2009.7644           -8.58            1.41
  2009.7671           -4.32            1.37
  2009.7699          -11.86            1.42
  2009.7726           -7.98            1.44
  2009.7754          -12.98            1.61
  2009.7781          -17.80            1.47
  2009.7808          -12.12            1.40
  2009.7836           -9.44            1.43
  2009.7863           -6.70            1.62
  2009.7891          -10.63            1.75
  2009.7917           -3.47            1.52
  2009.7946           -8.60            1.49
  2009.7972           -0.37            1.56
  2009.8000           -8.52            1.79
  2009.8027           -6.07            1.53
  2009.8054           -9.20            1.51
  2009.8082          -13.83            1.55
  2009.8109          -25.72            1.60
  2009.8137          -12.03            1.56
  2009.8164           -5.77            1.48
  2009.8192           -6.81            1.55
  2009.8219           -7.01            1.69
  2009.8247          -10.09            1.55
  2009.8274          -13.32            1.63
  2009.8301           -9.57            1.61
  2009.8329          -14.57            1.63
  2009.8356          -13.37            1.64
  2009.8384           -8.10            1.68
  2009.8411          -10.27            1.63
  2009.8439           -6.23            1.60
  2009.8466          -13.73            1.62
  2009.8494          -10.03            1.63
  2009.8521           -0.44            1.63
  2009.8547           -6.81            1.64
  2009.8575          -24.56            1.57
  2009.8602           -8.54            1.64
  2009.8630           -8.20            1.51
  2009.8657           -9.74            1.58
  2009.8685           -6.10            1.64
  2009.8712           -8.74            1.59
  2009.8740           -4.75            1.63
  2009.8767           -3.55            1.62
  2009.8794           -2.44            1.73
  2009.8822           -4.34            1.72
  2009.8849          -11.18            1.77
  2009.8877           -3.47            1.65
  2009.8904           -4.17            1.57
  2009.8932           -6.01            1.57
  2009.8959           -8.99            1.68
  2009.8987          -11.98            1.70
  2009.9014           -2.06            1.68
  2009.9041           -5.67            1.69
  2009.9069           -8.57            1.55
  2009.9095           -6.94            1.62
  2009.9124          -16.10            1.77
  2009.9150          -22.68            1.68
  2009.9205           -5.35            1.73
  2009.9233           -8.40            1.60
  2009.9260          -10.45            1.57
  2009.9287           -0.79            1.66
  2009.9315           -5.99            1.59
  2009.9342          -16.15            1.57
  2009.9397           -4.24            1.57
  2009.9425           -2.47            1.62
  2009.9452           -2.24            1.66
  2009.9507           -1.09            1.63
  2009.9534           -8.29            1.77
  2009.9562           -7.66            1.64
  2009.9589           -4.87            1.57
  2009.9617           -4.48            1.78
  2009.9644            0.82            1.68
  2009.9698            1.07            1.71
  2009.9727           -0.52            1.59
  2009.9753            2.17            1.70
  2009.9808            1.00            1.80
  2009.9835            7.22            1.64
  2009.9890           -5.46            1.70
  2009.9918           -2.64            1.75
  2009.9945            1.18            1.86
  2010.0000            2.63            1.75
  2010.0027            8.59            1.52
  2010.0055            4.93            1.61
  2010.0082           15.71            1.71
  2010.0110            3.62            1.68
  2010.0137            5.82            1.78
  2010.0165           -1.38            1.65
  2010.0192            4.59            1.60
  2010.0220           -4.06            1.59
  2010.0247            5.91            1.68
  2010.0273           12.13            1.69
  2010.0302           -2.25            1.83
  2010.0328           -9.11            1.76
  2010.0356            6.45            1.64
  2010.0383           -1.49            1.61
  2010.0411            7.95            1.64
  2010.0438           -1.73            1.67
  2010.0466            8.27            1.60
  2010.0493            9.07            1.63
  2010.0520            4.51            1.62
  2010.0548           -2.94            1.63
  2010.0575           -6.20            1.63
  2010.0603           -4.74            1.61
  2010.0630           -0.13            1.60
  2010.0658           -5.40            1.76
  2010.0685            4.83            1.63
  2010.0713           -0.89            1.80
  2010.0740           -3.07            1.72
  2010.0767           -6.60            1.79
  2010.0795           14.26            1.67
  2010.0822            1.50            1.67
  2010.0850           -0.48            1.67
  2010.0876            3.40            1.59
  2010.0905           17.93            1.74
  2010.0931            8.53            1.67
  2010.0959            8.46            1.61
  2010.0986            8.09            1.65
  2010.1013           17.52            1.65
  2010.1041           -1.74            1.82
  2010.1068           12.47            1.62
  2010.1096           12.25            1.71
  2010.1123            9.59            1.58
  2010.1151           13.66            1.74
  2010.1178           12.26            1.65
  2010.1206            2.41            1.71
  2010.1233           -0.34            1.58
  2010.1260            8.50            1.61
  2010.1288            6.93            1.65
  2010.1315            8.53            1.71
  2010.1343           -6.33            1.96
  2010.1370            8.26            1.71
  2010.1398            8.31            1.49
  2010.1425           -3.39            1.53
  2010.1453            6.86            1.67
  2010.1479            1.40            1.59
  2010.1506            8.09            1.59
  2010.1534            1.99            1.68
  2010.1561            4.87            1.62
  2010.1616           -0.51            2.15
  2010.1726          -13.80            2.90
  2010.1753          -11.00            1.82
  2010.1781            1.89            1.60
  2010.1808            8.93            1.73
  2010.1836           -8.41            1.77
  2010.1863           -4.12            1.65
  2010.1891           -7.59            1.59
  2010.1918           -3.17            1.62
  2010.1946            1.65            1.59
  2010.1973          -12.56            1.70
  2010.2000            3.89            1.59
  2010.2028            4.20            1.49
  2010.2054           -0.49            1.58
  2010.2083           12.06            1.56
  2010.2109            9.36            1.65
  2010.2137            0.61            1.58
  2010.2164           -1.39            1.77
  2010.2192            4.84            1.79
  2010.2219            2.09            1.62
  2010.2246           -4.84            1.49
  2010.2274           -0.94            1.47
  2010.2301           -3.85            1.41
  2010.2329            2.37            1.52
  2010.2356           -0.23            1.50
  2010.2384           -0.12            1.52
  2010.2411           -2.02            1.57
  2010.2439            7.16            1.50
  2010.2466            6.81            1.62
  2010.2493           11.24            1.55
  2010.2521            4.75            1.53
  2010.2548            7.31            1.43
  2010.2576            5.99            1.02
  2010.2603            8.53            1.45
  2010.2631            7.04            1.49
  2010.2657            4.49            1.47
  2010.2684           -1.12            1.43
  2010.2712            9.15            1.57
  2010.5397           13.13            4.10
  2010.5425            8.29            1.43
  2010.5452           14.66            1.33
  2010.5480           24.61            1.40
  2010.5507           -2.14            1.45
  2010.5535            4.91            1.45
  2010.5562          -14.33            1.49
  2010.5590            0.55            1.53
  2010.5616            5.41            1.53
  2010.5643            5.26            1.46
  2010.5671            6.83            1.43
  2010.5698            8.63            1.48
  2010.5726           -0.64            1.50
  2010.5753           15.29            1.51
  2010.5781           72.54            1.59
  2010.5808           -2.09            1.55
  2010.5836            2.98            1.50
  2010.5863           -9.04            1.35
  2010.5890            7.22            1.47
  2010.5918           -3.95            1.33
  2010.5945           -7.17            2.95
  2010.5973           -5.26            1.47
  2010.6000            5.63            1.40
  2010.6028            7.90            1.38
  2010.6055            9.98            1.31
  2010.6083           12.33            1.37
  2010.6110           15.36            1.45
  2010.6136            6.69            1.39
  2010.6165            7.28            1.34
  2010.6191           10.29            1.34
  2010.6219           19.82            1.40
  2010.6246            7.06            1.70
  2011.0438           15.71            1.62
  2011.0466           26.40            1.46
  2011.0493           26.10            1.58
  2011.0548           32.04            1.60
  2011.0575           25.15            1.54
  2011.0603           23.60            1.58
  2011.0630           18.59            1.53
  2011.0685           25.42            1.58
  2011.0713            9.50            1.52
  2011.0740           13.02            1.52
  2011.0767           19.58            1.56
  2011.0795           24.35            1.56
  2011.0822           25.47            1.59
  2011.0850           18.26            1.60
  2011.0876           28.47            1.48
  2011.0905           23.55            1.49
  2011.0931           17.79            1.47
  2011.0959           25.33            1.50
  2011.0986           26.56            1.47
  2011.1013           30.57            1.54
  2011.1041           20.82            1.51
  2011.1068           24.24            1.57
  2011.1096           24.17            1.49
  2011.1123           27.41            1.68
  2011.1178           30.45            1.63
  2011.1206            3.00            1.77
  2011.1233           26.38            1.59
  2011.1260           26.91            1.46
  2011.1288           27.08            1.59
  2011.1315           21.42            1.65
  2011.1343           22.13            1.51
  2011.1398           24.50            1.59
  2011.1425           18.20            1.59
  2011.1453           29.48            1.57
  2011.1479           21.65            1.63
  2011.1506           27.32            1.61
  2011.1534           30.11            1.57
  2011.1561           29.93            1.50
  2011.1589           25.54            1.51
  2011.1616           35.79            1.51
  2011.1644           32.87            1.55
  2011.1671           24.09            1.55
  2011.1699           24.04            1.59
  2011.1726           23.23            1.64
  2011.1753           25.07            1.59
  2011.1781           34.93            1.99
  2011.1808           36.59            1.54
  2011.1836           35.71            1.51
  2011.1863           37.96            1.63
  2011.1891           34.11            1.90
  2011.1918           30.28            1.83
  2011.1946           29.83            1.81
  2011.1973           27.28            1.57
  2011.2000           23.16            1.71
  2011.2054           27.17            1.72
  2011.2083           32.93            1.65
  2011.2109           22.29            1.55
  2011.2137           26.71            1.52
  2011.2164           31.80            1.48
  2011.2246           27.81            1.44
  2011.2274           42.85            1.59
  2011.2301           31.36            1.65
  2011.2329           23.27            1.55
  2011.2356           30.87            1.56
  2011.2384           26.45            1.42
  2011.2411           39.15            1.55
  2011.2439           31.01            1.61
  2011.2466           28.82            1.78
  2011.2493           30.37            1.69
  2011.2521           31.39            1.64
  2011.2548           32.18            1.54
  2011.2603           25.69            1.79
  2011.2631           35.50            1.54
  2011.2657           26.43            1.52
  2011.2684           30.10            1.47
  2011.2712           31.57            1.45
  2011.2767           31.57            1.66
  2011.2794           27.05            1.57
  2011.2822           16.87            1.69
  2011.2849           21.00            1.48
  2011.2877           31.75            1.49
  2011.2904           22.31            1.48
  2011.2931           17.25            3.30
  2011.2959           14.43            1.46
  2011.2986           19.85            1.48
  2011.3014            9.83            1.52
  2011.3041            4.43            1.64
  2011.3069           98.62            1.70
  2011.3096           13.43            1.48
  2011.3151           16.29            1.44
  2011.3177           16.31            1.42
  2011.3206            9.67            1.46
  2011.3232            9.18            1.58
  2011.3260           12.73            1.48
  2011.3287           14.14            1.51
  2011.3315           12.69            1.45
  2011.3370           12.03            1.49
  2011.3397           13.09            1.53
  2011.3424           10.50            1.50
  2011.3452           16.17            1.44
  2011.3479           15.87            1.53
  2011.3507           12.74            1.44
  2011.3534           17.35            1.48
  2011.3589           14.24            1.48
  2011.3617           16.52            1.48
  2011.3644           10.11            1.34
  2011.3671           14.79            1.31
  2011.3699           14.30            1.35
  2011.3726           15.08            1.42
  2011.3754           12.34            1.37
  2011.3781           16.26            1.41
  2011.3809           33.33            1.50
  2011.3835           98.80            1.50
  2011.3864           13.38            1.42
  2011.3890            9.75            1.39
  2011.3945           19.01            1.42
  2011.3972            5.77            1.33
  2011.4000           12.03            1.33
  2011.4027           17.66            1.38
  2011.4055           17.68            1.33
  2011.4082           14.69            1.30
  2011.4137           14.13            1.33
  2011.8356           26.16            1.62
  2011.8384           25.35            1.67
  2011.8411           20.17            1.65
  2011.8439           14.56            1.62
  2011.8466           23.78            1.66
  2011.8494           26.43            1.67
  2011.8521           30.36            1.69
  2011.8547           13.49            1.93
  2011.8575            3.22            1.92
  2011.8602           25.09            1.75
  2011.8630           21.15            1.67
  2011.8657           18.74            1.71
  2011.8685           16.03            1.71
  2011.8712           15.42            1.74
  2011.8740           18.71            1.82
  2011.8767           15.66            1.82
  2011.8794           22.36            1.73
  2011.8822           35.39            1.73
  2011.8849           24.11            1.69
  2011.8877           12.88            1.72
  2011.8904            2.94            1.74
  2011.8932           19.46            1.68
  2011.8959           12.90            1.73
  2011.8987            7.47            1.62
  2012.0027           21.45            1.61
  2012.0055           23.32            1.56
  2012.0082           25.22            1.53
  2012.0110           33.01            1.56
  2012.0137           21.05            1.72
  2012.0165           28.82            1.55
  2012.0192           24.11            1.66
  2012.0220           17.56            1.66
  2012.0247           18.42            1.92
  2012.0273           32.43            1.85
  2012.0302           29.25            1.68
  2012.0328           26.10            1.56
  2012.0356           19.13            1.58
  2012.0383           27.99            1.56
  2012.0411           24.88            1.79
  2012.0438           26.09            1.57
  2012.0466           22.13            1.75
  2012.0493           22.85            1.78
  2012.0520           26.02            1.61
  2012.0548           29.53            1.80
  2012.0603           32.90            1.80
  2012.0630           15.35            1.73
  2012.0658           24.12            1.68
  2012.0685           18.12            2.23
  2012.0713           20.39            2.38
  2012.0740            8.65            2.09
  2012.0767           29.29            2.21
  2012.0795           17.35            1.86
  2012.0822           23.37            1.84
  2012.0850           25.62            1.68
  2012.0876           27.34            1.69
  2012.0905           29.32            1.81
  2012.0931           36.81            1.64
  2012.0959           37.33            1.80
  2012.0986           40.99            1.70
  2012.1013           34.96            1.77
  2012.1041           45.48            1.84
  2012.1068           33.62            1.70
  2012.1096           33.14            1.58
  2012.1123           30.06            1.52
  2012.1151           34.84            1.55
  2012.1178           51.59            1.77
  2012.1206           50.80            1.76
  2012.1233           32.71            1.70
  2012.1260           37.94            1.65
  2012.1288           39.97            1.72
  2012.1315           54.71            1.77
  2012.1343           29.02            1.72
  2012.1370           45.91            1.74
  2012.1398           37.19            1.63
  2012.1425           28.03            1.49
  2012.1453           39.15            1.51
  2012.1479           33.67            1.48
  2012.1506           27.12            1.59
  2012.1534           26.00            1.69
  2012.1561           33.56            1.72
  2012.1589           22.99            1.71
  2012.1616           27.78            1.57
  2012.1644           28.69            1.66
  2012.1671           30.82            1.61
  2012.1699           32.09            1.56
  2012.1726           33.02            1.67
  2012.1753           46.22            1.62
  2012.1781           30.84            1.82
  2012.1808           31.08            1.65
  2012.1836           33.68            1.81
  2012.1863           37.54            1.57
  2012.1891           48.53            1.63
  2012.1918           34.86            1.63
  2012.1946           36.22            1.67
  2012.1973           32.65            1.67
  2012.2000           26.56            1.66
  2012.2028           27.88            1.61
  2012.2054           23.80            1.54
  2012.2083           29.48            1.54
  2012.2109           36.08            1.66
  2012.2137           31.10            1.55
  2012.2164           32.16            1.65
  2012.2192           35.99            1.53
  2012.2219           30.97            1.58
  2012.2246           26.17            1.46
  2012.2274           26.75            1.49
  2012.2301           38.98            1.54
  2012.2329           29.59            1.56
  2012.2356           31.76            1.51
  2012.2384           35.43            1.50
  2012.2411           40.75            1.52
  2012.2439           34.70            1.51
  2012.2466           36.33            1.44
  2012.2493           33.95            1.67
  2012.2521           37.44            1.58
  2012.2548           36.79            1.59
  2012.2576           30.88            1.51
  2012.2603           38.09            1.70
  2012.2631           36.69            1.64
  2012.2657           37.46            1.47
  2012.2684           27.85            1.54
  2012.2712           35.10            1.60
  2012.2739           38.94            1.63
  2012.2767           36.36            1.53
  2012.2794           40.06            1.50
  2012.2822           38.97            1.44
  2012.2849           44.56            1.70
  2012.2877           39.62            1.57
  2012.2904           43.44            1.63
  2012.2931           43.05            1.51
  2012.2959           36.32            1.54
  2012.2986           34.54            1.65
  2012.3014           38.48            1.46
  2012.3041           36.60            1.47
  2012.3069           32.96            1.58
  2012.3096           35.68            1.34
  2012.3124           35.22            1.44
  2012.3151           36.17            1.54
  2012.3177           37.39            1.46
  2012.3206           39.42            1.43
  2012.3232           37.04            1.37
  2012.3260           38.32            1.45
  2012.3287           34.12            1.41
  2012.3315           35.19            1.46
  2012.3342           24.15            1.36
  2012.3370           22.11            1.46
  2012.3397           35.66            1.42
  2012.3424           34.91            1.37
  2012.3452           31.30            1.39
  2012.3479           23.93            1.61
  2012.3507           31.65            1.43
  2012.3534           39.83            1.40
  2012.3562           30.90            1.42
  2012.3589           28.36            1.49
  2012.3617           43.03            1.59
  2012.3644           36.98            1.44
  2012.3671           39.31            1.44
  2012.3699           38.35            1.44
  2012.3726           36.90            1.50
  2012.3754           35.06            1.54
  2012.3781           31.75            1.55
  2012.3809           20.76            1.48
  2012.3835           27.65            1.50
  2012.3864           36.81            1.44
  2012.3890           37.94            1.39
  2012.3917           38.19            1.39
  2012.3945           41.76            1.39
  2012.3972           41.87            1.40
  2012.4000           40.74            1.38
  2012.4027           26.58            1.52
  2012.4055           34.16            1.64
  2012.4110           28.14            1.49
  2012.4137           38.31            1.45
  2012.4164           36.95            1.43
  2012.4192           19.05            1.44
  2012.4219           24.51            1.58
  2012.4247           30.43            1.53
  2012.4274           35.00            1.51
  2012.4302           37.93            1.46
  2012.4329           32.96            1.39
  2012.4357           34.63            1.35
  2012.4384           37.93            1.33
  2012.4410           39.16            1.57
  2012.4438           40.04            1.39
  2012.4465           43.10            1.48
  2012.4493           25.49            1.55
  2012.4520           26.72            1.61
  2012.4548           38.29            1.42
  2012.4575           30.21            1.48
  2012.4603           32.99            1.48
  2012.4630           34.38            1.52
  2012.4657           35.83            1.45
  2012.4685           12.71            1.45
  2012.4712           22.90            1.57
  2012.4740           27.14            1.46
  2012.4767           34.59            1.44
  2012.4795           33.75            1.42
  2012.4822           29.64            1.41
  2012.4850           34.29            1.38
  2012.4877           35.69            1.39
  2012.4904           22.48            1.49
  2012.4932           29.92            1.48
  2012.4958           29.92            1.52
  2012.4987           32.67            1.51
  2012.5013            6.44            1.54
  2012.5042           23.28            1.46
  2012.5068           29.27            1.44
  2012.5096           42.48            1.52
  2012.5123           27.32            1.58
  2012.5150           -0.30            1.58
  2012.5178            3.79            1.44
  2012.5205           29.04            1.47
  2012.5233           26.84            1.51
  2012.5260           27.70            1.38
  2012.5288           16.84            1.46
  2012.5315           40.41            1.44
  2012.5343           29.03            1.41
  2012.5370           29.75            1.35
  2012.5397           28.20            1.40
  2012.5425           32.99            1.44
  2012.5452           33.27            1.47
  2012.5480           34.59            1.49
  2012.5507           31.29            1.55
  2012.5535           18.74            1.46
  2012.5562           27.01            1.43
  2012.5590           34.63            1.46
  2012.5616           23.07            1.47
  2012.5643           27.37            1.42
  2012.5671           33.85            1.41
  2012.5698           26.84            1.39
  2012.5726           27.98            1.43
  2012.5753           34.11            1.43
  2012.5781           30.90            1.46
  2012.5808           33.79            1.44
  2012.5836           32.38            1.41
  2012.5863           33.28            1.54
  2012.5890           29.32            1.47
  2012.5918           23.67            1.46
  2012.5945           28.76            1.42
  2012.5973           32.07            2.21
  2012.6000           33.60            1.45
  2012.6028           32.47            1.49
  2012.6055           34.58            1.52
  2012.6083           32.94            1.49
  2012.6110           35.46            1.41
  2012.6136           37.30            1.49
  2012.6165           26.70            1.55
  2012.6191           29.65            1.51
  2012.6219           42.02            1.59
  2012.6246           28.10            1.56
  2012.6274           24.39            1.54
  2012.6301           33.42            1.64
  2012.6329           30.80            1.51
  2012.6356           28.02            1.54
  2012.6383           30.29            1.50
  2012.6411           18.36            1.50
  2012.6438           27.93            1.55
  2012.6466           27.14            1.51
  2012.6493           25.76            1.45
  2012.6521           25.55            1.50
  2012.6548           31.24            1.41
  2012.6576           28.19            1.42
  2012.6603           27.58            1.50
  2012.6630           26.43            1.68
  2012.6658           32.87            1.44
  2012.6685           26.97            1.51
  2012.6713           29.06            1.50
  2012.6740           24.19            1.59
  2012.6768           27.84            1.56
  2012.6794           22.65            1.50
  2012.6823           23.55            1.63
  2012.6849           31.21            1.55
  2012.6876           27.47            1.61
  2012.6904           28.73            1.53
  2012.6931           29.84            1.45
  2012.6959           32.27            1.50
  2012.6986           30.67            1.51
  2012.7014           33.53            1.54
  2012.7041           31.13            1.70
  2012.7069           22.59            1.46
  2012.7096           23.48            1.54
  2012.7123           19.22            1.57
  2012.7151           18.19            1.69
  2012.7178           26.62            1.67
  2012.7206           21.92            1.52
  2012.7233           26.96            1.57
  2012.7261           19.49            1.57
  2012.7288           26.46            1.51
  2012.7316           31.18            1.55
  2012.7343           23.05            1.70
  2012.7369           29.38            1.66
  2012.7397           31.35            1.55
  2012.7424           30.07            1.53
  2012.7452           29.00            1.61
  2012.7479           25.90            1.64
  2012.7507           23.22            1.72
  2012.7534           31.93            1.83
  2012.7561           29.41            1.65
  2012.7589           34.41            1.64
  2012.7616           31.84            1.67
  2012.7644           29.67            1.61
  2012.7671           34.31            1.79
  2012.7699           29.89            1.75
  2012.7726           27.90            1.61
  2012.7754           32.05            1.77
  2012.7781           24.71            1.50
  2012.7808           21.16            1.55
  2012.7836           29.13            1.54
  2012.7863           28.29            1.50
  2012.7891           33.78            1.61
  2012.7917           30.02            1.65
  2012.7946           19.06            1.72
  2012.7972           32.80            1.62
  2012.8000           30.94            1.54
  2012.8027           32.37            1.71
  2012.8054           36.20            1.79
  2012.8082           32.90            1.87
  2012.8109           31.04            1.73
  2012.8137           29.52            1.77
  2012.8164           35.02            1.60
  2012.8192           37.46            1.70
  2012.8219           34.69            1.82
  2012.8247           38.98            1.79
  2012.8274           41.58            1.71
  2012.8301           38.57            1.98
  2012.8329           31.38            1.79
  2012.8356           27.77            1.67
  2012.8384           37.24            1.59
  2012.8411           33.86            1.59
  2012.8439           33.66            1.85
  2012.8466           33.64            1.66
  2012.8494           31.22            1.71
  2012.8521           39.48            1.67
  2012.8547           35.88            1.72
  2012.8575           19.05            1.77
  2012.8602           35.41            1.87
  2012.8630           33.32            1.78
  2012.8657           24.67            1.67
  2012.8685           51.78            1.69
  2012.8712           31.07            1.50
  2012.8740           22.58            1.63
  2012.8767           31.65            1.64
  2012.8794           32.21            1.72
  2012.8822           42.99            1.67
  2012.8849           30.72            1.64
  2012.8877           36.91            1.59
  2012.8904           39.10            1.64
  2012.8932           47.42            1.90
  2012.8959           30.06            1.85
  2012.8987           39.57            1.74
  2012.9014           31.86            1.69
  2012.9041           36.94            6.55
  2012.9069           39.37            1.75
  2012.9095           39.31            1.69
  2012.9124           47.74            1.75
  2012.9150           34.54            2.02
  2012.9178           48.15            1.77
  2012.9205           38.04            1.73
  2012.9233           32.04            2.76
  2012.9260           30.75            1.99
  2012.9287           47.45            1.81
  2012.9315           31.96            1.83
  2012.9342           36.18            2.22
  2012.9370           36.90            1.90
  2012.9397           35.12            1.73
  2012.9425           38.03            1.69
  2012.9452           44.00            1.83
  2012.9480           43.37            1.76
  2012.9507           32.88            1.96
  2012.9534           38.80            1.75
  2012.9562           41.36            1.77
  2012.9589           38.34            1.82
  2012.9617           29.18            1.91
  2012.9644           40.70            1.77
  2012.9672           17.26            2.21
  2012.9698           32.55            2.14
  2012.9727           33.14            1.96
  2012.9753           46.21            1.86
  2012.9780           41.77            1.82
  2012.9808           40.23            1.80
  2012.9835           21.40            2.25
  2012.9863           32.27            1.95
  2012.9890           28.12            1.79
  2012.9918           29.07            1.66
  2012.9945           29.29            1.61
  2012.9973           32.57            1.61
  2013.0000           35.52            1.71
  2013.0027           37.75            1.97
  2013.0027           37.34            1.45
  2013.0055           40.99            1.42
  2013.0082           36.34            1.49
  2013.0110           38.23            1.51
  2013.0137           34.57            1.61
  2013.0165           36.60            1.65
  2013.0192           33.25            1.69
  2013.0220           36.06            1.48
  2013.0247           37.40            1.62
  2013.0273           46.81            1.52
  2013.0302           38.41            1.60
  2013.0328           39.64            1.58
  2013.0356           41.60            1.55
  2013.0383           38.66            1.51
  2013.0411           49.03            1.64
  2013.0438           31.32            1.69
  2013.0466           38.67            1.78
  2013.0493           41.19            1.60
  2013.0520           37.12            1.53
  2013.0548           38.86            1.47
  2013.0575           34.71            1.57
  2013.0603           34.10            1.67
  2013.0630           35.95            1.64
  2013.0658           41.72            1.68
  2013.0685           43.14            1.55
  2013.0713           45.35            1.45
  2013.0740           38.27            1.48
  2013.0767           39.82            1.53
  2013.0795           43.59            1.52
  2013.0822           41.67            1.55
  2013.0850           39.96            1.63
  2013.0876           34.56            1.67
  2013.0905           33.74            1.64
  2013.0931           39.66            1.53
  2013.0959           46.85            1.53
  2013.0986           46.06            1.57
  2013.1013           38.10            1.76
  2013.1041           45.12            1.53
  2013.1068           44.58            1.60
  2013.1096           43.01            1.59
  2013.1123           43.84            1.68
  2013.1151           45.73            1.71
  2013.1178           34.45            1.64
  2013.1206           44.50            1.59
  2013.1233           41.25            1.69
  2013.1260           41.45            1.65
  2013.1288           38.11            1.77
  2013.1315           38.11            1.62
  2013.1343           35.51            1.47
  2013.1370           37.64            1.41
  2013.1398           40.67            1.51
  2013.1425           42.77            1.66
  2013.1453           36.91            1.53
  2013.1479           22.42            1.57
  2013.1506           39.09            1.48
  2013.1534           38.37            1.46
  2013.1561           45.65            1.43
  2013.1589           52.38            1.47
  2013.1616           43.48            1.55
  2013.1644           47.51            1.55
  2013.1671           42.06            1.51
  2013.1699           45.42            1.44
  2013.1726           41.90            1.44
  2013.1753           40.60            1.63
  2013.1781           40.21            1.65
  2013.1808           46.38            1.51
  2013.1863           53.27            1.72
  2013.1918           56.14            1.65
  2013.2000           44.26            1.42
  2013.2028           44.33            1.47
  2013.2054           43.58            1.57
  2013.2083           46.77            1.54
  2013.2109           42.07            1.43
  2013.2164           48.96            1.65
  2013.2192           35.43            1.45
  2013.2219           42.03            1.39
  2013.2246           48.35            1.46
  2013.2274           46.43            1.59
  2013.2301           41.23            1.62
  2013.2329           41.80            1.53
  2013.2356           43.61            1.45
  2013.2384           39.69            1.43
  2013.2411           46.52            1.60
  2013.2439           47.45            1.49
  2013.2466           46.42            1.50
  2013.2493           51.48            1.58
  2013.2548           36.62            1.51
  2013.2576           41.66            1.45
  2013.2603           32.91            1.53
  2013.2631           42.89            1.49
  2013.2657           41.90            2.88
  2013.2684           44.87            1.49
  2013.2712           41.54            1.68
  2013.2794           42.32            1.44
  2013.2822           49.13            1.34
  2013.2849           48.76            1.38
  2013.2877           44.00            1.36
  2013.2904           43.26            1.37
  2013.2931           48.17            1.37
  2013.2959           46.90            1.43
  2013.2986           52.43            1.46
  2013.3014           41.89            1.40
  2013.3041           46.48            1.44
  2013.3069           39.96            1.49
  2013.3096           39.80            1.44
  2013.3124           43.30            1.46
  2013.3151           44.19            1.40
  2013.3177           45.75            1.45
  2013.3206           46.14            1.42
  2013.3232           46.99            1.51
  2013.3260           45.65            1.42
  2013.3287           57.19            1.34
  2013.3315           43.29            1.46
  2013.3342           39.56            1.53
  2013.3370           37.98            1.61
  2013.3397           42.16            1.45
  2013.3424           44.22            1.38
  2013.3452           45.00            1.51
  2013.3479           47.91            1.46
  2013.3562           39.84            1.54
  2013.3589           49.73            1.43
  2013.3617           41.57            2.79
  2013.3644           41.59            1.40
  2013.3671           41.32            1.39
  2013.3699           41.17            1.34
  2013.3726           45.31            1.36
  2013.3754           42.72            1.43
  2013.3781           43.70            1.50
  2013.3809           40.02            2.30
  2013.3835           45.85            1.46
  2013.3864           49.46            1.38
  2013.3890           44.89            1.39
  2013.3917           43.92            1.39
  2013.3945           50.55            1.38
  2013.4000           52.39            1.44
  2013.4027           43.91            1.52
  2013.4055           51.89            1.79
  2013.4082           45.15            1.38
  2013.4110           43.93            1.41
  2013.4137           41.06            1.53
  2013.4164           49.04            1.47
  2013.4192           41.56            1.44
  2013.4219           50.68            1.32
  2013.4247           44.57            1.46
  2013.4274           39.86            1.47
  2013.4302           47.07            1.35
  2013.4329           37.32            1.44
  2013.4357           47.18            1.36
  2013.4384           43.89            1.39
  2013.4410           46.56            1.34
  2013.4438           53.05            1.40
  2013.4465           42.17            1.41
  2013.4493           34.59            1.42
  2013.4520           50.36            1.42
  2013.4548           28.83            1.53
  2013.4575           41.87            1.41
  2013.4603           45.80            1.39
  2013.4630           36.39            1.40
  2013.4657           45.19            1.37
  2013.4685           49.66            1.35
  2013.4712           35.96            1.50
  2013.4740           36.97            1.38
  2013.4767           42.50            1.37
  2013.4795           47.60            1.37
  2013.4822           46.53            1.35
  2013.4850           40.33            1.39
  2013.4877           40.27            1.52
  2013.4904           36.81            1.51
  2013.4932           40.98            1.45
  2013.4958           67.76            1.36
  2013.4987           38.57            1.29
  2013.5013           30.66            1.45
  2013.5042           35.41            1.43
  2013.5068           25.24            1.44
  2013.5096           39.55            1.43
  2013.5123           39.70            1.33
  2013.5150           42.92            1.33
  2013.5178           42.47            1.35
  2013.5205           40.86            1.41
  2013.5233           38.42            1.41
  2013.5260           39.46            1.35
  2013.5288           37.11            1.33
  2013.5315           35.65            1.44
  2013.5343           42.90            1.39
  2013.5370           39.89            1.41
  2013.5397           41.17            1.32
  2013.5425           45.46            1.41
  2013.5452           37.29            1.37
  2013.5480           37.81            1.35
  2013.5507           31.53            1.45
  2013.5535           36.92            1.32
  2013.5562           41.26            1.30
  2013.5590           38.96            1.30
  2013.5616           44.42            1.31
  2013.5643           43.92            1.35
  2013.5671           44.75            1.43
  2013.5698           41.45            1.32
  2013.5726           41.69            1.28
  2013.5753           43.79            1.30
  2013.5781           48.06            1.36
  2013.5808           41.68            1.31
  2013.5836           45.51            1.28
  2013.5863           51.39            1.31
  2013.5890           37.16            1.38
  2013.5918           26.14            1.45
  2013.5945           43.68            1.41
  2013.5973           31.00            1.43
  2013.6000           20.78            1.50
  2013.6028           29.42            1.41
  2013.6055           42.11            1.32
  2013.6083           37.81            1.39
  2013.6110           27.96            1.43
  2013.6136           38.02            1.43
  2013.6165           37.36            1.35
  2013.6191           41.85            1.33
  2013.6219           34.64            1.39
  2013.6246           37.18            1.37
  2013.6274           41.60            1.30
  2013.6301           40.45            1.37
  2013.6329           33.71            1.40
  2013.6356           42.81            1.37
  2013.6383           27.95            1.40
  2013.6411           34.65            1.32
  2013.6438           39.42            1.35
  2013.6466           34.08            1.43
  2013.6493           36.70            1.39
  2013.6521           41.10            1.36
  2013.6548           19.50            1.37
  2013.6576           42.12            1.36
  2013.6603           43.85            1.31
  2013.6630           46.56            1.38
  2013.6658           40.21            1.45
  2013.6685           41.24            1.44
  2013.6713           34.97            1.44
  2013.6740           33.10            1.41
  2013.6768           42.51            1.63
  2013.6794           48.29            1.58
  2013.6823           35.54            1.61
  2013.6849           27.17            1.62
  2013.6876           28.06            1.63
  2013.6904           29.50            1.58
  2013.6931           27.41            1.58
  2013.6959           38.81            1.54
  2013.6986           32.28            1.60
  2013.7014           36.56            1.51
  2013.7041           35.95            1.55
  2013.7069           54.44            1.53
  2013.7096           37.84            1.49
  2013.7123           41.35            1.46
  2013.7151           37.99            1.46
  2013.7178           41.30            1.56
  2013.7206           32.52            1.55
  2013.7233           32.17            1.58
  2013.7261           34.77            1.54
  2013.7288           36.07            1.64
  2013.7316           42.13            1.47
  2013.7343           43.92            1.47
  2013.7369           40.64            1.62
  2013.7397           37.23            1.57
  2013.7424           35.30            1.54
  2013.7561           44.79            1.47
  2013.7589           46.44            1.55
  2013.7616           42.96            1.63
  2013.7644           46.52            1.53
  2013.7671           43.30            1.76
  2013.7699           50.49            1.61
  2013.7726           44.84            1.54
  2013.7754           50.78            1.68
  2013.7781           46.82            1.77
  2013.7808           37.83            1.64
  2013.7836           49.51            1.65
  2013.7863           48.18            1.66
  2013.7891           47.51            1.59
  2013.7917           46.01            1.67
  2013.7946           38.53            1.65
  2013.7972           48.03            1.60
  2013.8000           55.38            1.67
  2013.8027           39.95            1.78
  2013.8054           46.34            1.66
  2013.8082           47.58            1.62
  2013.8109           45.46            1.52
  2013.8137           47.03            1.86
  2013.8164           43.94            1.60
  2013.8192           48.47            1.46
  2013.8219           53.39            1.45
  2013.8247           41.06            1.48
  2013.8274           46.98            1.55
  2013.8301           55.33            1.59
  2013.8329           45.09            1.56
  2013.8356           41.21            1.57
  2013.8384           47.60            1.48
  2013.8411           51.28            1.40
  2013.8439           47.17            1.37
  2013.8466           48.29            1.37
  2013.8494           49.73            1.57
  2013.8521           43.21            1.49
  2013.8547           53.56            1.55
  2013.8575           47.00            1.58
  2013.8602           46.27            1.62
  2013.8630           40.30            1.61
  2013.8657           46.97            1.52
  2013.8685           52.53            1.51
  2013.8712           42.61            1.62
  2013.8740           47.00            1.57
  2013.8767           47.38            1.45
  2013.8794           36.31            1.48
  2013.8822           44.20            1.55
  2013.8849           49.54            1.48
  2013.8877           49.51            1.60
  2013.8904           41.53            1.50
  2013.8932           58.44            1.55
  2013.8959           44.57            1.60
  2013.8987           45.50            1.63
  2013.9014           49.15            1.51
  2013.9041           44.65            1.44
  2013.9069           47.66            3.16
  2013.9095           50.02            3.00
  2013.9124           53.37            1.49
  2013.9150           50.66            1.53
  2013.9178           58.32            1.50
  2013.9205           49.17            1.63
  2013.9233           43.17            1.74
  2013.9260           56.65            1.47
  2013.9287           52.86            1.55
  2013.9315           50.29            1.58
  2013.9342           53.96            1.58
  2013.9370           47.08            1.67
  2013.9397           54.15            1.62
  2013.9425           49.57            1.55
  2013.9452           48.10            1.68
  2013.9480           49.34            1.65
  2013.9507           57.79            1.57
  2013.9534           50.09            1.67
  2013.9562           46.37            1.53
  2013.9589           47.37            1.68
  2013.9617           53.46            1.60
  2013.9644           56.37            1.65
  2013.9672           52.83            1.55
  2013.9698           58.47            1.59
  2013.9727           53.87            1.62
  2013.9753           49.89            1.60
  2013.9780           52.40            1.58
  2013.9808           48.93            1.55
  2013.9835           50.39            1.65
  2013.9863           50.13            1.72
  2013.9890           51.85            1.79
  2013.9918           55.08            1.61
  2013.9945           58.37            1.72
  2013.9973           45.71            1.66
  2014.0000           61.45            1.77
  2014.0027           50.68            1.67
  2014.0055           58.38            1.86
  2014.0082           62.95            1.60
  2014.0110           56.73            1.62
  2014.0137           55.31            1.59
  2014.0165           58.44            1.65
  2014.0192           55.76            1.70
  2014.0220           56.62            1.67
  2014.0247           57.34            1.69
  2014.0273           57.91            1.76
  2014.0302           54.94            1.63
  2014.0328           50.56            1.98
  2014.0356           53.20            1.58
  2014.0383           47.64            1.94
  2014.0411           56.11            1.66
  2014.0438           51.21            1.72
  2014.0466           56.27            1.74
  2014.0493           60.50            1.62
  2014.0548           61.40            1.66
  2014.0575           51.00            1.78
  2014.0603           51.34            1.68
  2014.0630           46.37            1.85
  2014.0658           43.18            1.73
  2014.0685           58.32            1.68
  2014.0713           59.39            1.64
  2014.0740           52.66            1.93
  2014.0767           51.66            1.78
  2014.0795           67.13            1.72
