  2010.2274            0.00            0.96
  2010.2301           -2.64            0.91
  2010.2329           -5.57            0.98
  2010.2356           -5.78            0.96
  2010.2384           -9.15            0.97
  2010.2411          -10.43            1.01
  2010.2439          -14.49            1.07
  2010.2466          -15.83            1.04
  2010.2493          -18.09            0.99
  2010.2521          -18.24            0.97
  2010.2548          -21.56            0.93
  2010.2576          -22.40            0.65
  2010.2603          -25.60            0.92
  2010.2631          -26.71            0.95
  2010.2657          -28.89            0.94
  2010.2684          -31.16            0.90
  2010.2712          -33.24            0.91
  2010.2739          -34.77            0.95
  2010.2767          -38.64            0.92
  2010.2794          -40.23            0.94
  2010.2822          -41.33            0.92
  2010.2849          -44.20            0.90
  2010.2877          -45.31            0.92
  2010.2904          -47.17            0.97
  2010.2931          -48.89            0.94
  2010.2959          -49.14            0.97
  2010.2986          -51.34            0.93
  2010.3014          -53.46            0.91
  2010.3069          -55.40            0.91
  2010.3096          -56.53            0.99
  2010.3124          -57.97            0.91
  2010.3151          -59.30            0.89
  2010.3177          -60.02            0.90
  2010.3206          -61.63            0.90
  2010.3232          -62.14            0.91
  2010.3260          -63.50            0.90
  2010.3287          -67.30            0.96
  2010.3315          -67.52            0.93
  2010.3424          -73.40            0.94
  2010.3452          -73.71            0.90
  2010.3479          -74.59            0.88
  2010.3507          -75.87            0.87
  2010.3534          -76.47            0.85
  2010.3562          -77.85            0.87
  2010.3589          -79.49            0.89
  2010.3617          -81.21            1.42
  2010.3644          -82.29            0.92
  2010.3726          -85.11            0.93
  2010.3754          -85.43            0.92
  2010.3781          -87.82            0.91
  2010.3809          -87.12            0.91
  2010.3835          -88.39            0.90
  2010.3864          -89.44            0.92
  2010.3890          -91.86            0.98
  2010.3917          -92.42            0.95
  2010.3945          -93.57            0.94
  2010.3972          -94.53            0.93
  2010.4000          -94.95            0.93
  2010.4027          -95.43            0.92
  2010.4055          -98.62            0.96
  2010.4082          -98.85            0.95
  2010.4110          -97.30            2.04
  2010.4137          -99.04            0.89
  2010.4164          -99.19            0.99
  2010.4192          -97.80            1.17
  2010.4219          -99.01            2.90
  2010.4247         -102.28            0.92
  2010.4274         -103.75            0.89
  2010.4302         -105.37            0.87
  2010.4329         -105.68            0.86
  2010.4357         -106.63            0.83
  2010.4384         -106.20            1.04
  2010.4410         -107.55            1.59
  2010.4438         -108.07            0.93
  2010.4465         -111.76            1.09
  2010.4493         -111.14            1.05
  2010.4520         -113.71            1.49
  2010.4548         -111.00            1.47
  2010.4575         -114.99            1.45
  2010.4657         -113.15            1.87
  2010.4685         -120.02            1.29
  2010.4712         -117.89            1.22
  2010.4740         -116.02            1.84
  2010.4795         -119.68            1.73
  2010.4822         -121.69            0.92
  2010.4850         -121.71            0.88
  2010.4877         -125.22            0.90
  2010.4904         -125.27            0.91
  2010.4932         -126.52            0.89
  2010.4958         -127.14            0.88
  2010.4987         -127.50            0.89
  2010.5013         -126.68            1.25
  2010.5042         -128.08            1.21
  2010.5068         -135.41            3.30
  2010.5096         -130.34            1.82
  2010.5123         -130.38            0.98
  2010.5150         -133.16            0.94
  2010.5178         -133.73            0.91
  2010.5205         -132.63            0.88
  2010.5233         -133.90            0.91
  2010.5260         -136.71            0.94
  2010.5288         -136.57            0.88
  2010.5315         -137.27            0.85
  2010.5343         -137.69            0.85
  2010.5370         -138.65            0.89
  2010.5397         -141.27            0.89
  2010.5425         -138.28            0.89
  2010.5452         -139.29            0.84
  2010.5480         -141.68            0.88
  2010.5507         -141.45            0.89
  2010.5535         -141.24            0.90
  2010.5562         -142.55            0.93
  2010.5590         -143.38            0.96
  2010.5616         -144.17            0.96
  2010.5643         -143.08            0.93
  2010.5671         -143.58            0.88
  2010.5698         -144.70            0.91
  2010.5726         -145.67            0.92
  2010.5753         -146.87            0.93
  2010.5781         -147.35            0.96
  2010.5808         -147.82            0.94
  2010.5836         -147.88            1.03
  2010.5863         -148.37            0.86
  2010.5890         -148.97            0.88
  2010.5918         -149.84            0.85
  2010.5945         -151.20            1.78
  2010.5973         -151.87            0.87
  2010.6000         -151.48            0.85
  2010.6028         -152.77            0.84
  2010.6055         -153.09            0.84
  2010.6083         -153.54            0.84
  2010.6110         -155.04            0.88
  2010.6136         -155.57            0.83
  2010.6165         -155.85            0.83
  2010.6191         -156.58            0.82
  2010.6219         -156.38            0.84
  2010.6246         -156.81            0.91
  2010.6274         -158.16            0.96
  2010.6301         -158.42            0.88
  2010.6329         -158.61            0.84
  2010.6356         -160.06            0.84
  2010.6383         -159.95            0.94
  2010.6411         -162.44            0.86
  2010.6438         -162.75            0.87
  2010.6466         -161.96            0.85
  2010.6493         -163.25            0.85
  2010.6521         -163.95            0.89
  2010.6548         -164.33            0.89
  2010.6576         -164.64            0.91
  2010.6603         -164.64            0.84
  2010.6630         -164.71            0.91
  2010.6658         -167.01            0.87
  2010.6685         -166.33            0.88
  2010.6713         -166.12            0.92
  2010.6740         -167.46            0.99
  2010.6768         -166.70            0.92
  2010.6794         -167.57            0.83
  2010.6823         -168.04            0.84
  2010.6849         -168.64            0.84
  2010.6876         -169.13            0.85
  2010.6904         -170.11            0.85
  2010.6931         -170.65            0.85
  2010.6959         -171.73            1.12
  2011.0575         -230.34            0.94
  2011.0603         -229.88            1.02
  2011.0630         -230.57            0.96
  2011.0658         -231.48            0.99
  2011.0685         -232.95            1.00
  2011.0713         -233.40            0.98
  2011.0740         -234.12            1.06
  2011.0767         -231.79            0.97
  2011.0795         -232.50            0.98
  2011.0822         -235.03            1.01
  2011.0850         -233.32            0.99
  2011.0876         -234.95            0.94
  2011.1699         -247.68            0.99
  2011.1726         -247.70            1.05
  2011.1781         -250.47            1.27
  2011.1808         -250.34            0.99
  2011.1836         -250.91            1.00
  2011.1863         -251.33            1.04
  2011.1891         -251.72            1.20
  2011.1918         -253.54            1.18
  2011.1946         -252.54            1.15
  2011.1973         -252.54            0.99
  2011.2000         -252.31            2.08
  2012.2000         -339.93            1.71
  2012.2603         -350.82            2.40
  2012.2631         -354.15            1.04
  2012.2657         -355.13            0.93
  2012.2684         -355.43            0.98
  2012.2712         -353.62            1.02
  2012.2739         -355.10            1.03
  2012.2767         -354.92            0.99
  2012.2794         -354.00            0.96
  2012.2822         -354.62            0.96
  2012.2849         -353.74            1.08
  2012.2877         -353.70            1.02
  2012.2904         -355.48            1.05
  2012.2931         -355.79            1.00
  2012.2959         -356.13            0.98
  2012.2986         -358.18            1.06
  2012.3014         -357.15            0.94
  2012.3041         -358.33            0.95
  2012.3069         -357.20            1.01
  2012.3096         -357.42            0.85
  2012.3124         -357.78            0.92
  2012.3151         -355.66            1.02
  2012.3177         -357.20            0.97
  2012.3206         -357.90            0.93
  2012.3232         -357.39            0.92
  2012.3260         -358.36            0.91
  2012.3287         -358.81            0.88
  2012.3315         -359.52            0.93
  2012.3342         -359.77            0.92
  2012.3370         -360.29            0.94
  2012.3397         -359.47            0.92
  2012.3424         -360.24            0.89
  2012.3452         -359.92            0.95
  2012.3479         -361.87            1.03
  2012.3507         -360.79            0.92
  2012.3534         -361.04            0.90
  2012.3562         -361.14            0.91
  2012.3589         -361.93            0.97
  2012.3617         -362.24            1.01
  2012.3644         -362.52            0.89
  2012.3671         -364.53            0.93
  2012.3699         -364.27            0.93
  2012.3726         -362.99            0.97
  2012.3754         -364.31            0.99
  2012.3781         -365.44            0.97
  2012.3809         -363.40            0.91
  2012.3835         -363.40            1.00
  2012.3864         -363.77            0.95
  2012.3890         -363.92            0.93
  2012.3917         -364.42            0.94
  2012.3945         -365.69            1.02
  2012.3972         -365.00            0.93
  2012.4000         -365.05            0.92
  2012.4027         -365.37            0.99
  2012.4055         -368.54            1.05
  2012.4110         -367.10            0.97
  2012.4137         -366.83            0.92
  2012.4164         -366.30            0.91
  2012.4192         -367.51            1.00
  2012.4219         -368.01            1.10
  2012.4247         -366.71            1.04
  2012.4274         -366.49            1.03
  2012.4302         -367.84            0.99
  2012.4329         -367.51            0.96
  2012.4357         -368.30            0.94
  2012.4384         -368.65            0.91
  2012.4410         -369.23            1.06
  2012.4438         -368.37            0.94
  2012.4465         -369.35            1.03
  2012.4493         -369.96            1.05
  2012.4520         -371.28            1.10
  2012.4548         -369.45            0.99
  2012.4575         -369.23            1.04
  2012.4603         -368.73            1.03
  2012.4630         -371.70            1.05
  2012.4657         -371.01            1.00
  2012.4685         -370.84            0.99
  2012.4712         -372.40            1.02
  2012.4740         -371.32            1.01
  2012.4767         -371.12            1.00
  2012.4795         -371.39            0.97
  2012.4822         -371.57            0.99
  2012.4850         -370.23            0.96
  2012.4877         -371.81            0.97
  2012.4904         -371.52            1.03
  2012.4932         -372.05            1.03
  2012.4958         -372.36            1.03
  2012.4987         -370.96            1.06
  2012.5013         -373.57            1.05
  2012.5042         -372.08            1.01
  2012.5068         -373.24            0.98
  2012.5096         -373.83            1.02
  2012.5123         -372.30            1.10
  2012.5150         -372.83            1.02
  2012.5178         -373.47            0.96
  2012.5205         -374.33            1.01
  2012.5233         -373.22            1.03
  2012.5260         -374.45            0.97
  2012.5288         -374.39            1.00
  2012.5315         -374.82            0.98
  2012.5343         -369.88            0.97
  2012.5370         -374.77            0.93
  2012.5397         -374.63            0.94
  2012.5425         -373.59            1.00
  2012.5452         -374.72            1.01
  2012.5480         -374.84            1.01
  2012.5507         -372.34            1.10
  2012.5535         -376.99            1.00
  2012.5562         -377.05            0.99
  2012.5590         -375.90            0.98
  2012.5616         -377.10            1.00
  2012.5643         -375.75            0.96
  2012.5671         -376.49            0.96
  2012.5698         -376.77            0.97
  2012.5726         -377.05            0.98
  2012.5753         -378.01            0.96
  2012.5781         -375.90            1.00
  2012.5808         -375.64            0.97
  2012.5836         -376.77            0.98
  2012.5863         -376.12            1.04
  2012.5890         -377.22            1.02
  2012.5918         -378.38            0.99
  2012.5945         -377.88            0.96
  2012.5973         -376.61            1.56
  2012.6000         -378.19            0.99
  2012.6028         -378.12            1.00
  2012.6055         -376.81            1.03
  2012.6083         -376.97            1.01
  2012.6110         -377.56            0.96
  2012.6136         -376.98            1.02
  2012.6165         -376.86            1.03
  2012.6191         -377.91            1.05
  2012.6219         -378.18            1.11
  2012.6246         -378.58            1.09
  2012.6274         -377.77            1.06
  2012.6301         -378.34            1.11
  2012.6329         -379.71            1.03
  2012.6356         -379.81            1.04
  2012.6383         -379.72            1.02
  2012.6411         -380.68            1.03
  2012.6438         -379.15            1.08
  2012.6466         -379.89            1.05
  2012.6493         -378.21            1.01
  2012.6521         -378.71            1.03
  2012.6548         -379.44            0.97
  2012.6576         -379.65            0.96
  2012.6603         -379.77            1.02
  2012.6630         -377.44            1.05
  2012.6658         -381.29            1.00
  2012.6685         -382.43            1.04
  2012.6713         -382.67            1.02
  2012.6740         -381.41            1.09
  2012.6768         -382.55            1.08
  2012.6794         -382.49            1.05
  2012.6823         -382.31            1.14
  2012.6849         -382.71            1.08
  2012.6876         -382.51            1.10
  2012.6904         -382.86            1.06
  2012.6931         -382.13            1.02
  2012.6959         -381.83            1.00
  2012.6986         -383.83            1.06
  2012.7014         -383.29            1.06
  2012.7041         -383.67            1.13
  2012.7069         -384.77            1.02
  2012.7096         -384.48            1.06
  2012.7123         -384.36            1.07
  2012.7151         -385.20            1.10
  2012.7178         -383.80            1.15
  2012.7206         -385.48            1.04
  2012.7233         -385.94            1.06
  2012.7261         -385.19            1.09
  2012.7288         -384.90            1.02
  2012.7316         -387.12            1.05
  2012.7343         -386.41            1.12
  2012.7369         -385.65            1.11
  2012.7397         -386.96            1.09
  2012.7424         -386.32            1.06
  2012.7452         -388.46            1.10
  2012.7479         -387.84            1.13
  2012.7507         -387.63            1.14
  2012.7534         -387.19            1.26
  2012.7561         -388.80            1.12
  2012.7589         -387.39            1.12
  2012.7616         -389.34            1.15
  2012.7644         -386.44            1.06
  2012.7671         -388.03            1.24
  2012.7699         -387.30            1.18
  2012.7726         -387.72            1.12
  2012.7754         -387.54            1.18
  2012.7781         -389.36            1.04
  2012.7808         -387.59            1.05
  2012.7836         -388.87            1.04
  2012.7863         -389.89            1.03
  2012.7891         -388.94            1.06
  2012.7917         -389.59            1.13
  2012.7946         -389.16            1.19
  2012.7972         -389.55            1.11
  2012.8000         -389.66            1.06
  2012.8027         -389.36            1.17
  2012.8054         -390.08            1.22
  2012.8082         -391.46            1.28
  2012.8109         -391.53            1.19
  2012.8137         -392.98            1.23
  2012.8164         -391.77            1.06
  2012.8192         -391.85            1.13
  2012.8219         -391.98            1.20
  2012.8247         -390.62            1.22
  2012.8274         -391.08            1.17
  2012.8301         -390.94            1.29
  2012.8329         -392.86            1.19
  2012.8356         -390.64            1.11
  2012.8384         -391.76            1.10
  2012.8411         -392.13            1.08
  2012.8439         -392.44            1.26
  2012.8466         -392.92            1.13
  2012.8494         -392.23            1.16
  2012.8521         -391.66            1.18
  2012.8547         -393.60            1.10
  2012.8575         -393.92            1.21
  2012.8602         -393.48            1.23
  2012.8630         -392.68            1.22
  2012.8657         -393.52            1.12
  2012.8685         -391.21            1.11
  2012.8712         -391.47            1.02
  2012.8740         -392.27            1.09
  2012.8767         -393.83            1.14
  2012.8794         -396.08            1.15
  2012.8822         -393.24            1.17
  2012.8849         -394.11            1.12
  2012.8877         -393.54            1.05
  2012.8904         -392.78            1.07
  2012.8932         -393.66            1.25
  2012.8959         -399.46            1.19
  2012.8987         -392.35            1.13
  2012.9014         -393.74            1.09
  2012.9041         -394.02            4.27
  2012.9069         -393.60            1.12
  2012.9095         -395.69            1.09
  2012.9124         -394.05            1.17
  2012.9150         -396.69            1.36
  2012.9178         -396.80            1.16
  2012.9205         -395.33            1.14
  2012.9233         -395.11            1.84
  2012.9260         -405.40            1.32
  2012.9287         -394.62            1.19
  2012.9315         -398.53            1.17
  2012.9342         -396.63            1.45
  2012.9370         -398.14            1.24
  2012.9397         -395.70            1.12
  2012.9425         -397.75            1.05
  2012.9452         -397.28            1.16
  2012.9480         -397.69            1.17
  2012.9507         -398.05            1.23
  2012.9534         -397.87            1.16
  2012.9562         -399.28            1.18
  2012.9589         -397.11            1.19
  2012.9617         -402.20            1.26
  2012.9644         -398.12            1.16
  2012.9672         -399.04            1.38
  2012.9698         -403.95            1.42
  2012.9727         -399.11            1.26
  2012.9753         -397.83            1.14
  2012.9780         -398.21            1.20
  2012.9808         -399.67            1.17
  2012.9835         -401.92            1.45
  2012.9863         -399.31            1.27
  2012.9890         -399.11            1.17
  2012.9918         -399.29            1.10
  2012.9945         -400.86            1.07
  2012.9973         -400.79            1.09
  2013.0000         -399.91            1.13
  2013.0027         -400.69            1.28
  2013.0027         -400.44            0.91
  2013.0055         -399.75            0.97
  2013.0082         -401.34            0.97
  2013.0110         -401.34            0.98
  2013.0137         -402.01            1.08
  2013.0165         -400.39            1.08
  2013.0192         -401.70            1.11
  2013.0220         -400.14            0.96
  2013.0247         -401.92            1.04
  2013.0273         -401.11            1.02
  2013.0302         -400.45            1.04
  2013.0328         -401.48            1.01
  2013.0356         -401.98            1.09
  2013.0383         -402.08            0.99
  2013.0411         -403.15            1.07
  2013.0438         -401.45            1.06
  2013.0466         -402.81            1.20
  2013.0493         -403.37            1.02
  2013.0520         -403.24            1.00
  2013.0548         -401.93            0.99
  2013.0575         -402.39            1.09
  2013.0603         -403.18            1.11
  2013.0630         -403.14            1.19
  2013.0658         -404.07            1.13
  2013.0685         -402.54            1.01
  2013.0713         -403.98            0.96
  2013.0740         -403.76            0.97
  2013.0767         -402.02            1.02
  2013.0795         -403.71            1.00
  2013.0822         -403.48            1.03
  2013.0850         -404.24            1.05
  2013.0876         -403.33            1.10
  2013.0905         -405.17            1.10
  2013.0931         -403.34            1.00
  2013.0959         -403.64            1.01
  2013.0986         -404.68            1.06
  2013.1013         -404.30            1.19
  2013.1041         -406.82            1.04
  2013.1068         -405.50            1.06
  2013.1096         -405.37            1.07
  2013.1123         -406.29            1.15
  2013.1151         -404.17            1.15
  2013.1178         -405.62            1.13
  2013.1206         -406.35            1.06
  2013.1233         -407.09            1.12
  2013.1260         -405.65            1.07
  2013.1288         -407.55            1.19
  2013.1315         -405.20            1.08
  2013.1343         -404.99            0.98
  2013.1370         -405.25            0.96
  2013.1398         -405.88            1.01
  2013.1425         -404.69            1.10
  2013.1453         -404.58            1.01
  2013.1479         -405.21            1.06
  2013.1506         -406.71            0.98
  2013.1534         -406.32            0.96
  2013.1561         -404.94            0.97
  2013.1589         -407.73            0.97
  2013.1616         -407.20            1.04
  2013.1644         -407.47            1.03
  2013.1671         -407.98            1.01
  2013.1699         -406.23            0.96
  2013.1726         -406.76            0.99
  2013.1753         -408.92            1.09
  2013.1781         -407.37            1.08
  2013.1808         -407.52            1.03
  2013.1863         -412.79            1.13
  2013.1918         -408.44            1.09
  2013.2000         -407.98            0.95
  2013.2028         -407.91            1.00
  2013.2054         -408.34            1.07
  2013.2083         -407.56            1.02
  2013.2109         -408.50            0.97
  2013.2164         -409.41            1.12
  2013.2192         -408.55            0.97
  2013.2219         -408.89            0.96
  2013.2246         -408.25            1.00
  2013.2274         -408.30            1.08
  2013.2301         -410.63            1.12
  2013.2329         -408.49            1.05
  2013.2356         -409.43            0.97
  2013.2384         -409.98            0.96
  2013.2411         -410.62            1.05
  2013.2439         -409.18            1.00
  2013.2466         -410.48            1.02
  2013.2493         -406.01            1.07
  2013.2548         -412.38            1.04
  2013.2576         -411.60            1.00
  2013.2603         -411.87            1.07
  2013.2631         -411.48            1.07
  2013.2657         -410.20            1.98
  2013.2684         -412.85            1.05
  2013.2712         -411.05            1.20
  2013.2794         -411.18            1.03
  2013.2822         -412.19            0.96
  2013.2849         -413.03            0.96
  2013.2877         -412.52            0.97
  2013.2904         -413.32            0.96
  2013.2931         -412.60            0.95
  2013.2959         -413.66            0.99
  2013.2986         -413.56            0.96
  2013.3014         -413.26            0.99
  2013.3041         -414.41            1.01
  2013.3069         -413.93            1.04
  2013.3096         -413.90            1.01
  2013.3124         -413.78            1.02
  2013.3151         -414.39            0.97
  2013.3177         -415.08            1.00
  2013.3206         -414.94            1.01
  2013.3232         -415.07            1.04
  2013.3260         -414.53            0.97
  2013.3287         -415.81            0.93
  2013.3315         -416.07            1.01
  2013.3342         -414.87            1.05
  2013.3370         -416.49            1.13
  2013.3397         -416.81            0.99
  2013.3424         -416.46            0.99
  2013.3452         -416.80            1.04
  2013.3479         -416.48            0.98
  2013.3562         -417.88            1.08
  2013.3589         -417.40            0.97
  2013.3617         -418.51            1.86
  2013.3644         -419.10            0.93
  2013.3671         -419.85            0.93
  2013.3699         -419.66            0.91
  2013.3726         -419.73            0.90
  2013.3754         -419.76            0.93
  2013.3781         -417.43            1.00
  2013.3809         -419.64            1.55
  2013.3835         -420.59            0.96
  2013.3864         -420.34            0.92
  2013.3890         -420.95            0.95
  2013.3917         -421.86            0.95
  2013.3945         -420.03            0.94
  2013.4000         -422.26            0.97
  2013.4027         -421.52            1.01
  2013.4055         -422.82            1.05
  2013.4082         -422.00            0.94
  2013.4110         -421.04            0.95
  2013.4137         -424.89            1.09
  2013.4164         -421.37            1.01
  2013.4192         -420.15            0.98
  2013.4219         -420.70            0.92
  2013.4247         -420.91            1.00
  2013.4274         -419.75            1.01
  2013.4302         -421.12            0.93
  2013.4329         -421.69            0.97
  2013.4357         -421.14            0.93
  2013.4384         -421.74            0.95
  2013.4410         -422.13            0.92
  2013.4438         -420.90            0.94
  2013.4465         -422.15            0.97
  2013.4493         -422.69            0.97
  2013.4520         -421.87            0.96
  2013.4548         -422.24            1.05
  2013.4575         -422.57            0.97
  2013.4603         -423.61            0.96
  2013.4630         -422.99            0.97
  2013.4657         -422.13            0.93
  2013.4685         -422.88            0.94
  2013.4712         -422.71            1.00
  2013.4740         -424.41            0.91
  2013.4767         -421.85            0.93
  2013.4795         -420.98            0.92
  2013.4822         -422.26            0.91
  2013.4850         -422.20            0.95
  2013.4877         -424.12            1.08
  2013.4904         -423.34            1.01
  2013.4932         -422.47            0.98
  2013.4958         -422.79            0.92
  2013.4987         -423.40            0.91
  2013.5013         -423.48            0.94
  2013.5042         -424.58            0.98
  2013.5068         -423.06            0.99
  2013.5096         -423.59            0.95
  2013.5123         -423.61            0.90
  2013.5150         -423.46            0.90
  2013.5178         -424.08            1.71
  2013.5205         -423.80            0.97
  2013.5233         -423.88            0.95
  2013.5260         -422.92            1.23
  2013.5343         -423.99            2.22
  2013.5370         -424.03            0.95
  2013.5397         -423.87            0.90
  2013.5425         -424.82            0.96
  2013.5452         -424.23            0.93
  2013.5480         -423.74            0.92
  2013.5507         -424.20            0.97
  2013.5535         -424.77            0.92
  2013.5562         -424.42            0.87
  2013.5590         -424.91            0.90
  2013.5616         -423.69            0.86
  2013.5643         -424.42            0.93
  2013.5671         -426.25            0.98
  2013.5698         -425.21            0.88
  2013.5726         -425.81            0.86
  2013.5753         -424.85            0.87
  2013.5781         -424.13            0.93
  2013.5808         -426.26            0.88
  2013.5836         -425.58            0.85
  2013.5863         -425.21            0.88
  2013.5890         -424.70            0.93
  2013.5918         -426.94            0.98
  2013.5945         -425.51            0.94
  2013.5973         -426.49            0.98
  2013.6000         -427.75            1.01
  2013.6028         -426.50            0.93
  2013.6055         -425.63            0.88
  2013.6083         -426.13            0.92
  2013.6110         -429.46            0.95
  2013.6136         -427.64            0.94
  2013.6165         -427.93            0.89
  2013.6191         -427.22            0.89
  2013.6219         -427.39            0.94
  2013.6246         -427.61            0.91
  2013.6274         -427.70            0.87
  2013.6301         -428.10            0.92
  2013.6329         -429.61            0.94
  2013.6356         -428.25            0.92
  2013.6383         -428.93            0.93
  2013.6411         -428.66            0.89
  2013.6438         -429.17            0.91
  2013.6466         -429.48            0.92
  2013.6493         -428.26            0.93
  2013.6521         -428.82            0.89
  2013.6548         -429.61            0.90
  2013.6576         -429.17            0.90
  2013.6603         -429.10            0.90
  2013.6630         -429.72            0.91
  2013.6658         -431.27            0.98
  2013.6685         -429.29            0.95
  2013.6713         -429.87            0.96
  2013.6740         -430.86            0.99
  2013.6768         -430.34            1.13
  2013.6794         -431.38            1.06
  2013.6823         -431.10            1.08
  2013.6849         -432.78            1.05
  2013.6876         -433.53            1.10
  2013.6904         -432.88            1.06
  2013.6931         -432.02            1.05
  2013.6959         -432.60            1.02
  2013.6986         -432.05            1.05
  2013.7014         -432.94            0.99
  2013.7041         -431.77            1.06
  2013.7069         -429.19            1.00
  2013.7096         -429.95            0.99
  2013.7123         -430.90            1.00
  2013.7151         -431.69            0.97
  2013.7178         -431.25            1.03
  2013.7206         -431.65            1.04
  2013.7233         -432.48            1.04
  2013.7261         -434.29            1.03
  2013.7288         -434.45            1.06
  2013.7316         -432.41            0.92
  2013.7343         -434.00            0.94
  2013.7369         -432.69            1.09
  2013.7397         -433.33            1.02
  2013.7424         -432.66            1.03
  2013.7561         -434.09            0.98
  2013.7589         -434.57            1.05
  2013.7616         -433.17            1.09
  2013.7644         -433.52            1.00
  2013.7671         -432.51            1.16
  2013.7699         -431.92            1.04
  2013.7726         -433.19            1.03
  2013.7754         -434.18            1.10
  2013.7781         -432.50            1.19
  2013.7808         -434.26            1.11
  2013.7836         -432.15            1.10
  2013.7863         -434.84            1.11
  2013.7891         -432.51            1.05
  2013.7917         -433.03            1.13
  2013.7946         -432.60            1.12
  2013.7972         -434.89            1.04
  2013.8000         -434.31            1.13
  2013.8027         -435.49            1.19
  2013.8054         -433.10            1.12
  2013.8082         -433.41            1.07
  2013.8109         -433.94            0.99
  2013.8137         -437.55            2.36
  2013.8164         -432.79            1.07
  2013.8192         -433.69            0.97
  2013.8219         -434.02            1.00
  2013.8247         -434.99            0.97
  2013.8274         -435.10            1.08
  2013.8301         -435.15            1.02
  2013.8329         -435.81            1.03
  2013.8356         -435.13            1.05
  2013.8384         -434.88            0.98
  2013.8411         -437.00            0.96
  2013.8439         -436.88            0.94
  2013.8466         -436.79            0.93
  2013.8494         -437.43            1.07
  2013.8521         -438.00            0.99
  2013.8547         -438.79            1.06
  2013.8575         -438.20            1.04
  2013.8602         -437.65            1.09
  2013.8630         -439.09            1.03
  2013.8657         -436.63            1.02
  2013.8685         -438.55            1.04
  2013.8712         -436.46            1.09
  2013.8740         -437.05            1.07
  2013.8767         -438.58            0.98
  2013.8794         -438.46            0.99
  2013.8822         -440.11            1.03
  2013.8849         -439.76            1.03
  2013.8877         -436.51            1.05
  2013.8904         -436.95            1.02
  2013.8932         -437.60            1.06
  2013.8959         -440.46            1.05
  2013.8987         -441.89            1.11
  2013.9014         -439.19            1.05
  2013.9041         -440.06            1.01
  2013.9069         -439.60            2.10
  2013.9095         -439.61            1.92
  2013.9124         -444.29            1.02
  2013.9150         -440.53            1.03
  2013.9178         -441.52            1.02
  2013.9205         -436.58            1.10
  2013.9233         -439.54            1.18
  2013.9260         -442.25            1.03
  2013.9287         -443.16            1.03
