  2010.2576            0.00            0.67
  2010.2603           -2.32            0.96
  2010.2631           -2.35            1.00
  2010.2657           -3.98            1.56
  2010.2739           -8.36            1.47
  2010.2767          -11.28            0.97
  2010.2794          -12.70            1.00
  2010.2822          -12.27            0.96
  2010.2849          -14.55            0.93
  2010.2877          -14.84            0.96
  2010.2986          -19.16            1.68
  2010.3014          -20.58            0.95
  2010.3069          -22.13            0.98
  2010.3589          -34.26            1.45
  2010.3617          -36.06            1.48
  2010.3644          -36.46            0.96
  2010.3726          -37.27            0.97
  2010.3754          -37.68            0.95
  2010.3781          -39.11            0.95
  2010.3809          -39.02            0.95
  2010.3835          -39.63            0.94
  2010.3864          -39.51            0.96
  2010.3890          -39.80            1.00
  2010.3917          -42.27            0.96
  2010.3945          -42.90            0.96
  2010.3972          -43.01            0.97
  2010.4000          -43.05            0.96
  2010.4027          -43.24            0.96
  2010.4055          -45.64            0.99
  2010.4082          -45.50            0.99
  2010.4110          -43.69            2.11
  2010.4137          -44.59            0.92
  2010.4164          -45.01            0.92
  2010.4192          -43.07            0.96
  2010.4219          -45.99            0.94
  2010.4247          -46.83            0.95
  2010.4274          -47.54            0.92
  2010.4302          -49.47            0.91
  2010.4329          -49.07            0.90
  2010.4357          -49.36            0.87
  2010.4384          -48.37            0.91
  2010.4410          -49.92            0.91
  2010.4438          -49.60            0.97
  2010.4465          -51.74            0.92
  2010.4493          -52.56            0.94
  2010.4548          -51.49            0.93
  2010.4575          -52.80            0.95
  2010.4603          -52.96            1.11
  2010.4630          -50.89            1.10
  2010.4657          -50.35            1.06
  2010.4685          -52.76            0.92
  2010.4712          -52.98            0.96
  2010.4740          -51.34            0.94
  2010.4767          -56.40            1.02
  2010.4795          -55.06            1.01
  2010.4822          -54.52            0.96
  2010.4850          -54.52            0.92
  2010.4877          -57.13            0.94
  2010.4904          -57.02            0.95
  2010.4932          -58.09            0.93
  2010.4958          -58.21            0.91
  2010.4987          -58.21            0.93
  2010.5013          -58.93            0.90
  2010.5042          -59.10            0.93
  2010.5068          -60.74            0.97
  2010.5096          -60.59            0.94
  2010.5123          -59.80            1.03
  2010.5150          -60.14            0.99
  2010.5178          -60.74            0.96
  2010.5205          -59.11            0.92
  2010.5233          -60.60            0.95
  2010.5260          -63.53            0.99
  2010.5288          -62.79            0.92
  2010.5315          -63.20            0.89
  2010.5343          -63.11            0.89
  2010.5370          -63.46            0.93
  2010.5397          -65.05            0.93
  2010.5425          -62.86            0.93
  2010.5452          -64.22            0.89
  2010.5480          -66.17            0.91
  2010.5507          -65.59            0.94
  2010.5535          -65.04            0.94
  2010.5562          -66.40            0.98
  2010.5590          -66.34            1.00
  2010.5616          -65.95            1.01
  2010.5643          -64.68            0.98
  2010.5671          -65.53            0.92
  2010.5698          -65.99            0.95
  2010.5726          -66.82            0.97
  2010.5753          -66.61            0.96
  2010.5781          -67.73            1.00
  2010.5808          -69.15            0.98
  2010.5836          -67.69            0.91
  2010.5863          -67.75            0.89
  2010.5890          -68.93            0.92
  2010.5918          -68.86            0.89
  2010.5945          -70.10            1.87
  2010.5973          -70.27            0.91
  2010.6000          -70.03            0.88
  2010.6028          -70.89            0.88
  2010.6055          -70.69            0.88
  2010.6083          -70.60            0.87
  2010.6110          -71.57            0.92
  2010.6136          -71.95            0.87
  2010.6165          -71.82            0.86
  2010.6191          -72.04            0.86
  2010.6219          -72.68            0.87
  2010.6246          -73.43            0.95
  2010.6274          -73.94            1.00
  2010.6301          -73.55            0.92
  2010.6329          -74.38            0.87
  2010.6356          -74.37            0.87
  2010.6383          -72.21            0.99
  2010.6411          -76.30            0.89
  2010.6438          -76.04            0.91
  2010.6466          -75.58            0.89
  2010.6493          -76.80            0.89
  2010.6521          -78.10            0.93
  2010.6548          -77.42            0.93
  2010.6576          -77.07            0.94
  2010.6603          -76.18            0.86
  2010.6630          -77.74            0.93
  2010.6658          -78.39            0.89
  2010.6685          -76.80            0.90
  2010.6713          -77.55            0.93
  2010.6740          -77.45            1.00
  2010.6768          -76.80            0.93
  2010.6794          -78.19            0.85
  2010.6823          -77.84            0.86
  2010.6849          -78.26            0.86
  2010.6876          -78.72            0.87
  2010.6904          -79.10            0.87
  2010.6931          -79.87            0.88
  2010.6959          -80.77            0.92
  2010.6986          -80.84            0.90
  2010.7014          -81.55            0.88
  2010.7041          -81.10            0.89
  2010.7069          -80.99            1.00
  2010.7096          -80.95            0.89
  2010.7123          -81.89            0.87
  2010.7151          -82.65            0.92
  2010.7178          -83.18            0.88
  2010.7206          -82.88            0.87
  2010.7233          -82.26            0.86
  2010.7261          -82.96            0.86
  2010.7288          -83.26            0.84
  2010.7316          -83.46            0.85
  2010.7343          -83.76            0.87
  2010.7369          -85.50            0.94
  2010.7397          -84.57            0.94
  2010.7424          -84.80            0.91
  2010.7452          -84.79            0.86
  2010.7479          -85.21            0.90
  2010.7507          -85.21            0.92
  2010.7534          -85.20            0.87
  2010.7561          -85.29            0.94
  2010.7589          -85.50            0.87
  2010.7616          -86.18            0.86
  2010.7644          -86.48            0.88
  2010.7671          -86.88            0.86
  2010.7699          -86.54            0.87
  2010.7726          -87.26            0.85
  2010.7754          -88.15            0.85
  2010.7781          -88.28            0.85
  2010.7808          -89.03            0.88
  2010.7836          -89.25            0.91
  2010.7863          -89.80            1.00
  2010.7891          -88.42            0.89
  2010.7917          -88.71            0.86
  2010.7946          -88.37            0.88
  2010.7972          -89.18            0.88
  2010.8000          -90.16            0.88
  2010.8027          -90.07            0.92
  2010.8054          -91.23            0.89
  2010.8082          -90.62            0.90
  2010.8109          -90.55            0.90
  2010.8137          -91.77            0.86
  2010.8164          -91.69            0.88
  2010.8192          -92.39            0.92
  2010.8219          -93.71            0.94
  2010.8247          -93.37            0.94
  2010.8274          -93.35            0.97
  2010.8301          -93.90            0.88
  2010.8329          -92.96            0.93
  2010.8356          -94.39            0.90
  2010.8384          -94.08            0.93
  2010.8411          -95.24            0.90
  2010.8439          -94.71            0.91
  2010.8466          -94.94            0.88
  2010.8494          -96.48            0.94
  2010.8521          -97.20            0.98
  2010.8547          -95.86            0.91
  2010.8575          -96.56            0.87
  2010.8602          -96.19            0.91
  2010.8630          -96.51            0.86
  2010.8657          -97.62            0.89
  2010.8685          -97.15            0.99
  2010.8712          -97.81            0.90
  2010.8740          -96.84            0.90
  2010.8767          -97.32            0.92
  2010.8794          -97.91            0.91
  2010.8822          -97.38            0.92
  2010.8849          -99.28            0.94
  2010.8877          -99.21            0.96
  2010.8904          -99.78            0.95
  2010.8932         -100.79            0.94
  2010.8959         -100.49            0.93
  2010.8987          -99.18            0.96
  2010.9014         -100.34            0.89
  2010.9041         -100.67            0.93
  2010.9069         -100.83            0.88
  2010.9095          -99.54            0.91
  2010.9124          -99.79            0.91
  2010.9150         -100.06            0.89
  2010.9178         -100.23            0.88
  2010.9205         -102.06            0.86
  2010.9233         -101.08            0.87
  2010.9260         -100.17            0.84
  2010.9287         -101.02            0.84
  2010.9315         -101.32            0.89
  2010.9342         -101.10            0.89
  2010.9370         -101.43            0.85
  2010.9397         -101.38            0.87
  2010.9425         -102.44            0.85
  2010.9452         -102.53            0.90
  2010.9480         -102.40            0.90
  2010.9507         -103.48            0.87
  2010.9562         -102.06            0.87
  2010.9589         -102.77            0.89
  2010.9644         -102.73            0.87
  2011.0027         -104.99            0.92
  2011.0055         -106.60            0.95
  2011.0082         -105.46            1.00
  2011.0110         -106.57            0.98
  2011.0137         -107.39            0.92
  2011.0165         -107.71            0.92
  2011.0192         -106.33            0.92
  2011.0220         -107.54            0.94
  2011.0247         -110.23            0.93
  2011.0273         -109.76            0.92
  2011.0302         -109.47            0.93
  2011.0328         -109.50            0.96
  2011.0356         -110.63            0.98
  2011.0383         -110.43            0.93
  2011.0411         -110.80            0.97
  2011.0438         -108.93            1.01
  2011.0466         -110.57            0.91
  2011.0493         -111.08            1.04
  2011.0520         -110.23            0.98
  2011.0548         -110.57            0.98
  2011.0575         -111.05            0.95
  2011.0603         -109.65            0.98
  2011.0630         -111.10            0.94
  2011.0658         -111.17            0.95
  2011.0685         -111.62            0.97
  2011.0713         -114.23            0.98
  2011.0740         -113.02            1.00
  2011.0767         -112.71            0.96
  2011.0795         -112.23            0.95
  2011.0822         -113.34            0.96
  2011.0850         -113.05            0.96
  2011.0876         -113.57            0.91
  2011.0905         -112.76            0.93
  2011.0931         -113.29            0.97
  2011.0959         -113.92            0.93
  2011.0986         -114.16            0.91
  2011.1013         -115.24            0.93
  2011.1041         -116.28            0.91
  2011.1068         -113.80            1.00
  2011.1096         -115.30            0.95
  2011.1123         -114.39            1.02
  2011.1151         -116.21            0.97
  2011.1178         -116.13            1.04
  2011.1206         -115.43            1.14
  2011.1233         -116.23            0.96
  2011.1260         -118.06            0.94
  2011.1288         -118.21            0.98
  2011.1315         -116.89            0.99
  2011.1343         -117.58            0.99
  2011.1370         -119.00            0.98
  2011.1398         -117.07            0.96
  2011.1425         -116.29            0.99
  2011.1453         -116.64            0.97
  2011.1479         -118.18            1.06
  2011.1506         -116.46            0.99
  2011.1644         -119.32            0.96
  2011.1671         -116.85            3.93
  2011.1699         -118.51            0.98
  2011.1726         -118.57            1.02
  2011.1753         -119.68            0.99
  2011.1781         -120.84            1.23
  2011.1808         -120.96            0.95
  2011.1836         -122.14            0.97
  2011.1863         -121.80            1.01
  2011.1891         -120.99            1.16
  2011.1918         -121.82            1.14
  2011.1946         -122.57            1.11
  2011.1973         -122.10            0.95
  2011.2000         -122.06            1.05
  2011.2028         -121.97            1.13
  2011.2054         -124.79            1.08
  2011.2083         -123.17            1.02
  2011.2109         -123.69            0.95
  2011.2137         -124.15            0.94
  2011.2164         -122.95            0.91
  2011.2192         -123.07            1.01
  2011.2219         -123.69            1.01
  2011.2246         -122.64            0.95
  2011.2274         -124.36            0.99
  2011.2301         -124.19            1.00
  2011.2329         -123.87            0.96
  2011.2356         -123.89            0.96
  2011.2384         -123.17            0.93
  2011.2411         -124.33            0.97
  2011.2439         -123.59            1.01
  2011.2466         -124.43            1.12
  2011.2493         -122.94            1.05
  2011.2521         -124.91            1.02
  2011.2548         -124.90            0.98
  2011.2576         -124.90            0.93
  2011.2603         -123.92            1.20
  2011.2631         -124.18            0.96
  2011.2657         -124.88            0.94
  2011.2684         -123.44            0.92
  2011.2712         -124.13            0.95
  2011.2739         -125.08            0.98
  2011.2767         -126.66            1.03
  2011.2794         -126.97            0.98
  2011.2822         -128.12            1.04
  2011.2849         -126.90            0.97
  2011.2877         -126.51            0.92
  2011.2904         -126.99            0.91
  2011.2931         -127.70            2.05
  2011.2959         -127.96            0.91
  2011.2986         -129.04            0.93
  2011.3014         -129.55            0.93
  2011.3041         -132.34            1.02
  2011.3069         -130.94            1.06
  2011.3096         -128.58            0.91
  2011.3124         -128.01            0.91
  2011.3151         -128.03            0.88
  2011.3177         -128.44            0.88
  2011.3206         -128.50            0.89
  2011.3232         -127.93            0.97
  2011.3260         -128.66            0.90
  2011.3287         -130.51            0.91
  2011.3315         -129.91            0.89
  2011.3342         -130.30            0.88
  2011.3370         -129.48            0.91
  2011.3397         -129.01            0.93
  2011.3424         -131.16            0.91
  2011.3452         -128.54            0.89
  2011.3479         -131.25            0.93
  2011.3507         -129.27            0.90
  2011.3534         -130.32            0.92
  2011.3562         -132.24            0.99
  2011.3589         -129.41            0.92
  2011.3617         -130.05            0.90
  2011.3644         -130.39            0.86
  2011.3671         -130.39            0.89
  2011.3699         -132.07            0.90
  2011.3726         -132.45            0.94
  2011.3754         -132.25            0.92
  2011.3781         -132.62            0.93
  2011.3809         -133.58            1.00
  2011.3835         -132.10            1.00
  2011.3864         -133.39            0.97
  2011.3890         -133.98            0.94
  2011.3917         -134.27            0.93
  2011.3945         -133.82            0.97
  2011.3972         -134.41            0.89
  2011.4000         -133.54            0.89
  2011.4027         -135.19            0.93
  2011.4055         -134.54            0.90
  2011.4082         -135.51            0.86
  2011.4110         -135.95            0.87
  2011.4137         -135.69            0.87
  2011.4164         -136.68            0.89
  2011.4192         -137.00            0.91
  2011.4219         -135.08            0.88
  2011.4247         -137.01            0.92
  2011.4274         -136.43            0.97
  2011.4302         -137.63            0.97
  2011.4329         -137.62            1.05
  2011.4357         -137.58            1.06
  2011.4384         -137.81            0.91
  2011.4410         -136.24            0.99
  2011.4438         -136.14            0.94
  2011.4465         -139.49            0.98
  2011.4493         -138.70            0.90
  2011.4520         -139.33            0.90
  2012.0027         -158.08            1.06
  2012.0055         -160.06            1.02
  2012.0082         -159.15            0.98
  2012.0110         -158.35            1.01
  2012.0137         -156.83            1.13
  2012.0165         -159.53            1.01
  2012.0192         -161.17            1.10
  2012.0220         -161.65            1.09
  2012.0247         -161.33            1.24
  2012.0273         -160.76            1.25
  2012.0302         -158.85            1.10
  2012.0328         -160.92            1.03
  2012.0356         -160.73            1.02
  2012.0383         -161.20            1.10
  2012.0411         -160.26            1.17
  2012.0438         -160.05            1.07
  2012.0466         -160.25            1.25
  2012.0493         -158.68            1.25
  2012.0520         -160.47            1.06
  2012.0548         -156.06            1.19
  2012.0603         -162.35            1.16
  2012.0630         -164.55            1.15
  2012.0658         -160.42            1.11
  2012.0685         -161.99            1.45
  2012.0713         -160.88            1.49
  2012.0740         -161.87            1.31
  2012.0767         -160.88            1.48
  2012.0795         -162.22            1.21
  2012.0822         -162.99            1.17
  2012.0850         -161.08            1.08
  2012.0876         -160.62            1.10
  2012.0905         -161.56            1.13
  2012.0931         -160.94            1.06
  2012.0959         -162.12            1.12
  2012.0986         -161.95            1.07
  2012.1013         -161.56            1.13
  2012.1041         -161.12            1.20
  2012.1068         -161.08            1.07
  2012.1096         -160.99            1.02
  2012.1123         -162.50            1.01
  2012.1151         -162.16            1.06
  2012.1178         -163.51            1.17
  2012.1206         -161.34            1.17
  2012.1233         -161.80            1.10
  2012.1260         -161.57            1.09
  2012.1288         -164.76            1.13
  2012.1315         -166.88            1.23
  2012.1343         -162.87            1.22
  2012.1370         -163.68            1.21
  2012.1398         -163.68            1.13
  2012.1425         -164.24            1.03
  2012.1453         -164.07            1.06
  2012.1479         -164.20            1.05
  2012.1506         -165.20            1.04
  2012.1534         -166.87            1.11
  2012.1561         -165.50            1.11
  2012.1589         -163.04            1.14
  2012.1616         -165.24            1.10
  2012.1644         -163.24            1.09
  2012.1671         -165.05            1.12
  2012.1699         -165.65            1.01
  2012.1726         -164.41            1.09
  2012.1753         -165.41            1.05
  2012.1781         -167.14            1.19
  2012.1808         -164.82            1.08
  2012.1836         -164.20            1.16
  2012.1863         -165.23            1.01
  2012.1891         -166.31            1.01
  2012.1918         -164.14            1.07
  2012.1946         -166.51            1.10
  2012.1973         -165.37            1.10
  2012.2000         -166.29            1.08
  2012.2028         -167.55            1.07
  2012.2054         -166.01            1.03
  2012.2083         -165.87            1.05
  2012.2109         -165.44            1.13
  2012.2137         -165.78            1.02
  2012.2164         -166.24            1.06
  2012.2192         -164.72            0.97
  2012.2219         -164.85            1.03
  2012.2246         -167.50            0.97
  2012.2274         -165.02            0.96
  2012.2301         -166.32            0.99
  2012.2329         -164.95            1.00
  2012.2356         -167.21            1.00
  2012.2384         -167.55            0.97
  2012.2411         -165.87            0.98
  2012.2439         -166.84            0.98
  2012.2466         -167.15            0.93
  2012.2493         -168.65            1.05
  2012.2521         -168.36            1.03
  2012.2548         -169.59            1.01
  2012.2576         -167.80            0.97
  2012.2603         -169.40            1.08
  2012.2631         -168.53            1.03
  2012.2657         -170.56            0.95
  2012.2684         -170.19            1.00
  2012.2712         -167.21            1.03
  2012.2739         -168.21            1.05
  2012.2767         -168.45            1.01
  2012.2794         -166.71            0.97
  2012.2822         -168.82            0.99
  2012.2849         -167.64            1.09
  2012.2877         -166.48            1.04
  2012.2904         -169.16            1.09
  2012.2931         -168.55            1.01
  2012.2959         -169.07            1.01
  2012.2986         -171.10            1.06
  2012.3014         -170.91            0.96
  2012.3041         -170.39            0.94
  2012.3069         -170.32            1.02
  2012.3096         -169.76            0.86
  2012.3124         -169.94            0.91
  2012.3151         -169.08            1.04
  2012.3177         -170.29            0.99
  2012.3206         -169.58            0.95
  2012.3232         -170.44            0.92
  2012.3260         -171.01            0.94
  2012.3287         -170.76            0.90
  2012.3315         -170.65            0.95
  2012.3342         -170.59            0.92
  2012.3370         -171.94            0.95
  2012.3397         -170.24            0.94
  2012.3424         -170.40            0.90
  2012.3452         -170.84            0.97
  2012.3479         -170.78            1.05
  2012.3507         -171.48            0.94
  2012.3534         -171.04            0.91
  2012.3562         -171.80            0.98
  2012.3589         -171.80            1.03
  2012.3617         -172.89            1.11
  2012.3644         -171.96            0.93
  2012.3671         -173.44            1.00
  2012.3699         -172.60            1.00
  2012.3726         -173.34            1.07
  2012.3754         -172.37            1.00
  2012.3781         -172.65            1.05
  2012.3809         -172.79            0.99
  2012.3835         -174.40            1.10
  2012.3864         -172.55            1.05
  2012.3890         -173.62            0.97
  2012.3917         -172.43            0.96
  2012.3945         -174.23            1.03
  2012.3972         -173.13            1.01
  2012.4000         -173.77            0.93
  2012.4027         -174.74            1.03
  2012.4055         -175.53            1.06
  2012.4110         -173.31            0.98
  2012.4137         -171.84            0.95
  2012.4164         -171.88            0.94
  2012.4192         -172.62            1.02
  2012.4219         -173.64            1.08
  2012.4247         -172.09            1.04
  2012.4274         -170.54            1.03
  2012.4302         -171.82            1.00
  2012.4329         -171.91            0.98
  2012.4357         -171.52            0.94
  2012.4384         -171.61            0.92
  2012.4410         -171.98            1.06
  2012.4438         -171.45            0.94
  2012.4465         -172.05            1.03
  2012.4493         -174.96            1.06
  2012.4520         -172.88            1.13
  2012.4548         -170.40            0.97
  2012.4575         -170.23            1.01
  2012.4603         -168.24            2.27
  2012.4657         -170.28            1.63
  2012.4685         -171.25            0.99
  2012.4712         -171.95            1.11
  2012.4740         -171.10            1.55
  2012.4767         -170.67            1.00
  2012.4795         -170.95            0.98
  2012.4822         -169.98            0.98
  2012.4850         -169.69            0.95
  2012.4877         -170.85            0.97
  2012.4904         -170.59            1.03
  2012.4932         -170.61            1.03
  2012.4958         -170.15            1.05
  2012.4987         -168.69            1.06
  2012.5013         -172.09            1.11
  2012.5042         -170.67            1.54
  2012.5068         -171.58            1.00
  2012.5096         -171.35            1.03
  2012.5123         -170.48            1.09
  2012.5150         -170.36            1.02
  2012.5178         -170.97            0.96
  2012.5205         -171.26            1.02
  2012.5233         -171.05            1.04
  2012.5260         -171.25            0.99
  2012.5288         -171.00            0.99
  2012.5315         -171.26            0.97
  2012.5343         -172.25            0.98
  2012.5370         -171.07            0.94
  2012.5397         -171.15            0.95
  2012.5425         -170.34            0.99
  2012.5452         -170.11            1.02
  2012.5480         -170.46            1.02
  2012.5507         -171.51            1.10
  2012.5535         -172.40            1.00
  2012.5562         -172.26            0.98
  2012.5590         -171.67            0.99
  2012.5616         -171.72            1.01
  2012.5643         -170.12            0.98
  2012.5671         -171.22            0.96
  2012.5698         -171.67            0.97
  2012.5726         -171.66            1.00
