  2011.0520            0.00            2.35
  2011.0548           -7.58            1.61
  2011.3370           14.70            2.22
  2012.0027    -98493816.00            1.73
  2012.0055    -98493816.00            1.75
  2012.0082    -98493808.00            1.79
  2012.0110    -98493816.00            1.76
  2012.0137    -98493808.00            1.77
  2012.0165    -98493816.00            1.68
  2012.0192    -98493816.00            1.81
  2012.0220    -98493824.00            1.71
  2012.0247    -98493816.00            2.11
  2012.0273    -98493816.00            2.06
  2012.0302    -98493800.00            1.76
  2012.0328    -98493808.00            1.84
  2012.0356    -98493824.00            1.63
  2012.0383    -98493816.00            1.63
  2012.0411    -98493816.00            1.87
  2012.0438    -98493816.00            4.04
  2012.0466    -98493792.00            8.82
  2012.0493    -98493816.00            1.94
  2012.0520    -98493768.00            7.73
  2012.0548    -98493824.00            1.92
  2012.0630    -98493824.00            2.72
  2012.0658    -98493824.00            1.86
  2012.0685    -98493824.00            2.40
  2012.0713    -98493808.00            2.36
  2012.0740    -98493808.00            2.35
  2012.0767    -98493816.00            2.37
  2012.0795    -98493824.00            2.02
  2012.0822    -98493824.00            2.05
  2012.0850    -98493808.00            1.81
  2012.0876    -98493808.00            1.76
  2012.0905    -98493792.00            7.68
  2012.0931    -98493808.00            1.75
  2012.0959    -98493816.00            2.01
  2012.0986    -98493808.00            1.80
  2012.1013    -98493816.00            1.85
  2012.1041    -98493816.00            1.98
  2012.1068    -98493816.00            1.90
  2012.1096    -98493832.00            1.75
  2012.1123    -98493816.00            1.80
  2012.1151    -98493816.00            1.68
  2012.1178    -98493808.00            2.00
  2012.1206    -98493816.00            1.94
  2012.1233    -98493808.00            1.79
  2012.1260    -98493800.00            1.77
  2012.1288    -98493824.00            1.82
  2012.1315    -98493816.00            2.17
  2012.1343    -98493800.00            1.96
  2012.1370    -98493808.00            2.02
  2012.1398    -98493816.00            1.83
  2012.1425    -98493816.00            1.70
  2012.1453    -98493816.00            2.04
  2012.1479    -98493800.00            1.80
  2012.1506    -98493816.00            1.82
  2012.1534    -98493816.00            1.82
  2012.1561    -98493816.00            1.83
  2012.1589    -98493824.00            1.87
  2012.1616    -98493800.00            1.81
  2012.1644    -98493808.00            1.89
  2012.1671    -98493816.00            1.77
  2012.1699    -98493816.00            1.59
  2012.1726    -98493816.00            1.78
  2012.1753    -98493816.00            1.85
  2012.1781    -98493808.00            2.03
  2012.1808    -98493832.00            1.74
  2012.1836    -98493800.00            2.05
  2012.1863    -98493816.00            1.60
  2012.1891    -98493816.00            1.64
  2012.1918    -98493808.00            1.94
  2012.1946    -98493816.00            1.87
  2012.1973    -98493824.00            1.87
  2012.2000    -98493816.00            1.89
  2012.2028    -98493824.00            1.67
  2012.2054    -98493824.00            1.58
  2012.2083    -98493824.00            1.74
  2012.2109    -98493816.00            1.86
  2012.2137    -98493816.00            1.77
  2012.2164    -98493816.00            1.70
  2012.2192    -98493824.00            1.57
  2012.2219    -98493816.00            1.63
  2012.2246    -98493824.00            1.71
  2012.2274    -98493824.00            1.63
  2012.2301    -98493824.00            1.57
  2012.2329    -98493816.00            1.71
  2012.2356    -98493824.00            1.65
  2012.2384    -98493824.00            1.70
  2012.2411    -98493824.00            1.59
  2012.2439    -98493824.00            1.61
  2012.2466    -98493832.00            1.55
  2012.2493    -98493824.00            1.72
  2012.2521    -98493816.00            1.72
  2012.2548    -98493824.00            1.80
  2012.2576    -98493816.00            1.71
  2012.2603    -98493824.00            1.83
  2012.2631    -98493832.00            1.77
  2012.2657    -98493824.00            1.52
  2012.2684    -98493824.00            1.63
  2012.2712    -98493816.00            5.30
  2012.2739    -98493824.00            1.67
  2012.2767    -98493816.00            2.71
  2012.2794    -98493824.00            1.54
  2012.2822    -98493824.00            1.75
  2012.2849    -98493824.00            1.80
  2012.2877    -98493816.00            2.41
  2012.2904    -98493808.00            1.79
  2012.2931    -98493824.00            1.59
  2012.2959    -98493816.00            1.62
  2012.2986    -98493824.00            1.73
  2012.3014    -98493816.00            1.53
  2012.3041    -98493816.00            1.53
  2012.3069    -98493832.00            1.75
  2012.3096    -98493832.00            1.48
  2012.3124    -98493832.00            1.59
  2012.3151    -98493824.00            1.83
  2012.3177    -98493824.00            1.67
  2012.3206    -98493824.00            1.68
  2012.3232    -98493824.00            1.46
  2012.3260    -98493840.00            8.14
  2012.3287    -98493816.00            7.57
  2012.3315    -98493832.00            1.52
  2012.3342    -98493824.00            1.53
  2012.3370    -98493824.00            1.54
  2012.3397    -98493792.00            7.57
  2012.3424    -98493824.00            1.56
  2012.3452    -98493824.00            1.72
  2012.3479    -98493824.00            1.70
  2012.3507    -98493816.00            1.52
  2012.3534    -98493808.00            7.43
  2012.3562    -98493816.00            1.50
  2012.3589    -98493832.00            1.57
  2012.3617    -98493816.00            1.59
  2012.3644    -98493824.00            1.47
  2012.3671    -98493824.00            1.53
  2012.3699    -98493816.00            1.52
  2012.3726    -98493824.00            1.57
  2012.3754    -98493816.00            1.63
  2012.3781    -98493848.00            8.40
  2012.3809    -98493824.00            1.54
  2012.3835    -98493824.00            1.66
  2012.3864    -98493808.00            1.61
  2012.3890    -98493816.00            1.67
  2012.3917    -98493840.00            1.69
  2012.3945    -98493840.00            1.60
  2012.3972    -98493824.00            1.61
  2012.4000    -98493816.00            1.59
  2012.4027    -98493824.00            1.62
  2012.4055    -98493816.00            1.75
  2012.4110    -98493824.00            1.56
  2012.4137    -98493824.00            1.53
  2012.4164    -98493824.00            1.55
  2012.4192    -98493824.00            1.48
  2012.4219    -98493824.00            1.66
  2012.4247    -98493816.00            1.57
  2012.4274    -98493816.00            1.57
  2012.4302    -98493824.00            1.51
  2012.4329    -98493824.00            1.70
  2012.4357    -98493824.00            1.43
  2012.4384    -98493824.00            1.36
  2012.4410    -98493824.00            1.62
  2012.4438    -98493824.00            1.46
  2012.4465    -98493824.00            1.53
  2012.4493    -98493824.00            1.58
  2012.4520    -98493816.00            1.67
  2012.4548    -98493824.00            1.53
  2012.4575    -98493824.00            1.54
  2012.4603    -98493832.00            1.54
  2012.4630    -98493824.00            1.58
  2012.4657    -98493824.00            1.50
  2012.4685    -98493824.00            1.49
  2012.4712    -98493824.00            1.65
  2012.4740    -98493824.00            1.51
  2012.4767    -98493824.00            1.51
  2012.4795    -98493824.00            1.47
  2012.4822    -98493824.00            1.46
  2012.4850    -98493832.00            1.40
  2012.4877    -98493824.00            1.52
  2012.4904    -98493824.00            1.55
  2012.4932    -98493824.00            1.53
  2012.4958    -98493824.00            1.56
  2012.4987    -98493824.00            1.56
  2012.5013    -98493824.00            1.64
  2012.5042    -98493824.00            1.57
  2012.5068    -98493832.00            1.47
  2012.5096    -98493832.00            1.55
  2012.5123    -98493824.00            1.64
  2012.5150    -98493824.00            1.66
  2012.5178    -98493832.00            3.86
  2012.5205    -98493824.00            1.49
  2012.5233    -98493824.00            1.55
  2012.5260    -98493832.00            1.46
  2012.5288    -98493824.00            1.50
  2012.5315    -98493832.00            1.50
  2012.5343    -98493824.00            1.49
  2012.5370    -98493832.00            1.48
  2012.5397    -98493840.00            1.51
  2012.5425    -98493832.00            1.53
  2012.5452    -98493832.00            8.54
  2012.5480    -98493824.00            1.53
  2012.5507    -98493832.00            1.59
  2012.5535    -98493824.00            1.50
  2012.5562    -98493824.00            1.49
  2012.5590    -98493824.00            1.49
  2012.5616    -98493824.00            1.47
  2012.5643    -98493816.00            5.97
  2012.5671    -98493824.00            1.57
  2012.5698    -98493824.00            1.44
  2012.5726    -98493832.00            1.44
  2012.5753    -98493824.00            1.43
  2012.5781    -98493824.00            1.49
  2012.5808    -98493832.00            1.48
  2012.5836    -98493824.00            1.47
  2012.5863    -98493824.00            1.57
  2012.5890    -98493824.00            1.50
  2012.5918    -98493824.00            1.53
  2012.5945    -98493832.00            1.43
  2012.5973    -98493824.00            2.25
  2012.6000    -98493832.00            1.46
  2012.6028    -98493824.00            1.49
  2012.6055    -98493832.00            1.57
  2012.6083    -98493824.00            1.49
  2012.6110    -98493824.00            1.43
  2012.6136    -98493824.00            4.33
  2012.6165    -98493816.00            9.11
  2012.6191    -98493832.00            1.50
  2012.6219    -98493816.00           10.69
  2012.6274    -98493832.00            1.83
  2012.6301    -98493832.00            1.68
  2012.6356    -98493832.00            1.56
  2012.6383    -98493832.00            1.63
  2012.6411    -98493824.00            1.59
  2012.6438    -98493832.00            1.59
  2012.6466    -98493824.00            1.54
  2012.6493    -98493832.00            1.49
  2012.6521    -98493840.00            1.51
  2012.6548    -98493840.00            1.43
  2012.6576    -98493840.00            1.45
  2012.6603    -98493832.00            1.49
  2012.6630    -98493808.00            1.75
  2012.6658    -98493832.00            1.49
  2012.6685    -98493824.00            1.59
  2012.6713    -98493824.00            1.60
  2012.6740    -98493832.00            1.68
  2012.6768    -98493832.00            1.66
  2012.6794    -98493824.00            1.57
  2012.6823    -98493832.00            1.65
  2012.6849    -98493832.00            1.58
  2012.6876    -98493832.00            1.64
  2012.6904    -98493824.00            1.55
  2012.6931    -98493832.00            1.52
  2012.6959    -98493832.00            1.50
  2012.6986    -98493832.00            1.59
  2012.7014    -98493832.00            1.60
  2012.7069    -98493824.00            1.50
  2012.7096    -98493816.00            1.59
  2012.7123    -98493824.00            1.58
  2012.7151    -98493832.00           13.02
  2012.7178    -98493848.00            1.67
  2012.7206    -98493848.00           11.90
  2012.7233    -98493832.00            1.57
  2012.7261    -98493832.00            1.58
  2012.7288    -98493832.00            1.54
  2012.7316    -98493832.00            1.56
  2012.7343    -98493816.00            1.80
  2012.7369    -98493840.00            1.90
  2012.7397    -98493840.00            1.64
  2012.7424    -98493832.00            1.56
  2012.7452    -98493832.00            1.74
  2012.7479    -98493848.00            1.81
  2012.7507    -98493832.00            1.80
  2012.7534    -98493848.00            1.95
  2012.7561    -98493832.00            1.78
  2012.7589    -98493824.00            1.76
  2012.7616    -98493808.00            1.79
  2012.7644    -98493824.00            1.63
  2012.7671    -98493840.00            1.86
  2012.7699    -98493832.00            1.78
  2012.7726    -98493832.00            1.78
  2012.7754    -98493832.00            1.92
  2012.7781    -98493840.00            1.58
  2012.7808    -98493832.00            1.60
  2012.7836    -98493840.00            1.58
  2012.7863    -98493832.00            1.61
  2012.7891    -98493832.00            1.68
  2012.7917    -98493824.00            1.79
  2012.7946    -98493832.00            1.86
  2012.7972    -98493832.00            1.87
  2012.8000    -98493840.00            1.60
  2012.8027    -98493824.00            1.76
  2012.8054    -98493824.00            1.92
  2012.8082    -98493816.00            2.00
  2012.8109    -98493832.00            1.87
  2012.8137    -98493832.00            1.88
  2012.8164    -98493824.00            1.74
  2012.8192    -98493824.00            1.76
  2012.8219    -98493824.00            1.99
  2012.8247    -98493824.00            1.85
  2012.8274    -98493824.00            1.75
  2012.8301    -98493840.00            2.13
  2012.8329    -98493832.00            1.86
  2012.8356    -98493824.00            1.64
  2012.8384    -98493824.00            1.63
  2012.8411    -98493824.00            1.68
  2012.8439    -98493824.00            1.86
  2012.8466    -98493824.00            1.72
  2012.8494    -98493816.00            1.84
  2012.8521    -98493832.00            1.78
  2012.8547    -98493832.00            1.95
  2012.8575    -98493816.00            1.88
  2012.8602    -98493808.00            1.99
  2012.8630    -98493864.00            1.95
  2012.8657    -98493832.00            1.77
  2012.8685    -98493816.00            1.82
  2012.8712    -98493824.00            1.68
  2012.8740    -98493824.00            1.73
  2012.8767    -98493824.00            2.03
  2012.8794    -98493832.00            1.71
  2012.8822    -98493832.00            1.72
  2012.8849    -98493816.00            1.77
  2012.8877    -98493816.00            1.63
  2012.8904    -98493824.00            1.79
  2012.8932    -98493816.00            1.97
  2012.8959    -98493840.00            1.99
  2012.8987    -98493816.00            1.80
  2012.9014    -98493832.00            1.98
  2012.9041    -98493848.00            6.71
  2012.9069    -98493816.00            1.80
  2012.9095    -98493800.00            6.51
  2012.9124    -98493824.00            1.83
  2012.9150    -98493840.00            2.35
  2012.9178    -98493824.00            1.89
  2012.9205    -98493832.00            1.98
  2012.9233    -98493824.00            2.79
  2012.9260    -98493824.00            2.24
  2012.9287    -98493824.00            1.91
  2012.9315    -98493824.00            1.89
  2012.9342    -98493848.00            2.62
  2012.9370    -98493808.00            1.98
  2012.9397    -98493824.00            1.81
  2012.9425    -98493824.00            1.85
  2012.9452    -98493808.00            2.13
  2012.9480    -98493816.00            1.89
  2012.9507    -98493816.00            1.89
  2012.9534    -98493824.00            1.84
  2012.9562    -98493816.00            1.97
  2012.9589    -98493824.00            2.03
  2012.9617    -98493816.00            2.20
  2012.9644    -98493824.00           10.16
  2012.9672    -98493832.00            2.24
  2012.9698    -98493824.00            2.35
  2012.9727    -98493824.00            2.14
  2012.9753    -98493848.00            1.93
  2012.9780    -98493824.00            1.84
  2012.9808    -98493832.00            1.89
  2012.9835    -98493832.00            2.34
  2012.9863    -98493824.00            2.04
  2012.9890    -98493816.00            1.98
  2012.9918    -98493824.00            1.68
  2012.9945    -98493824.00            1.66
  2012.9973    -98493824.00            1.78
  2013.0000    -98493816.00            1.77
  2013.0027    -98493832.00            2.13
  2013.0027    -98493832.00            1.50
  2013.0055    -98493824.00            1.48
  2013.0082    -98493824.00            1.56
  2013.0110    -98493824.00            1.58
  2013.0137    -98493824.00            1.77
  2013.0165    -98493824.00            1.81
  2013.0192    -98493808.00            1.83
  2013.0220    -98493816.00            1.68
  2013.0247    -98493832.00            1.82
  2013.0273    -98493816.00            1.72
  2013.0302    -98493824.00            1.64
  2013.0328    -98493816.00            1.63
  2013.0356    -98493824.00            1.60
  2013.0383    -98493816.00            1.58
  2013.0411    -98493816.00            1.67
  2013.0438    -98493808.00            1.82
  2013.0466    -98493816.00            1.95
  2013.0493    -98493816.00            1.65
  2013.0520    -98493824.00            1.59
  2013.0548    -98493816.00            1.52
  2013.0575    -98493824.00            1.59
  2013.0603    -98493816.00            1.75
  2013.0630    -98493816.00            1.74
  2013.0658    -98493824.00            1.81
  2013.0685    -98493824.00            1.72
  2013.0713    -98493824.00            1.52
  2013.0740    -98493824.00            1.53
  2013.0767    -98493808.00            1.60
  2013.0795    -98493816.00            1.58
  2013.0822    -98493824.00            1.59
  2013.0850    -98493808.00            1.64
  2013.0876    -98493816.00            1.73
  2013.0905    -98493808.00            1.70
  2013.0931    -98493824.00            1.61
  2013.0959    -98493824.00            1.58
  2013.1013    -98493816.00            2.06
  2013.1206    -98493816.00            1.69
  2013.2356    -98493824.00            1.60
  2013.2384    -98493824.00            1.55
  2013.2466    -98493824.00            1.60
  2013.2493    -98493840.00            1.70
  2013.2548    -98493824.00            1.69
  2013.2712    -98493824.00            1.99
  2013.2794    -98493832.00            1.63
  2013.2822    -98493832.00            1.47
  2013.2849    -98493824.00            1.47
  2013.2877    -98493832.00            1.44
  2013.2904    -98493832.00            1.47
  2013.2931    -98493824.00            1.49
  2013.2959    -98493824.00            1.61
  2013.2986    -98493824.00            1.57
  2013.3014    -98493824.00            1.57
  2013.3041    -98493824.00            1.70
  2013.3069    -98493832.00            1.66
  2013.3096    -98493840.00            1.62
  2013.3124    -98493832.00            1.59
  2013.3151    -98493824.00            1.64
  2013.3177    -98493824.00            1.58
  2013.3206    -98493824.00            1.63
  2013.3232    -98493832.00            1.64
  2013.3479    -98493824.00            1.59
  2013.3562    -98493824.00            1.63
