  2011.0520            0.00            1.50
  2011.0548           -1.70            1.10
  2011.3370          -17.63            1.45
  2012.0027   1100772352.00            1.51
  2012.0055   1100772352.00            1.52
  2012.0082   1100772352.00            1.55
  2012.0110   1100772352.00            1.68
  2012.0137   1100772352.00            1.54
  2012.0165   1100772352.00            1.60
  2012.0192   1100772352.00            1.54
  2012.0220   1100772352.00            1.46
  2012.0247   1100772352.00            2.00
  2012.0273   1100772352.00            1.75
  2012.0302   1100772352.00            1.48
  2012.0328   1100772352.00            1.59
  2012.0356   1100772352.00            1.38
  2012.0383   1100772352.00            1.40
  2012.0411   1100772352.00            1.60
  2012.0438   1100772352.00            3.36
  2012.0466   1100772352.00            6.87
  2012.0493   1100772352.00            1.67
  2012.0520   1100772352.00            5.87
  2012.0548   1100772352.00            1.61
  2012.0630   1100772352.00            2.29
  2012.0658   1100772352.00            1.60
  2012.0685   1100772352.00            2.09
  2012.0713   1100772352.00            2.03
  2012.0740   1100772352.00            2.03
  2012.0767   1100772352.00            2.01
  2012.0795   1100772352.00            1.71
  2012.0822   1100772352.00            1.76
  2012.0850   1100772352.00            1.55
  2012.0876   1100772352.00            1.49
  2012.0905   1100772352.00            5.90
  2012.0931   1100772352.00            1.50
  2012.0959   1100772352.00            1.93
  2012.0986   1100772352.00            1.51
  2012.1013   1100772352.00            1.57
  2012.1041   1100772352.00            1.68
  2012.1068   1100772352.00            1.82
  2012.1096   1100772352.00            1.66
  2012.1123   1100772352.00            1.73
  2012.1151   1100772352.00            1.43
  2012.1178   1100772352.00            1.89
  2012.1206   1100772352.00            1.65
  2012.1233   1100772352.00            1.52
  2012.1260   1100772352.00            1.52
  2012.1288   1100772352.00            1.54
  2012.1315   1100772352.00            2.06
  2012.1343   1100772352.00            1.66
  2012.1370   1100772352.00            1.69
  2012.1398   1100772352.00            1.54
  2012.1425   1100772352.00            1.48
  2012.1453   1100772352.00            1.63
  2012.1479   1100772352.00            1.52
  2012.1506   1100772352.00            1.51
  2012.1534   1100772352.00            1.55
  2012.1561   1100772352.00            1.56
  2012.1589   1100772352.00            1.58
  2012.1616   1100772352.00            1.58
  2012.1644   1100772352.00            1.82
  2012.1671   1100772352.00            1.49
  2012.1699   1100772352.00            1.39
  2012.1726   1100772352.00            1.53
  2012.1753   1100772352.00            1.76
  2012.1781   1100772352.00            1.74
  2012.1808   1100772352.00            1.56
  2012.1836   1100772352.00            1.95
  2012.1863   1100772352.00            1.40
  2012.1891   1100772352.00            1.38
  2012.1918   1100772352.00            1.86
  2012.1946   1100772352.00            1.81
  2012.1973   1100772352.00            1.77
  2012.2000   1100772352.00            1.79
  2012.2028   1100772352.00            1.45
  2012.2054   1100772352.00            1.36
  2012.2083   1100772352.00            1.69
  2012.2109   1100772352.00            1.80
  2012.2137   1100772352.00            1.69
  2012.2164   1100772352.00            1.49
  2012.2192   1100772352.00            1.34
  2012.2219   1100772352.00            1.39
  2012.2246   1100772352.00            1.63
  2012.2274   1100772352.00            1.58
  2012.2301   1100772352.00            1.38
  2012.2329   1100772352.00            1.63
  2012.2356   1100772352.00            1.42
  2012.2384   1100772352.00            1.62
  2012.2411   1100772352.00            1.35
  2012.2439   1100772352.00            1.38
  2012.2466   1100772352.00            1.31
  2012.2493   1100772352.00            1.46
  2012.2521   1100772352.00            1.49
  2012.2548   1100772352.00            1.55
  2012.2576   1100772352.00            1.64
  2012.2603   1100772352.00            1.57
  2012.2631   1100772352.00            1.50
  2012.2657   1100772352.00            1.37
  2012.2684   1100772352.00            1.38
  2012.2712   1100772352.00            4.22
  2012.2739   1100772352.00            1.41
  2012.2767   1100772352.00            2.48
  2012.2794   1100772352.00            1.33
  2012.2822   1100772352.00            1.46
  2012.2849   1100772352.00            1.52
  2012.2877   1100772352.00            2.17
  2012.2904   1100772352.00            1.68
  2012.2931   1100772352.00            1.40
  2012.2959   1100772352.00            1.39
  2012.2986   1100772352.00            1.48
  2012.3014   1100772352.00            1.31
  2012.3041   1100772352.00            1.31
  2012.3069   1100772352.00            1.44
  2012.3096   1100772352.00            1.30
  2012.3124   1100772352.00            1.36
  2012.3151   1100772352.00            1.57
  2012.3177   1100772352.00            1.41
  2012.3206   1100772352.00            1.62
  2012.3232   1100772352.00            1.30
  2012.3260   1100772352.00            7.03
  2012.3287   1100772352.00            6.50
  2012.3315   1100772352.00            1.30
  2012.3342   1100772352.00            1.47
  2012.3370   1100772352.00            1.31
  2012.3397   1100772352.00            6.11
  2012.3424   1100772352.00            1.49
  2012.3452   1100772352.00            1.45
  2012.3479   1100772352.00            1.62
  2012.3507   1100772352.00            1.30
  2012.3534   1100772352.00            6.30
  2012.3562   1100772352.00            1.27
  2012.3589   1100772352.00            1.37
  2012.3617   1100772352.00            1.41
  2012.3644   1100772352.00            1.24
  2012.3671   1100772352.00            1.30
  2012.3699   1100772352.00            1.29
  2012.3726   1100772352.00            1.33
  2012.3754   1100772352.00            1.37
  2012.3781   1100772352.00            7.11
  2012.3809   1100772352.00            1.29
  2012.3835   1100772352.00            1.43
  2012.3864   1100772352.00            1.36
  2012.3890   1100772352.00            1.42
  2012.3917   1100772352.00            1.47
  2012.3945   1100772352.00            1.39
  2012.3972   1100772352.00            1.35
  2012.4000   1100772352.00            1.49
  2012.4027   1100772352.00            1.37
  2012.4055   1100772352.00            1.49
  2012.4110   1100772352.00            1.33
  2012.4137   1100772352.00            1.29
  2012.4164   1100772352.00            1.47
  2012.4192   1100772352.00            1.27
  2012.4219   1100772352.00            1.41
  2012.4247   1100772352.00            1.34
  2012.4274   1100772352.00            1.34
  2012.4302   1100772352.00            1.28
  2012.4329   1100772352.00            1.44
  2012.4357   1100772352.00            1.35
  2012.4384   1100772352.00            1.16
  2012.4410   1100772352.00            1.38
  2012.4438   1100772352.00            1.24
  2012.4465   1100772352.00            1.31
  2012.4493   1100772352.00            1.36
  2012.4520   1100772352.00            1.43
  2012.4548   1100772352.00            1.46
  2012.4575   1100772352.00            1.32
  2012.4603   1100772352.00            1.31
  2012.4630   1100772352.00            1.35
  2012.4657   1100772352.00            1.29
  2012.4685   1100772352.00            1.27
  2012.4712   1100772352.00            1.40
  2012.4740   1100772352.00            1.29
  2012.4767   1100772352.00            1.29
  2012.4795   1100772352.00            1.25
  2012.4822   1100772352.00            1.26
  2012.4850   1100772352.00            1.20
  2012.4877   1100772352.00            1.27
  2012.4904   1100772352.00            1.32
  2012.4932   1100772352.00            1.31
  2012.4958   1100772352.00            1.36
  2012.4987   1100772352.00            1.33
  2012.5013   1100772352.00            1.39
  2012.5042   1100772352.00            1.36
  2012.5068   1100772352.00            1.26
  2012.5096   1100772352.00            1.34
  2012.5123   1100772352.00            1.42
  2012.5150   1100772352.00            1.60
  2012.5178   1100772352.00            3.24
  2012.5205   1100772352.00            1.28
  2012.5233   1100772352.00            1.33
  2012.5260   1100772352.00            1.25
  2012.5288   1100772352.00            1.29
  2012.5315   1100772352.00            1.29
  2012.5343   1100772352.00            1.28
  2012.5370   1100772352.00            1.27
  2012.5397   1100772352.00            1.31
  2012.5425   1100772352.00            1.32
  2012.5452   1100772352.00           14.47
  2012.5480   1100772352.00            1.30
  2012.5507   1100772352.00            1.35
  2012.5535   1100772352.00            1.29
  2012.5562   1100772352.00            1.28
  2012.5590   1100772352.00            1.27
  2012.5616   1100772352.00            1.27
  2012.5643   1100772352.00            4.78
  2012.5671   1100772352.00            1.36
  2012.5698   1100772352.00            1.24
  2012.5726   1100772352.00            1.25
  2012.5753   1100772352.00            1.27
  2012.5781   1100772352.00            1.33
  2012.5808   1100772352.00            1.26
  2012.5836   1100772352.00            1.27
  2012.5863   1100772352.00            1.38
  2012.5890   1100772352.00            1.35
  2012.5918   1100772352.00            1.34
  2012.5945   1100772352.00            1.27
  2012.5973   1100772352.00            2.00
  2012.6000   1100772352.00            1.31
  2012.6028   1100772352.00            1.32
  2012.6055   1100772352.00            1.38
  2012.6083   1100772352.00            1.34
  2012.6110   1100772352.00            1.22
  2012.6136   1100772352.00            3.90
  2012.6165   1100772352.00            7.03
  2012.6191   1100772352.00            1.34
  2012.6219   1100772352.00           10.42
  2012.6274   1100772352.00            1.62
  2012.6301   1100772352.00            1.50
  2012.6356   1100772352.00            1.41
  2012.6383   1100772352.00            1.47
  2012.6411   1100772352.00            1.42
  2012.6438   1100772352.00            1.42
  2012.6466   1100772352.00            1.37
  2012.6493   1100772352.00            1.32
  2012.6521   1100772352.00            1.33
  2012.6548   1100772352.00            1.27
  2012.6576   1100772352.00            1.28
  2012.6603   1100772352.00            1.32
  2012.6630   1100772352.00            1.45
  2012.6658   1100772352.00            1.28
  2012.6685   1100772352.00            1.35
  2012.6713   1100772352.00            1.33
  2012.6740   1100772352.00            1.44
  2012.6768   1100772352.00            1.39
  2012.6794   1100772352.00            1.39
  2012.6823   1100772352.00            1.46
  2012.6849   1100772352.00            1.40
  2012.6876   1100772352.00            1.44
  2012.6904   1100772352.00            1.36
  2012.6931   1100772352.00            1.33
  2012.6959   1100772352.00            1.31
  2012.6986   1100772352.00            1.36
  2012.7014   1100772352.00            1.41
  2012.7069   1100772352.00            1.33
  2012.7096   1100772352.00            1.41
  2012.7123   1100772352.00            1.39
  2012.7151   1100772352.00            7.90
  2012.7178   1100772352.00            1.47
  2012.7206   1100772352.00           10.00
  2012.7233   1100772352.00            1.39
  2012.7261   1100772352.00            1.39
  2012.7288   1100772352.00            1.35
  2012.7316   1100772352.00            1.37
  2012.7343   1100772352.00            1.50
  2012.7369   1100772352.00            1.61
  2012.7397   1100772352.00            1.39
  2012.7424   1100772352.00            1.37
  2012.7452   1100772352.00            1.45
  2012.7479   1100772352.00            1.50
  2012.7507   1100772352.00            1.52
  2012.7534   1100772352.00            1.64
  2012.7561   1100772352.00            1.47
  2012.7589   1100772352.00            1.46
  2012.7616   1100772352.00            1.52
  2012.7644   1100772352.00            1.43
  2012.7671   1100772352.00            1.64
  2012.7699   1100772352.00            1.52
  2012.7726   1100772352.00            1.56
  2012.7754   1100772352.00            1.66
  2012.7781   1100772352.00            1.34
  2012.7808   1100772352.00            1.39
  2012.7836   1100772352.00            1.37
  2012.7863   1100772352.00            1.34
  2012.7891   1100772352.00            1.49
  2012.7917   1100772352.00            1.54
  2012.7946   1100772352.00            1.59
  2012.7972   1100772352.00            1.81
  2012.8000   1100772352.00            1.38
  2012.8027   1100772352.00            1.57
  2012.8054   1100772352.00            1.60
  2012.8082   1100772352.00            1.69
  2012.8109   1100772352.00            1.57
  2012.8137   1100772352.00            1.58
  2012.8164   1100772352.00            1.45
  2012.8192   1100772352.00            1.53
  2012.8219   1100772352.00            1.66
  2012.8247   1100772352.00            1.63
  2012.8274   1100772352.00            1.54
  2012.8301   1100772352.00            1.88
  2012.8329   1100772352.00            1.56
  2012.8356   1100772352.00            1.46
  2012.8384   1100772352.00            1.43
  2012.8411   1100772352.00            1.52
  2012.8439   1100772352.00            1.65
  2012.8466   1100772352.00            1.52
  2012.8494   1100772352.00            1.55
  2012.8521   1100772352.00            1.51
  2012.8547   1100772352.00            1.66
  2012.8575   1100772352.00            1.58
  2012.8602   1100772352.00            1.71
  2012.8630   1100772352.00            1.66
  2012.8657   1100772352.00            1.50
  2012.8685   1100772352.00            1.54
  2012.8712   1100772352.00            1.45
  2012.8740   1100772352.00            1.52
  2012.8767   1100772352.00            1.96
  2012.8794   1100772352.00            1.51
  2012.8822   1100772352.00            1.50
  2012.8849   1100772352.00            1.49
  2012.8877   1100772352.00            1.43
  2012.8904   1100772352.00            1.50
  2012.8932   1100772352.00            1.68
  2012.8959   1100772352.00            1.74
  2012.8987   1100772352.00            1.60
  2012.9014   1100772352.00            1.67
  2012.9041   1100772352.00            5.92
  2012.9069   1100772352.00            1.60
  2012.9095   1100772352.00            5.02
  2012.9124   1100772352.00            1.60
  2012.9150   1100772352.00            1.98
  2012.9178   1100772352.00            1.61
  2012.9205   1100772352.00            1.63
  2012.9233   1100772352.00            2.48
  2012.9260   1100772352.00            1.93
  2012.9287   1100772352.00            1.70
  2012.9315   1100772352.00            1.66
  2012.9342   1100772352.00            2.45
  2012.9370   1100772352.00            1.77
  2012.9397   1100772352.00            1.60
  2012.9425   1100772352.00            1.55
  2012.9452   1100772352.00            1.85
  2012.9480   1100772352.00            1.70
  2012.9507   1100772352.00            1.66
  2012.9534   1100772352.00            1.62
  2012.9562   1100772352.00            1.73
  2012.9589   1100772352.00            1.82
  2012.9617   1100772352.00            1.94
  2012.9644   1100772352.00           18.14
  2012.9672   1100772352.00            1.96
  2012.9698   1100772352.00            1.98
  2012.9727   1100772352.00            1.90
  2012.9753   1100772352.00            1.65
  2012.9780   1100772352.00            1.62
  2012.9808   1100772352.00            1.65
  2012.9835   1100772352.00            2.11
  2012.9863   1100772352.00            1.85
  2012.9890   1100772352.00            1.65
  2012.9918   1100772352.00            1.50
  2012.9945   1100772352.00            1.45
  2012.9973   1100772352.00            1.49
  2013.0000   1100772352.00            1.58
  2013.0027   1100772352.00            1.88
  2013.0027   1100772352.00            1.33
  2013.0055   1100772352.00            1.31
  2013.0082   1100772352.00            1.38
  2013.0110   1100772352.00            1.41
  2013.0137   1100772352.00            1.48
  2013.0165   1100772352.00            1.52
  2013.0192   1100772352.00            1.53
  2013.0220   1100772352.00            1.41
  2013.0247   1100772352.00            1.51
  2013.0273   1100772352.00            1.43
  2013.0302   1100772352.00            1.47
  2013.0328   1100772352.00            1.44
  2013.0356   1100772352.00            1.41
  2013.0383   1100772352.00            1.40
  2013.0411   1100772352.00            1.49
  2013.0438   1100772352.00            1.56
  2013.0466   1100772352.00            1.70
  2013.0493   1100772352.00            1.44
  2013.0520   1100772352.00            1.41
  2013.0548   1100772352.00            1.34
  2013.0575   1100772352.00            1.41
  2013.0603   1100772352.00            1.52
  2013.0630   1100772352.00            1.55
  2013.0658   1100772352.00            1.52
  2013.0685   1100772352.00            1.44
  2013.0713   1100772352.00            1.35
  2013.0740   1100772352.00            1.35
  2013.0767   1100772352.00            1.40
  2013.0795   1100772352.00            1.39
  2013.0822   1100772352.00            1.40
  2013.0850   1100772352.00            1.44
  2013.0876   1100772352.00            1.52
  2013.0905   1100772352.00            1.50
  2013.0931   1100772352.00            1.40
  2013.0959   1100772352.00            1.38
  2013.1013   1100772352.00            1.67
  2013.1206   1100772352.00            1.47
  2013.2356   1100772352.00            1.34
  2013.2384   1100772352.00            1.31
  2013.2466   1100772352.00            1.43
  2013.2493   1100772352.00            1.55
  2013.2548   1100772352.00            1.53
  2013.2712   1100772352.00            1.68
  2013.2794   1100772352.00            1.39
  2013.2822   1100772352.00            1.32
  2013.2849   1100772352.00            1.30
  2013.2877   1100772352.00            1.30
  2013.2904   1100772352.00            1.32
  2013.2931   1100772352.00            1.34
  2013.2959   1100772352.00            1.43
  2013.2986   1100772352.00            1.41
  2013.3014   1100772352.00            1.42
  2013.3041   1100772352.00            1.44
  2013.3069   1100772352.00            1.43
  2013.3096   1100772352.00            1.37
  2013.3124   1100772352.00            1.42
  2013.3151   1100772352.00            1.57
  2013.3177   1100772352.00            1.43
  2013.3206   1100772352.00            1.46
  2013.3232   1100772352.00            1.46
  2013.3479   1100772352.00            1.35
  2013.3562   1100772352.00            1.43
