  2011.0493            0.00            7.14
  2011.0575            3.76            1.03
  2011.0603            3.82            1.06
  2011.0630            4.10            1.04
  2011.0658            3.95            1.05
  2011.0685            1.00            1.05
  2011.0713            1.13            1.10
  2011.0740           -1.16            1.10
  2011.0767            0.38            1.05
  2011.0795           -0.73            1.04
  2011.0822           -0.69            1.05
  2011.0850           -2.65            1.05
  2011.0876           -1.80            1.00
  2011.0905           -4.04            1.00
  2011.0931           -4.84            1.05
  2011.0959           -3.77            1.00
  2011.0986           -3.86            0.98
  2011.1013           -6.58            1.03
  2011.1041           -7.39            1.00
  2011.1068           -5.63            1.09
  2011.1096           -7.21            1.06
  2011.1123           -8.10            1.12
  2011.1151           -7.50            1.05
  2011.1178          -11.69            1.14
  2011.1206          -11.37            1.24
  2011.1233           -9.69            1.06
  2011.1260          -13.01            1.04
  2011.1288          -14.18            1.06
  2011.1315          -13.20            1.09
  2011.1343          -12.64            1.08
  2011.1370          -14.11            1.07
  2011.1398          -13.41            1.05
  2011.1425          -12.44            1.08
  2011.1453          -14.09            1.04
  2011.1479          -15.03            1.17
  2011.1506          -12.28            1.08
  2011.1534          -15.91            1.06
  2011.1561          -17.00            0.99
  2011.1589          -16.48            1.02
  2011.1616          -17.48            1.02
  2011.1644          -17.56            1.05
  2011.1671          -19.34            1.05
  2011.1699          -17.66            1.04
  2011.1726          -18.14            1.11
  2011.1753          -19.36            1.08
  2011.1781          -21.62            1.36
  2011.1808          -21.34            1.04
  2011.1836          -21.64            1.05
  2011.1863          -22.52            1.09
  2011.1891          -22.77            1.27
  2011.1918          -29.15            1.24
  2011.1946          -25.27            1.21
  2011.1973          -26.24            1.03
  2011.2000          -27.91            1.16
  2011.2028          -27.35            1.24
  2011.2054          -29.47            1.16
  2011.2083          -31.78            1.12
  2011.2109          -28.17            1.04
  2011.2137          -29.32            1.02
  2011.2164          -29.31            0.98
  2011.2192          -30.90            1.11
  2011.2219          -32.74            1.29
  2011.2246          -27.81            1.24
  2011.2274          -32.38            1.06
  2011.2301          -31.23            1.12
  2011.2329          -34.03            1.04
  2011.2356          -32.32            1.06
  2011.2384          -31.60            1.04
  2011.2411          -32.89            1.05
  2011.2439          -33.73            1.08
  2011.2466          -38.08            1.23
  2011.2493          -33.61            1.13
  2011.2521          -34.46            1.12
  2011.2548          -34.67            1.05
  2011.2576          -35.81            1.02
  2011.2603          -35.22            1.30
  2011.2631          -34.90            1.04
  2011.2657          -36.23            1.01
  2011.2684          -35.04            1.00
  2011.2712          -35.57            1.04
  2011.2739          -39.91            1.07
  2011.2767          -39.65            1.11
  2011.2794          -43.10            1.09
  2011.2822          -42.87            1.12
  2011.2849          -45.62            1.06
  2011.2877          -46.88            1.00
  2011.2904          -45.74            1.00
  2011.2931          -46.27            2.25
  2011.2959          -47.16            1.00
  2011.2986          -49.38            1.00
  2011.3014          -49.80            1.02
  2011.3041          -53.33            1.12
  2011.3069          -53.39            1.13
  2011.3096          -51.04            0.98
  2011.3124          -51.28            0.98
  2011.3151          -49.35            0.96
  2011.3177          -51.27            0.96
  2011.3206          -52.44            0.96
  2011.3232          -50.92            1.06
  2011.3260          -50.26            0.97
  2011.3287          -53.19            0.99
  2011.3315          -51.57            0.98
  2011.3342          -53.81            0.97
  2011.3370          -54.13            1.10
  2011.3397          -56.87            1.00
  2011.3424          -57.79            1.24
