  2008.0027            0.00            0.13
  2008.0055           -1.96            0.13
  2008.0082            1.12            0.12
  2008.0110            1.84            0.12
  2008.0137           -2.17            0.12
  2008.0165           -0.89            0.12
  2008.0192           -0.02            0.13
  2008.0220            0.08            0.14
  2008.0247            0.57            0.15
  2008.0273            0.06            0.09
  2008.0302            0.83            0.12
  2008.0328            0.90            0.12
  2008.0356            3.38            0.11
  2008.0383            0.79            0.12
  2008.0411            0.82            0.11
  2008.0438            3.53            0.12
  2008.0466            1.13            0.11
  2008.0493            3.33            0.09
  2008.0520            1.35            0.11
  2008.0548            2.09            0.11
  2008.0575            3.06            0.11
  2008.0603            4.34            0.10
  2008.0630            2.22            0.11
  2008.0658            2.76            0.11
  2008.0685            1.03            0.10
  2008.0713            3.10            0.11
  2008.0740            3.12            0.11
  2008.0767            4.63            0.12
  2008.0795            3.80            0.10
  2008.0822            2.94            0.09
  2008.0850            4.04            0.12
  2008.0876            2.37            0.11
  2008.0905            6.22            0.11
  2008.0931            5.54            0.11
  2008.0959            4.06            0.12
  2008.0986            4.48            0.12
  2008.1013            4.54            0.12
  2008.1041            4.12            0.12
  2008.1068            5.43            0.11
  2008.1096            4.12            0.11
  2008.1123            4.53            0.09
  2008.1151            5.34            0.10
  2008.1178            5.04            0.10
  2008.1206            4.70            0.11
  2008.1233            4.79            0.10
  2008.1260            4.47            0.11
  2008.1288            4.28            0.11
  2008.1315            2.71            0.13
  2008.1343            4.44            0.12
  2008.1370            5.09            0.12
  2008.1398            6.65            0.13
  2008.1425            7.09            0.11
  2008.1453            5.49            0.13
  2008.1479            5.46            0.12
  2008.1506            7.06            0.11
  2008.1534            6.91            0.11
  2008.1561            6.43            0.10
  2008.1589            6.33            0.11
  2008.1616            7.02            0.11
  2008.1644            5.63            0.11
  2008.1671            6.85            0.11
  2008.1699            7.31            0.10
  2008.1726            7.15            0.10
  2008.1753            8.59            0.10
  2008.1781            6.72            0.10
  2008.1808            2.55            0.10
  2008.1836            6.58            0.10
  2008.1863            7.16            0.10
  2008.1891            7.77            0.10
  2008.1918            7.17            0.11
  2008.1946            6.23            0.09
  2008.1973            6.98            0.09
  2008.2000            8.88            0.09
  2008.2028            9.52            0.09
  2008.2054            5.88            0.10
  2008.2083            9.48            0.14
  2008.2109           10.70            0.10
  2008.2137            9.62            0.12
  2008.2164            8.49            0.10
  2008.2192            8.81            0.10
  2008.2219            9.65            0.10
  2008.2246            8.77            0.10
  2008.2274            7.66            0.09
  2008.2301            8.77            0.11
  2008.2329            8.91            0.10
  2008.2356            9.40            0.10
  2008.2384            9.84            0.11
  2008.2411            9.97            0.10
  2008.2439            8.75            0.08
  2008.2466            7.71            0.08
  2008.2493            7.60            0.10
  2008.2521            6.40            0.11
  2008.2548            7.48            0.09
  2008.2576            6.57            0.10
  2008.2603            8.00            0.09
  2008.2631            6.57            0.09
  2008.2657            5.91            0.08
  2008.2684            6.76            0.09
  2008.2712            6.58            0.09
  2008.2739            7.14            0.08
  2008.2767            6.98            0.08
  2008.2794            7.15            0.09
  2008.2822            7.42            0.10
  2008.2849           10.44            0.09
  2008.2877            9.43            0.09
  2008.2904            9.45            0.10
  2008.2931            8.62            0.10
  2008.2959            8.16            0.10
  2008.2986            9.72            0.09
  2008.3014            8.15            0.10
  2008.3041            9.68            0.10
  2008.3069            9.48            0.10
  2008.3096            9.88            0.09
  2008.3124            8.96            0.10
  2008.3151           10.45            0.10
  2008.3177            9.46            0.10
  2008.3206           10.47            0.11
  2008.3232            9.22            0.11
  2008.3260           10.78            0.11
  2008.3287           23.34            1.45
  2008.3315           10.03            0.10
  2008.3342           10.28            0.10
  2008.3370           10.28            0.10
  2008.3397            9.07            0.10
  2008.3424            7.65            0.09
  2008.3452           10.35            0.09
  2008.3479            9.41            0.09
  2008.3507           10.20            0.10
  2008.3534           10.17            0.10
  2008.3562           10.65            0.10
  2008.3589            9.85            0.09
  2008.3617            9.98            0.10
  2008.3644            9.57            0.09
  2008.3671            9.58            0.12
  2008.3699            7.91            0.14
  2008.3726            7.29            0.10
  2008.3754            7.77            0.11
  2008.3781            9.38            0.12
  2008.3809            9.88            0.11
  2008.3835            9.01            0.10
  2008.3864            9.67            0.10
  2008.3890            9.77            0.12
  2008.3917            9.66            0.10
  2008.3945            8.52            0.10
  2008.3972            9.46            0.09
  2008.4000           10.42            0.11
  2008.4027            9.03            0.11
  2008.4055            8.44            0.11
  2008.4082            9.02            0.12
  2008.4110            9.03            0.10
  2008.4137            8.23            0.10
  2008.4164            8.99            0.10
  2008.4192            9.57            0.11
  2008.4219            8.88            0.11
  2008.4247            6.36            0.15
  2008.4274           13.67            0.14
  2008.4302            9.45            0.14
  2008.4329            9.67            0.13
  2008.4357           10.91            0.11
  2008.4384            8.08            0.10
  2008.4410            6.10            0.16
  2008.4438            5.30            0.12
  2008.4465            7.90            0.13
  2008.4493            7.83            0.11
  2008.4520            7.70            0.12
  2008.4548            1.06            0.15
  2008.4575            8.99            0.11
  2008.4603           10.27            0.11
  2008.4630            8.77            0.13
  2008.4657           10.47            0.12
  2008.4685            8.76            0.14
  2008.4712           10.14            0.13
  2008.4740            9.84            0.12
  2008.4767            9.15            0.11
  2008.4795            9.59            0.11
  2008.4822            9.01            0.12
  2008.4850            8.48            0.11
  2008.4877            9.24            0.10
  2008.4904            8.33            0.11
  2008.4932            9.26            0.11
  2008.4958            9.05            0.12
  2008.4987            8.08            0.11
  2008.5013            8.68            0.11
  2008.5042            7.40            0.10
  2008.5068            7.74            0.11
  2008.5096            6.82            0.11
  2008.5123            7.10            0.11
  2008.5150            8.34            0.11
  2008.5178            7.89            0.11
  2008.5205            8.77            0.10
  2008.5233            8.20            0.11
  2008.5260            8.46            0.11
  2008.5288            8.62            0.12
  2008.5315            8.05            0.12
  2008.5343            9.70            0.11
  2008.5370            9.87            0.11
  2008.5397           10.11            0.12
  2008.5425            9.96            0.12
  2008.5452            8.47            0.16
  2008.5480            9.74            0.12
  2008.5507           11.58            0.12
  2008.5535           10.19            0.12
  2008.5562            9.49            0.13
  2008.5590            8.97            0.12
  2008.5616            9.59            0.13
  2008.5643           10.90            0.12
  2008.5671           10.37            0.11
  2008.5698            8.86            0.11
  2008.5726            8.94            0.11
  2008.5753            9.19            0.11
  2008.5781           10.02            0.12
  2008.5808            9.54            0.10
  2008.5836            9.21            0.11
  2008.5890           10.17            0.11
  2008.5918            8.72            0.13
  2008.5945            8.75            0.12
  2008.5973            9.60            0.11
  2008.6000            9.21            0.13
  2008.6028            9.35            0.13
  2008.6055           10.19            0.13
  2008.6083           10.48            0.12
  2008.6110            9.40            0.14
  2008.6136            9.32            0.13
  2008.6165            9.32            0.14
  2008.6191            9.81            0.12
  2008.6219           11.83            0.14
  2008.6246           10.04            0.13
  2008.6274            9.13            0.15
  2008.6301           10.11            0.13
  2008.6329            9.80            0.13
  2008.6356           10.45            0.13
  2008.6383           10.13            0.13
  2008.6411           10.88            0.13
  2008.6438           10.15            0.12
  2008.6466           11.11            0.13
  2008.6493           11.05            0.12
  2008.6521            9.62            0.13
  2008.6548           10.43            0.11
  2008.6576           10.10            0.14
  2008.6603            9.89            0.13
  2008.6630           13.53            0.13
  2008.6658           12.25            0.14
  2008.6685           12.03            0.13
  2008.6713           11.54            0.15
  2008.6740           10.78            0.13
  2008.6768           11.81            0.14
  2008.6794           12.39            0.13
  2008.6823           12.37            0.12
  2008.6849           11.73            0.13
  2008.6876            0.76            0.13
  2008.6904            0.86            0.13
  2008.6931            0.89            0.12
  2008.6959           -0.30            0.14
  2008.6986            1.59            0.14
  2008.7014            2.97            0.11
  2008.7041            2.35            0.13
  2008.7069           13.66            0.14
  2008.7096           13.13            0.13
  2008.7123           12.97            0.12
  2008.7151           12.41            0.13
  2008.7178           12.98            0.13
  2008.7206           13.81            0.13
  2008.7233           15.27            0.13
  2008.7261           13.23            0.13
  2008.7288           12.87            0.14
  2008.7316           14.15            0.13
  2008.7343           13.45            0.13
  2008.7369           13.46            0.13
  2008.7397           14.22            0.14
  2008.7424           12.82            0.13
  2008.7452           13.82            0.13
  2008.7479           12.86            0.13
  2008.7507           12.70            0.11
  2008.7534           11.84            0.14
  2008.7561           14.00            0.14
  2008.7589           13.28            0.14
  2008.7616           14.46            0.14
  2008.7644           13.49            0.14
  2008.7671           13.94            0.14
  2008.7699           14.71            0.13
  2008.7726           13.94            0.13
  2008.7754           14.28            0.13
  2008.7781           16.40            0.15
  2008.7808           13.47            0.14
  2008.7836           13.16            0.31
  2008.7863           14.29            0.13
  2008.7891           14.51            0.13
  2008.7917           16.96            0.14
  2008.7946           17.66            0.14
  2008.7972           14.92            0.13
  2008.8000           13.70            0.13
  2008.8027           14.69            0.14
  2008.8054           14.80            0.12
  2008.8082           14.38            0.13
  2008.8109           14.28            0.13
  2008.8137           14.63            0.13
  2008.8164           13.86            0.13
  2008.8192           14.52            0.13
  2008.8219           15.22            0.12
  2008.8247           15.26            0.12
  2008.8274           14.56            0.11
  2008.8301           15.91            0.13
  2008.8329           16.79            0.14
  2008.8356           16.79            0.13
  2008.8384           16.31            0.13
  2008.8411           16.99            0.13
  2008.8439           15.46            0.12
  2008.8466           15.02            0.13
  2008.8494           14.65            0.13
  2008.8521           16.15            0.13
  2008.8547           14.70            0.13
  2008.8575           15.54            0.13
  2008.8602           16.60            0.13
  2008.8630           16.49            0.13
  2008.8657           17.63            0.13
  2008.8685           16.02            0.13
  2008.8712           16.11            0.13
  2008.8740           16.89            0.12
  2008.8767           13.92            0.14
  2008.8794           19.06            0.13
  2008.8822           18.00            0.13
  2008.8849           18.55            0.13
  2008.8877           18.92            0.13
  2008.8904           19.23            0.12
  2008.8932           18.68            0.13
  2008.8959           18.51            0.13
  2008.8987           18.62            0.13
  2008.9014           18.29            0.13
  2008.9041           19.19            0.13
  2008.9069           19.01            0.13
  2008.9095           16.14            0.14
  2008.9124           16.31            0.14
  2008.9150           19.44            0.13
  2008.9178           19.59            0.13
  2008.9205           18.32            0.13
  2008.9233           19.03            0.12
  2008.9260           17.44            0.12
  2008.9287           18.25            0.13
  2008.9315           17.61            0.12
  2008.9342           17.91            0.12
  2008.9370           18.84            0.13
  2008.9397           17.78            0.12
  2008.9425           16.81            0.14
  2008.9452           19.70            0.13
  2008.9480           19.23            0.11
  2008.9507           18.06            0.13
  2008.9534           17.97            0.13
  2008.9562           20.27            0.12
  2008.9589           18.82            0.12
  2008.9617           19.58            0.13
  2008.9644           19.47            0.12
  2008.9672           19.28            0.13
  2008.9698           17.43            0.12
  2008.9727           18.83            0.13
  2008.9753           20.24            0.12
  2008.9780           21.79            0.12
  2008.9808           19.82            0.12
  2008.9835           21.38            0.12
  2008.9863           21.66            0.12
  2008.9890           20.96            0.12
  2008.9918           20.55            0.13
  2008.9945           20.81            0.13
  2008.9973           21.72            0.13
  2009.0000           22.56            0.12
  2009.0027           23.06            0.12
  2009.0027           23.84            0.11
  2009.0055           21.50            0.11
  2009.0082           24.46            0.13
  2009.0110           20.99            0.10
  2009.0137           22.22            0.12
  2009.0165           21.34            0.11
  2009.0192           22.76            0.11
  2009.0220           21.90            0.11
  2009.0247           22.49            0.11
  2009.0273           23.37            0.11
  2009.0302           23.81            0.11
  2009.0328           23.48            0.13
  2009.0356           23.71            0.10
  2009.0383           23.07            0.12
  2009.0411           23.96            0.11
  2009.0438           22.81            0.13
  2009.0466           24.84            0.11
  2009.0493           24.70            0.12
  2009.0520           21.22            0.10
  2009.0548           20.52            0.11
  2009.0575           23.59            0.10
  2009.0603           22.17            0.13
  2009.0630           22.55            0.12
  2009.0658           21.92            0.11
  2009.0685           24.28            0.12
  2009.0713           25.21            0.12
  2009.0740           23.33            0.14
  2009.0767           25.36            0.09
  2009.0795           24.70            0.12
  2009.0822           23.32            0.12
  2009.0850           25.47            0.11
  2009.0876           24.27            0.12
  2009.0905           23.68            0.12
  2009.0931           24.93            0.12
  2009.0959           25.44            0.10
  2009.0986           25.41            0.12
  2009.1013           24.95            0.12
  2009.1041           26.34            0.11
  2009.1068           24.72            0.10
  2009.1096           24.56            0.13
  2009.1123           24.04            0.12
  2009.1151           25.53            0.10
  2009.1178           24.55            0.10
  2009.1206           25.44            0.10
  2009.1233           26.44            0.10
  2009.1260           26.70            0.10
  2009.1288           27.47            0.10
  2009.1315           31.59            0.12
  2009.1343           26.58            0.10
  2009.1370           27.10            0.10
  2009.1398           27.81            0.10
  2009.1425           27.43            0.10
  2009.1453           25.92            0.10
  2009.1479           28.42            0.10
  2009.1506           27.11            0.10
  2009.1534           27.67            0.10
  2009.1561           25.74            0.09
  2009.1589           26.13            0.10
  2009.1616           26.44            0.15
  2009.1644           26.69            0.18
  2009.1671           24.12            0.15
  2009.1699           26.96            0.12
  2009.1726           26.36            0.12
  2009.1753           26.44            0.10
  2009.1781           27.93            0.10
  2009.1808           27.56            0.15
  2009.1836           29.81            0.15
  2009.1863           26.30            0.10
  2009.1891           28.47            0.12
  2009.1918           28.69            0.13
  2009.1946           26.90            0.11
  2009.1973           28.26            0.15
  2009.2000           28.78            0.15
  2009.2028           32.08            0.12
  2009.2054           31.17            0.11
  2009.2083           31.58            0.14
  2009.2109           30.45            0.14
  2009.2137           32.38            0.11
  2009.2164           30.19            0.10
  2009.2192           29.77            0.15
  2009.2219           24.87            0.15
  2009.2246           27.84            0.11
  2009.2274           27.78            0.16
  2009.2301           26.99            0.11
  2009.2329           27.54            0.10
  2009.2356           27.32            0.10
  2009.2384           27.24            0.14
  2009.2411           25.84            0.15
  2009.2439           28.49            0.15
  2009.2466           28.88            0.15
  2009.2493           28.84            0.14
  2009.2521           30.87            0.11
  2009.2548           29.43            0.11
  2009.2576           27.45            0.12
  2009.2603           27.57            0.28
  2009.2631           27.51            0.14
  2009.2657           27.27            0.13
  2009.2684           28.71            0.14
  2009.2712           30.18            0.13
  2009.2739           28.70            0.12
  2009.2767           30.12            0.13
  2009.2794           29.92            0.13
  2009.2822           28.89            0.13
  2009.2849           31.58            0.13
  2009.2877           29.81            0.14
  2009.2904           31.97            0.14
  2009.2931           29.58            0.14
  2009.2959           30.88            0.14
  2009.2986           30.95            0.12
  2009.3014           29.11            0.13
  2009.3069           28.86            0.13
  2009.3096           29.95            0.14
  2009.3124           30.38            0.15
  2009.3151           30.77            0.12
  2009.3177           28.81            0.12
  2009.3206           25.43            0.15
  2009.3232           31.40            0.15
  2009.3260           29.00            0.10
  2009.3315           30.10            0.14
  2009.3342           30.55            0.12
  2009.3370           29.95            0.11
  2009.3397           29.44            0.11
  2009.3424           29.80            0.10
  2009.3452           29.76            0.11
  2009.3479           29.45            0.10
  2009.3507           29.91            0.11
  2009.3534           29.02            0.15
  2009.3562           29.86            0.13
  2009.3589           29.40            0.11
  2009.3617           30.19            0.16
  2009.3644           29.72            0.10
  2009.3671           30.81            0.13
  2009.3699           28.80            0.15
  2009.3726           28.60            0.14
  2009.3754           30.70            0.13
  2009.3781           30.71            0.10
  2009.3809           31.40            0.10
  2009.3835           31.18            0.10
  2009.3864           30.19            0.11
  2009.3890           30.28            0.10
  2009.3917           30.29            0.10
  2009.3945           28.61            0.10
  2009.3972           28.04            0.11
  2009.4000           27.04            0.15
  2009.4027           30.17            0.14
  2009.4055           30.42            0.10
  2009.4082           29.86            0.11
  2009.4110           28.88            0.11
  2011.0027           -2.64            0.08
  2011.0055           -1.81            0.08
  2011.0082            1.14            0.11
  2011.0110           -1.31            0.10
  2011.0137            3.72            0.08
  2011.0165            2.27            0.08
  2011.0192           -0.90            0.08
  2011.0220            1.53            0.07
  2011.0247            4.67            0.08
  2011.0273            3.29            0.08
  2011.0302            2.73            0.08
  2011.0328            3.20            0.08
  2011.0356            2.00            0.08
  2011.0383            3.36            0.09
  2011.0411            4.84            0.09
  2011.0438            2.99            0.09
  2011.0466            4.17            0.08
  2011.0493            5.51            0.09
  2011.0520            2.97            0.10
  2011.0548            3.97            0.10
  2011.0575            3.48            0.08
  2011.0603            4.02            0.08
  2011.0630            1.81            0.08
  2011.0658            2.76            0.09
  2011.0685            2.43            0.10
  2011.0713            1.19            0.08
  2011.0740            0.68            0.09
  2011.0767            0.55            0.09
  2011.0795            1.07            0.08
  2011.0822            5.76            0.09
  2011.0850            4.47            0.09
  2011.0876            4.26            0.09
  2011.0905            4.37            0.07
  2011.0931            3.86            0.09
  2011.0959            4.73            0.08
  2011.0986            6.42            0.09
  2011.1013            5.05            0.09
  2011.1041            5.55            0.09
  2011.1068            7.75            0.09
  2011.1096            4.74            0.10
  2011.1123            6.26            0.09
  2011.1151            4.81            0.10
  2011.1178            5.94            0.09
  2011.1206            3.86            0.11
  2011.1233            5.78            0.09
  2011.1260            3.54            0.09
  2011.1288            3.11            0.09
  2011.1315            4.10            0.10
  2011.1343            2.94            0.10
  2011.1370            5.17            0.09
  2011.1398            4.82            0.09
  2011.1425            4.58            0.09
  2011.1453            5.45            0.09
  2011.1479            5.53            0.10
  2011.1506            0.66            0.09
  2011.1534            5.93            0.09
  2011.1561            4.62            0.08
  2011.1589            4.75            0.09
  2011.1616            5.44            0.08
  2011.1644            4.96            0.07
  2011.1671            4.37            0.09
  2011.1699            4.99            0.07
  2011.1726            6.43            0.08
  2011.1753            5.97            0.09
  2011.1781            1.28            0.12
  2011.1808            3.11            0.08
  2011.1836            2.78            0.07
  2011.1863            1.94            0.09
  2011.1891            0.60            0.10
  2011.1918            3.59            0.09
  2011.1946           -0.09            0.10
  2011.1973            3.20            0.09
  2011.2000            2.90            0.09
  2011.2028            2.24            0.09
  2011.2054            1.72            0.10
  2011.2083            1.52            0.09
  2011.2109            2.64            0.09
  2011.2137            2.15            0.07
  2011.2164            4.29            0.07
  2011.2192            4.52            0.08
  2011.2219            3.35            0.09
  2011.2246            4.86            0.07
  2011.2274            2.11            0.08
  2011.2301            3.46            0.08
  2011.2329            3.74            0.08
  2011.2356            4.26            0.08
  2011.2384            4.93            0.08
  2011.2411            3.94            0.08
  2011.2439            2.06            0.09
  2011.2466            1.39            0.11
  2011.2493            3.19            0.10
  2011.2521            4.00            0.09
  2011.2548            1.46            0.07
  2011.2576            1.64            0.07
  2011.2603            0.14            0.10
  2011.2631            1.22            0.09
  2011.2657            2.15            0.09
  2011.2684            3.91            0.09
  2011.2712            2.09            0.08
  2011.2739            1.57            0.09
  2011.2767            0.74            0.09
  2011.2794            1.68            0.09
  2011.2822            0.58            0.09
  2011.2849            1.82            0.10
  2011.2877            1.01            0.09
  2011.2904            1.14            0.09
  2011.2931            7.09            0.21
  2011.2959            6.67            0.09
  2011.2986            6.79            0.09
  2011.3014            6.21            0.09
  2011.3041            6.71            0.11
  2011.3069            5.56            0.10
  2011.3096            6.17            0.08
  2011.3124            5.39            0.09
  2011.3151            5.90            0.09
  2011.3177            6.25            0.09
  2011.3206            6.25            0.09
  2011.3232            6.00            0.10
  2011.3260            7.38            0.09
  2011.3287            7.42            0.09
  2011.3315            7.92            0.09
  2011.3342            6.18            0.09
  2011.3370            5.92            0.10
  2011.3397            4.55            0.09
  2011.3424            6.66            0.08
  2011.3452            6.73            0.10
  2011.3479            6.57            0.11
  2011.3507            8.11            0.11
  2011.3534            7.47            0.10
  2011.3562            8.42            0.11
  2011.3589            7.01            0.11
  2011.3617            8.63            0.10
  2011.3644            7.95            0.10
  2011.3671            9.62            0.10
  2011.3699            7.39            0.10
  2011.3726            6.64            0.10
  2011.3754            6.22            0.09
  2011.3781            7.04            0.09
  2011.3809            6.42            0.10
  2011.3835            6.26            0.10
  2011.3864            5.68            0.09
  2011.3890            7.19            0.09
  2011.3917            6.87            0.10
  2011.3945            6.51            0.09
  2011.3972            6.73            0.09
  2011.4000            7.01            0.09
  2011.4027            6.86            0.09
  2011.4055            6.12            0.09
  2011.4082            8.48            0.09
  2011.4110            7.71            0.09
  2011.4137            7.36            0.09
  2011.4164            8.31            0.08
  2011.4192            6.64            0.10
  2011.4219            8.40            0.08
  2011.4247            7.46            0.09
  2011.4274            7.93            0.09
  2011.4302            7.13            0.10
  2011.4329            7.49            0.10
  2011.4357            6.80            0.11
  2011.4384            6.32            0.10
  2011.4410            7.79            0.10
  2011.4438            5.77            0.10
  2011.4465            5.64            0.11
  2011.4493            7.78            0.09
  2011.4520            7.31            0.09
  2011.4548            8.12            0.09
  2011.4575            8.16            0.09
  2011.4603            6.43            0.09
  2011.4630            4.99            0.10
  2011.4657            5.91            0.11
  2011.4685            7.10            0.10
  2011.4712            7.45            0.10
  2011.4740            6.23            0.10
  2011.4767            7.71            0.10
  2011.4795            7.08            0.10
  2011.4822            8.39            0.10
  2011.4850            8.49            0.09
  2011.4877            7.49            0.10
  2011.4904            7.47            0.10
  2011.4932            6.77            0.10
  2011.4958            8.45            0.09
  2011.4987            7.29            0.09
  2011.5013            8.04            0.09
  2011.5042            9.79            0.09
  2011.5068            9.02            0.11
  2011.5096            9.13            0.11
  2011.5123            8.19            0.11
  2011.5150            7.83            0.09
  2011.5178            8.73            0.10
  2011.5205            9.21            0.10
  2011.5233            7.40            0.10
  2011.5260            5.81            0.10
  2011.5315            7.18            0.09
  2011.5343            7.01            0.11
  2011.5370            6.41            0.11
  2011.5397            8.44            0.12
  2011.5425            6.72            0.11
  2011.5452            8.84            0.11
  2011.5480            7.73            0.10
  2011.5507            7.13            0.10
  2011.5535            5.54            0.10
  2011.5562            6.13            0.14
  2011.5590            5.92            0.11
  2011.5616            8.18            0.10
  2011.5643            6.11            0.10
  2011.5671            5.58            0.11
  2011.5698            7.33            0.10
  2011.5726            6.52            0.10
  2011.5753            8.34            0.10
  2011.5781            9.26            0.10
  2011.5808            4.86            0.10
  2011.5836            3.12            0.11
  2011.5863            4.31            0.10
  2011.5890            5.66            0.11
  2011.5918            3.83            0.10
  2011.5945            4.88            0.11
  2011.5973            3.43            0.11
  2011.6000            5.10            0.11
  2011.6028            5.00            0.11
  2011.6055            6.13            0.11
  2011.6083            6.47            0.09
  2011.6110            7.77            0.11
  2011.6136            6.10            0.13
  2011.6165            7.52            0.12
  2011.6191            5.08            0.11
  2011.6219            6.32            0.11
  2011.6246            5.72            0.12
  2011.6274            4.89            0.10
  2011.6301            6.07            0.10
  2011.6329            4.95            0.10
  2011.6356           13.08            0.11
  2011.6383            6.88            0.10
  2011.6411            4.96            0.09
  2011.6438            5.37            0.10
  2011.6466            5.07            0.09
  2011.6493            6.12            0.10
  2011.6521            4.72            0.10
  2011.6548            3.90            0.11
  2011.6576            5.76            0.11
  2011.6603            4.54            0.11
  2011.6630            5.28            0.12
  2011.6658            7.78            0.09
  2011.7507            7.22            0.13
  2011.7534           10.03            0.11
  2011.7561            9.25            0.10
  2011.7589            8.81            0.12
  2011.7616            9.25            0.14
  2011.7644            9.80            0.12
  2011.7671            9.45            0.12
  2011.7699            8.96            0.11
  2011.7726            8.36            0.11
  2011.7754            8.24            0.12
  2011.7781            8.90            0.12
  2011.7808            9.18            0.13
  2011.7836           10.03            0.11
  2011.7863            9.18            0.12
  2011.7891            7.61            0.12
  2011.7917           10.21            0.12
  2011.7946            9.04            0.10
  2011.7972            8.76            0.11
  2011.8000            9.81            0.11
  2011.8027            9.31            0.11
  2011.8054            8.31            0.12
  2011.8082           11.42            0.10
  2011.8109           11.50            0.11
  2011.8137           11.81            0.35
  2011.8164           12.06            0.14
  2011.8192           11.73            0.11
  2011.8219           11.25            0.11
  2011.8247           11.88            0.11
  2011.8274           10.33            0.11
  2011.8301           12.85            0.12
  2011.8329           13.34            0.12
  2011.8356           11.69            0.12
  2011.8384           11.29            0.12
  2011.8411           10.53            0.13
  2011.8439           10.75            0.11
  2011.8466           12.03            0.12
  2011.8494           11.67            0.12
  2011.8521           10.81            0.12
  2011.8547           12.25            0.14
  2011.8575           10.61            0.13
  2011.8602           11.98            0.14
  2011.8630           12.16            0.11
  2011.8657           13.33            0.13
  2011.8685           12.56            0.13
  2011.8712           11.94            0.11
  2011.8740           11.64            0.12
  2011.8767           11.41            0.13
  2011.8794           11.65            0.11
  2011.8822            9.77            0.12
  2011.8849           10.75            0.11
  2011.8877           12.44            0.13
  2011.8904           11.19            0.13
  2011.8932           13.21            0.12
  2011.8959           11.72            0.13
  2011.8987           11.82            0.11
  2011.9014           12.96            0.11
  2011.9041           12.25            0.12
  2011.9069           12.66            0.13
  2011.9095           11.90            0.13
  2011.9124           11.40            0.13
  2011.9150           12.90            0.13
  2011.9178           11.98            0.15
  2011.9205           12.28            0.13
  2011.9233           13.47            0.13
  2011.9260           13.64            0.13
  2011.9287           15.10            0.14
  2011.9315           13.73            0.13
  2011.9342           14.50            0.12
  2011.9370           14.15            0.12
  2011.9397           15.34            0.12
  2011.9425           13.23            0.12
  2011.9452           13.66            0.11
  2011.9480           14.30            0.11
  2011.9507           14.80            0.11
  2011.9534           15.03            0.11
  2011.9562           13.86            0.12
  2011.9589           15.29            0.11
  2011.9617           16.13            0.10
  2011.9644           16.55            0.10
  2011.9672           14.75            0.11
  2011.9698           13.89            0.10
  2011.9727           13.14            0.10
  2011.9753           14.26            0.10
  2011.9780           13.95            0.10
  2011.9808           16.22            0.10
  2011.9835           16.81            0.09
  2011.9863           15.61            0.10
  2011.9890           17.20            0.10
  2011.9918           14.27            0.11
  2011.9945           14.88            0.10
  2011.9973           14.20            0.09
  2012.0000           14.17            0.09
  2012.0027           19.90            0.10
  2012.0055           19.00            0.11
  2012.0082           14.57            0.07
  2012.0110           17.50            0.10
  2012.0137           17.54            0.11
  2012.0165           18.57            0.10
  2012.0192           16.63            0.11
  2012.0220           16.89            0.09
  2012.0247           14.00            0.12
  2012.0273           16.58            0.12
  2012.0302           18.31            0.09
  2012.0328           17.92            0.09
  2012.0356           18.94            0.10
  2012.0383           18.30            0.10
  2012.0411           18.43            0.12
  2012.0438           18.56            0.10
  2012.0466           18.55            0.13
  2012.0493           21.07            0.12
  2012.0520           19.67            0.09
  2012.0548           20.54            0.10
  2012.0603           18.34            0.10
  2012.0630           18.58            0.08
  2012.0658           20.52            0.10
  2012.0685           19.63            0.11
  2012.0713           19.36            0.11
  2012.0740           19.12            0.11
  2012.0767           18.36            0.12
  2012.0795           19.40            0.11
  2012.0822           22.62            0.09
  2012.0850           21.00            0.09
  2012.0876           22.11            0.08
  2012.0905           20.41            0.09
  2012.0931           22.11            0.09
  2012.0959           20.36            0.11
  2012.0986           19.92            0.08
  2012.1013           18.64            0.09
  2012.1041           20.19            0.10
  2012.1068           20.39            0.10
  2012.1096           20.62            0.08
  2012.1123           19.52            0.09
  2012.1151           19.67            0.08
  2012.1178           17.79            0.08
  2012.1206           18.62            0.09
  2012.1233           19.86            0.08
  2012.1260           19.10            0.08
  2012.1288           16.95            0.08
  2012.1315           17.82            0.12
  2012.1343           16.64            0.10
  2012.1370           17.21            0.12
  2012.1398           18.21            0.10
  2012.1425           17.55            0.09
  2012.1453           18.20            0.09
  2012.1479           18.73            0.09
  2012.1506           19.43            0.10
  2012.1534           19.17            0.10
  2012.1561           20.07            0.10
  2012.1589           17.95            0.11
  2012.1616           15.95            0.11
  2012.1644           17.53            0.10
  2012.1671           17.65            0.10
  2012.1699           19.29            0.09
  2012.1726           18.64            0.11
  2012.1753           17.60            0.10
  2012.1781           18.85            0.12
  2012.1808           18.03            0.09
  2012.1836           18.76            0.12
  2012.1863           22.06            0.09
  2012.1891           18.90            0.10
  2012.1918           19.19            0.10
  2012.1946           16.58            0.09
  2012.1973           17.11            0.11
  2012.2000           16.86            0.11
  2012.2028           19.49            0.09
  2012.2054           16.08            0.09
  2012.2083           17.83            0.09
  2012.2109           19.42            0.10
  2012.2137           17.15            0.09
  2012.2164           18.47            0.10
  2012.2192           18.92            0.08
  2012.2219           17.55            0.09
  2012.2246           20.38            0.09
  2012.2274           17.78            0.08
  2012.2301           17.65            0.09
  2012.2329           16.45            0.09
  2012.2356           16.65            0.08
  2012.2384           17.24            0.08
  2012.2411           16.37            0.09
  2012.2439           16.79            0.10
  2012.2466           17.17            0.09
  2012.2493           16.38            0.11
  2012.2521           16.37            0.10
  2012.2548           19.33            0.09
  2012.2576           16.78            0.09
  2012.2603           15.33            0.10
  2012.2631           16.89            0.09
  2012.2657           17.80            0.08
  2012.2684           17.60            0.09
  2012.2712           19.17            0.09
  2012.2739           19.74            0.10
  2012.2767           20.71            0.09
  2012.2794           18.66            0.09
  2012.2822           19.31            0.08
  2012.2849           18.80            0.11
  2012.2877           19.59            0.09
  2012.2904           18.86            0.12
  2012.2931           18.83            0.09
  2012.2959           17.47            0.09
  2012.2986           19.60            0.09
  2012.3014           18.90            0.09
  2012.3041           18.82            0.08
  2012.3069           18.68            0.20
  2012.3096           19.97            0.08
  2012.3124           21.37            0.08
  2012.3151           21.35            0.09
  2012.3177           19.33            0.09
  2012.3206           18.66            0.08
  2012.3232           19.83            0.10
  2012.3260           21.73            0.09
  2012.3287           19.63            0.08
  2012.3315           19.15            0.09
  2012.3342           17.94            0.09
  2012.3370           17.23            0.08
  2012.3397           17.36            0.08
  2012.3424           18.78            0.09
  2012.3452           18.74            0.08
  2012.3479           18.79            0.10
  2012.3507           19.63            0.09
  2012.3534           19.10            0.08
  2012.3562           18.90            0.09
  2012.3589           17.91            0.10
  2012.3617           21.26            0.09
  2012.3644           20.76            0.08
  2012.3671           18.31            0.09
  2012.3699           18.73            0.09
  2012.3726           17.44            0.10
  2012.3754           18.19            0.09
  2012.3781           18.53            0.09
  2012.3809           18.61            0.08
  2012.3835           17.12            0.09
  2012.3864           17.40            0.09
  2012.3890           18.74            0.08
  2012.3917           20.44            0.09
  2012.3945           19.71            0.09
  2012.3972           18.43            0.09
  2012.4000           17.87            0.10
  2012.4027           17.13            0.09
  2012.4055           18.28            0.10
  2012.4110           19.06            0.09
  2012.4137           18.05            0.09
  2012.4164           18.44            0.08
  2012.4192           18.52            0.09
  2012.4219           16.83            0.10
  2012.4247           17.73            0.10
  2012.4274           19.54            0.09
  2012.4302           17.57            0.08
  2012.4329           17.58            0.09
  2012.4357           19.07            0.08
  2012.4384           21.52            0.09
  2012.4410           19.99            0.10
  2012.4438           19.17            0.09
  2012.4465           18.83            0.10
  2012.4493           18.75            0.09
  2012.4520           19.16            0.10
  2012.4548           19.54            0.09
  2012.4575           20.67            0.09
  2012.4603           20.17            0.09
  2012.4630           19.02            0.10
  2012.4657           19.46            0.10
  2012.4685           19.56            0.09
  2012.4712           18.03            0.10
  2012.4740           19.46            0.09
  2012.4767           18.80            0.10
  2012.4795           19.62            0.09
  2012.4822           19.18            0.09
  2012.4850           21.38            0.09
  2012.4877           19.40            0.09
  2012.4904           19.83            0.09
  2012.4932           20.16            0.10
  2012.4958           20.67            0.10
  2012.4987           18.81            0.10
  2012.5013           18.43            0.10
  2012.5042           16.80            0.10
  2012.5068           17.68            0.10
  2012.5096           16.78            0.10
  2012.5123           19.21            0.10
  2012.5150           19.92            0.09
  2012.5178           18.45            0.10
  2012.5205           17.93            0.10
  2012.5233           18.01            0.11
  2012.5260           18.92            0.09
  2012.5288           16.61            0.10
  2012.5315           18.34            0.10
  2012.5343           17.41            0.09
  2012.5370           20.64            0.09
  2012.5397           19.86            0.09
  2012.5425           19.42            0.10
  2012.5452           20.48            0.11
  2012.5480           19.22            0.10
  2012.5507           19.94            0.11
  2012.5535           18.62            0.09
  2012.5562           18.73            0.09
  2012.5590           19.01            0.09
  2012.5616           18.72            0.09
  2012.5643           18.58            0.09
  2012.5671           18.17            0.09
  2012.5698           17.65            0.09
  2012.5726           18.41            0.10
  2012.5753           17.23            0.09
  2012.5781           19.20            0.09
  2012.5808           19.04            0.09
  2012.5836           19.37            0.10
  2012.5863           16.59            0.10
  2012.5890           18.44            0.09
  2012.5918           19.64            0.10
  2012.5945           21.63            0.09
  2012.5973           21.07            0.14
  2012.6000           18.66            0.10
  2012.6028           19.08            0.10
  2012.6055           18.90            0.10
  2012.6083           19.84            0.10
  2012.6110           19.36            0.10
  2012.6136           20.17            0.10
  2012.6165           19.27            0.10
  2012.6191           21.23            0.09
  2012.6219           21.57            0.10
  2012.6246           17.22            0.11
  2012.6274           17.96            0.10
  2012.6301           18.88            0.11
  2012.6329           19.09            0.10
  2012.6356           20.79            0.10
  2012.6383           20.44            0.09
  2012.6411           20.47            0.10
  2012.6438           20.73            0.10
  2012.6466           19.35            0.09
  2012.6493           20.07            0.09
  2012.6521           21.33            0.10
  2012.6548           21.20            0.10
  2012.6576           20.52            0.10
  2012.6603           21.55            0.10
  2012.6630           19.85            0.10
  2012.6658           20.04            0.09
  2012.6685           19.09            0.10
  2012.6713           19.42            0.10
  2012.6740           19.76            0.11
  2012.6768           19.05            0.11
  2012.6794           19.65            0.11
  2012.6823           22.39            0.11
  2012.6849           19.88            0.10
  2012.6876           19.33            0.10
  2012.6904           18.93            0.10
  2012.6931           20.72            0.10
  2012.6959           20.70            0.09
  2012.6986           20.68            0.09
  2012.7014           19.27            0.08
  2012.7041           18.56            0.10
  2012.7069           20.44            0.09
  2012.7096           18.74            0.10
  2012.7123           20.79            0.10
  2012.7151           21.05            0.11
  2012.7178           19.34            0.10
  2012.7206           20.52            0.10
  2012.7233           19.67            0.11
  2012.7261           19.23            0.10
  2012.7288           21.36            0.10
  2012.7316           20.76            0.10
  2012.7343           22.65            0.11
  2012.7369           23.47            0.12
  2012.7397           21.99            0.11
  2012.7424           22.20            0.10
  2012.7452           22.56            0.11
  2012.7479           21.49            0.11
  2012.7507           19.68            0.11
  2012.7534           22.68            0.15
  2012.7561           21.07            0.10
  2012.7589           22.19            0.11
  2012.7616           22.28            0.11
  2012.7644           21.52            0.10
  2012.7671           22.74            0.11
  2012.7699           22.44            0.12
  2012.7726           22.80            0.11
  2012.7754           23.33            0.13
  2012.7781           22.79            0.10
  2012.7808           24.04            0.11
  2012.7836           22.04            0.11
  2012.7863           22.03            0.10
  2012.7891           22.18            0.12
  2012.7917           21.29            0.11
  2012.7946           22.17            0.11
  2012.7972           22.87            0.11
  2012.8000           21.90            0.10
  2012.8027           22.72            0.13
  2012.8054           22.23            0.12
  2012.8082           24.77            0.14
  2012.8109           24.35            0.11
  2012.8137           25.48            0.12
  2012.8164           25.20            0.11
  2012.8192           24.30            0.11
  2012.8219           23.87            0.14
  2012.8247           24.85            0.11
  2012.8274           25.51            0.11
  2012.8301           25.97            0.12
  2012.8329           24.84            0.11
  2012.8356           24.69            0.10
  2012.8384           25.50            0.11
  2012.8411           25.12            0.10
  2012.8439           24.72            0.12
  2012.8466           27.53            0.11
  2012.8494           27.96            0.11
  2012.8521           26.91            0.11
  2012.8547           25.44            0.12
  2012.8575           25.43            0.12
  2012.8602           26.82            0.13
  2012.8630           27.55            0.13
  2012.8657           26.06            0.11
  2012.8685           28.56            0.11
  2012.8712           26.11            0.10
  2012.8740           27.72            0.12
  2012.8767           28.72            0.11
  2012.8794           27.71            0.11
  2012.8822           25.98            0.11
  2012.8849           25.23            0.10
  2012.8877           26.93            0.11
  2012.8904           26.84            0.10
  2012.8932           28.50            0.13
  2012.8959           26.42            0.12
  2012.8987           26.58            0.12
  2012.9014           26.48            0.10
  2012.9041           27.39            0.51
  2012.9069           30.66            0.12
  2012.9095           29.91            0.10
  2012.9124           31.81            0.13
  2012.9150           29.92            0.15
  2012.9178           29.49            0.12
  2012.9205           30.19            0.10
  2012.9233           29.81            0.19
  2012.9260           30.12            0.12
  2012.9287           29.31            0.12
  2012.9315           30.07            0.11
  2012.9342           30.39            0.13
  2012.9370           30.34            0.12
  2012.9397           29.97            0.11
  2012.9425           31.36            0.11
  2012.9452           31.01            0.12
  2012.9480           29.95            0.11
  2012.9507           30.14            0.11
  2012.9534           30.53            0.11
  2012.9562           29.71            0.12
  2012.9589           30.76            0.11
  2012.9617           29.50            0.12
  2012.9644           30.69            0.10
  2012.9672           32.92            0.13
  2012.9698           28.23            0.13
  2012.9727           29.30            0.12
  2012.9753           31.03            0.12
  2012.9780           30.88            0.11
  2012.9808           31.03            0.11
  2012.9835           28.46            0.13
  2012.9863           30.53            0.12
  2012.9890           31.97            0.12
  2012.9918           34.73            0.10
  2012.9945           32.67            0.11
  2012.9973           33.58            0.11
  2013.0000           31.88            0.11
  2013.0027           34.70            0.13
  2013.0027           31.61            0.09
  2013.0055           30.60            0.10
  2013.0082           33.71            0.10
  2013.0110           29.54            0.10
  2013.0137           29.27            0.11
  2013.0165           30.91            0.10
  2013.0192           29.45            0.11
  2013.0220           31.78            0.09
  2013.0247           33.16            0.12
  2013.0273           34.51            0.09
  2013.0302           33.19            0.10
  2013.0328           34.52            0.11
  2013.0356           31.36            0.10
  2013.0383           32.58            0.09
  2013.0411           32.25            0.11
  2013.0438           32.57            0.12
  2013.0466           33.31            0.12
  2013.0493           32.13            0.10
  2013.0520           33.21            0.09
  2013.0548           32.88            0.09
  2013.0575           34.27            0.11
  2013.0603           35.35            0.11
  2013.0630           33.86            0.10
  2013.0658           33.97            0.10
  2013.0685           34.79            0.11
  2013.0713           35.44            0.10
  2013.0740           33.44            0.10
  2013.0767           32.98            0.10
  2013.0795           32.78            0.10
  2013.0822           33.73            0.09
  2013.0850           33.37            0.11
  2013.0876           33.18            0.10
  2013.0905           33.08            0.09
  2013.0931           34.90            0.10
  2013.0959           33.57            0.10
  2013.0986           34.61            0.10
  2013.1013           34.09            0.12
  2013.1041           34.74            0.11
  2013.1068           34.92            0.10
  2013.1096           33.03            0.10
  2013.1123           35.77            0.11
  2013.1151           31.39            0.11
  2013.1178           32.79            0.11
  2013.1206           32.45            0.10
  2013.1233           33.42            0.11
  2013.1260           31.44            0.11
  2013.1288           31.98            0.12
  2013.1315           33.17            0.10
  2013.1343           33.37            0.09
  2013.1370           33.46            0.09
  2013.1398           34.95            0.10
  2013.1425           34.95            0.12
  2013.1453           33.54            0.10
  2013.1479           33.47            0.09
  2013.1506           33.33            0.09
  2013.1534           33.97            0.10
  2013.1561           33.93            0.09
  2013.1589           32.47            0.09
  2013.1616           33.16            0.10
  2013.1644           34.17            0.09
  2013.1671           32.68            0.10
  2013.1699           32.78            0.09
  2013.1726           31.60            0.09
  2013.1753           29.31            0.10
  2013.1781           30.89            0.11
  2013.1808           31.83            0.11
  2013.1863           30.94            0.10
  2013.1918           29.58            0.11
  2013.2000           32.60            0.08
  2013.2028           30.67            0.09
  2013.2054           31.48            0.10
  2013.2083           32.64            0.10
  2013.2109           31.39            0.09
  2013.2164           29.29            0.12
  2013.2192           29.82            0.10
  2013.2219           32.70            0.09
  2013.2246           31.59            0.10
  2013.2274           29.85            0.11
  2013.2301           29.58            0.10
  2013.2329           32.08            0.10
  2013.2356           32.38            0.10
  2013.2384           31.33            0.09
  2013.2411           32.98            0.11
  2013.2439           30.73            0.10
  2013.2466           31.54            0.09
  2013.2493           32.09            0.12
  2013.2548           31.29            0.11
  2013.2576           32.72            0.09
  2013.2603           32.69            0.10
  2013.2631           30.76            0.10
  2013.2657           30.40            0.21
  2013.2684           30.27            0.09
  2013.2712           30.86            0.12
  2013.2794           30.59            0.09
  2013.2822           31.63            0.09
  2013.2849           32.83            0.10
  2013.2877           32.78            0.09
  2013.2904           32.07            0.09
  2013.2931           31.34            0.09
  2013.2959           31.24            0.10
  2013.2986           31.90            0.09
  2013.3014           33.03            0.10
  2013.3041           29.46            0.10
  2013.3069           28.44            0.09
  2013.3096           30.68            0.11
  2013.3124           30.82            0.10
  2013.3151           32.40            0.10
  2013.3177           32.18            0.10
  2013.3206           30.64            0.10
  2013.3232           31.05            0.10
  2013.3260           30.63            0.10
  2013.3287           30.62            0.10
  2013.3315           30.20            0.10
  2013.3342           30.12            0.10
  2013.3370           30.63            0.10
  2013.3397           30.36            0.11
  2013.3424           31.10            0.08
  2013.3452           29.30            0.10
  2013.3479           32.74            0.09
  2013.3562           30.06            0.10
  2013.3589           31.12            0.10
  2013.3617           31.75            0.19
  2013.3644           31.03            0.09
  2013.3671           32.22            0.10
  2013.3699           33.48            0.09
  2013.3726           30.61            0.09
  2013.3754           33.91            0.09
  2013.3781           32.60            0.09
  2013.3809           32.58            0.16
  2013.3835           33.61            0.09
  2013.3864           34.09            0.08
  2013.3890           33.29            0.09
  2013.3917           33.35            0.09
  2013.3945           33.78            0.10
  2013.4000           35.09            0.08
  2013.4027           33.54            0.10
  2013.4055           34.80            0.11
  2013.4082           34.93            0.10
  2013.4110           36.28            0.22
  2013.4137           34.20            0.11
  2013.4164           36.82            0.13
  2013.4192           32.99            0.13
  2013.4219           35.10            0.10
  2013.4247           36.78            0.18
  2013.4274           36.33            0.12
  2013.4302           35.36            0.09
  2013.4329           35.20            0.10
  2013.4357           36.76            0.09
  2013.4384           34.19            0.09
  2013.4410           35.38            0.09
  2013.4438           35.68            0.10
  2013.4465           35.57            0.10
  2013.4493           36.05            0.10
  2013.4520           36.59            0.09
  2013.4548           36.86            0.10
  2013.4575           36.18            0.09
  2013.4603           36.98            0.10
  2013.4630           36.21            0.10
  2013.4657           35.35            0.09
  2013.4685           35.64            0.09
  2013.4712           34.46            0.10
  2013.4740           37.07            0.09
  2013.4767           35.79            0.10
  2013.4795           36.59            0.09
  2013.4822           35.37            0.10
  2013.4850           35.76            0.10
  2013.4877           36.01            0.10
  2013.4904           35.39            0.11
  2013.4932           36.47            0.11
  2013.4958           36.17            0.10
  2013.4987           34.68            0.10
  2013.5013           35.15            0.10
  2013.5042           35.76            0.12
  2013.5068           34.43            0.11
  2013.5096           35.86            0.10
  2013.5123           36.34            0.09
  2013.5150           35.78            0.09
  2013.5178           36.04            0.10
  2013.5205           34.91            0.10
  2013.5233           34.71            0.10
  2013.5260           35.55            0.10
  2013.5288           36.57            0.11
  2013.5315           36.91            0.09
  2013.5343           35.50            0.10
  2013.5370           35.96            0.10
  2013.5397           36.34            0.10
  2013.5425           35.71            0.09
  2013.5452           34.48            0.09
  2013.5480           34.80            0.10
  2013.5507           35.67            0.08
  2013.5535           40.03            0.09
  2013.5562           36.63            0.10
  2013.5590           37.71            0.09
  2013.5616           37.60            0.09
  2013.5643           36.77            0.10
  2013.5671           38.17            0.10
  2013.5698           37.18            0.09
  2013.5726           37.24            0.09
  2013.5753           36.94            0.09
  2013.5781           37.10            0.09
  2013.5808           36.73            0.10
  2013.5836           36.51            0.09
  2013.5863           38.15            0.09
  2013.5890           36.47            0.10
  2013.5918           36.77            0.09
  2013.5945           36.24            0.10
  2013.5973           37.02            0.09
  2013.6000           34.92            0.12
  2013.6028           35.99            0.09
  2013.6055           37.33            0.10
  2013.6083           36.80            0.08
  2013.6110           34.03            0.09
  2013.6136           36.45            0.09
  2013.6165           35.63            0.08
  2013.6191           36.12            0.09
  2013.6219           33.83            0.09
  2013.6246           36.06            0.09
  2013.6274           36.23            0.09
  2013.6301           35.37            0.09
  2013.6329           34.43            0.09
  2013.6356           34.99            0.09
  2013.6383           33.84            0.09
  2013.6411           35.59            0.09
  2013.6438           35.76            0.09
  2013.6466           33.90            0.10
  2013.6493           36.67            0.10
  2013.6521           36.33            0.09
  2013.6548           36.63            0.09
  2013.6576           35.68            0.09
  2013.6603           35.39            0.09
  2013.6630           36.86            0.10
  2013.6658           36.63            0.11
  2013.6685           35.85            0.10
  2013.6713           35.47            0.10
  2013.6740           35.81            0.11
  2013.6768           35.76            0.11
  2013.6794           35.11            0.11
  2013.6823           35.64            0.11
  2013.6849           35.12            0.10
  2013.6876           38.85            0.11
  2013.6904           36.15            0.11
  2013.6931           36.18            0.11
  2013.6959           34.65            0.11
  2013.6986           36.76            0.11
  2013.7014           37.90            0.09
  2013.7041           39.53            0.10
  2013.7069           38.98            0.09
  2013.7096           39.07            0.09
  2013.7123           38.32            0.09
  2013.7151           38.21            0.09
  2013.7178           38.60            0.10
  2013.7206           37.48            0.10
  2013.7233           38.31            0.09
  2013.7261           40.36            0.10
  2013.7288           38.10            0.10
  2013.7316           40.99            0.09
  2013.7343           38.36            0.09
  2013.7369           38.79            0.12
  2013.7397           40.50            0.10
  2013.7424           37.50            0.10
  2013.7561           41.25            0.09
  2013.7589           40.63            0.09
  2013.7616           39.93            0.11
  2013.7644           42.40            0.10
  2013.7671           41.21            0.12
  2013.7699           40.37            0.10
  2013.7726           41.44            0.09
  2013.7754           39.75            0.10
  2013.7781           40.43            0.11
  2013.7808           39.64            0.11
  2013.7836           40.64            0.10
  2013.7863           39.62            0.10
  2013.7891           40.96            0.10
  2013.7917           41.14            0.11
  2013.7946           41.04            0.10
  2013.7972           41.49            0.09
  2013.8000           39.34            0.11
  2013.8027           38.74            0.12
  2013.8054           40.29            0.10
  2013.8082           40.13            0.11
  2013.8109           41.41            0.09
  2013.8137           39.74            0.88
  2013.8164           40.48            0.10
  2013.8192           42.43            0.10
  2013.8219           43.44            0.10
  2013.8247           42.46            0.11
  2013.8274           41.71            0.11
  2013.8301           41.52            0.10
  2013.8329           41.53            0.09
  2013.8356           40.86            0.09
  2013.8384           41.37            0.09
  2013.8411           45.09            0.09
  2013.8439           42.62            0.08
  2013.8466           43.35            0.09
  2013.8494           44.22            0.10
  2013.8521           44.26            0.09
  2013.8547           42.35            0.09
  2013.8575           44.01            0.11
  2013.8602           42.45            0.11
  2013.8630           44.16            0.10
  2013.8657           44.36            0.10
  2013.8685           44.03            0.10
  2013.8712           44.02            0.10
  2013.8740           43.58            0.10
  2013.8767           44.17            0.09
  2013.8794           45.75            0.09
  2013.8822           43.72            0.09
  2013.8849           43.81            0.08
  2013.8877           44.85            0.11
  2013.8904           45.74            0.10
  2013.8932           45.98            0.10
  2013.8959           44.96            0.12
  2013.8987           44.57            0.11
  2013.9014           45.52            0.10
  2013.9041           45.68            0.09
  2013.9069           45.51            0.20
  2013.9095           46.30            0.20
  2013.9124           46.99            0.10
  2013.9150           47.50            0.10
  2013.9178           48.05            0.09
  2013.9205           47.26            0.10
  2013.9233           42.33            0.11
  2013.9260           47.30            0.09
  2013.9287           47.83            0.10
  2013.9315           48.20            0.09
  2013.9342           47.38            0.09
