  2009.2192            0.00            0.88
  2009.2219            0.57            0.92
  2009.2274           -0.94            1.00
  2009.2301           -0.81            0.90
  2009.2329            1.39            0.86
  2009.2384           -0.70            0.92
  2009.2411            2.34            0.90
  2009.2439            1.74            0.88
  2009.2466            2.01            0.88
  2009.2493            1.49            0.88
  2009.2521            1.37            0.95
  2009.2576            1.14            0.92
  2009.2603            1.53            1.71
  2009.2631            0.01            0.89
  2009.2684            1.23            0.93
  2009.2712            0.12            0.88
  2009.2739            0.72            0.87
  2009.2794            2.97            0.92
  2009.2822            2.27            0.87
  2009.2849            2.62            0.88
  2009.2904            2.20            0.93
  2009.2931            3.29            0.90
  2009.2959            3.61            0.85
  2009.3014            3.36            0.87
  2009.3096            3.63            0.89
  2009.3124            2.87            0.91
  2009.3151            4.49            0.88
  2009.3206            5.80            0.95
  2009.3232            5.07            0.91
  2009.3260            3.71            0.87
  2009.3315            3.32            0.90
  2009.3342            2.76            0.87
  2009.3370            2.79            0.92
  2009.3397            1.45            0.98
  2009.3424            4.51            0.90
  2009.3452            4.00            0.91
  2009.3479            1.90            0.87
  2009.3507            2.08            0.90
  2009.3534            1.47            0.88
  2009.3562            2.39            0.89
  2009.3589            3.06            0.89
  2009.3617            2.77            0.91
  2009.3644            3.59            0.86
  2009.3671            2.10            0.89
  2009.3699            1.03            0.92
  2009.3726            0.54            0.91
  2009.3754            2.65            0.86
  2009.3781            2.33            0.88
  2009.3809            0.54            0.92
  2009.3835            0.19            0.88
  2009.3864            1.60            0.85
  2009.3890            2.30            0.86
  2009.3917            2.23            0.87
  2009.3945            2.93            0.89
  2009.3972            1.80            0.91
  2009.4000            4.29            0.88
  2009.4027            5.81            0.85
  2009.4055            5.30            0.91
  2009.4082            4.60            0.86
  2009.4110            3.95            0.90
  2009.4137            5.64            0.86
  2009.4164            5.40            0.98
  2009.4192            5.82            0.86
  2009.4219            1.70            0.83
  2009.4247            3.54            0.85
  2009.4274            4.61            0.84
  2009.4302            4.97            0.85
  2009.4329            4.72            0.86
  2009.4357            5.88            0.88
  2009.4384            5.98            0.91
  2009.4410            5.38            0.87
  2009.4438            6.15            0.83
  2009.4465            3.82            0.83
  2009.4493            4.34            0.87
  2009.4520            1.43            0.89
  2009.4548            3.30            0.85
  2009.4575            2.59            0.88
  2009.4603            1.25            0.97
  2009.4630            2.84            0.87
  2009.4657            3.60            0.85
  2009.4685            4.95            0.84
  2009.4712            4.09            0.87
  2009.4740            3.56            0.86
  2009.4767            4.52            0.85
  2009.4795            6.88            0.89
  2009.4822            6.99            0.90
  2009.4850            4.66            0.86
  2009.4877            3.97            0.90
  2009.4904            1.20            1.06
  2009.4932            2.57            0.88
  2009.4958            4.26            0.90
  2009.4987            2.87            0.85
  2009.5013            3.94            0.81
  2009.5042            1.41            0.88
  2009.5068           -0.50            0.90
  2009.5096            4.33            0.89
  2009.5123            2.29            0.87
  2009.5150            5.06            0.84
  2009.5178            3.58            0.83
  2009.5205            3.31            0.84
  2009.5233            3.70            0.81
  2009.5260            3.60            0.85
  2009.5288            5.32            0.86
  2009.5315            3.30            0.84
  2009.5343            4.13            0.82
  2009.5370            4.48            0.83
  2009.5397            2.33            0.80
  2009.5425            5.56            0.82
  2009.5452            4.27            0.90
  2009.5507          -13.38            5.76
  2009.5535            2.51            0.93
  2009.5562            3.70            0.85
  2009.5590            4.45            0.83
  2009.5643            3.32            0.85
  2009.5671            2.88            0.89
  2009.5698            4.65            0.85
  2009.5753            4.19            0.85
  2009.5781            3.66            0.78
  2009.5836            3.45            0.86
  2009.5863            2.52            0.88
  2009.5890            0.17            0.88
  2009.5945            1.54            0.82
  2009.5973            2.19            0.81
  2009.6000            0.97            0.80
  2009.6028            2.40            0.84
  2009.6055            6.07            0.80
  2009.6083            4.65            0.87
  2009.6136            2.61            0.86
  2009.6165            4.37            0.84
  2009.6191            2.73            0.85
  2009.6246            3.06            0.85
  2009.6274            4.55            0.86
  2009.6329            5.57            0.84
  2009.6356            4.72            0.81
  2009.6383            4.15            0.86
  2009.6438            2.96            0.93
  2009.6466            4.08            0.88
  2009.6493            2.20            0.91
  2009.6548            3.73            0.92
  2009.6576            5.89            0.85
  2009.6630            2.12            0.89
  2009.6658            5.96            0.83
  2009.6685            7.36            0.96
  2009.6740            5.27            0.90
  2009.6768            4.06            0.84
  2009.6794            2.49            0.90
  2009.6849            6.45            0.95
  2009.6876            6.36            0.83
  2009.6931            7.11            0.78
  2009.6959            7.73            0.82
  2009.6986            5.27            0.81
  2009.7041            6.29            0.81
  2009.7069            6.91            0.83
  2009.7096            6.02            0.91
  2009.7123            4.48            0.87
  2009.7151            5.99            0.86
  2009.7178            4.90            0.83
  2009.7233            5.72            0.80
  2009.7261            5.55            0.82
  2009.7288            5.40            0.79
  2009.7343            6.28            0.83
  2009.7369            7.90            0.86
  2009.7424            7.62            0.85
  2009.7452            8.97            0.86
  2009.7479            7.15            0.83
  2009.7534            5.40            0.86
  2009.7561            4.38            0.83
  2009.7589            3.15            0.89
  2009.7644            7.87            0.85
  2009.7671            8.26            0.82
  2009.7726            4.69            0.88
  2009.7754            6.38            0.99
  2009.7781            6.40            0.87
  2009.7836            6.60            0.84
  2009.7863            5.21            0.94
  2009.7891            6.81            1.01
  2009.7946            6.32            0.87
  2009.7972            6.89            0.86
  2009.8027            6.24            0.94
  2009.8054            5.77            0.85
  2009.8082            4.81            1.01
  2009.8137            7.96            0.92
  2009.8164            6.55            0.96
  2009.8192            5.89            0.92
  2009.8219            6.20            1.07
  2009.8247            5.78            0.97
  2009.8274            5.61            0.98
  2009.8301            6.95            1.00
  2009.8329            6.91            0.96
  2009.8356            4.97            1.03
  2009.8384            4.83            1.07
  2009.8411            5.13            1.05
  2009.8439            4.16            1.00
  2009.8466            6.07            1.05
  2009.8494            4.73            0.99
  2009.8521           10.11            0.98
  2009.8547            7.68            0.96
  2009.8575            6.81            0.95
  2009.8602            5.84            1.00
  2009.8630            6.21            0.93
  2009.8657            5.43            0.92
  2009.8685            5.07            1.01
  2009.8712            3.28            1.00
  2009.8740            4.29            0.99
  2009.8767            3.65            1.02
  2009.8794            4.98            1.03
  2009.8822            6.23            1.03
  2009.8849            5.00            1.06
  2009.8877            6.35            1.00
  2009.8904            4.87            0.93
  2009.8932            5.61            0.97
  2009.8959            6.01            0.99
  2009.8987            4.49            1.00
  2009.9014            4.61            1.04
  2009.9041            7.88            1.00
  2009.9069            6.61            0.89
  2009.9095            5.83            1.01
  2009.9124            6.60            1.10
  2009.9150            3.40            1.03
  2009.9178            5.64            0.93
  2009.9205            8.82            1.04
  2009.9233            7.92            0.97
  2009.9260            6.24            0.95
  2009.9287            7.80            0.95
  2009.9315            8.76            0.95
  2009.9342            7.91            0.90
  2009.9370            5.24            0.87
  2009.9397            6.73            0.96
  2009.9425            8.48            0.98
  2009.9452            8.60            1.00
  2009.9480            8.08            0.98
  2009.9507            9.40            0.99
  2009.9534            8.16            1.09
  2009.9562           11.17            0.96
  2009.9589            8.16            0.97
  2009.9617            7.60            1.03
  2009.9644           10.86            1.02
  2009.9672            7.21            1.06
  2009.9698           10.08            1.02
  2009.9727            8.52            0.98
  2009.9753            8.06            1.08
  2009.9780            8.25            1.15
  2009.9808            9.70            1.07
  2009.9835            8.53            0.97
  2009.9863            6.11            1.05
  2009.9890            6.66            1.05
  2009.9918            4.67            1.02
  2009.9945            4.61            1.05
  2009.9973            8.35            1.06
  2010.0000            7.02            1.04
  2010.0027            4.18            0.96
  2010.0055            3.92            0.95
  2010.0082            4.01            1.02
  2010.0110            5.29            1.05
  2010.0137            4.10            1.05
  2010.0165            4.97            1.00
  2010.0192            4.89            0.98
  2010.0220           10.18            1.00
  2010.0247            6.78            1.01
  2010.0273            5.32            1.05
  2010.0302            6.06            1.17
  2010.0328            4.08            1.08
  2010.0356            7.28            1.02
  2010.0383            5.67            1.03
  2010.0411            5.93            1.05
  2010.0438            6.95            1.04
  2010.0466            7.05            0.96
  2010.0493            6.66            1.00
  2010.0520            5.74            0.97
  2010.0548            6.39            1.01
  2010.0575            3.92            1.01
  2010.0603            6.12            0.97
  2010.0630            6.29            0.98
  2010.0658            7.18            1.02
  2010.0685            4.97            1.00
  2010.0713            4.29            1.06
  2010.0740            3.38            1.06
  2010.0767            1.03            1.06
  2010.0795            5.19            1.02
  2010.0822            6.82            0.99
  2010.0850            4.79            0.98
  2010.0876            3.16            1.00
  2010.0905            3.72            1.02
  2010.0931            3.74            0.99
  2010.0959            2.83            0.99
  2010.0986            3.00            1.00
  2010.1013            5.46            1.04
  2010.1041            5.48            1.05
  2010.1068            2.88            1.03
  2010.1096            5.03            1.09
  2010.1123            4.55            1.42
  2010.1151            5.65            1.08
  2010.1178            3.83            1.06
  2010.1206            2.97            0.99
  2010.1233            2.09            0.93
  2010.1260            4.38            1.00
  2010.1288            6.85            1.00
  2010.1315            7.93            1.05
  2010.1343            7.70            1.13
  2010.1370            3.65            1.08
  2010.1425            3.27            0.91
  2010.1453            4.50            1.04
  2010.1479            3.74            0.94
  2010.1506            4.96            0.91
  2010.1534            5.58            1.00
  2010.1561            5.85            0.93
  2010.1616            7.70            0.95
  2010.1644            1.08            0.95
  2010.1671            1.46            0.98
  2010.1699            5.46            0.96
  2010.1726            4.70            0.90
  2010.1753            6.98            0.95
  2010.1781            7.43            0.90
  2010.1808            1.54            0.97
  2010.1836            3.50            0.95
  2010.1863            4.59            0.98
  2010.1891            3.98            0.92
  2010.1918            6.59            0.92
  2010.1946            6.37            0.97
  2010.1973            5.79            1.00
  2010.2000            3.31            0.88
  2010.2028            8.92            0.89
  2010.2054            5.97            0.95
  2010.2083            4.75            0.96
  2010.2109            6.29            1.03
  2010.2137            5.37            0.92
  2010.2164            6.00            1.06
  2010.2192            3.34            1.09
  2010.2219            2.83            0.93
  2010.2246            4.70            0.96
  2010.2274            5.57            0.97
  2010.2301            5.41            0.93
  2010.2329            4.63            1.00
  2010.2356            7.78            0.98
  2010.2384            6.06            0.99
  2010.2411            6.45            1.00
  2010.2439            6.93            0.99
  2010.2466            6.57            1.07
  2010.2493           12.44            0.95
  2010.2521           11.44            0.99
  2010.2548            8.37            0.94
  2010.2576            9.24            0.67
  2010.2603            8.98            0.94
  2010.2631            8.29            0.97
  2010.2657            9.93            0.95
  2010.2684            8.34            0.90
  2010.2712            8.64            0.91
  2010.2739            4.70            0.99
  2010.2767            3.54            0.95
  2010.2794            5.17            0.99
  2010.2822            7.06            0.93
  2010.2849            5.03            0.91
  2010.2877            6.26            0.93
  2010.2904            3.94            0.99
  2010.2931            2.30            0.97
  2010.2959            3.55            0.98
  2010.2986            6.88            0.93
  2010.3014            5.74            0.92
  2010.3069            6.96            0.91
  2010.3096            6.64            0.95
  2010.3124            5.50            0.92
  2010.3151            6.85            0.91
  2010.3177            5.87            0.92
  2010.3206            6.72            0.88
  2010.3232            6.56            0.87
  2010.3260            7.92            0.86
  2010.3287            0.94            0.91
  2010.3315            3.47            0.89
  2010.3424            6.73            0.96
  2010.3452            6.13            0.91
  2010.3479            7.22            0.85
  2010.3507            5.18            0.87
  2010.3534            9.85            0.83
  2010.3562            5.43            0.88
  2010.3589            3.68            0.91
  2010.3617            4.76            1.46
  2010.3644            3.45            0.98
  2010.3726            5.29            0.96
  2010.3754            5.89            0.96
  2010.3781            4.23            0.96
  2010.3809            4.98            0.86
  2010.3835            4.60            0.92
  2010.3864            3.67            0.92
  2010.3890            5.26            0.99
  2010.3917            3.10            0.93
  2010.3945            4.95            0.95
  2010.3972            5.41            0.94
  2010.4000            7.29            0.93
  2010.4027            7.46            0.92
  2010.4055            6.97            0.97
  2010.4082            7.41            0.97
  2010.4110            7.24            2.00
  2010.4137            8.09            0.92
  2010.4164            7.15            0.89
  2010.4192            7.80            0.93
  2010.4219            6.49            0.90
  2010.4247            5.71            0.91
  2010.4274            4.14            0.88
  2010.4302            8.08            0.88
  2010.4329            8.58            0.86
  2010.4357            8.68            0.84
  2010.4384            9.53            0.88
  2010.4410            7.56            0.87
  2010.4438            7.36            0.93
  2010.4465            6.42            0.86
  2010.4493            4.76            0.92
  2010.4520            3.91            1.05
  2010.4548            8.16            0.91
  2010.4575            8.06            2.52
  2010.4603            6.64            1.08
  2010.4630            7.46            1.09
  2010.4657           10.15            0.98
  2010.4685            7.26            0.84
  2010.4712            5.78            0.92
  2010.4740            3.54            0.91
  2010.4767            5.08            0.94
  2010.4795            7.38            0.94
  2010.4822            6.68            0.96
  2010.4850           10.25            0.92
  2010.4877            3.34            0.93
  2010.4904            5.19            0.93
  2010.4932            7.31            0.93
  2010.4958            4.49            0.87
  2010.4987            6.09            0.91
  2010.5013            7.63            0.82
  2010.5042            5.02            0.88
  2010.5068            5.13            0.89
  2010.5096            6.75            0.85
  2010.5123            6.33            1.01
  2010.5150            5.43            0.98
  2010.5178           10.15            0.92
  2010.5205            6.85            0.93
  2010.5233            5.82            0.93
  2010.5260            6.97            0.93
  2010.5288            8.17            0.90
  2010.5315            8.92            0.88
  2010.5343            7.09            0.87
  2010.5370            8.47            0.92
  2010.5397            6.96            0.90
  2010.5425            8.69            0.91
  2010.5452            7.79            0.87
  2010.5480            5.93            0.91
  2010.5507            6.29            0.92
  2010.5535            9.32            0.90
  2010.5562            7.56            0.96
  2010.5590            6.90            0.99
  2010.5616            5.57            1.00
  2010.5643            7.34            0.96
  2010.5671            5.87            0.94
  2010.5698            8.56            0.96
  2010.5726            5.69            0.93
  2010.5753            6.56            0.93
  2010.5781            6.71            0.98
  2010.5808            7.65            0.96
  2010.5836            9.08            0.84
  2010.5863           10.00            0.86
  2010.5890           10.19            0.91
  2010.5918            9.23            0.87
  2010.5945            7.80            1.82
  2010.5973            8.66            0.88
  2010.6000            8.90            0.87
  2010.6028            8.92            0.87
  2010.6055            8.41            0.87
  2010.6083           10.68            0.88
  2010.6110            9.02            0.92
  2010.6136            9.88            0.86
  2010.6165            9.32            0.85
  2010.6191           10.24            0.85
  2010.6219            8.23            0.88
  2010.6246            7.14            0.92
  2010.6274            7.67            1.03
  2010.6301            7.66            0.92
  2010.6329            9.94            0.88
  2010.6356            9.01            0.88
  2010.6383            9.56            0.95
  2010.6411            8.57            0.88
  2010.6438            6.83            0.89
  2010.6466            7.87            0.89
  2010.6493            6.66            0.88
  2010.6521            9.03            0.92
  2010.6548            9.32            0.93
  2010.6576           10.26            0.86
  2010.6603           10.61            0.79
  2010.6630           11.50            0.86
  2010.6658            8.45            0.82
  2010.6685           10.60            0.83
  2010.6713           10.92            0.86
  2010.6740           11.17            1.01
  2010.6768           12.08            0.86
  2010.6794           11.08            0.82
  2010.6823           10.76            0.83
  2010.6849           10.31            0.83
  2010.6876           10.12            0.84
  2010.6904           10.44            0.83
  2010.6931           10.86            0.82
  2010.6959            9.16            0.84
  2010.6986            9.85            0.81
  2010.7014            8.69            0.87
  2010.7041            8.69            0.85
  2010.7069           10.93            0.96
  2010.7096            9.63            0.86
  2010.7123           10.96            0.83
  2010.7151            9.25            0.89
  2010.7178            9.92            0.81
  2010.7206            9.98            0.85
  2010.7233           10.99            0.86
  2010.7261           11.86            0.82
  2010.7288           11.45            0.77
  2010.7316           11.59            0.77
  2010.7343           11.69            0.80
  2010.7369           11.28            0.91
  2010.7397           11.56            0.91
  2010.7424           10.43            0.89
  2010.7452           11.20            0.83
  2010.7479           11.82            0.90
  2010.7507           12.25            0.88
  2010.7534           12.07            0.83
  2010.7561           11.31            0.90
  2010.7589            9.47            0.85
  2010.7616           11.46            0.84
  2010.7644           11.24            0.85
  2010.7671           12.39            0.83
  2010.7699           14.37            0.84
  2010.7726           12.50            0.82
  2010.7754           10.19            0.83
  2010.7781           11.37            0.82
  2010.7808           12.00            0.87
  2010.7836           11.56            0.87
  2010.7863           13.09            0.97
  2010.7891           12.18            0.93
  2010.7917           16.68            0.88
  2010.7946           11.67            0.85
  2010.7972           11.22            0.85
  2010.8000           10.90            0.84
  2010.8027           11.46            0.90
  2010.8054           11.77            0.85
  2010.8082           12.65            0.87
  2010.8109           12.35            0.87
  2010.8137           10.74            0.84
  2010.8164           10.88            0.85
  2010.8192           10.22            0.89
  2010.8219            9.31            0.90
  2010.8247           10.30            0.92
  2010.8274            9.47            0.95
  2010.8301           10.00            0.85
  2010.8329           10.11            0.91
  2010.8356            9.89            0.88
  2010.8384           11.66            0.89
  2010.8411           10.16            0.88
  2010.8439           10.54            0.85
  2010.8466            9.65            0.86
  2010.8494            8.31            0.90
  2010.8521            8.25            0.94
  2010.8547            9.85            0.91
  2010.8575           12.12            0.86
  2010.8602           11.90            0.92
  2010.8630           10.50            0.83
  2010.8657           10.26            0.84
  2010.8685           12.67            0.95
  2010.8712           11.40            0.87
  2010.8740           10.58            0.89
  2010.8767           11.06            0.91
  2010.8794           10.20            0.82
  2010.8822           11.35            0.84
  2010.8849           10.32            0.91
  2010.8877           11.09            0.89
  2010.8904           10.35            0.88
  2010.8932           12.47            0.85
  2010.8959           12.35            0.85
  2010.8987           11.35            0.90
  2010.9014           12.05            0.81
  2010.9041           12.65            0.89
  2010.9069           12.53            0.80
  2010.9095           13.74            0.84
  2010.9124           14.95            0.85
  2010.9150           13.71            0.80
  2010.9178           13.06            0.80
  2010.9205           14.12            0.82
  2010.9233           13.46            0.82
  2010.9260           16.57            0.79
  2010.9287           15.82            0.80
  2010.9315           13.77            0.84
  2010.9342           13.20            0.85
  2010.9370           15.01            0.82
  2010.9397           14.14            0.86
  2010.9425           13.97            0.80
  2010.9452           15.59            0.85
  2010.9480           15.77            0.85
  2010.9507           13.73            0.82
  2010.9562           15.56            0.82
  2010.9589           16.48            0.84
  2010.9644           16.68            0.80
  2011.0027           19.18            0.93
  2011.0055           18.96            0.92
  2011.0082           16.18            0.89
  2011.0110           17.69            0.97
  2011.0137           18.56            0.93
  2011.0165           19.18            0.94
  2011.0192           20.29            0.93
  2011.0220           18.33            0.96
  2011.0247           15.35            0.94
  2011.0273           18.27            0.94
  2011.0302           16.82            0.96
  2011.0328           15.39            0.95
  2011.0356           16.91            1.00
  2011.0383           17.06            0.96
  2011.0411           16.98            1.00
  2011.0438           19.36            1.01
  2011.0466           16.76            0.93
  2011.0493           17.47            1.05
  2011.0520           18.19            0.99
  2011.0548           17.16            1.01
  2011.0575           15.93            0.96
  2011.0603           17.23            0.99
  2011.0630           16.82            0.97
  2011.0658           18.43            0.95
  2011.0685           17.21            0.97
  2011.0713           18.06            0.99
  2011.0740           18.33            0.99
  2011.0767           17.83            0.95
  2011.0795           19.01            0.95
  2011.0822           18.06            0.98
  2011.0850           16.65            0.98
  2011.0876           17.71            0.92
  2011.0905           17.01            0.93
  2011.0931           17.61            0.94
  2011.0959           20.27            0.93
  2011.0986           18.03            0.91
  2011.1013           16.57            0.96
  2011.1041           17.16            0.91
  2011.1068           19.27            1.01
  2011.1096           18.30            0.97
  2011.1123           17.11            1.13
  2011.1151           16.80            0.98
  2011.1178           18.11            1.04
  2011.1206           17.05            1.13
  2011.1233           16.13            0.98
  2011.1260           15.57            0.95
  2011.1288           16.04            1.00
  2011.1315           16.78            1.00
  2011.1343           17.88            0.99
  2011.1370           16.96            0.98
  2011.1398           17.93            0.97
  2011.1425           17.37            0.99
  2011.1453           17.84            0.94
  2011.1479           20.16            1.06
  2011.1506           19.36            0.98
  2011.1534           19.50            0.96
  2011.1561           17.28            0.92
  2011.1589           16.66            0.93
  2011.1616           17.03            0.92
  2011.1644           17.70            0.98
  2011.1671           16.84            0.96
  2011.1699           19.10            0.97
  2011.1726           18.83            1.01
  2011.1753           18.62            0.97
  2011.1781           22.13            1.28
  2011.1808           19.31            0.98
  2011.1836           17.99            1.00
  2011.1863           15.04            1.03
  2011.1891           17.58            1.19
  2011.1918           18.15            1.06
  2011.1946           22.08            1.13
  2011.1973           17.40            0.94
  2011.2000           14.94            1.05
  2011.2028           17.66            1.12
  2011.2054           14.20            1.06
  2011.2083           17.59            1.01
  2011.2109           16.94            0.95
  2011.2137           15.87            0.92
  2011.2164           17.16            0.91
  2011.2192           15.75            1.02
  2011.2219           16.73            1.03
  2011.2246           17.30            0.93
  2011.2274           16.59            0.98
  2011.2301           17.83            0.99
  2011.2329           17.34            0.95
  2011.2356           18.43            0.97
  2011.2384           19.22            0.95
  2011.2411           19.35            1.00
  2011.2439           19.42            1.02
  2011.2466           18.28            1.03
  2011.2493           18.74            0.96
  2011.2521           20.24            1.03
  2011.2548           18.59            0.96
  2011.2576           17.87            0.93
  2011.2603           18.22            1.20
  2011.2631           20.97            0.98
  2011.2657           18.94            0.96
  2011.2684           21.48            0.93
  2011.2712           21.02            0.93
  2011.2739           19.15            0.97
  2011.2767           18.60            1.01
  2011.2794           18.46            1.00
  2011.2822           18.24            1.02
  2011.2849           19.43            0.97
  2011.2877           18.84            0.91
  2011.2904           19.58            0.90
  2011.2931           15.80            1.97
  2011.2959           18.23            0.88
  2011.2986           16.32            0.88
  2011.3014           15.49            0.90
  2011.3041           14.54            1.01
  2011.3069           17.14            1.02
  2011.3096           13.56            0.89
  2011.3124           18.10            0.87
  2011.3151           19.18            0.84
  2011.3177           17.29            0.88
  2011.3206           18.85            0.88
  2011.3232           18.79            0.94
  2011.3260           17.40            0.87
  2011.3287           19.92            0.87
  2011.3315           18.55            0.87
  2011.3342           18.46            0.89
  2011.3370           19.21            0.92
  2011.3397           17.86            0.89
  2011.3424           17.09            0.88
  2011.3452           12.77            0.85
  2011.3479           16.73            0.93
  2011.3507           18.63            0.85
  2011.3534           15.76            0.89
  2011.3562           14.61            0.97
  2011.3589           15.77            0.91
  2011.3617           17.44            0.87
  2011.3644           19.30            0.84
  2011.3671           18.97            0.86
  2011.3699           17.68            0.88
  2011.3726           15.92            0.92
  2011.3754           17.66            0.92
  2011.3781           16.40            0.94
  2011.3809           17.88            0.97
  2011.3835           17.34            0.98
  2011.3864           16.42            0.92
  2011.3890           18.32            0.90
  2011.3917           15.25            0.90
  2011.3945           18.09            0.93
  2011.3972           17.06            0.88
  2011.4000           16.92            0.88
  2011.4027           16.92            0.91
  2011.4055           17.27            0.88
  2011.4082           15.53            0.86
  2011.4110           16.62            0.83
  2011.4137           17.39            0.85
  2011.4164           14.92            0.86
  2011.4192           16.30            0.91
  2011.4219           17.67            0.85
  2011.4247           15.50            0.89
  2011.4274           12.23            0.88
  2011.4302           14.85            0.95
  2011.4329           14.95            0.96
  2011.4357           13.50            0.99
  2011.4384           16.16            0.83
  2011.4410           16.45            0.92
  2011.4438           18.95            0.92
  2011.4465           13.35            0.89
  2011.4493           14.94            0.86
  2011.4520           13.49            0.88
  2011.4548           13.18            1.06
  2011.4575           14.43            0.88
  2011.4603           12.46            0.88
  2011.4630           14.66            0.98
  2011.4657           13.57            1.03
  2011.4685           14.37            0.96
  2011.4712           17.45            0.87
  2011.4740           16.24            0.85
  2011.4767           17.02            0.90
  2011.4795           17.35            0.84
  2011.4822           19.57            0.85
  2011.4850           16.16            0.83
  2011.4877           16.33            0.85
  2011.4904           16.74            0.84
  2011.4932           15.28            0.95
  2011.4958           17.29            0.89
  2011.4987           16.28            0.85
  2011.5013           17.86            0.84
  2011.5042           19.11            0.91
  2011.5068           16.34            1.00
  2011.5096           21.32            1.06
  2011.5123           17.02            0.92
  2011.5150           17.37            0.97
  2011.5178           15.88            0.92
  2011.5205           14.29            0.95
  2011.5233           15.78            0.91
  2011.5260           14.21            0.98
  2011.5315           14.68            0.93
  2011.5343           15.27            1.02
  2011.5370           16.31            1.03
  2011.5397           17.11            1.04
  2011.5425           18.53            1.03
  2011.5452           17.95            0.95
  2011.5480           16.72            0.97
  2011.5507           14.52            1.01
  2011.5535           15.93            0.95
  2011.5562           17.36            1.25
  2011.5590           14.56            1.00
  2011.5616           15.77            0.94
  2011.5643           14.29            0.99
  2011.5671           18.45            1.03
  2011.5698           14.63            0.96
  2011.5726           16.36            0.98
  2011.5753           18.33            0.90
  2011.5781           19.46            0.96
  2011.5808           20.10            0.93
  2011.5836           17.53            1.04
  2011.5863           19.12            1.04
  2011.5890           19.42            0.98
  2011.5918           16.13            1.06
  2011.5945           16.14            1.07
  2011.5973           18.25            1.10
  2011.6000           17.51            1.08
  2011.6028           17.96            1.04
  2011.6055           15.71            1.07
  2011.6083           17.29            0.99
  2011.6110           17.02            1.10
  2011.6136           16.94            1.09
  2011.6165           15.85            1.06
  2011.6191           14.85            1.01
  2011.6219           16.82            0.98
  2011.6246           15.58            1.15
  2011.6274           17.18            1.03
  2011.6301           18.98            1.07
  2011.6329           19.84            1.03
  2011.6356           22.39            1.07
  2011.6383           20.20            0.97
  2011.6411           18.37            0.93
  2011.6438           19.16            0.95
  2011.6466           20.46            0.99
  2011.6493           20.17            0.96
  2011.6521           18.66            1.02
  2011.6548           19.17            1.04
  2011.6576           19.14            1.03
  2011.6603           20.84            1.07
  2011.6630           20.80            1.08
  2011.6658           22.05            0.94
  2011.6685           20.88            1.09
  2011.6713           19.72            1.01
  2011.6740           20.26            1.00
  2011.6768           19.58            1.05
  2011.6794           20.53            1.01
  2011.6823           20.50            1.00
  2011.6849           20.85            1.00
  2011.6876           19.19            1.05
  2011.6904           19.32            1.07
  2011.6931           21.63            1.02
  2011.6959           19.81            1.06
  2011.6986           23.55            1.00
  2011.7014           23.48            0.99
  2011.7041           22.73            1.06
  2011.7069           19.72            0.99
  2011.7096           20.49            1.05
  2011.7123           23.57            0.98
  2011.7151           21.78            0.94
  2011.7178           23.13            0.92
  2011.7206           20.28            1.05
  2011.7233           22.81            0.97
  2011.7261           23.73            0.97
  2011.7288           22.69            0.99
  2011.7316           19.72            1.05
  2011.7343           20.18            1.03
  2011.7369           22.35            1.01
  2011.7397           20.27            0.99
  2011.7424           19.63            1.02
  2011.7452           20.57            0.99
  2011.7479           21.19            1.07
  2011.7507           20.71            1.13
  2011.7534           22.20            0.92
  2011.7561           21.32            0.96
  2011.7589           20.28            1.00
  2011.7616           19.93            1.08
  2011.7644           20.58            1.05
  2011.7671           22.31            0.99
  2011.7699           21.65            1.03
  2011.7726           19.11            1.01
  2011.7754           18.15            1.06
  2011.7781           19.72            1.06
  2011.7808           17.60            1.09
  2011.7836           19.34            1.06
  2011.7863           21.24            1.10
  2011.7891           21.51            1.00
  2011.7917           21.19            1.04
  2011.7946           22.07            0.91
  2011.7972           23.02            0.93
  2011.8000           20.01            1.00
  2011.8027           21.43            1.12
  2011.8054           22.07            0.98
  2011.8082           21.71            0.96
  2011.8109           22.67            0.95
  2011.8137           21.45            1.65
  2011.8164           25.75            1.12
  2011.8192           21.79            0.95
  2011.8219           22.89            0.95
  2011.8247           23.45            0.96
  2011.8274           23.18            0.94
  2011.8301           22.91            0.92
  2011.8329           21.92            0.94
  2011.8356           19.75            0.98
  2011.8384           20.85            0.99
  2011.8411           21.82            0.97
  2011.8439           23.39            0.97
  2011.8466           21.68            1.00
  2011.8494           22.09            0.98
  2011.8521           21.14            0.99
  2011.8547           21.95            1.10
  2011.8575           20.54            1.09
  2011.8602           21.35            1.02
  2011.8630           21.87            0.98
  2011.8657           21.79            1.02
  2011.8685           23.56            1.01
  2011.8712           23.39            1.05
  2011.8740           23.95            1.06
  2011.8767           21.48            1.09
  2011.8794           20.88            1.01
  2011.8822           21.13            1.06
  2011.8849           21.08            1.01
  2011.8877           22.18            1.03
  2011.8904           19.19            1.05
  2011.8932           21.68            1.01
  2011.8959           20.21            1.13
  2011.8987           24.11            0.96
  2011.9014           22.06            0.96
  2011.9041           21.46            0.93
  2011.9069           19.25            0.97
  2011.9095           22.26            1.02
  2011.9124           19.35            1.03
  2011.9150           22.82            0.98
  2011.9178           21.37            1.03
  2011.9205           21.61            1.10
  2011.9233           19.39            0.96
  2011.9260           19.89            1.01
  2011.9287           22.35            1.24
  2011.9315           21.60            1.16
  2011.9342           20.47            1.06
  2011.9370           22.06            1.11
  2011.9397           22.65            1.13
  2011.9425           21.96            1.03
  2011.9452           23.09            1.02
  2011.9480           23.82            1.07
  2011.9507           23.37            0.98
  2011.9534           24.06            1.03
  2011.9562           22.73            1.15
  2011.9589           24.44            1.02
  2011.9617           24.03            0.97
  2011.9644           22.06            1.00
  2011.9672           21.65            1.00
  2011.9698           21.67            1.10
  2011.9727           20.78            0.99
  2011.9753           21.20            0.99
  2011.9780           21.46            0.94
  2011.9808           21.84            0.95
  2011.9835           24.49            0.88
  2011.9863           23.86            0.94
  2011.9890           25.39            0.92
  2011.9918           24.49            0.98
  2011.9945           23.99            0.92
  2011.9973           25.33            0.93
  2012.0000           23.76            0.91
  2013.0027           36.96            0.87
  2013.0055           37.45            0.85
  2013.0082           38.79            0.92
  2013.0110           38.09            0.93
  2013.0137           37.09            0.97
  2013.0165           38.33            1.03
  2013.0192           34.99            1.06
  2013.0220           38.35            0.92
  2013.0247           36.99            1.01
  2013.0273           37.54            0.96
  2013.0302           37.80            0.99
  2013.0328           37.39            0.97
  2013.0356           38.93            0.98
  2013.0383           36.77            0.91
  2013.0411           36.90            0.99
  2013.0438           40.14            1.03
  2013.0466           39.95            1.15
  2013.0493           37.60            0.96
  2013.0520           39.40            0.92
  2013.0548           37.77            0.91
  2013.0575           37.30            0.94
  2013.0603           35.69            0.99
  2013.0630           38.69            1.02
  2013.0658           37.71            1.00
  2013.0685           36.77            0.93
  2013.0713           40.57            0.87
  2013.0740           36.87            0.90
  2013.0767           37.22            0.93
  2013.0795           37.10            0.91
  2013.0822           38.02            0.96
  2013.0850           38.15            1.00
  2013.0876           33.96            1.02
  2013.0905           38.33            0.98
  2013.0931           40.67            0.92
  2013.0959           37.52            0.95
  2013.0986           31.52            0.96
  2013.1013           38.76            1.11
  2013.1041           39.27            0.92
  2013.1068           38.85            0.96
  2013.1096           42.73            0.95
  2013.1123           37.95            1.04
  2013.1151           35.44            1.05
  2013.1178           39.86            1.00
  2013.1206           37.97            0.98
  2013.1233           36.01            1.04
  2013.1260           36.84            0.99
  2013.1288           34.86            1.06
  2013.1315           39.12            1.00
  2013.1343           40.50            0.89
  2013.1370           40.55            0.87
  2013.1398           40.28            0.94
  2013.1425           38.30            0.99
  2013.1453           39.15            0.94
  2013.1479           35.23            0.97
  2013.1506           39.72            0.90
  2013.1534           39.49            0.89
  2013.1561           40.22            0.89
  2013.1589           39.90            0.89
  2013.1616           40.35            0.94
  2013.1644           39.83            0.94
  2013.1671           39.41            0.92
  2013.1699           42.17            0.86
  2013.1726           41.92            0.89
  2013.1753           37.99            0.98
  2013.1781           39.51            1.01
  2013.1808           38.74            0.95
  2013.1863           43.63            1.06
  2013.1918           38.85            1.01
  2013.2000           41.73            0.87
  2013.2028           40.97            0.92
  2013.2054           40.01            0.98
  2013.2083           43.54            0.93
  2013.2109           42.57            0.87
  2013.2164           39.08            1.03
  2013.2192           40.25            0.90
  2013.2219           41.21            0.88
  2013.2246           39.88            0.93
  2013.2274           39.25            0.99
  2013.2301           41.09            0.97
  2013.2329           39.40            0.97
  2013.2356           41.81            0.90
  2013.2384           39.96            0.88
  2013.2411           41.11            0.97
  2013.2439           40.77            0.92
  2013.2466           39.29            0.93
  2013.2493           43.63            1.01
  2013.2548           39.42            0.98
  2013.2576           40.25            0.95
  2013.2603           39.32            0.98
  2013.2631           42.62            0.98
  2013.2657           41.88            1.86
  2013.2684           41.09            0.99
  2013.2712           40.91            1.10
  2013.2794           43.08            0.96
  2013.2822           42.25            0.89
  2013.2849           40.05            0.89
  2013.2877           39.86            0.94
  2013.2904           38.64            0.90
  2013.2931           39.40            0.89
  2013.2959           39.93            0.94
  2013.2986           39.46            0.93
  2013.3014           39.73            0.93
  2013.3041           38.69            0.95
  2013.3069           37.99            1.00
  2013.3096           39.76            0.96
  2013.3124           42.42            0.95
  2013.3151           41.69            0.93
  2013.3177           42.31            0.97
  2013.3206           39.48            0.93
  2013.3232           40.28            1.00
  2013.3260           41.92            0.89
  2013.3287           40.22            0.85
  2013.3315           39.32            0.95
  2013.3342           39.63            1.09
  2013.3370           37.98            1.03
  2013.3397           39.84            0.94
  2013.3424           41.83            0.90
  2013.3452           41.52            0.99
  2013.3479           45.74            0.95
  2013.3562           38.32            1.01
  2013.3589           40.31            0.88
  2013.3617           40.17            1.73
  2013.3644           39.16            0.90
  2013.3671           39.68            0.86
  2013.3699           39.77            0.85
  2013.3726           38.82            0.82
  2013.3754           39.24            0.87
  2013.3781           41.88            0.89
  2013.3809           39.10            1.45
  2013.3835           38.80            0.89
  2013.3864           37.77            0.85
  2013.3890           37.32            0.87
  2013.3917           40.73            0.86
  2013.3945           36.31            0.85
  2013.4000           37.74            0.91
  2013.4027           37.84            0.96
  2013.4055           36.49            0.97
  2013.4082           37.92            0.86
  2013.4110           35.83            0.87
  2013.4137           36.37            0.99
  2013.4164           39.32            0.98
  2013.4192           42.40            0.90
  2013.4219           40.48            0.85
  2013.4247           40.68            0.92
  2013.4274           41.88            0.93
  2013.4302           38.79            0.88
  2013.4329           39.27            0.92
  2013.4357           40.75            0.88
  2013.4384           40.67            0.91
  2013.4410           38.66            0.87
  2013.4438           42.15            0.92
  2013.4465           40.27            0.92
  2013.4493           39.72            0.94
  2013.4520           39.94            0.91
  2013.4548           39.44            1.00
  2013.4575           40.19            0.92
  2013.4603           40.22            0.89
  2013.4630           40.75            0.91
  2013.4657           40.99            0.89
  2013.4685           40.41            0.87
  2013.4712           39.01            0.92
  2013.4740           41.00            0.83
  2013.4767           42.56            0.85
  2013.4795           43.64            0.85
  2013.4822           42.89            0.84
  2013.4850           42.33            0.87
  2013.4877           39.49            0.95
  2013.4904           39.88            0.92
  2013.4932           41.77            0.93
  2013.4958           41.82            0.86
  2013.4987           40.79            0.83
  2013.5013           39.24            0.87
  2013.5042           41.46            0.88
  2013.5068           43.43            0.91
  2013.5096           41.79            0.88
  2013.5123           42.68            0.82
  2013.5150           44.22            0.81
  2013.5178           43.43            0.83
  2013.5205           42.79            0.91
  2013.5233           43.91            0.88
  2013.5260           42.55            0.84
  2013.5288           42.78            0.83
  2013.5315           42.52            0.88
  2013.5343           43.66            0.87
  2013.5370           42.58            0.95
  2013.5397           41.45            0.83
  2013.5425           46.22            0.89
  2013.5452           43.72            0.84
  2013.5480           42.28            0.83
  2013.5507           42.22            0.92
  2013.5535           44.26            0.81
  2013.5562           44.20            0.80
  2013.5590           42.64            0.84
  2013.5616           40.52            0.80
  2013.5643           44.30            0.86
  2013.5671           43.80            0.88
  2013.5698           43.67            0.82
  2013.5726           45.02            0.80
  2013.5753           44.50            0.79
  2013.5781           45.58            0.83
  2013.5808           44.54            0.81
  2013.5836           45.36            0.77
  2013.5863           44.79            0.82
  2013.5890           42.57            0.85
  2013.5918           43.76            0.91
  2013.5945           45.24            0.87
  2013.5973           42.77            0.90
  2013.6000           44.89            0.91
  2013.6028           44.53            0.87
  2013.6055           45.39            0.82
  2013.6083           47.32            0.88
  2013.6110           43.33            0.89
  2013.6136           42.72            0.87
  2013.6165           43.27            0.84
  2013.6191           44.89            0.82
  2013.6219           43.10            0.85
  2013.6246           44.35            0.83
  2013.6274           44.32            0.80
  2013.6301           40.96            0.84
  2013.6329           43.43            0.86
  2013.6356           44.57            0.86
  2013.6383           42.92            0.84
  2013.6411           43.96            0.82
  2013.6438           44.09            0.82
  2013.6466           44.01            0.87
  2013.6493           44.44            0.86
  2013.6521           44.73            0.83
  2013.6548           44.22            0.87
  2013.6576           45.11            0.83
  2013.6603           44.61            0.89
  2013.6630           41.30            0.84
  2013.6658           41.64            0.88
  2013.6685           42.66            0.88
  2013.6713           44.23            0.88
  2013.6740           46.37            0.89
  2013.6768           42.53            1.08
  2013.6794           38.69            0.98
  2013.6823           42.81            0.98
  2013.6849           43.39            0.98
  2013.6876           41.56            1.00
  2013.6904           41.59            1.01
  2013.6931           42.48            0.97
  2013.6959           43.12            0.95
  2013.6986           44.64            0.99
  2013.7014           43.95            0.99
  2013.7041           43.79            0.96
  2013.7069           45.10            0.93
  2013.7096           45.84            0.89
  2013.7123           46.85            0.89
  2013.7151           44.06            0.89
  2013.7178           39.67            0.95
  2013.7206           42.82            0.95
  2013.7233           45.04            0.96
  2013.7261           45.08            0.94
  2013.7288           47.02            0.97
  2013.7316           45.08            0.90
  2013.7343           44.27            0.88
  2013.7369           44.37            1.00
  2013.7397           44.69            0.94
  2013.7424           41.52            0.94
  2013.7561           42.51            0.91
  2013.7589           43.49            0.93
  2013.7616           43.49            0.98
  2013.7644           46.03            0.92
  2013.7671           46.01            1.03
  2013.7699           36.73            0.98
  2013.7726           45.84            0.94
  2013.7754           44.43            1.01
  2013.7781           46.32            1.06
  2013.7808           46.15            1.02
  2013.7836           46.84            1.00
  2013.7863           44.94            1.03
  2013.7891           43.33            0.98
  2013.7917           46.67            1.02
  2013.7946           46.89            1.01
  2013.7972           46.84            0.95
  2013.8000           47.37            1.03
  2013.8027           47.85            1.07
  2013.8054           47.74            1.08
  2013.8082           44.79            1.03
  2013.8109           46.84            0.93
  2013.8137           44.36            2.27
  2013.8164           47.93            0.98
  2013.8192           46.16            0.90
  2013.8219           50.74            0.90
  2013.8247           46.76            0.92
  2013.8274           46.56            1.02
  2013.8301           43.53            0.97
  2013.8329           44.54            0.98
  2013.8356           43.20            0.97
  2013.8384           45.57            0.89
  2013.8411           46.43            0.90
  2013.8439           46.46            0.89
  2013.8466           45.86            0.89
  2013.8494           43.57            1.00
  2013.8521           43.73            0.93
  2013.8547           44.59            1.00
  2013.8575           44.18            0.96
  2013.8602           44.26            1.03
  2013.8630           48.96            0.99
  2013.8657           46.73            0.97
  2013.8685           46.22            0.96
  2013.8712           43.24            0.99
  2013.8740           49.01            1.01
  2013.8767           49.64            0.91
  2013.8794           48.22            0.90
  2013.8822           50.10            0.98
  2013.8849           46.62            0.95
  2013.8877           44.61            0.99
  2013.8904           46.22            0.94
  2013.8932           46.12            0.96
  2013.8959           44.80            0.99
  2013.8987           44.06            1.01
  2013.9014           47.12            0.97
  2013.9041           46.05            0.95
  2013.9069           42.27            1.96
  2013.9095           42.48            1.87
  2013.9124           44.32            0.92
  2013.9150           47.21            0.93
  2013.9178           46.42            0.93
  2013.9205           52.82            1.03
  2013.9233           45.40            1.14
  2013.9260           45.51            0.93
  2013.9287           45.56            0.98
  2013.9315           50.20            0.98
  2013.9342           45.61            0.97
  2013.9370           46.08            1.05
  2013.9397           47.99            1.00
  2013.9425           42.25            0.98
  2013.9452           48.66            1.04
  2013.9480           51.41            1.03
  2013.9507           50.74            0.96
  2013.9534           49.84            1.01
  2013.9562           45.84            0.98
  2013.9589           48.80            1.05
  2013.9617           47.55            1.01
  2013.9644           49.58            1.02
  2013.9672           43.82            0.99
  2013.9698           49.71            1.00
  2013.9727           49.45            1.02
  2013.9753           47.45            1.00
  2013.9780           47.91            1.03
  2013.9808           46.66            0.98
  2013.9835           46.06            1.03
  2013.9863           46.44            1.05
  2013.9890           47.65            1.13
  2013.9918           43.99            1.01
  2013.9945           45.29            1.10
  2013.9973           51.04            1.05
  2014.0000           47.51            1.15
  2014.0027           49.50            1.09
  2014.0055           45.08            1.16
  2014.0082           46.35            1.05
  2014.0110           44.81            1.05
  2014.0137           50.29            1.00
  2014.0165           47.36            1.04
  2014.0192           47.45            1.07
  2014.0220           47.57            1.09
  2014.0247           48.36            1.15
  2014.0273           48.49            1.08
  2014.0302           47.83            1.06
  2014.0328           52.19            1.11
  2014.0356           47.09            1.06
  2014.0383           50.58            1.18
  2014.0411           48.64            1.05
  2014.0438           51.32            1.09
  2014.0466           47.23            1.09
  2014.0493           51.07            1.05
  2014.0548           49.25            1.03
  2014.0575           46.78            1.07
  2014.0603           49.93            1.01
  2014.0630           47.87            1.15
  2014.0658           48.74            1.01
  2014.0685           50.40            0.99
  2014.0713           51.33            0.94
  2014.0740           49.73            1.06
  2014.0767           44.68            1.12
  2014.0795           46.50            1.09
  2014.0822           47.62            1.13
  2014.0850           49.46            1.08
  2014.0876           46.41            1.12
  2014.0905           47.32            1.08
  2014.0931           47.76            1.15
  2014.0959           49.23            1.09
  2014.0986           52.29            1.15
  2014.1013           48.06            1.06
  2014.1041           50.87            1.09
  2014.1068           48.74            1.03
  2014.1096           49.38            1.07
  2014.1123           49.33            1.03
  2014.1151           49.70            1.07
  2014.1178           50.78            1.04
  2014.1206           53.56            1.04
  2014.1233           50.16            1.15
  2014.1260           51.36            1.05
  2014.1288           50.94            1.02
  2014.1315           51.34            1.09
  2014.1343           47.68            1.11
  2014.1370           52.84            1.13
  2014.1398           50.10            1.14
  2014.1425           41.93            1.20
  2014.1453           54.05            1.15
  2014.1479           49.55            1.10
  2014.1506           53.36            1.01
  2014.1534           51.83            1.10
  2014.1561           53.83            1.08
  2014.1589           51.08            1.10
  2014.1616           52.05            1.02
  2014.1644           47.11            1.07
  2014.1671           49.29            1.09
  2014.1699           50.80            1.16
  2014.1726           55.23            1.10
  2014.1753           51.57            1.10
  2014.1781           56.96            1.09
  2014.1808           50.37            1.02
  2014.1836           50.06            1.11
  2014.1863           51.15            1.11
  2014.1891           47.48            1.07
  2014.1918           48.02            1.03
  2014.1946           52.96            1.04
  2014.1973           52.98            1.04
  2014.2000           50.40            1.06
  2014.2028           49.51            1.06
  2014.2054           49.85            1.10
  2014.2083           49.86            1.10
  2014.2109           49.65            1.05
  2014.2137           49.09            1.08
  2014.2164           46.73            1.19
  2014.2192           45.68            1.06
  2014.2219           50.77            1.06
  2014.2246           51.17            0.95
  2014.2274           49.90            1.04
  2014.2301           50.69            1.04
  2014.2329           53.58            1.00
  2014.2356           48.49            1.08
  2014.2384           48.72            1.05
  2014.2411           47.77            1.07
  2014.2439           46.60            1.08
  2014.2466           51.48            1.09
  2014.2493           50.07            0.98
  2014.2521           51.00            0.96
  2014.2548           51.41            1.05
  2014.2576           51.11            1.00
  2014.2603           49.77            1.03
  2014.2631           49.78            0.98
  2014.2657           50.32            1.05
  2014.2684           48.03            1.10
  2014.2712           46.39            1.03
  2014.2739           50.50            1.07
  2014.2767           51.56            1.05
  2014.2794           52.43            1.03
  2014.2822           51.07            0.94
  2014.2849           51.04            0.93
  2014.2877           49.75            1.01
  2014.2904           49.31            0.97
  2014.2931           49.52            0.98
  2014.2959           50.52            0.93
  2014.2986           51.54            0.92
  2014.3014           51.43            0.95
  2014.3041           50.85            0.99
  2014.3069           51.03            0.94
  2014.3096           50.14            0.94
  2014.3124           52.22            0.96
  2014.3151           51.62            0.90
  2014.3177           51.12            0.92
  2014.3206           50.84            0.93
  2014.3232           50.21            0.91
  2014.3260           49.79            0.94
  2014.3287           47.79            1.00
  2014.3315           50.98            0.96
  2014.3342           51.52            0.96
  2014.3370           50.20            0.98
  2014.3397           51.58            1.00
  2014.3424           48.22            0.95
  2014.3452           52.60            0.94
  2014.3479           52.76            0.92
  2014.3507           50.46            0.96
  2014.3534           49.39            0.92
  2014.3562           52.68            0.98
  2014.3589           52.69            0.92
  2014.3617           51.77            0.94
  2014.3644           49.51            0.96
  2014.3671           52.34            0.98
  2014.3699           52.20            0.93
  2014.3726           52.21            0.98
  2014.3754           52.41            0.93
  2014.3781           54.85            0.96
  2014.3809           52.97            0.87
  2014.3835           51.54            0.93
  2014.3864           53.64            1.02
  2014.3890           52.98            3.10
