  2008.0027            0.00            1.62
  2008.0055            4.22            1.67
  2008.0082            6.04            1.63
  2008.0110            5.39            1.49
  2008.0137            5.94            1.55
  2008.0165            3.81            1.68
  2008.0192            2.79            1.74
  2008.0220            4.24            1.76
  2008.0247            6.54            1.77
  2008.0273            6.48            1.77
  2008.0302           10.65            1.59
  2008.0328            2.02            1.57
  2008.0356            4.08            1.68
  2008.0383            3.93            1.69
  2008.0411            4.27            1.62
  2008.0438            5.76            1.65
  2008.0466            6.19            1.49
  2008.0493            9.59            1.58
  2008.0520            7.00            1.47
  2008.0548            7.81            1.63
  2008.0575            8.60            1.54
  2008.0603           10.30            1.56
  2008.0630           10.54            1.57
  2008.0658            9.39            1.51
  2008.0685            8.54            1.51
  2008.0713           11.71            1.61
  2008.0740            9.34            1.52
  2008.0767            7.14            1.55
  2008.0795            9.05            1.51
  2008.0822            9.01            1.49
  2008.0850            9.16            1.56
  2008.0876           11.39            1.58
  2008.0905            9.27            1.49
  2008.0931            8.93            1.50
  2008.0959           10.17            1.49
  2008.0986           10.98            1.54
  2008.1013            7.48            1.61
  2008.1041           10.71            1.53
  2008.1068            9.75            1.58
  2008.1096            9.26            1.67
  2008.1123           11.36            1.50
  2008.1151            7.40            1.55
  2008.1178            9.06            1.55
  2008.1206            8.47            1.55
  2008.1233            8.58            1.56
  2008.1260            9.36            1.59
  2008.1288            7.25            1.59
  2008.1315            3.95            1.61
  2008.1343            7.18            1.60
  2008.3589           10.83            1.48
  2008.3617            9.80            1.48
  2008.3644            7.39            1.44
  2008.3671            9.07            1.55
  2008.3699           11.20            1.92
  2008.3726            9.74            1.49
  2008.3754            9.93            1.39
  2008.3781            8.61            1.54
  2008.3809           10.64            1.85
  2008.3835           11.48            1.66
  2008.3864            9.07            1.66
  2008.3890           12.08            1.99
  2008.3917            8.72            1.60
  2008.3945            7.69            1.63
  2008.3972            3.96            1.44
  2008.4000            7.98            1.46
  2008.4027            8.98            1.50
  2008.4055           10.17            1.58
  2008.4082            8.54            1.72
  2008.4110            9.21            1.42
  2008.4137            9.33            1.46
  2008.4164            8.23            1.42
  2008.4192            9.91            1.44
  2008.4219            8.98            1.53
  2008.4247            8.01            1.91
  2008.4274            5.69            1.81
  2008.4302            2.32            1.94
  2008.4329            3.99            1.64
  2008.4357            9.23            1.49
  2008.4384            7.49            1.58
  2008.4410            6.99            2.20
  2008.4438            3.31            1.64
  2008.4465            6.29            1.78
  2008.4493            4.61            1.47
  2008.4520            2.11            1.60
  2008.4548            5.52            2.02
  2008.4575            9.50            1.50
  2008.4603            4.15            1.70
  2008.4630           11.46            1.76
  2008.4657            8.05            1.50
  2008.4685            6.43            1.73
  2008.4712           10.03            1.59
  2008.4740            8.34            1.39
  2008.4767            8.29            1.39
  2008.4795            9.49            1.41
  2008.4822            7.56            1.43
  2008.4850            6.16            1.44
  2008.4877            6.63            1.50
  2008.4904            6.77            1.41
  2008.4932            7.68            1.34
  2008.4958            7.37            1.48
  2008.4987            6.26            1.49
  2008.5013            9.97            1.46
  2008.5042           10.10            1.42
  2008.5068            8.72            1.41
  2008.5096            9.23            1.47
  2008.5123            5.83            1.50
  2008.5150            5.81            1.44
  2008.5178            7.13            1.46
  2008.5205            7.53            1.45
  2008.5233            9.97            1.37
  2008.5260            9.85            1.46
  2008.5288           10.37            1.53
  2008.5315            9.43            1.57
  2008.5343            6.03            1.51
  2008.5370            8.94            1.53
  2008.5397            6.10            1.46
  2008.5425            6.86            1.47
  2008.5452            8.10            1.54
  2008.5480            8.01            1.44
  2008.5507           11.81            1.47
  2008.5535           10.72            1.40
  2008.5562           10.76            1.38
  2008.5590           10.32            1.44
  2008.5616            8.13            1.47
  2008.5643            9.69            1.46
  2008.5671            7.51            1.44
  2008.5698            7.10            1.45
  2008.5726            5.31            1.48
  2008.5753            6.88            1.42
  2008.5781            6.12            1.44
  2008.5808            4.13            1.52
  2008.5836            9.21            1.36
  2008.5890            8.57            1.39
  2008.5918            6.31            1.52
  2008.5945            5.71            1.58
  2008.5973            7.92            1.45
  2008.6000            8.66            1.58
  2008.6028            6.29            1.51
  2008.6055            9.57            1.49
  2008.6083            8.63            1.48
  2008.6110            4.74            1.51
  2008.6136            8.10            1.61
  2008.6165            8.41            1.44
  2008.6191            8.03            1.42
  2008.6219            8.12            1.45
  2008.6246            6.08            1.53
  2008.6274            5.39            1.46
  2008.6301            7.01            1.45
  2008.6329            8.54            1.44
  2008.6356            9.73            1.35
  2008.6383            9.70            1.33
  2008.6411            8.69            1.38
  2008.6438           10.95            1.41
  2008.6466            9.47            1.41
  2008.6493            8.04            1.44
  2008.6521            9.37            1.49
  2008.6548            9.92            1.52
  2008.6576            8.25            1.54
  2008.6603            9.22            1.56
  2008.6630            9.72            1.53
  2008.6658            9.09            1.46
  2008.6685           10.30            1.47
  2008.6713           10.53            1.50
  2008.6740           11.33            1.51
  2008.6768           12.26            1.39
  2008.6794           12.52            1.41
  2008.6823           10.72            1.47
  2008.6849           11.32            1.33
  2008.6876            1.56            1.45
  2008.6904            3.65            1.42
  2008.6931            3.12            1.44
  2008.6959            0.95            1.61
  2008.6986            3.72            1.43
  2008.7014            4.54            1.41
  2008.7041            3.95            1.35
  2008.7069           10.78            1.47
  2008.7096           11.82            1.42
  2008.7123           10.97            1.43
  2008.7151            8.25            1.49
  2008.7178           12.12            1.36
  2008.7206           12.98            1.29
  2008.7233           12.27            1.38
  2008.7261           10.23            1.29
  2008.7288           12.12            1.42
  2008.7316            7.94            1.43
  2008.7343            9.36            1.39
  2008.7369           10.11            1.34
  2008.7397           11.56            1.45
  2008.7424           11.79            1.42
  2008.7452           12.97            1.45
  2008.7479           11.08            1.32
  2008.7507           10.15            1.42
  2008.7534            7.30            1.59
  2008.7561            8.49            1.52
  2008.7589            7.24            1.62
  2008.7616           10.47            1.51
  2008.7644            7.44            1.47
  2008.7671           12.10            1.50
  2008.7699           12.68            1.46
  2008.7726           13.14            1.42
  2008.7754           11.58            1.42
  2008.7781           11.91            1.63
  2008.7808            9.08            1.52
  2008.7836            8.45            3.59
  2008.7863           10.02            1.45
  2008.7891            9.89            1.41
  2008.7917            7.61            1.52
  2008.7946           12.69            1.40
  2008.7972            9.47            1.50
  2008.8000            3.70            1.57
  2008.8027            9.07            1.56
  2008.8054            6.57            1.54
  2008.8082            8.46            1.57
  2008.8109            6.53            1.66
  2008.8137            5.31            1.66
  2008.8164            8.22            1.61
  2008.8192            7.38            1.63
  2008.8219            8.34            1.48
  2008.8247            9.31            1.51
  2008.8274           10.43            1.47
  2008.8301           10.48            1.50
  2008.8329            8.88            1.51
  2008.8356            3.64            1.50
  2008.8384           12.43            1.51
  2008.8411           10.94            1.47
  2008.8439            8.73            1.55
  2008.8466            8.14            1.62
  2008.8494            7.69            1.59
  2008.8521            4.96            1.57
  2008.8547            6.24            1.71
  2008.8575            3.62            1.77
  2008.8602            5.97            1.62
  2008.8630           10.86            1.51
  2008.8657            8.95            1.51
  2008.8685            7.67            1.49
  2008.8712            7.65            1.52
  2008.8740            7.85            1.46
  2008.8767            7.99            1.55
  2008.8794            9.52            1.48
  2008.8822            5.59            1.63
  2008.8849           10.97            1.44
  2008.8877            9.26            1.50
  2008.8904            7.83            1.56
  2008.8932            6.41            1.58
  2008.8959            5.69            1.62
  2008.8987            4.87            1.63
  2008.9014            3.54            1.60
  2008.9041            9.27            1.61
  2008.9069            9.46            1.62
  2008.9095            3.21            1.64
  2008.9124            6.06            1.72
  2008.9150            9.68            1.56
  2008.9178            7.22            1.52
  2008.9205           10.65            1.54
  2008.9233            9.68            1.50
  2008.9260            9.15            1.58
  2008.9287           11.03            1.52
  2008.9315            9.91            1.52
  2008.9342            7.76            1.57
  2008.9370            9.30            1.55
  2008.9397           10.97            1.64
  2008.9425           13.56            1.89
  2008.9452           10.66            1.54
  2008.9480            9.28            1.57
  2008.9507            9.00            1.61
  2008.9534            8.76            1.56
  2008.9562            6.78            1.50
  2008.9589            2.60            1.65
  2008.9617            3.44            1.64
  2008.9644            5.78            1.76
  2008.9672            7.21            1.58
  2008.9698            4.76            1.65
  2008.9727            8.02            1.70
  2008.9753            3.33            1.64
  2008.9780            4.82            1.60
  2008.9808            8.41            1.52
  2008.9835            6.46            1.69
  2008.9863            9.83            1.65
  2008.9890            9.23            1.56
  2008.9918            8.54            1.69
  2008.9945            9.31            1.63
  2008.9973            9.04            1.70
  2009.0000            7.87            1.63
  2009.0027            9.98            1.59
  2009.0027           11.03            1.52
  2009.0055            8.85            1.57
  2009.0082           12.07            1.54
  2009.0110            8.25            1.57
  2009.0137            4.72            1.62
  2009.0165            8.39            1.59
  2009.0192           10.54            1.51
  2009.0220           10.10            1.54
  2009.0247            8.93            1.44
  2009.0273            9.44            1.56
  2009.0302            8.41            1.51
  2009.0328           11.72            1.60
  2009.0356            7.59            1.62
  2009.0383            5.96            1.69
  2009.0411            6.49            1.56
  2009.0438            6.31            1.66
  2009.0466            9.04            1.54
  2009.0493            8.95            1.54
  2009.0520           10.46            1.49
  2009.0548            6.52            1.52
  2009.0575            9.10            1.53
  2009.0603            6.15            1.56
  2009.0630           -0.15            1.49
  2009.0658            4.00            1.62
  2009.0685            9.17            1.54
  2009.0713            9.82            1.52
  2009.0740           10.46            1.75
  2009.0767            8.89            1.50
  2009.0795            7.54            1.59
  2009.0822            4.11            1.62
  2009.0850            8.89            1.50
  2009.0876            8.71            1.54
  2009.0905            8.05            1.52
  2009.0931            8.03            1.54
  2009.0959            7.23            1.60
  2009.0986            6.28            1.68
  2009.1013            9.51            1.59
  2009.1041            8.99            1.48
  2009.1068           10.13            1.53
  2009.1096            9.89            1.71
  2009.1123            2.84            1.66
  2009.1151            7.29            1.63
  2009.1178            4.12            1.61
  2009.1206            1.18            1.54
  2009.1233           -0.96            1.55
  2009.1260            2.76            1.55
  2009.1288            5.56            1.60
  2009.1315            7.90            2.13
  2009.1343            5.78            1.59
  2009.1370            4.38            1.68
  2009.1398            9.56            1.59
  2009.1425           14.07            1.65
  2009.1453            8.51            1.55
  2009.1479           11.60            1.58
  2009.1506           11.30            1.53
  2009.1534           10.29            1.59
  2009.1561           14.79            1.66
  2009.1589            6.40            1.56
  2009.1616            5.19            1.67
  2009.1644            7.94            2.98
  2009.1671            9.34            1.72
  2009.1699            8.28            1.66
  2009.1726            6.90            1.68
  2009.1753            8.79            1.54
  2009.1781            9.27            1.50
  2009.1808            9.63            1.60
  2009.1836            9.63            1.56
  2009.1863            9.99            1.50
  2009.1891            9.88            1.52
  2009.1918           10.63            1.57
  2009.1946           10.03            1.53
  2009.1973            7.01            1.53
  2009.2000           11.42            1.52
  2009.2028           11.09            1.46
  2009.2054            7.85            1.75
  2009.2083           10.94            1.46
  2009.2109           12.58            1.60
  2009.2137            9.78            1.54
  2009.2164           13.80            1.46
  2009.2192           12.62            1.50
  2009.2219            7.58            1.60
  2009.2246           12.31            1.71
  2009.2274           10.31            1.70
  2009.2301            5.36            1.59
  2009.2329           13.95            1.47
  2009.2356           11.08            1.56
  2009.2384           13.64            1.67
  2009.2411            8.61            1.58
  2009.2439           10.87            1.54
  2009.2466           13.91            1.49
  2009.2493           13.95            1.52
  2009.2521            9.52            1.63
  2009.2548           11.07            1.68
  2009.2576           10.67            1.62
  2009.2603            7.07            2.95
  2009.2631            8.59            1.50
  2009.2657           11.90            1.46
  2009.2684           10.04            1.59
  2009.2712           13.54            1.48
  2009.2739            7.18            1.48
  2009.2767           11.44            1.38
  2009.2794            9.25            1.56
  2009.2822           14.23            1.48
  2009.2849           13.37            1.49
  2009.2877            9.27            1.52
  2009.2904           10.46            1.58
  2009.2931            8.90            1.54
  2009.2959           13.46            1.43
  2009.2986           12.81            1.41
  2009.3014           11.66            1.51
  2009.3069           10.50            1.63
  2009.3096           10.43            1.56
  2009.3124            7.64            1.61
  2009.3151           12.02            1.57
  2009.3177            6.93            1.51
  2009.3206            1.19            1.69
  2009.3232            6.48            1.57
  2009.3260           14.47            1.50
  2009.3315            9.81            1.55
  2009.3342           11.80            1.55
  2009.3370            9.75            1.59
  2009.3397           11.00            1.67
  2009.3424            8.09            1.59
  2009.3452           11.40            1.61
  2009.3479            9.88            1.50
  2009.3507            7.93            1.59
  2009.3534            9.34            1.55
  2009.3562           12.08            1.51
  2009.3589           11.11            1.58
  2009.3617           11.93            1.61
  2009.3644           10.96            1.52
  2009.3671           12.26            1.52
  2009.3699           10.06            1.64
  2009.3726            6.42            1.63
  2009.3754            8.29            1.58
  2009.3781            9.74            1.60
  2009.3809            7.73            2.08
  2009.3835            9.76            1.69
  2009.3864           12.11            2.34
  2009.3890           13.01            2.41
  2009.3917            8.08            2.28
  2009.3945            9.85            2.20
  2009.3972           10.73            1.60
  2009.4000           13.90            1.57
  2009.4027           12.54            1.55
  2009.4055           13.36            1.64
  2009.4082           14.27            1.53
  2009.4110           12.20            1.73
  2009.4137           12.52            2.08
  2009.4164           16.28            1.77
  2009.4192           14.50            1.64
  2009.4219           12.74            1.54
  2009.4247           15.07            1.72
  2009.4274           16.05            1.60
  2009.4302           13.91            1.76
  2009.4329           12.52            1.85
  2009.4357           14.04            2.01
  2009.4384           13.79            2.04
  2009.4410           15.18            2.02
  2009.4438           15.30            1.58
  2009.4465           15.94            1.72
  2009.4493           12.37            3.16
  2009.4520           10.91            2.46
  2009.4548           12.17            2.18
  2009.4575           11.15            3.24
  2009.4603            9.02            3.18
  2009.4630            9.92            2.88
  2009.4657           14.85            2.09
  2009.4685           10.48            1.96
  2009.4712           13.24            2.05
  2009.4740           10.05            1.60
  2009.4767           17.72            1.89
  2009.4795           14.97            1.89
  2009.4822           15.59            1.70
  2009.4850           15.57            1.68
  2009.4877           18.07            1.74
  2009.4904           15.21            2.42
  2009.4932           12.14            1.90
  2009.4958           14.58            1.76
  2009.4987           11.05            2.14
  2009.5013           10.43            1.99
  2009.5042           10.12            3.64
  2009.5068            7.65            2.19
  2009.5096           13.24            2.39
  2009.5123           13.84            2.14
  2009.5150           12.97            1.71
  2009.5178           11.08            1.69
  2009.5205           13.79            2.14
  2009.5233           15.12            1.66
  2009.5260            9.78            1.85
  2009.5288           15.81            1.92
  2009.5315           14.95            1.66
  2009.5343           14.20            1.65
  2009.5370           15.03            1.58
  2009.5397           13.45            1.57
  2009.5425           13.42            1.56
  2009.5452           13.31            1.78
  2009.5507           -2.92            6.04
  2009.5535            9.57            2.22
  2009.5562           14.06            1.80
  2009.5590           15.54            1.70
  2009.5616           13.07            1.53
  2009.5643           18.40            1.73
  2009.5671           15.05            1.56
  2009.5698           16.20            1.42
  2009.5726           15.29            1.39
  2009.5753           15.42            1.48
  2009.5781           15.87            1.35
  2009.5808           15.43            1.44
  2009.5836           15.64            1.39
  2009.5863           10.66            1.99
  2009.5890           11.13            1.96
  2009.5918           11.73            1.76
  2009.5945           12.65            1.50
  2009.5973           13.07            1.44
  2009.6000            9.15            1.66
  2009.6028           12.53            1.75
  2009.6055           14.22            1.87
  2009.6083           12.70            4.79
  2009.6110           12.41            2.54
  2009.6136           13.23            3.87
  2009.6165           12.68            2.13
  2009.6191           15.57            2.21
  2009.6219           20.40            5.99
  2009.6246           11.29            2.02
  2009.6274           14.31            1.79
  2009.6301           16.69            1.66
  2009.6329           17.04            1.72
  2009.6356           15.24            1.61
  2009.6383           12.55            1.93
  2009.6411           11.81            2.17
  2009.6438           17.09            1.98
  2009.6466           15.45            2.00
  2009.6493           17.23            3.78
  2009.6768           12.73            2.36
  2009.6794           12.11            2.25
  2009.6849           16.09            1.99
  2009.6876           15.47            2.00
  2009.6904           16.19            2.21
  2009.6931           18.63            2.01
  2009.6959           13.01            2.19
  2009.7041           18.09            1.75
  2009.7069           16.68            2.07
  2009.7096           17.24            2.02
  2009.7123           10.64            2.38
  2009.7151           13.97            2.06
  2009.7178           14.16            2.08
  2009.7206           12.25            1.99
  2009.7233           15.77            1.84
  2009.7261           17.24            1.98
  2009.7288           16.26            2.09
  2009.7316           13.80            2.18
  2009.7343           16.63            1.87
  2009.7369           18.42            1.97
  2009.7397           16.76            2.22
  2009.7424           18.69            2.27
  2009.7452           20.45            2.31
  2009.7479           14.49            1.97
  2009.7507           17.68            2.30
  2009.7534           15.13            2.14
  2009.7561           15.28            1.91
  2009.7589           14.35            4.56
  2009.7616           18.38            2.11
  2009.7644           19.87            2.07
  2009.7671           17.28            1.90
  2009.7699           16.60            2.18
  2009.7726           14.01            2.07
  2009.7754           12.53            2.32
  2009.7781           18.14            2.20
  2009.7808           15.97            2.27
  2009.7836           20.94            2.26
  2009.7863           17.71            2.32
  2009.7891           18.98            2.80
  2009.7917           17.65            2.41
  2009.7946           12.55            2.28
  2009.7972           15.93            2.44
  2009.8000           13.38            3.51
  2009.8027           17.27            2.34
  2009.8054           14.70            2.87
  2009.8082           16.96            3.82
  2009.8109           12.19            3.12
  2009.8137           14.55            3.06
  2009.8164           17.90            2.42
  2010.5068           10.35            1.27
  2010.5096           12.03            1.25
  2010.5123           11.52            1.34
  2010.5150            8.33            1.30
  2010.5178            9.93            1.25
  2010.5205           12.04            1.21
  2010.5233           11.67            1.26
  2010.5260           10.15            1.30
  2010.5288           14.29            1.20
  2010.5315           12.85            1.13
  2010.5343           14.18            1.11
  2010.5370           14.38            1.14
  2010.5397           12.55            1.15
  2010.5425           14.81            1.16
  2010.5452           13.53            1.12
  2010.5480           10.16            1.19
  2010.5507           12.78            1.18
  2010.5535           14.34            1.21
  2010.5562           13.68            1.24
  2010.5590           13.29            1.29
  2010.5616           14.03            1.27
  2010.5643           12.62            1.29
  2010.5671           14.68            1.20
  2010.5698           13.57            1.23
  2010.5726           10.09            1.25
  2010.5753           14.06            1.27
  2010.5781           14.67            1.31
  2010.5808           12.89            1.26
  2010.5836           16.49            1.16
  2010.5863           16.04            1.14
  2010.5890           16.57            1.16
  2010.5918           15.16            1.12
  2010.5945           14.10            2.40
  2010.5973           12.00            1.17
  2010.6000           14.87            1.18
  2010.6028            9.60            1.16
  2010.6055           14.93            1.15
  2010.6083           16.19            1.13
  2010.6110           14.82            1.23
  2010.6136           16.37            1.14
  2010.6165           16.67            1.08
  2010.6191           16.42            1.09
  2010.6219           15.67            1.12
  2010.6246           13.91            1.22
  2010.6274           12.96            1.30
  2010.6301           12.99            1.22
  2010.6329           13.65            1.19
  2010.6356           12.33            1.15
  2010.6383           12.32            1.29
  2010.6411           11.38            1.20
  2010.6438           13.82            1.18
  2010.6466           14.35            1.20
  2010.6493           12.20            1.16
  2010.6521           14.17            1.26
  2010.6548           11.20            1.22
  2010.6576           12.44            1.23
  2010.6603           14.73            1.13
  2010.6630            9.77            1.26
  2010.6658           14.45            1.15
  2010.6685           16.23            1.15
  2010.6713           17.15            1.18
  2010.6740           12.30            1.30
  2010.6768           15.80            1.24
  2010.6794           17.81            1.14
  2010.6823           18.86            1.15
  2010.6849           17.53            1.14
  2010.6876           16.81            1.13
  2010.6904           17.25            1.14
  2010.6931           18.38            1.15
  2010.6959           17.11            1.21
  2010.6986           16.60            1.16
  2010.7014           14.60            1.15
  2010.7041           12.98            1.18
  2010.7069           16.24            1.26
  2010.7096           16.71            1.16
  2010.7123           18.00            1.16
  2010.7151           12.92            1.19
  2010.7178           15.98            1.16
  2010.7206           16.76            1.14
  2010.7233           15.26            1.16
  2010.7261           18.16            1.11
  2010.7288           16.51            1.12
  2010.7316           17.57            1.10
  2010.7343           18.87            1.14
  2010.7369           19.55            1.23
  2010.7397           17.71            1.22
  2010.7424           18.51            1.20
  2010.7452           20.50            1.13
  2010.7479           18.86            1.16
  2010.7507           19.59            1.18
  2010.7534           16.81            1.15
  2010.7561           16.13            1.24
  2010.7589           18.05            1.12
  2010.7616           19.99            1.14
  2010.7644           16.54            1.15
  2010.7671           16.77            1.11
  2010.7699           20.80            1.13
  2010.7726           19.14            1.12
  2010.7754           18.44            1.14
  2010.7781           19.56            1.11
  2010.7808           17.21            1.19
  2010.7836           17.81            1.23
