  2012.6055            0.00            0.23
  2012.6083           -0.95            0.22
  2012.6110           -0.86            0.21
  2012.6136            0.28            0.22
  2012.6165            1.24            0.23
  2012.6191            0.37            0.23
  2012.6219            1.55            0.23
  2012.6246           -0.55            0.24
  2012.6274            0.41            0.22
  2012.6301            0.42            0.24
  2012.6329            1.50            0.22
  2012.6356            2.07            0.23
  2012.6383            0.51            0.23
  2012.6411            1.07            0.22
  2012.6438            1.07            0.23
  2012.6466            1.12            0.23
  2012.6493            0.86            0.22
  2012.6521            0.34            0.23
  2012.6548            1.15            0.21
  2012.6576            0.97            0.21
  2012.6603            0.40            0.22
  2012.6630           -0.40            0.22
  2012.6658            0.47            0.22
  2012.6685            0.48            0.23
  2012.6713           -0.05            0.28
  2012.6740            2.86            0.39
  2012.6768           -1.40            0.27
  2012.6794           -0.37            0.23
  2012.6823            0.50            0.25
  2012.6849           -0.23            0.24
  2012.6876            1.34            0.23
  2012.6904           -0.31            0.22
  2012.6931            0.58            0.21
  2012.6959            0.90            0.22
  2012.6986            0.93            0.22
  2012.7014            0.26            0.22
  2012.7041            0.21            0.24
  2012.7069            1.19            0.22
  2012.7096           -0.95            0.23
  2012.7123           -1.22            0.23
  2012.7151            0.41            0.24
  2012.7178            0.68            0.24
  2012.7206            0.02            0.23
  2012.7233            0.43            0.24
  2012.7261           -1.81            0.23
  2012.7288            1.40            0.22
  2012.7316            0.95            0.23
  2012.7343            1.07            0.24
  2012.7369            2.13            0.24
  2012.7397            3.24            0.23
  2012.7424            2.10            0.23
  2012.7452            2.12            0.25
  2012.7479            2.71            0.25
  2012.7507            2.84            0.24
  2012.7534            1.94            0.28
  2012.7561            1.48            0.24
  2012.7589            2.00            0.24
  2012.7616            2.01            0.25
  2012.7644            2.21            0.22
  2012.7671            4.08            0.26
  2012.7699            2.40            0.25
  2012.7726            4.11            0.24
  2012.7754            2.08            0.24
  2012.7781            2.19            0.22
  2012.7808            2.75            0.22
  2012.7836            2.31            0.22
  2012.7863            3.12            0.22
  2012.7891            0.49            0.23
  2012.7917            1.85            0.25
  2012.7946            1.09            0.26
  2012.7972            4.03            0.24
  2012.8000            3.75            0.24
  2012.8027            1.89            0.25
  2012.8054            1.75            0.26
  2012.8082            4.64            0.25
  2012.8109            3.68            0.22
  2012.8137            4.18            0.23
  2012.8164            3.88            0.22
  2012.8192            3.53            0.22
  2012.8219            4.83            0.24
  2012.8247            3.55            0.24
  2012.8274            3.21            0.23
  2012.8301            3.84            0.26
  2012.8329            3.69            0.22
  2012.8356            4.00            0.22
  2012.8384            3.85            0.22
  2012.8411            5.50            0.20
  2012.8439            4.35            0.24
  2012.8466            5.99            0.21
  2012.8494            4.31            0.23
  2012.8521            4.56            0.23
  2012.8547            5.21            0.22
  2012.8575            4.49            0.24
  2012.8602            4.88            0.25
  2012.8630            6.42            0.24
  2012.8657            4.94            0.22
  2012.8685            5.64            0.22
  2012.8712            5.64            0.21
  2012.8740            6.25            0.23
  2012.8767            5.57            0.23
  2012.8794            6.74            0.22
  2012.8822            4.82            0.22
  2012.8849            4.55            0.22
  2012.8877            5.09            0.21
  2012.8904            3.85            0.21
  2012.8932            3.17            0.24
  2012.8959            6.33            0.25
  2012.8987            6.54            0.25
  2012.9014            5.19            0.23
  2012.9041           11.43            0.87
  2012.9069            7.66            0.23
  2012.9095            7.32            0.22
  2012.9124            8.28            0.24
  2012.9150            8.04            0.30
  2012.9178            7.24            0.24
  2012.9205            6.55            0.23
  2012.9233            7.10            0.36
  2012.9260            6.68            0.25
  2012.9287            8.81            0.24
  2012.9315            6.49            0.24
  2012.9342            9.24            0.28
  2012.9370            8.13            0.25
  2012.9397            8.30            0.23
  2012.9425            8.33            0.23
  2012.9452            9.19            0.24
  2012.9480            7.87            0.24
  2012.9507            7.08            0.24
  2012.9534            8.48            0.23
  2012.9562            5.82            0.23
  2012.9589            9.07            0.24
  2012.9617            9.05            0.25
  2012.9644            8.32            0.23
  2012.9672           10.58            0.27
  2012.9698            8.57            0.27
  2012.9727            9.05            0.25
  2012.9753            9.37            0.24
  2012.9780            9.76            0.24
  2012.9808            9.13            0.24
  2012.9835            8.49            0.29
  2012.9863            9.36            0.25
  2012.9890           10.09            0.24
  2012.9918           10.12            0.21
  2012.9945            9.19            0.22
  2012.9973            9.80            0.21
  2013.0000            9.87            0.22
  2013.0027           13.45            0.26
  2013.0027            8.95            0.19
  2013.0055            9.31            0.19
  2013.0082            9.03            0.20
  2013.0110            8.28            0.19
  2013.0137            9.08            0.21
  2013.0165           11.57            0.22
  2013.0192           13.19            0.23
  2013.0220           11.10            0.19
  2013.0247           11.34            0.22
  2013.0273           11.07            0.20
  2013.0302           12.38            0.21
  2013.0328            9.16            0.20
  2013.0356           11.35            0.19
  2013.0383           11.15            0.20
  2013.0411           12.14            0.21
  2013.0438           10.94            0.22
  2013.0466           12.29            0.23
  2013.0493           12.76            0.20
  2013.0520           10.91            0.19
  2013.0548           12.38            0.19
  2013.0575           14.33            0.20
  2013.0603           14.19            0.22
  2013.0630           14.97            0.22
  2013.0658           12.79            0.22
  2013.0685           12.25            0.21
  2013.0713           14.03            0.18
  2013.0740           12.94            0.19
  2013.0767           11.36            0.20
  2013.0795           12.79            0.20
  2013.0822           11.83            0.19
  2013.0850           11.85            0.21
  2013.0876           12.30            0.22
  2013.0905           12.35            0.21
  2013.0931           12.66            0.20
  2013.0959           12.31            0.20
  2013.0986           12.75            0.21
  2013.1013           12.85            0.24
  2013.1041            9.64            0.21
  2013.1068           11.73            0.21
  2013.1096           14.48            0.21
  2013.1123           12.91            0.22
  2013.1151           13.86            0.22
  2013.1178           11.87            0.21
  2013.1206           14.56            0.20
  2013.1233           13.38            0.22
  2013.1260           12.92            0.21
  2013.1288           13.69            0.22
  2013.1315           10.80            0.21
  2013.1343           12.33            0.19
  2013.1370           13.44            0.18
  2013.1398           13.60            0.21
  2013.1425           14.69            0.22
  2013.1453           12.94            0.20
  2013.1479           13.28            0.20
  2013.1506           14.24            0.19
  2013.1534           13.03            0.19
  2013.1561           12.96            0.19
  2013.1589           11.78            0.19
  2013.1616           12.87            0.20
  2013.1644           13.20            0.19
  2013.1671           12.47            0.19
  2013.1699           11.43            0.19
  2013.1726           11.41            0.19
  2013.1753           11.83            0.22
  2013.1781           12.88            0.21
  2013.1808           12.20            0.20
  2013.1863           11.04            0.22
  2013.1918           10.69            0.21
  2013.2000           10.60            0.18
  2013.2028           10.43            0.19
  2013.2054           10.99            0.20
  2013.2083           13.13            0.19
  2013.2109           12.16            0.18
  2013.2164           12.08            0.21
  2013.2192           13.08            0.20
  2013.2219           11.82            0.20
  2013.2246           12.93            0.21
  2013.2274           12.02            0.22
  2013.2301           13.12            0.22
  2013.2329           12.18            0.20
  2013.2356           13.07            0.20
  2013.2384           11.50            0.18
  2013.2411           13.08            0.20
  2013.2439           12.13            0.19
  2013.2466           11.56            0.19
  2013.2493           14.00            0.20
  2013.2548           12.60            0.19
  2013.2576           14.74            0.19
  2013.2603           12.41            0.20
  2013.2631           11.95            0.20
  2013.2657           11.64            0.38
  2013.2684           11.94            0.20
  2013.2712           10.33            0.20
  2013.2794           11.97            0.19
  2013.2822           12.15            0.18
  2013.2849           13.92            0.17
  2013.2877           13.08            0.19
  2013.2904           13.67            0.18
  2013.2931           13.26            0.18
  2013.2959           13.20            0.19
  2013.2986           13.49            0.18
  2013.3014           13.81            0.19
  2013.3041           12.03            0.19
  2013.3069           10.98            0.18
  2013.3096           12.95            0.19
  2013.3124           12.31            0.19
  2013.3151           12.47            0.19
  2013.3177           11.77            0.19
  2013.3206           12.83            0.19
  2013.3232           12.69            0.19
  2013.3260           12.43            0.18
  2013.3287           12.59            0.17
  2013.3315           10.55            0.19
  2013.3342           12.15            0.20
  2013.3370           12.79            0.21
  2013.3397           12.45            0.19
  2013.3424           13.10            0.18
  2013.3452           11.64            0.20
  2013.3479           12.53            0.18
  2013.3562           12.52            0.20
  2013.3589           12.08            0.20
  2013.3617           14.28            0.38
  2013.3644           12.84            0.18
  2013.3671           12.82            0.19
  2013.3699           14.11            0.18
  2013.3726           13.28            0.17
  2013.3754           13.61            0.18
  2013.3781           12.51            0.19
  2013.3809           13.25            0.29
  2013.3835           14.78            0.18
  2013.3864           14.98            0.17
  2013.3890           13.80            0.17
  2013.3917           15.55            0.18
  2013.3945           15.25            0.18
  2013.4000           15.87            0.18
  2013.4027           13.62            0.20
  2013.4055           17.17            0.21
  2013.4082           14.01            0.18
  2013.4110           14.59            0.18
  2013.4137           14.73            0.20
  2013.4164           12.93            0.19
  2013.4192           15.20            0.19
  2013.4219           15.41            0.17
  2013.4247           17.17            0.19
  2013.4274           14.12            0.19
  2013.4302           16.52            0.18
  2013.4329           16.36            0.19
  2013.4357           16.02            0.18
  2013.4384           16.33            0.18
  2013.4410           16.27            0.17
  2013.4438           17.19            0.19
  2013.4465           16.43            0.18
  2013.4493           16.31            0.18
  2013.4520           16.66            0.18
  2013.4548           14.54            0.20
  2013.4575           16.71            0.18
  2013.4603           18.09            0.18
  2013.4630           16.22            0.18
  2013.4657           16.39            0.18
  2013.4685           16.78            0.18
  2013.4712           17.75            0.19
  2013.4740           16.63            0.18
  2013.4767           16.53            0.18
  2013.4795           17.02            0.18
  2013.4822           17.18            0.18
  2013.4850           16.74            0.19
  2013.4877           15.78            0.20
  2013.4904           17.36            0.20
  2013.4932           17.54            0.20
  2013.4958           16.41            0.18
  2013.5042           17.21            0.19
  2013.5068           16.83            0.19
  2013.5096           16.09            0.19
  2013.5123           16.12            0.18
  2013.5150           16.94            0.17
  2013.5178           17.86            0.18
  2013.5205           15.83            0.19
  2013.5233           16.07            0.18
  2013.5260           14.51            0.18
  2013.5288           15.85            0.18
  2013.5315           13.30            0.18
  2013.5343           15.80            0.18
  2013.5370           16.14            0.18
  2013.5397           16.78            0.17
  2013.5425           12.60            0.18
  2013.5452           15.11            0.18
  2013.5480           16.92            0.18
  2013.5507           15.43            0.16
  2013.5535           16.61            0.18
  2013.5562           16.65            0.17
  2013.5590           16.87            0.17
  2013.5616           16.68            0.17
  2013.5643           16.90            0.18
  2013.5671           16.19            0.19
  2013.5698           16.34            0.18
  2013.5726           15.83            0.17
  2013.5753           15.49            0.17
  2013.5781           16.87            0.18
  2013.5808           15.59            0.18
  2013.5836           16.87            0.17
  2013.5863           17.19            0.18
  2013.5890           15.91            0.19
  2013.5918           15.70            0.19
  2013.5945           15.09            0.18
  2013.5973           13.74            0.19
  2013.6000           15.46            0.20
  2013.6028           16.85            0.20
  2013.6055           17.37            0.18
  2013.6083           19.12            0.19
  2013.6110           12.48            0.19
  2013.6136           14.26            0.19
  2013.6165           15.60            0.18
  2013.6191           15.74            0.18
  2013.6219           14.07            0.18
  2013.6246           15.43            0.18
  2013.6274           16.12            0.18
  2013.6301           15.63            0.18
  2013.6329           16.00            0.18
  2013.6356           14.94            0.18
  2013.6383           13.12            0.18
  2013.6411           15.15            0.18
  2013.6438           15.14            0.18
  2013.6466           14.18            0.18
  2013.6493           16.47            0.18
  2013.6521           16.70            0.18
  2013.6548           17.83            0.17
  2013.6576           16.45            0.17
  2013.6603           17.64            0.17
  2013.6630           16.21            0.18
  2013.6658           15.47            0.19
  2013.6685           16.31            0.18
  2013.6713           16.17            0.18
  2013.6740           16.52            0.19
  2013.6768           16.32            0.22
  2013.6794           15.22            0.20
  2013.6823           16.06            0.21
  2013.6849           14.29            0.21
  2013.6876           16.81            0.21
  2013.6904           17.61            0.21
  2013.6931           17.48            0.20
  2013.6959           17.88            0.20
  2013.6986           15.79            0.21
  2013.7014           17.34            0.19
  2013.7041           19.12            0.20
  2013.7069           18.59            0.20
  2013.7096           18.58            0.19
  2013.7123           17.25            0.19
  2013.7151           18.80            0.19
  2013.7178           18.72            0.20
  2013.7206           18.00            0.20
  2013.7233           18.85            0.21
  2013.7261           18.67            0.19
  2013.7288           18.34            0.20
  2013.7316           19.25            0.18
  2013.7343           18.85            0.18
  2013.7369           17.22            0.21
  2013.7397           17.35            0.19
  2013.7424           17.57            0.19
  2013.7561           19.72            0.19
  2013.7589           19.55            0.20
  2013.7616           20.55            0.21
  2013.7644           20.24            0.20
  2013.7671           20.54            0.23
  2013.7699           20.52            0.20
  2013.7726           20.62            0.20
  2013.7754           19.01            0.22
  2013.7781           19.72            0.23
  2013.7808           19.19            0.22
  2013.7836           19.64            0.21
  2013.7863           18.67            0.22
  2013.7891           18.53            0.20
  2013.7917           21.64            0.22
  2013.7946           19.40            0.22
  2013.7972           19.31            0.20
  2013.8000           19.00            0.21
  2013.8027           18.66            0.24
  2013.8054           19.81            0.22
  2013.8082           20.93            0.22
  2013.8109           20.10            0.20
  2013.8137           18.65            1.11
  2013.8164           21.21            0.21
  2013.8192           19.87            0.19
  2013.8219           21.77            0.20
  2013.8301           21.01            0.20
  2013.8329           21.71            0.21
  2013.8356           19.90            0.21
  2013.8384           21.02            0.19
  2013.8411           22.93            0.19
  2013.8439           21.96            0.18
  2013.8466           23.24            0.18
  2013.8494           21.18            0.21
  2013.8521           23.84            0.19
  2013.8547           22.11            0.21
  2013.8575           21.95            0.21
  2013.8602           21.39            0.22
  2013.8630           23.10            0.21
  2013.8657           22.85            0.21
  2013.8685           23.77            0.20
  2013.8712           22.95            0.21
  2013.8740           21.82            0.21
  2013.8767           23.32            0.19
  2013.8794           24.12            0.19
  2013.8822           22.76            0.20
  2013.8849           23.62            0.20
  2013.8877           22.98            0.21
  2013.8904           23.72            0.20
  2013.8932           24.99            0.21
  2013.8959           23.87            0.21
  2013.8987           25.18            0.22
  2013.9014           24.93            0.21
  2013.9041           26.12            0.20
  2013.9069           24.20            0.41
  2013.9095           23.77            0.39
  2013.9124           24.87            0.19
  2013.9150           25.91            0.19
  2013.9178           25.60            0.19
  2013.9205           26.20            0.21
  2013.9233           21.74            0.23
  2013.9260           22.93            0.19
  2013.9287           26.19            0.20
  2013.9315           24.97            0.20
  2013.9342           26.42            0.20
  2013.9370           27.25            0.22
  2013.9397           25.17            0.21
  2013.9425           28.24            0.20
  2013.9452           27.02            0.21
  2013.9480           28.44            0.21
  2013.9507           26.64            0.20
  2013.9534           28.19            0.22
  2013.9562           26.18            0.20
  2013.9589           27.10            0.22
  2013.9617           26.50            0.20
  2013.9644           25.95            0.21
  2013.9672           26.46            0.20
  2013.9698           27.28            0.20
  2013.9727           26.78            0.21
  2013.9753           26.48            0.20
  2013.9780           28.53            0.20
  2013.9808           27.70            0.20
  2013.9835           27.99            0.21
  2013.9863           27.01            0.21
  2013.9890           28.33            0.23
  2013.9918           27.25            0.20
  2013.9945           28.85            0.21
  2013.9973           26.07            0.20
  2014.0000           26.80            0.21
  2014.0027           27.32            0.21
  2014.0055           27.50            0.25
  2014.0082           27.77            0.20
  2014.0110           28.88            0.21
  2014.0137           28.45            0.20
  2014.0165           28.48            0.21
  2014.0192           28.94            0.21
  2014.0220           29.88            0.21
  2014.0247           28.73            0.22
  2014.0273           29.46            0.23
  2014.0302           29.13            0.21
  2014.0328           30.24            0.22
  2014.0356           28.40            0.19
  2014.0383           28.87            0.24
  2014.0411           29.08            0.21
  2014.0438           29.43            0.22
  2014.0466           29.60            0.21
  2014.0493           28.44            0.20
  2014.0548           27.36            0.21
  2014.0575           29.48            0.23
  2014.0603           28.02            0.21
  2014.0630           26.63            0.26
  2014.0658           26.50            0.23
  2014.0685           30.08            0.24
  2014.0713           30.05            0.21
  2014.0740           30.16            0.22
  2014.0767           26.37            0.24
  2014.0795           29.08            0.22
  2014.0822           28.55            0.24
  2014.0850           30.33            0.25
  2014.0876           27.77            0.24
  2014.0905           32.31            0.22
  2014.0931           31.27            0.23
  2014.0959           27.77            0.22
  2014.0986           26.71            0.24
  2014.1013           30.98            0.22
  2014.1041           29.26            0.24
  2014.1068           28.49            0.21
  2014.1096           30.36            0.21
  2014.1123           27.08            0.21
  2014.1151           27.41            0.22
  2014.1178           29.41            0.21
  2014.1206           30.18            0.21
  2014.1233           32.23            0.23
  2014.1260           29.64            0.22
  2014.1288           30.13            0.21
  2014.1315           29.60            0.22
  2014.1343           30.60            0.22
  2014.1370           30.45            0.23
  2014.1398           29.56            0.23
  2014.1425           28.27            0.24
  2014.1453           30.03            0.24
  2014.1479           29.40            0.21
  2014.1506           30.05            0.20
  2014.1534           29.92            0.22
  2014.1561           31.44            0.21
  2014.1589           30.92            0.22
  2014.1616           29.06            0.19
  2014.1644           28.25            0.21
  2014.1671           30.88            0.22
  2014.1699           35.41            0.53
  2014.1726           26.89            0.23
  2014.1753           28.31            0.22
  2014.1781           28.80            0.22
  2014.1808           28.79            0.22
  2014.1836           30.69            0.25
  2014.1863           28.88            0.23
  2014.1891           30.05            0.22
  2014.1918           27.08            0.22
  2014.1946           27.70            0.22
  2014.1973           27.59            0.22
  2014.2000           28.58            0.21
  2014.2028           29.84            0.22
  2014.2054           25.59            0.21
  2014.2083           28.79            0.23
  2014.2109           28.50            0.21
  2014.2137           28.49            0.21
  2014.2164           26.34            0.24
  2014.2192           27.79            0.21
  2014.2219           27.79            0.20
  2014.2246           30.18            0.20
  2014.2274           29.18            0.21
  2014.2301           29.37            0.23
  2014.2329           30.55            0.22
  2014.2356           29.45            0.22
  2014.2384           30.82            0.22
  2014.2411           29.62            0.22
  2014.2439           27.96            0.25
  2014.2466           28.04            0.23
  2014.2493           28.80            0.20
  2014.2521           29.32            0.20
  2014.2548           29.61            0.21
  2014.2576           28.43            0.20
  2014.2603           28.90            0.21
  2014.2631           29.13            0.21
  2014.2657           29.60            0.21
  2014.2684           25.81            0.22
  2014.2712           27.79            0.21
  2014.2739           30.20            0.22
  2014.2767           28.82            0.21
  2014.2794           29.02            0.22
  2014.2822           30.48            0.19
  2014.2849           30.62            0.19
  2014.2877           29.93            0.20
  2014.2904           28.30            0.20
  2014.2931           29.60            0.20
  2014.2959           29.49            0.19
  2014.2986           29.04            0.18
  2014.3014           29.35            0.19
  2014.3041           28.71            0.20
  2014.3069           29.51            0.19
  2014.3096           28.91            0.19
  2014.3124           28.86            0.20
  2014.3151           29.32            0.19
  2014.3177           28.91            0.19
  2014.3206           31.18            0.19
  2014.3232           31.66            0.18
  2014.3260           32.07            0.19
  2014.3287           32.15            0.20
  2014.3315           30.10            0.20
  2014.3342           30.76            0.19
  2014.3370           33.17            0.20
  2014.3397           33.72            0.21
  2014.3424           32.27            0.20
  2014.3452           30.49            0.19
  2014.3479           33.05            0.19
  2014.3507           32.53            0.20
  2014.3534           31.85            0.20
  2014.3562           31.17            0.20
  2014.3589           32.29            0.19
  2014.3617           32.18            0.19
  2014.3644           32.17            0.19
  2014.3671           31.94            0.21
  2014.3699           33.09            0.19
  2014.3726           31.87            0.20
  2014.3754           31.73            0.20
  2014.3781           34.02            0.20
  2014.3809           32.53            0.18
  2014.3835           31.99            0.20
  2014.3864           31.83            0.21
  2014.3890           32.29            0.21
  2014.3917           32.59            0.20
  2014.3945           32.60            0.20
  2014.3972           33.75            0.20
  2014.4000           33.19            0.20
  2014.4027           32.65            0.19
  2014.4055           35.39            0.21
  2014.4082           32.78            0.21
  2014.4110           34.37            0.19
  2014.4137           33.66            0.19
  2014.4164           34.18            0.19
  2014.4192           33.80            0.20
  2014.4219           34.75            0.20
  2014.4247           32.79            0.21
  2014.4274           33.73            0.21
  2014.4302           33.77            0.21
  2014.4329           35.17            0.21
  2014.4357           32.37            0.21
  2014.4384           32.13            0.20
  2014.4410           35.20            0.20
  2014.4438           35.97            0.21
  2014.4465           33.32            0.21
  2014.4493           33.89            0.20
  2014.4520           34.77            0.21
  2014.4548           30.26            0.20
  2014.4575           31.33            0.19
  2014.4603           31.43            0.19
  2014.4630           32.04            0.18
  2014.4657           31.78            0.18
  2014.4685           31.53            0.19
  2014.4712           30.90            0.19
  2014.4740           32.48            0.19
  2014.4767           31.53            0.19
  2014.4795           31.14            0.19
  2014.4822           31.62            0.19
  2014.4850           32.57            0.20
  2014.4877           32.53            0.19
  2014.4904           32.81            0.18
  2014.4932           32.01            0.19
  2014.4958           32.35            0.19
  2014.4987           32.58            0.19
  2014.5013           32.09            0.19
  2014.5042           32.34            0.18
  2014.5068           32.22            0.19
  2014.5096           31.76            0.19
  2014.5123           34.52            0.19
  2014.5150           33.07            0.18
  2014.5178           32.56            0.18
