  2012.6055            0.00            1.07
  2012.6083            0.04            1.03
  2012.6110           -0.16            0.95
  2012.6136            0.61            1.04
  2012.6165            2.24            1.05
  2012.6191           -0.50            1.05
  2012.6219           -0.74            1.11
  2012.6246            0.04            1.08
  2012.6274           -1.07            1.06
  2012.6301           -0.67            1.14
  2012.6329           -1.74            1.02
  2012.6356           -0.70            1.07
  2012.6383           -2.50            1.03
  2012.6411           -1.91            1.05
  2012.6438           -2.74            1.11
  2012.6466           -1.48            1.05
  2012.6493           -0.09            1.01
  2012.6521           -0.35            1.04
  2012.6548           -1.32            0.97
  2012.6576           -1.12            0.98
  2012.6603           -2.41            1.03
  2012.6630           -4.39            1.05
  2012.6658           -1.32            1.00
  2012.6685           -2.54            1.04
  2012.6713           -2.26            1.27
  2012.6740           -3.83            2.01
  2012.6768           -3.29            1.20
  2012.6794           -1.66            1.05
  2012.6823           -2.95            1.12
  2012.6849           -3.85            1.08
  2012.6876           -3.23            1.12
  2012.6904           -3.62            1.05
  2012.6931           -2.25            1.02
  2012.6959           -2.43            1.01
  2012.6986           -5.19            1.00
  2012.7014           -3.23            1.05
  2012.7041           -3.59            1.13
  2012.7069           -3.91            1.03
  2012.7096           -3.01            1.06
  2012.7123           -4.19            1.06
  2012.7151           -4.31            1.11
  2012.7178           -3.60            1.14
  2012.7206           -4.39            1.06
  2012.7233           -7.63            1.10
  2012.7261           -8.17            1.10
  2012.7288           -3.49            1.03
  2012.7316           -5.64            1.06
  2012.7343           -5.10            1.09
  2012.7369           -5.19            1.09
  2012.7397           -5.05            1.09
  2012.7424           -5.86            1.04
  2012.7452           -6.48            1.11
  2012.7479           -5.46            1.15
  2012.7507           -6.36            1.10
  2012.7534           -8.39            1.22
  2012.7561           -6.23            1.10
  2012.7589           -6.94            1.10
  2012.7616           -6.34            1.14
  2012.7644           -6.98            1.07
  2012.7671           -6.76            1.23
  2012.7699           -5.40            1.16
  2012.7726           -6.50            1.12
  2012.7754           -6.45            1.14
  2012.7781           -7.07            1.00
  2012.7808           -6.20            1.03
  2012.7836           -7.14            1.02
  2012.7863           -8.96            0.99
  2012.7891           -8.28            1.02
  2012.7917           -9.38            1.10
  2012.7946           -9.32            1.14
  2012.7972           -9.06            1.08
  2012.8000           -7.13            1.06
  2012.8027           -6.98            1.10
  2012.8054           -9.29            1.14
  2012.8082           -9.04            1.09
  2012.8109           -8.85            1.02
  2012.8137           -9.93            1.06
  2012.8164           -9.22            0.95
  2012.8192           -9.32            1.00
  2012.8219           -9.15            1.05
  2012.8247           -8.20            1.08
  2012.8274           -7.46            1.03
  2012.8301           -7.22            1.17
  2012.8329           -9.14            1.04
  2012.8356           -8.40            0.99
  2012.8384           -9.11            0.99
  2012.8411           -9.97            0.94
  2012.8439           -7.66            1.10
  2012.8466           -9.04            0.99
  2012.8494           -7.93            1.03
  2012.8521           -9.22            1.04
  2012.8547          -10.71            1.01
  2012.8575          -10.64            1.06
  2012.8602           -9.78            1.12
  2012.8630          -10.54            1.07
  2012.8657          -10.58            0.99
  2012.8685           -9.12            1.00
  2012.8712          -10.06            0.94
  2012.8740           -9.35            0.98
  2012.8767           -9.90            1.00
  2012.8794          -10.57            1.01
  2012.8822          -13.12            1.02
  2012.8849           -9.97            1.00
  2012.8877          -10.31            0.97
  2012.8904           -7.57            1.00
  2012.8932          -13.89            1.12
  2012.8959          -16.47            1.11
  2012.8987           -9.78            1.05
  2012.9014          -10.31            1.02
  2012.9041           -9.68            3.96
  2012.9069          -10.84            1.05
  2012.9095          -12.59            1.01
  2012.9124           -8.58            1.08
  2012.9150          -12.28            1.27
  2012.9178          -10.82            1.08
  2012.9205          -11.40            1.06
  2012.9233          -14.06            1.68
  2012.9260           -9.79            1.22
  2012.9287          -11.87            1.10
  2012.9315          -12.33            1.09
  2012.9342          -11.52            1.35
  2012.9370          -11.48            1.13
  2012.9397          -11.10            1.05
  2012.9425          -12.57            1.04
  2012.9452          -12.83            1.14
  2012.9480          -11.94            1.07
  2012.9507          -13.80            1.13
  2012.9534          -12.49            1.04
  2012.9562           -8.40            1.09
  2012.9589          -11.41            1.09
  2012.9617           -8.75            1.18
  2012.9644          -14.74            1.08
  2012.9672          -12.11            1.28
  2012.9698          -12.42            1.29
  2012.9727          -16.64            1.19
  2012.9753          -14.00            1.09
  2012.9780          -13.78            1.11
  2012.9808          -15.00            1.09
  2012.9835          -17.65            1.35
  2012.9863          -14.97            1.18
  2012.9890          -13.76            1.10
  2012.9918          -14.41            1.01
  2012.9945          -15.12            0.99
  2012.9973          -14.94            0.99
  2013.0000          -16.88            1.04
  2013.0027          -16.84            1.19
  2013.0027          -13.80            0.89
  2013.0055          -14.16            0.87
  2013.0082          -14.82            0.93
  2013.0110          -15.18            0.95
  2013.0137          -13.32            1.02
  2013.0165          -14.56            1.04
  2013.0192          -18.77            1.08
  2013.0220          -12.75            0.93
  2013.0247          -15.61            1.00
  2013.0273          -14.15            0.96
  2013.0302          -13.90            1.02
  2013.0328          -14.77            1.00
  2013.0356          -14.74            0.97
  2013.0383          -16.07            0.95
  2013.0411          -15.14            1.03
  2013.0438          -14.49            1.04
  2013.0466          -14.71            1.13
  2013.0493          -15.89            1.00
  2013.0520          -13.61            0.96
  2013.0548          -16.02            0.92
  2013.0575          -16.37            0.96
  2013.0603          -17.43            1.01
  2013.0630          -17.26            1.02
  2013.0658          -17.12            1.03
  2013.0685          -15.30            0.96
  2013.0713          -15.03            0.90
  2013.0740          -15.28            0.92
  2013.0767          -16.17            0.95
  2013.0795          -17.03            0.94
  2013.0822          -15.97            0.96
  2013.0850          -15.20            0.99
  2013.0876          -16.69            1.03
  2013.0905          -16.02            1.00
  2013.0931          -15.82            0.94
  2013.0959          -17.20            0.95
  2013.0986          -12.97            1.01
  2013.1013          -14.97            1.23
  2013.1041          -16.88            1.08
  2013.1068          -16.47            1.00
  2013.1096          -22.09            1.01
  2013.1123          -15.58            1.09
  2013.1151          -15.21            1.06
  2013.1178          -22.61            1.05
  2013.1206          -16.41            1.00
  2013.1233          -18.00            1.06
  2013.1260          -16.30            1.01
  2013.1288          -18.18            1.09
  2013.1315          -12.87            1.02
  2013.1343          -15.43            0.92
  2013.1370          -15.78            0.89
  2013.1398          -17.01            0.96
  2013.1425          -14.40            1.02
  2013.1453          -15.70            0.96
  2013.1479          -19.32            0.99
  2013.1506          -18.69            0.94
  2013.1534          -16.48            0.91
  2013.1561          -15.61            0.92
  2013.1589          -16.63            0.91
  2013.1616          -18.38            0.98
  2013.1644          -17.88            0.96
  2013.1671          -16.87            0.94
  2013.1699          -15.86            0.90
  2013.1726          -15.80            0.92
  2013.1753          -17.94            1.03
  2013.1781          -15.86            1.03
  2013.1808          -17.31            0.97
  2013.1863          -20.44            1.06
  2013.1918          -19.59            1.01
  2013.2000          -17.46            0.87
  2013.2028          -18.09            0.90
  2013.2054          -17.86            0.97
  2013.2083          -16.85            0.94
  2013.2109          -17.50            0.87
  2013.2164          -16.61            1.02
  2013.2192          -16.53            0.94
  2013.2219          -17.21            0.92
  2013.2246          -15.96            0.97
  2013.2274          -17.09            1.03
  2013.2301          -16.67            0.99
  2013.2329          -16.83            0.96
  2013.2356          -16.87            0.94
  2013.2384          -18.84            0.87
  2013.2411          -18.41            0.99
  2013.2439          -18.70            0.93
  2013.2466          -19.92            0.93
  2013.2493          -15.35            0.95
  2013.2548          -20.32            0.93
  2013.2576          -17.69            0.90
  2013.2603          -20.11            0.95
  2013.2631          -21.45            0.95
  2013.2657          -18.82            1.77
  2013.2684          -20.35            0.92
  2013.2712          -19.21            1.07
  2013.2794          -18.45            0.91
  2013.2822          -18.75            0.84
  2013.2849          -20.16            0.84
  2013.2877          -19.67            0.89
  2013.2904          -20.48            0.85
  2013.2931          -20.49            0.84
  2013.2959          -20.98            0.91
  2013.2986          -20.05            0.90
  2013.3014          -20.61            0.91
  2013.3041          -20.75            0.94
  2013.3069          -21.41            0.99
  2013.3096          -20.74            0.95
  2013.3124          -20.51            0.94
  2013.3151          -21.42            0.91
  2013.3177          -21.87            0.91
  2013.3206          -22.71            0.89
  2013.3232          -22.33            0.96
  2013.3260          -21.95            0.89
  2013.3287          -22.47            0.86
  2013.3315          -22.13            0.94
  2013.3342          -21.97            0.96
  2013.3370          -21.91            1.02
  2013.3397          -22.17            0.90
  2013.3424          -22.41            0.86
  2013.3452          -21.81            0.96
  2013.3479          -22.81            0.94
  2013.3562          -22.81            1.00
  2013.3589          -22.57            0.95
  2013.3617          -22.54            1.89
  2013.3644          -25.31            0.90
  2013.3671          -26.15            0.90
  2013.3699          -25.47            0.85
  2013.3726          -25.14            0.86
  2013.3754          -25.74            0.89
  2013.3781          -24.39            0.94
  2013.3809          -24.57            1.48
  2013.3835          -25.91            0.90
  2013.3864          -25.84            0.87
  2013.3890          -27.34            0.88
  2013.3917          -26.28            0.87
  2013.3945          -24.78            0.87
  2013.4000          -24.85            0.94
  2013.4027          -24.56            0.98
  2013.4055          -21.61            1.02
  2013.4082          -29.34            0.89
  2013.4110          -27.14            0.90
  2013.4137          -28.51            0.98
  2013.4164          -30.28            0.93
  2013.4192          -28.92            0.91
  2013.4219          -25.37            0.84
  2013.4247          -26.28            0.92
  2013.4274          -23.96            0.93
  2013.4302          -25.68            0.86
  2013.4329          -26.55            0.90
  2013.4357          -26.11            0.86
  2013.4384          -26.70            0.89
  2013.4410          -27.16            0.85
  2013.4438          -27.49            0.90
  2013.4465          -27.26            0.89
  2013.4493          -27.29            0.90
  2013.4520          -26.35            0.90
  2013.4548          -23.16            0.96
  2013.4575          -29.03            0.89
  2013.4603          -26.47            0.88
  2013.4630          -29.84            0.89
  2013.4657          -26.92            0.87
  2013.4685          -26.56            0.87
  2013.4712          -28.38            0.92
  2013.4740          -28.03            0.87
  2013.4767          -27.42            0.88
  2013.4795          -25.66            0.87
  2013.4822          -26.57            0.86
  2013.4850          -26.71            0.89
  2013.4877          -26.91            0.96
  2013.4904          -28.69            0.96
  2013.4932          -27.92            0.91
  2013.4958          -28.53            0.86
  2013.5042          -26.34            0.90
  2013.5068          -29.83            0.92
  2013.5096          -28.30            0.89
  2013.5123          -28.46            0.84
  2013.5150          -26.88            0.83
  2013.5178          -27.63            0.85
  2013.5205          -28.16            0.90
  2013.5233          -30.10            0.88
  2013.5260          -27.76            0.86
  2013.5288          -27.81            0.84
  2013.5315          -36.32            0.90
  2013.5343          -29.00            0.88
  2013.5370          -27.63            0.88
  2013.5397          -27.13            0.83
  2013.5425          -27.38            0.89
  2013.5452          -27.68            0.86
  2013.5480          -26.99            0.85
  2013.5507          -25.79            0.77
  2013.5535          -28.11            0.84
  2013.5562          -27.59            0.82
  2013.5590          -27.76            0.82
  2013.5616          -27.00            0.82
  2013.5643          -28.87            0.84
  2013.5671          -28.19            0.91
  2013.5698          -28.81            0.82
  2013.5726          -27.90            0.80
  2013.5753          -28.05            0.83
  2013.5781          -27.87            0.87
  2013.5808          -29.17            0.83
  2013.5836          -27.87            0.81
  2013.5863          -28.97            0.84
  2013.5890          -27.63            0.87
  2013.5918          -28.90            0.93
  2013.5945          -34.10            0.89
  2013.5973          -27.96            0.90
  2013.6000          -31.01            0.95
  2013.6028          -29.13            0.95
  2013.6055          -28.65            0.88
  2013.6083          -28.55            0.92
  2013.6110          -32.94            0.90
  2013.6136          -33.21            0.89
  2013.6165          -31.47            0.84
  2013.6191          -31.00            0.84
  2013.6219          -32.34            0.89
  2013.6246          -30.85            0.86
  2013.6274          -31.06            0.83
  2013.6301          -29.42            0.86
  2013.6329          -33.60            0.89
  2013.6356          -32.32            0.87
  2013.6383          -31.39            0.89
  2013.6411          -32.09            0.85
  2013.6438          -31.90            0.85
  2013.6466          -31.81            0.88
  2013.6493          -31.40            0.86
  2013.6521          -31.73            0.84
  2013.6548          -31.58            0.85
  2013.6576          -31.85            0.84
  2013.6603          -32.03            0.85
  2013.6630          -31.68            0.85
  2013.6658          -33.58            0.91
  2013.6685          -32.28            0.88
  2013.6713          -34.72            0.91
  2013.6740          -33.22            0.92
  2013.6768          -32.04            1.05
  2013.6794          -28.02            1.00
  2013.6823          -32.57            1.01
  2013.6849          -33.89            1.01
  2013.6876          -35.81            1.02
  2013.6904          -34.51            0.99
  2013.6931          -33.54            0.99
  2013.6959          -35.79            0.96
  2013.6986          -35.50            0.99
  2013.7014          -34.79            0.93
  2013.7041          -34.81            0.98
  2013.7069          -33.21            0.94
  2013.7096          -34.17            0.94
  2013.7123          -34.63            0.94
  2013.7151          -33.82            0.93
  2013.7178          -33.30            0.98
  2013.7206          -34.60            0.99
  2013.7233          -33.24            1.00
  2013.7261          -36.04            0.97
  2013.7288          -36.31            1.00
  2013.7316          -34.55            0.92
  2013.7343          -34.89            0.92
  2013.7369          -34.67            1.03
  2013.7397          -35.33            0.97
  2013.7424          -33.24            0.96
  2013.7561          -35.45            0.94
  2013.7589          -35.51            0.98
  2013.7616          -35.56            1.02
  2013.7644          -34.31            0.95
  2013.7671          -33.59            1.09
  2013.7699          -32.96            0.99
  2013.7726          -35.39            0.98
  2013.7754          -35.83            1.04
  2013.7781          -32.62            1.10
  2013.7808          -34.94            1.03
  2013.7836          -33.59            1.04
  2013.7863          -35.71            1.07
  2013.7891          -33.98            1.00
  2013.7917          -33.78            1.04
  2013.7946          -33.99            1.05
  2013.7972          -36.01            1.00
  2013.8000          -34.92            1.05
  2013.8027          -34.12            1.12
  2013.8054          -35.13            1.06
  2013.8082          -32.67            1.03
  2013.8109          -34.85            0.96
  2013.8137          -38.64            2.32
  2013.8164          -34.62            1.00
  2013.8192          -33.86            0.92
  2013.8219          -34.95            0.94
  2013.8301          -33.16            0.98
  2013.8329          -31.04            0.98
  2013.8356          -32.91            1.00
  2013.8384          -33.72            0.92
  2013.8411          -34.22            0.90
  2013.8439          -34.25            0.91
  2013.8466          -35.13            0.90
  2013.8494          -35.07            1.02
  2013.8521          -36.07            0.94
  2013.8547          -36.53            1.02
  2013.8575          -36.26            0.98
  2013.8602          -36.03            1.03
  2013.8630          -35.70            1.01
  2013.8657          -38.32            0.99
  2013.8685          -36.68            0.97
  2013.8712          -33.96            1.02
  2013.8740          -33.83            1.01
  2013.8767          -34.75            0.92
  2013.8794          -36.52            0.93
  2013.8822          -37.07            0.98
  2013.8849          -36.98            0.95
  2013.8877          -35.66            1.01
  2013.8904          -34.49            0.96
  2013.8932          -34.65            0.98
  2013.8959          -37.16            1.00
  2013.8987          -37.97            1.02
  2013.9014          -37.59            0.98
  2013.9041          -37.12            0.94
  2013.9069          -37.44            1.98
  2013.9095          -36.17            1.87
  2013.9124          -38.29            0.95
  2013.9150          -37.67            0.96
  2013.9178          -37.50            0.95
  2013.9205          -35.23            1.03
  2013.9233          -34.63            1.14
  2013.9260          -39.33            0.95
  2013.9287          -39.76            0.98
  2013.9315          -38.42            1.00
  2013.9342          -38.01            0.98
  2013.9370          -35.79            1.06
  2013.9397          -36.34            1.02
  2013.9425          -38.10            0.98
  2013.9452          -33.63            1.06
  2013.9480          -35.45            1.02
  2013.9507          -37.77            0.99
  2013.9534          -39.65            1.05
  2013.9562          -37.69            0.96
  2013.9589          -41.39            1.05
  2013.9617          -40.11            0.99
  2013.9644          -43.54            1.01
  2013.9672          -39.91            0.97
  2013.9698          -41.40            0.98
  2013.9727          -39.73            1.00
  2013.9753          -38.27            1.00
  2013.9780          -37.93            1.00
  2013.9808          -38.82            0.97
  2013.9835          -40.29            1.03
  2013.9863          -38.83            1.04
  2013.9890          -38.99            1.11
  2013.9918          -40.70            0.99
  2013.9945          -36.79            1.07
  2013.9973          -44.30            1.02
  2014.0000          -39.10            1.08
  2014.0027          -37.85            1.04
  2014.0055          -36.17            1.12
  2014.0082          -40.33            0.99
  2014.0110          -39.15            0.99
  2014.0137          -39.37            0.99
  2014.0165          -40.85            1.03
  2014.0192          -36.77            1.04
  2014.0220          -37.81            1.04
  2014.0247          -35.67            1.06
  2014.0273          -40.95            1.06
  2014.0302          -39.53            1.03
  2014.0328          -35.28            1.02
  2014.0356          -39.01            0.96
  2014.0383          -40.11            1.10
  2014.0411          -39.76            1.00
  2014.0438          -38.63            1.07
  2014.0466          -37.56            1.05
  2014.0493          -39.10            1.00
  2014.0548          -38.40            1.03
  2014.0575          -40.20            1.09
  2014.0603          -39.91            1.03
  2014.0630          -40.34            1.15
  2014.0658          -40.26            1.08
  2014.0685          -38.09            1.05
  2014.0713          -40.57            1.01
  2014.0740          -40.60            1.03
  2014.0767          -40.00            1.12
  2014.0795          -38.40            1.07
  2014.0822          -40.04            1.13
  2014.0850          -40.11            1.12
  2014.0876          -42.71            1.14
  2014.0905          -41.93            1.06
  2014.0931          -43.09            1.15
  2014.0959          -40.54            1.09
  2014.0986          -44.16            1.17
  2014.1013          -40.98            1.05
  2014.1041          -40.83            1.10
  2014.1068          -44.35            1.05
  2014.1096          -41.63            1.07
  2014.1123          -41.58            1.05
  2014.1151          -39.72            1.07
  2014.1178          -42.56            1.06
  2014.1206          -42.03            1.04
  2014.1233          -46.83            1.15
  2014.1260          -40.21            1.05
  2014.1288          -39.72            1.02
  2014.1315          -40.51            1.08
  2014.1343          -41.39            1.07
  2014.1370          -41.45            1.12
  2014.1398          -40.96            1.10
  2014.1425          -40.03            1.17
  2014.1453          -40.32            1.13
  2014.1479          -39.49            1.05
  2014.1506          -38.14            1.01
  2014.1534          -39.94            1.07
  2014.1561          -39.38            1.07
  2014.1589          -38.64            1.05
  2014.1616          -39.48            0.97
  2014.1644          -39.57            1.04
  2014.1671          -38.89            1.07
  2014.1699          -39.17            1.23
  2014.1726          -45.34            1.10
  2014.1753          -39.46            1.08
  2014.1781          -38.34            1.10
  2014.1808          -39.59            1.04
  2014.1836          -40.74            1.12
  2014.1863          -43.28            1.14
  2014.1891          -44.07            1.05
  2014.1918          -41.73            1.04
  2014.1946          -42.50            1.05
  2014.1973          -41.20            1.04
  2014.2000          -42.66            1.05
  2014.2028          -43.25            1.08
  2014.2054          -46.84            1.08
  2014.2083          -43.13            1.08
  2014.2109          -42.90            1.02
  2014.2137          -43.90            1.05
  2014.2164          -45.45            1.15
  2014.2192          -40.91            1.06
  2014.2219          -44.47            1.01
  2014.2246          -43.24            0.95
  2014.2274          -42.74            1.03
  2014.2301          -42.50            1.04
  2014.2329          -41.57            1.02
  2014.2356          -40.38            1.04
  2014.2384          -45.54            1.05
  2014.2411          -44.29            1.06
  2014.2439          -45.88            1.15
  2014.2466          -46.47            1.08
  2014.2493          -44.54            0.98
  2014.2521          -44.25            0.96
  2014.2548          -44.30            1.02
  2014.2576          -44.30            0.98
  2014.2603          -42.67            1.03
  2014.2631          -45.60            0.99
  2014.2657          -46.16            1.04
  2014.2684          -54.50            1.10
  2014.2712          -44.71            1.03
  2014.2739          -45.01            1.05
  2014.2767          -47.10            1.04
  2014.2794          -46.53            1.04
  2014.2822          -45.09            0.93
  2014.2849          -45.64            0.92
  2014.2877          -44.80            0.98
  2014.2904          -43.37            0.99
  2014.2931          -46.82            0.96
  2014.2959          -45.99            0.94
  2014.2986          -44.82            0.93
  2014.3014          -44.56            0.94
  2014.3041          -44.57            1.00
  2014.3069          -45.66            0.94
  2014.3096          -47.01            0.93
  2014.3124          -44.63            0.97
  2014.3151          -44.93            0.92
  2014.3177          -45.41            0.92
  2014.3206          -47.97            0.96
  2014.3232          -46.65            0.89
  2014.3260          -46.86            0.94
  2014.3287          -47.82            0.99
  2014.3315          -47.76            0.97
  2014.3342          -46.33            0.96
  2014.3370          -45.47            0.99
  2014.3397          -45.47            1.01
  2014.3424          -47.94            0.98
  2014.3452          -44.00            0.95
  2014.3479          -43.67            0.91
  2014.3507          -45.80            0.95
  2014.3534          -47.28            0.94
  2014.3562          -46.86            0.98
  2014.3589          -46.54            0.93
  2014.3617          -47.52            0.93
  2014.3644          -46.30            0.94
  2014.3671          -46.64            1.02
  2014.3699          -46.42            0.95
  2014.3726          -49.00            0.97
  2014.3754          -46.40            0.96
  2014.3781          -46.95            0.97
  2014.3809          -48.32            0.91
  2014.3835          -45.81            0.94
  2014.3864          -45.94            1.02
  2014.3890          -45.84            0.99
  2014.3917          -46.76            0.98
  2014.3945          -46.68            0.94
  2014.3972          -48.94            0.96
  2014.4000          -48.46            0.96
  2014.4027          -48.23            0.92
  2014.4055          -48.24            0.98
  2014.4082          -50.32            1.01
  2014.4110          -49.45            0.95
  2014.4137          -48.68            0.95
  2014.4164          -48.29            0.93
  2014.4192          -49.62            0.95
  2014.4219          -49.23            0.94
  2014.4247          -50.09            1.02
  2014.4274          -48.20            1.01
  2014.4302          -49.67            1.00
  2014.4329          -49.26            0.99
  2014.4357          -50.91            1.00
  2014.4384          -52.38            0.97
  2014.4410          -50.86            0.95
  2014.4438          -49.74            1.01
  2014.4465          -51.13            1.02
  2014.4493          -49.79            0.93
  2014.4520          -48.90            0.96
  2014.4548          -49.05            0.95
  2014.4575          -48.72            0.91
  2014.4603          -48.15            0.87
  2014.4630          -48.67            0.85
  2014.4657          -49.47            0.85
  2014.4685          -49.22            0.87
  2014.4712          -49.98            0.87
  2014.4740          -48.92            0.87
  2014.4767          -50.50            0.87
  2014.4795          -50.35            0.87
  2014.4822          -50.39            0.90
  2014.4850          -50.65            0.91
  2014.4877          -48.86            0.90
  2014.4904          -49.73            0.85
  2014.4932          -49.81            0.86
  2014.4958          -49.77            0.86
  2014.4987          -50.51            0.87
  2014.5013          -53.05            0.88
  2014.5042          -49.66            0.85
  2014.5068          -50.55            0.89
  2014.5096          -49.62            0.91
  2014.5123          -49.00            0.89
  2014.5150          -48.95            0.85
  2014.5178          -49.63            0.86
