  2010.1946            0.00            0.09
  2010.1973           -4.06            0.10
  2010.2000           -0.45            0.11
  2010.2028           -2.26            0.10
  2010.2054           -1.97            0.10
  2010.2083           -3.75            0.10
  2010.2109           -4.79            0.10
  2010.2137           -4.26            0.11
  2010.2164           -5.54            0.12
  2010.2192           -7.24            0.12
  2010.2219           -4.23            0.11
  2010.2246           -5.90            0.11
  2010.2274           -4.22            0.11
  2010.2301           -6.89            0.10
  2010.2329           -6.47            0.11
  2010.2356           -5.89            0.11
  2010.2384           -8.30            0.11
  2010.2411           -8.66            0.11
  2010.2439           -7.77            0.11
  2010.2466           -8.64            0.11
  2010.2493           -8.25            0.11
  2010.2521           -7.91            0.11
  2010.2548           -8.70            0.10
  2010.2576           -5.90            0.06
  2010.2603           -5.63            0.10
  2010.2631           -7.07            0.10
  2010.2657           -5.21            0.10
  2010.2684           -7.21            0.11
  2010.2712           -6.55            0.10
  2010.2739           -6.17            0.11
  2010.2767           -5.31            0.11
  2010.2794           -6.51            0.10
  2010.2822           -5.15            0.09
  2010.2849           -5.00            0.10
  2010.2877           -5.71            0.09
  2010.2904           -6.11            0.10
  2010.2931           -5.74            0.09
  2010.2959           -7.66            0.10
  2010.2986           -7.56            0.10
  2010.3014           -6.58            0.10
  2010.3069           -6.86            0.10
  2010.3096           -5.22            0.10
  2010.3124           -6.33            0.10
  2010.3151           -7.45            0.09
  2010.3177           -9.44            0.10
  2010.3206           -8.21            0.10
  2010.3232           -8.49            0.09
  2010.3260           -8.00            0.10
  2010.3287           -8.48            0.09
  2010.3315           -9.21            0.11
  2010.3424          -10.02            0.10
  2010.3452           -9.10            0.10
  2010.3479           -9.19            0.11
  2010.3507           -7.59            0.10
  2010.3534           -5.33            0.09
  2010.3562           -8.41            0.10
  2010.3589           -8.60            0.09
  2010.3617           -8.67            0.15
  2010.3644           -9.38            0.09
  2010.3726           -8.24            0.09
  2010.3754           -8.70            0.09
  2010.3781           -9.29            0.09
  2010.3809          -10.44            0.10
  2010.3835           -9.79            0.10
  2010.3864           -8.99            0.11
  2010.3890           -8.93            0.10
  2010.3917          -10.26            0.10
  2010.3945           -9.16            0.10
  2010.3972           -9.49            0.11
  2010.4000           -9.37            0.10
  2010.4027           -8.62            0.11
  2010.4055           -9.06            0.10
  2010.4082           -9.80            0.10
  2010.4110           -9.72            0.22
  2010.4137           -9.65            0.10
  2010.4164           -8.66            0.10
  2010.4192          -10.34            0.11
  2010.4219           -8.69            0.11
  2010.4247           -9.29            0.10
  2010.4274           -9.77            0.09
  2010.4302          -10.12            0.09
  2010.4329           -9.09            0.09
  2010.4357           -6.88            0.09
  2010.4384           -7.99            0.10
  2010.4410           -8.33            0.10
  2010.4438          -11.07            0.10
  2010.4465          -11.87            0.10
  2010.4493          -11.34            0.10
  2010.4520          -11.18            0.11
  2010.4548          -10.09            0.10
  2010.4575           -9.86            0.11
  2010.4603           -9.84            0.13
  2010.4630           -9.08            0.11
  2010.4657          -13.25            0.10
  2010.4685          -10.03            0.09
  2010.4712           -7.99            0.09
  2010.4740           -8.44            0.09
  2010.4767           -8.08            0.10
  2010.4795           -7.78            0.11
  2010.4822           -8.40            0.09
  2010.4850           -8.48            0.09
  2010.4877           -8.19            0.11
  2010.4904           -8.94            0.11
  2010.4932           -8.57            0.09
  2010.4958           -8.16            0.09
  2010.4987           -9.17            0.11
  2010.5013           -6.86            0.15
  2010.5042           -8.90            0.10
  2010.5068           -9.30            0.10
  2010.5096           -9.86            0.09
  2010.5123           -9.01            0.09
  2010.5150           -8.30            0.10
  2010.5178           -9.24            0.09
  2010.5205           -8.51            0.09
  2010.5233           -8.79            0.11
  2010.5260          -11.63            0.10
  2010.5288          -10.34            0.10
  2010.5315           -9.61            0.09
  2010.5343           -8.50            0.10
  2010.5370           -6.92            0.10
  2010.5397           -7.79            0.11
  2010.5425           -8.17            0.09
  2010.5452           -8.53            0.10
  2010.5480           -9.86            0.10
  2010.5507           -9.55            0.10
  2010.5535           -9.82            0.10
  2010.5562           -5.99            0.11
  2010.5590           -9.74            0.11
  2010.5616           -9.08            0.11
  2010.5643           -8.84            0.11
  2010.5671           -8.53            0.09
  2010.5698          -10.28            0.09
  2010.5726          -10.03            0.10
  2010.5753           -9.96            0.10
  2010.5781          -10.45            0.10
  2010.5808           -9.68            0.09
  2010.5836           -9.28            0.10
  2010.5863          -10.60            0.10
  2010.5890          -10.08            0.10
  2010.5918          -10.79            0.10
  2010.5945          -10.40            0.19
  2010.5973           -9.66            0.10
  2010.6000          -11.42            0.09
  2010.6028          -10.37            0.09
  2010.6055          -10.17            0.10
  2010.6083           -8.89            0.09
  2010.6110          -10.11            0.09
  2010.6136          -11.01            0.09
  2010.6165          -10.45            0.08
  2010.6191          -10.18            0.09
  2010.6219           -9.90            0.09
  2010.6246          -11.01            0.09
  2010.6274           -9.91            0.10
  2010.6301          -11.51            0.11
  2010.6329           -9.85            0.09
  2010.6356           -9.32            0.08
  2010.6383          -11.53            0.09
  2010.6411          -10.03            0.09
  2010.6438           -9.88            0.09
  2010.6466           -8.94            0.07
  2010.6493          -10.48            0.08
  2010.6521           -8.95            0.09
  2010.6576          -10.30            0.08
  2010.6603           -9.41            0.08
  2010.6630           -8.95            0.07
  2010.6685           -7.98            0.08
  2010.6713           -9.00            0.07
  2010.6740           -8.13            0.09
  2010.6794           -8.71            0.07
  2010.6823           -9.21            0.07
  2010.6849           -8.10            0.08
  2010.6876           -9.72            0.07
  2010.6904           -8.38            0.08
  2010.6931           -8.42            0.07
  2010.6959           -6.97            0.08
  2010.6986           -9.90            0.08
  2010.7014           -9.38            0.07
  2010.7041           -9.82            0.08
  2010.7069           -9.95            0.12
  2010.7096           -9.52            0.07
  2010.7123           -8.73            0.07
  2010.7178           -8.67            0.06
  2010.7206           -8.75            0.07
  2010.7233           -9.44            0.08
  2010.7288           -9.40            0.07
  2010.7316           -9.72            0.07
  2010.7343          -10.71            0.07
  2010.7397          -10.15            0.08
  2010.7424          -10.46            0.08
  2010.7452           -9.15            0.07
  2010.7479           -7.69            0.08
  2010.7507           -9.44            0.08
  2010.7534           -8.65            0.08
  2010.7561           -8.20            0.09
  2010.7589           -7.03            0.08
  2010.7616           -8.34            0.07
  2010.7644           -7.84            0.08
  2010.7671           -9.03            0.08
  2010.7699           -8.30            0.08
  2010.7726           -7.23            0.07
  2010.7781           -5.76            0.08
  2010.7808           -5.92            0.08
  2010.7836           -7.74            0.09
  2010.7891           -6.52            0.08
  2010.7917           -5.85            0.08
  2010.7946           -7.39            0.08
  2010.8000           -7.05            0.07
  2010.8027           -7.92            0.08
  2010.8054           -7.46            0.08
  2010.8082           -8.09            0.07
  2010.8109           -8.13            0.06
  2010.8137           -9.98            0.07
  2010.8164           -9.22            0.07
  2010.8192          -10.33            0.08
  2010.8219          -10.57            0.08
  2010.8247           -9.95            0.07
  2010.8274          -10.93            0.08
  2010.8301          -10.45            0.08
  2010.8329           -8.27            0.05
  2010.8384           -7.81            0.08
  2010.8411          -10.89            0.08
  2010.8439           -9.99            0.05
  2010.8494           -9.74            0.09
  2010.8521           -9.34            0.09
  2010.8547           -9.56            0.09
  2010.8575           -8.17            0.08
  2010.8602           -7.18            0.07
  2010.8630           -8.40            0.08
  2010.8657           -8.09            0.09
  2010.8685           -8.19            0.08
  2010.8712           -7.08            0.09
  2010.8740           -7.25            0.06
  2010.8767           -6.82            0.07
  2010.8794           -7.40            0.08
  2010.8822           -6.90            0.06
  2010.8849           -8.73            0.06
  2010.8877           -8.03            0.07
  2010.8904          -10.31            0.07
  2010.8932           -7.51            0.07
  2010.8987           -9.26            0.05
  2010.9014           -9.32            0.07
  2010.9041           -9.39            0.05
  2010.9095           -6.94            0.05
  2010.9124           -6.71            0.05
  2010.9150           -7.23            0.06
  2010.9178           -7.68            0.05
  2010.9205           -7.12            0.06
  2010.9233           -6.96            0.06
  2010.9260           -6.88            0.06
  2010.9287           -5.51            0.05
  2010.9315           -5.97            0.06
  2010.9342           -6.72            0.07
  2010.9370           -5.25            0.05
  2010.9397           -5.40            0.06
  2010.9425           -6.41            0.07
  2010.9480           -2.81            0.06
  2010.9507           -7.09            0.07
  2010.9589           -4.98            0.07
  2010.9644           -5.58            0.06
