  2008.1616            0.00            3.96
  2008.1644           -5.42            1.93
  2008.1671           -6.22            1.99
  2008.1699           -0.18            1.91
  2008.1726            2.01            1.80
  2008.1753            1.78            1.82
  2008.1781           -3.70            1.86
  2008.1808            0.70            1.88
  2008.1836           -7.90            1.86
  2008.1863          -10.98            1.83
  2008.1891            1.87            1.90
  2008.1918           -3.72            1.86
  2008.1946           -9.30            1.79
  2008.1973           -6.33            1.84
  2008.2000           -0.88            3.01
  2008.2028            3.97            2.99
  2008.2054          -16.80            4.73
  2008.2083          -15.54            4.69
  2008.2109            2.22            3.31
  2008.2137            3.51            3.25
  2008.2164           -1.76            3.18
  2008.2192           -3.83            2.94
  2008.2219           -3.97            3.02
  2008.2246           -3.81            2.97
  2008.2274            1.16            2.96
  2008.4137          -27.73            3.24
  2008.4164          -21.76            1.80
  2008.4192          -13.18            1.83
  2008.4219          -17.61            1.87
  2008.4247          -26.53            2.39
  2008.4274          -35.20            2.31
  2008.4302          -10.69            2.39
  2008.4329          -33.77            2.04
  2008.4357          -25.82            1.85
  2008.4384         -201.11           60.88
  2008.4410          -40.20            5.96
  2008.4438          -42.31            3.65
  2008.4465          -51.69            5.03
  2008.4493          -27.21            3.53
  2008.4520          -32.21            3.74
  2008.4548          -62.47            5.00
  2008.4575          -24.68            3.84
  2008.4603          -19.55            6.45
  2008.4630          -11.23            4.21
  2008.4657          -25.10            3.39
  2008.4685          -40.70            6.37
  2008.4712          -22.28            3.82
  2008.4740          -15.77            3.83
  2008.4767          -30.15            6.18
  2008.4795          -18.02            3.11
  2008.4822          -19.56            3.11
  2008.4850          -17.52            3.49
  2008.4877          -30.00            5.07
  2008.4904           -8.92            3.40
  2008.4932          -21.52            2.89
  2008.4958          -12.03            3.16
  2008.4987           -8.20            3.04
  2008.5013           -5.08            3.11
  2008.5042          -15.81            3.53
  2008.5068          -10.51            2.99
  2008.5096          -18.45            3.07
  2008.5123          -23.28            4.45
  2008.5150          -34.29            6.18
  2008.5178          -26.14            3.14
  2008.5205          -10.16            3.95
  2008.5233          -20.07            2.79
  2008.5260          -24.57            3.12
  2008.5288           -6.60           11.49
  2008.5315           14.89           12.14
  2008.5343          -18.73            3.53
  2008.5370           28.88            9.28
  2008.5397          -24.59            8.32
  2008.5425          -17.11            6.20
  2008.5452           -6.59            4.26
  2008.5480            3.98            3.15
  2008.5507            8.87            2.79
  2008.5535            8.58            2.86
  2008.5562          -12.86            3.76
  2008.5590           10.46            3.66
  2008.5616           -3.06            4.57
  2008.5643            3.59            3.03
  2008.5671            4.30            3.05
  2008.5698            3.17            3.88
  2008.5726           -2.46            3.74
  2008.5753           -2.33            2.69
  2008.5781            0.29            4.00
  2008.5808           -9.47            3.37
  2008.5836           -6.99            2.29
  2008.5890           -6.74            3.30
  2008.5918          -11.28            3.13
  2008.5945          -13.51            3.24
  2008.5973          -12.45            2.56
  2008.6000           18.39            4.68
  2008.6028          -11.05            2.27
  2008.6055            8.16            4.73
  2008.7699           -0.81            1.84
  2008.7726           -2.52            1.82
  2008.7754          -10.77            2.12
  2008.7781           -9.73            2.01
  2008.7808          -15.07            2.69
  2008.7836          -15.64            4.42
  2008.7863          -17.36            1.83
  2008.7891           -5.60            1.85
  2008.7917          -13.86            2.04
  2008.7946            0.04            1.90
  2008.7972          -11.69            2.13
  2008.8000          -19.63            1.90
  2008.8027          -13.56            1.93
  2008.8054          -13.01            4.96
  2008.8082           -9.65            1.92
  2008.8109          -18.58            1.89
  2008.8137          -20.30            2.04
  2008.8164          -13.02            1.86
  2008.8192          -12.73            1.91
  2008.8219          -14.68            2.03
  2008.8247          -14.70            1.76
  2008.8274          -16.68            1.91
  2008.8301          -13.00            1.87
  2008.8329           -7.01            1.86
  2008.8356          -14.44            1.86
  2008.8384          -14.69            1.98
  2008.8411          -12.15            2.03
  2008.8439           -8.40            2.04
  2008.8466          -16.50            2.11
  2008.8494          -16.02            2.04
  2008.8521          -12.71            2.09
  2008.8547          -19.85            3.03
  2008.8575          -18.22            2.22
  2008.8602          -11.72            2.11
  2008.8630          -10.11            2.09
  2008.8657           -6.86            2.09
  2008.8685           -4.70            2.03
  2008.8712           -8.75            2.05
  2008.8740           -8.91            2.00
  2008.8767          -13.91            1.99
  2008.8794          -10.73            1.84
  2008.8822          -12.85            2.03
  2008.8849          -10.37            1.96
  2008.8877           -9.96            1.86
  2008.8904          -11.03            2.64
  2008.8932          -11.40            1.96
  2008.8959          -13.37            2.02
  2008.8987          -14.36            2.04
  2008.9014          -12.18            2.05
  2008.9041           -8.12            2.08
  2008.9069           -9.14            2.02
  2008.9095          -33.27            2.08
  2008.9124          -16.29            2.16
  2008.9150          -16.76            3.18
  2008.9178           -7.68            2.06
  2008.9205           -9.86            2.01
  2008.9233           -8.81            1.88
  2008.9260          -12.71            1.99
  2008.9287           -8.17            1.97
  2008.9315          -14.01            2.73
  2008.9342          -15.04            1.97
  2008.9370          -10.10            3.52
  2008.9397           -9.20            2.02
  2008.9425           -1.82            2.31
  2008.9452           -1.87            1.89
  2008.9480           -9.99            1.96
  2008.9507            2.66            2.01
  2008.9534           -6.37            2.01
  2008.9562           -2.28            2.01
  2008.9589          -11.02            2.65
  2008.9617           -4.84            1.94
  2008.9644           -1.56            2.10
  2008.9672            5.39            2.04
  2008.9698           -8.36            1.89
  2008.9727          -18.11            2.02
  2008.9753          -24.98            2.56
  2008.9780          -30.07            1.94
  2008.9808          -22.41            1.96
  2008.9835          -20.53            2.00
  2008.9863           -8.32            1.98
  2008.9890           -5.07            1.85
  2008.9918           -9.97            3.34
  2008.9945           -3.11            2.58
  2008.9973           -7.88            2.07
  2009.0000          -11.26            2.02
  2009.0027           -9.14            1.97
  2009.0055          -14.13            1.81
  2009.0082           -8.40            1.84
  2009.0110           -5.22            1.81
  2009.0165           -7.30            3.08
  2009.0192          -13.20            1.82
  2009.0220           -6.46            1.82
  2009.0273           -8.41            1.85
  2009.0302          -13.20            2.00
  2009.0356           -4.21            1.91
  2009.0383          -23.95            2.48
  2009.0411           -4.63            2.78
  2009.0466          -13.20            3.29
  2009.0493          -12.99            1.83
  2009.0520          -10.03            2.14
  2009.0548           -3.73            1.78
  2009.0575          -14.17            1.77
  2009.0603           -8.57            2.59
  2009.0658          -33.23            2.71
  2009.0685          -19.09            1.78
  2009.0713          -18.08            1.81
  2009.0767           -6.84            1.77
  2009.0795          -15.02            1.81
  2009.0850          -10.59            1.80
  2009.0876          -10.27            1.78
  2009.0905          -11.61            1.75
  2009.0959          -22.74            3.75
  2009.0986          -19.30            2.27
  2009.1013          -18.28            1.82
  2009.1068          -18.12            1.78
  2009.1096          -13.05            2.29
  2009.1151          -17.39            2.27
  2009.1178          -10.27            1.86
  2009.1206          -14.37            2.44
  2009.1260          -23.11            4.68
  2009.1288            4.44            2.57
  2009.1315           -6.82            2.41
  2009.1370           -5.82            2.74
  2009.1398           -7.17            2.64
  2009.1453            2.70            1.85
  2009.1479           12.14            2.36
  2009.1506           10.22            2.08
  2009.1561           12.56           12.35
  2009.1589            4.51            2.28
  2009.1616            3.36            1.90
  2009.1644            9.54           24.45
  2009.1671            8.58            3.16
  2009.1699            3.04            1.92
  2009.1753            3.53            2.48
  2009.1781           -4.15            2.54
  2009.1808           -3.29            2.79
  2009.1836           -5.42            3.84
  2009.1863           -0.35            2.99
  2009.1891           -1.08            3.23
  2009.1918           -7.06            4.29
  2009.1946          -14.77            3.94
  2009.1973           -6.99            1.79
  2009.2028            0.85            1.78
  2009.2054          201.74           44.33
  2009.2083          -13.48            3.08
  2009.2109            0.40            3.18
  2009.2137          -15.82            3.65
  2009.2164           -5.37            3.10
  2009.2192           -5.78            3.02
  2009.2219          -23.42            3.21
  2009.2246          -15.22            3.44
  2009.2274           -7.92            3.34
  2009.2301          -21.48            3.34
  2009.2329          -28.46            3.89
  2009.2356          -21.49            3.10
  2009.2384          -18.95            3.16
  2009.2411          -33.43            6.15
  2009.2439           -9.20            3.21
  2009.2466           -6.65            3.34
  2009.2493           -9.98            3.19
  2009.2521          -17.39            4.34
  2009.2548          -20.83            4.61
  2009.2576          -13.29            4.09
  2009.2603          -18.49            6.31
  2009.2631          -99.60            9.18
  2009.2657          -20.27            4.48
  2009.2684           -6.37            4.85
  2009.2712           -6.96            4.78
  2009.2739           -9.31            3.98
  2009.2767           -6.58            3.61
  2009.2794           -5.53            4.26
  2009.2822           -4.55            4.71
  2009.2849          -12.92            2.05
  2009.2877           -9.44           18.07
  2009.2904           -3.01            6.49
  2009.2931          -20.02            4.96
  2009.2959           -4.92            4.42
  2009.2986           -5.25            4.70
  2009.3014           -6.75            4.64
  2009.3069           28.78           16.63
  2009.3096          -21.79            5.53
  2009.3124          -11.64            5.38
  2009.3151            6.10            5.07
  2009.3177            6.30            4.94
  2009.3206            3.12            5.61
  2009.3232            7.05            5.59
  2009.3260            4.57            5.65
  2009.3315           -5.43            6.01
  2009.3342           -3.72            5.96
  2009.3370           -9.05            6.53
  2009.3397           19.11            7.76
  2009.3424          -10.93            5.74
  2009.3452           -8.13            7.91
  2009.3479          -17.55            5.29
  2009.3507           -8.16            5.35
  2009.3534          -10.14            5.47
  2009.3562          -19.84            6.33
  2009.3589            9.30           10.08
  2009.3617           -7.00            5.10
  2009.3644            7.80            9.29
  2009.3671           -9.57            7.68
  2009.3699           -4.58            5.42
  2009.3726           -4.96            5.29
  2009.3754          -34.04            7.88
  2009.3781          -22.00            6.69
  2009.3809          -19.08            7.42
  2009.3835          -29.60            4.79
  2009.3864          -14.08           37.50
  2009.3890           -4.18            5.46
  2009.3917           -2.97            5.66
  2009.3945          -41.05           29.04
  2009.3972           -7.52            5.75
  2009.4000           -2.80            6.04
  2009.4027           12.59            6.29
  2009.4055          -16.02            7.79
  2009.4082          -13.30           38.39
  2009.4110          -21.39            6.33
  2009.4137          -13.37            7.19
  2009.4192          -10.30            7.33
  2009.4219          -49.61           11.62
  2009.4247          -24.69            9.33
  2009.4302          -11.26            6.70
  2009.4329          -72.85           15.11
  2009.4357          -20.85            6.14
  2009.4384          -24.45            9.48
  2009.4410           11.44            9.90
  2009.4438         -157.19           38.30
  2009.4493           -0.45            5.67
  2009.4520          -84.47           22.42
  2009.4548          -84.38           14.42
  2009.4603          -59.84           21.90
  2009.4630          -25.26            5.80
  2009.4685          -24.73           17.95
  2009.4712          -39.34           11.18
  2009.4740          -10.58            7.06
  2009.4795           13.08           32.07
  2009.4822           -3.44           11.44
  2009.4850            5.74            9.59
  2009.4904           19.26           13.22
  2009.4932           12.84            9.43
  2009.4987         -100.33           15.13
  2009.5013           -5.69            8.45
  2009.5042            9.89           29.61
  2009.5096            3.66            8.80
  2009.5123           13.15            7.23
  2009.5150          -11.05            6.64
  2009.5205            7.15            5.54
  2009.5233          -11.03            5.42
  2009.5288           -6.37            4.77
  2009.5315           10.16            5.22
  2009.5343           -5.64            6.73
  2009.5397           -7.40            4.21
  2009.5425           -0.75            5.12
  2009.5452            2.59            6.58
  2009.5507         -153.40           10.39
  2009.5535            8.39            8.87
  2009.5562            6.44            5.38
  2009.5616           -6.53            2.99
  2009.5643          -40.87           12.53
  2009.5671           -5.95            4.98
  2009.5726           -9.32            4.32
  2009.5753            0.57            8.08
  2009.5808          -10.80            4.39
  2009.5836           -9.44            4.59
  2009.5863           -0.95            3.90
  2009.5918           37.51           11.46
  2009.5945            9.77            4.32
  2009.5973           -4.78            3.89
  2009.6028           19.74            4.52
  2009.6055            1.97            4.17
  2009.6110            1.32            4.03
  2009.6136            4.85            5.50
  2009.6165            5.96            4.20
  2009.6219            9.39            5.42
  2009.6246            6.76            4.83
  2009.6274           59.76            4.81
  2009.6301           17.65            3.85
  2009.6329            9.78            6.14
  2009.6356          -13.91            4.29
  2009.6411           -7.57            4.09
  2009.6438          -12.54            4.11
  2009.6466         -130.93            9.56
  2009.6521           -4.64            4.50
  2009.6548          -13.90            4.46
  2009.6603           -7.91            3.84
  2009.6630          -20.50            3.64
  2009.6658          -13.43            3.50
  2009.6713          -13.37            3.36
  2009.6740          -11.23            3.61
  2009.6768          -10.71            3.42
  2009.6794            4.21            7.50
  2009.6823           -8.91            3.66
  2009.6849          -21.19            3.63
  2009.6876          -12.12            3.27
  2009.6904          -15.38            3.14
  2009.6931          -15.95            3.00
  2009.6959           -8.51            2.86
  2009.6986          -14.52            2.66
  2009.7014          -16.25            2.87
  2009.7041          -15.12            4.61
  2009.7069           -4.35            3.18
  2009.7096           -8.72            3.11
  2009.7123           -4.21            3.14
  2009.7151           -9.68            3.14
  2009.7178          -13.62            2.91
  2009.7206          -24.28            2.78
  2009.7233          -19.09            2.72
  2009.7261           -4.84            2.69
  2009.7288          -11.65            2.54
  2009.7316          -19.02            2.46
  2009.7343          -17.86            1.91
  2009.7369          -10.61            2.32
  2009.7397          -12.95            2.36
  2009.7424          -12.99            2.32
  2009.7452          -12.47            2.36
  2009.7479           -5.31            2.29
  2009.7507          -24.62            4.13
  2009.7534          -13.44            2.87
  2009.7561          -24.19            2.55
  2009.7589          -14.45            1.76
  2009.7616           -3.15            2.99
  2009.7644           -5.27            2.39
  2009.7671          -13.85            3.08
  2009.7699          -13.26            1.65
  2009.7726          -12.75            2.49
  2009.7754          -17.94            2.38
  2009.7781          -12.92            1.87
  2009.7808          -16.66            2.41
  2009.7836          -15.54            2.25
  2009.7863          -15.25            2.54
  2009.7891          -14.38            2.63
  2009.7917          -13.88            2.90
  2009.7946          -16.42            1.81
  2009.7972          -13.07            3.27
  2009.8000          -23.22            2.56
  2009.8027          -28.82            2.29
  2009.8054          -31.93            2.98
  2009.8082          -24.09            3.82
  2009.8109          -18.17            3.19
  2009.8137          -22.93            2.60
  2009.8164          -24.77            2.65
  2009.8192          -19.12            2.14
  2009.8219          -11.81            3.71
  2009.8247          -16.49            3.72
  2009.8274          -20.90            1.89
  2009.8301          -28.21           20.18
  2009.8329          -16.91            1.89
  2009.8356          -21.31            3.09
  2009.8384          -18.57            1.94
  2009.8411          -36.44            2.59
  2009.8439          -35.60            3.57
  2009.9397           -8.86            4.38
  2009.9425          -13.26            1.86
  2009.9452          -11.49            1.89
  2009.9480            0.58            1.87
  2009.9507          -13.71            1.85
  2009.9534          -24.44            2.00
  2009.9562          -13.66            1.90
  2009.9589          -14.01            1.81
  2009.9617          -21.68            2.02
  2009.9644          -18.05            1.94
  2009.9672          -23.28            2.07
  2009.9698          -18.16            1.99
  2009.9727          -24.16            1.92
  2009.9753          -23.04            2.07
  2009.9780          -29.10            2.18
  2009.9808          -12.93            2.13
  2009.9835          -19.42            1.93
  2009.9863          -17.18            2.20
  2009.9890          -25.50            1.99
  2009.9918          -17.03            2.02
  2009.9945          -11.87            2.11
  2009.9973          -15.82            1.99
  2010.0000          -16.25            1.96
  2010.0027          -10.98            1.98
  2010.0055            0.74            1.92
  2010.0082           -3.08            1.95
  2010.0110          -14.68            1.94
  2010.0137           -8.91            2.06
  2010.0165           -4.86            1.92
  2010.0192            1.55            1.89
  2010.0220          -11.43            1.91
  2010.0247          -13.02            1.93
  2010.0273          -12.62            1.94
  2010.0302           -7.26            2.13
  2010.0328          -10.46            2.05
  2010.0356           -8.54            1.96
  2010.0383           -7.81            1.88
  2010.0411           -1.30            1.94
  2010.0438           -7.12            1.97
  2010.0466           -8.91            1.85
  2010.0493           -8.14            1.92
  2010.0520          -13.02            1.85
  2010.0548          -14.16            1.97
  2010.0575           -9.87            1.93
  2010.0603           -9.85            1.88
  2010.0630           -0.31            1.87
  2010.0658           -3.23            1.97
  2010.0685          -12.77            1.91
  2010.0713           -7.77            2.17
  2010.0740          -13.78            2.03
  2010.0767          -17.59            2.08
  2010.0795          -10.33            1.97
  2010.0822           -9.64            1.94
  2010.0850          -11.36            1.86
  2010.0876          -10.97            1.91
  2010.0905          -10.26            2.02
  2010.0931          -10.65            2.03
  2010.0959          -12.76            1.89
  2010.0986          -13.20            1.97
  2010.1013          -13.22            2.00
  2010.1041           -1.45            1.99
  2010.1068          -11.66            1.93
  2010.1096            1.56            2.05
  2010.1123           -4.16            1.90
  2010.1151           14.71            2.05
  2010.1178           -9.52            1.99
  2010.1206          -13.63            1.99
  2010.1233           -6.74            1.84
  2010.1260           -7.89            1.96
  2010.1288           -9.87            2.01
  2010.1315          -22.23            2.06
  2010.1343          -16.41            2.29
  2010.1370          -14.98            2.09
  2010.1398           -8.42            1.98
  2010.1425           -8.61            1.99
  2010.1453           -6.07            2.32
  2010.1479           -9.51            1.92
  2010.1506          -11.19            1.88
  2010.1534          -16.86            2.03
  2010.1561          -17.77            1.91
  2010.1616          172.55            1.95
  2010.1644          176.25            1.92
  2010.1671          177.30            1.93
  2010.1699          182.64            1.82
  2010.1726          192.29            1.80
  2010.1753          195.48            1.84
  2010.1781          197.78            1.76
  2010.1808          201.70            1.89
  2010.1836          200.97            1.97
  2010.1863          210.08            1.93
  2010.1891          214.73            1.82
  2010.1918          210.64            1.83
  2010.1946          220.29            1.91
  2010.1973          217.70            1.98
  2010.2000          218.31            1.86
  2010.2028          216.77            1.91
  2010.2054          219.18            1.81
  2010.2083          221.97            1.86
  2010.2109          221.94            1.92
  2010.2137          225.07            1.83
  2010.2164          217.63            2.02
  2010.2192          233.36            4.84
  2010.2219          229.24            1.83
  2010.2246          235.90            1.81
  2010.2274          230.46            1.77
  2010.2301          230.84            1.68
  2010.2329          227.23            1.83
  2010.2356          237.73            1.77
  2010.2384          235.34            1.80
  2010.2411          234.42            1.86
  2010.2439          235.98            1.79
  2010.2466          228.26            1.95
  2010.2493          233.59            1.83
  2010.2521          235.75            1.80
  2010.2548          242.41            1.72
  2010.2576          241.47            1.22
  2010.2603          237.59            1.70
  2010.2631          239.26            1.76
  2010.2657          241.35            1.76
  2010.2684          239.41            1.68
  2010.2712          244.14            1.70
  2010.2739          242.93            1.80
  2010.2767          237.92            1.76
  2010.2794          240.27            1.78
  2010.2822          249.48            1.83
  2010.2849          247.37            1.69
  2010.2877          248.06            1.72
  2010.2904          241.06            1.84
  2010.2931          234.92            1.81
  2010.2959          241.89            1.81
  2010.2986          245.11            1.76
  2010.3014          247.93            1.70
  2010.3069          248.38            1.66
  2010.3096          253.29            1.73
  2010.3124          256.16            3.75
  2010.3151          205.09            2.98
  2010.3177          252.14            2.90
  2010.3206          251.75            2.94
  2010.3232          256.59            3.00
  2010.3260          264.09            2.96
  2010.3287          262.57            4.75
  2010.3315          254.60            3.51
  2010.3424          260.44            3.18
  2010.3452          258.03            2.66
  2010.3479          264.43            2.82
  2010.3507          269.33            2.86
  2010.3534          263.22            2.73
  2010.3562          179.89           55.16
  2010.3589          264.80            4.30
  2010.3617          260.77            7.27
  2010.3644          255.53            3.19
  2010.3726          262.30            4.55
  2010.3754          259.19            3.06
  2010.3781          283.37           38.09
  2010.3809          269.24            4.37
  2010.3835          276.60            4.82
  2010.3864          261.59            4.35
  2010.3890          261.10            6.44
  2010.3917          255.03            4.77
  2010.3945          271.20            8.82
  2010.3972          263.04            4.92
  2010.4000          268.74            5.39
  2010.4027          273.24            5.51
  2010.4055          273.64            7.27
  2010.4082          267.76            6.58
  2010.4110          264.21           13.65
  2010.4137          245.41           76.00
  2010.4164          283.95            5.67
  2010.4192          260.07            4.86
  2010.4219          304.81            8.28
  2010.4247          262.84            5.03
  2010.4274          297.97            4.67
  2010.4302          267.44            7.62
  2010.4329          283.33            6.48
  2010.4357          306.41            6.15
  2010.4384          279.47            7.78
  2010.4410          258.80            8.61
  2010.4438          297.05           37.23
  2010.4520          281.11            8.05
  2010.4548          283.31            8.02
  2010.4575          273.80            3.28
  2010.4603          242.50           17.45
  2010.4630          275.94            8.28
  2010.4657          261.43            5.06
  2010.4685          252.44           28.49
  2010.4712          271.23           19.51
  2010.4767          307.74           10.68
  2010.4795          331.73           15.93
  2010.4822          295.00           10.69
  2010.4850          292.30            8.10
  2010.4877          270.46            6.13
  2010.4904          278.85           93.81
  2010.4932          284.18            5.61
  2010.4958          254.61           32.29
  2010.5013          281.78            3.85
  2010.5042          284.81            4.59
  2010.5068          269.34            6.30
  2010.5096          302.57            5.61
  2010.5123          270.01           64.78
  2010.5150          263.30           12.59
  2010.5178          229.80            5.02
  2010.5205          286.69            6.19
  2010.5233          271.59            6.68
  2010.5260          286.09            8.06
  2010.5288          278.25            5.32
  2010.5315          277.41            5.45
  2010.5343          260.25            7.06
  2010.5370          295.68            6.21
  2010.5397          316.76           10.20
  2011.1836          493.97            1.80
  2011.1863          487.99            1.91
  2011.1891          493.76            2.19
  2011.1918          492.98            2.14
  2011.1946          500.42            2.03
  2011.1973          496.91            1.79
  2011.2000          494.11            1.96
  2011.2028          496.79            2.16
  2011.2054          492.33            1.97
  2011.2083          495.00            1.92
  2011.2109          499.18            1.79
  2011.2137          490.93            1.76
  2011.2164          490.76            1.73
  2011.2192          495.18            1.93
  2011.2219          489.74            1.85
  2011.2246          495.81            1.74
  2011.2274          494.85            1.81
  2011.2301          488.59            1.86
  2011.2329          498.67            1.77
  2011.2356          496.69            1.78
  2011.2384          504.51            1.73
  2011.2411          504.12            1.83
  2011.2439          498.07            1.88
  2011.2466          498.06            2.08
  2011.2493          503.81            1.96
  2011.2521          506.64            1.91
  2011.2548          496.72            1.80
  2011.2576          496.62            1.75
  2011.2603          502.50            2.16
  2011.2631          505.90            1.76
  2011.2657          497.10            1.80
  2011.2684          504.54            1.71
  2011.2712          501.21            1.80
  2011.2739          501.92            1.87
  2011.2767          503.73            1.91
  2011.2794          495.98            1.84
  2011.2822          496.28            1.94
  2011.2849          503.21            1.79
  2011.2877          500.20            1.70
  2011.2904          498.66            1.69
  2011.2931          492.12            3.74
  2011.2959          487.04            1.68
  2011.2986          488.05            1.73
  2011.3014          485.56            1.72
  2011.3041          478.85            1.87
  2011.3069          488.89            1.93
  2011.3096          491.17            1.69
  2011.3124          490.43            1.68
  2011.3151          489.67            1.66
  2011.3177          491.77            1.71
  2011.3206          495.38            1.70
  2011.3232          504.16            1.81
  2011.3260          498.72            1.70
  2011.3287          496.96            1.71
  2011.3315          492.38            1.66
  2011.3342          488.60            1.66
  2011.3370          492.78            1.69
  2011.3397          489.79            1.76
  2011.3424          491.59            1.71
  2011.3452          499.41            1.67
  2011.3479          491.47            1.75
  2011.3507          495.90            1.67
  2011.3534          495.46            1.72
  2011.3562          483.27            1.84
  2011.3589          488.17            1.70
  2011.3617          496.07            1.69
  2011.3644          490.37            1.63
  2011.3671          496.14            1.63
  2011.3699          495.05            1.68
  2011.3726          498.31            1.72
  2011.3754          495.68            1.71
  2011.3781          486.49            1.71
  2011.3809          486.90            1.81
  2011.3835          496.94            1.83
  2011.3864          495.10            1.77
  2011.3890          493.89            1.77
  2011.3917          496.61            1.74
  2011.3945          502.86            1.80
  2011.3972          490.47            1.67
  2011.4000          496.16            1.63
  2011.4027          488.33            1.69
  2011.4055          498.11            1.71
  2011.4082          501.12            1.62
  2011.4110          495.80            1.62
  2011.4137          497.74            1.67
  2011.4164          491.98            1.62
  2011.4192          487.71            1.74
  2011.4219          499.18            1.62
  2011.4247          488.40            1.70
  2011.4274          497.33            1.77
  2011.4302          495.24            1.84
  2011.4329          495.04            1.94
  2011.4357          509.92            1.98
  2011.4384          502.35            1.70
  2011.4410          499.49            1.81
  2011.4438          499.61            1.77
  2011.4465          501.64            1.81
  2011.4493          504.85            1.66
  2011.4520          499.37            1.68
  2011.4548          507.00            2.00
  2011.4575          497.19            1.76
  2011.4603          497.10            1.80
  2011.4630          499.67            1.88
  2011.4657          500.45            1.98
  2011.4685          497.09            1.88
  2011.4712          498.87            1.74
  2011.4740          504.46            1.75
  2011.4767          493.50            1.81
  2011.4795          502.50            1.75
  2011.4822          506.62            1.71
  2011.4850          501.69            1.68
  2011.4877          498.79            1.73
  2011.4904          493.76            1.72
  2011.4932          499.75            1.85
  2011.4958          498.78            1.78
  2011.4987          492.14            1.73
  2011.5013          498.83            1.68
  2011.5042          502.55            1.76
  2011.5068          500.96            1.93
  2011.5096          498.90            1.98
  2011.5123          507.93            1.88
  2011.5150          494.69            1.80
  2011.5178          503.97            1.86
  2011.5205          502.54            1.79
  2011.5233          492.56            1.74
  2011.5260          498.54            2.45
  2011.5315          494.25            1.83
  2011.5343          486.95            7.27
  2011.5370          493.20            2.61
  2011.5397          501.06            1.95
  2011.5425          494.88            1.94
  2011.5452          499.56            2.17
  2011.5480          496.73            1.81
  2011.5507          485.58            1.86
  2011.5535          499.07            1.81
  2011.5562          496.53            2.38
  2011.5590          499.02            2.57
  2011.5616          488.81            1.81
  2011.5643          490.02            3.40
  2011.5671          507.83            1.96
  2011.5698          498.43            1.86
  2011.5726          499.10            1.86
  2011.5753          498.14            1.77
  2011.5781          499.48            1.77
  2011.5808          505.03            1.73
  2011.5836          503.26            1.91
  2011.5863          497.40            1.91
  2011.5890          500.76            1.77
  2011.5918          494.81            1.96
  2011.5945          502.22            1.97
  2011.5973          510.71            2.01
  2011.6000          502.11            1.99
  2011.6028          499.35            2.00
  2011.6055          497.23            2.00
  2011.6083          500.03            1.78
  2011.6110          505.19            2.04
  2011.6136          504.21            1.99
  2011.6165          499.75            1.94
  2011.6191          504.18            1.84
  2011.6219          506.36            1.84
  2011.6246          506.56            2.09
  2011.6274          494.63            1.89
  2011.6301          501.94            1.95
  2011.6329          506.41            1.85
  2011.6356          498.68            1.92
  2011.6383          505.64            1.81
  2011.6411          499.02            1.79
  2011.6438          501.71            1.78
  2011.6466          504.83            1.85
  2011.6493          504.58            1.81
  2011.6521          501.11            1.96
  2011.6548          497.36            1.97
  2011.6576          505.86            1.98
  2011.6603          506.40            2.05
  2011.6630          502.37            2.06
  2011.6658          511.00            1.77
  2011.6685          496.72            1.95
  2011.6713          500.97            1.92
  2011.6740          506.28            1.94
  2011.6768          504.55            1.95
  2011.6794          501.11            1.88
  2011.6823          507.86            1.88
  2011.6849          500.24            1.86
  2011.6876          511.33            1.96
  2011.6904          505.59            1.98
  2011.6931          513.51            1.85
  2011.6959          508.26            1.91
  2011.6986          509.29            1.86
  2011.7014          515.31            1.84
  2011.7041          504.16            1.87
  2011.7069          497.48            1.87
  2011.7096          505.82            1.96
  2011.7123          508.93            1.83
  2011.7151          509.98            1.74
  2011.7178          511.85            1.75
  2011.7206          510.37            1.83
  2011.7233          509.98            1.83
  2011.7261          509.65            1.84
  2011.7288          506.41            1.90
  2011.7316          491.88            1.88
  2011.7343          512.87            1.92
  2011.7369          510.07            1.90
  2011.7397          511.23            1.88
  2011.7424          501.22            1.95
  2011.7452          501.54            1.86
  2011.7479          505.22            2.01
  2011.7507          503.21            2.11
  2011.7534          499.22            1.79
  2011.7561          509.47            1.88
  2011.7589          501.03            1.98
  2011.7616          497.38            2.15
  2011.7644          504.50            1.99
  2011.7671          508.51            1.90
  2011.7699          498.94            1.90
  2011.7726          501.19            1.82
  2011.7754          511.88            1.92
  2011.7781          500.45            2.09
  2011.7808          505.19            2.02
  2011.7836          504.75            1.96
  2011.7863          503.52            2.04
  2011.7891          501.19            2.01
  2011.7917          504.96            2.04
  2011.7946          502.23            1.83
  2011.7972          505.19            1.84
  2011.8000          501.39            1.96
  2011.8027          513.04            2.00
  2011.8054          514.87            1.93
  2011.8082          509.36            1.89
  2011.8109          509.69            1.91
  2011.8137          503.38            2.08
  2011.8164          513.42            2.26
  2011.8192          509.36            1.88
  2011.8219          504.74            1.95
  2011.8247          502.12            1.93
  2011.8274          507.68            1.91
  2011.8301          519.54            1.90
  2011.8329          515.37            1.89
  2011.8356          514.03            1.96
  2011.8384          511.96            1.97
  2011.8411          509.62            1.97
  2011.8439          511.29            1.98
  2011.8466          510.57            2.03
  2011.8494          510.11            2.00
  2011.8521          508.74            1.99
  2011.8547          504.61            2.22
  2011.8575          513.03            2.21
  2011.8602          513.02            2.09
  2011.8630          515.59            2.04
  2011.8657          516.63            2.10
  2011.8685          507.47            2.08
  2011.8712          513.14            2.13
  2011.8740          514.26            2.19
  2011.8767          510.48            2.19
  2011.8794          512.90            2.10
  2011.8822          505.58            2.12
  2011.8849          502.99            2.08
  2011.8877          499.53            2.10
  2011.8904          493.80            2.13
  2011.8932          496.94            2.04
  2011.8959          497.53            2.24
  2011.8987          501.02            1.96
  2011.9014          499.72            1.95
  2011.9041          507.20            1.90
  2011.9069          498.55            1.98
  2011.9095          498.05            2.06
  2011.9124          503.47            2.03
  2011.9150          510.77            2.02
  2011.9178          502.31            2.12
  2011.9205          509.02            2.07
  2011.9233          500.56            1.99
  2011.9260          509.99            2.00
  2011.9287          518.01            2.19
  2011.9315          518.40            2.12
  2011.9342          512.44            2.08
  2011.9370          516.00            2.12
  2011.9397          522.57            2.04
  2011.9425          511.33            2.04
  2011.9452          512.94            2.07
  2012.0027          517.10            2.00
  2012.0055          517.95            2.00
  2012.0082          515.07            1.88
  2012.0110          510.85            1.97
  2012.0137          510.10            2.14
  2012.0165          515.47            1.98
  2012.0192          508.15            2.07
  2012.0220          505.63            2.09
  2012.0247          503.02            2.36
  2012.0273          499.63            2.42
  2012.0302          509.78            2.07
  2012.0328          514.36            1.94
  2012.0356          516.74            1.90
  2012.0383          514.84            1.92
  2012.0411          502.61            2.23
  2012.0438          506.56            1.91
  2012.0466          506.18            2.17
  2012.0493          519.83            2.24
  2012.0520          516.54            2.02
  2012.0548          516.07            2.29
  2012.0603          521.91            2.23
  2012.0630          507.31            2.39
  2012.0658          511.51            2.23
  2012.0685          513.67            2.88
  2012.0713          509.54            3.03
  2012.0740          480.73            2.67
  2012.0767          514.57            2.89
  2012.0795          505.78            2.34
  2012.0822          507.01            2.35
  2012.0850          522.50            2.12
  2012.0876          518.98            2.30
  2012.0905          519.72            2.34
  2012.0931          515.58            2.06
  2012.0959          517.20            2.36
  2012.0986          523.90            2.15
  2012.1013          519.92            2.27
  2012.1041          519.11            2.35
  2012.1068          526.43            2.15
  2012.1096          517.73            1.99
  2012.1123          521.33            1.94
  2012.1151          512.53            2.06
  2012.1178          521.76            2.31
  2012.1206          532.68            2.22
  2012.1233          512.35            2.14
  2012.1260          521.99            2.14
  2012.1288          513.97            2.22
  2012.1315          512.52            2.25
  2012.1343          516.27            2.18
  2012.1370          516.77            2.21
  2012.1398          517.28            2.03
  2012.1425          519.75            1.92
  2012.1453          527.26            1.94
  2012.1479          520.49            1.87
  2012.1506          519.54            1.89
  2012.1534          518.08            2.04
  2012.1561          522.30            2.01
  2012.1589          517.42            2.08
  2012.1616          512.78            1.99
  2012.1644          510.87            1.99
  2012.1671          510.41            1.99
  2012.1699          509.66            1.85
  2012.1726          511.73            2.03
  2012.1753          510.71            1.93
  2012.1781          516.78            2.19
  2012.1808          513.04            1.97
  2012.1836          522.88            2.15
  2012.1863          520.87            1.88
  2012.1891          523.65            1.91
  2012.1918          527.82            1.98
  2012.1946          509.60            1.97
  2012.1973          508.85            2.02
  2012.2000          517.56            2.02
  2012.2028          518.65            1.95
  2012.2054          518.47            1.82
  2012.2083          512.03            1.85
  2012.2109          511.87            1.97
  2012.2137          511.16            1.87
  2012.2164          512.90            1.97
  2012.2192          516.63            1.83
  2012.2219          528.18            1.89
  2012.2246          512.66            1.83
  2012.2274          522.94            1.80
  2012.2301          517.14            1.92
  2012.2329          517.68            1.86
  2012.2356          523.59            1.89
  2012.2384          520.37            1.78
  2012.2411          526.41            1.82
  2012.2439          519.08            1.85
  2012.2466          512.76            1.78
  2012.2493          519.99            1.97
  2012.2521          525.90            1.92
  2012.2548          524.17            1.90
  2012.2576          520.33            1.80
  2012.2603          514.87            2.05
  2012.2631          512.44            1.92
  2012.2657          512.73            1.79
  2012.2684          517.85            1.83
  2012.2712          516.18            1.88
  2012.2739          517.54            1.91
  2012.2767          516.58            1.83
  2012.2794          516.53            1.80
  2012.2822          520.63            1.80
  2012.2849          514.55            2.03
  2012.2877          515.50            1.88
  2012.2904          520.70            1.87
  2012.2931          517.73            1.80
  2012.2959          516.98            1.86
  2012.2986          515.06            2.00
  2012.3014          520.13            1.75
  2012.3041          519.05            1.77
  2012.3069          517.93            1.86
  2012.3096          519.24            1.61
  2012.3124          517.81            1.70
  2012.3151          511.99            1.89
  2012.3177          515.84            1.79
  2012.3206          509.10            1.71
  2012.3232          511.63            1.72
  2012.3260          506.95            1.74
  2012.3287          516.93            1.68
  2012.3315          519.46            1.77
  2012.3342          509.11            1.75
  2012.3370          509.40            1.74
  2012.3397          509.09            1.72
  2012.3424          513.03            1.68
  2012.3452          503.94            1.68
  2012.3479          501.52            1.93
  2012.3507          509.24            1.74
  2012.3534          516.44            1.70
  2012.3562          511.92            1.74
  2012.3589          514.68            1.82
  2012.3617          508.45            1.90
  2012.3644          520.89            1.71
  2012.3671          513.76            1.78
  2012.3699          506.25            1.73
  2012.3726          511.39            1.86
  2012.3754          507.03            1.83
  2012.3781          510.06            1.84
  2012.3809          509.75            1.73
  2012.3835          505.32            1.92
  2012.3864          516.18            1.80
  2012.3890          522.20            1.71
  2012.3917          520.20            1.74
  2012.3945          511.77            1.74
  2012.3972          517.65            1.74
  2012.4000          514.24            1.77
  2012.4027          506.27            1.86
  2012.4055          502.30            2.02
  2012.4110          515.25            1.81
  2012.4137          514.96            1.79
  2012.4164          520.61            1.71
  2012.4192          505.62            1.96
  2012.4219          512.27            2.13
  2012.4247          522.23            2.01
  2012.4274          518.64            1.99
  2012.4302          514.56            1.93
  2012.4329          521.43            1.85
  2012.4357          513.65            2.27
  2012.4384          520.74            2.26
  2012.4410          506.50            2.47
  2012.4438          518.71            1.83
  2012.4465          520.46            4.57
  2012.4493          527.37            4.19
  2012.4520          514.14            4.78
  2012.4548          526.72            2.51
  2012.4575          528.53            2.94
  2012.4603          516.49            2.77
  2012.4630          510.56            2.96
  2012.4657          505.17            4.27
  2012.4685          522.73            2.64
  2012.4712          516.42            2.86
  2012.4740          513.24            2.82
  2012.4767          525.05            2.85
  2012.4795          525.30            4.69
  2012.4822          520.39            1.87
  2012.4850          516.91            2.79
  2012.4877          510.42            2.94
  2012.4904          509.77            3.06
  2012.4932          506.14            2.69
  2012.4958          522.59            3.27
  2012.4987          513.03            2.81
  2012.5013          518.16            2.93
  2012.5042          517.32            2.57
  2012.5068          493.97            1.88
  2012.5096          511.26            2.55
  2012.5123          520.69            1.99
  2012.5150          509.74            3.04
  2012.5178          516.68            1.87
  2012.5205          513.36            3.46
  2012.5233          513.50            1.98
  2012.5260          504.55            2.19
  2012.5288          509.46            1.89
  2012.5315          515.51            2.89
  2012.5343          516.65            2.47
  2012.5370          513.61            2.27
  2012.5397          514.27            1.82
  2012.5425          514.76            1.85
  2012.5452          514.01            3.70
  2012.5480          526.09            2.15
  2012.5507          516.87            2.03
  2012.5535          517.02            2.32
  2012.5562          519.84            2.55
  2012.5590          497.98            1.92
  2012.5616          515.26            1.96
  2012.5643          516.41            2.14
  2012.5671          519.93            1.93
  2012.5698          514.15            1.87
  2012.5726          518.26            1.84
  2012.5753          519.27            1.98
  2012.5781          513.02            1.95
  2012.5808          512.38            1.89
  2012.5836          497.83            1.85
  2012.5863          502.02            2.14
  2012.5890          521.03            1.94
  2012.5918          517.35            2.26
  2012.5945          513.19            1.94
  2012.5973          511.33            2.89
  2012.6000          503.02            1.88
  2012.6028          523.71            1.94
  2012.6055          516.85            1.94
  2012.6083          499.56            2.01
  2012.6110          512.93            1.81
  2012.6136          494.84            2.03
  2012.6165          520.67            1.97
  2012.6191          508.31            2.00
  2012.6219          501.16            2.04
  2012.6246          523.29            2.12
  2012.6274          508.51            1.93
  2012.6301          500.62            2.23
  2012.6329          501.09            1.96
  2012.6356          499.28            2.06
  2012.6383          500.76            1.96
  2012.6411          497.32            1.97
  2012.6438          505.98            2.07
  2012.6466          490.03            2.02
  2012.6493          504.55            1.85
  2012.6521          506.73            1.94
  2012.6548          512.25            1.79
  2012.6576          505.81            1.81
  2012.6603          508.02            1.99
  2012.6630          503.23            2.17
  2012.6658          489.36            1.92
  2012.6685          501.81            2.02
  2012.6713          523.63            1.99
  2012.6740          506.09            2.04
  2012.6768          496.98            2.05
  2012.6794          503.13            1.93
  2012.6823          510.07            2.17
  2012.6849          506.36            1.98
  2012.6876          517.20            1.99
  2012.6904          511.67            1.89
  2012.6931          512.90            1.94
  2012.6959          507.66            1.93
  2012.6986          511.96            1.95
  2012.7014          511.54            1.95
  2012.7041          512.76            2.09
  2012.7069          505.37            1.93
  2012.7096          506.17            2.00
  2012.7123          509.67            2.03
  2012.7151          516.89            2.07
  2012.7178          511.18            2.05
  2012.7206          513.88            1.97
  2012.7233          511.93            2.04
  2012.7261          555.30            2.07
  2012.7288          516.49            1.93
  2012.7316          515.22            1.98
  2012.7343          514.00            2.06
  2012.7369          511.47            2.20
  2012.7397          510.00            1.97
  2012.7424          512.64            1.94
  2012.7452          507.20            2.00
  2012.7479          504.33            2.15
  2012.7507          509.87            2.17
  2012.7534          513.11            2.36
  2012.7561          506.77            2.14
  2012.7589          492.73            2.10
  2012.7616          494.49            2.18
  2012.7644          517.16            2.00
  2012.7671          522.44            2.30
  2012.7699          506.96            2.24
  2012.7726          513.88            2.09
  2012.7754          523.73            2.31
  2012.7781          511.21            1.99
  2012.7808          516.03            1.99
  2012.7836          505.89            1.98
  2012.7863          506.63            1.90
  2012.7891          510.38            2.14
  2012.7917          511.43            2.20
  2012.7946          513.36            2.23
  2012.7972          506.50            2.11
  2012.8000          502.49            2.00
  2012.8027          498.58            2.27
  2012.8054          517.02            2.38
  2012.8082          507.05            2.43
  2012.8109          515.59            2.26
  2012.8137          499.40            2.33
  2012.8164          509.71            2.18
  2012.8192          518.46            2.22
  2012.8219          515.42            2.37
  2012.8247          531.85            2.38
  2012.8274          522.81            2.23
  2012.8301          506.91            2.63
  2012.8329          506.48            2.35
  2012.8356          508.82            2.20
  2012.8384          510.09            2.08
  2012.8411          506.11            2.06
  2012.8439          518.04            2.46
  2012.8466          531.62            2.22
  2012.8494          517.23            2.26
  2012.8521          535.06            2.24
  2012.8547          512.36            2.30
  2012.8575          526.74            2.39
  2012.8602          536.75            2.37
  2012.8630          543.65            2.34
  2012.8657          549.63            2.17
  2012.8685          552.57            2.23
  2012.8712          544.55            2.05
  2012.8740          533.54            2.20
  2012.8767          556.12            2.28
  2012.8794          532.26            2.24
  2012.8822          528.28            2.29
  2012.8849          538.24            2.06
  2012.8877          537.23            2.11
  2012.8904          541.62            2.21
  2012.8932          552.62            2.49
  2012.8959          531.23            2.47
  2012.8987          524.14            2.49
  2012.9014          554.53            2.29
  2012.9041          550.56            8.93
  2012.9069          541.96            2.28
  2012.9095          527.45            2.22
  2012.9124          533.37            2.31
  2012.9150          522.26            2.68
  2012.9178          516.13            2.48
  2012.9205          525.65            2.29
  2012.9233          513.51            3.90
  2012.9260          520.52            2.68
  2012.9287          509.18            2.54
  2012.9315          523.98            2.48
  2012.9342          535.90            2.97
  2012.9370          543.11            2.51
  2012.9397          542.41            2.40
  2012.9425          544.50            2.31
  2012.9452          549.13            2.47
  2012.9480          546.83            2.40
  2012.9507          537.87            2.68
  2012.9534          532.57            2.47
  2012.9562          543.70            2.59
  2012.9589          549.86            2.55
  2012.9617          550.01            2.92
  2012.9644          567.02            2.49
  2012.9672          553.75            3.22
  2012.9698          566.28            3.23
  2012.9727          563.39            2.92
  2012.9753          555.80            2.71
  2012.9780          546.49            2.80
  2012.9808          608.82            3.01
  2012.9835          594.41            3.57
  2012.9863          581.46            2.94
  2012.9890          572.03            2.68
  2012.9918          582.70            2.40
  2012.9945          583.57            2.31
  2012.9973          579.33            2.39
  2013.0000          592.94            2.53
  2013.0027          591.76            2.82
