  2007.0466            0.00            0.29
  2007.0493           -0.41            0.30
  2007.0520           -0.12            0.30
  2007.0548           -0.04            0.29
  2007.0575            0.44            0.28
  2007.0603            1.01            0.27
  2007.0630            0.61            0.26
  2007.0658            0.73            0.24
  2007.0685           -0.16            0.27
  2007.0713           -0.65            0.25
  2007.0740            0.37            0.26
  2007.0767            0.87            0.25
  2007.0795            1.24            0.27
  2007.0822            0.97            0.24
  2007.0850            2.29            0.25
  2007.0876            0.36            0.25
  2007.0905          -26.51            0.46
  2007.0931          -19.17            0.58
  2007.0959          -68.71            0.56
  2007.0986           -0.44            0.30
  2007.1013           -1.01            0.27
  2007.1041            2.56            0.27
  2007.1068            1.55            0.26
  2007.1096            0.80            0.27
  2007.1123            1.24            0.26
  2007.1151            4.22            0.26
  2007.1178            2.34            0.25
  2007.1206            2.48            0.28
  2007.1233            2.35            0.25
  2007.1260            3.94            0.28
  2007.1288            2.79            0.27
  2007.1315            2.59            0.26
  2007.1343            0.88            0.26
  2007.1370            1.14            0.25
  2007.1398            2.19            0.28
  2007.1425            2.11            0.26
  2007.1453            0.02            0.24
  2007.1479            0.78            0.24
  2007.1506            1.31            0.25
  2007.1534           -2.30            0.26
  2007.1561            1.01            0.26
  2007.1589           -0.85            0.25
  2007.1616           -0.24            0.25
  2007.1726           -0.33            0.24
  2007.1753            0.31            0.31
  2007.1781            1.71            0.24
  2007.1808            0.05            0.25
  2007.1836            0.14            0.25
  2007.1863            0.65            0.24
  2007.1891           -0.25            0.24
  2007.1918            1.91            0.25
  2007.1946            1.69            0.26
  2007.1973            0.17            0.26
  2007.2000            0.56            0.26
  2007.2028            0.66            0.24
  2007.2054            0.72            0.23
  2007.2083            3.33            0.24
  2007.2109           -1.59            0.60
  2007.2137            2.22            0.25
  2007.2164            1.63            0.24
  2007.2192            1.63            0.24
  2007.2219            1.12            0.25
  2007.2246            0.05            0.24
  2007.2274            0.75            0.24
  2007.2301            2.15            0.26
  2007.2329            0.86            0.24
  2007.2356            1.91            0.24
  2007.2384            1.25            0.26
  2007.2411            0.61            0.25
  2007.2439            0.98            0.26
  2007.2466            1.87            0.25
  2007.2493            2.36            0.27
  2007.2521            2.99            0.27
  2007.2548            2.24            0.24
  2007.2576            3.07            0.25
  2007.2603            1.25            0.26
  2007.2631            4.02            0.24
  2007.2657            1.74            0.21
  2007.2684           -0.09            0.25
  2007.2712           -0.74            0.24
  2007.2739           -2.46            0.29
  2007.2767           -0.75            0.25
  2007.2794           -0.73            0.23
  2007.2822           -0.46            0.22
  2007.2849           -0.57            0.23
  2007.2877            1.02            0.23
  2007.2904            1.38            0.24
  2007.2931            1.74            0.25
  2007.2959            0.40            0.23
  2007.2986            0.07            0.26
  2007.3014            0.95            0.24
  2007.3041            1.12            0.25
  2007.3069            0.54            0.25
  2007.3096            0.51            0.25
  2007.3151            0.56            0.25
  2007.3177            1.16            0.24
  2007.3206            1.70            0.24
  2007.3232            1.21            0.25
  2007.3260            1.68            0.24
  2007.3342            1.86            0.24
  2007.3370            1.80            0.25
  2007.3397            1.63            0.25
  2007.3424            2.19            0.24
  2007.3452            0.07            0.24
  2007.3507           -1.02            0.29
  2007.3534            0.74            0.23
  2007.3562            0.27            0.24
  2007.3589            0.69            0.24
  2007.3617            0.34            0.23
  2007.3644            1.12            0.23
  2007.3671            1.27            0.24
  2007.3699            1.43            0.24
  2007.3809            1.07            0.23
  2007.3835            2.91            0.24
  2007.3864            2.63            0.23
  2007.3917            1.83            0.24
  2007.3945            1.75            0.23
  2007.3972            3.05            0.25
  2007.4000            1.78            0.23
  2007.4027            1.97            0.22
  2007.4055            1.92            0.23
  2007.4110            2.29            0.23
  2007.4137            2.16            0.25
  2007.4164            1.20            0.23
  2007.4192            1.24            0.24
  2007.4219            2.73            0.24
  2007.4247            1.88            0.24
  2007.4274            2.35            0.25
  2007.4302            1.87            0.23
  2007.4329            2.49            0.22
  2007.4357            2.63            0.27
  2007.4384            2.01            0.26
  2007.4410            1.46            0.25
  2007.4438            2.27            0.25
  2007.4465            1.46            0.23
  2007.4493            1.38            0.25
  2007.4520            2.68            0.24
  2007.4548            1.87            0.24
  2007.4575            2.23            0.29
  2007.4603            3.15            0.23
  2007.4630            2.17            0.25
  2007.4657            2.13            0.23
  2007.4685            2.27            0.25
  2007.4712            2.48            0.23
  2007.4740            1.59            0.23
  2007.4767            1.89            0.23
  2007.4795            6.06            0.24
  2007.4822            5.47            0.24
  2007.4850            6.17            0.24
  2007.4877            6.31            0.23
  2007.4904            5.64            0.22
  2007.4932            5.66            0.22
  2007.4958            5.36            0.22
  2007.4987            4.61            0.23
  2007.5013            5.44            0.24
  2007.5042            4.35            0.23
  2007.5068            5.45            0.23
  2007.5096            5.37            0.25
  2007.5123            4.18            0.25
  2007.5150            4.61            0.25
  2007.5178            2.51            0.22
  2007.5205            3.57            0.24
  2007.5233            4.01            0.23
  2007.5260            3.92            0.24
  2007.5288            3.77            0.23
  2007.5315            4.16            0.22
  2007.5343            4.35            0.21
  2007.5370            4.53            0.23
  2007.5397            4.47            0.22
  2007.5425            4.14            0.23
  2007.5452            5.36            0.22
  2007.5480            5.18            0.23
  2007.5507            4.17            0.22
  2007.5535            3.99            0.22
  2007.5562            3.50            0.23
  2007.5590            3.40            0.23
  2007.5616            3.04            0.23
  2007.5643            3.80            0.24
  2007.5671            2.89            0.23
  2007.5698            3.24            0.23
  2007.5726            3.56            0.22
  2007.5753            2.91            0.23
  2007.5781            2.56            0.23
  2007.5808            2.03            0.23
  2007.5836            1.79            0.22
  2007.5863            2.93            0.21
  2007.5890            2.19            0.22
  2007.5918            2.09            0.23
  2007.5945            2.65            0.22
  2007.5973            3.00            0.22
  2007.6000            2.44            0.24
  2007.6028            1.97            0.25
  2007.6055            2.77            0.24
  2007.6083            1.93            0.22
  2007.6110            2.66            0.22
  2007.6136            1.84            0.23
  2007.6165            2.22            0.23
  2007.6191            2.61            0.23
  2007.6219            2.02            0.23
  2007.6246            3.91            0.22
  2007.6274            3.34            0.22
  2007.6301            3.09            0.22
  2007.6329            2.88            0.23
  2007.6356            3.30            0.23
  2007.6383            4.28            0.23
  2007.6411            2.38            0.23
  2007.6438            2.86            0.23
  2007.6466            3.72            0.25
  2007.6493            3.84            0.25
  2007.6521            4.03            0.26
  2007.6548            4.24            0.24
  2007.6576            4.09            0.25
  2007.6603            3.16            0.24
  2007.6630            3.89            0.24
  2007.6658            4.17            0.24
  2007.6685            3.97            0.24
  2007.6713            3.04            0.23
  2007.6740            3.47            0.24
  2007.6768            3.24            0.25
  2007.6794            3.73            0.25
  2007.6823            4.90            0.27
  2007.6849            2.94            0.25
  2007.6876            3.98            0.23
  2007.6904            4.61            0.26
  2007.6931            4.74            0.25
  2007.6959            4.44            0.24
  2007.6986            4.86            0.24
  2007.7014            4.58            0.25
  2007.7041            3.83            0.25
  2007.7069            4.78            0.24
  2007.7096            5.89            0.27
  2007.7123            5.53            0.26
  2007.7151            5.44            0.24
  2007.7178            4.74            0.23
  2007.7206            4.38            0.28
  2007.7233            3.23            0.27
  2007.7261            4.60            0.23
  2007.7288            3.25            0.23
  2007.7316            4.06            0.23
  2007.7343            4.01            0.23
  2007.7369            4.51            0.24
  2007.7397            3.00            0.24
  2007.7424            3.30            0.24
  2007.7452            4.49            0.23
  2007.7479            4.74            0.23
  2007.7507            4.94            0.24
  2007.7534            5.31            0.26
  2007.7561            4.92            0.25
  2007.7589            4.56            0.24
  2007.7616            3.84            0.26
  2007.7644            5.17            0.24
  2007.7671            4.09            0.23
  2007.7699            4.75            0.23
  2007.7726            3.52            0.24
  2007.7754            4.52            0.23
  2007.7781            4.33            0.23
  2007.7808            4.29            0.22
  2007.7836            4.41            0.23
  2007.7863            4.19            0.23
  2007.7891            4.79            0.23
  2007.7917            5.12            0.24
  2007.7946            4.69            0.24
  2007.7972            4.06            0.25
  2007.8000            5.91            0.24
  2007.8027            4.50            0.25
  2007.8054            4.32            0.24
  2007.8082            4.86            0.23
  2007.8164            5.59            0.25
  2007.8192            3.93            0.24
  2007.8219            5.67            0.23
  2007.8247            4.41            0.23
  2007.8274            3.16            0.24
  2007.8301            4.94            0.24
  2007.8329            4.33            0.23
  2007.8356            5.35            0.22
  2007.8384            5.56            0.23
  2007.8411            4.14            0.22
  2007.8439            7.10            0.23
  2007.8466            6.90            0.22
  2007.8494            7.48            0.24
  2007.8521            6.76            0.23
  2007.8547            6.23            0.24
  2007.8575            6.19            0.26
  2007.8602            7.24            0.24
  2007.8630            6.76            0.24
  2007.8657            7.74            0.23
  2007.8685            6.94            0.23
  2007.8712            7.55            0.30
  2007.8740            6.89            0.24
  2007.8767            6.61            0.23
  2007.8794            7.56            0.24
  2007.8822            8.99            0.26
  2007.8849            7.85            0.25
  2007.8877            8.56            0.24
  2007.8904            7.85            0.28
  2007.8932            6.93            0.25
  2007.8959            8.85            0.23
  2007.8987            7.64            0.22
  2007.9014            8.30            0.24
  2007.9041            9.24            0.24
  2007.9069            9.36            0.25
  2007.9095            8.74            0.25
  2007.9124            9.21            0.24
  2007.9150            9.04            0.26
  2007.9178            8.58            0.26
  2007.9205            9.40            0.22
  2007.9233            9.03            0.23
  2007.9260            9.62            0.25
  2007.9287            8.13            0.22
  2007.9315            8.81            0.23
  2007.9342            8.11            0.23
  2007.9370            8.52            0.24
  2007.9397            9.53            0.26
  2007.9425            9.86            0.27
  2007.9452           11.27            0.25
  2007.9480           11.84            0.27
  2007.9507           11.55            0.29
  2007.9534           10.96            0.27
  2007.9562           10.47            0.25
  2007.9589           10.57            0.25
  2007.9617            9.86            0.26
  2007.9644           11.84            0.25
  2007.9672           12.51            0.26
  2007.9698           11.17            0.27
  2007.9727           10.83            0.27
  2007.9753           10.89            0.26
  2007.9780           10.06            0.26
  2007.9808           10.69            0.26
  2007.9835           10.32            0.29
  2007.9863           10.28            0.27
  2007.9890           11.21            0.28
  2007.9918            9.73            0.27
  2007.9945           11.11            0.27
  2007.9973            9.88            0.28
  2008.0000           12.16            0.27
  2008.1534           16.13            0.26
  2008.1561           14.98            0.25
  2008.1589           15.75            0.26
  2008.1616           14.83            0.27
  2008.1644           15.08            0.27
  2008.1671           14.86            0.26
  2008.1699           14.28            0.26
  2008.1726           16.29            0.24
  2008.1753           16.30            0.24
  2008.1781           16.13            0.25
  2008.1808           15.88            0.25
  2008.1836           14.24            0.25
  2008.1863           15.48            0.24
  2008.1891           14.10            0.25
  2008.1918           15.46            0.25
  2008.1946           14.99            0.24
  2008.1973           16.01            0.24
  2008.2000           14.02            0.24
  2008.2028           15.77            0.24
  2008.2054           16.03            0.24
  2008.2083           17.87            0.34
  2008.2109           17.25            0.25
  2008.2137           15.94            0.27
  2008.2164           17.36            0.25
  2008.2192           17.07            0.25
  2008.2219           16.23            0.25
  2008.2246           16.76            0.26
  2008.2274           16.27            0.24
  2008.2301           16.59            0.26
  2008.2329           16.41            0.26
  2008.2356           16.84            0.26
  2008.2384           17.10            0.30
  2008.2411           17.10            0.26
  2008.2439           16.97            0.25
  2008.2466           14.95            0.25
  2008.2493           14.97            0.27
  2008.2521           14.62            0.28
  2008.2548           14.95            0.23
  2008.2576           15.28            0.26
  2008.2603           15.73            0.25
  2008.2631           15.17            0.24
  2008.2657           14.20            0.24
  2008.2684           14.74            0.26
  2008.2712           14.60            0.23
  2008.2739           14.46            0.23
  2008.2767           14.58            0.24
  2008.2794           13.33            0.24
  2008.2822           15.20            0.24
  2008.2849           15.96            0.24
  2008.2877           15.88            0.24
  2008.2904           16.56            0.25
  2008.2931           16.47            0.25
  2008.2959           16.17            0.23
  2008.2986           16.25            0.23
  2008.3014           16.26            0.24
  2008.3041           17.00            0.24
  2008.3069           17.03            0.24
  2008.3096           16.36            0.25
  2008.3124           16.89            0.25
  2008.3151           16.99            0.24
  2008.3177           16.54            0.27
  2008.3206           17.47            0.29
  2008.3232           15.76            0.28
  2008.3260           16.43            0.29
  2008.3287            7.25            2.76
  2008.3315           17.04            0.26
  2008.3342           16.90            0.25
  2008.3370           18.06            0.26
  2008.3397           16.23            0.26
  2008.3424           15.54            0.24
  2008.3452           16.42            0.24
  2008.3479           15.66            0.24
  2008.3507           17.07            0.24
  2008.3534           16.57            0.26
  2008.3562           15.42            0.26
  2008.3589           16.22            0.25
  2008.3617           15.53            0.24
  2008.3644           15.73            0.24
  2008.3671           16.06            0.25
  2008.3699           14.98            0.31
  2008.3726           14.95            0.24
  2008.3754           15.20            0.24
  2008.3781           15.53            0.26
  2008.3809           15.25            0.26
  2008.3835           16.11            0.26
  2008.3864           14.66            0.27
  2008.3890           15.10            0.28
  2008.3917           13.50            0.27
  2008.3945           14.67            0.27
  2008.3972           15.15            0.24
  2008.4000           14.94            0.25
  2008.4027           14.39            0.26
  2008.4055           14.27            0.27
  2008.4082           14.70            0.28
  2008.4110           14.95            0.24
  2008.4137           14.18            0.25
  2008.4164           15.58            0.25
  2008.4192           17.28            0.26
  2008.4219           16.23            0.26
  2008.4247           18.54            0.33
  2008.4274           12.79            0.32
  2008.4302           16.04            0.34
  2008.4329           16.20            0.29
  2008.4357           17.37            0.25
  2008.4384           14.63            0.25
  2008.4410           13.70            0.35
  2008.4438           13.71            0.26
  2008.4465           15.21            0.29
  2008.4493           15.20            0.24
  2008.4520           14.63            0.25
  2008.4548           11.05            0.34
  2008.4575           16.02            0.25
  2008.4603           16.74            0.28
  2008.4630           14.56            0.29
  2008.4657           14.77            0.26
  2008.4685           15.09            0.30
  2008.4712           15.53            0.27
  2008.4740           15.30            0.23
  2008.4767           14.09            0.24
  2008.4795           14.55            0.24
  2008.4822           14.92            0.24
  2008.4850           14.91            0.24
  2008.4877           14.40            0.25
  2008.4904           14.61            0.24
  2008.4932           15.32            0.23
  2008.4958           12.79            0.24
  2008.4987           13.56            0.24
  2008.5013           13.02            0.24
  2008.5042           13.01            0.24
  2008.5068           13.37            0.23
  2008.5096           12.57            0.24
  2008.5123           13.26            0.24
  2008.5150           13.81            0.23
  2008.5178           13.15            0.24
  2008.5205           14.18            0.22
  2008.5233           14.05            0.22
  2008.5260           13.73            0.23
  2008.5288           13.79            0.25
  2008.5315           14.43            0.25
  2008.5343           15.50            0.24
  2008.5370           15.33            0.24
  2008.5397           15.74            0.25
  2008.5425           15.52            0.25
  2008.5452           16.07            0.26
  2008.5480           15.58            0.25
  2008.5507           15.01            0.26
  2008.5535           14.42            0.23
  2008.5562           14.85            0.27
  2008.5590           14.54            0.25
  2008.5616           15.54            0.26
  2008.5643           14.73            0.24
  2008.5671           14.46            0.24
  2008.5698           14.58            0.24
  2008.5726           14.75            0.24
  2008.5753           14.76            0.25
  2008.5781           15.37            0.25
  2008.5808           15.27            0.24
  2008.5836           14.73            0.24
  2008.5890           15.81            0.23
  2008.5918           14.88            0.24
  2008.5945           13.93            0.25
  2008.5973           15.02            0.25
  2008.6000           13.93            0.25
  2008.6028           13.96            0.25
  2008.6055           14.57            0.25
  2008.6083           15.07            0.24
  2008.6110           15.01            0.24
  2008.6136           14.49            0.25
  2008.6165           15.03            0.24
  2008.6191           14.61            0.23
  2008.6219           15.64            0.24
  2008.6246           15.34            0.25
  2008.6274           14.42            0.25
  2008.6301           14.63            0.24
  2008.6329           14.77            0.24
  2008.6356           14.95            0.24
  2008.6383           15.06            0.24
  2008.6411           15.16            0.23
  2008.6438           14.56            0.24
  2008.6466           15.14            0.24
  2008.6493           14.98            0.24
  2008.6521           15.21            0.24
  2008.6548           14.78            0.25
  2008.6576           15.17            0.25
  2008.6603           15.72            0.25
  2008.6630           16.10            0.25
  2008.6658           15.76            0.24
  2008.6685           15.81            0.24
  2008.6713           15.70            0.25
  2008.6740           14.88            0.27
  2008.6768           14.77            0.24
  2008.6794           15.38            0.25
  2008.6823           15.45            0.26
  2008.6849           15.11            0.25
  2008.6876            3.79            0.24
  2008.6904            4.16            0.24
  2008.6931            3.64            0.24
  2008.6959            3.84            0.25
  2008.6986            3.77            0.24
  2008.7014            5.27            0.25
  2008.7041            4.59            0.23
  2008.7069           17.15            0.24
  2008.7096           16.09            0.24
  2008.7123           16.64            0.25
  2008.7151           16.70            0.25
  2008.7178           16.41            0.24
  2008.7206           15.91            0.24
  2008.7233           17.05            0.24
  2008.7261           16.32            0.23
  2008.7288           16.77            0.24
  2008.7316           16.57            0.23
  2008.7343           15.80            0.23
  2008.7369           16.64            0.23
  2008.7397           17.67            0.25
  2008.7424           17.47            0.24
  2008.7452           16.89            0.24
  2008.7479           16.53            0.22
  2008.7507           17.05            0.23
  2008.7534           16.67            0.25
  2008.7561           17.01            0.24
  2008.7589           17.97            0.25
  2008.7616           17.26            0.25
  2008.7644           16.07            0.25
  2008.7671           16.20            0.25
  2008.7699           16.64            0.26
  2008.7726           16.89            0.24
  2008.7754           18.18            0.24
  2008.7781           13.43            0.26
  2008.7808           17.50            0.25
  2008.7836           17.16            0.58
  2008.7863           16.17            0.23
  2008.7891           15.98            0.24
  2008.7917           15.62            0.26
  2008.7946           17.68            0.25
  2008.7972           16.98            0.23
  2008.8000           16.81            0.24
  2008.8027           18.00            0.25
  2008.8054           16.08            0.24
  2008.8082           17.96            0.24
  2008.8109           17.82            0.25
  2008.8137           18.11            0.23
  2008.8164           17.20            0.23
  2008.8192           19.12            0.24
  2008.8219           18.45            0.23
  2008.8247           18.42            0.23
  2008.8274           18.13            0.23
  2008.8301           17.70            0.24
  2008.8329           17.99            0.24
  2008.8356           18.73            0.24
  2008.8384           19.04            0.23
  2008.8411           19.30            0.24
  2008.8439           18.52            0.24
  2008.8466           17.49            0.25
  2008.8494           18.03            0.24
  2008.8521           19.18            0.25
  2008.8547           17.91            0.25
  2008.8575           18.46            0.25
  2008.8602           19.32            0.26
  2008.8630           20.32            0.25
  2008.8657           19.99            0.26
  2008.8685           18.43            0.25
  2008.8712           18.15            0.25
  2008.8740           18.88            0.25
  2008.8767           16.34            0.28
  2008.8794           20.84            0.24
  2008.8822           19.94            0.25
  2008.8849           21.08            0.25
  2008.8877           20.79            0.24
  2008.8904           22.35            0.26
  2008.8932           20.12            0.24
  2008.8959           20.36            0.25
  2008.8987           21.43            0.25
  2008.9014           20.07            0.25
  2008.9041           20.40            0.25
  2008.9069           19.48            0.24
  2008.9095           19.53            0.26
  2008.9124           18.35            0.26
  2008.9150           21.02            0.25
  2008.9178           20.54            0.25
  2008.9205           20.73            0.25
  2008.9233           20.95            0.24
  2008.9260           21.36            0.24
  2008.9287           20.25            0.24
  2008.9315           22.66            0.24
  2008.9342           20.78            0.24
  2008.9370           19.54            0.25
  2008.9397           21.01            0.25
  2008.9425           14.56            0.28
  2008.9452           19.94            0.24
  2008.9480           20.97            0.25
  2008.9507           19.99            0.24
  2008.9534           19.78            0.24
  2008.9562           21.72            0.24
  2008.9589           21.07            0.24
  2008.9617           21.47            0.24
  2008.9644           20.80            0.25
  2008.9672           20.66            0.24
  2008.9698           20.70            0.24
  2008.9727           21.73            0.24
  2008.9753           22.75            0.24
  2008.9780           22.91            0.24
  2008.9808           23.15            0.23
  2008.9835           22.46            0.24
  2008.9863           22.43            0.24
  2008.9890           22.58            0.24
  2008.9918           22.53            0.24
  2008.9945           22.69            0.25
  2008.9973           22.74            0.27
  2009.0000           22.23            0.25
  2009.0027           24.02            0.24
  2009.0027           24.26            0.24
  2009.0055           24.25            0.24
  2009.0082           24.75            0.24
  2009.0110           23.00            0.23
  2009.0137           23.60            0.24
  2009.0165           24.89            0.24
  2009.0192           24.15            0.23
  2009.0220           23.65            0.24
  2009.0247           22.34            0.22
  2009.0273           23.81            0.23
  2009.0302           24.90            0.24
  2009.0328           25.55            0.25
  2009.0356           23.80            0.24
  2009.0383           23.77            0.25
  2009.0411           24.28            0.25
  2009.0438           25.30            0.25
  2009.0466           24.51            0.25
  2009.0493           23.67            0.25
  2009.0520           24.34            0.24
  2009.0548           23.47            0.24
  2009.0575           22.87            0.24
  2009.0603           23.05            0.24
  2009.0630           23.62            0.24
  2009.0658           23.99            0.24
  2009.0685           24.17            0.23
  2009.0713           24.46            0.23
  2009.0740           25.94            0.28
  2009.0767           24.53            0.23
  2009.0795           25.06            0.24
  2009.0822           25.94            0.25
  2009.0850           25.41            0.24
  2009.0876           25.42            0.23
  2009.0905           26.37            0.23
  2009.0931           26.69            0.24
  2009.0959           25.05            0.24
  2009.0986           25.81            0.25
  2009.1013           25.30            0.24
  2009.1041           26.11            0.23
  2009.1068           25.00            0.23
  2009.1096           24.49            0.26
  2009.1123           24.86            0.25
  2009.1151           25.45            0.24
  2009.1178           25.43            0.23
  2009.1206           25.14            0.23
  2009.1233           24.36            0.23
  2009.1260           26.87            0.23
  2009.1288           26.10            0.24
  2009.1315           30.23            0.31
  2009.1343           26.74            0.23
  2009.1370           26.63            0.24
  2009.1398           26.21            0.23
  2009.1425           27.00            0.24
  2009.1453           26.51            0.23
  2009.1479           26.86            0.24
  2009.1506           25.98            0.22
  2009.1534           27.62            0.23
  2009.1561           25.35            0.23
  2009.1589           26.69            0.24
  2009.1616           26.95            0.24
  2009.1644           26.50            0.44
  2009.1671           25.93            0.25
  2009.1699           26.65            0.24
  2009.1726           25.82            0.24
  2009.1753           26.85            0.23
  2009.1781           26.36            0.24
  2009.1808           27.82            0.25
  2009.1836           29.00            0.24
  2009.1863           26.93            0.24
  2009.1891           27.85            0.24
  2009.1918           29.71            0.25
  2009.1946           28.12            0.24
  2009.1973           27.72            0.23
  2009.2000           28.91            0.24
  2009.2028           29.98            0.23
  2009.2054           32.38            0.26
  2009.2083           29.73            0.23
  2009.2109           29.65            0.24
  2009.2137           31.32            0.24
  2009.2164           30.02            0.23
  2009.2192           29.24            0.23
  2009.2219           26.05            0.24
  2009.2246           28.42            0.25
  2009.2274           27.44            0.25
  2009.2301           26.58            0.22
  2009.2329           27.11            0.23
  2009.2356           27.72            0.22
  2009.2384           26.73            0.23
  2009.2411           27.22            0.24
  2009.2439           27.47            0.23
  2009.2466           27.28            0.23
  2009.2493           27.66            0.23
  2009.2521           28.36            0.25
  2009.2548           27.35            0.25
  2009.2576           27.09            0.24
  2009.2603           26.82            0.43
  2009.2631           26.62            0.23
  2009.2657           26.71            0.22
  2009.2684           26.04            0.24
  2009.2712           27.03            0.23
  2009.2739           27.50            0.23
  2009.2767           27.50            0.22
  2009.2794           27.78            0.24
  2009.2822           27.19            0.23
  2009.2849           27.85            0.23
  2009.2877           28.91            0.22
  2009.2904           27.89            0.24
  2009.2931           28.85            0.23
  2009.2959           29.26            0.22
  2009.2986           27.59            0.21
  2009.3014           28.16            0.21
  2009.3069           27.63            0.23
  2009.3096           28.27            0.22
  2009.3124           29.04            0.23
  2009.3151           28.86            0.23
  2009.3177           27.66            0.22
  2009.3206           28.27            0.25
  2009.3232           27.27            0.23
  2009.3260           27.31            0.23
  2009.3315           27.49            0.23
  2009.3342           28.00            0.22
  2009.3370           27.97            0.23
  2009.3397           27.47            0.25
  2009.3424           27.55            0.23
  2009.3452           27.09            0.24
  2009.3479           27.10            0.22
  2009.3507           27.67            0.23
  2009.3534           27.28            0.23
  2009.3562           28.00            0.22
  2009.3589           28.24            0.23
  2009.3617           28.22            0.25
  2009.3644           27.93            0.23
  2009.3671           27.58            0.22
  2009.3699           27.42            0.24
  2009.3726           27.82            0.23
  2009.3754           30.35            0.23
  2009.3781           29.36            0.23
  2009.3809           29.72            0.23
  2009.3835           29.24            0.24
  2009.3864           29.15            0.22
  2009.3890           29.24            0.24
  2009.3917           28.73            0.23
  2009.3945           27.17            0.23
  2009.3972           27.51            0.23
  2009.4000           26.83            0.23
  2009.4027           27.16            0.22
  2009.4055           27.15            0.24
  2009.4082           27.94            0.22
  2009.4110           28.08            0.22
  2009.4137           28.90            0.23
  2009.4164           27.75            0.24
  2009.4192           28.95            0.22
  2009.4219           28.86            0.22
  2009.4247           28.17            0.23
  2009.4274           28.05            0.22
  2009.4302           29.13            0.22
  2009.4329           27.66            0.22
  2009.4357           27.69            0.23
  2009.4384           28.18            0.23
  2009.4410           27.48            0.21
  2009.4438           27.64            0.20
  2009.4465           27.55            0.20
  2009.4493           28.21            0.22
  2009.4520           26.92            0.22
  2009.4548           27.16            0.22
  2009.4575           28.39            0.23
  2009.4603           27.09            0.24
  2009.4630           27.74            0.23
  2009.4657           26.83            0.22
  2009.4685           27.14            0.21
  2009.4712           25.94            0.21
  2009.4740           26.63            0.22
  2009.4767           26.03            0.21
  2009.4795           26.35            0.21
  2009.4822           26.02            0.22
  2009.4850           27.06            0.23
  2009.4877           26.65            0.22
  2009.4904           27.80            0.26
  2009.4932           27.25            0.22
  2009.4958           27.63            0.22
  2009.4987           27.74            0.21
  2009.5013           27.74            0.21
  2009.5042           27.73            0.22
  2009.5068           27.74            0.23
  2009.5096           28.25            0.22
  2009.5123           28.09            0.22
  2009.5150           27.52            0.21
  2009.5178           28.47            0.21
  2009.5205           28.27            0.21
  2009.5233           28.30            0.20
  2009.5260           28.39            0.21
  2009.5288           27.75            0.22
  2009.5315           28.42            0.21
  2009.5343           28.92            0.21
  2009.5370           28.11            0.21
  2009.5397           28.30            0.20
  2009.5425           28.78            0.20
  2009.5452           29.45            0.22
  2009.5507          -13.26            0.86
  2009.5535           27.22            0.25
  2009.5562           27.35            0.24
  2009.5590           28.59            0.23
  2009.5616           28.00            0.22
  2009.5643           28.25            0.24
  2009.5671           27.50            0.22
  2009.5698           28.40            0.21
  2009.5726           27.65            0.22
  2009.5753           28.42            0.23
  2009.5781           28.37            0.21
  2009.5808           28.57            0.22
  2009.5836           27.88            0.21
  2009.5863           29.44            0.21
  2009.5890           29.87            0.21
  2009.5918           28.82            0.23
  2009.5945           28.97            0.23
  2009.5973           29.52            0.22
  2009.6000           29.71            0.22
  2009.6028           29.87            0.23
  2009.6055           29.52            0.22
  2009.6083           28.92            0.21
  2009.6110           28.67            0.23
  2009.6136           28.39            0.23
  2009.6165           28.64            0.22
  2009.6191           29.10            0.22
  2009.6219           27.23            0.23
  2009.6246           27.82            0.22
  2009.6274           28.92            0.23
  2009.6301           28.78            0.23
  2009.6329           29.18            0.23
  2009.6356           28.28            0.22
  2009.6383           29.32            0.23
  2009.6411           29.06            0.23
  2009.6438           27.33            0.24
  2009.6466           28.63            0.24
  2009.6493           28.95            0.25
  2009.6521           28.68            0.24
  2009.6548           28.59            0.24
  2009.6576           29.35            0.24
  2009.6603           28.75            0.24
  2009.6630           29.29            0.25
  2009.6658           28.47            0.25
  2009.6685           30.28            0.22
  2009.6713           28.15            0.24
  2009.6740           27.66            0.24
  2009.6768           29.16            0.23
  2009.6794           28.48            0.25
  2009.6823           26.47            0.25
  2009.6849           27.53            0.24
  2009.6876           27.99            0.23
  2009.6904           28.42            0.22
  2009.6931           29.12            0.22
  2009.6959           29.42            0.22
  2009.6986           29.63            0.21
  2009.7014           28.85            0.23
  2009.7041           28.68            0.23
  2009.7069           29.03            0.23
  2009.7096           28.12            0.24
  2009.7123           29.30            0.24
  2009.7151           26.78            0.24
  2009.7178           27.68            0.22
  2009.7206           27.35            0.22
  2009.7233           27.26            0.22
  2009.7261           27.03            0.23
  2009.7288           27.56            0.23
  2009.7316           27.71            0.22
  2009.7343           27.63            0.23
  2009.7369           26.23            0.24
  2009.7397           28.98            0.24
  2009.7424           29.39            0.23
  2009.7452           28.76            0.22
  2009.7479           29.63            0.24
  2009.7507           28.53            0.24
  2009.7534           28.67            0.24
  2009.7561           28.96            0.23
  2009.7589           29.71            0.25
  2009.7616           28.42            0.25
  2009.7644           30.58            0.24
  2009.7671           29.39            0.23
  2009.7699           29.55            0.24
  2009.7726           30.80            0.25
  2009.7754           30.15            0.26
  2009.7781           30.81            0.23
  2009.7808           30.07            0.22
  2009.7836           30.32            0.22
  2009.7863           31.01            0.24
  2009.7891           31.43            0.28
  2009.7917           31.85            0.23
  2009.7946           30.91            0.24
  2009.7972           31.62            0.24
  2009.8000           29.89            0.28
  2009.8027           31.25            0.24
  2009.8054           31.05            0.24
  2009.8082           31.82            0.24
  2009.8109           31.17            0.25
  2009.8137           30.61            0.25
  2009.8164           31.01            0.23
  2009.8192           32.57            0.23
  2009.8219           31.86            0.29
  2009.8247           30.57            0.25
  2009.8274           30.70            0.26
  2009.8301           31.85            0.27
  2009.8329           31.88            0.28
  2009.8356           30.07            0.27
  2009.8384           30.55            0.28
  2009.8411           30.40            0.27
  2009.8439           29.72            0.27
  2009.8466           29.68            0.26
  2009.8494           30.46            0.27
  2009.8521           31.45            0.26
  2009.8547           30.94            0.24
  2009.8575           30.57            0.24
  2009.8602           30.82            0.23
  2009.8630           31.17            0.23
  2009.8657           31.16            0.26
  2009.8685           30.12            0.24
  2009.8712           30.26            0.24
  2009.8740           31.08            0.24
  2009.8767           30.50            0.25
  2009.8794           30.34            0.26
  2009.8822           32.08            0.28
  2009.8849           33.15            0.29
  2009.8877           31.58            0.27
  2009.8904           31.59            0.27
  2009.8932           29.47            0.28
  2009.8959           29.60            0.30
  2009.8987           31.48            0.29
  2009.9014           28.72            0.30
  2009.9041           32.04            0.30
  2009.9069           31.55            0.27
  2009.9095           30.05            0.29
  2009.9124           30.45            0.30
  2009.9150           30.13            0.29
  2009.9178           30.64            0.28
  2009.9205           30.38            0.30
  2009.9233           31.69            0.28
  2009.9260           31.72            0.24
  2009.9287           29.88            0.26
  2009.9315           33.11            0.25
  2009.9342           33.89            0.25
  2009.9370           35.07            0.26
  2009.9397           31.74            0.26
  2009.9425           32.18            0.25
  2009.9452           32.15            0.26
  2009.9480           32.48            0.28
  2009.9507           33.22            0.26
  2009.9534           33.02            0.29
  2009.9562           33.45            0.29
  2009.9589           33.39            0.26
  2009.9617           33.60            0.29
  2009.9644           32.39            0.28
  2009.9672           33.00            0.30
  2009.9698           34.66            0.27
  2009.9727           34.21            0.27
  2009.9753           34.54            0.29
  2009.9780           35.77            0.30
  2009.9808           35.72            0.31
  2009.9835           35.63            0.28
  2009.9863           35.59            0.28
  2009.9890           34.60            0.29
  2009.9918           33.88            0.30
  2009.9945           37.21            0.30
  2009.9973           35.61            0.27
  2010.0000           35.91            0.28
  2010.0027           35.57            0.24
  2010.0055           35.50            0.25
  2010.0082           38.67            0.28
  2010.0110           36.51            0.28
  2010.0137           36.97            0.29
  2010.0165           38.50            0.27
  2010.0192           38.15            0.26
  2010.0220           37.69            0.26
  2010.0247           39.20            0.27
  2010.0273           37.82            0.27
  2010.0302           33.80            0.29
  2010.0328           35.94            0.28
  2010.0356           36.50            0.27
  2010.0383           37.09            0.26
  2010.0411           36.17            0.27
  2010.0438           38.16            0.27
  2010.0466           37.08            0.25
  2010.0493           37.02            0.26
  2010.0520           36.53            0.25
  2010.0548           37.96            0.26
  2010.0575           38.36            0.26
  2010.0603           38.66            0.26
  2010.0630           37.07            0.26
  2010.0658           36.86            0.27
  2010.0685           37.71            0.26
  2010.0713           38.51            0.28
  2010.0740           39.48            0.28
  2010.0767           38.48            0.29
  2010.0795           37.16            0.26
  2010.0822           38.79            0.27
  2010.0850           37.74            0.25
  2010.0876           38.07            0.25
  2010.0905           37.51            0.26
  2010.0931           39.53            0.26
  2010.0959           38.86            0.27
  2010.0986           38.69            0.28
  2010.1013           39.91            0.28
  2010.1041           40.17            0.29
  2010.1068           38.29            0.27
  2010.1096           39.81            0.29
  2010.1123           39.03            0.27
  2010.1151           38.73            0.30
  2010.1178           38.25            0.26
  2010.1206           38.46            0.29
  2010.1233           36.79            0.26
  2010.1260           37.42            0.28
  2010.1288           37.45            0.29
  2010.1315           38.61            0.29
  2010.1343           38.74            0.32
  2010.1370           36.33            0.30
  2010.1398           36.93            0.26
  2010.1425           38.39            0.27
  2010.1453           37.62            0.28
  2010.1479           37.30            0.28
  2010.1506           38.48            0.27
  2010.1534           39.04            0.29
  2010.1561           37.29            0.28
  2010.1616           13.59            0.27
  2010.1644           11.82            0.26
  2010.1671           11.67            0.26
  2010.1699           10.18            0.26
  2010.1726           11.22            0.25
  2010.1753           11.80            0.26
  2010.1781           10.73            0.25
  2010.1808            9.03            0.25
  2010.1836            7.62            0.26
  2010.1863            8.65            0.26
  2010.1891            8.64            0.25
  2010.1918           10.09            0.25
  2010.1946            8.43            0.26
  2010.1973            6.59            0.26
  2010.2000            9.04            0.25
  2010.2028            6.55            0.24
  2010.2054            7.17            0.25
  2010.2083            6.96            0.24
  2010.2109            6.49            0.29
  2010.2137            6.52            0.29
  2010.2164            8.19            0.31
  2010.2192            4.55            0.32
  2010.2219            5.71            0.28
  2010.2246            5.22            0.28
  2010.2274            6.10            0.28
  2010.2301            4.15            0.26
  2010.2329            5.16            0.28
  2010.2356            4.39            0.27
  2010.2384            3.33            0.28
  2010.2411            3.01            0.29
  2010.2439            1.79            0.28
  2010.2466            2.10            0.29
  2010.2493            2.15            0.28
  2010.2521            3.67            0.27
  2010.2548            1.84            0.22
  2010.2576            4.52            0.15
  2010.2603            4.81            0.21
  2010.2631            4.83            0.22
  2010.2657            4.41            0.22
  2010.2684            5.15            0.21
  2010.2712            4.84            0.21
  2010.2739            4.39            0.22
  2010.2767            5.59            0.22
  2010.2794            3.61            0.23
  2010.2822            5.03            0.21
  2010.2849            4.54            0.22
  2010.2877            3.69            0.21
  2010.2904            3.96            0.22
  2010.2931            4.82            0.22
  2010.2959            2.77            0.22
  2010.2986            3.12            0.21
  2010.3014            3.30            0.21
  2010.3069            3.36            0.21
  2010.3096            2.79            0.22
  2010.3124            3.55            0.21
  2010.3151            1.46            0.20
  2010.3177            1.98            0.21
  2010.3206            2.17            0.21
  2010.3232            1.27            0.21
  2010.3260            2.14            0.21
  2010.3287            2.13            0.22
  2010.3315            1.60            0.22
  2010.3424            1.03            0.22
  2010.3452            1.29            0.22
  2010.3479            0.83            0.22
  2010.3507            0.85            0.21
  2010.3534            1.90            0.20
  2010.3562            1.72            0.21
  2010.3589            1.65            0.21
  2010.3617            2.32            0.33
  2010.3644            1.01            0.21
  2010.3726            1.41            0.21
  2010.3754            1.59            0.21
  2010.3781            0.83            0.21
  2010.3809            2.31            0.21
  2010.3835            2.60            0.21
  2010.3864            2.27            0.21
  2010.3890            2.21            0.22
  2010.3917            1.15            0.21
  2010.3945            2.22            0.22
  2010.3972            0.64            0.22
  2010.4000            1.50            0.22
  2010.4027            2.33            0.22
  2010.4055            1.27            0.22
  2010.4082            2.06            0.22
  2010.4110            0.06            0.48
  2010.4137            0.54            0.21
  2010.4164            1.33            0.21
  2010.4192            0.18            0.22
  2010.4219            0.65            0.22
  2010.4247            0.91            0.22
  2010.4274            0.88            0.21
  2010.4302           -1.13            0.20
  2010.4329           -0.45            0.20
  2010.4357            0.34            0.19
  2010.4384            0.04            0.21
  2010.4410           -0.28            0.20
  2010.4438           -0.09            0.22
  2010.4465           -0.79            0.21
  2010.4493            0.56            0.22
  2010.4520            0.22            0.24
  2010.4548           -0.45            0.22
  2010.4575           -0.56            0.23
  2010.4603           -0.46            0.26
  2010.4630           -0.40            0.25
  2010.4657           -2.47            0.24
  2010.4685           -0.09            0.21
  2010.4712            0.52            0.22
  2010.4740            1.10            0.21
  2010.4767            0.15            0.23
  2010.4795            0.84            0.24
  2010.4822            0.39            0.22
  2010.4850            0.39            0.21
  2010.4877            0.33            0.22
  2010.4904            0.73            0.22
  2010.4932           -0.02            0.21
  2010.4958            0.02            0.20
  2010.4987           -0.05            0.21
  2010.5013           -1.12            0.21
  2010.5042            2.03            0.21
  2010.5068            0.22            0.22
  2010.5096           -1.28            0.22
  2010.5123           -1.30            0.23
  2010.5150            0.01            0.23
  2010.5178           -0.42            0.22
  2010.5205            0.09            0.21
  2010.5233            0.42            0.22
  2010.5260           -1.91            0.23
  2010.5288           -1.85            0.21
  2010.5315           -1.21            0.20
  2010.5343           -0.74            0.21
  2010.5370            0.95            0.22
  2010.5397            0.34            0.22
  2010.5425            0.86            0.22
  2010.5452           -0.80            0.21
  2010.5480           -1.34            0.22
  2010.5507           -0.56            0.22
  2010.5535           -1.42            0.22
  2010.5562           -0.65            0.23
  2010.5590           -0.87            0.23
  2010.5616           -1.24            0.23
  2010.5643           -1.04            0.23
  2010.5671           -1.29            0.22
  2010.5698           -0.66            0.22
  2010.5726           -2.37            0.22
  2010.5753           -1.75            0.22
  2010.5781           -2.42            0.24
  2010.5808           -1.12            0.23
  2010.5836           -2.05            0.22
  2010.5863           -2.86            0.21
  2010.5890           -2.67            0.21
  2010.5918           -2.42            0.21
  2010.5945           -2.61            0.43
  2010.5973           -1.58            0.21
  2010.6000           -2.39            0.20
  2010.6028           -2.68            0.20
  2010.6055           -2.72            0.20
  2010.6083           -2.44            0.20
  2010.6110           -2.05            0.21
  2010.6136           -3.18            0.20
  2010.6165           -2.71            0.19
  2010.6191           -3.27            0.20
  2010.6219           -3.00            0.20
  2010.6246           -2.94            0.22
  2010.6274           -2.67            0.23
  2010.6301           -2.53            0.21
  2010.6329           -2.03            0.20
  2010.6356           -1.68            0.20
  2010.6383           -3.60            0.22
  2010.6411           -2.01            0.20
  2010.6438           -1.82            0.20
  2010.6466           -1.93            0.20
  2010.6493           -2.26            0.20
  2010.6521           -2.05            0.21
  2010.6548           -1.22            0.20
  2010.6576           -2.26            0.21
  2010.6603           -2.64            0.19
  2010.6630           -2.46            0.20
  2010.6658           -2.79            0.20
  2010.6685           -2.60            0.20
  2010.6713           -3.35            0.21
  2010.6740           -1.97            0.23
  2010.6768           -0.67            0.20
  2010.6794           -2.29            0.19
  2010.6823           -1.59            0.19
  2010.6849           -1.49            0.19
  2010.6876           -2.54            0.19
  2010.6904           -1.39            0.19
  2010.6931           -1.79            0.19
  2010.6959           -1.55            0.21
  2010.6986           -2.84            0.20
  2010.7014           -2.79            0.19
  2010.7041           -2.69            0.20
  2010.7069           -2.86            0.27
  2010.7096           -2.70            0.20
  2010.7123           -2.75            0.20
  2010.7151           -2.37            0.20
  2010.7178           -1.88            0.19
  2010.7206           -1.69            0.19
  2010.7233           -2.12            0.19
  2010.7261           -2.87            0.18
  2010.7288           -3.00            0.18
  2010.7316           -2.67            0.18
  2010.7343           -2.91            0.19
  2010.7369           -3.50            0.20
  2010.7397           -2.36            0.20
  2010.7424           -3.35            0.19
  2010.7452           -2.20            0.18
  2010.7479           -2.90            0.19
  2010.7507           -2.87            0.20
  2010.7534           -2.29            0.18
  2010.7561           -1.43            0.20
  2010.7589           -1.12            0.19
  2010.7616           -0.36            0.18
  2010.7644           -1.07            0.19
  2010.7671           -2.23            0.19
  2010.7699           -2.70            0.19
  2010.7726           -2.14            0.18
  2010.7754           -0.33            0.19
  2010.7781           -0.18            0.18
  2010.7808            0.09            0.19
  2010.7836           -0.74            0.20
  2010.7863           -0.36            0.22
  2010.7891           -1.30            0.20
  2010.7917           -0.28            0.18
  2010.7946           -1.05            0.19
  2010.7972           -0.92            0.19
  2010.8000           -1.72            0.18
  2010.8027           -2.06            0.19
  2010.8054           -3.46            0.19
  2010.8082           -2.35            0.19
  2010.8109           -2.61            0.19
  2010.8137           -3.70            0.18
