  2012.0027            0.00            1.11
  2012.0055           -0.23            1.11
  2012.0082           -0.56            1.06
  2012.0110            0.04            1.11
  2012.0137           -0.10            1.24
  2012.0165           -1.82            1.10
  2012.0192            0.21            1.15
  2012.0220           -1.49            1.19
  2012.0247           -1.74            1.37
  2012.0273           -1.55            1.36
  2012.0302           -1.07            1.18
  2012.0328           -1.45            1.11
  2012.0356           -1.35            1.12
  2012.0383           -1.94            1.14
  2012.0411           -2.19            1.29
  2012.0438           -2.77            1.23
  2012.0466           -1.68            1.26
  2012.0520           -0.67            1.16
  2012.0548           -1.57            1.30
  2012.0603           -4.02            1.30
  2012.0630           -5.47            1.27
  2012.0658           -2.40            1.23
  2012.0685           -3.05            1.59
  2012.0713           -1.09            1.73
  2012.0740           -3.22            1.45
  2012.0767           -0.75            1.60
  2012.0795           -4.26            1.34
  2012.0822           -3.82            1.32
  2012.0850           -2.96            1.22
  2012.0876           -2.30            1.21
  2012.0905           -1.33            1.24
  2012.0931           -3.25            1.16
  2012.0959           -0.04            1.27
  2012.0986           -2.45            1.27
  2012.1013           -2.61            1.25
  2012.1041           -1.96            1.38
  2012.1068           -2.61            1.24
  2012.1096           -2.43            1.11
  2012.1123           -2.47            1.19
  2012.1151           -1.92            1.17
  2012.1178           -4.68            1.36
  2012.1206           -1.02            1.40
  2012.1233           -2.51            1.29
  2012.1260           -2.51            1.20
  2012.1288           -2.48            1.33
  2012.1315           -8.88            1.40
  2012.1343           -4.29            1.34
  2012.1370           -3.69            1.36
  2012.1398           -4.60            1.29
  2012.1425           -4.65            1.16
  2012.1453           -4.50            1.18
  2012.1479           -4.16            1.18
  2012.1506           -4.86            1.18
  2012.1534           -3.31            1.30
  2012.1561           -5.07            1.22
  2012.1589           -5.20            1.28
  2012.1616           -4.21            1.29
  2012.1644           -4.86            1.25
  2012.1671           -4.44            1.25
  2012.1699           -5.11            1.16
  2012.1726           -3.90            1.26
  2012.1753           -4.76            1.22
  2012.1781           -5.03            1.37
  2012.1808           -4.86            1.21
  2012.1836           -3.47            1.34
  2012.1863           -6.17            1.17
  2012.1891           -5.13            1.22
  2012.1918           -2.59            1.27
  2012.1946           -5.59            1.28
  2012.1973           -3.94            1.28
  2012.2000           -4.33            1.24
  2012.2028           -6.61            1.21
  2012.2054           -4.72            1.18
  2012.2083           -6.01            1.18
  2012.2109           -3.71            1.35
  2012.2137           -4.77            1.13
  2012.2164           -5.79            1.24
  2012.2192           -3.67            1.14
  2012.2219           -4.21            1.17
  2012.2246           -5.94            1.14
  2012.2274           -3.77            1.11
  2012.2301           -5.21            1.14
  2012.2329           -4.64            1.18
  2012.2356           -5.55            1.17
  2012.2384           -5.69            1.14
  2012.2411           -4.44            1.14
  2012.2439           -5.90            1.16
  2012.2466           -5.60            1.08
  2012.2493           -7.15            1.22
  2012.2521           -7.98            1.21
  2012.2548           -7.69            1.18
  2012.2576           -5.39            1.14
  2012.2603           -6.80            1.29
  2012.2631           -5.97            1.22
  2012.2657           -8.43            1.09
  2012.2684           -7.63            1.14
  2012.2712           -6.17            1.17
  2012.2739           -6.36            1.17
  2012.2767           -7.92            1.17
  2012.2794           -6.46            1.10
  2012.2822           -6.84            1.08
  2012.2849           -5.55            1.26
  2012.2877           -5.42            1.19
  2012.2904           -6.68            1.18
  2012.2931           -6.38            1.12
  2012.2959           -7.29            1.14
  2012.2986          -10.19            1.21
  2012.3014           -9.07            1.08
  2012.3041           -9.20            1.08
  2012.3069           -7.74            1.14
  2012.3096           -8.05            0.97
  2012.3124           -7.86            1.03
  2012.3151           -7.88            1.23
  2012.3177           -8.51            1.13
  2012.3206           -8.07            1.06
  2012.3232           -8.78            1.06
  2012.3260           -8.96            1.01
  2012.3287           -8.60            0.97
  2012.3315           -7.86            1.02
  2012.3342           -8.47            1.01
  2012.3370           -8.92            1.03
  2012.3397           -7.74            1.00
  2012.3424           -8.17            0.97
  2012.3452           -8.59            0.98
  2012.3479           -8.43            1.12
  2012.3507           -8.59            1.02
  2012.3534           -8.70            1.01
  2012.3562           -8.95            1.03
  2012.3589           -9.73            1.07
  2012.3617           -9.30            1.12
  2012.3644           -8.95            1.02
  2012.3671          -10.87            1.04
  2012.3699           -9.74            1.02
  2012.3726          -10.11            1.07
  2012.3754           -9.68            1.11
  2012.3781           -9.96            1.07
  2012.3809           -9.53            1.03
  2012.3835          -10.46            1.11
  2012.3864          -10.63            1.09
  2012.3890          -10.06            1.03
  2012.3917           -9.97            1.06
  2012.3945          -11.19            1.03
  2012.3972          -11.37            1.04
  2012.4000          -11.30            1.02
  2012.4027          -11.46            1.12
  2012.4055          -13.53            1.18
  2012.4110          -13.02            1.08
  2012.4137          -12.03            1.02
  2012.4164          -12.65            1.02
  2012.4192          -12.72            1.03
  2012.4219          -13.90            1.13
  2012.4247          -12.02            1.10
  2012.4274          -11.46            1.08
  2012.4302          -12.99            1.03
  2012.4329          -12.15            0.99
  2012.4357          -12.07            0.95
  2012.4384          -11.89            0.95
  2012.4410          -11.89            1.10
  2012.4438          -12.62            0.97
  2012.4465          -12.82            1.06
  2012.4493          -12.17            1.10
  2012.4520          -13.34            1.14
  2012.4548          -12.57            1.00
  2012.4575          -12.75            1.05
  2012.4603          -13.35            1.05
  2012.4630          -13.33            1.08
  2012.4657          -13.53            1.02
  2012.4685          -13.21            1.02
  2012.4712          -14.44            1.24
  2012.4740          -14.01            1.04
  2012.4767          -13.16            1.04
  2012.4795          -12.87            1.00
  2012.4822          -12.45            1.00
  2012.4850          -12.47            0.99
  2012.4877          -13.58            1.02
  2012.4904          -13.42            1.07
  2012.4932          -13.10            1.04
  2012.4958          -13.55            1.07
  2012.4987          -12.95            1.07
  2012.5013          -15.47            1.08
  2012.5042          -13.72            1.06
  2012.5068          -14.28            1.01
  2012.5096          -14.29            1.08
  2012.5123          -13.08            1.13
  2012.5150          -13.57            1.05
  2012.5178          -13.86            1.00
  2012.5205          -13.67            1.03
  2012.5233          -14.44            1.06
  2012.5260          -14.22            1.01
  2012.5288          -13.84            1.02
  2012.5315          -14.04            1.02
  2012.5343          -13.51            0.99
  2012.5370          -13.83            0.97
  2012.5397          -13.78            0.98
  2012.5425          -13.40            1.01
  2012.5452          -13.36            1.03
  2012.5480          -13.28            1.05
  2012.5507          -13.57            1.12
  2012.5535          -15.23            1.04
  2012.5562          -14.40            1.02
  2012.5590          -14.40            1.03
  2012.5616          -15.12            1.02
  2012.5643          -13.64            1.01
  2012.5671          -14.95            1.00
  2012.5698          -14.34            0.99
  2012.5726          -14.71            1.01
  2012.5753          -15.74            0.99
  2012.5781          -13.62            1.04
  2012.5808          -13.15            1.00
  2012.5836          -14.02            0.99
  2012.5863          -14.01            1.08
  2012.5890          -13.79            1.06
  2012.5918          -14.57            1.02
  2012.5945          -14.94            1.00
  2012.5973          -12.60            1.65
  2012.6000          -14.04            1.04
  2012.6028          -13.14            1.05
  2012.6055          -13.08            1.07
  2012.6083          -12.86            1.06
  2012.6110          -13.21            1.00
  2012.6136          -13.54            1.07
  2012.6165          -13.07            1.08
  2012.6191          -13.57            1.09
  2012.6219          -14.36            1.11
  2012.6246          -13.79            1.12
  2012.6274          -14.17            1.08
  2012.6301          -14.80            1.17
  2012.6329          -14.39            1.07
  2012.6356          -14.74            1.10
  2012.6383          -14.61            1.07
  2012.6411          -14.07            1.08
  2012.6438          -14.43            1.10
  2012.6466          -14.84            1.09
  2012.6493          -13.83            1.04
  2012.6521          -13.55            1.06
  2012.6548          -14.58            0.99
  2012.6576          -13.79            1.00
  2012.6603          -14.50            1.05
  2012.6630          -16.32            1.12
  2012.6658          -15.97            1.01
  2012.6685          -15.50            1.07
  2012.6713          -16.13            1.06
  2012.6740          -14.99            1.13
  2012.6768          -15.50            1.11
  2012.6794          -15.85            1.09
  2012.6823          -15.14            1.15
  2012.6849          -15.22            1.11
  2012.6876          -16.27            1.14
  2012.6904          -15.79            1.06
  2012.6931          -14.50            1.05
  2012.6959          -15.19            1.04
  2012.6986          -16.11            1.10
  2012.7014          -15.04            1.09
  2012.7041          -15.16            1.17
  2012.7069          -15.11            1.05
  2012.7096          -16.67            1.10
  2012.7123          -15.80            1.11
  2012.7151          -15.99            1.12
  2012.7178          -15.23            1.17
  2012.7206          -15.84            1.09
  2012.7233          -15.95            1.11
  2012.7261          -16.16            1.12
  2012.7288          -14.60            1.06
  2012.7316          -17.46            1.09
  2012.7343          -17.07            1.15
  2012.7369          -15.35            1.19
  2012.7397          -16.27            1.12
  2012.7424          -17.23            1.09
  2012.7452          -17.39            1.14
  2012.7479          -16.08            1.15
  2012.7507          -17.60            1.18
  2012.7534          -16.59            1.34
  2012.7561          -16.04            1.14
  2012.7589          -17.03            1.18
  2012.7616          -17.03            1.17
  2012.7644          -17.30            1.15
  2012.7671          -16.45            1.22
  2012.7699          -16.65            1.21
  2012.7726          -16.50            1.14
  2012.7754          -16.45            1.26
  2012.7781          -17.36            1.08
  2012.7808          -16.64            1.10
  2012.7836          -17.08            1.10
  2012.7863          -18.47            1.06
  2012.7891          -17.52            1.15
  2012.7917          -18.43            1.18
  2012.7946          -17.39            1.21
  2012.7972          -17.09            1.15
  2012.8000          -17.83            1.08
  2012.8027          -16.94            1.23
  2012.8054          -16.79            1.28
  2012.8082          -17.93            1.33
  2012.8109          -18.89            1.23
  2012.8137          -20.40            1.24
  2012.8164          -18.69            1.15
  2012.8192          -18.46            1.18
  2012.8219          -19.76            1.31
  2012.8247          -18.25            1.29
  2012.8274          -17.91            1.22
  2012.8301          -16.39            1.41
  2012.8329          -17.53            1.22
  2012.8356          -17.59            1.16
  2012.8384          -17.92            1.13
  2012.8411          -18.36            1.63
