  2012.0027            0.00            1.55
  2012.0055            5.07            1.46
  2012.0082           -4.37            1.41
  2012.0110            4.37            1.45
  2012.0137            3.29            1.71
  2012.0165           -5.37            1.44
  2012.0192            2.50            1.57
  2012.0220            6.71            1.65
  2012.0247            1.84            1.87
  2012.0273            2.13            1.74
  2012.0302           -6.17            1.68
  2012.0328           -7.87            1.52
  2012.0356           -4.06            1.44
  2012.0383            2.93            1.52
  2012.0411           -2.57            1.64
  2012.0438           -0.06            1.45
  2012.0466           -2.40            1.61
  2012.0493           -6.04            1.69
  2012.0520           -3.45            1.47
  2012.0548           -0.82            1.78
  2012.0603           -4.43            1.75
  2012.0630           -5.90            1.79
  2012.0658           -0.19            1.57
  2012.0685           -4.11            2.19
  2012.0713            0.51            2.09
  2012.0740           -6.51            1.88
  2012.0767           -6.18            2.12
  2012.0795            3.94            1.75
  2012.0822          -10.41            1.87
  2012.0850           -0.29            1.66
  2012.0876           -0.71            1.73
  2012.0905           -5.50            1.76
  2012.0931            2.76            1.60
  2012.0959            5.60            2.57
  2012.0986            8.20            1.66
  2012.1013            1.08            1.75
  2012.1041           14.91            1.65
  2012.1068           -5.70            1.67
  2012.1096           -3.68            2.09
  2012.1123            1.64            1.47
  2012.1151            3.78            1.50
  2012.1178            2.18            1.67
  2012.1206            0.96            1.80
  2012.1233           -0.13            1.59
  2012.1260            6.34            1.67
  2012.1288            4.88            1.76
  2012.1315            8.25            2.01
  2012.1343           15.25            1.93
  2012.1370            6.30            1.72
  2012.1398           -0.43            1.57
  2012.1425           -0.50            1.64
  2012.1453            2.05            1.47
  2012.1479           -0.46            1.44
  2012.1506            2.70            1.62
  2012.1534           -1.74            1.68
  2012.1561            3.38            1.77
  2012.1589            7.99            1.60
  2012.1616            3.62            1.80
  2012.1644           -9.41            1.72
  2012.1671           -0.68            1.61
  2012.1699            7.53            1.48
  2012.1726           -9.93            1.67
  2012.1753           15.07            1.70
  2012.1781            8.70            1.75
  2012.1808           -5.38            1.60
  2012.1836            9.19            1.68
  2012.1863            2.91            2.74
  2012.1891           -3.39            6.21
  2012.1918           -1.77            1.95
  2012.1946           -5.32            1.70
  2012.1973            6.05            1.69
  2012.2000           -5.11            1.72
  2012.2028           -3.08            1.63
  2012.2054           -7.11            1.57
  2012.2083            0.91            1.53
  2012.2109          -10.20            1.73
  2012.2137           13.00            1.48
  2012.2164           -4.42            1.70
  2012.2192           -4.53            1.54
  2012.2219            4.31            1.67
  2012.2246          -10.57            1.54
  2012.2274           -7.10            1.58
  2012.2301            0.45            1.58
  2012.2329           -2.98            1.60
  2012.2356          -12.53            1.34
  2012.2384           -4.64            1.51
  2012.2411            0.51            1.42
  2012.2439           -3.20            1.44
  2012.2466            0.87            1.39
  2012.2493           -2.49            1.55
  2012.2521           -5.09            1.52
  2012.2548          -11.00            1.84
  2012.2576           -1.73            1.42
  2012.2603          -12.30            1.59
  2012.2631           -9.49            1.54
  2012.2657           -2.02            1.40
  2012.2684           -1.96            1.54
  2012.2712            0.92            1.51
  2012.2739            2.47            1.49
  2012.2767           30.41            9.06
  2012.5096          -11.36            4.14
  2012.5123          -19.94            5.56
  2012.5150           -8.76            1.34
  2012.5178           -3.91            1.30
  2012.5205           -7.20            1.36
  2012.5233           -7.90            1.36
  2012.5260          -12.10            1.29
  2012.5288           -6.46            1.34
  2012.5315           -5.78            1.29
  2012.5343           -8.03            1.32
  2012.5370          -12.10            1.24
  2012.5397           -8.09            1.27
  2012.5425           -6.03            1.30
  2012.5452           -3.21            1.33
  2012.5480           -1.80            1.36
  2012.5507           -4.41            1.41
  2012.5535           -1.79            1.34
  2012.5562           -3.78            1.35
  2012.5590           -5.02            1.33
  2012.5616           -6.51            1.34
  2012.5643           -7.94            1.31
  2012.5671           -2.64            1.32
  2012.5698           -8.87            1.29
  2012.5726           -8.19            1.30
  2012.5753           -8.34            1.43
  2012.5781           -7.77            1.43
  2012.5808           -7.45            1.31
  2012.5836           -6.82            1.29
  2012.5863           -3.13            1.41
  2012.5890           -6.18            1.35
  2012.5918           -6.54            1.32
  2012.5945           -7.25            1.31
  2012.5973           -2.64            2.07
  2012.6000           -5.33            1.36
  2012.6028           -6.78            1.39
  2012.6055           -3.16            1.41
  2012.6083           -5.95            1.35
  2012.6110           -4.15            1.28
  2012.6136            1.70            1.37
  2012.6165           -4.19            1.42
  2012.6191           -4.79            1.39
  2012.6219           -0.49            1.48
  2012.6246           -7.92            1.44
  2012.6274           -5.72            1.52
  2012.6301          -15.55            1.51
  2012.6329           -5.74            1.39
  2012.6356           -4.43            1.43
  2012.6383           -9.95            1.38
  2012.6411           -1.70            1.39
  2012.6438           -5.87            1.46
  2012.6466           -8.06            1.38
  2012.6493          -16.25            1.34
  2012.6521          -17.63            1.39
  2012.6548          -12.32            1.30
  2012.6576          -11.59            1.32
  2012.6603           -4.68            1.37
  2012.6630           -4.60            1.50
  2012.6658           -5.78            1.32
  2012.6685           -4.71            1.39
  2012.6713          -12.63            1.38
  2012.6740          -12.96            1.48
  2012.6768           -9.59            1.56
  2012.6794          -10.40            1.44
  2012.6823          -13.08            1.49
  2012.6849           -5.67            1.45
  2012.6876           -8.91            1.46
  2012.6904           -8.80            1.39
  2012.6931           -7.34            1.36
  2012.6959           -5.25            1.35
  2012.6986           -5.76            1.47
  2012.7014           -7.41            1.42
  2012.7041          -10.99            1.50
  2012.7069           -2.61            1.35
  2012.7096           -2.78            1.41
  2012.7123           -9.33            1.42
  2012.7151          -12.99            1.46
  2012.7178          -15.52            1.50
  2012.7206           -7.68            1.42
  2012.7233           -9.40            1.44
  2012.7261          -12.03            1.46
  2012.7288           -8.45            1.39
  2012.7316           -9.77            1.39
  2012.7343          -12.37            1.49
  2012.7369          -13.10            1.57
  2012.7397           -9.95            1.44
  2012.7424           -5.57            1.47
  2012.7452           -4.65            1.49
  2012.7479           -4.19            1.53
  2012.7507           -3.33            1.54
  2012.7534           -7.89            1.66
  2012.7561           -7.73            1.49
  2012.7589           -4.46            1.50
  2012.7616           -3.60            1.53
  2012.7644           -4.96            1.49
  2012.7671           -8.16            1.63
  2012.7699          -12.36            1.61
  2012.7726           -7.59            1.50
  2012.7754          -13.11            1.63
  2012.7781          -12.89            1.38
  2012.7808           -5.68            1.44
  2012.7836           -9.57            1.43
  2012.7863          -11.63            1.37
  2012.7891           -4.85            1.49
  2012.7917           -7.02            1.53
  2012.7946           -3.37            1.64
  2012.7972           -5.50            1.51
  2012.8000          -10.21            1.40
  2012.8027           -4.27            1.57
  2012.8054           -4.70            1.64
  2012.8082           -3.37            1.70
  2012.8109           -2.61            1.59
  2012.8137          -12.68            1.61
  2012.8164            1.36            1.48
  2012.8192            3.04            1.57
  2012.8219           -6.43            1.63
  2012.8247           -0.79            1.69
  2012.8274            0.14            1.58
  2012.8301           -2.56            1.81
  2012.8329            0.79            1.60
  2012.8356            2.53            1.61
  2012.8384           -3.75            1.48
  2012.8411           -1.98            1.46
  2012.8439            2.52            1.71
  2012.8466           -3.06            1.53
  2012.8494            0.25            1.55
  2012.8521            9.21            1.54
  2012.8547            9.29            1.55
  2012.8575            3.60            1.61
  2012.8602           -3.97            1.67
  2012.8630           -3.30            1.64
  2012.8657           -4.85            1.52
  2012.8685           -0.48            1.53
  2012.8712            2.00            1.44
  2012.8740           -2.08            1.49
  2012.8767           -2.28            1.55
  2012.8794          -12.20            1.54
  2012.8822            6.65            1.55
  2012.8849            0.02            1.51
  2012.8877           -2.15            1.59
  2012.8904           -7.30            1.50
  2012.8932           33.08            1.94
  2012.8959           -8.05            1.91
  2012.8987           -6.22            1.84
  2012.9014           -9.56            1.78
  2012.9041           -4.23            6.82
  2012.9069           -2.12            1.61
  2012.9095           -7.82            1.67
  2012.9124           -8.00            1.64
  2012.9150           -7.28            2.01
  2012.9178          -15.10            1.90
  2012.9205           -4.04            1.69
  2012.9260            6.23            2.10
  2012.9287          -10.34            1.87
  2012.9315          -14.50            1.89
  2012.9342           -6.77            2.22
  2012.9370           -1.81            1.94
  2012.9397           -1.35            1.59
  2012.9425           -3.14            1.76
  2012.9452            1.50            1.88
  2012.9480            6.52            1.64
  2012.9507            6.26            1.74
  2012.9534           -2.35            1.74
  2012.9562            3.42            1.88
  2012.9589            5.12            1.82
  2012.9617            2.66            1.77
  2012.9644           -2.93            1.63
  2012.9672           -5.95            1.79
  2012.9698           -1.29            2.26
  2012.9727           -3.01            2.07
  2012.9753            5.19            1.66
  2012.9780           -5.86            1.89
  2012.9808           -5.63            1.51
  2012.9835           -1.50            1.97
  2012.9863           -9.24            1.67
  2012.9890           -8.72            1.55
  2012.9918           -8.91            1.53
  2012.9945           -6.50            1.37
  2012.9973            2.59            1.54
  2013.0000           -0.24            1.78
  2013.0027           -2.32            2.00
  2013.0027           -9.59            1.32
  2013.0055           -1.92            1.30
  2013.0082           -3.52            1.40
  2013.0110           -6.72            1.84
  2013.1753          -34.94            3.37
  2013.1781           -2.02            2.29
  2013.1808           -2.45            1.46
  2013.1863            0.26            1.65
  2013.1918           -4.54            1.57
  2013.2000          -10.24            1.34
  2013.2028           -9.56            1.41
  2013.2054          -11.72            1.49
  2013.2083           -4.41            1.45
  2013.2109           -3.03            1.35
  2013.2192           -8.63            1.37
  2013.2219           -7.16            1.88
  2013.2246           -8.70            1.42
  2013.2274           -8.62            1.49
  2013.2301           -5.53            1.48
  2013.2329           -5.94            1.43
  2013.2356           -6.38            1.35
  2013.2384           -7.35            1.31
  2013.2411           -9.26            1.51
  2013.2439           -7.89            1.43
  2013.2466          -11.59            1.42
  2013.2493           -9.54            1.52
  2013.2548          -14.73            1.47
  2013.2576           -6.00            1.44
  2013.2603           -2.71            1.54
  2013.2631           -6.87            1.45
  2013.2657          -10.62            2.73
  2013.2684          -14.65            1.46
  2013.2712           -6.59            1.60
  2013.2794          -20.34            1.57
  2013.2822          -13.99            1.31
  2013.2849           -3.60            1.32
  2013.2877           -5.93            1.34
  2013.2904           -8.68            1.33
  2013.2931           -2.53            1.33
  2013.2959           -8.32            1.37
  2013.2986           -4.25            1.34
  2013.3014           -4.97            1.35
  2013.3041           -5.52            1.37
  2013.3069           -7.46            1.39
  2013.3096           -6.33            1.44
  2013.3124           -7.55            1.42
  2013.3151           -1.22            1.32
  2013.3177           -7.28            1.43
  2013.3206          -16.37            1.40
  2013.3232           -6.96            1.45
  2013.3260           -6.44            1.39
  2013.3287           -6.58            1.32
  2013.3315           -6.25            1.44
  2013.3342          -12.06            1.50
  2013.3370           -9.97            1.59
  2013.3397           -6.20            1.40
  2013.3424           -8.47            1.32
  2013.3452           -8.46            1.44
  2013.3479           -1.10            1.37
  2013.3562           -8.37            1.48
  2013.3589           -8.27            1.35
  2013.3617         -275.25            2.69
  2013.3644          -13.35            1.41
  2013.3671          -16.72            1.33
  2013.3699          -16.54            1.28
  2013.3726          -13.60            1.27
  2013.3754          -11.61            1.31
  2013.3781           -8.28            1.41
  2013.3809          -12.30            2.17
  2013.3835           -9.49            1.37
  2013.3864           -4.60            1.29
  2013.3890           -8.42            1.31
  2013.3917           -5.61            1.30
  2013.3945          -10.40            1.30
  2013.4000           -4.20            1.35
  2013.4027           -2.08            1.48
  2013.4055           -2.64            1.50
  2013.4082           -4.20            1.47
  2013.4110            0.17            1.32
  2013.4137           -1.20            1.49
  2013.4164           -4.61            1.43
  2013.4192           -7.15            1.38
  2013.4219           -5.45            1.32
  2013.4247           -2.67            1.38
  2013.4274          -12.83            1.39
  2013.4302           -6.76            1.29
  2013.4329          -12.18            1.36
  2013.4357          -11.18            1.29
  2013.4384           -8.66            1.33
  2013.4410           -2.99            1.28
  2013.4438           -3.95            1.33
  2013.4465           -8.27            1.34
  2013.4493           -9.01            1.35
  2013.4520          -13.14            1.38
  2013.4548            2.81            1.44
  2013.4575          -10.78            1.35
  2013.4603           -6.63            1.32
  2013.4630          -10.75            1.34
  2013.4657          -11.88            1.29
  2013.4685           -2.80            1.33
  2013.4712           -6.18            1.41
  2013.4740           -9.89            1.29
  2013.4767           -3.13            1.31
  2013.4795           -3.28            1.29
  2013.4822           -6.03            1.30
  2013.4850           -3.36            1.32
  2013.4877           -0.72            1.44
  2013.4904           -5.81            1.44
  2013.4932           -5.46            1.37
  2013.4958          -10.38            1.28
  2013.4987           -7.48            1.25
  2013.5013            0.81            1.33
  2013.5042           -2.73            1.35
  2013.5068           -6.08            1.37
  2013.5096           -7.03            1.37
  2013.5123          -12.31            1.27
  2013.5150          -10.66            1.28
  2013.5178           -7.83            1.28
  2013.5205           -7.25            1.35
  2013.5233           -5.55            1.32
  2013.5260           -8.47            1.29
  2013.5288           -3.92            1.26
  2013.5315          -10.27            1.37
  2013.5343          -10.81            1.32
  2013.5370          -13.16            1.31
  2013.5397           -6.56            1.25
  2013.5425          -13.93            1.34
  2013.5452          -15.14            1.29
  2013.5480          -15.03            1.28
  2013.5507          -21.22            1.36
  2013.5535          -26.90            1.24
  2013.5562          -13.54            1.23
  2013.5590          -10.72            1.33
  2013.5616           -6.83            1.21
  2013.5643          -12.41            1.43
  2013.5671          -12.73            1.47
  2013.5698          -13.62            1.23
  2013.5726           -6.61            1.21
  2013.5753           -5.25            1.24
  2013.5781          -15.15            1.28
  2013.5808          -11.05            1.28
  2013.5836          -11.87            1.18
  2013.5863           -3.06            1.25
  2013.5890           -5.66            1.32
  2013.5918          -10.94            1.37
  2013.5945           -2.66            1.31
  2013.5973           -7.15            1.34
  2013.6000           -3.12            1.40
  2013.6028           -9.29            1.32
  2013.6055          -11.11            1.21
  2013.6083           -5.19            1.29
  2013.6110           -5.78            1.35
  2013.6136          -21.47            1.45
  2013.6165          -16.82            1.24
  2013.6191           -5.84            1.26
  2013.6219           -1.81            1.33
  2013.6246           -8.55            1.29
  2013.6274           -6.25            1.25
  2013.6301           -7.34            1.28
  2013.6329           -9.74            1.32
  2013.6356           -5.37            1.28
  2013.6383          -12.96            1.31
  2013.6411          -22.96            1.24
  2013.6438          -16.44            1.28
  2013.6466          -19.76            1.32
  2013.6493          -15.30            1.31
  2013.6521          -12.03            1.27
  2013.6548            2.09            1.29
  2013.6576           -5.76            1.26
  2013.6603           -8.72            1.28
  2013.6630           -4.01            1.30
  2013.6658           -6.63            1.38
  2013.6685           -9.26            1.33
  2013.6713          -14.89            1.36
  2013.6740          -16.73            1.40
  2013.6768           -3.42            1.58
  2013.6794            2.36            1.51
  2013.6823           -6.36            1.52
  2013.6849          -12.29            1.52
  2013.6876           -2.19            1.54
  2013.6904           -8.40            1.90
  2013.7069          -15.86            1.52
  2013.7096          -15.22            1.53
  2013.7123          -15.66            1.51
  2013.7151          -10.71            1.48
  2013.7178           -7.74            1.60
  2013.7206          -16.54            1.57
  2013.7233          -12.46            1.60
  2013.7261          -23.91            1.60
  2013.7288          -15.39            1.67
  2013.7316          -11.70            1.51
  2013.7343            2.42            1.73
  2013.7369           -8.06            1.62
  2013.7397          -10.32            1.60
  2013.7424          -22.37            1.55
  2013.7561           -4.55            1.53
  2013.7644          -10.32            1.53
  2013.7671           -5.42            1.85
  2013.7699           -2.30            1.63
  2013.7726           -2.48            1.58
  2013.7754           -9.32            1.71
  2013.7781           -0.53            2.03
  2013.7891           -2.48            1.96
  2013.7917           -4.53            1.63
  2013.7946           -9.15            1.63
  2013.7972            2.77            1.52
  2013.8000            1.13            1.63
  2013.8027           -2.40            1.73
  2013.8054          -13.08            1.63
  2013.8082            0.03            1.51
  2013.8109          -11.70            1.54
  2013.8137           -4.53            1.75
  2013.8164           -0.25            1.61
  2013.8192           -1.14            1.37
  2013.8219           -8.15            1.43
  2013.8247           -0.21            1.31
  2013.8274           -6.56            1.42
  2013.8301            1.16            1.46
  2013.8329           -9.79            1.46
  2013.8356           -8.96            1.47
  2013.8384           -7.68            1.35
  2013.8411            3.18            1.34
  2013.8439            3.40            1.26
  2013.8466           -1.62            1.23
  2013.8494            2.34            1.40
  2013.8521           -4.73            1.29
  2013.8547           -3.35            1.46
  2013.8575            4.19            1.47
  2013.8602           -7.18            1.53
  2013.8630            1.33            1.49
  2013.8657           -1.04            1.44
  2013.8685           -1.40            1.44
  2013.8712           -4.46            1.51
  2013.8740            0.49            1.54
  2013.8767           -2.18            1.39
  2013.8794            5.49            1.37
  2013.8822           -1.39            1.59
  2013.8849            5.52            1.44
  2013.8877           -7.96            1.51
  2013.8904           -1.43            1.42
  2013.8932            8.64            1.48
  2013.8959           -1.19            1.51
  2013.8987            1.59            1.53
  2013.9014           -0.92            1.47
  2013.9041           -2.04            1.55
  2013.9069            0.26            2.93
  2013.9095            4.52            2.77
  2013.9124           -6.24            1.43
  2013.9150           -1.12            1.44
  2013.9178            0.71            1.41
  2013.9205            5.28            1.51
  2013.9233            3.27            1.71
  2013.9260            0.32            1.40
  2013.9287           -9.51            1.45
  2013.9315            1.44            1.46
  2013.9342            4.06            1.52
  2013.9370            5.68            1.61
  2013.9397            0.02            1.58
  2013.9425           -0.42            1.47
  2013.9452            0.26            1.59
  2013.9480            0.52            1.40
  2013.9507            5.81            2.33
  2013.9534           -5.99            1.59
  2013.9562           -2.30            1.46
  2013.9589            4.35            1.60
  2013.9617           -5.02            1.54
  2013.9644            4.39            1.59
  2013.9672           -1.84            1.46
  2013.9698           -1.43            1.49
  2013.9727            0.71            1.57
  2013.9753           -1.80            1.84
  2013.9780           -4.13            1.60
  2013.9808           -7.04            1.64
  2013.9835           -1.85            1.54
  2013.9863           -0.92            1.58
  2013.9890            0.90            1.70
  2013.9918           -3.41            1.47
  2013.9945           10.51            1.66
  2013.9973            6.49            1.53
  2014.0000            3.72            1.62
  2014.0027            0.82            1.60
  2014.0055            0.98            1.75
  2014.0082           -7.36            1.55
  2014.0110            1.91            1.54
  2014.0137            2.25            1.49
  2014.0165            6.06            1.58
  2014.0192            1.81            1.60
  2014.0220           -0.61            1.60
  2014.0247            0.31            1.61
  2014.0273            9.60            1.49
  2014.0302            0.45            1.58
  2014.0328            1.92            1.50
  2014.0356            5.13            1.51
  2014.0383           -0.01            1.75
  2014.0411           -3.23            1.56
  2014.0438           -3.70            1.64
  2014.0466           -3.23            1.65
  2014.0493            2.89            1.54
  2014.0548           15.99            1.58
  2014.0575           10.08            1.81
  2014.0603            3.75            1.60
  2014.0630           -2.54            1.81
  2014.0658           -7.65            1.70
  2014.0685            3.46            1.64
  2014.0713            7.68            1.57
  2014.0740           -0.61            1.46
  2014.0767            0.12            1.66
  2014.0795            3.68            1.60
  2014.0822           -7.27            1.73
  2014.0850           -5.53            1.68
  2014.0876            7.44            1.71
  2014.0905            3.45            1.60
  2014.0931            2.56            1.73
  2014.0959            2.31            1.61
  2014.0986            2.62            1.73
  2014.1013            1.70            1.59
  2014.1041           11.46            1.65
  2014.1068            6.61            1.54
  2014.1096           -2.06            1.58
  2014.1123            2.50            1.57
  2014.1151          -11.53            1.62
  2014.1178           -4.59            1.59
  2014.1206           -3.41            1.55
  2014.1233           -5.76            1.71
  2014.1260           -4.43            1.58
  2014.1288           -2.31            1.68
  2014.1315            3.85            1.75
  2014.1343           -0.76            1.58
  2014.1370            2.29            1.69
  2014.1398           -5.65            1.67
  2014.1425           -4.67            1.73
  2014.1453           -2.76            1.68
  2014.1479            1.68            1.58
  2014.1506           -4.06            1.50
  2014.1534           -1.66            1.59
  2014.1561           -2.65            1.59
  2014.1589            3.01            1.61
  2014.1616            1.63            1.44
  2014.1644           -5.65            1.58
  2014.1671           -3.64            1.48
  2014.1699           -0.30            1.91
  2014.1726            7.10            1.65
  2014.1753           -3.53            1.63
  2014.1781           -2.89            1.83
  2014.1808            2.69            1.56
  2014.1836            9.95            1.74
  2014.1863            0.55            1.67
  2014.1891            4.57            1.71
  2014.1918            3.20            1.55
  2014.1946           -0.01            1.57
  2014.1973            0.13            1.59
  2014.2000            6.71            1.57
  2014.2028            2.54            1.58
  2014.2054           -1.58            1.61
  2014.2083           -2.20            1.50
  2014.2109           -2.71            1.53
  2014.2137           -2.94            1.57
  2014.2164            4.38            1.76
  2014.2192          -12.43            1.58
  2014.2219            1.34            1.51
  2014.2246           -1.86            1.31
  2014.2274           -6.17            1.61
  2014.2301          -12.07            2.64
  2014.2329           -3.22            1.39
  2014.2356            0.94            1.66
  2014.2384            7.13            1.43
  2014.2411           -9.45            1.46
  2014.2439           -6.04            1.86
  2014.2466           -3.64            1.47
  2014.2493          -12.72            1.45
  2014.2521           -0.06            1.31
  2014.2548           -5.69            1.54
  2014.2576           -1.97            1.45
  2014.2603           -5.76            1.50
  2014.2631           -7.72            1.37
  2014.2657          -10.58            1.41
  2014.2684            2.39            1.48
  2014.2712           -4.54            1.39
  2014.2739           -0.26            1.51
  2014.2767           -7.27            1.52
  2014.2794          -21.80            1.61
  2014.2822           -6.30            1.42
  2014.2849           -5.14            1.25
  2014.2877            0.01            1.47
  2014.2904           -6.49            1.32
  2014.2931           -5.77            1.32
  2014.2959           -8.58            1.38
  2014.2986          -11.06            1.33
  2014.3014           -8.22            1.38
  2014.3041          -12.29            1.90
  2014.3069           -6.34            1.27
  2014.3096           -7.56            2.33
  2014.3124           -4.95            1.69
  2014.3151            0.86            1.35
  2014.3177            0.47            1.33
  2014.3206          -12.70            1.38
  2014.3232          -12.65            1.30
  2014.3260           -3.99            1.38
  2014.3287           -2.81            1.36
  2014.3315           -1.13            1.33
  2014.3342           -4.53            1.40
  2014.3370           -1.80            1.34
  2014.3397           -5.48            1.36
  2014.3424           -5.02            1.33
  2014.3452           -4.69            1.36
  2014.3479          -15.88            1.36
  2014.3507          -11.55            1.25
  2014.3534           -9.22            1.25
  2014.3562            0.69            1.41
  2014.3589          -10.14            1.25
  2014.3617            0.66            1.27
  2014.3644           -4.36            1.38
  2014.3671           -1.75            1.50
  2014.3699          -11.05            1.38
  2014.3726          -10.75            1.41
  2014.3754           -8.82            1.28
  2014.3781           -8.25            1.41
  2014.3809           -6.39            1.27
  2014.3835          -11.34            1.26
  2014.3864          -11.60            1.47
  2014.3890          -12.75            1.42
  2014.3917           -8.56            1.41
  2014.3945           -3.38            3.67
  2014.3972           -0.70            2.62
  2014.4000           -4.95            1.36
  2014.4027           -3.78            1.30
  2014.4055           -2.68            1.31
  2014.4082            0.59            1.35
  2014.4110           -4.51            1.36
  2014.4137           -2.89            1.36
  2014.4164            0.86            1.24
  2014.4192           -2.18            1.36
  2014.4219            0.82            1.28
  2014.4247           -9.45            1.35
  2014.4274          -10.30            1.34
  2014.4302           -2.46            1.41
  2014.4329            2.37            1.48
  2014.4357           -5.64            1.43
  2014.4384           -0.56            1.39
  2014.4410            1.17            1.38
  2014.4438           -0.37            1.37
  2014.4465           -4.69            1.50
  2014.4493           -8.77            1.27
  2014.4520           -3.05            1.39
  2014.4548           -4.30            1.39
  2014.4575           -8.41            1.31
  2014.4603           -8.90            1.28
