  2008.3644            0.00            0.11
  2008.3671            0.80            0.12
  2008.3699           -2.01            0.14
  2008.3726           -1.83            0.11
  2008.3754           -1.38            0.11
  2008.3781            0.36            0.12
  2008.3809            1.67            0.12
  2008.3835           -0.45            0.11
  2008.3864            0.76            0.12
  2008.3890            0.23            0.13
  2008.3917           -0.61            0.12
  2008.3945           -0.66            0.13
  2008.3972           -0.11            0.11
  2008.4000           -0.19            0.11
  2008.4027            1.44            0.12
  2008.4055           -0.05            0.12
  2008.4082           -0.51            0.12
  2008.4110           -0.23            0.11
  2008.4137           -1.54            0.11
  2008.4164           -0.98            0.11
  2008.4192           -1.31            0.12
  2008.4219           -0.09            0.12
  2008.4247           -3.66            0.13
  2008.4274           -3.41            0.15
  2008.4302           -2.80            0.16
  2008.4329            0.18            0.14
  2008.4357            1.50            0.12
  2008.4384           -3.53            0.11
  2008.4410           -1.90            0.16
  2008.4438           -2.48            0.13
  2008.4465            0.03            0.12
  2008.4493           -0.64            0.11
  2008.4520           -0.59            0.11
  2008.4548           -6.19            0.15
  2008.4575           -0.35            0.12
  2008.4603            0.11            0.14
  2008.4630            0.97            0.13
  2008.4657            0.22            0.12
  2008.4685           -0.57            0.14
  2008.4712            0.95            0.13
  2008.4740            0.65            0.10
  2008.4767           -0.03            0.12
  2008.4795            0.15            0.11
  2008.4822            0.34            0.12
  2008.4850            0.47            0.12
  2008.4877           -0.04            0.10
  2008.4904           -2.47            0.11
  2008.4932           -0.75            0.11
  2008.4958           -0.97            0.11
  2008.4987           -0.38            0.11
  2008.5013            0.08            0.11
  2008.5042           -0.35            0.09
  2008.5068           -2.02            0.11
  2008.5096            0.27            0.11
  2008.5123           -1.99            0.11
  2008.5150           -0.50            0.11
  2008.5178           -2.30            0.11
  2008.5205           -1.35            0.10
  2008.5233           -0.34            0.11
  2008.5260            1.97            0.11
  2008.5288            0.69            0.12
  2008.5315           -1.22            0.11
  2008.5343            1.91            0.12
  2008.5370            3.21            0.12
  2008.5397            1.03            0.12
  2008.5425            1.74            0.11
  2008.5452            0.10            0.12
  2008.5480            1.40            0.12
  2008.5507            2.50            0.12
  2008.5535            1.93            0.11
  2008.5562            0.63            0.13
  2008.5590            1.33            0.12
  2008.5616            1.47            0.12
  2008.5643            0.79            0.12
  2008.5671            0.90            0.12
  2008.5698           -0.14            0.11
  2008.5726            0.56            0.11
  2008.5753            0.77            0.11
  2008.5781            0.95            0.12
  2008.5808            0.29            0.11
  2008.5836            0.33            0.11
  2008.5890            1.55            0.11
  2008.5918            0.02            0.10
  2008.5945           -0.39            0.12
  2008.5973            2.00            0.12
  2008.6000           -0.70            0.12
  2008.6028            2.25            0.12
  2008.6055            1.77            0.11
  2008.6083            0.59            0.12
  2008.6110           -1.64            0.12
  2008.6136            1.11            0.04
  2008.6165           -0.66            0.14
  2008.6191            1.01            0.12
  2008.6219            2.43            0.14
  2008.6246           -0.61            0.14
  2008.6274            0.98            0.15
  2008.6301            1.18            0.13
  2008.6329            0.21            0.12
  2008.6356            2.03            0.13
  2008.6383            1.37            0.14
  2008.6411            1.79            0.13
  2008.6438            0.28            0.12
  2008.6466            1.62            0.13
  2008.6493            1.54            0.12
  2008.6521            2.64            0.14
  2008.6548           -0.38            0.14
  2008.6576            3.63            0.15
  2008.6603            0.96            0.14
  2008.6630            3.18            0.14
  2008.6658            2.43            0.14
  2008.6685            2.00            0.14
  2008.6713            1.98            0.14
  2008.6740            1.62            0.15
  2008.6768            3.26            0.14
  2008.6794            3.73            0.13
  2008.6823            3.66            0.16
  2008.6849            2.47            0.13
  2008.6876           -8.80            0.14
  2008.6904           -7.57            0.14
  2008.6931           -8.71            0.14
  2008.6959           -8.02            0.15
  2008.6986           -7.04            0.14
  2008.7014           -6.26            0.12
  2008.7041           -6.94            0.14
  2008.7069            4.89            0.14
  2008.7096            3.30            0.15
  2008.7123            4.80            0.16
  2008.7151            4.84            0.14
  2008.7178            5.81            0.14
  2008.7206            3.62            0.14
  2008.7233            4.68            0.15
  2008.7261            3.88            0.14
  2008.7288            4.03            0.14
  2008.7316            5.61            0.14
  2008.7343            3.03            0.13
  2008.7369            4.86            0.14
  2008.7397            5.01            0.15
  2008.7424            3.88            0.14
  2008.7452            4.38            0.14
  2008.7479            4.27            0.14
  2008.7507            4.08            0.14
  2008.7534            3.48            0.15
  2008.7561            3.62            0.15
  2008.7589            5.08            0.14
  2008.7616            5.70            0.14
  2008.7644            4.67            0.15
  2008.7671            4.35            0.15
  2008.7699            5.91            0.16
  2008.7726            5.12            0.14
  2008.7754            5.33            0.14
  2008.7781            7.53            0.15
  2008.7808            3.85            0.15
  2008.7836            3.73            0.34
  2008.7863            4.66            0.14
  2008.7891            5.43            0.14
  2008.7917            7.96            0.15
  2008.7946            5.40            0.15
  2008.7972            5.44            0.14
  2008.8000            5.27            0.14
  2008.8027            4.96            0.14
  2008.8054            4.31            0.13
  2008.8082            4.52            0.14
  2008.8109            5.67            0.14
  2008.8137            6.11            0.14
  2008.8164            5.95            0.14
  2008.8192            6.57            0.14
  2008.8219            5.59            0.13
  2008.8247            6.77            0.13
  2008.8274            5.69            0.15
  2008.8301            5.81            0.13
  2008.8329            6.40            0.14
  2008.8356            7.83            0.14
  2008.8384            6.64            0.13
  2008.8411            6.78            0.13
  2008.8439            6.12            0.14
  2008.8466            6.77            0.14
  2008.8494            6.14            0.13
  2008.8521            6.06            0.13
  2008.8547            4.62            0.13
  2008.8575            5.73            0.14
  2008.8602            7.55            0.14
  2008.8630            7.33            0.14
  2008.8657            7.54            0.14
  2008.8685            7.34            0.13
  2008.8712            7.55            0.14
  2008.8740            6.99            0.13
  2008.8767            5.63            0.15
  2008.8794            9.96            0.13
  2008.8822            8.63            0.14
  2008.8849            9.27            0.13
  2008.8877           10.13            0.13
  2008.8904           10.96            0.13
  2008.8932           10.83            0.14
  2008.8959            8.50            0.14
  2008.8987            8.97            0.14
  2008.9014           10.49            0.14
  2008.9041            8.90            0.14
  2008.9069            9.51            0.13
  2008.9095            8.62            0.15
  2008.9124            7.12            0.15
  2008.9150            9.46            0.14
  2008.9178            9.72            0.14
  2008.9205            8.93            0.13
  2008.9233           10.23            0.12
  2008.9260            9.88            0.13
  2008.9287            9.99            0.13
  2008.9315            9.24            0.12
  2008.9342            8.86            0.13
  2008.9370            9.68            0.14
  2008.9397            9.19            0.13
  2008.9425            7.79            0.15
  2008.9452           10.27            0.13
  2008.9480           10.95            0.12
  2008.9507            8.84            0.13
  2008.9534            9.51            0.14
  2008.9562           10.78            0.13
  2008.9589           10.24            0.14
  2008.9617           10.87            0.13
  2008.9644           10.86            0.14
  2008.9672           10.26            0.13
  2008.9698            9.08            0.13
  2008.9727            9.59            0.13
  2008.9753           11.33            0.13
  2008.9780           12.59            0.12
  2008.9808           10.91            0.12
  2008.9835           10.89            0.13
  2008.9863           12.77            0.13
  2008.9890           12.07            0.13
  2008.9918           13.72            0.13
  2008.9945           12.27            0.14
  2008.9973           10.11            0.13
  2009.0000           14.79            0.13
  2009.0027           14.11            0.12
  2009.0027           14.84            0.12
  2009.0082           13.47            0.14
  2009.0110           12.79            0.14
  2009.0137           14.68            0.12
  2009.0192           12.12            0.12
  2009.0220           13.17            0.14
  2009.0247           13.18            0.11
  2009.0273           12.73            0.12
  2009.0302           13.45            0.11
  2009.0328           15.61            0.14
  2009.0383           12.59            0.13
  2009.0411           13.42            0.12
  2009.0438           13.95            0.14
  2009.0493           13.09            0.13
  2009.0520           18.17            0.10
  2009.0575           12.57            0.09
  2009.0603           13.44            0.14
  2009.0630           13.43            0.14
  2009.0685           14.55            0.13
  2009.0713           15.03            0.13
  2009.0740           15.63            0.16
  2009.0795           16.40            0.14
  2009.0822           16.08            0.13
  2009.0876           16.10            0.13
  2009.0905           15.71            0.12
  2009.0931           16.70            0.14
  2009.0986           15.17            0.13
  2009.1013           15.68            0.14
  2009.1041           16.13            0.13
  2009.1096           16.23            0.15
  2009.1123           16.52            0.12
  2009.1178           15.51            0.09
  2009.1206           15.30            0.08
  2009.1233           15.34            0.09
  2009.1288           17.42            0.09
  2009.1315           21.84            0.20
  2009.1343           16.81            0.09
  2009.1370           18.06            0.09
  2009.1398           19.41            0.09
  2009.1425           18.67            0.09
  2009.1479           17.92            0.09
  2009.1506           16.83            0.08
  2009.1534           18.93            0.09
  2009.1589           17.77            0.09
  2009.1616           18.50            0.17
  2009.1671           17.25            0.17
  2009.1699           17.63            0.14
  2009.1726           16.96            0.13
  2009.1781           18.42            0.13
  2009.1808           16.49            0.16
  2009.1836           19.25            0.16
  2009.1891           18.78            0.12
  2009.1918           20.22            0.14
  2009.1973           19.54            0.15
  2009.2000           18.70            0.16
  2009.2028           21.79            0.12
  2009.2083           21.17            0.15
  2009.2109           20.74            0.16
  2009.2137           21.89            0.10
  2009.2192           20.70            0.15
  2009.2219           16.00            0.16
  2009.2274           17.71            0.17
  2009.2301           18.06            0.12
  2009.2329           18.60            0.14
  2009.2384           15.13            0.15
  2009.2411           16.77            0.16
  2009.2439           18.77            0.16
  2009.2466           19.86            0.16
  2009.2493           18.32            0.15
  2009.2521           16.75            0.20
  2009.2576           17.28            0.13
  2009.2603           16.01            0.30
  2009.2631           17.97            0.14
  2009.2657           17.22            0.14
  2009.2684           19.72            0.15
  2009.2712           16.92            0.14
  2009.2739           21.65            0.14
  2009.2767           19.79            0.14
  2009.2794           20.43            0.14
  2009.2822           18.23            0.14
  2009.2849           20.69            0.14
  2009.2877           20.75            0.15
  2009.2904           22.08            0.16
  2009.2931           21.23            0.15
  2009.2959           21.31            0.15
  2009.2986           18.76            0.13
  2009.3014           20.16            0.13
  2009.3069           18.91            0.14
  2009.3096           18.33            0.15
  2009.3124           20.67            0.16
  2009.3151           21.77            0.13
  2009.3177           21.21            0.14
  2009.3206           18.11            0.16
  2009.3232           21.85            0.16
  2009.3260           21.53            0.13
  2009.3315           21.93            0.15
  2009.3342           19.28            0.13
  2009.3370           19.43            0.11
  2009.3397           20.31            0.10
  2009.3424           20.79            0.09
  2009.3452           19.92            0.10
  2009.3479           20.34            0.10
  2009.3507           19.66            0.09
  2009.3534           18.28            0.16
  2009.3562           19.68            0.15
  2009.3589           21.47            0.09
  2009.3617           21.12            0.18
  2009.3644           20.84            0.09
  2009.3671           20.61            0.15
  2009.3699           20.09            0.17
  2009.3726           17.23            0.17
  2009.3754           21.09            0.14
  2009.3781           21.22            0.18
  2009.3809           21.41            0.12
  2009.3835           20.29            0.09
  2009.3864           20.96            0.11
  2009.3890           20.49            0.08
  2009.3917           19.48            0.09
  2009.3945           19.54            0.09
  2009.3972           19.12            0.10
  2009.4000           18.62            0.16
  2009.4027           21.16            0.16
  2009.4055           20.79            0.09
  2009.4082           20.05            0.11
  2009.4110           19.14            0.09
  2009.4137           21.23            0.09
  2009.4164           21.75            0.09
  2009.4192           20.13            0.08
  2009.4219           20.52            0.07
  2009.4247           20.54            0.08
  2009.4274           20.63            0.14
  2009.4302           21.67            0.08
  2009.4329           20.01            0.08
  2009.4357           20.41            0.10
  2009.4384           21.00            0.08
  2009.4410           21.29            0.08
  2009.4438           21.65            0.08
  2009.4465           19.90            0.09
  2009.4493           20.30            0.08
  2009.4520           20.37            0.09
  2009.4548           20.76            0.09
  2009.4575           20.80            0.08
  2009.4603           20.15            0.08
  2009.4630           20.80            0.08
  2009.4657           20.15            0.10
  2009.4685           21.13            0.08
  2009.4712           18.30            0.08
  2009.4740           19.96            0.13
  2009.4767           19.71            0.08
  2009.4795           19.99            0.08
  2009.4822           17.93            0.11
  2009.4850           18.99            0.10
  2009.4877           21.52            0.08
  2009.4904           22.02            0.09
  2009.4932           20.19            0.10
  2009.4958           19.88            0.08
  2009.5013           20.19            0.08
  2009.5042           20.65            0.08
  2009.5068           19.98            0.08
  2009.5123           21.04            0.18
  2009.5150           22.78            0.08
  2009.5178           21.25            0.08
  2009.5205           18.54            0.08
  2009.5233           21.42            0.07
  2009.5260           20.71            0.08
  2009.5315           22.19            0.09
  2009.5343           22.57            0.08
  2009.5370           22.42            0.17
  2009.5425           21.71            0.09
  2009.5452           23.52            0.10
  2009.5535           19.46            0.09
  2009.5562           19.75            0.14
  2009.5590           21.98            0.08
  2009.5643           19.84            0.08
  2009.5671           21.14            0.11
  2009.5698           21.57            0.08
  2009.5753           23.00            0.08
  2009.5781           22.19            0.14
  2009.5836           20.88            0.07
  2009.5863           22.28            0.07
  2009.5890           23.24            0.07
  2009.5945           23.05            0.15
  2009.5973           23.19            0.09
  2009.6000           22.94            0.08
  2009.6028           23.85            0.08
  2009.6055           22.63            0.07
  2009.6083           20.95            0.07
  2009.6136           21.00            0.08
  2009.6165           22.34            0.11
  2009.6191           23.81            0.15
  2009.6246           21.57            0.09
  2009.6274           22.69            0.08
  2009.6329           23.88            0.08
  2009.6356           22.61            0.09
  2009.6383           22.35            0.09
  2009.6438           21.44            0.10
  2009.6466           21.12            0.18
  2009.6493           22.13            0.09
  2009.6548           21.68            0.09
  2009.6576           22.29            0.11
  2009.6630           21.86            0.11
  2009.6658           23.01            0.12
  2009.6685           25.49            0.11
  2009.6740           23.17            0.14
  2009.6768           23.85            0.15
  2009.6794           21.16            0.15
  2009.6849           22.20            0.11
  2009.6876           21.73            0.09
  2009.6931           23.73            0.09
  2009.6959           24.24            0.08
  2009.6986           24.21            0.09
  2009.7041           23.96            0.09
  2009.7069           23.76            0.09
  2009.7096           22.68            0.11
  2009.7123           22.76            0.10
  2009.7151           23.41            0.11
  2009.7178           22.28            0.09
  2009.7233           23.24            0.09
  2009.7261           21.91            0.14
  2009.7288           22.44            0.09
  2009.7343           22.81            0.13
  2009.7369           22.70            0.09
  2009.7424           24.83            0.09
  2009.7452           25.44            0.10
  2009.7479           23.82            0.09
  2009.7534           23.51            0.09
  2009.7561           23.99            0.09
  2009.7589           24.13            0.11
  2009.7616           23.78            0.14
  2009.7644           25.98            0.09
  2009.7671           25.69            0.09
  2009.7699           24.67            0.10
  2009.7726           24.69            0.09
  2009.7754           23.82            0.10
  2009.7781           25.10            0.09
  2009.7808           25.63            0.09
  2009.7836           26.25            0.08
  2009.7863           23.15            0.09
  2009.7891           26.32            0.10
  2009.7917           26.66            0.09
  2009.7946           26.70            0.09
  2009.7972           27.90            0.09
  2009.8000           27.13            0.14
  2009.8027           28.33            0.09
  2009.8054           28.31            0.09
  2009.8082           27.11            0.10
  2009.8109           26.08            0.15
  2009.8137           25.05            0.11
  2009.8164           26.34            0.12
  2009.8192           29.32            0.09
  2009.8219           27.89            0.15
  2009.8247           26.02            0.12
  2009.8274           26.24            0.12
  2009.8301           28.43            0.12
  2009.8329           26.85            0.12
  2009.8356           27.89            0.13
  2009.8384           27.46            0.12
  2009.8411           26.59            0.16
  2009.8439           26.94            0.12
  2009.8466           26.17            0.10
  2009.8494           25.50            0.11
  2009.8521           28.44            0.13
  2009.8547           26.44            0.14
  2009.8575           26.21            0.09
  2009.8602           26.72            0.10
  2009.8630           26.13            0.11
  2009.8657           27.10            0.11
  2009.8685           27.28            0.10
  2009.8712           28.55            0.10
  2009.8740           27.95            0.09
  2009.8767           28.50            0.10
  2009.8794           24.97            0.11
  2009.8822           27.72            0.16
  2009.8849           27.19            0.10
  2009.8877           27.66            0.12
  2009.8904           28.70            0.11
  2009.8932           27.90            0.10
  2009.8959           26.47            0.12
  2009.8987           27.70            0.24
  2009.9014           26.21            0.13
  2009.9041           29.31            0.14
  2009.9069           28.14            0.12
  2009.9095           27.16            0.12
  2009.9124           27.61            0.19
  2009.9150           29.07            0.18
  2009.9178           28.85            0.21
  2009.9205           29.17            0.18
  2009.9233           28.46            0.12
  2009.9260           30.35            0.12
  2009.9287           28.48            0.22
  2009.9315           30.26            0.11
  2009.9342           29.75            0.12
  2009.9370           30.54            0.12
  2009.9397           30.01            0.16
  2009.9425           30.58            0.12
  2009.9452           31.40            0.18
  2009.9480           32.53            0.17
  2009.9507           30.73            0.18
  2009.9534           31.37            0.19
  2009.9562           33.52            0.23
  2009.9589           29.85            0.17
  2009.9617           31.44            0.19
  2009.9644           30.84            0.21
  2009.9672           30.67            0.20
  2009.9698           31.90            0.17
  2009.9727           30.88            0.17
  2009.9753           33.03            0.17
  2009.9780           30.81            0.20
  2009.9808           30.80            0.22
  2009.9835           32.66            0.17
  2009.9863           30.39            0.29
  2009.9890           34.19            0.17
  2009.9918           31.13            0.18
  2010.0027           33.59            0.15
  2010.0055           33.50            0.15
  2010.0082           34.10            0.20
  2010.0110           34.76            0.18
  2010.0137           33.58            0.18
  2010.0165           34.76            0.16
  2010.0192           35.14            0.16
  2010.0220           35.16            0.16
  2010.0247           35.09            0.16
  2010.0273           33.89            0.19
  2010.0302           30.73            0.17
  2010.0328           32.15            0.18
  2010.0356           33.99            0.16
  2010.0383           33.43            0.15
  2010.0411           33.86            0.17
  2010.0438           33.77            0.17
  2010.0466           34.43            0.16
  2010.0493           33.49            0.16
  2010.0520           34.22            0.19
  2010.0548           36.56            0.15
  2010.0575           34.43            0.15
  2010.0603           35.14            0.15
  2010.0630           34.49            0.14
  2010.0658           38.33            0.20
  2010.0685           37.40            0.18
  2010.0713           35.60            0.29
  2010.0740           37.65            0.17
  2010.0767           34.04            0.17
  2010.0795           34.57            0.16
  2010.0822           36.09            0.16
  2010.0850           34.51            0.16
  2010.0876           34.58            0.15
  2010.0905           37.67            0.16
  2010.0931           34.50            0.15
  2010.0959           35.65            0.17
  2010.0986           35.66            0.15
  2010.1013           35.95            0.16
  2010.1041           36.21            0.19
  2010.1068           34.85            0.14
  2010.1096           37.47            0.14
  2010.1123           36.28            0.15
  2010.1151           37.06            0.16
  2010.1178           36.63            0.14
  2010.1206           36.61            0.17
  2010.1233           29.82            0.16
  2010.1260           35.13            0.17
  2010.1288           35.57            0.17
  2010.1315           36.54            0.18
  2010.1343           37.45            0.25
  2010.1370           35.16            0.18
  2010.1398           34.71            0.14
  2010.1425           35.57            0.14
  2010.1453           35.83            0.15
  2010.1479           36.24            0.17
  2010.1506           37.71            0.16
  2010.1534           37.01            0.17
  2010.1561           35.04            0.15
  2010.1616            5.49            0.17
  2010.1644            5.38            0.22
  2010.1671            3.32            0.17
  2010.1699            2.55            0.17
  2010.1726            2.92            0.16
  2010.1753            2.78            0.17
  2010.1781           -0.02            0.16
  2010.1808           -0.20            0.15
  2010.1836           -0.13            0.17
  2010.1863            0.38            0.16
  2010.1891            0.46            0.16
  2010.1918            0.14            0.15
  2010.1946           -1.34            0.16
  2010.1973           -2.04            0.23
  2010.2000            0.52            0.17
  2010.2028            1.60            0.25
  2010.2054           -1.74            0.16
  2010.2083           -2.66            0.09
  2010.2109           -2.40            0.17
  2010.2137           -1.83            0.15
  2010.2164           -5.68            0.15
  2010.2192           -3.49            0.16
  2010.2219           -3.98            0.14
  2010.2246           -2.77            0.14
  2010.2274           -3.90            0.10
  2010.2301           -5.00            0.09
  2010.2329           -4.34            0.10
  2010.2356           -4.50            0.10
  2010.2384           -6.15            0.10
  2010.2411           -7.26            0.11
  2010.2439           -6.08            0.10
  2010.2466           -8.98            0.11
  2010.2493           -6.88            0.10
  2010.2521           -6.62            0.10
  2010.2548           -4.79            0.10
  2010.2576           -4.70            0.07
  2010.2603           -4.64            0.09
  2010.2631           -5.52            0.10
  2010.2657           -3.67            0.10
  2010.2684           -5.33            0.09
  2010.2712           -4.35            0.09
  2010.2739           -5.55            0.10
  2010.2767           -4.24            0.10
  2010.2794           -3.47            0.10
  2010.2822           -1.22            0.10
  2010.2849           -3.26            0.09
  2010.2877           -5.68            0.09
  2010.2904           -5.07            0.09
  2010.2931           -5.80            0.09
  2010.2959           -7.28            0.09
  2010.2986           -6.59            0.10
  2010.3014           -5.23            0.10
  2010.3069           -5.12            0.09
  2010.3096           -6.03            0.09
  2010.3124           -5.84            0.10
  2010.3151           -6.33            0.10
  2010.3177           -7.06            0.09
  2010.3206           -6.22            0.10
  2010.3232           -6.14            0.11
  2010.3260           -5.67            0.09
  2010.3287           -6.23            0.10
  2010.3315           -6.89            0.11
  2010.3424           -9.49            0.10
  2010.3452           -7.08            0.10
  2010.3479           -7.96            0.10
  2010.3507           -7.25            0.09
  2010.3534           -5.70            0.08
  2010.3562           -8.01            0.09
  2010.3589           -6.81            0.09
  2010.3617           -6.76            0.17
  2010.3644           -7.70            0.08
  2010.3726           -7.38            0.08
  2010.3754           -6.60            0.08
  2010.3781           -8.58            0.09
  2010.3809           -7.73            0.08
  2010.3835           -7.22            0.08
  2010.3864           -7.42            0.12
  2010.3890           -6.41            0.11
  2010.3917           -7.41            0.12
  2010.3945           -7.41            0.13
  2010.3972           -6.52            0.11
  2010.4000           -4.93            0.12
  2010.4027           -6.17            0.12
  2010.4055           -7.90            0.09
  2010.4082           -6.90            0.08
  2010.4110           -7.29            0.20
  2010.4137           -7.16            0.09
  2010.4164           -7.66            0.12
  2010.4192           -9.76            0.11
  2010.4219           -7.71            0.12
  2010.4247           -7.82            0.11
  2010.4274           -8.48            0.11
  2010.4302           -9.74            0.11
  2010.4329           -7.32            0.10
  2010.4357           -5.85            0.10
  2010.4384           -8.16            0.11
  2010.4410           -7.46            0.11
  2010.4438           -7.08            0.11
  2010.4465           -9.15            0.11
  2010.4493           -7.32            0.11
  2010.4520           -8.08            0.13
  2010.4548           -9.70            0.11
  2010.4575           -7.77            0.12
  2010.4603           -7.61            0.14
  2010.4630           -8.85            0.10
  2010.4657          -10.01            0.09
  2010.4685           -9.15            0.09
  2010.4712           -7.54            0.09
  2010.4740           -7.19            0.09
  2010.4767           -8.92            0.09
  2010.4795          -10.29            0.10
  2010.4822           -6.86            0.09
  2010.4850           -6.99            0.08
  2010.4877           -6.81            0.11
  2010.4904           -6.93            0.11
  2010.4932           -8.36            0.08
  2010.4958           -7.60            0.08
  2010.4987           -7.86            0.08
  2010.5013           -7.61            0.08
  2010.5042           -7.93            0.09
  2010.5068           -7.01            0.09
  2010.5096           -6.96            0.08
  2010.5123           -7.23            0.09
  2010.5150           -7.14            0.08
  2010.5178           -9.27            0.09
  2010.5205           -7.08            0.07
  2010.5233           -8.46            0.11
  2010.5260          -10.98            0.09
  2010.5288          -10.62            0.08
  2010.5315           -5.70            0.08
  2010.5343           -6.55            0.11
  2010.5370           -4.12            0.11
  2010.5397           -5.54            0.11
  2010.5425           -5.76            0.08
  2010.5452           -7.57            0.09
  2010.5480           -8.63            0.08
  2010.5507           -7.40            0.09
  2010.5535           -7.48            0.09
  2010.5562           -8.07            0.10
  2010.5590           -7.37            0.09
  2010.5616           -7.69            0.10
  2010.5643           -6.92            0.11
  2010.5671           -7.44            0.08
  2010.5698           -9.53            0.09
  2010.5726           -9.58            0.09
  2010.5753           -8.77            0.09
  2010.5781           -9.57            0.09
  2010.5808           -7.02            0.09
  2010.5836           -8.51            0.08
  2010.5863           -9.92            0.11
  2010.5890           -8.48            0.08
  2010.5918           -8.20            0.11
  2010.5945           -8.32            0.17
  2010.5973           -9.66            0.08
  2010.6000           -9.29            0.08
  2010.6028           -8.56            0.07
  2010.6055           -7.18            0.10
  2010.6083           -8.06            0.08
  2010.6110           -9.17            0.08
  2010.6136           -8.96            0.08
  2010.6165           -8.46            0.08
  2010.6191           -8.63            0.08
  2010.6219           -8.99            0.07
  2010.6246           -7.79            0.09
  2010.6274           -8.09            0.08
  2010.6301           -8.79            0.08
  2010.6329           -8.16            0.07
  2010.6356           -7.11            0.08
  2010.6383           -8.40            0.08
  2010.6411           -6.79            0.08
  2010.6438           -8.94            0.08
  2010.6466           -8.50            0.08
  2010.6493           -9.22            0.07
  2010.6521           -7.50            0.07
  2010.6548           -8.69            0.07
  2010.6576           -8.39            0.07
  2010.6603           -7.95            0.06
  2010.6630           -8.03            0.07
  2010.6658           -7.17            0.07
  2010.6685           -6.81            0.08
  2010.6713           -7.53            0.06
  2010.6740           -7.92            0.07
  2010.6768           -6.61            0.07
  2010.6794           -6.71            0.06
  2010.6823           -7.94            0.07
  2010.6849           -6.48            0.07
  2010.6876           -6.55            0.06
  2010.6904           -6.39            0.07
  2010.6931           -6.28            0.06
  2010.6959           -5.30            0.06
  2010.6986           -7.57            0.07
  2010.7014           -7.86            0.07
  2010.7041           -8.98            0.06
  2010.7069           -8.69            0.11
  2010.7096           -7.69            0.05
  2010.7123           -7.88            0.06
  2010.7151           -7.29            0.06
  2010.7178           -7.35            0.05
  2010.7206           -7.13            0.06
  2010.7233           -6.42            0.05
  2010.7261           -7.80            0.06
  2010.7288           -7.85            0.06
  2010.7316           -7.55            0.05
  2010.7343           -7.80            0.06
  2010.7369           -7.79            0.10
  2010.7397           -7.62            0.10
  2010.7424           -8.67            0.08
  2010.7452           -7.30            0.09
  2010.7479           -6.42            0.09
  2010.7507           -6.64            0.09
  2010.7534           -6.96            0.08
  2010.7561           -6.53            0.09
  2010.7589           -6.26            0.08
  2010.7616           -4.61            0.08
  2010.7644           -7.42            0.09
  2010.7671           -7.03            0.09
  2010.7699           -6.32            0.09
  2010.7726           -6.89            0.08
  2010.7754           -4.43            0.08
  2010.7781           -5.29            0.09
  2010.7808           -5.32            0.09
  2010.7836           -4.62            0.09
  2010.7863           -5.05            0.09
  2010.7891           -5.34            0.09
  2010.7917           -4.47            0.08
  2010.7946           -6.13            0.09
  2010.7972           -5.39            0.09
  2010.8356           -6.74            0.09
  2010.8384           -5.34            0.08
  2010.8411           -8.38            0.09
  2010.8439           -7.79            0.07
  2010.8466           -6.84            0.09
  2010.8494           -9.52            0.09
  2010.8521           -8.20            0.10
  2010.8547           -6.77            0.10
  2010.8575           -6.79            0.09
  2010.8602           -6.27            0.08
  2010.8630           -6.20            0.09
  2010.8657           -6.20            0.09
  2010.8685           -6.94            0.08
  2010.8712           -5.81            0.10
  2010.8767           -5.51            0.08
  2010.8794           -5.20            0.09
  2010.8822           -4.90            0.06
  2010.8877           -4.06            0.07
  2010.8904           -8.34            0.08
  2010.8932           -6.13            0.08
  2010.8987           -7.61            0.06
  2010.9014           -7.60            0.08
  2010.9041           -6.93            0.05
  2010.9095           -5.79            0.07
  2010.9124           -4.24            0.05
  2010.9150           -5.17            0.08
  2010.9178           -4.47            0.08
  2010.9205           -4.72            0.06
  2010.9233           -5.08            0.06
  2010.9260           -6.03            0.06
  2010.9287           -3.55            0.07
  2010.9315           -3.68            0.06
  2010.9342           -4.03            0.07
  2010.9370           -2.54            0.06
  2010.9397           -5.49            0.06
  2010.9425           -5.93            0.09
  2010.9452           -2.99            0.07
  2010.9480           -1.64            0.07
  2010.9507           -4.34            0.07
  2010.9589           -2.27            0.07
  2010.9644           -3.53            0.07
  2011.0027           -1.99            0.07
  2011.0055           -1.52            0.07
  2011.0082            0.13            0.12
  2011.0110           -1.08            0.10
  2011.0137           -1.47            0.07
  2011.0165           -0.25            0.07
  2011.0192           -0.83            0.09
  2011.0220            0.07            0.07
  2011.0247            3.96            0.09
  2011.0273            2.53            0.08
  2011.0302            2.34            0.09
  2011.0328            3.20            0.07
  2011.0356            1.07            0.07
  2011.0383            2.36            0.11
  2011.0411            3.04            0.08
  2011.0438            1.66            0.08
  2011.0466            1.78            0.08
  2011.0493            1.47            0.08
  2011.0520            2.88            0.12
  2011.0548            2.40            0.10
  2011.0575            2.09            0.08
  2011.0603            0.69            0.07
  2011.0630            0.35            0.07
  2011.0658            0.24            0.08
  2011.0685            2.35            0.08
  2011.0713            0.65            0.10
  2011.0740            1.25            0.10
  2011.0767           -0.41            0.08
  2011.0795            0.05            0.08
  2011.0822            4.51            0.07
  2011.0850            4.51            0.08
  2011.0876            3.63            0.07
  2011.0905            2.52            0.07
  2011.0931            2.93            0.11
  2011.0959            4.30            0.07
  2011.0986            3.76            0.07
  2011.1013            3.97            0.08
  2011.1041            4.53            0.08
  2011.1068            4.28            0.08
  2011.1096            5.27            0.08
  2011.1123            4.95            0.08
  2011.1151            4.58            0.08
  2011.1178            4.58            0.09
  2011.1206            3.58            0.15
  2011.1233            3.21            0.08
  2011.1260            3.00            0.09
  2011.1288            2.00            0.08
  2011.1315            3.28            0.09
  2011.1343            3.06            0.08
  2011.1370            2.38            0.08
  2011.1398            4.33            0.08
  2011.1425            2.55            0.09
  2011.1453            4.59            0.08
  2011.1479            3.14            0.12
  2011.1506            4.12            0.08
  2011.1534            4.24            0.07
  2011.1561            3.67            0.07
  2011.1589            2.93            0.07
  2011.1616            3.99            0.07
  2011.1644            4.05            0.09
  2011.1671            2.43            0.07
  2011.1699            2.74            0.07
  2011.1726            2.51            0.09
  2011.1753            2.55            0.08
  2011.1781           -0.25            0.11
  2011.1808            1.90            0.08
  2011.1836            1.20            0.07
  2011.1863           -0.16            0.08
  2011.1891           -1.81            0.09
  2011.1918            3.49            0.09
  2011.1946            0.03            0.08
  2011.1973            1.68            0.07
  2011.2000            1.39            0.09
  2011.2028            1.75            0.09
  2011.2054            0.57            0.08
  2011.2083           -0.61            0.07
  2011.2109            0.68            0.07
  2011.2137            1.83            0.07
  2011.2164            1.63            0.06
  2011.2192            2.30            0.08
  2011.2493            1.45            0.09
  2011.2521            1.94            0.09
  2011.2548           -0.58            0.07
  2011.2576           -0.12            0.07
  2011.2603           -1.08            0.12
  2011.2631           -0.05            0.08
  2011.2657            0.04            0.08
  2011.2684            0.79            0.08
  2011.2712            0.69            0.08
  2011.2739            0.48            0.08
  2011.2767            0.49            0.09
  2011.2794           -0.31            0.10
  2011.2822           -3.30            0.08
  2011.2849            0.09            0.08
  2011.2877            1.20            0.08
  2011.2904            0.48            0.08
  2011.2931            5.82            0.18
  2011.2959            6.35            0.09
  2011.2986            5.13            0.08
  2011.3014            5.63            0.08
  2011.3041            5.22            0.09
  2011.3069            3.27            0.09
  2011.3096            6.22            0.08
  2011.3124            6.73            0.08
  2011.3151            5.06            0.07
  2011.3177            6.19            0.08
  2011.3206            6.45            0.07
  2011.3232            7.01            0.08
  2011.3260            7.49            0.08
  2011.3287            8.07            0.08
  2011.3315            6.38            0.10
  2011.3342            5.00            0.07
  2011.3370            5.34            0.07
  2011.3397            6.19            0.08
  2011.3424            6.29            0.11
  2011.3452            5.52            0.11
  2011.3479            5.79            0.10
  2011.3507            7.01            0.10
  2011.3534            7.19            0.11
  2011.3562            7.00            0.12
  2011.3589            6.83            0.10
  2011.3617            7.39            0.10
  2011.3644            7.00            0.10
  2011.3671            6.66            0.10
  2011.3699            6.27            0.10
  2011.3726            6.75            0.10
  2011.3754            5.75            0.07
  2011.3781            5.45            0.07
  2011.3809            5.66            0.08
  2011.3835            6.25            0.08
  2011.3864            6.71            0.07
  2011.3890            6.47            0.10
  2011.3917            6.08            0.10
  2011.3945            6.57            0.07
  2011.4164            5.95            0.08
  2011.4192            5.38            0.10
  2011.4219            5.83            0.07
  2011.4247            6.39            0.07
  2011.4274            6.08            0.08
  2011.4302            6.54            0.08
  2011.4329            5.45            0.08
  2011.4357            2.89            0.09
  2011.4384            4.56            0.07
  2011.4410            4.90            0.08
  2011.4438            4.92            0.08
  2011.4465            4.82            0.08
  2011.4493            5.08            0.08
  2011.4520            5.76            0.07
  2011.4548            5.72            0.09
  2011.4575            5.72            0.08
  2011.4603            7.99            0.08
  2011.4630            6.17            0.08
  2011.4657            6.12            0.12
  2011.4685            5.37            0.08
  2011.4712            4.73            0.08
  2011.4740            5.43            0.08
  2011.4767            5.01            0.08
  2011.4795            5.79            0.08
  2011.4822            6.42            0.10
  2011.4850            6.61            0.08
  2011.4877            6.12            0.07
  2011.4904            6.53            0.08
  2011.4932            5.32            0.08
  2011.4958            6.65            0.08
  2012.0027           17.12            0.09
  2012.0055           17.83            0.10
  2012.0082           17.00            0.09
  2012.0110           17.60            0.10
  2012.0137           16.46            0.15
  2012.0165           16.19            0.09
  2012.0192           15.86            0.10
  2012.0220           17.07            0.10
  2012.0273           17.62            0.11
  2012.0302           18.06            0.09
  2012.0328           18.42            0.09
  2012.0356           18.93            0.10
  2012.0383           18.09            0.08
  2012.0411           17.77            0.12
  2012.0438           18.52            0.10
  2012.0466           17.22            0.11
  2012.0493           17.63            0.15
  2012.0520           18.20            0.14
  2012.0548           17.49            0.11
  2012.0603           17.95            0.17
  2012.0630           19.01            0.09
  2012.0658           18.53            0.10
  2012.0685           16.37            0.20
  2012.0713           18.65            0.20
  2012.0740           16.84            0.18
  2012.0767           13.12            0.13
  2012.0795           18.81            0.13
  2012.0822           21.42            0.15
  2012.0850           21.47            0.09
  2012.0876           24.00            0.10
  2012.0905           21.80            0.18
  2012.0931           20.01            0.14
  2012.0959           19.91            0.12
  2012.0986           19.08            0.09
  2012.1013           19.40            0.10
  2012.1041           23.91            0.15
  2012.1068           19.28            0.14
  2012.1096           18.38            0.09
  2012.1123           18.25            0.13
  2012.1151           21.07            0.09
  2012.1178           17.25            0.10
  2012.1206           17.97            0.14
  2012.1233           17.71            0.10
  2012.1260           19.07            0.13
  2012.1288           19.26            0.08
  2012.1315           16.28            0.10
  2012.1343           17.03            0.11
  2012.1370           18.40            0.12
  2012.1398           16.58            0.11
  2012.1425           18.13            0.08
  2012.1453           17.55            0.08
  2012.1479           16.44            0.10
  2012.1506           18.60            0.09
  2012.1534           17.01            0.10
  2012.1561           19.10            0.10
  2012.1589           18.32            0.15
  2012.1616           14.20            0.10
  2012.1644           19.26            0.09
  2012.1671           17.12            0.12
  2012.1699           18.07            0.08
  2012.1726           18.36            0.10
  2012.1753           13.66            0.10
  2012.1781           19.14            0.12
  2012.1808           17.88            0.11
  2012.1836           18.46            0.12
  2012.1863           19.76            0.09
  2012.1891           19.79            0.09
  2012.1918           17.13            0.11
  2012.1946           15.64            0.11
  2012.1973           18.87            0.09
  2012.2000           16.25            0.11
  2012.2028           17.76            0.11
  2012.2054           17.94            0.10
  2012.2083           16.21            0.09
  2012.2109           16.00            0.12
  2012.2137           15.56            0.09
  2012.2164           16.18            0.08
  2012.2192           17.49            0.09
  2012.2219           16.75            0.10
  2012.2246           16.11            0.10
  2012.2274           20.74            0.09
  2012.2301           18.73            0.09
  2012.2329           15.73            0.09
  2012.2356           19.21            0.09
  2012.2384           18.85            0.09
  2012.2411           16.54            0.10
  2012.2439           15.97            0.08
  2012.2466           15.69            0.10
  2012.2493           16.01            0.10
  2012.2521           15.82            0.11
  2012.2548           18.73            0.14
  2012.2576           16.30            0.09
  2012.2603           15.84            0.09
  2012.2631           16.37            0.10
  2012.2657           17.23            0.09
  2012.2684           16.74            0.10
  2012.2712           18.27            0.11
  2012.2739           19.50            0.08
  2012.2767           18.39            0.09
  2012.2794           18.97            0.08
  2012.2822           19.57            0.08
  2012.2849           18.46            0.09
  2012.2877           18.55            0.09
  2012.2904           18.77            0.12
  2012.2931           18.25            0.09
  2012.2959           18.96            0.09
  2012.2986           19.91            0.10
  2012.3014           18.68            0.09
  2012.3041           17.99            0.09
  2012.3069           19.85            0.19
  2012.3096           19.11            0.08
  2012.3124           20.01            0.09
  2012.3151           19.88            0.09
  2012.3177           18.97            0.10
  2012.3206           18.42            0.08
  2012.3232           19.75            0.10
  2012.3260           20.75            0.08
  2012.3287           18.39            0.08
  2012.3315           16.64            0.09
  2012.3342           16.75            0.09
  2012.3370           15.81            0.08
  2012.3397           15.84            0.08
  2012.3424           16.82            0.08
  2012.3452           17.63            0.08
  2012.3479           22.48            0.09
  2012.3507           18.77            0.09
  2012.3534           19.29            0.08
  2012.3562           19.11            0.08
  2012.3589           17.83            0.09
  2012.3617           19.62            0.09
  2012.3644           19.07            0.09
  2012.3671           17.81            0.09
  2012.3699           18.86            0.08
  2012.3726           17.93            0.08
  2012.3754           17.32            0.09
  2012.3781           16.25            0.09
  2012.3809           17.83            0.09
  2012.3835           16.25            0.09
  2012.3864           17.85            0.08
  2012.3890           17.85            0.09
  2012.3917           18.82            0.09
  2012.3945           19.15            0.09
  2012.3972           18.52            0.08
  2012.4000           18.42            0.09
  2012.4027           18.24            0.09
  2012.4055           17.64            0.09
  2012.4110           15.95            0.09
  2012.4137           18.61            0.09
  2012.4164           18.78            0.08
  2012.4192           16.28            0.09
  2012.4219           16.17            0.09
  2012.4247           18.88            0.09
  2012.4274           19.50            0.09
  2012.4302           17.56            0.08
  2012.4329           19.32            0.08
  2012.4357           19.38            0.08
  2012.4384           19.89            0.08
  2012.4410           18.37            0.10
  2012.4438           18.57            0.08
  2012.4465           18.71            0.09
  2012.4493           17.90            0.09
  2012.4520           18.23            0.10
  2012.4548           18.64            0.13
  2012.4575           20.00            0.08
  2012.4603           19.53            0.08
  2012.4630           19.14            0.09
  2012.4657           19.03            0.08
  2012.4685           18.33            0.12
  2012.4712           18.77            0.10
  2012.4740           17.43            0.09
  2012.4767           15.02            0.08
  2012.4795           15.61            0.08
  2012.4822           17.90            0.08
  2012.4850           18.23            0.08
  2012.4877           18.87            0.13
  2012.4904           18.57            0.08
  2012.4932           17.72            0.09
  2012.4958           17.14            0.08
  2012.4987           18.09            0.09
  2012.5013           16.75            0.09
  2012.5042           17.13            0.09
  2012.5068           16.67            0.09
  2012.5096           16.37            0.09
  2012.5123           18.50            0.10
  2012.5150           19.30            0.08
  2012.5178           16.13            0.09
  2012.5205           18.34            0.09
  2012.5233           18.24            0.09
  2012.5260           18.91            0.09
  2012.5288           16.82            0.09
  2012.5315           16.28            0.12
  2012.5343           18.82            0.08
  2012.5370           20.89            0.09
  2012.5397           19.89            0.09
  2012.5425           19.47            0.09
  2012.5452           19.18            0.09
  2012.5480           18.85            0.10
  2012.5507           19.90            0.10
  2012.5535           16.79            0.08
  2012.5562           19.17            0.09
  2012.5590           17.61            0.08
  2012.5616           17.86            0.08
  2012.5643           18.82            0.08
  2012.5671           18.09            0.09
  2012.5698           17.66            0.08
  2012.5726           18.83            0.09
  2012.5753           16.32            0.08
  2012.5781           19.13            0.10
  2012.5808           18.97            0.12
  2012.5836           19.46            0.09
  2012.5863           18.86            0.09
  2012.5890           21.24            0.09
  2012.5918           19.29            0.09
  2012.5945           21.72            0.09
  2012.5973           20.46            0.14
  2012.6000           18.23            0.09
  2012.6028           19.11            0.09
  2012.6055           18.92            0.09
  2012.6083           19.28            0.10
  2012.6110           19.19            0.08
  2012.6136           19.22            0.10
  2012.6165           17.28            0.09
  2012.6191           19.90            0.09
  2012.6219           19.38            0.10
  2012.6246           19.07            0.10
  2012.6274           19.06            0.10
  2012.6301           20.10            0.10
  2012.6329           18.44            0.10
  2012.6356           20.09            0.09
  2012.6383           19.04            0.09
  2012.6411           18.83            0.08
  2012.6438           20.67            0.10
  2012.6466           20.36            0.09
  2012.6493           20.42            0.10
  2012.6521           21.67            0.09
  2012.6548           21.02            0.09
  2012.6576           20.36            0.08
  2012.6603           23.59            0.12
  2012.6630           20.10            0.09
  2012.6658           19.57            0.09
  2012.6685           16.43            0.08
  2012.6713           17.33            0.09
  2012.6740           19.42            0.10
  2012.6768           19.70            0.10
  2012.6794           19.75            0.10
  2012.6823           22.33            0.10
  2012.6849           19.75            0.11
  2012.6876           20.83            0.10
  2012.6904           20.10            0.09
  2012.6931           21.24            0.10
  2012.6959           20.71            0.09
  2012.6986           21.12            0.13
  2012.7014           20.09            0.09
  2012.7041           20.49            0.10
  2012.7069           18.70            0.09
  2012.7096           17.89            0.10
  2012.7123           20.15            0.10
  2012.7151           21.43            0.10
  2012.7178           20.65            0.10
  2012.7206           19.43            0.09
  2012.7233           18.19            0.20
  2012.7261           19.24            0.10
  2012.7288           20.87            0.10
  2012.7316           22.08            0.09
  2012.7343           21.92            0.12
  2012.7369           24.15            0.11
  2012.7397           23.57            0.11
  2012.7424           23.29            0.11
  2012.7452           22.71            0.14
  2012.7479           21.25            0.11
  2012.7507           21.64            0.11
  2012.7534           22.97            0.14
  2012.7561           21.31            0.10
  2012.7589           21.86            0.10
  2012.7616           20.77            0.10
  2012.7644           22.51            0.09
  2012.7671           22.06            0.12
  2012.7699           24.85            0.11
  2012.7726           23.89            0.11
  2012.7754           24.19            0.12
  2012.7781           24.79            0.10
  2012.7808           24.33            0.11
  2012.7836           23.94            0.11
  2012.7863           23.12            0.10
  2012.7891           22.83            0.12
  2012.7917           22.71            0.12
  2012.7946           22.18            0.12
  2012.7972           23.08            0.11
  2012.8000           22.56            0.10
  2012.8027           22.74            0.12
  2012.8054           21.61            0.12
  2012.8082           25.27            0.16
  2012.8109           24.70            0.12
  2012.8137           25.36            0.13
  2012.8164           25.22            0.11
  2012.8192           24.83            0.11
  2012.8219           21.40            0.13
  2012.8247           26.01            0.12
  2012.8274           25.43            0.11
  2012.8301           25.67            0.13
  2012.8329           25.82            0.12
  2012.8356           23.65            0.10
  2012.8384           26.20            0.10
  2012.8411           25.78            0.09
  2012.8439           25.19            0.12
  2012.8466           27.70            0.10
  2012.8494           27.75            0.16
  2012.8521           27.80            0.11
  2012.8547           26.92            0.11
  2012.8575           25.69            0.11
  2012.8602           26.74            0.12
  2012.8630           29.04            0.12
  2012.8657           26.62            0.10
  2012.8685           27.63            0.11
  2012.8712           26.62            0.14
  2012.8740           28.37            0.11
  2012.8767           27.79            0.15
  2012.8794           28.81            0.15
  2012.8822           26.70            0.11
  2012.8849           27.51            0.11
  2012.8877           27.19            0.10
  2012.8904           27.94            0.10
  2012.8932           30.59            0.17
  2012.8959           27.73            0.11
  2012.8987           28.36            0.12
  2012.9014           26.64            0.11
  2012.9041           30.31            0.45
  2012.9069           30.58            0.16
  2012.9095           29.93            0.11
  2012.9124           31.24            0.16
  2012.9150           29.68            0.16
  2012.9178           28.85            0.11
  2012.9205           30.02            0.11
  2012.9233           26.38            0.16
  2012.9260           26.24            0.12
  2012.9287           29.61            0.11
  2012.9315           28.96            0.11
  2012.9342           30.27            0.14
  2012.9370           30.29            0.13
  2012.9397           31.27            0.11
  2012.9425           30.28            0.10
  2012.9452           31.42            0.11
  2012.9480           30.52            0.11
  2012.9507           29.66            0.11
  2012.9534           30.82            0.11
  2012.9562           28.57            0.11
  2012.9589           29.10            0.12
  2012.9617           27.78            0.11
  2012.9644           31.62            0.10
  2012.9672           28.51            0.20
  2012.9698           27.52            0.12
  2012.9727           27.58            0.11
  2012.9753           32.10            0.15
  2012.9780           31.23            0.15
  2012.9808           30.18            0.11
  2012.9835           27.84            0.15
  2012.9863           31.48            0.12
  2012.9890           32.38            0.11
  2012.9918           33.60            0.10
  2012.9945           31.65            0.11
  2012.9973           31.95            0.11
  2013.0000           31.97            0.12
  2013.0027           35.58            0.13
  2013.0027           31.96            0.08
  2013.0055           31.37            0.09
  2013.0082           30.36            0.09
  2013.0110           30.24            0.09
  2013.0137           29.53            0.10
  2013.0165           31.16            0.10
  2013.0192           29.53            0.10
  2013.0220           33.82            0.09
  2013.0247           32.55            0.11
  2013.0273           33.53            0.10
  2013.0302           32.75            0.09
  2013.0328           32.28            0.09
  2013.0356           32.19            0.09
  2013.0383           33.15            0.09
  2013.0411           31.50            0.10
  2013.0438           32.82            0.11
  2013.0466           32.08            0.11
  2013.0493           31.15            0.09
  2013.0520           32.74            0.09
  2013.0548           32.56            0.09
  2013.0575           34.29            0.09
  2013.0603           33.70            0.10
  2013.0630           34.01            0.11
  2013.0658           34.49            0.09
  2013.0685           34.54            0.10
  2013.0713           34.49            0.08
  2013.0740           31.67            0.08
  2013.0767           32.24            0.10
  2013.0795           31.44            0.10
  2013.0822           32.90            0.09
  2013.0850           31.98            0.09
  2013.0876           30.07            0.09
  2013.0905           33.23            0.10
  2013.0931           32.89            0.09
  2013.0959           34.06            0.09
  2013.0986           33.50            0.08
  2013.1013           33.85            0.10
  2013.1041           32.05            0.08
  2013.1068           32.16            0.10
  2013.1096           31.30            0.09
  2013.1123           33.53            0.10
  2013.1151           29.41            0.10
  2013.1178           32.78            0.10
  2013.1206           31.25            0.09
  2013.1233           31.84            0.12
  2013.1260           28.15            0.09
  2013.1288           30.41            0.10
  2013.1315           32.42            0.09
  2013.1343           32.95            0.08
  2013.1370           33.98            0.09
  2013.1398           34.29            0.10
  2013.1425           34.09            0.10
  2013.1453           31.39            0.09
  2013.1479           29.64            0.09
  2013.1506           31.21            0.09
  2013.1534           32.36            0.08
  2013.1561           33.30            0.10
  2013.1589           33.85            0.08
  2013.1616           33.93            0.09
  2013.1644           33.30            0.09
  2013.1671           32.87            0.08
  2013.1699           32.79            0.08
  2013.1726           32.37            0.08
  2013.1753           29.86            0.11
  2013.1781           28.94            0.09
  2013.1808           32.54            0.10
  2013.1863           27.86            0.10
  2013.1918           29.48            0.10
  2013.2000           32.21            0.09
  2013.2028           31.15            0.09
  2013.2054           29.81            0.09
  2013.2083           33.24            0.09
  2013.2109           32.32            0.09
  2013.2164           30.92            0.10
  2013.2192           30.07            0.09
  2013.2219           31.91            0.09
  2013.2246           31.05            0.11
  2013.2274           29.22            0.10
  2013.2301           32.74            0.10
  2013.2329           31.27            0.09
  2013.2356           31.75            0.09
  2013.2384           32.09            0.08
  2013.2411           32.84            0.09
  2013.2439           31.58            0.09
  2013.2466           31.98            0.09
  2013.2493           32.09            0.09
  2013.2548           31.14            0.08
  2013.2576           31.17            0.09
  2013.2603           30.10            0.09
  2013.2631           31.50            0.09
  2013.2657           30.48            0.24
  2013.2684           30.94            0.10
  2013.2712           30.10            0.11
  2013.2794           31.39            0.10
  2013.2822           31.20            0.09
  2013.2849           34.12            0.08
  2013.2877           31.57            0.08
  2013.2904           31.85            0.08
  2013.2931           32.93            0.08
  2013.2959           31.59            0.09
  2013.2986           31.00            0.09
  2013.3014           33.02            0.09
  2013.3041           29.65            0.09
  2013.3069           31.28            0.08
  2013.3096           32.01            0.09
  2013.3124           30.76            0.10
  2013.3151           31.16            0.08
  2013.3177           28.62            0.09
  2013.3206           31.88            0.09
  2013.3232           31.53            0.09
  2013.3260           30.27            0.09
  2013.3287           27.77            0.08
  2013.3315           28.59            0.08
  2013.3342           28.54            0.09
  2013.3370           30.16            0.10
  2013.3397           29.10            0.09
  2013.3424           31.57            0.08
  2013.3452           27.33            0.10
  2013.3479           32.56            0.08
  2013.3562           28.44            0.12
  2013.3589           27.60            0.08
  2013.3617           29.51            0.17
  2013.3644           29.26            0.09
  2013.3671           30.15            0.09
  2013.3699           32.15            0.09
  2013.3726           33.74            0.08
  2013.3754           32.97            0.08
  2013.3781           32.37            0.09
  2013.3809           31.44            0.13
  2013.3835           32.08            0.07
  2013.3864           31.05            0.07
  2013.3890           31.54            0.07
  2013.3917           29.76            0.08
  2013.3945           32.16            0.08
  2013.4000           29.57            0.09
  2013.4027           30.49            0.09
  2013.4055           29.99            0.09
  2013.4082           32.41            0.08
  2013.4110           32.32            0.08
  2013.4137           31.21            0.09
  2013.4164           31.53            0.09
  2013.4192           31.12            0.08
  2013.4219           33.91            0.08
  2013.4247           27.53            0.09
  2013.4274           32.11            0.10
  2013.4302           34.20            0.08
  2013.4329           33.16            0.09
  2013.4357           36.12            0.09
  2013.4384           34.97            0.08
  2013.4410           35.44            0.09
  2013.4438           34.04            0.08
  2013.4465           34.35            0.08
  2013.4493           34.56            0.08
  2013.4520           37.11            0.09
  2013.4548           32.93            0.09
  2013.4575           34.00            0.08
  2013.4603           32.04            0.07
  2013.4630           33.59            0.08
  2013.4657           33.56            0.08
  2013.4685           35.06            0.08
  2013.4712           32.61            0.08
  2013.4740           37.10            0.08
  2013.4767           37.20            0.08
  2013.4795           36.40            0.08
  2013.4822           35.46            0.08
  2013.4850           33.80            0.09
  2013.4877           34.31            0.09
  2013.4904           33.30            0.08
  2013.4932           34.72            0.10
  2013.4958           33.56            0.09
  2013.4987           33.40            0.08
  2013.5013           33.12            0.08
  2013.5042           32.72            0.08
  2013.5068           33.62            0.08
  2013.5096           34.74            0.09
  2013.5123           35.60            0.08
  2013.5150           36.02            0.08
  2013.5178           33.47            0.08
  2013.5205           31.99            0.08
  2013.5233           31.84            0.08
  2013.5260           33.45            0.08
  2013.5288           33.25            0.08
  2013.5315           33.60            0.08
  2013.5343           33.11            0.08
  2013.5370           33.20            0.09
  2013.5397           32.32            0.07
  2013.5425           33.95            0.08
  2013.5452           36.94            0.09
  2013.5480           38.06            0.08
  2013.5507           34.10            0.06
  2013.5535           38.96            0.08
  2013.5562           37.73            0.07
  2013.5590           36.52            0.08
  2013.5616           36.23            0.07
  2013.5643           36.94            0.10
  2013.5671           37.76            0.08
  2013.5698           36.26            0.08
  2013.5726           35.54            0.08
  2013.5753           35.49            0.07
  2013.5781           36.49            0.08
  2013.5808           33.98            0.08
  2013.5836           35.74            0.08
  2013.5863           36.85            0.08
  2013.5890           32.81            0.08
  2013.5918           33.61            0.10
  2013.5945           34.38            0.08
  2013.5973           32.85            0.08
  2013.6000           33.34            0.09
  2013.6028           35.61            0.08
  2013.6055           36.17            0.08
  2013.6083           31.92            0.08
  2013.6110           31.42            0.08
  2013.6136           32.10            0.08
  2013.6165           34.52            0.08
  2013.6191           34.84            0.08
  2013.6219           31.26            0.08
  2013.6246           33.24            0.08
  2013.6274           34.75            0.07
  2013.6301           33.50            0.08
  2013.6329           30.87            0.08
  2013.6356           32.37            0.08
  2013.6383           31.83            0.08
  2013.6411           33.62            0.08
  2013.6438           36.30            0.09
  2013.6466           36.73            0.08
  2013.6493           36.61            0.09
  2013.6521           35.90            0.08
  2013.6548           32.60            0.08
  2013.6576           33.57            0.08
  2013.6603           33.89            0.08
  2013.6630           33.87            0.08
  2013.6658           32.72            0.12
  2013.6685           31.95            0.08
  2013.6713           33.03            0.08
  2013.6740           34.60            0.09
  2013.6768           32.54            0.09
  2013.6794           32.74            0.10
  2013.6823           31.96            0.09
  2013.6849           33.62            0.10
  2013.6876           35.28            0.10
  2013.6904           33.00            0.10
  2013.6931           34.51            0.10
  2013.6959           34.83            0.09
  2013.6986           34.80            0.10
  2013.7014           37.10            0.10
  2013.7041           39.19            0.08
  2013.7069           39.02            0.08
  2013.7096           37.58            0.08
  2013.7123           40.00            0.09
  2013.7151           39.72            0.09
  2013.7178           38.62            0.09
  2013.7206           35.76            0.09
  2013.7233           35.64            0.10
  2013.7261           38.33            0.09
  2013.7288           41.71            0.11
  2013.7316           40.81            0.08
  2013.7343           39.57            0.08
  2013.7369           39.84            0.11
  2013.7397           39.20            0.09
  2013.7424           39.00            0.10
  2013.7561           37.84            0.09
  2013.7589           37.43            0.09
  2013.7616           41.07            0.11
  2013.7644           42.20            0.10
  2013.7671           41.29            0.12
  2013.7699           36.95            0.10
  2013.7726           39.83            0.10
  2013.7754           37.34            0.15
  2013.7781           39.37            0.12
  2013.7808           40.02            0.11
  2013.7836           40.79            0.11
  2013.7863           37.17            0.11
  2013.7891           38.63            0.10
  2013.7917           41.78            0.11
  2013.7946           39.51            0.11
  2013.7972           41.14            0.11
  2013.8000           35.00            0.11
  2013.8027           37.32            0.10
  2013.8054           40.56            0.11
  2013.8082           37.12            0.12
  2013.8109           41.70            0.10
  2013.8137           40.16            0.89
  2013.8164           41.65            0.10
  2013.8192           42.71            0.10
  2013.8219           43.75            0.11
  2013.8247           42.64            0.11
  2013.8274           41.67            0.12
  2013.8301           43.09            0.10
  2013.8329           40.96            0.11
  2013.8356           40.16            0.11
  2013.8384           41.53            0.10
  2013.8411           44.46            0.10
  2013.8439           42.54            0.10
  2013.8466           44.35            0.09
  2013.8494           41.95            0.11
  2013.8521           42.45            0.10
  2013.8547           40.65            0.11
  2013.8575           40.37            0.10
  2013.8602           44.36            0.12
  2013.8630           42.78            0.11
  2013.8657           41.82            0.11
  2013.8685           44.53            0.10
  2013.8712           42.49            0.11
  2013.8740           44.01            0.11
  2013.8767           45.19            0.10
  2013.8794           45.36            0.10
  2013.8822           46.71            0.10
  2013.8849           45.60            0.10
  2013.8877           44.18            0.11
  2013.8904           45.42            0.10
  2013.8932           47.82            0.11
  2013.8959           42.09            0.12
  2013.8987           44.39            0.12
  2013.9014           48.80            0.11
  2013.9041           47.61            0.10
  2013.9069           45.60            0.21
  2013.9095           46.81            0.19
  2013.9124           47.23            0.09
  2013.9150           47.23            0.10
  2013.9178           48.09            0.10
  2013.9205           48.58            0.10
  2013.9233           42.83            0.12
  2013.9260           48.63            0.10
  2013.9287           47.85            0.10
  2013.9315           48.40            0.10
  2013.9342           48.17            0.10
  2013.9370           48.59            0.11
  2013.9397           48.27            0.11
  2013.9425           48.31            0.10
  2013.9452           48.06            0.11
  2013.9480           51.38            0.11
  2013.9507           49.84            0.10
  2013.9534           48.87            0.14
  2013.9562           48.04            0.11
  2013.9589           47.78            0.12
  2013.9617           47.17            0.11
  2013.9644           46.80            0.11
  2013.9672           47.64            0.11
  2013.9698           46.75            0.10
  2013.9727           47.83            0.11
  2013.9753           49.41            0.11
  2014.0027           47.67            0.11
  2014.0055           47.94            0.14
  2014.0082           50.02            0.10
  2014.0110           51.02            0.11
  2014.0137           51.09            0.10
  2014.0165           50.13            0.11
  2014.0192           50.61            0.11
  2014.0220           50.91            0.11
  2014.0247           49.84            0.11
  2014.0273           51.36            0.12
  2014.0302           51.83            0.11
  2014.0328           50.25            0.12
  2014.0356           48.39            0.10
  2014.0383           48.32            0.13
  2014.0411           49.32            0.11
  2014.0438           50.14            0.12
  2014.0466           48.96            0.10
  2014.0493           49.96            0.10
  2014.0548           49.20            0.10
  2014.0575           45.03            0.12
  2014.0603           44.74            0.11
  2014.0630           44.29            0.14
  2014.0658           48.34            0.12
  2014.0685           52.31            0.13
  2014.0713           51.33            0.11
  2014.0740           50.10            0.11
  2014.0767           49.72            0.11
  2014.0795           50.25            0.11
  2014.0822           45.90            0.13
  2014.0850           48.21            0.13
  2014.0876           46.91            0.13
  2014.0905           44.85            0.12
  2014.0931           47.42            0.11
  2014.0959           49.29            0.11
  2014.0986           46.51            0.12
  2014.1013           50.02            0.12
  2014.1041           46.59            0.12
  2014.1068           50.74            0.10
  2014.1096           51.61            0.12
  2014.1123           50.48            0.11
  2014.1151           49.52            0.11
  2014.1178           50.68            0.11
  2014.1206           53.80            0.10
  2014.1233           50.31            0.12
  2014.1260           51.21            0.12
  2014.1288           49.39            0.11
  2014.1315           50.64            0.11
  2014.1343           51.42            0.11
  2014.1370           50.70            0.12
  2014.1398           48.54            0.11
  2014.1425           48.93            0.13
  2014.1453           54.63            0.13
  2014.1479           50.51            0.11
  2014.1506           53.24            0.10
  2014.1534           51.03            0.11
  2014.1561           52.85            0.11
  2014.1589           50.82            0.11
  2014.1616           50.38            0.09
  2014.1644           51.76            0.09
  2014.1671           50.90            0.12
  2014.1699           54.84            0.38
  2014.1726           46.08            0.14
  2014.1753           48.47            0.12
  2014.1781           49.27            0.12
  2014.1808           50.43            0.10
  2014.1836           49.57            0.15
  2014.1863           49.05            0.11
  2014.1891           47.43            0.11
  2014.1918           45.10            0.12
  2014.1946           47.39            0.11
  2014.1973           50.96            0.13
  2014.2000           47.12            0.09
  2014.2028           47.30            0.10
  2014.2054           46.09            0.10
  2014.2083           46.90            0.12
  2014.2109           49.32            0.11
  2014.2137           49.24            0.10
  2014.2164           51.41            0.12
  2014.2192           46.95            0.09
  2014.2219           50.92            0.10
  2014.2246           50.80            0.09
  2014.2274           49.68            0.10
  2014.2301           51.44            0.12
  2014.2329           52.11            0.11
  2014.2356           50.44            0.11
  2014.2384           45.29            0.12
  2014.2411           43.46            0.10
  2014.2439           43.18            0.14
  2014.2466           46.00            0.13
  2014.2493           49.68            0.10
  2014.2521           50.57            0.09
  2014.2548           49.90            0.10
  2014.2576           49.36            0.10
  2014.2603           49.41            0.10
  2014.2631           48.47            0.10
  2014.2657           49.24            0.11
  2014.2684           47.86            0.12
  2014.2712           45.01            0.10
  2014.2739           47.47            0.11
  2014.2767           45.88            0.11
  2014.2794           49.32            0.12
  2014.2822           51.19            0.09
  2014.2849           50.44            0.09
  2014.2877           49.41            0.10
  2014.2904           45.72            0.10
  2014.2931           48.53            0.09
  2014.2959           47.13            0.09
  2014.2986           49.65            0.09
  2014.3014           50.09            0.09
  2014.3041           48.48            0.09
  2014.3069           47.48            0.09
  2014.3096           49.42            0.09
  2014.3124           49.52            0.11
  2014.3151           49.72            0.09
  2014.3177           45.53            0.09
  2014.3206           48.51            0.07
  2014.3232           51.93            0.10
  2014.3260           52.66            0.10
  2014.3287           48.73            0.10
  2014.3315           48.52            0.10
  2014.3342           50.83            0.08
  2014.3370           48.87            0.09
  2014.3397           46.37            0.09
  2014.3424           54.43            0.08
  2014.3452           48.21            0.09
  2014.3479           46.84            0.09
  2014.3507           49.89            0.09
  2014.3534           47.65            0.09
  2014.3562           49.65            0.09
  2014.3589           52.61            0.10
  2014.3617           49.13            0.09
  2014.3644           47.06            0.08
  2014.3671           47.03            0.10
  2014.3699           49.63            0.09
  2014.3726           49.56            0.10
  2014.3754           53.20            0.09
  2014.3781           49.50            0.10
  2014.3809           49.09            0.08
  2014.3835           48.96            0.10
  2014.3864           49.29            0.10
  2014.3890           50.59           12.94
  2014.3917           52.91            0.10
  2014.3945           53.13            0.09
  2014.3972           48.05            0.09
  2014.4000           47.52            0.09
  2014.4027           50.59            0.09
  2014.4055           52.49            0.10
  2014.4082           48.46            0.10
  2014.4110           50.43            0.09
  2014.4137           50.21            0.09
  2014.4164           51.27            0.10
  2014.4192           50.69            0.09
  2014.4219           49.86            0.10
  2014.4247           48.48            0.10
  2014.4274           50.41            0.11
  2014.4302           48.60            0.10
  2014.4329           50.29            0.11
  2014.4357           50.01            0.10
  2014.4384           49.09            0.10
  2014.4410           49.98            0.10
  2014.4438           50.63            0.09
  2014.4465           51.98            0.11
  2014.4493           52.29            0.10
  2014.4520           49.99            0.10
  2014.4548           47.66            0.10
  2014.4575           49.44            0.09
  2014.4603           52.88            0.09
