  2010.2411            0.00            3.34
  2010.2439            0.33            0.99
  2010.2466           -6.35            1.07
  2010.2493           -2.97            1.01
  2010.2521           -2.19            1.01
  2010.2548           -5.78            0.95
  2010.2576           -5.63            0.67
  2010.2603           -7.47            0.93
  2010.2631           -8.64            1.02
  2010.2657           -9.57            1.00
  2010.2684          -12.43            1.11
  2010.2904          -22.53            6.46
  2010.2931          -24.10            1.00
  2010.2959          -26.64            1.03
  2010.2986          -26.43            0.99
  2010.3014          -26.28            0.96
  2010.3069          -27.47            0.96
  2010.3096          -28.28            0.99
  2010.3124          -29.33            1.13
  2010.4357          -58.89            0.86
  2010.4384          -58.62            0.90
  2010.4410          -61.55            0.90
  2010.4438          -61.69            0.96
  2010.4465          -62.45            0.91
  2010.4493          -64.71            0.94
  2010.4520          -65.97            1.05
  2010.4548          -64.23            0.91
  2010.4575          -63.72            0.94
  2010.4603          -67.20            1.11
  2010.4630          -65.07            1.12
  2010.4657          -62.62            1.08
  2010.4685          -66.39            0.93
  2010.4712          -68.11            0.97
  2010.4740          -66.58            0.95
  2010.4767          -70.84            1.03
  2010.4795          -70.75            1.02
  2010.4822          -69.12            0.97
  2010.4850          -68.24            1.07
  2010.4877          -71.81            0.92
  2010.4904          -70.76            0.94
  2010.4932          -73.28            0.94
  2010.4958          -72.68            1.19
  2010.5013          -72.89            1.68
  2010.5042          -73.46            0.94
  2010.5068          -73.69            1.39
  2010.5205          -75.74            1.54
  2010.5233          -76.75            0.94
  2010.5260          -79.25            1.01
  2010.5288          -78.79            0.93
  2010.5315          -79.21            0.91
  2010.5343          -80.04            0.88
  2010.5370          -79.41            0.92
  2010.5397          -81.07            0.91
  2010.5425          -79.51            0.94
  2010.5452          -80.03            0.89
  2010.5480          -82.66            0.93
  2010.5507          -83.37            0.93
  2010.5535          -82.62            0.93
  2010.5562          -82.04            0.95
  2010.5590          -84.62            1.00
  2010.5616          -84.77            1.00
  2010.5643          -81.22            0.97
  2010.5671          -82.48            0.91
  2010.5698          -83.11            0.95
  2010.5726          -84.72            1.20
  2010.5836          -84.63            0.89
  2010.5863          -84.96            0.88
  2010.5890          -86.13            0.91
  2010.5918          -86.33            0.88
  2010.5945          -87.62            1.85
  2010.5973          -87.47            0.90
  2010.6000          -88.08            0.88
  2010.6028          -87.79            0.87
  2010.6055          -88.64            0.87
  2010.6083          -88.28            0.87
  2010.6110          -89.19            0.91
  2010.6136          -90.05            0.86
  2010.6165          -90.19            0.86
  2010.6191          -90.50            0.84
  2010.6219          -90.26            0.87
  2010.6246          -91.60            0.94
  2010.6274          -95.59            0.99
  2010.6301          -93.04            0.90
  2010.6329          -91.38            0.86
  2010.6356          -92.14            0.87
  2010.6383          -91.11            0.98
  2010.6411          -94.31            0.89
  2010.6438          -95.52            0.90
  2010.6466          -93.72            0.89
  2010.6493          -95.94            0.88
  2010.6521          -98.24            0.92
  2010.6548          -96.23            0.92
  2010.6576          -95.59            0.93
  2010.6603          -94.55            0.84
  2010.6630          -97.74            0.93
  2010.6658          -95.65            0.88
  2010.6685          -96.01            0.89
  2010.6713          -95.17            0.92
  2010.6740          -96.21            1.00
  2010.6768          -95.23            0.92
  2010.6794          -96.28            0.85
  2010.6823          -96.49            0.85
  2010.6849          -97.38            0.85
  2010.6876          -98.55            0.85
  2010.6904          -97.50            0.86
  2010.6931          -98.56            0.87
  2010.6959          -99.95            0.93
  2010.6986         -100.48            0.89
  2010.7014         -100.45            0.87
  2010.7041         -101.47            0.89
  2010.7069          -99.62            1.00
  2010.7096          -99.54            0.87
  2010.7123         -100.09            0.86
  2010.7151         -101.14            0.92
  2010.7178         -102.13            0.86
  2010.7206         -101.39            0.87
  2010.7233         -102.99            0.84
  2010.7261         -102.57            0.85
  2010.7288         -103.36            0.84
  2010.7316         -103.52            0.84
  2010.7343         -103.70            0.87
  2010.7369         -107.02            0.95
  2010.7397         -106.61            0.93
  2010.7424         -104.51            0.92
  2010.7452         -105.04            0.86
  2010.7479         -105.00            0.89
  2010.7507         -105.35            0.92
  2010.7534         -105.46            0.85
  2010.7561         -105.88            0.94
  2010.7589         -106.17            0.87
  2010.7616         -105.50            0.86
  2010.7644         -106.50            0.87
  2010.7671         -107.67            0.84
  2010.7699         -106.66            0.86
  2010.7726         -106.35            0.84
  2010.7754         -108.86            0.84
  2010.7781         -108.63            0.84
  2010.7808         -109.09            0.89
  2010.7836         -110.22            0.90
  2010.7863         -109.17            0.98
  2010.7891         -109.71            0.88
  2010.7917         -109.66            0.85
  2010.7946         -110.48            0.87
  2010.7972         -109.76            0.86
  2010.8000         -111.07            0.87
  2010.8027         -110.94            0.92
  2010.8054         -112.10            0.89
  2010.8137         -113.37            0.86
  2010.8164         -112.77            0.88
  2010.8192         -114.05            0.93
  2010.8219         -115.98            0.93
  2010.8247         -116.26            0.93
  2010.8274         -115.19            0.97
  2010.8301         -115.55            0.87
  2010.8329         -115.11            0.93
  2010.8356         -114.54            0.89
  2010.8384         -116.80            0.93
  2010.8411         -117.55            0.90
  2010.8439         -117.11            0.93
  2010.8466         -116.97            0.89
  2010.8494         -116.95            0.93
  2010.8521         -122.03            0.98
  2010.8547         -119.34            1.06
  2010.8575         -118.34            0.86
  2010.8602         -117.52            0.92
  2010.8630         -118.99            0.86
  2010.8657         -120.20            0.88
  2010.8685         -118.59            1.01
  2010.8712         -119.34            0.89
  2010.8740         -119.31            0.92
  2010.8767         -119.19            0.95
  2010.8794         -118.90            0.89
  2010.8822         -119.00            0.93
  2010.8849         -122.32            0.97
  2010.8877         -121.35            0.97
  2010.8904         -121.01            0.98
  2010.8932         -121.36            1.24
  2010.8959         -122.41            0.93
  2010.8987         -121.99            0.98
  2010.9014         -122.32            0.88
  2010.9041         -122.23            0.94
  2010.9069         -122.50            0.87
  2010.9095         -120.92            0.93
  2010.9124         -121.10            0.94
  2010.9150         -122.49            0.87
  2010.9178         -121.59            0.87
  2010.9205         -123.27            0.88
  2010.9233         -122.71            0.90
  2010.9260         -122.50            0.85
  2010.9287         -121.27            0.86
  2010.9315         -121.82            0.92
  2010.9342         -122.63            0.93
  2010.9370         -122.54            0.87
  2010.9397         -122.84            0.90
  2010.9425         -124.01            0.86
  2010.9452         -124.74            0.94
  2010.9480         -122.93            0.93
  2010.9507         -124.08            0.89
  2010.9562         -122.98            0.89
  2010.9589         -123.55            0.91
  2010.9644         -123.32            0.89
  2011.0027         -125.84            0.92
  2011.0055         -127.94            0.94
  2011.0082         -127.59            0.98
  2011.0110         -127.39            0.99
  2011.0137         -127.70            0.91
  2011.0165         -128.86            0.92
  2011.0192         -128.63            0.91
  2011.0220         -129.62            0.92
  2011.0247         -130.67            0.92
  2011.0273         -130.89            0.92
  2011.0302         -131.95            0.93
  2011.0328         -130.50            0.99
  2011.0356         -131.75            1.00
  2011.0383         -132.71            0.93
  2011.0411         -132.42            1.00
  2011.0438         -132.73            1.04
  2011.0466         -132.60            0.93
  2011.0493         -133.34            1.07
  2011.0520         -133.26            0.99
  2011.0548         -132.36            1.02
  2011.0575         -130.70            0.98
  2011.0603         -131.19            1.01
  2011.0630         -132.51            0.97
  2011.0658         -134.17            0.99
  2011.1425         -148.92            3.34
  2011.1453         -149.82            1.00
  2011.1479         -150.90            1.06
  2011.1506         -149.61            1.01
  2011.1534         -151.30            1.00
  2011.1561         -151.76            0.96
  2011.1589         -152.63            0.97
  2011.1616         -151.55            0.96
  2011.1644         -153.16            0.99
  2011.1671         -153.33            1.00
  2011.1699         -152.03            1.00
  2011.1726         -153.48            1.05
  2011.1753         -153.78            1.02
  2011.1781         -154.81            1.28
  2011.1808         -155.56            0.98
  2011.1836         -155.23            1.00
  2011.1863         -156.04            1.05
  2011.1891         -155.21            1.21
  2011.1918         -159.13            1.19
  2011.1946         -157.74            1.16
  2011.1973         -157.01            0.99
  2011.2000         -157.54            1.09
  2011.2028         -155.17            1.19
  2011.2054         -158.33            1.11
  2011.2083         -156.73            1.07
  2011.2109         -155.75            0.99
  2011.2137         -158.73            0.97
  2011.2164         -157.39            0.96
  2011.2192         -159.85            1.06
  2011.2219         -158.02            1.01
  2011.2246         -157.05            0.93
  2011.2274         -158.62            1.03
  2011.2301         -161.44            1.00
  2011.2329         -158.87            1.00
  2011.2356         -155.83            1.00
  2011.2384         -158.56            0.94
  2011.2411         -159.36            1.01
  2011.2439         -157.68            1.03
  2011.2466         -159.49            1.17
  2011.2493         -158.44            1.09
  2011.2521         -158.49            1.06
  2011.2548         -159.48            1.00
  2011.2576         -159.52            0.96
  2011.2603         -158.35            1.18
  2011.2631         -159.35            0.99
  2011.2657         -159.60            0.97
  2011.2684         -158.69            0.94
  2011.2712         -159.34            0.98
  2011.2739         -160.15            1.01
  2011.2767         -162.36            1.05
  2011.2794         -160.29            1.03
  2011.2822         -163.59            1.07
  2011.2849         -161.29            0.99
  2011.2877         -161.52            0.95
  2011.2904         -161.28            0.95
  2011.2931         -163.12            2.14
  2011.2959         -164.13            0.94
  2011.2986         -163.71            0.95
  2011.3014         -165.74            0.96
  2011.3041         -168.49            1.01
  2011.3069         -168.40            1.09
  2011.3096         -163.06            0.94
  2011.3124         -163.68            0.94
  2011.3151         -163.59            0.91
  2011.3177         -164.00            0.91
  2011.3206         -163.33            0.93
  2011.3232         -161.98            0.99
  2011.3260         -163.67            0.94
  2011.3287         -165.36            0.96
  2011.3315         -164.83            0.89
  2011.3342         -166.33            0.91
  2011.3370         -164.91            0.96
  2011.3397         -164.67            0.95
  2011.3424         -165.87            0.91
  2011.3452         -163.98            0.88
  2011.3479         -166.72            0.91
  2011.3507         -165.78            0.89
  2011.3534         -166.15            0.90
  2011.3562         -168.78            0.97
  2011.3589         -165.88            0.91
  2011.3617         -166.20            0.89
  2011.3644         -166.88            0.86
  2011.3671         -167.19            0.87
  2011.3699         -167.79            0.88
  2011.3726         -169.32            0.93
  2011.3754         -169.27            0.92
  2011.3781         -169.57            0.95
  2011.3809         -170.70            0.99
  2011.3835         -169.65            1.12
  2011.3864         -167.62            1.68
  2011.3890         -170.29            1.51
  2011.3917         -170.98            1.16
  2011.3945         -170.18            1.02
  2011.3972         -170.36            0.94
  2011.4000         -170.53            1.34
  2011.4055         -171.07            1.54
  2011.4082         -171.38            0.94
  2011.4110         -171.30            2.82
  2011.4137         -173.13            1.39
  2011.4164         -172.81            0.89
  2011.4192         -127.60           68.23
  2011.4219         -171.90            1.45
  2011.4247         -172.61            0.96
  2011.4274         -172.52            1.35
  2011.4357         -176.57            1.82
  2011.4384         -174.28            1.41
  2011.4410         -178.10            1.53
  2011.4438         -173.35            1.00
  2011.4465         -177.08            1.50
  2011.4493         -176.07            0.97
  2011.4520         -176.24            1.41
  2011.4548         -176.78            1.76
  2011.4575         -173.97            3.57
  2011.4685         -178.94            1.66
  2011.4712         -175.54            1.12
  2011.4767         -175.43            1.63
  2011.4795         -177.84            1.24
  2011.4822         -174.81            1.07
  2011.4850         -177.58            1.02
  2011.4877         -177.59            0.94
  2011.4904         -179.18            0.95
  2011.4932         -177.37            1.00
  2011.4958         -177.68            0.97
  2011.4987         -178.80            0.95
  2011.5013         -178.18            0.93
  2011.5042         -176.85            0.95
  2011.5068         -179.64            1.06
  2011.5096         -176.25            1.06
  2011.5123         -177.56            1.00
  2011.5150         -178.55            0.98
  2011.5178         -178.95            1.01
  2011.5205         -180.34            0.97
  2011.5233         -179.34            0.95
  2011.5260         -179.63            1.02
  2011.5315         -180.24            0.97
  2011.5343         -180.93            1.08
  2011.5370         -181.27            1.07
  2011.5397         -180.46            1.06
  2011.5425         -180.55            1.07
  2011.5452         -179.55            0.99
  2011.5480         -181.26            0.97
  2011.5507         -182.18            1.01
  2011.5535         -182.29            0.98
  2011.5562         -178.55            1.29
  2011.5590         -181.12            1.02
  2011.5616         -180.91            0.96
  2011.5643         -182.56            1.01
  2011.5671         -179.94            1.06
  2011.5698         -183.59            0.99
  2011.5726         -182.43            0.99
  2011.5753         -180.68            0.95
  2011.5781         -181.47            0.95
  2011.5808         -180.70            0.95
  2011.5863         -181.41            1.04
  2011.5890         -181.19            1.00
  2011.5918         -182.32            1.09
  2011.5945         -184.96            1.10
  2011.5973         -182.43            1.12
  2011.6000         -182.08            1.11
  2011.6028         -182.80            1.12
  2011.6055         -184.52            1.10
  2011.6083         -183.62            1.00
  2011.6110         -184.02            1.15
  2011.6136         -187.42            1.11
  2011.6165         -184.17            1.07
  2011.6191         -184.09            1.04
  2011.6219         -184.38            1.02
  2011.6246         -187.07            1.16
  2011.6274         -186.73            1.05
  2011.6301         -182.86            1.09
  2011.6329         -183.91            1.04
  2011.6356         -182.24            1.09
  2011.6383         -183.58            1.00
  2011.6411         -183.71            0.97
  2011.6438         -183.61            0.97
  2011.6466         -184.46            1.02
  2011.6493         -182.96            1.00
  2011.6521         -186.02            1.06
  2011.6548         -185.80            1.07
  2011.6576         -185.96            1.08
  2011.6603         -183.47            1.12
  2011.6630         -182.45            1.14
  2011.6658         -181.76            0.96
  2011.6685         -184.84            1.08
  2011.6713         -185.71            1.03
  2011.6740         -185.99            1.04
  2011.6768         -185.56            1.07
  2011.6794         -186.19            1.04
  2011.6823         -186.00            1.04
  2011.6849         -185.62            1.02
  2011.6876         -186.59            1.08
  2011.6904         -190.09            1.10
  2011.6931         -185.91            1.03
  2011.6959         -186.36            1.04
  2011.6986         -184.68            1.02
  2011.7014         -185.21            1.03
  2011.7041         -185.88            1.08
  2011.7069         -187.32            1.07
  2011.7096         -187.60            1.09
  2011.7123         -185.15            1.00
  2011.7151         -186.88            0.98
  2011.7178         -185.75            0.96
  2011.7206         -186.63            1.02
  2011.7233         -187.19            1.01
  2011.7261         -186.54            1.02
  2011.7288         -187.62            1.03
  2011.7316         -188.19            1.05
  2011.7343         -189.02            1.10
  2011.7369         -187.48            1.03
  2011.7397         -188.63            1.04
  2011.7424         -189.61            1.06
  2011.7452         -189.32            1.02
  2011.7479         -188.58            1.08
  2011.7507         -188.09            1.15
  2011.7534         -188.98            0.98
  2011.7561         -189.79            1.01
  2011.7589         -189.00            1.09
  2011.7616         -189.68            1.16
  2011.7644         -187.56            1.10
  2011.7671         -189.97            1.04
  2011.7699         -190.21            1.04
  2011.7726         -192.24            1.02
  2011.7754         -190.41            1.07
  2011.7781         -190.78            1.17
  2011.7808         -195.66            1.13
  2011.7836         -192.54            1.07
  2011.7863         -191.94            1.11
  2011.7891         -192.30            1.10
  2011.7917         -190.66            1.13
  2011.7946         -191.28            1.02
  2011.7972         -190.68            1.01
  2011.8000         -190.43            1.11
  2011.8027         -190.05            1.13
  2011.8054         -190.46            1.07
  2011.8082         -192.83            1.05
  2011.8109         -191.22            1.07
  2011.8137         -192.34            1.72
  2011.8164         -191.30            1.25
  2011.8192         -192.07            1.06
  2011.8219         -191.15            1.06
  2011.8247         -192.55            1.06
  2011.8274         -191.55            1.06
  2011.8301         -192.76            1.04
  2011.8329         -192.91            1.04
  2011.8356         -195.35            1.08
  2011.8384         -194.06            1.09
  2011.8411         -194.88            1.08
  2011.8439         -193.79            1.09
  2011.8466         -193.86            1.12
  2011.8494         -194.21            1.09
  2011.8521         -195.43            1.10
  2011.8547         -194.29            1.23
  2011.8575         -198.04            1.22
  2011.8602         -195.74            1.16
  2011.8630         -195.03            1.10
  2011.8657         -195.83            1.14
  2011.8685         -196.04            1.13
  2011.8712         -194.58            1.18
  2011.8740         -194.40            1.20
  2011.8767         -196.23            1.19
  2011.8794         -195.25            1.15
  2011.8822         -196.43            1.16
  2011.8849         -197.19            1.13
  2011.8877         -196.05            1.15
  2011.8904         -196.86            1.17
  2011.8932         -195.74            1.14
  2011.8959         -197.99            1.16
  2011.8987         -196.27            1.07
  2011.9014         -198.55            1.06
  2011.9041         -198.66            1.05
  2011.9069         -200.98            1.10
  2011.9095         -195.91            1.12
  2011.9124         -198.92            1.15
  2011.9150         -196.94            1.12
  2011.9178         -198.07            1.18
  2011.9205         -197.75            1.12
  2011.9233         -198.81            1.10
  2011.9260         -199.50            1.13
  2011.9287         -199.48            1.25
  2011.9315         -199.68            1.21
  2011.9342         -198.97            1.18
  2011.9370         -200.18            1.21
  2011.9397         -198.30            1.16
  2011.9425         -201.00            1.16
  2011.9452         -198.25            1.12
  2011.9480         -199.27            1.18
  2011.9507         -198.19            1.09
  2011.9534         -198.65            1.15
  2011.9562         -198.93            1.17
  2011.9589         -198.64            1.14
  2011.9617         -198.12            1.10
  2011.9644         -199.50            1.13
  2011.9672         -200.94            1.12
  2011.9698         -201.70            1.13
  2011.9727         -200.96            1.12
  2011.9753         -202.23            1.14
  2011.9780         -199.79            1.04
  2011.9808         -201.19            1.09
  2011.9835         -199.52            1.02
  2011.9863         -198.91            1.06
  2011.9890         -200.41            1.03
  2011.9918         -199.66            1.11
  2012.0027         -198.71            1.06
  2012.0055         -199.37            1.06
  2012.0082         -198.98            0.99
  2012.0110         -199.63            1.01
  2012.0137         -197.75            1.14
  2012.0165         -200.38            1.00
  2012.0192         -201.22            1.08
  2012.0220         -201.94            1.15
  2012.0247         -201.00            1.30
  2012.0273         -198.50            1.24
  2012.0302         -199.14            1.11
  2012.0328         -201.51            1.07
  2012.0356         -201.47            1.04
  2012.0383         -199.29            1.06
  2012.0411         -200.32            1.21
  2012.0438         -199.70            1.04
  2012.0466         -200.45            1.17
  2012.0493         -201.57            1.22
  2012.0520         -200.66            1.09
  2012.0548         -196.71            1.23
  2012.0603         -202.37            1.20
  2012.0630         -204.49            1.20
  2012.0658         -201.04            1.14
  2012.0685         -202.69            1.50
  2012.0713         -201.60            1.54
  2012.0740         -204.02            1.36
  2012.0767         -203.01            1.49
  2012.0795         -202.83            1.22
  2012.0822         -204.25            1.24
  2012.0850         -202.13            1.11
  2012.0876         -202.50            1.11
  2012.0905         -202.25            1.23
  2012.0931         -202.92            1.06
  2012.0959         -203.11            1.18
  2012.0986         -202.81            1.12
  2012.1013         -201.99            1.14
  2012.1041         -203.25            1.24
  2012.1068         -201.59            1.11
  2012.1096         -202.70            1.03
  2012.1123         -203.84            1.04
  2012.1151         -202.36            1.07
  2012.1178         -204.37            1.22
  2012.1206         -204.06            1.20
  2012.1233         -202.19            1.15
  2012.1260         -202.18            1.14
  2012.1288         -197.20            1.16
  2012.1315         -208.84            1.23
  2012.1343         -202.69            1.23
  2012.1370         -204.54            1.23
  2012.1398         -203.20            1.11
  2012.1425         -205.42            1.03
  2012.1453         -205.72            1.06
  2012.1479         -205.38            1.05
  2012.1506         -204.96            1.03
  2012.1534         -207.09            1.12
  2012.1561         -207.32            1.09
  2012.1589         -208.83            1.13
  2012.1616         -209.48            1.08
  2012.1644         -206.41            1.08
  2012.1671         -205.57            1.12
  2012.1699         -207.53            1.00
  2012.1726         -205.19            1.11
  2012.1753         -206.33            1.05
  2012.1781         -207.38            1.19
  2012.1808         -206.84            1.05
  2012.1836         -205.47            1.17
  2012.1863         -207.27            1.01
  2012.1891         -207.77            1.03
  2012.1918         -205.83            1.08
  2012.1946         -207.13            1.10
  2012.1973         -205.86            1.10
  2012.2000         -207.24            1.13
  2012.2028         -208.32            1.08
  2012.2054         -207.45            1.02
  2012.2083         -207.11            1.03
  2012.2109         -208.14            1.12
  2012.2137         -207.65            1.02
  2012.2164         -208.41            1.08
  2012.2192         -206.40            0.99
  2012.2219         -207.76            1.02
  2012.2246         -209.14            0.98
  2012.2274         -205.67            0.96
  2012.2301         -208.12            1.02
  2012.2329         -206.49            1.02
  2012.2356         -207.42            1.01
  2012.2384         -208.08            0.99
  2012.2411         -208.78            0.99
  2012.2439         -207.84            0.99
  2012.2466         -208.83            0.95
  2012.2493         -209.59            1.05
  2012.2521         -209.93            1.01
  2012.2548         -209.81            1.00
  2012.2576         -209.34            0.97
  2012.2603         -212.80            1.10
  2012.2631         -209.66            1.05
  2012.2657         -211.46            0.96
  2012.2684         -210.98            1.00
  2012.2712         -208.58            1.03
  2012.2739         -209.83            1.04
  2012.2767         -210.42            0.99
  2012.2794         -207.92            0.97
  2012.2822         -210.59            0.98
  2012.2849         -208.69            1.10
  2012.2877         -208.77            1.03
  2012.2904         -208.77            1.05
  2012.2931         -207.94            1.01
  2012.2959         -209.86            1.00
  2012.2986         -211.50            1.09
  2012.3014         -210.68            0.96
  2012.3041         -211.98            0.95
  2012.3069         -210.74            1.01
  2012.3096         -210.84            0.88
  2012.3124         -211.03            0.95
  2012.3151         -208.67            1.03
  2012.3177         -211.61            1.00
  2012.3206         -211.70            0.92
  2012.3232         -211.59            0.93
  2012.3260         -212.79            0.95
  2012.3287         -211.35            0.89
  2012.3315         -211.01            0.94
  2012.3342         -212.62            0.94
  2012.3370         -212.53            0.96
  2012.3397         -211.41            0.93
  2012.3424         -211.83            0.88
  2012.3452         -211.95            0.89
  2012.3479         -213.22            1.02
  2012.3507         -212.78            0.94
  2012.3534         -212.77            0.90
  2012.3562         -213.53            0.92
  2012.3589         -212.38            0.97
  2012.3617         -213.18            1.05
  2012.3644         -214.17            0.90
  2012.3671         -215.03            0.93
  2012.3699         -214.56            0.93
  2012.3726         -215.05            0.98
  2012.3754         -215.61            1.00
  2012.3781         -215.05            1.01
  2012.3809         -213.83            0.93
  2012.3835         -219.09            1.03
  2012.3864         -213.10            0.97
  2012.3890         -214.39            0.93
  2012.3917         -214.88            0.93
  2012.3945         -216.36            1.02
  2012.3972         -214.79            0.95
  2012.4000         -217.28            0.93
  2012.4027         -218.06            1.01
  2012.4055         -219.90            1.06
  2012.4110         -216.56            0.97
  2012.4137         -216.30            0.92
  2012.4164         -216.37            0.92
  2012.4192         -216.41            0.96
  2012.4219         -217.86            1.04
  2012.4247         -215.62            1.07
  2012.4274         -215.48            1.05
  2012.4302         -216.21            0.95
  2012.4329         -216.00            0.96
  2012.4357         -216.22            0.92
  2012.4384         -215.96            0.88
  2012.4410         -216.98            1.02
  2012.4438         -216.19            0.90
  2012.4465         -216.59            0.98
  2012.4493         -218.53            1.02
  2012.4520         -222.63            1.06
  2012.4548         -216.76            0.95
  2012.4575         -216.63            0.97
  2012.4603         -220.25            1.02
  2012.4630         -220.17            1.03
  2012.4657         -217.10            0.98
  2012.4685         -217.10            0.95
  2012.4712         -217.86            1.05
  2012.4740         -217.55            1.01
  2012.4767         -218.38            0.99
  2012.4795         -217.07            0.96
  2012.4822         -216.42            0.97
  2012.4850         -216.67            0.91
  2012.4877         -218.19            0.91
  2012.4904         -218.83            1.01
  2012.4932         -219.16            1.02
  2012.4958         -218.19            0.98
  2012.4987         -218.32            1.03
  2012.5013         -225.35            1.05
  2012.5042         -217.55            0.95
  2012.5068         -218.88            0.99
  2012.5096         -220.07            1.05
  2012.5123         -217.59            1.07
  2012.5150         -218.42            1.01
  2012.5178         -219.21            0.95
  2012.5205         -219.22            1.00
  2012.5233         -219.01            0.98
  2012.5260         -218.89            0.92
  2012.5288         -220.10            0.99
  2012.5315         -218.92            0.93
  2012.5343         -218.43            0.92
  2012.5370         -218.73            0.88
  2012.5397         -218.84            0.89
  2012.5425         -217.73            0.93
  2012.5452         -218.11            1.01
  2012.5480         -218.78            0.97
  2012.5507         -219.54            1.03
  2012.5535         -222.11            0.98
  2012.5562         -221.85            0.93
  2012.5590         -219.59            0.98
  2012.5616         -219.89            0.94
  2012.5643         -219.37            0.97
  2012.5671         -219.89            0.92
  2012.5698         -218.89            0.90
  2012.5726         -220.86            0.99
  2012.5753         -220.45            0.91
  2012.5781         -219.85            1.01
  2012.5808         -218.60            0.96
  2012.5836         -220.32            0.91
  2012.5863         -220.78            1.01
  2012.5890         -221.76            1.01
  2012.5918         -219.75            0.95
  2012.5945         -220.31            0.92
  2012.5973         -218.07            1.43
  2012.6000         -219.81            0.93
  2012.6028         -219.55            0.99
  2012.6055         -219.77            1.03
  2012.6083         -220.22            1.01
  2012.6110         -219.73            0.96
  2012.6136         -218.58            1.01
  2012.6165         -219.10            1.03
  2012.6191         -219.19            1.05
  2012.6219         -221.47            1.08
  2012.6246         -220.38            1.09
  2012.6274         -222.12            1.07
  2012.6301         -219.39            1.12
  2012.6329         -219.58            1.02
  2012.6356         -220.84            1.04
  2012.6383         -220.29            1.03
  2012.6411         -221.62            1.03
  2012.6438         -221.81            1.08
  2012.6466         -221.29            1.04
  2012.6493         -219.17            1.01
  2012.6521         -218.71            1.02
  2012.6548         -220.43            0.96
  2012.6576         -220.07            0.95
  2012.6603         -220.88            1.00
  2012.6630         -222.37            1.05
  2012.6658         -221.94            1.00
  2012.6685         -222.03            1.03
  2012.6713         -222.76            1.02
  2012.6740         -221.92            1.10
  2012.6768         -222.15            1.09
  2012.6794         -223.17            1.04
  2012.6823         -221.87            1.12
  2012.6849         -222.15            1.08
  2012.6876         -223.06            1.09
  2012.6904         -221.95            1.05
  2012.6931         -221.03            1.00
  2012.6959         -222.18            1.01
  2012.6986         -222.74            1.06
  2012.7014         -222.77            1.05
  2012.7041         -223.17            1.13
  2012.7069         -224.05            1.02
  2012.7096         -223.38            1.06
  2012.7123         -223.46            1.07
  2012.7151         -223.27            1.10
  2012.7178         -222.96            1.14
  2012.7206         -223.17            1.04
  2012.7233         -223.96            1.08
  2012.7261         -224.09            1.08
  2012.7288         -222.96            1.02
  2012.7316         -226.07            1.05
  2012.7343         -225.33            1.11
  2012.7369         -222.60            1.10
  2012.7397         -224.92            1.10
  2012.7424         -224.67            1.06
  2012.7452         -224.97            1.09
  2012.7479         -225.27            1.14
  2012.7507         -224.49            1.14
  2012.7534         -225.20            1.26
  2012.7561         -226.32            1.12
  2012.7589         -225.32            1.12
  2012.7616         -226.31            1.15
  2012.7644         -225.85            1.11
  2012.7671         -226.06            1.24
  2012.7699         -224.56            1.20
  2012.7726         -225.22            1.13
  2012.7754         -225.84            1.24
  2012.7781         -225.48            1.05
  2012.7808         -225.65            1.07
  2012.7836         -226.78            1.05
  2012.7863         -226.96            1.04
  2012.7891         -226.54            1.13
  2012.7917         -227.26            1.17
  2012.7946         -226.60            1.17
  2012.7972         -226.23            1.11
  2012.8000         -226.70            0.99
  2012.8027         -225.33            1.17
  2012.8054         -226.41            1.14
  2012.8082         -227.56            1.29
  2012.8109         -227.68            1.13
  2012.8137         -229.53            1.25
  2012.8164         -227.08            1.09
  2012.8192         -227.35            1.09
  2012.8219         -228.03            1.17
  2012.8247         -225.95            1.23
  2012.8274         -226.53            1.20
  2012.8301         -225.84            1.29
  2012.8329         -226.96            1.11
  2012.8356         -226.19            1.07
  2012.8384         -227.13            1.04
  2012.8411         -227.23            1.02
  2012.8439         -226.49            1.27
  2012.8466         -228.07            1.14
  2012.8494         -227.22            1.10
  2012.8521         -227.16            1.09
  2012.8547         -228.15            1.09
  2012.8575         -230.14            1.23
  2012.8602         -228.26            1.17
  2012.8630         -226.84            1.22
  2012.8657         -227.97            1.08
  2012.8685         -227.24            1.17
  2012.8712         -228.59            1.09
  2012.8740         -227.07            1.05
  2012.8767         -227.01            1.17
  2012.8794         -229.80            1.16
  2012.8822         -227.26            1.17
  2012.8849         -227.69            1.15
  2012.8877         -226.97            1.05
  2012.8904         -227.18            1.08
  2012.8932         -227.33            1.23
  2012.8959         -232.27            1.17
  2012.8987         -226.79            1.12
  2012.9014         -225.99            1.14
  2012.9041         -228.81            4.37
  2012.9069         -226.76            1.14
  2012.9095         -227.81            1.09
  2012.9124         -224.21            1.17
  2012.9150         -229.84            1.35
  2012.9178         -226.95            1.20
  2012.9205         -227.47            1.13
  2012.9233         -232.97            1.89
  2012.9260         -229.89            1.33
  2012.9287         -229.26            1.18
  2012.9315         -229.42            1.19
  2012.9342         -232.49            1.50
  2012.9370         -230.30            1.25
  2012.9397         -229.45            1.16
  2012.9425         -229.25            1.10
  2012.9452         -229.61            1.18
  2012.9480         -230.35            1.18
  2012.9507         -229.31            1.25
  2012.9534         -231.47            1.15
  2012.9562         -228.92            1.16
  2012.9589         -228.70            1.18
  2012.9617         -230.70            1.31
  2012.9644         -231.03            1.18
  2012.9672         -234.10            1.44
  2012.9698         -234.26            1.41
  2012.9727         -232.82            1.31
  2012.9753         -231.26            1.25
  2012.9780         -230.64            1.22
  2012.9808         -232.53            1.19
  2012.9835         -233.95            1.49
  2012.9863         -232.56            1.29
  2012.9890         -229.79            1.20
  2012.9918         -230.03            1.11
  2012.9945         -231.01            1.09
  2012.9973         -234.31            1.10
  2013.0000         -231.55            1.13
  2013.0027         -230.72            1.35
  2013.0027         -230.26            0.93
  2013.0055         -229.76            0.90
  2013.0082         -231.95            0.99
  2013.0110         -231.41            0.98
  2013.0137         -231.06            1.09
  2013.0165         -227.93            1.09
  2013.0192         -232.34            1.11
  2013.0220         -230.28            1.00
  2013.0247         -232.32            1.05
  2013.0273         -231.83            1.02
  2013.0302         -229.21            1.05
  2013.0328         -230.88            1.04
  2013.0356         -232.35            1.01
  2013.0383         -232.28            0.97
  2013.0411         -234.79            1.08
  2013.0438         -229.72            1.10
  2013.0466         -231.10            1.18
  2013.0493         -232.22            1.05
  2013.0520         -232.83            1.02
  2013.0548         -231.58            0.98
  2013.0575         -233.40            1.04
  2013.0603         -232.01            1.06
  2013.0630         -232.16            1.12
  2013.0658         -231.63            1.12
  2013.0685         -232.50            1.02
  2013.0713         -231.71            0.94
  2013.0740         -233.07            0.98
  2013.0767         -233.29            1.01
  2013.0795         -232.99            1.01
  2013.0822         -232.14            1.03
  2013.0850         -232.01            1.04
  2013.0876         -231.44            1.11
  2013.0905         -231.45            1.08
  2013.0931         -230.84            0.99
  2013.0959         -231.93            1.00
  2013.0986         -230.90            1.08
  2013.1013         -231.70            1.19
  2013.1041         -231.64            1.04
  2013.1068         -231.68            1.02
  2013.1096         -233.63            1.03
  2013.1123         -235.77            1.14
  2013.1151         -233.04            1.13
  2013.1178         -234.35            1.10
  2013.1206         -232.35            1.05
  2013.1233         -231.56            1.13
  2013.1260         -233.51            1.10
  2013.1288         -234.30            1.17
  2013.1315         -230.07            1.10
  2013.1343         -231.84            1.01
  2013.1370         -231.18            0.96
  2013.1398         -231.15            1.02
  2013.1425         -231.55            1.12
  2013.1453         -230.14            1.01
  2013.1479         -230.86            1.08
  2013.1506         -231.61            0.99
  2013.1534         -231.41            0.97
  2013.1561         -230.91            0.97
  2013.1589         -233.49            0.96
  2013.1616         -231.21            1.02
  2013.1644         -233.10            1.01
  2013.1671         -233.28            1.00
  2013.1699         -232.19            0.96
  2013.1726         -231.65            0.95
  2013.1753         -232.80            1.06
  2013.1781         -231.58            1.10
  2013.1808         -232.40            1.02
  2013.1863         -237.77            1.14
  2013.1918         -234.20            1.12
  2013.2000         -232.39            0.93
  2013.2028         -233.03            0.96
  2013.2054         -233.09            1.06
  2013.2083         -232.31            1.02
  2013.2109         -231.93            0.96
  2013.2164         -232.73            1.12
  2013.2192         -233.98            0.97
  2013.2219         -233.25            0.93
  2013.2246         -232.54            0.99
  2013.2274         -232.02            1.06
  2013.2301         -233.66            1.06
  2013.2329         -231.64            1.02
  2013.2356         -232.41            0.96
  2013.2384         -233.28            0.93
  2013.2411         -232.81            1.06
  2013.2439         -232.98            1.02
  2013.2466         -233.11            1.02
  2013.2493         -229.16            1.05
  2013.2548         -236.49            1.08
  2013.2576         -234.80            0.99
  2013.2603         -234.12            1.07
  2013.2631         -235.04            1.05
  2013.2657         -233.41            2.02
  2013.2684         -235.85            1.03
  2013.2712         -233.22            1.16
  2013.2794         -232.76            0.99
  2013.2822         -233.56            0.93
  2013.2849         -235.21            0.95
  2013.2877         -235.05            0.98
  2013.2904         -235.68            0.93
  2013.2931         -235.04            0.94
  2013.2959         -235.86            0.97
  2013.2986         -235.13            0.99
  2013.3014         -237.75            0.99
  2013.3041         -236.96            0.98
  2013.3069         -235.80            1.02
  2013.3096         -234.48            1.00
  2013.3124         -234.89            0.99
  2013.3151         -236.51            0.96
  2013.3177         -235.23            1.01
  2013.3206         -235.84            0.98
  2013.3232         -236.08            1.01
  2013.3260         -235.31            0.94
  2013.3287         -236.90            0.90
  2013.3315         -239.25            0.99
  2013.3342         -237.94            1.05
  2013.3370         -238.86            1.10
  2013.3397         -237.13            0.98
  2013.3424         -235.97            0.94
  2013.3452         -239.26            1.02
  2013.3479         -236.53            1.00
  2013.3562         -239.92            1.00
  2013.3589         -237.02            0.90
  2013.3617         -237.72            1.72
  2013.3644         -238.00            0.87
  2013.3671         -238.20            0.89
  2013.3699         -238.33            0.84
  2013.3726         -239.07            0.83
  2013.3754         -239.28            0.88
  2013.3781         -237.18            0.93
  2013.3809         -237.77            1.45
  2013.3835         -238.70            0.89
  2013.3864         -239.01            0.87
  2013.3890         -239.96            0.89
  2013.3917         -239.82            0.88
  2013.3945         -239.07            0.86
  2013.4000         -239.42            0.91
  2013.4027         -241.62            0.96
  2013.4055         -243.60            0.99
  2013.4082         -241.19            0.87
  2013.4110         -239.52            0.87
  2013.4137         -239.71            0.99
  2013.4164         -240.16            0.96
  2013.4192         -238.14            0.93
  2013.4219         -238.38            0.85
  2013.4247         -240.00            0.97
  2013.4274         -240.01            1.00
  2013.4302         -239.82            0.93
  2013.4329         -239.09            0.94
  2013.4357         -238.43            0.90
  2013.4384         -239.47            0.95
  2013.4410         -239.28            0.92
  2013.4438         -238.72            0.94
  2013.4465         -238.58            0.89
  2013.4493         -239.29            0.93
  2013.4520         -238.44            0.95
  2013.4548         -242.90            0.98
  2013.4575         -240.08            0.97
  2013.4850         -241.67            3.05
  2013.4877         -240.77            1.07
  2013.4904         -242.75            0.99
  2013.4932         -239.28            0.96
  2013.4958         -238.13            0.91
  2013.4987         -238.34            0.86
  2013.5013         -242.89            0.93
  2013.5042         -241.74            0.95
  2013.5068         -238.41            0.96
  2013.5096         -239.33            0.93
  2013.5123         -238.82            0.88
  2013.5150         -238.31            0.86
  2013.5178         -237.48            0.87
  2013.5205         -239.93            0.95
  2013.5233         -240.48            0.93
  2013.5260         -239.24            0.89
  2013.5288         -238.03            0.89
  2013.5315         -236.42            0.95
  2013.5343         -238.13            0.91
  2013.5370         -238.75            0.94
  2013.5397         -239.03            0.87
  2013.5425         -239.38            0.92
  2013.5452         -238.06            0.91
  2013.5480         -238.99            0.89
  2013.5507         -238.20            0.96
  2013.5535         -238.52            0.86
  2013.5562         -238.53            0.84
  2013.5590         -240.10            0.86
  2013.5616         -238.19            0.83
  2013.5643         -238.84            0.89
  2013.5671         -240.43            0.95
  2013.5698         -239.50            0.88
  2013.5726         -239.88            0.86
  2013.5753         -239.21            0.85
  2013.5781         -238.67            0.90
  2013.5808         -239.44            0.86
  2013.5836         -238.23            0.83
  2013.5863         -239.58            0.87
  2013.5890         -240.77            0.91
  2013.5918         -239.57            0.96
  2013.5945         -238.03            0.93
  2013.5973         -239.74            0.94
  2013.6000         -239.39            0.99
  2013.6028         -239.36            0.91
  2013.6055         -238.97            0.85
  2013.6083         -239.49            0.90
  2013.6110         -240.84            0.92
  2013.6136         -241.29            0.94
  2013.6165         -240.47            0.83
  2013.6191         -240.35            0.86
  2013.6219         -242.38            0.90
  2013.6246         -239.85            0.90
  2013.6274         -241.02            0.85
  2013.6301         -240.73            0.90
  2013.6329         -241.01            0.91
  2013.6356         -240.64            0.89
  2013.6383         -241.24            0.92
  2013.6411         -240.90            0.85
  2013.6438         -241.13            0.88
  2013.6466         -241.64            0.91
  2013.6493         -240.34            0.90
  2013.6521         -240.17            0.86
  2013.6548         -241.91            0.89
  2013.6576         -241.46            0.87
  2013.6603         -241.19            0.86
  2013.6630         -240.96            0.89
  2013.6658         -243.12            0.95
  2013.6685         -241.59            0.94
  2013.6713         -241.39            0.93
  2013.6740         -240.22            0.96
  2013.6768         -242.51            1.10
  2013.6794         -246.74            1.10
  2013.6823         -242.79            1.50
  2013.6849         -243.25            1.05
  2013.6876         -244.63            1.08
  2013.6904         -243.79            1.05
  2013.6931         -244.31            1.02
  2013.6959         -244.38            1.00
  2013.6986         -242.46            1.02
  2013.7014         -242.75            0.95
  2013.7041         -243.64            1.00
  2013.7069         -240.79            0.98
  2013.7096         -241.77            0.98
  2013.7123         -242.97            0.92
  2013.7151         -243.14            0.90
  2013.7178         -242.87            0.95
  2013.7206         -243.66            0.95
  2013.7233         -243.09            0.95
  2013.7261         -244.63            0.95
  2013.7288         -244.75            0.98
  2013.7316         -243.48            0.87
  2013.7343         -244.33            0.91
  2013.7369         -242.76            1.08
  2013.7397         -245.50            0.96
  2013.7424         -243.47            1.00
  2013.7561         -244.00            0.92
  2013.7589         -243.49            0.96
  2013.7616         -243.03            1.01
  2013.7644         -242.21            0.93
  2013.7671         -242.49            1.06
  2013.7699         -242.17            0.97
  2013.7726         -243.03            0.95
  2013.7754         -242.63            1.01
  2013.7781         -240.43            1.16
  2013.7808         -242.72            1.08
  2013.7836         -242.63            1.08
  2013.7863         -242.83            1.12
  2013.7891         -241.97            1.04
  2013.7917         -241.54            1.02
  2013.7946         -242.13            1.10
  2013.7972         -242.85            0.99
  2013.8000         -242.29            1.03
  2013.8027         -242.13            1.18
  2013.8054         -241.60            1.04
  2013.8082         -240.71            1.06
  2013.8109         -244.18            0.95
  2013.8137         -246.90            2.30
  2013.8164         -242.31            1.00
  2013.8192         -243.07            0.96
  2013.8219         -242.73            0.98
  2013.8247         -243.93            0.91
  2013.8274         -243.57            1.00
  2013.8301         -242.74            0.97
  2013.8329         -242.88            0.98
  2013.8356         -242.60            0.98
  2013.8384         -243.29            0.91
  2013.8411         -243.54            0.91
  2013.8439         -243.81            0.89
  2013.8466         -245.02            0.89
  2013.8494         -245.99            1.02
  2013.8521         -245.65            0.93
  2013.8547         -245.29            1.00
  2013.8575         -245.81            0.96
  2013.8602         -244.10            1.08
  2013.8630         -247.35            0.98
  2013.8657         -245.48            1.03
  2013.8685         -247.80            1.01
  2013.8712         -246.60            1.06
  2013.8740         -243.28            1.05
  2013.8767         -245.03            0.90
  2013.8794         -246.47            0.91
  2013.8822         -247.17            0.94
  2013.8849         -246.50            0.94
  2013.8877         -245.49            1.06
  2013.8904         -244.13            1.46
  2013.9041         -244.73            1.95
  2013.9069         -245.90            1.92
  2013.9095         -244.98            1.97
  2013.9124         -247.75            0.91
  2013.9150         -246.18            0.93
  2013.9178         -246.30            0.93
  2013.9205         -243.58            1.00
  2013.9233         -248.39            1.12
  2013.9260         -246.65            1.00
  2013.9287         -247.81            0.95
  2013.9315         -247.23            1.04
  2013.9342         -248.57            1.03
  2013.9370         -243.28            1.03
  2013.9397         -245.77            1.00
  2013.9425         -245.60            0.95
  2013.9452         -244.07            1.07
  2013.9480         -244.39            1.06
  2013.9507         -247.07            1.03
  2013.9534         -247.44            1.12
  2013.9562         -245.72            1.03
  2013.9589         -248.38            1.13
  2013.9617         -246.94            1.08
  2013.9644         -249.07            1.09
  2013.9672         -247.97            1.00
  2013.9698         -248.65            1.05
  2013.9727         -247.93            1.11
  2013.9753         -247.61            1.05
  2013.9780         -247.41            1.08
  2013.9808         -247.65            1.02
  2013.9890         -244.28            2.12
  2013.9918         -247.11            1.05
  2013.9945         -247.83            1.18
  2013.9973         -251.30            1.10
  2014.0000         -248.65            1.15
  2014.0027         -246.68            1.11
  2014.0055         -246.02            1.19
  2014.0082         -247.79            1.05
  2014.0110         -247.98            1.04
  2014.0137         -247.95            1.03
  2014.0165         -247.66            1.07
  2014.0192         -244.64            1.08
  2014.0220         -247.82            1.07
  2014.0247         -247.96            1.11
  2014.0273         -246.76            1.13
  2014.0302         -246.86            1.06
  2014.0328         -245.14            1.12
  2014.0356         -247.73            1.09
  2014.0383         -248.63            1.17
  2014.0411         -247.76            1.12
  2014.0438         -248.20            1.11
  2014.0466         -248.08            1.15
  2014.0493         -248.13            1.13
  2014.0548         -250.03            1.06
  2014.0575         -248.16            1.17
  2014.0603         -247.90            1.12
  2014.0630         -253.19            1.23
  2014.0658         -248.46            1.11
  2014.0685         -246.15            1.12
  2014.0713         -247.63            1.11
  2014.0740         -249.67            1.11
  2014.0767         -247.95            1.15
  2014.0795         -246.42            1.14
  2014.0822         -247.93            1.20
  2014.0850         -249.07            1.22
  2014.0876         -251.45            1.23
  2014.0905         -250.77            1.14
  2014.0931         -248.88            1.17
  2014.0959         -249.39            1.20
  2014.0986         -252.07            1.25
  2014.1013         -247.58            1.14
  2014.1041         -248.59            1.20
  2014.1068         -250.71            1.11
  2014.1096         -249.85            1.17
  2014.1123         -250.38            1.11
  2014.1151         -246.23            1.14
  2014.1178         -250.02            1.14
  2014.1206         -249.21            1.11
  2014.1233         -246.68            1.24
  2014.1260         -246.82            1.11
  2014.1288         -247.64            1.07
  2014.1315         -247.05            1.17
  2014.1343         -247.60            1.15
  2014.1370         -248.16            1.22
  2014.1398         -249.79            1.18
  2014.1425         -247.14            1.26
  2014.1453         -247.18            1.19
  2014.1479         -247.86            1.10
  2014.1506         -245.75            1.05
  2014.1534         -247.59            1.13
  2014.1561         -245.36            1.11
  2014.1589         -246.27            1.13
  2014.1616         -246.52            1.03
  2014.1644         -246.92            1.10
  2014.1671         -246.01            1.13
  2014.1699         -246.72            1.26
  2014.1726         -250.90            1.17
  2014.1753         -246.20            1.13
  2014.1781         -245.49            1.12
  2014.1808         -247.18            1.07
  2014.1836         -248.17            1.19
  2014.1863         -248.48            1.19
  2014.1891         -249.44            1.10
  2014.1918         -249.67            1.07
  2014.1946         -249.16            1.07
  2014.1973         -249.37            1.08
  2014.2000         -249.20            1.12
  2014.2028         -249.34            1.14
  2014.2054         -242.06            1.17
  2014.2083         -249.50            1.14
  2014.2109         -249.11            1.06
  2014.2137         -249.84            1.11
  2014.2164         -250.28            1.22
  2014.2192         -248.09            1.10
  2014.2384         -251.86            1.69
  2014.2411         -251.14            1.13
  2014.2439         -252.90            1.18
  2014.2466         -252.87            1.13
  2014.2493         -249.44            1.02
  2014.2521         -250.44            1.01
  2014.2548         -249.74            1.06
  2014.2576         -250.15            1.02
  2014.2603         -249.04            1.06
  2014.2631         -251.56            1.02
  2014.2657         -251.08            1.11
  2014.2684         -250.29            1.14
  2014.2712         -252.80            1.08
  2014.2739         -250.80            1.07
  2014.2767         -251.95            1.09
  2014.2794         -250.00            1.08
  2014.2822         -251.98            0.95
  2014.2849         -253.02            0.97
  2014.2877         -250.69            1.03
  2014.2904         -251.95            1.01
  2014.2931         -252.56            0.99
  2014.2959         -250.84            0.96
  2014.2986         -251.24            0.96
  2014.3014         -251.38            0.96
  2014.3041         -251.22            1.03
  2014.3069         -251.41            0.96
  2014.3096         -252.00            0.95
  2014.3124         -250.77            0.97
  2014.3151         -250.90            0.94
  2014.3177         -251.45            0.93
  2014.3206         -251.96            0.96
  2014.3232         -252.30            0.90
  2014.3260         -252.15            0.94
  2014.3287         -253.48            0.99
  2014.3479         -250.27            1.39
  2014.3507         -250.47            0.95
  2014.3534         -251.57            0.95
  2014.3562         -249.66            1.00
  2014.3589         -250.68            0.95
  2014.3617         -251.59            0.96
  2014.3644         -250.59            0.96
  2014.3671         -252.29            1.04
  2014.3699         -249.82            0.97
  2014.3726         -249.95            0.99
  2014.3754         -250.28            0.96
  2014.3781         -246.43            1.03
  2014.3809         -250.83            0.91
  2014.3835         -251.45            0.96
  2014.3864         -251.26            1.03
  2014.3890         -249.59            1.00
  2014.3917         -250.90            1.00
  2014.3945         -250.40            0.95
  2014.3972         -251.59            0.98
  2014.4000         -251.58            0.98
  2014.4027         -251.66            0.93
  2014.4055         -253.37            1.00
  2014.4082         -254.88            1.03
  2014.4110         -253.37            0.96
  2014.4137         -251.04            0.97
  2014.4164         -251.48            0.94
  2014.4192         -252.86            0.97
  2014.4219         -253.20            0.96
  2014.4247         -256.24            1.06
  2014.4274         -253.80            1.06
  2014.4302         -253.09            1.03
  2014.4329         -253.62            1.05
  2014.4357         -253.83            1.04
  2014.4384         -251.57            1.02
  2014.4410         -252.04            0.98
  2014.4438         -253.20            1.04
  2014.4465         -252.55            1.08
  2014.4493         -250.88            0.98
  2014.4520         -253.37            1.01
  2014.4548         -251.44            1.01
  2014.4575         -250.42            0.96
  2014.4603         -249.99            0.92
  2014.4630         -250.44            0.91
  2014.4657         -250.81            0.90
  2014.4685         -252.20            0.92
  2014.4712         -252.28            0.92
  2014.4740         -253.85            0.93
