  2010.2411            0.00            0.45
  2010.2439            3.53            0.19
  2010.2466            2.97            0.20
  2010.2493            4.30            0.19
  2010.2521            2.88            0.18
  2010.2548            2.97            0.18
  2010.2576            4.99            0.12
  2010.2603            5.30            0.17
  2010.2631            5.06            0.16
  2010.2657            5.62            0.16
  2010.2684            6.36            0.17
  2010.2904            9.96            1.27
  2010.2931            9.57            0.14
  2010.2959            6.10            0.16
  2010.2986            5.97            0.15
  2010.3014            6.95            0.15
  2010.3069            5.77            0.14
  2010.3096            5.92            0.15
  2010.3124            5.77            0.13
  2010.4357            5.87            0.17
  2010.4384            6.77            0.18
  2010.4410            6.60            0.18
  2010.4438            2.19            0.18
  2010.4465            5.29            0.18
  2010.4493            4.71            0.18
  2010.4520            2.93            0.21
  2010.4548            8.12            0.19
  2010.4575            4.61            0.19
  2010.4603           -0.04            0.22
  2010.4630            7.59            0.17
  2010.4657            4.33            0.16
  2010.4685            4.62            0.15
  2010.4712            9.21            0.16
  2010.4740            8.25            0.15
  2010.4767            9.67            0.16
  2010.4795           10.15            0.17
  2010.4822            5.73            0.15
  2010.4850            6.03            0.16
  2010.4877            4.96            0.19
  2010.4904            8.05            0.19
  2010.4932            6.11            0.14
  2010.4958            5.68            0.20
  2010.5013           10.12            0.34
  2010.5042            6.70            0.15
  2010.5068            3.78            0.25
  2010.5205            4.73            0.32
  2010.5233            5.84            0.18
  2010.5260            6.19            0.15
  2010.5288            3.05            0.14
  2010.5315            4.66            0.13
  2010.5343            4.79            0.18
  2010.5370            6.46            0.18
  2010.5397            5.98            0.18
  2010.5425            6.34            0.14
  2010.5452            5.52            0.14
  2010.5480            6.83            0.15
  2010.5507            6.67            0.17
  2010.5535            7.36            0.17
  2010.5562            9.19            0.18
  2010.5590            6.38            0.18
  2010.5616            6.09            0.18
  2010.5643            5.38            0.18
  2010.5671            5.63            0.17
  2010.5698            6.64            0.17
  2010.5726            3.64            0.17
  2010.5836            4.51            0.17
  2010.5863            4.84            0.17
  2010.5890            3.62            0.16
  2010.5918            4.86            0.16
  2010.5945            3.65            0.35
  2010.5973            4.37            0.17
  2010.6000            4.74            0.15
  2010.6028            4.92            0.16
  2010.6055            4.00            0.17
  2010.6083            4.68            0.16
  2010.6110            5.69            0.16
  2010.6136            4.87            0.15
  2010.6165            4.34            0.15
  2010.6191            4.63            0.16
  2010.6219            7.07            0.15
  2010.6246            3.96            0.16
  2010.6274            1.53            0.17
  2010.6301            6.48            0.16
  2010.6329            4.78            0.16
  2010.6356            5.32            0.15
  2010.6383            4.61            0.17
  2010.6411            7.70            0.16
  2010.6438            5.75            0.16
  2010.6466            5.75            0.15
  2010.6493            9.94            0.15
  2010.6521           10.29            0.16
  2010.6548            7.10            0.16
  2010.6576            5.83            0.16
  2010.6603            5.79            0.14
  2010.6630            7.29            0.16
  2010.6658            5.97            0.15
  2010.6685            6.62            0.15
  2010.6713            5.56            0.15
  2010.6740            7.25            0.17
  2010.6768            6.92            0.15
  2010.6794            7.33            0.14
  2010.6823            6.04            0.14
  2010.6849            7.25            0.15
  2010.6876            7.32            0.15
  2010.6904            7.54            0.14
  2010.6931            7.71            0.14
  2010.6959            8.86            0.15
  2010.6986            7.56            0.15
  2010.7014            6.86            0.15
  2010.7041            7.21            0.16
  2010.7069            6.72            0.21
  2010.7096            6.61            0.15
  2010.7123            7.16            0.15
  2010.7151            6.16            0.15
  2010.7178            8.45            0.15
  2010.7206            7.80            0.15
  2010.7233            7.87            0.15
  2010.7261            7.71            0.14
  2010.7288            7.16            0.14
  2010.7316            7.68            0.14
  2010.7343            7.54            0.14
  2010.7369            5.82            0.17
  2010.7397            7.02            0.15
  2010.7424            7.14            0.12
  2010.7452            9.02            0.15
  2010.7479            6.86            0.15
  2010.7507            8.30            0.17
  2010.7534            8.42            0.16
  2010.7561            9.78            0.17
  2010.7589            9.61            0.16
  2010.7616           11.32            0.15
  2010.7644           10.40            0.16
  2010.7671            8.69            0.14
  2010.7699            8.32            0.16
  2010.7726            8.83            0.14
  2010.7754            9.88            0.16
  2010.7781           11.04            0.15
  2010.7808           11.82            0.16
  2010.7836           11.70            0.17
  2010.7863           10.09            0.17
  2010.7891           11.12            0.15
  2010.7917           10.80            0.16
  2010.7946            9.39            0.16
  2010.7972           10.03            0.17
  2010.8000           10.80            0.16
  2010.8027           10.38            0.17
  2010.8054            9.54            0.15
  2010.8137            9.02            0.15
  2010.8164            7.84            0.13
  2010.8192            7.86            0.15
  2010.8219           11.29            0.17
  2010.8247            9.53            0.15
  2010.8274            8.26            0.17
  2010.8301            7.94            0.16
  2010.8329            8.82            0.15
  2010.8356           10.22            0.16
  2010.8384            9.01            0.16
  2010.8411            9.23            0.16
  2010.8439            7.86            0.11
  2010.8466            8.03            0.16
  2010.8494            9.73            0.17
  2010.8521           11.09            0.18
  2010.8547           10.29            0.13
  2010.8575            9.37            0.17
  2010.8602            9.97            0.12
  2010.8630           10.40            0.16
  2010.8657           10.43            0.17
  2010.8685           10.47            0.13
  2010.8712           11.05            0.17
  2010.8740           11.36            0.12
  2010.8767           10.97            0.12
  2010.8794           10.98            0.16
  2010.8822           11.70            0.11
  2010.8849           17.18            0.11
  2010.8877           16.75            0.16
  2010.8904           10.35            0.17
  2010.8932            9.53            0.21
  2010.8959            9.73            0.16
  2010.8987           10.76            0.12
  2010.9014           10.06            0.15
  2010.9041           10.07            0.11
  2010.9069            9.77            0.15
  2010.9095           12.16            0.11
  2010.9124           11.81            0.10
  2010.9150           11.49            0.15
  2010.9178           12.65            0.15
  2010.9205           11.27            0.11
  2010.9233           12.37            0.12
  2010.9260           11.91            0.11
  2010.9287           12.79            0.11
  2010.9315           13.98            0.11
  2010.9342           12.29            0.13
  2010.9370           13.73            0.12
  2010.9397           13.43            0.12
  2010.9425           16.77            0.15
  2010.9452           13.92            0.12
  2010.9480           15.34            0.11
  2010.9507           13.90            0.12
  2010.9562           14.26            0.12
  2010.9589           15.46            0.12
  2010.9644           14.97            0.11
  2011.0027           16.61            0.16
  2011.0055           17.37            0.17
  2011.0082           16.90            0.20
  2011.0110           16.46            0.18
  2011.0137           17.69            0.17
  2011.0165           17.25            0.16
  2011.0192           16.76            0.15
  2011.0220           17.93            0.16
  2011.0247           19.24            0.16
  2011.0273           19.86            0.16
  2011.0302           19.85            0.17
  2011.0328           20.40            0.13
  2011.0356           20.27            0.14
  2011.0383           19.97            0.18
  2011.0411           22.55            0.14
  2011.0438           19.67            0.16
  2011.0466           19.83            0.14
  2011.0493           19.92            0.17
  2011.0520           20.77            0.20
  2011.0548           20.32            0.15
  2011.0575           20.28            0.15
  2011.0603           20.81            0.14
  2011.0630           18.21            0.15
  2011.0658           18.75            0.15
  2011.1425           23.80            0.39
  2011.1453           24.11            0.15
  2011.1479           22.37            0.21
  2011.1506           21.94            0.16
  2011.1534           23.57            0.15
  2011.1561           22.84            0.15
  2011.1589           22.15            0.13
  2011.1616           23.77            0.14
  2011.1644           22.84            0.15
  2011.1671           23.10            0.14
  2011.1699           22.14            0.14
  2011.1726           21.77            0.16
  2011.1753           22.74            0.15
  2011.1781           19.20            0.20
  2011.1808           21.30            0.14
  2011.1836           20.55            0.14
  2011.1863           19.55            0.15
  2011.1891           18.27            0.18
  2011.1918           25.18            0.17
  2011.1946           20.40            0.17
  2011.1973           20.12            0.14
  2011.2000           21.94            0.16
  2011.2028           21.63            0.17
  2011.2054           20.92            0.16
  2011.2083           20.51            0.15
  2011.2109           18.44            0.15
  2011.2137           20.07            0.14
  2011.2164           22.10            0.13
  2011.2192           20.99            0.15
  2011.2219           22.35            0.19
  2011.2246           23.99            0.17
  2011.2274           21.17            0.15
  2011.2301           22.13            0.19
  2011.2329           22.93            0.15
  2011.2356           22.91            0.14
  2011.2384           21.88            0.16
  2011.2411           20.78            0.14
  2011.2439           20.50            0.15
  2011.2466           20.62            0.17
  2011.2493           20.19            0.16
  2011.2521           20.51            0.16
  2011.2548           19.14            0.14
  2011.2576           20.45            0.14
  2011.2603           19.66            0.24
  2011.2631           19.48            0.14
  2011.2657           20.08            0.14
  2011.2684           19.96            0.14
  2011.2712           20.70            0.15
  2011.2739           21.11            0.15
  2011.2767           20.29            0.15
  2011.2794           22.13            0.17
  2011.2822           20.43            0.16
  2011.2849           19.97            0.15
  2011.2877           20.38            0.14
  2011.2904           21.56            0.14
  2011.2931           25.99            0.32
  2011.2959           27.46            0.15
  2011.2986           26.97            0.15
  2011.3014           27.04            0.15
  2011.3041           26.80            0.20
  2011.3069           27.10            0.16
  2011.3096           26.62            0.14
  2011.3124           26.60            0.14
  2011.3151           26.24            0.13
  2011.3177           26.75            0.13
  2011.3206           26.82            0.14
  2011.3232           25.82            0.14
  2011.3260           26.25            0.13
  2011.3287           27.14            0.14
  2011.3315           27.30            0.17
  2011.3342           26.43            0.14
  2011.3370           26.88            0.14
  2011.3397           25.48            0.14
  2011.3424           27.82            0.18
  2011.3452           27.65            0.17
  2011.3479           29.13            0.18
  2011.3507           28.64            0.17
  2011.3534           28.82            0.18
  2011.3562           30.61            0.19
  2011.3589           28.99            0.18
  2011.3617           30.82            0.18
  2011.3644           29.57            0.17
  2011.3671           29.22            0.17
  2011.3699           28.71            0.18
  2011.3726           28.06            0.18
  2011.3754           27.56            0.13
  2011.3781           28.18            0.14
  2011.3809           27.29            0.15
  2011.3835           28.16            0.17
  2011.3864           27.50            0.33
  2011.3890           28.97            0.21
  2011.3917           28.55            0.20
  2011.3945           28.63            0.14
  2011.3972           28.32            0.18
  2011.4000           28.48            0.20
  2011.4055           28.21            0.28
  2011.4082           28.72            0.14
  2011.4110           28.79            0.34
  2011.4137           28.57            0.19
  2011.4164           28.83            0.13
  2011.4192           36.72            6.99
  2011.4219           28.15            0.21
  2011.4247           32.97            0.15
  2011.4274           32.49            0.29
  2011.4357           28.38            0.26
  2011.4384           28.07            0.23
  2011.4410           29.22            0.20
  2011.4438           28.00            0.15
  2011.4465           27.61            0.20
  2011.4493           27.29            0.14
  2011.4520           28.46            0.21
  2011.4548           29.37            0.22
  2011.4575           26.62            0.97
  2011.4685           28.97            0.23
  2011.4712           27.62            0.22
  2011.4767           28.72            0.22
  2011.4795           27.45            0.19
  2011.4822           28.24            0.16
  2011.4850           28.71            0.16
  2011.4877           29.50            0.14
  2011.4904           31.33            0.14
  2011.4932           32.79            0.15
  2011.4958           29.56            0.14
  2011.4987           30.10            0.13
  2011.5013           30.45            0.14
  2011.5042           29.04            0.14
  2011.5068           29.70            0.16
  2011.5096           30.93            0.22
  2011.5123           29.63            0.21
  2011.5150           29.31            0.20
  2011.5178           30.16            0.20
  2011.5205           32.49            0.20
  2011.5233           32.26            0.19
  2011.5260           29.41            0.21
  2011.5315           29.90            0.19
  2011.5343           27.88            0.17
  2011.5370           32.05            0.21
  2011.5397           33.45            0.21
  2011.5425           29.79            0.21
  2011.5452           29.84            0.20
  2011.5480           29.38            0.20
  2011.5507           28.23            0.20
  2011.5535           29.91            0.19
  2011.5562           27.76            0.26
  2011.5590           28.00            0.21
  2011.5616           31.13            0.19
  2011.5643           29.85            0.20
  2011.5671           26.41            0.22
  2011.5698           30.90            0.20
  2011.5726           32.19            0.20
  2011.5753           29.39            0.19
  2011.5781           31.05            0.19
  2011.5808           26.22            0.18
  2011.5863           28.37            0.20
  2011.5890           27.11            0.20
  2011.5918           28.19            0.22
  2011.5945           28.22            0.22
  2011.5973           27.37            0.22
  2011.6000           27.46            0.21
  2011.6028           26.52            0.21
  2011.6055           30.62            0.21
  2011.6083           31.75            0.19
  2011.6110           32.55            0.23
  2011.6136           29.10            0.23
  2011.6165           28.80            0.22
  2011.6191           26.73            0.21
  2011.6219           29.54            0.20
  2011.6246           25.86            0.23
  2011.6274           29.15            0.21
  2011.6301           27.86            0.20
  2011.6329           25.34            0.20
  2011.6356           33.62            0.22
  2011.6383           26.75            0.19
  2011.6411           26.30            0.19
  2011.6438           27.28            0.19
  2011.6466           27.71            0.19
  2011.6493           31.31            0.19
  2011.6521           29.03            0.20
  2011.6548           27.87            0.21
  2011.6576           28.42            0.21
  2011.6603           29.46            0.22
  2011.6630           28.30            0.23
  2011.6658           28.06            0.18
  2011.6685           28.39            0.20
  2011.6713           28.36            0.21
  2011.6740           28.77            0.20
  2011.6768           30.51            0.21
  2011.6794           28.66            0.21
  2011.6823           27.80            0.20
  2011.6849           28.88            0.20
  2011.6876           30.42            0.21
  2011.6904           32.90            0.21
  2011.6931           30.25            0.20
  2011.6959           28.25            0.21
  2011.6986           29.37            0.20
  2011.7014           29.30            0.20
  2011.7041           30.75            0.22
  2011.7069           30.64            0.15
  2011.7096           30.27            0.21
  2011.7123           29.27            0.19
  2011.7151           29.51            0.18
  2011.7178           29.59            0.19
  2011.7206           31.18            0.20
  2011.7233           29.97            0.19
  2011.7261           31.60            0.20
  2011.7288           30.75            0.20
  2011.7316           31.39            0.20
  2011.7343           27.95            0.17
  2011.7369           28.80            0.20
  2011.7397           29.57            0.19
  2011.7424           28.99            0.20
  2011.7452           28.36            0.19
  2011.7479           29.21            0.22
  2011.7507           29.81            0.24
  2011.7534           31.94            0.20
  2011.7561           33.37            0.21
  2011.7589           35.18            0.23
  2011.7616           32.74            0.26
  2011.7644           33.78            0.23
  2011.7671           32.95            0.22
  2011.7699           31.65            0.23
  2011.7726           31.80            0.20
  2011.7754           33.21            0.22
  2011.7781           33.35            0.24
  2011.7808           36.34            0.22
  2011.7836           33.17            0.22
  2011.7863           31.96            0.23
  2011.7891           31.22            0.22
  2011.7917           34.56            0.23
  2011.7946           32.52            0.20
  2011.7972           32.11            0.20
  2011.8000           33.93            0.22
  2011.8027           32.28            0.22
  2011.8054           33.46            0.22
  2011.8082           32.71            0.21
  2011.8109           36.12            0.20
  2011.8137           34.78            0.46
  2011.8164           34.26            0.27
  2011.8192           35.56            0.20
  2011.8219           35.26            0.21
  2011.8247           34.54            0.22
  2011.8274           35.53            0.22
  2011.8301           34.75            0.22
  2011.8329           34.32            0.22
  2011.8356           35.60            0.23
  2011.8384           34.41            0.23
  2011.8411           35.53            0.24
  2011.8439           34.92            0.23
  2011.8466           34.75            0.23
  2011.8494           34.57            0.23
  2011.8521           35.51            0.23
  2011.8547           35.43            0.26
  2011.8575           37.35            0.26
  2011.8602           35.51            0.26
  2011.8630           36.18            0.23
  2011.8657           34.50            0.25
  2011.8685           35.69            0.23
  2011.8712           35.81            0.24
  2011.8740           34.95            0.25
  2011.8767           35.49            0.25
  2011.8794           34.81            0.23
  2011.8822           35.52            0.25
  2011.8849           34.43            0.23
  2011.8877           36.26            0.25
  2011.8904           37.40            0.25
  2011.8932           36.93            0.23
  2011.8959           36.33            0.25
  2011.8987           36.82            0.22
  2011.9014           37.20            0.23
  2011.9041           37.06            0.22
  2011.9069           37.33            0.23
  2011.9095           37.96            0.24
  2011.9124           36.70            0.25
  2011.9150           38.17            0.23
  2011.9178           38.81            0.27
  2011.9205           36.46            0.25
  2011.9233           39.47            0.23
  2011.9260           38.27            0.24
  2011.9287           39.42            0.26
  2011.9315           39.78            0.24
  2011.9342           38.09            0.24
  2011.9370           39.23            0.25
  2011.9397           41.30            0.24
  2011.9425           38.42            0.23
  2011.9452           39.42            0.23
  2011.9480           37.88            0.23
  2011.9507           38.49            0.22
  2011.9534           39.80            0.24
  2011.9562           40.17            0.24
  2011.9589           40.08            0.23
  2011.9617           41.58            0.21
  2011.9644           41.77            0.22
  2011.9672           40.94            0.23
  2011.9698           40.61            0.22
  2011.9727           40.65            0.22
  2011.9753           40.33            0.23
  2011.9780           40.31            0.21
  2011.9808           40.45            0.21
  2011.9835           40.18            0.21
  2011.9863           42.01            0.22
  2011.9890           40.54            0.21
  2011.9918           40.15            0.22
  2012.0027           42.08            0.20
  2012.0055           42.27            0.18
  2012.0082           43.11            0.17
  2012.0110           43.12            0.17
  2012.0137           42.01            0.23
  2012.0165           40.38            0.17
  2012.0192           43.20            0.21
  2012.0220           44.99            0.20
  2012.0247           42.11            0.24
  2012.0273           43.73            0.21
  2012.0302           44.24            0.19
  2012.0328           42.32            0.19
  2012.0356           44.64            0.19
  2012.0383           44.86            0.21
  2012.0411           42.30            0.23
  2012.0438           43.34            0.21
  2012.0466           44.95            0.25
  2012.0493           46.75            0.24
  2012.0520           44.90            0.21
  2012.0548           43.12            0.23
  2012.0603           43.57            0.22
  2012.0630           41.50            0.22
  2012.0658           44.04            0.22
  2012.0685           42.06            0.27
  2012.0713           43.83            0.29
  2012.0740           43.77            0.27
  2012.0767           44.30            0.28
  2012.0795           46.71            0.23
  2012.0822           47.07            0.23
  2012.0850           46.31            0.19
  2012.0876           48.18            0.20
  2012.0905           45.09            0.20
  2012.0931           46.44            0.18
  2012.0959           45.77            0.24
  2012.0986           45.40            0.19
  2012.1013           46.28            0.21
  2012.1041           46.33            0.24
  2012.1068           45.40            0.22
  2012.1096           44.32            0.18
  2012.1123           45.05            0.18
  2012.1151           45.73            0.18
  2012.1178           41.23            0.23
  2012.1206           43.80            0.21
  2012.1233           44.54            0.22
  2012.1260           45.74            0.21
  2012.1288           47.53            0.20
  2012.1315           44.69            0.22
  2012.1343           45.09            0.21
  2012.1370           42.74            0.24
  2012.1398           43.97            0.21
  2012.1425           43.89            0.18
  2012.1453           43.73            0.19
  2012.1479           42.92            0.18
  2012.1506           42.70            0.20
  2012.1534           46.75            0.21
  2012.1561           44.98            0.22
  2012.1589           43.44            0.22
  2012.1616           46.53            0.21
  2012.1644           45.17            0.19
  2012.1671           43.48            0.20
  2012.1699           44.89            0.20
  2012.1726           45.05            0.20
  2012.1753           45.43            0.21
  2012.1781           45.63            0.24
  2012.1808           43.37            0.19
  2012.1836           42.84            0.23
  2012.1863           45.11            0.19
  2012.1891           44.93            0.20
  2012.1918           43.03            0.21
  2012.1946           44.18            0.21
  2012.1973           44.15            0.21
  2012.2000           42.73            0.21
  2012.2028           46.38            0.21
  2012.2054           42.27            0.19
  2012.2083           43.33            0.19
  2012.2109           45.43            0.21
  2012.2137           45.05            0.19
  2012.2164           45.75            0.19
  2012.2192           43.02            0.19
  2012.2219           44.03            0.19
  2012.2246           45.05            0.19
  2012.2274           43.04            0.19
  2012.2301           42.97            0.21
  2012.2329           41.83            0.18
  2012.2356           41.38            0.19
  2012.2384           41.77            0.17
  2012.2411           40.84            0.18
  2012.2439           38.95            0.17
  2012.2466           40.20            0.17
  2012.2493           41.07            0.22
  2012.2521           40.52            0.19
  2012.2548           41.77            0.20
  2012.2576           40.88            0.18
  2012.2603           39.99            0.21
  2012.2631           40.32            0.18
  2012.2657           42.49            0.17
  2012.2684           40.77            0.18
  2012.2712           41.13            0.19
  2012.2739           42.53            0.18
  2012.2767           43.13            0.19
  2012.2794           42.63            0.18
  2012.2822           43.79            0.18
  2012.2849           42.93            0.21
  2012.2877           43.82            0.19
  2012.2904           41.20            0.23
  2012.2931           42.95            0.19
  2012.2959           43.48            0.19
  2012.2986           42.88            0.19
  2012.3014           43.29            0.17
  2012.3041           44.39            0.19
  2012.3069           41.42            0.30
  2012.3096           43.70            0.15
  2012.3124           44.49            0.16
  2012.3151           44.86            0.20
  2012.3177           43.90            0.18
  2012.3206           43.06            0.18
  2012.3232           44.56            0.19
  2012.3260           46.51            0.17
  2012.3287           41.78            0.17
  2012.3315           42.17            0.17
  2012.3342           43.52            0.16
  2012.3370           42.30            0.16
  2012.3397           43.36            0.16
  2012.3424           42.19            0.17
  2012.3452           44.69            0.17
  2012.3479           47.66            0.20
  2012.3507           42.98            0.17
  2012.3534           44.06            0.17
  2012.3562           43.24            0.17
  2012.3589           43.90            0.17
  2012.3617           43.17            0.18
  2012.3644           43.83            0.17
  2012.3671           43.07            0.18
  2012.3699           43.14            0.18
  2012.3726           44.57            0.17
  2012.3754           42.97            0.18
  2012.3781           43.28            0.17
  2012.3809           42.11            0.16
  2012.3835           47.66            0.18
  2012.3864           40.86            0.18
  2012.3890           43.21            0.18
  2012.3917           43.00            0.18
  2012.3945           44.24            0.17
  2012.3972           43.36            0.16
  2012.4000           45.14            0.18
  2012.4027           39.40            0.17
  2012.4055           37.65            0.20
  2012.4110           43.51            0.18
  2012.4137           41.87            0.18
  2012.4164           43.39            0.17
  2012.4192           45.82            0.16
  2012.4219           44.05            0.17
  2012.4247           43.83            0.16
  2012.4274           43.32            0.19
  2012.4302           40.73            0.16
  2012.4329           43.07            0.15
  2012.4357           42.75            0.15
  2012.4384           43.14            0.18
  2012.4410           43.28            0.17
  2012.4438           43.47            0.18
  2012.4465           45.38            0.20
  2012.4493           42.57            0.20
  2012.4520           43.88            0.21
  2012.4548           43.92            0.15
  2012.4575           43.34            0.20
  2012.4603           42.79            0.18
  2012.4630           44.37            0.16
  2012.4657           45.63            0.16
  2012.4685           44.39            0.16
  2012.4712           45.77            0.17
  2012.4740           43.56            0.16
  2012.4767           43.76            0.16
  2012.4795           43.72            0.15
  2012.4822           43.41            0.16
  2012.4850           43.49            0.19
  2012.4877           43.00            0.19
  2012.4904           47.17            0.16
  2012.4932           45.88            0.17
  2012.4958           46.93            0.20
  2012.4987           49.33            0.16
  2012.5013           42.81            0.17
  2012.5042           41.31            0.17
  2012.5068           42.54            0.18
  2012.5096           43.96            0.18
  2012.5123           42.82            0.18
  2012.5150           42.91            0.17
  2012.5178           42.63            0.16
  2012.5205           43.12            0.17
  2012.5233           42.47            0.21
  2012.5260           41.60            0.19
  2012.5288           44.47            0.18
  2012.5315           42.72            0.19
  2012.5343           43.18            0.19
  2012.5370           45.40            0.18
  2012.5397           45.00            0.19
  2012.5425           44.03            0.19
  2012.5452           44.71            0.18
  2012.5480           42.54            0.20
  2012.5507           44.53            0.21
  2012.5535           45.02            0.18
  2012.5562           44.56            0.19
  2012.5590           43.50            0.17
  2012.5616           44.60            0.19
  2012.5643           42.96            0.16
  2012.5671           43.87            0.19
  2012.5698           43.29            0.19
  2012.5726           43.11            0.15
  2012.5753           44.18            0.19
  2012.5781           45.71            0.18
  2012.5808           44.48            0.16
  2012.5836           46.40            0.19
  2012.5863           41.42            0.21
  2012.5890           41.52            0.18
  2012.5918           46.22            0.19
  2012.5945           44.89            0.19
  2012.5973           45.16            0.30
  2012.6000           44.12            0.20
  2012.6028           43.56            0.18
  2012.6055           43.98            0.18
  2012.6083           44.80            0.18
  2012.6110           44.86            0.18
  2012.6136           45.63            0.19
  2012.6165           45.30            0.19
  2012.6191           46.42            0.19
  2012.6219           47.41            0.19
  2012.6246           43.63            0.19
  2012.6274           41.50            0.19
  2012.6301           48.44            0.20
  2012.6329           46.70            0.19
  2012.6356           47.83            0.19
  2012.6383           46.08            0.19
  2012.6411           47.00            0.19
  2012.6438           49.37            0.20
  2012.6466           46.30            0.18
  2012.6493           45.66            0.18
  2012.6521           45.36            0.19
  2012.6548           45.72            0.18
  2012.6576           45.63            0.18
  2012.6603           45.66            0.18
  2012.6630           45.72            0.19
  2012.6658           45.23            0.17
  2012.6685           45.21            0.18
  2012.6713           45.59            0.18
  2012.6740           45.82            0.20
  2012.6768           44.38            0.19
  2012.6794           46.17            0.19
  2012.6823           46.10            0.20
  2012.6849           45.62            0.19
  2012.6876           45.30            0.19
  2012.6904           44.59            0.19
  2012.6931           45.18            0.18
  2012.6959           46.28            0.18
  2012.6986           45.53            0.19
  2012.7014           44.75            0.18
  2012.7041           45.54            0.21
  2012.7069           46.13            0.18
  2012.7096           45.92            0.19
  2012.7123           46.86            0.19
  2012.7151           46.31            0.20
  2012.7178           46.79            0.20
  2012.7206           46.77            0.19
  2012.7233           47.99            0.20
  2012.7261           45.66            0.19
  2012.7288           46.25            0.19
  2012.7316           46.44            0.18
  2012.7343           46.47            0.21
  2012.7369           48.46            0.22
  2012.7397           48.29            0.21
  2012.7424           48.64            0.19
  2012.7452           48.61            0.21
  2012.7479           49.63            0.21
  2012.7507           48.60            0.23
  2012.7534           49.38            0.25
  2012.7561           48.69            0.20
  2012.7589           49.16            0.20
  2012.7616           51.90            0.21
  2012.7644           49.47            0.20
  2012.7671           48.66            0.23
  2012.7699           48.55            0.22
  2012.7726           48.31            0.21
  2012.7754           50.26            0.23
  2012.7781           50.34            0.19
  2012.7808           48.84            0.20
  2012.7836           49.64            0.20
  2012.7863           49.46            0.20
  2012.7891           48.92            0.22
  2012.7917           48.80            0.22
  2012.7946           48.57            0.23
  2012.7972           49.72            0.23
  2012.8000           48.91            0.19
  2012.8027           49.63            0.24
  2012.8054           49.36            0.22
  2012.8082           52.61            0.26
  2012.8109           50.37            0.21
  2012.8137           50.91            0.24
  2012.8164           52.33            0.22
  2012.8192           51.52            0.21
  2012.8219           50.37            0.24
  2012.8247           51.64            0.24
  2012.8274           50.43            0.24
  2012.8301           52.08            0.27
  2012.8329           51.27            0.21
  2012.8356           52.66            0.19
  2012.8384           51.92            0.20
  2012.8411           51.62            0.19
  2012.8439           51.98            0.25
  2012.8466           53.54            0.22
  2012.8494           53.15            0.21
  2012.8521           53.49            0.22
  2012.8547           52.95            0.20
  2012.8575           53.85            0.23
  2012.8602           52.96            0.22
  2012.8630           52.45            0.25
  2012.8657           52.55            0.21
  2012.8685           53.16            0.23
  2012.8712           52.78            0.20
  2012.8740           54.11            0.21
  2012.8767           54.31            0.23
  2012.8794           53.18            0.22
  2012.8822           52.94            0.23
  2012.8849           52.61            0.22
  2012.8877           53.56            0.21
  2012.8904           53.36            0.21
  2012.8932           53.26            0.24
  2012.8959           53.56            0.23
  2012.8987           53.91            0.23
  2012.9014           52.79            0.23
  2012.9041           53.94            0.91
  2012.9069           56.72            0.23
  2012.9095           56.32            0.22
  2012.9124           57.90            0.24
  2012.9150           56.49            0.29
  2012.9178           53.95            0.24
  2012.9205           55.31            0.21
  2012.9233           56.20            0.36
  2012.9260           56.06            0.26
  2012.9287           56.85            0.24
  2012.9315           56.71            0.24
  2012.9342           54.31            0.29
  2012.9370           56.72            0.24
  2012.9397           56.37            0.23
  2012.9425           57.21            0.21
  2012.9452           58.07            0.23
  2012.9480           57.92            0.22
  2012.9507           55.55            0.24
  2012.9534           55.83            0.23
  2012.9562           57.66            0.22
  2012.9589           55.89            0.22
  2012.9617           56.31            0.26
  2012.9644           57.48            0.22
  2012.9672           59.80            0.30
  2012.9698           58.34            0.27
  2012.9727           58.69            0.25
  2012.9753           56.71            0.21
  2012.9780           58.00            0.25
  2012.9808           57.95            0.23
  2012.9835           54.12            0.31
  2012.9863           59.00            0.24
  2012.9890           58.19            0.24
  2012.9918           58.25            0.22
  2012.9945           59.12            0.21
  2012.9973           56.42            0.22
  2013.0000           58.82            0.22
  2013.0027           61.37            0.28
  2013.0027           57.22            0.19
  2013.0055           58.20            0.19
  2013.0082           56.50            0.20
  2013.0110           56.88            0.19
  2013.0137           57.80            0.21
  2013.0165           60.22            0.22
  2013.0192           59.88            0.23
  2013.0220           57.87            0.18
  2013.0247           59.50            0.21
  2013.0273           59.54            0.22
  2013.0302           60.70            0.23
  2013.0328           56.13            0.19
  2013.0356           58.33            0.19
  2013.0383           59.16            0.20
  2013.0411           60.23            0.23
  2013.0438           59.64            0.23
  2013.0466           57.69            0.24
  2013.0493           59.28            0.19
  2013.0520           59.71            0.20
  2013.0548           60.04            0.20
  2013.0575           61.09            0.21
  2013.0603           61.20            0.23
  2013.0630           63.14            0.23
  2013.0658           62.71            0.21
  2013.0685           61.94            0.22
  2013.0713           62.03            0.19
  2013.0740           60.38            0.18
  2013.0767           58.78            0.22
  2013.0795           59.46            0.21
  2013.0822           60.79            0.20
  2013.0850           60.26            0.22
  2013.0876           58.75            0.21
  2013.0905           60.83            0.21
  2013.0931           61.20            0.19
  2013.0959           60.97            0.21
  2013.0986           62.29            0.21
  2013.1013           61.04            0.25
  2013.1041           59.81            0.19
  2013.1068           61.30            0.22
  2013.1096           59.89            0.22
  2013.1123           64.03            0.22
  2013.1151           59.92            0.23
  2013.1178           61.34            0.22
  2013.1206           61.13            0.19
  2013.1233           61.28            0.23
  2013.1260           60.35            0.20
  2013.1288           62.94            0.24
  2013.1315           60.99            0.21
  2013.1343           61.36            0.19
  2013.1370           61.06            0.18
  2013.1398           59.75            0.20
  2013.1425           62.34            0.23
  2013.1453           61.37            0.21
  2013.1479           62.53            0.20
  2013.1506           57.54            0.19
  2013.1534           59.20            0.20
  2013.1561           61.08            0.20
  2013.1589           61.24            0.20
  2013.1616           60.64            0.19
  2013.1644           63.56            0.21
  2013.1671           60.57            0.19
  2013.1699           59.97            0.19
  2013.1726           59.79            0.20
  2013.1753           59.95            0.22
  2013.1781           59.64            0.21
  2013.1808           60.68            0.22
  2013.1863           60.04            0.23
  2013.1918           56.79            0.24
  2013.2000           58.58            0.19
  2013.2028           57.41            0.20
  2013.2054           59.30            0.20
  2013.2083           60.09            0.20
  2013.2109           60.24            0.19
  2013.2164           58.43            0.22
  2013.2192           58.99            0.19
  2013.2219           60.21            0.19
  2013.2246           59.46            0.21
  2013.2274           60.06            0.21
  2013.2301           60.54            0.21
  2013.2329           60.05            0.19
  2013.2356           59.65            0.20
  2013.2384           59.22            0.20
  2013.2411           60.44            0.21
  2013.2439           60.05            0.21
  2013.2466           59.00            0.20
  2013.2493           59.49            0.20
  2013.2548           60.73            0.22
  2013.2576           60.45            0.20
  2013.2603           60.51            0.22
  2013.2631           59.36            0.19
  2013.2657           59.20            0.43
  2013.2684           58.52            0.21
  2013.2712           59.54            0.22
  2013.2794           59.26            0.21
  2013.2822           58.87            0.19
  2013.2849           61.49            0.19
  2013.2877           59.32            0.20
  2013.2904           60.26            0.19
  2013.2931           60.58            0.20
  2013.2959           60.02            0.20
  2013.2986           60.85            0.21
  2013.3014           62.64            0.20
  2013.3041           62.21            0.21
  2013.3069           58.35            0.19
  2013.3096           61.15            0.21
  2013.3124           59.11            0.20
  2013.3151           59.65            0.19
  2013.3177           60.26            0.20
  2013.3206           59.83            0.19
  2013.3232           59.91            0.20
  2013.3260           61.01            0.19
  2013.3287           59.60            0.18
  2013.3315           61.87            0.20
  2013.3342           55.86            0.22
  2013.3370           59.84            0.22
  2013.3397           59.36            0.20
  2013.3424           59.76            0.20
  2013.3452           58.46            0.20
  2013.3479           61.47            0.20
  2013.3562           57.74            0.19
  2013.3589           60.41            0.16
  2013.3617           61.63            0.32
  2013.3644           61.61            0.16
  2013.3671           61.25            0.17
  2013.3699           61.63            0.15
  2013.3726           61.20            0.15
  2013.3754           61.06            0.16
  2013.3781           61.64            0.16
  2013.3809           61.16            0.25
  2013.3835           62.12            0.16
  2013.3864           61.92            0.15
  2013.3890           62.20            0.14
  2013.3917           62.91            0.15
  2013.3945           63.30            0.15
  2013.4000           64.23            0.16
  2013.4027           63.18            0.17
  2013.4055           66.24            0.18
  2013.4082           65.63            0.16
  2013.4110           65.36            0.16
  2013.4137           65.01            0.17
  2013.4164           64.82            0.17
  2013.4192           62.87            0.16
  2013.4219           63.63            0.15
  2013.4247           65.83            0.19
  2013.4274           63.77            0.19
  2013.4302           64.48            0.18
  2013.4329           62.46            0.19
  2013.4357           64.16            0.18
  2013.4384           63.49            0.20
  2013.4410           64.02            0.19
  2013.4438           63.77            0.17
  2013.4465           64.85            0.16
  2013.4493           65.56            0.16
  2013.4520           65.99            0.19
  2013.4548           65.46            0.17
  2013.4575           63.56            0.15
  2013.4850           64.66            0.59
  2013.4877           62.84            0.18
  2013.4904           66.03            0.20
  2013.4932           66.34            0.21
  2013.4958           66.22            0.18
  2013.4987           64.57            0.18
  2013.5013           65.35            0.19
  2013.5042           65.12            0.18
  2013.5068           64.25            0.18
  2013.5096           64.55            0.19
  2013.5123           63.65            0.18
  2013.5150           63.63            0.17
  2013.5178           66.64            0.18
  2013.5205           61.84            0.19
  2013.5233           62.62            0.18
  2013.5260           64.84            0.18
  2013.5288           63.80            0.17
  2013.5315           65.20            0.19
  2013.5343           63.93            0.19
  2013.5370           64.63            0.20
  2013.5397           64.32            0.17
  2013.5425           63.70            0.18
  2013.5452           65.30            0.18
  2013.5480           64.35            0.17
  2013.5507           64.24            0.17
  2013.5535           65.11            0.17
  2013.5562           65.06            0.17
  2013.5590           65.55            0.17
  2013.5616           65.20            0.17
  2013.5643           65.11            0.18
  2013.5671           66.04            0.19
  2013.5698           65.33            0.17
  2013.5726           65.33            0.17
  2013.5753           65.54            0.16
  2013.5781           68.39            0.17
  2013.5808           66.13            0.17
  2013.5836           65.48            0.17
  2013.5863           65.88            0.17
  2013.5890           66.62            0.18
  2013.5918           66.74            0.19
  2013.5945           65.85            0.18
  2013.5973           67.12            0.19
  2013.6000           69.34            0.20
  2013.6028           64.09            0.18
  2013.6055           64.96            0.16
  2013.6083           64.75            0.17
  2013.6110           66.28            0.18
  2013.6136           64.50            0.16
  2013.6165           63.61            0.15
  2013.6191           63.63            0.17
  2013.6219           63.01            0.18
  2013.6246           63.69            0.17
  2013.6274           63.73            0.17
  2013.6301           64.50            0.18
  2013.6329           63.84            0.18
  2013.6356           64.00            0.18
  2013.6383           63.81            0.17
  2013.6411           62.05            0.17
  2013.6438           64.01            0.18
  2013.6466           62.35            0.18
  2013.6493           65.10            0.18
  2013.6521           64.71            0.17
  2013.6548           64.82            0.17
  2013.6576           63.92            0.18
  2013.6603           65.02            0.18
  2013.6630           65.53            0.18
  2013.6658           66.26            0.19
  2013.6685           65.79            0.19
  2013.6713           64.48            0.19
  2013.6740           65.04            0.19
  2013.6768           68.52            0.21
  2013.6794           69.05            0.20
  2013.6823           68.49            0.31
  2013.6849           69.85            0.21
  2013.6876           70.17            0.22
  2013.6904           72.05            0.21
  2013.6931           65.09            0.21
  2013.6959           65.71            0.20
  2013.6986           65.66            0.20
  2013.7014           66.55            0.19
  2013.7041           66.37            0.20
  2013.7069           67.45            0.16
  2013.7096           67.34            0.17
  2013.7123           68.00            0.16
  2013.7151           68.11            0.15
  2013.7178           68.89            0.17
  2013.7206           69.59            0.17
  2013.7233           67.64            0.17
  2013.7261           68.15            0.16
  2013.7288           66.49            0.18
  2013.7316           67.70            0.16
  2013.7343           67.63            0.16
  2013.7369           68.27            0.20
  2013.7397           68.21            0.17
  2013.7424           66.99            0.18
  2013.7561           69.06            0.16
  2013.7589           68.74            0.17
  2013.7616           69.85            0.18
  2013.7644           69.29            0.16
  2013.7671           69.90            0.20
  2013.7699           69.35            0.17
  2013.7726           69.16            0.17
  2013.7754           70.64            0.18
  2013.7781           69.85            0.20
  2013.7808           69.25            0.19
  2013.7836           69.23            0.19
  2013.7863           68.66            0.20
  2013.7891           69.25            0.17
  2013.7917           69.79            0.19
  2013.7946           69.63            0.19
  2013.7972           70.27            0.17
  2013.8000           69.66            0.18
  2013.8027           72.96            0.21
  2013.8054           69.09            0.19
  2013.8082           68.96            0.19
  2013.8109           70.23            0.17
  2013.8137           67.62            1.00
  2013.8164           70.48            0.18
  2013.8192           70.21            0.17
  2013.8219           70.82            0.18
  2013.8247           71.61            0.18
  2013.8274           70.84            0.19
  2013.8301           71.59            0.18
  2013.8329           73.47            0.17
  2013.8356           71.59            0.17
  2013.8384           71.32            0.16
  2013.8411           73.42            0.16
  2013.8439           72.09            0.16
  2013.8466           70.99            0.16
  2013.8494           73.79            0.17
  2013.8521           73.19            0.16
  2013.8547           72.16            0.18
  2013.8575           72.67            0.18
  2013.8602           73.51            0.20
  2013.8630           73.14            0.18
  2013.8657           74.31            0.19
  2013.8685           75.12            0.19
  2013.8712           75.29            0.19
  2013.8740           72.31            0.19
  2013.8767           74.05            0.17
  2013.8794           74.13            0.16
  2013.8822           72.54            0.17
  2013.8849           74.30            0.17
  2013.8877           74.24            0.19
  2013.8904           74.73            0.34
  2013.9041           74.62            0.25
  2013.9069           76.03            0.36
  2013.9095           76.28            0.34
  2013.9124           76.70            0.17
  2013.9150           76.66            0.17
  2013.9178           77.25            0.17
  2013.9205           76.93            0.18
  2013.9233           75.16            0.20
  2013.9260           75.87            0.17
  2013.9287           76.75            0.17
  2013.9315           76.49            0.17
  2013.9342           75.87            0.18
  2013.9370           78.96            0.19
  2013.9397           77.11            0.18
  2013.9425           78.23            0.17
  2013.9452           77.73            0.18
  2013.9480           78.43            0.18
  2013.9507           77.87            0.18
  2013.9534           78.53            0.21
  2013.9562           78.07            0.17
  2013.9589           75.58            0.21
  2013.9617           77.34            0.18
  2013.9644           77.40            0.19
  2013.9672           77.93            0.18
  2013.9698           77.80            0.19
  2013.9727           77.81            0.19
  2013.9753           79.29            0.18
  2013.9780           78.20            0.17
  2013.9808           80.06            0.17
  2013.9890           77.91            0.23
  2013.9918           78.75            0.18
  2013.9945           79.45            0.19
  2013.9973           80.60            0.18
  2014.0000           79.30            0.19
  2014.0027           81.03            0.21
  2014.0055           79.01            0.25
  2014.0082           77.97            0.19
  2014.0110           82.37            0.20
  2014.0137           81.77            0.20
  2014.0165           80.52            0.21
  2014.0192           81.34            0.20
  2014.0220           80.08            0.21
  2014.0247           81.40            0.21
  2014.0273           81.80            0.22
  2014.0302           79.98            0.21
  2014.0328           80.78            0.21
  2014.0356           81.21            0.17
  2014.0383           80.39            0.23
  2014.0411           80.34            0.18
  2014.0438           80.23            0.21
  2014.0466           80.18            0.18
  2014.0493           80.35            0.18
  2014.0548           81.10            0.20
  2014.0575           81.19            0.21
  2014.0603           80.16            0.19
  2014.0630           81.51            0.24
  2014.0658           79.48            0.22
  2014.0685           80.74            0.21
  2014.0713           81.34            0.18
  2014.0740           81.32            0.19
  2014.0767           79.91            0.23
  2014.0795           80.75            0.20
  2014.0822           79.48            0.23
  2014.0850           82.12            0.23
  2014.0876           80.52            0.22
  2014.0905           79.99            0.20
  2014.0931           81.41            0.22
  2014.0959           79.84            0.20
  2014.0986           82.63            0.21
  2014.1013           81.25            0.21
  2014.1041           80.66            0.22
  2014.1068           82.14            0.17
  2014.1096           82.10            0.19
  2014.1123           82.26            0.17
  2014.1151           79.39            0.20
  2014.1178           82.66            0.19
  2014.1206           81.44            0.18
  2014.1233           82.57            0.20
  2014.1260           81.47            0.20
  2014.1288           80.45            0.21
  2014.1315           81.66            0.20
  2014.1343           81.31            0.19
  2014.1370           79.66            0.21
  2014.1398           79.26            0.21
  2014.1425           79.42            0.21
  2014.1453           81.79            0.24
  2014.1479           80.22            0.21
  2014.1506           82.05            0.19
  2014.1534           81.58            0.22
  2014.1561           82.99            0.22
  2014.1589           82.43            0.21
  2014.1616           81.53            0.19
  2014.1644           81.93            0.21
  2014.1671           81.49            0.22
  2014.1699           85.56            0.49
  2014.1726           77.49            0.21
  2014.1753           81.40            0.23
  2014.1781           80.36            0.23
  2014.1808           81.61            0.22
  2014.1836           81.68            0.26
  2014.1863           80.78            0.24
  2014.1891           81.15            0.23
  2014.1918           81.21            0.24
  2014.1946           81.27            0.23
  2014.1973           80.09            0.23
  2014.2000           79.27            0.21
  2014.2028           82.04            0.22
  2014.2054           83.01            0.23
  2014.2083           79.74            0.23
  2014.2109           79.67            0.21
  2014.2137           80.62            0.21
  2014.2164           80.24            0.24
  2014.2192           79.10            0.21
  2014.2384           82.84            0.38
  2014.2411           80.63            0.23
  2014.2439           79.68            0.26
  2014.2466           79.53            0.24
  2014.2493           80.27            0.20
  2014.2521           79.79            0.20
  2014.2548           80.31            0.21
  2014.2576           81.11            0.20
  2014.2603           79.86            0.21
  2014.2631           79.73            0.20
  2014.2657           79.31            0.19
  2014.2684           81.86            0.23
  2014.2712           80.25            0.21
  2014.2739           81.29            0.22
  2014.2767           81.39            0.21
  2014.2794           81.28            0.23
  2014.2822           81.58            0.19
  2014.2849           81.96            0.18
  2014.2877           80.00            0.20
  2014.2904           80.78            0.19
  2014.2931           80.86            0.19
  2014.2959           80.30            0.18
  2014.2986           80.23            0.18
  2014.3014           81.78            0.19
  2014.3041           80.54            0.20
  2014.3069           78.60            0.19
  2014.3096           80.31            0.19
  2014.3124           80.60            0.19
  2014.3151           81.75            0.19
  2014.3177           81.64            0.18
  2014.3206           82.44            0.19
  2014.3232           83.16            0.18
  2014.3260           82.35            0.19
  2014.3287           82.51            0.20
  2014.3479           83.00            0.20
  2014.3507           83.02            0.19
  2014.3534           82.30            0.19
  2014.3562           83.51            0.19
  2014.3589           84.03            0.18
  2014.3617           83.83            0.19
  2014.3644           83.43            0.19
  2014.3671           81.34            0.20
  2014.3699           82.63            0.19
  2014.3726           82.98            0.19
  2014.3754           83.03            0.20
  2014.3781           83.24            0.20
  2014.3809           83.68            0.18
  2014.3835           86.21            0.19
  2014.3864           83.83            0.21
  2014.3890           82.41            0.21
  2014.3917           82.87            0.20
  2014.3945           83.47            0.19
  2014.3972           84.05            0.20
  2014.4000           84.82            0.19
  2014.4027           83.46            0.18
  2014.4055           79.15            0.20
  2014.4082           83.16            0.20
  2014.4110           84.16            0.19
  2014.4137           86.71            0.19
  2014.4164           87.15            0.19
  2014.4192           87.37            0.19
  2014.4219           84.46            0.20
  2014.4247           86.75            0.19
  2014.4274           85.81            0.19
  2014.4302           86.67            0.18
  2014.4329           88.99            0.18
  2014.4357           86.27            0.18
  2014.4384           86.65            0.18
  2014.4410           85.95            0.20
  2014.4438           86.15            0.21
  2014.4465           85.32            0.19
  2014.4493           86.65            0.17
  2014.4520           90.07            0.18
  2014.4548           82.06            0.18
  2014.4575           81.32            0.17
  2014.4603           83.11            0.16
  2014.4630           82.98            0.16
  2014.4657           83.14            0.16
  2014.4685           83.64            0.16
  2014.4712           86.52            0.16
  2014.4740           84.32            0.17
