  2010.2411            0.00            5.02
  2010.2439           15.64            1.52
  2010.2466           12.14            1.64
  2010.2493            8.78            1.54
  2010.2521           15.20            1.54
  2010.2548           15.79            1.44
  2010.2576           14.91            1.02
  2010.2603           15.05            1.43
  2010.2631            9.91            1.52
  2010.2657           12.69            1.50
  2010.2684            7.00            1.75
  2010.2904           10.77            8.13
  2010.2931           -3.64            1.52
  2010.2959            3.45            1.53
  2010.2986            0.39            1.48
  2010.3014            3.57            1.44
  2010.3069            4.93            1.43
  2010.3096            5.94            1.48
  2010.3124            1.02            1.73
  2010.4357           10.73            1.33
  2010.4384           10.37            1.38
  2010.4410           12.04            1.38
  2010.4438            0.69            1.47
  2010.4465           -0.50            1.40
  2010.4493            1.26            1.43
  2010.4520            0.51            1.58
  2010.4548           -4.52            1.38
  2010.4575            1.75            1.42
  2010.4603           -1.20            1.66
  2010.4630           -1.75            1.64
  2010.4657           -8.23            1.60
  2010.4685            2.68            1.36
  2010.4712            2.08            1.42
  2010.4740            3.26            1.41
  2010.4767            4.32            1.52
  2010.4795           -7.31            1.52
  2010.4822            4.92            1.41
  2010.4850            5.55            1.63
  2010.4877            1.81            1.40
  2010.4904            9.17            1.41
  2010.4932            7.85            1.39
  2010.4958            9.17            1.87
  2010.5013            0.02            2.43
  2010.5042           10.13            1.39
  2010.5068            5.96            2.19
  2010.5205            0.57            2.31
  2010.5233            0.43            1.43
  2010.5260           -4.92            1.51
  2010.5288           -7.15            1.38
  2010.5315            4.17            1.35
  2010.5343           -2.82            1.34
  2010.5370           -0.56            1.40
  2010.5397            1.99            1.38
  2010.5425            3.33            1.41
  2010.5452            2.04            1.33
  2010.5480           -3.85            1.38
  2010.5507          -13.74            1.44
  2010.5535           -7.13            1.42
  2010.5562          -10.91            1.45
  2010.5590           -7.81            1.52
  2010.5616          -10.66            1.52
  2010.5643           -8.55            1.48
  2010.5671           -3.25            1.41
  2010.5698           -5.85            1.49
  2010.5726           -9.02            1.89
  2010.5836           -0.98            1.40
  2010.5863           -6.65            1.39
  2010.5890           -1.41            1.43
  2010.5918           -5.07            1.38
  2010.5945           -8.90            2.90
  2010.5973           -5.44            1.41
  2010.6000           -7.82            1.38
  2010.6028           -3.85            1.37
  2010.6055            1.49            1.36
  2010.6083           -2.33            1.35
  2010.6110           -0.92            1.42
  2010.6136           -5.90            1.35
  2010.6165           -8.23            1.35
  2010.6191           -1.58            1.32
  2010.6219            2.86            1.36
  2010.6246           -2.45            1.48
  2010.6274           -6.38            1.56
  2010.6301           -4.10            1.41
  2010.6329            1.87            1.35
  2010.6356            3.47            1.37
  2010.6383            4.06            1.53
  2010.6411           -3.55            1.39
  2010.6438           -4.06            1.40
  2010.6466            2.08            1.40
  2010.6493           -3.65            1.37
  2010.6521           -3.95            1.45
  2010.6548           -1.42            1.45
  2010.6576            3.44            1.46
  2010.6603            2.64            1.34
  2010.6630            0.55            1.46
  2010.6658           -0.67            1.39
  2010.6685            1.26            1.41
  2010.6713           -3.53            1.43
  2010.6740           -6.87            1.52
  2010.6768           -1.23            1.46
  2010.6794            6.36            1.32
  2010.6823           -1.88            1.34
  2010.6849            0.76            1.34
  2010.6876            2.02            1.35
  2010.6904            5.40            1.36
  2010.6931            1.78            1.37
  2010.6959            8.59            1.46
  2010.6986            2.46            1.40
  2010.7014           -6.08            1.37
  2010.7041           -3.00            1.40
  2010.7069           -4.45            1.56
  2010.7096            6.78            1.38
  2010.7123            4.30            1.36
  2010.7151           -4.73            1.45
  2010.7178            2.79            1.37
  2010.7206            2.59            1.39
  2010.7233            2.23            1.34
  2010.7261            5.54            1.35
  2010.7288            2.38            1.34
  2010.7316           -0.75            1.34
  2010.7343            0.03            1.39
  2010.7369           -1.20            1.49
  2010.7397           -2.48            1.47
  2010.7424           -2.03            1.42
  2010.7452            3.78            1.36
  2010.7479            4.23            1.39
  2010.7507            1.38            1.44
  2010.7534            1.23            1.35
  2010.7561            4.82            1.46
  2010.7589            2.30            1.38
  2010.7616            1.25            1.36
  2010.7644           -1.95            1.39
  2010.7671           -0.31            1.33
  2010.7699            8.38            1.36
  2010.7726            9.14            1.32
  2010.7754            4.32            1.33
  2010.7781            4.33            1.33
  2010.7808            1.48            1.42
  2010.7836            9.82            1.42
  2010.7863           -1.50            1.53
  2010.7891           -1.24            1.38
  2010.7917            5.81            1.34
  2010.7946            4.08            1.38
  2010.7972           -0.18            1.37
  2010.8000           -0.50            1.39
  2010.8027           -1.35            1.45
  2010.8054            0.49            1.41
  2010.8137           -0.40            1.37
  2010.8164            2.41            1.41
  2010.8192           -0.10            1.47
  2010.8219           -0.11            1.47
  2010.8247           -4.81            1.47
  2010.8274          -11.47            1.55
  2010.8301           -4.12            1.36
  2010.8329            3.83            1.44
  2010.8356           10.31            1.40
  2010.8384            6.31            1.43
  2010.8411            1.41            1.40
  2010.8439            2.95            1.43
  2010.8466           -0.77            1.39
  2010.8494            3.42            1.45
  2010.8521            1.52            1.55
  2010.8547           -3.15            1.67
  2010.8575           -0.34            1.35
  2010.8602            7.28            1.40
  2010.8630            1.57            1.36
  2010.8657            3.61            1.36
  2010.8685            9.24            1.54
  2010.8712            2.93            1.39
  2010.8740           10.86            1.41
  2010.8767            8.86            1.45
  2010.8794            4.46            1.41
  2010.8822            5.71            1.45
  2010.8849            2.62            1.48
  2010.8877            2.65            1.50
  2010.8904           -3.51            1.52
  2010.8932            8.93            2.01
  2010.8959           10.50            1.44
  2010.8987            5.95            1.49
  2010.9014            5.30            1.38
  2010.9041           10.18            1.44
  2010.9069            3.16            1.37
  2010.9095           10.11            1.41
  2010.9124           11.36            1.43
  2010.9150            5.32            1.37
  2010.9178            7.39            1.37
  2010.9205            5.48            1.34
  2010.9233            5.53            1.39
  2010.9260            7.64            1.30
  2010.9287            7.20            1.32
  2010.9315           11.07            1.40
  2010.9342           13.72            1.40
  2010.9370            9.60            1.32
  2010.9397           11.19            1.37
  2010.9425            5.24            1.33
  2010.9452           12.60            1.43
  2010.9480            4.00            1.41
  2010.9507           11.47            1.36
  2010.9562            3.81            1.38
  2010.9589            9.60            1.41
  2010.9644            6.64            1.37
  2011.0027            5.27            1.46
  2011.0055            2.93            1.46
  2011.0082            3.45            1.55
  2011.0110            9.85            1.54
  2011.0137           11.36            1.43
  2011.0165            7.37            1.43
  2011.0192            2.88            1.44
  2011.0220            3.75            1.45
  2011.0247           10.95            1.45
  2011.0273           13.01            1.44
  2011.0302            9.81            1.44
  2011.0328            4.15            1.52
  2011.0356            7.00            1.55
  2011.0383            9.79            1.46
  2011.0411           10.07            1.55
  2011.0438            1.06            1.59
  2011.0466            9.50            1.43
  2011.0493           -1.33            1.64
  2011.0520            5.93            1.55
  2011.0548           10.53            1.57
  2011.0575           10.17            1.50
  2011.0603            6.46            1.56
  2011.0630            1.64            1.50
  2011.0658           -1.48            1.53
  2011.1425           13.91            5.56
  2011.1453            8.61            1.56
  2011.1479           10.91            1.65
  2011.1506           -1.05            1.57
  2011.1534            1.29            1.56
  2011.1561           -1.54            1.48
  2011.1589            2.80            1.50
  2011.1616            7.48            1.49
  2011.1644           -0.72            1.53
  2011.1671            1.42            1.54
  2011.1699           -1.27            1.56
  2011.1726            3.02            1.63
  2011.1753            4.46            1.58
  2011.1781            7.91            1.98
  2011.1808            8.73            1.52
  2011.1836            6.12            1.55
  2011.1863            8.35            1.62
  2011.1891           11.75            1.87
  2011.1918           -4.13            1.81
  2011.1946            7.66            1.79
  2011.1973            7.34            1.52
  2011.2000            1.82            1.68
  2011.2028            0.98            1.83
  2011.2054            2.29            1.73
  2011.2083            4.87            1.65
  2011.2109            7.63            1.53
  2011.2137            7.68            1.51
  2011.2164           -0.80            1.49
  2011.2192            0.39            1.63
  2011.2219           -0.28            1.56
  2011.2246            5.07            1.46
  2011.2274            2.02            1.59
  2011.2301            0.26            1.57
  2011.2329            0.65            1.54
  2011.2356            9.41            1.54
  2011.2384            7.11            1.47
  2011.2411           11.28            1.56
  2011.2439            1.63            1.59
  2011.2466            3.20            1.79
  2011.2493           12.50            1.67
  2011.2521            8.29            1.64
  2011.2548           -1.51            1.53
  2011.2576           -2.01            1.48
  2011.2603            4.69            1.82
  2011.2631            0.86            1.52
  2011.2657            1.85            1.51
  2011.2684            7.50            1.45
  2011.2712            2.44            1.52
  2011.2739           -0.85            1.56
  2011.2767            8.82            1.64
  2011.2794            1.06            1.55
  2011.2822           -3.51            1.66
  2011.2849           -9.98            1.55
  2011.2877           -3.09            1.48
  2011.2904            1.35            1.47
  2011.2931          -10.93            3.32
  2011.2959          -11.15            1.45
  2011.2986          -13.37            1.48
  2011.3014          -18.60            1.48
  2011.3041          -23.22            1.58
  2011.3069          -25.65            1.68
  2011.3096          -13.84            1.45
  2011.3124          -13.98            1.46
  2011.3151          -10.44            1.42
  2011.3177          -13.48            1.42
  2011.3206          -12.65            1.44
  2011.3232          -21.72            1.55
  2011.3260          -14.18            1.46
  2011.3287          -15.61            1.46
  2011.3315          -20.10            1.39
  2011.3342          -17.33            1.41
  2011.3370          -14.73            1.48
  2011.3397           -7.95            1.48
  2011.3424          -11.28            1.41
  2011.3452           -9.44            1.38
  2011.3479          -19.06            1.43
  2011.3507          -13.34            1.40
  2011.3534          -15.66            1.42
  2011.3562          -24.15            1.52
  2011.3589          -18.70            1.43
  2011.3617          -16.31            1.40
  2011.3644          -10.81            1.35
  2011.3671          -18.20            1.36
  2011.3699          -15.03            1.39
  2011.3726          -19.60            1.44
  2011.3754          -17.34            1.45
  2011.3781          -15.03            1.48
  2011.3809          -22.13            1.55
  2011.3835          -21.59            1.77
  2011.3864          -11.71            2.67
  2011.3890          -12.14            2.31
  2011.3917          -15.79            1.82
  2011.3945          -16.32            1.60
  2011.3972          -18.57            1.48
  2011.4000          -21.17            2.09
  2011.4055          -12.70            2.43
  2011.4082          -10.77            1.48
  2011.4110           -9.44            4.53
  2011.4137          -10.72            2.20
  2011.4164          -15.84            1.38
  2011.4192          -38.17           23.39
  2011.4219           -9.84            2.24
  2011.4247          -17.43            1.50
  2011.4274          -16.40            2.14
  2011.4357          -18.63            2.77
  2011.4384          -13.50            2.22
  2011.4410           -4.51            2.40
  2011.4438          -16.09            1.58
  2011.4465           -7.42            2.34
  2011.4493           -5.74            1.52
  2011.4520          -11.83            2.21
  2011.4548           -7.12            2.72
  2011.4575          -16.08            5.44
  2011.4685          -12.18            2.56
  2011.4712          -17.24            1.76
  2011.4767           -8.05            2.50
  2011.4795          -15.02            1.92
  2011.4822           -9.58            1.69
  2011.4850          -13.00            1.59
  2011.4877          -11.50            1.46
  2011.4904          -17.76            1.48
  2011.4932          -31.92            1.55
  2011.4958          -18.94            1.49
  2011.4987          -21.90            1.48
  2011.5013          -20.01            1.45
  2011.5042          -10.33            1.47
  2011.5068          -13.53            1.63
  2011.5096          -14.02            1.67
  2011.5123          -11.43            1.58
  2011.5150          -12.70            1.55
  2011.5178          -13.83            1.60
  2011.5205          -10.69            1.53
  2011.5233          -16.24            1.51
  2011.5260          -19.18            1.63
  2011.5315          -15.34            1.54
  2011.5343          -21.55            1.69
  2011.5370          -26.06            1.69
  2011.5397          -21.01            1.68
  2011.5425          -33.55            1.66
  2011.5452          -18.49            1.54
  2011.5480          -24.82            1.52
  2011.5507          -25.26            1.57
  2011.5535          -23.94            1.55
  2011.5562          -18.11            2.02
  2011.5590          -23.41            1.61
  2011.5616          -17.99            1.52
  2011.5643          -31.95            1.60
  2011.5671          -15.26            1.65
  2011.5698          -21.33            1.57
  2011.5726          -26.43            1.56
  2011.5753          -22.94            1.50
  2011.5781          -24.14            1.52
  2011.5808          -15.94            1.48
  2011.5863          -22.26            1.61
  2011.5890          -20.86            1.54
  2011.5918          -20.73            1.68
  2011.5945          -21.70            1.69
  2011.5973          -15.27            1.74
  2011.6000          -14.98            1.71
  2011.6028          -28.82            1.74
  2011.6055          -13.28            1.71
  2011.6083          -18.86            1.54
  2011.6110          -17.51            1.77
  2011.6136          -22.64            1.73
  2011.6165          -16.75            1.64
  2011.6191          -14.30            1.60
  2011.6219          -18.78            1.58
  2011.6246          -25.66            1.80
  2011.6274          -20.62            1.62
  2011.6301          -20.70            1.68
  2011.6329          -21.60            1.59
  2011.6356          -25.15            1.66
  2011.6383          -16.49            1.56
  2011.6411          -20.08            1.53
  2011.6438          -22.05            1.51
  2011.6466          -19.27            1.60
  2011.6493          -18.47            1.57
  2011.6521          -17.85            1.65
  2011.6548          -24.90            1.68
  2011.6576          -23.30            1.68
  2011.6603          -23.64            1.76
  2011.6630          -20.33            1.78
  2011.6658          -11.94            1.52
  2011.6685           -7.03            1.70
  2011.6713          -14.37            1.63
  2011.6740          -23.34            1.63
  2011.6768          -22.00            1.66
  2011.6794          -19.77            1.59
  2011.6823          -16.85            1.58
  2011.6849          -21.98            1.57
  2011.6876          -17.23            1.67
  2011.6904          -27.45            1.70
  2011.6931          -17.07            1.60
  2011.6959          -24.23            1.61
  2011.6986          -15.74            1.57
  2011.7014          -13.74            1.58
  2011.7041          -15.92            1.61
  2011.7069          -19.51            1.62
  2011.7096          -24.41            1.69
  2011.7123          -12.47            1.55
  2011.7151          -21.36            1.50
  2011.7178          -20.29            1.50
  2011.7206          -16.66            1.58
  2011.7233          -21.58            1.57
  2011.7261          -16.38            1.58
  2011.7288          -21.15            1.60
  2011.7316          -22.87            1.62
  2011.7343          -14.41            1.67
  2011.7369          -16.74            1.60
  2011.7397          -15.86            1.61
  2011.7424          -25.88            1.65
  2011.7452          -21.79            1.57
  2011.7479          -16.31            1.69
  2011.7507          -22.28            1.79
  2011.7534          -18.23            1.55
  2011.7561          -16.69            1.61
  2011.7589          -20.61            1.69
  2011.7616          -19.26            1.82
  2011.7644          -22.69            1.73
  2011.7671          -21.49            1.62
  2011.7699          -32.84            1.63
  2011.7726          -21.11            1.58
  2011.7754          -20.10            1.65
  2011.7781          -12.90            1.83
  2011.7808          -13.77            1.74
  2011.7836          -22.19            1.66
  2011.7863          -23.44            1.72
  2011.7891          -23.55            1.71
  2011.7917          -21.88            1.75
  2011.7946          -18.18            1.57
  2011.7972          -21.53            1.57
  2011.8000          -19.00            1.72
  2011.8027          -12.31            1.74
  2011.8054          -22.35            1.65
  2011.8082          -13.59            1.62
  2011.8109          -19.86            1.66
  2011.8137          -23.95            1.82
  2011.8164          -13.15            1.94
  2011.8192          -15.61            1.64
  2011.8219          -18.36            1.66
  2011.8247          -18.83            1.66
  2011.8274          -13.35            1.65
  2011.8301           -8.86            1.65
  2011.8329          -11.44            1.62
  2011.8356          -11.73            1.67
  2011.8384          -12.19            1.69
  2011.8411          -17.75            1.70
  2011.8439          -13.39            1.69
  2011.8466           -8.22            1.74
  2011.8494           -8.04            1.70
  2011.8521          -13.78            1.70
  2011.8547          -16.05            1.91
  2011.8575          -23.44            1.90
  2011.8602          -10.25            1.81
  2011.8630           -7.22            1.71
  2011.8657          -14.91            1.79
  2011.8685          -18.19            1.77
  2011.8712          -12.84            1.84
  2011.8740          -16.58            1.88
  2011.8767          -16.72            1.85
  2011.8794          -18.48            1.78
  2011.8822          -16.44            1.82
  2011.8849          -17.63            1.76
  2011.8877          -18.78            1.79
  2011.8904          -26.54            1.81
  2011.8932          -18.30            1.77
  2011.8959          -24.61            1.81
  2011.8987          -22.28            1.67
  2011.9014          -21.15            1.65
  2011.9041          -19.80            1.62
  2011.9069          -19.21            1.68
  2011.9095          -21.75            1.73
  2011.9124          -16.90            1.75
  2011.9150          -13.07            1.74
  2011.9178          -20.40            1.85
  2011.9205          -12.59            1.73
  2011.9233          -14.97            1.70
  2011.9260          -10.66            1.73
  2011.9287           -1.60            1.91
  2011.9315           -2.24            1.84
  2011.9342          -15.20            1.80
  2011.9370          -11.22            1.84
  2011.9397           -9.60            1.77
  2011.9425          -14.29            1.75
  2011.9452           -9.83            1.71
  2011.9480           -9.84            1.78
  2011.9507          -12.39            1.65
  2011.9534          -12.63            1.76
  2011.9562           -7.85            1.78
  2011.9589          -13.14            1.76
  2011.9617          -14.34            1.69
  2011.9644           -6.26            1.73
  2011.9672           -9.02            1.73
  2011.9698          -17.49            1.74
  2011.9727          -16.68            1.73
  2011.9753           -6.18            1.74
  2011.9780           -8.04            1.62
  2011.9808           -8.44            1.67
  2011.9835          -14.09            1.61
  2011.9863          -13.64            1.68
  2011.9890           -9.26            1.63
  2011.9918          -13.70            1.75
  2012.0027           -8.12            1.67
  2012.0055          -14.73            1.68
  2012.0082          -10.56            1.54
  2012.0110           -7.60            1.57
  2012.0137          -16.82            1.80
  2012.0165          -10.55            1.54
  2012.0192          -17.37            1.70
  2012.0220          -18.49            1.75
  2012.0247          -22.95            1.99
  2012.0273          -11.03            1.87
  2012.0302           -5.72            1.70
  2012.0328          -10.40            1.66
  2012.0356          -18.24            1.59
  2012.0383           -6.89            1.64
  2012.0411          -13.71            1.86
  2012.0438          -15.53            1.62
  2012.0466          -12.65            1.80
  2012.0493           -9.18            1.89
  2012.0520          -12.15            1.66
  2012.0548          -10.48            1.87
  2012.0603          -13.08            1.83
  2012.0630          -21.17            1.82
  2012.0658          -11.10            1.76
  2012.0685           -4.87            2.31
  2012.0713          -10.21            2.37
  2012.0740          -16.20            2.07
  2012.0767          -12.11            2.25
  2012.0795          -16.43            1.91
  2012.0822           -8.09            1.96
  2012.0850           -6.85            1.72
  2012.0876           -5.00            1.71
  2012.0905           -9.87            1.92
  2012.0931          -11.96            1.65
  2012.0959          -10.38            1.88
  2012.0986           -7.47            1.72
  2012.1013          -10.54            1.78
  2012.1041           -7.26            1.96
  2012.1068           -8.96            1.76
  2012.1096           -6.34            1.59
  2012.1123           -6.50            1.60
  2012.1151           -0.22            1.64
  2012.1178            1.85            1.93
  2012.1206           -8.92            1.88
  2012.1233           -0.73            1.81
  2012.1260           -6.34            1.80
  2012.1288           -5.48            1.80
  2012.1315           -8.40            1.90
  2012.1343            3.29            1.89
  2012.1370           -5.38            1.90
  2012.1398           -2.04            1.73
  2012.1425           -5.23            1.61
  2012.1453           -4.92            1.64
  2012.1479           -2.57            1.61
  2012.1506           -2.94            1.62
  2012.1534          -16.91            1.73
  2012.1561           -1.17            1.71
  2012.1589           -1.79            1.76
  2012.1616          -21.34            1.69
  2012.1644           -6.45            1.69
  2012.1671          -10.73            1.76
  2012.1699           -5.40            1.56
  2012.1726           -9.97            1.74
  2012.1753           -5.68            1.65
  2012.1781           -7.02            1.86
  2012.1808          -11.25            1.63
  2012.1836           -1.89            1.81
  2012.1863           -5.39            1.58
  2012.1891           -7.47            1.62
  2012.1918           -3.64            1.70
  2012.1946          -10.35            1.66
  2012.1973          -15.10            1.69
  2012.2000          -14.47            1.70
  2012.2028           -2.92            1.65
  2012.2054          -10.97            1.54
  2012.2083          -13.31            1.57
  2012.2109          -12.09            1.69
  2012.2137           -9.71            1.60
  2012.2164          -17.41            1.67
  2012.2192          -10.15            1.55
  2012.2219           -6.86            1.60
  2012.2246           -9.54            1.54
  2012.2274            1.67            1.51
  2012.2301           -6.82            1.63
  2012.2329           -6.76            1.59
  2012.2356           -4.22            1.57
  2012.2384           -6.15            1.54
  2012.2411           -3.71            1.54
  2012.2439           -5.74            1.55
  2012.2466          -12.49            1.48
  2012.2493           -8.86            1.66
  2012.2521           -4.15            1.57
  2012.2548           -7.89            1.57
  2012.2576           -9.30            1.51
  2012.2603          -14.74            1.71
  2012.2631           -3.92            1.64
  2012.2657          -11.04            1.50
  2012.2684          -12.24            1.55
  2012.2712           -3.29            1.61
  2012.2739            0.87            1.60
  2012.2767           -7.09            1.55
  2012.2794           -4.47            1.53
  2012.2822           -4.69            1.53
  2012.2849           -4.32            1.72
  2012.2877           -4.98            1.59
  2012.2904            0.72            1.61
  2012.2931           -2.56            1.53
  2012.2959           -3.81            1.55
  2012.2986           -4.29            1.69
  2012.3014           -7.38            1.48
  2012.3041           -2.25            1.47
  2012.3069           -8.72            1.58
  2012.3096           -9.03            1.37
  2012.3124           -8.37            1.48
  2012.3151           -8.56            1.59
  2012.3177          -16.22            1.55
  2012.3206          -14.40            1.44
  2012.3232          -10.75            1.44
  2012.3260          -16.50            1.46
  2012.3287          -14.90            1.39
  2012.3315           -9.42            1.46
  2012.3342          -15.46            1.47
  2012.3370          -11.03            1.48
  2012.3397           -8.37            1.43
  2012.3424           -9.05            1.38
  2012.3452          -13.57            1.39
  2012.3479           -5.91            1.59
  2012.3507          -10.63            1.46
  2012.3534           -8.32            1.42
  2012.3562          -16.82            1.43
  2012.3589           -9.59            1.51
  2012.3617          -10.03            1.63
  2012.3644           -8.31            1.40
  2012.3671          -15.54            1.45
  2012.3699           -9.91            1.45
  2012.3726          -12.86            1.51
  2012.3754           -7.80            1.56
  2012.3781          -14.07            1.56
  2012.3809          -12.41            1.46
  2012.3835          -14.08            1.58
  2012.3864           -4.35            1.49
  2012.3890           -1.60            1.44
  2012.3917           -4.19            1.45
  2012.3945           -4.94            1.53
  2012.3972           -6.03            1.45
  2012.4000           -4.14            1.44
  2012.4027          -11.38            1.55
  2012.4055           -5.73            1.64
  2012.4110           -6.73            1.51
  2012.4137           -7.17            1.44
  2012.4164           -6.73            1.43
  2012.4192          -10.80            1.48
  2012.4219           -7.95            1.60
  2012.4247           -8.17            1.62
  2012.4274           -6.03            1.57
  2012.4302           -6.98            1.47
  2012.4329           -4.10            1.47
  2012.4357           -7.71            1.40
  2012.4384           -4.10            1.38
  2012.4410          -11.58            1.58
  2012.4438           -4.00            1.42
  2012.4465           -9.33            1.54
  2012.4493          -11.53            1.60
  2012.4520           -8.33            1.67
  2012.4548           -5.11            1.46
  2012.4575           -3.85            1.52
  2012.4603          -15.77            1.54
  2012.4630          -16.31            1.59
  2012.4657          -10.25            1.51
  2012.4685          -10.18            1.48
  2012.4712          -25.81            1.63
  2012.4740           -7.42            1.53
  2012.4767           -3.30            1.50
  2012.4795          -10.34            1.48
  2012.4822          -11.19            1.47
  2012.4850           -8.21            1.43
  2012.4877           -8.85            1.43
  2012.4904          -18.45            1.54
  2012.4932          -22.02            1.54
  2012.4958          -20.47            1.56
  2012.4987          -16.86            1.60
  2012.5013           -8.41            1.60
  2012.5042          -19.08            1.47
  2012.5068          -15.06            1.49
  2012.5096          -19.88            1.59
  2012.5123          -13.01            1.64
  2012.5150          -15.38            1.54
  2012.5178          -13.60            1.46
  2012.5205          -20.08            1.52
  2012.5233          -12.92            1.53
  2012.5260          -12.68            1.45
  2012.5288          -20.16            1.48
  2012.5315          -15.26            1.46
  2012.5343          -14.29            1.45
  2012.5370          -13.49            1.40
  2012.5397          -19.52            1.41
  2012.5425          -14.47            1.49
  2012.5452          -10.08            1.51
  2012.5480           -7.73            1.53
  2012.5507           -8.33            1.60
  2012.5535          -19.00            1.48
  2012.5562          -17.06            1.48
  2012.5590          -12.25            1.48
  2012.5616          -21.52            1.49
  2012.5643          -12.68            1.48
  2012.5671           -9.84            1.46
  2012.5698           -1.54            1.43
  2012.5726          -10.52            1.52
  2012.5753          -15.05            1.43
  2012.5781           -9.92            1.50
  2012.5808           -6.81            1.47
  2012.5836          -15.87            1.45
  2012.5863          -14.09            1.59
  2012.5890          -18.05            1.52
  2012.5918          -12.52            1.50
  2012.5945          -15.14            1.45
  2012.5973          -12.50            2.26
  2012.6000          -14.36            1.48
  2012.6028          -12.91            1.50
  2012.6055          -13.55            1.56
  2012.6083          -13.96            1.52
  2012.6110          -11.60            1.44
  2012.6136           -9.57            1.53
  2012.6165          -12.49            1.55
  2012.6191          -11.39            1.55
  2012.6219          -10.15            1.63
  2012.6246           -8.47            1.64
  2012.6274          -18.67            1.59
  2012.6301          -17.71            1.69
  2012.6329          -18.82            1.54
  2012.6356          -21.14            1.58
  2012.6383          -17.72            1.54
  2012.6411          -22.10            1.54
  2012.6438          -22.05            1.61
  2012.6466          -20.81            1.58
  2012.6493          -15.84            1.51
  2012.6521          -14.55            1.54
  2012.6548          -17.07            1.44
  2012.6576          -14.57            1.43
  2012.6603          -14.11            1.51
  2012.6630          -14.11            1.62
  2012.6658          -14.92            1.50
  2012.6685          -12.13            1.56
  2012.6713          -17.21            1.53
  2012.6740          -19.38            1.64
  2012.6768          -22.24            1.61
  2012.6794          -18.65            1.57
  2012.6823          -16.95            1.68
  2012.6849          -16.42            1.62
  2012.6876          -17.30            1.63
  2012.6904          -14.97            1.57
  2012.6931          -12.10            1.51
  2012.6959          -17.00            1.50
  2012.6986          -18.48            1.60
  2012.7014          -14.98            1.58
  2012.7041          -14.40            1.69
  2012.7069          -15.60            1.51
  2012.7096          -16.31            1.58
  2012.7123          -15.85            1.61
  2012.7151          -19.99            1.64
  2012.7178          -18.96            1.69
  2012.7206          -15.60            1.56
  2012.7233          -20.41            1.61
  2012.7261          -19.19            1.62
  2012.7288          -14.53            1.53
  2012.7316          -15.65            1.59
  2012.7343          -21.48            1.68
  2012.7369          -13.62            1.69
  2012.7397          -14.72            1.63
  2012.7424          -14.98            1.60
  2012.7452          -15.58            1.65
  2012.7479          -16.32            1.72
  2012.7507          -21.93            1.71
  2012.7534          -22.79            1.92
  2012.7561          -21.08            1.64
  2012.7589          -19.17            1.68
  2012.7616          -15.65            1.72
  2012.7644          -19.33            1.67
  2012.7671          -21.91            1.82
  2012.7699          -20.03            1.79
  2012.7726          -27.00            1.70
  2012.7754          -18.78            1.83
  2012.7781          -13.36            1.55
  2012.7808          -20.91            1.60
  2012.7836          -20.53            1.56
  2012.7863          -17.44            1.56
  2012.7891          -18.33            1.69
  2012.7917          -21.30            1.75
  2012.7946          -15.01            1.77
  2012.7972          -12.48            1.69
  2012.8000          -12.90            1.52
  2012.8027          -19.34            1.76
  2012.8054          -24.31            1.77
  2012.8082          -14.88            1.93
  2012.8109          -17.26            1.74
  2012.8137          -25.31            1.85
  2012.8164          -13.47            1.66
  2012.8192          -14.10            1.68
  2012.8219          -16.10            1.80
  2012.8247          -12.54            1.84
  2012.8274          -10.27            1.80
  2012.8301          -12.47            1.98
  2012.8329          -10.36            1.73
  2012.8356          -12.51            1.65
  2012.8384          -12.43            1.60
  2012.8411          -14.07            1.58
  2012.8439          -16.75            1.90
  2012.8466          -17.15            1.70
  2012.8494          -10.84            1.71
  2012.8521           -9.14            1.69
  2012.8547           -5.54            1.69
  2012.8575          -16.85            1.84
  2012.8602          -20.37            1.80
  2012.8630          -13.11            1.84
  2012.8657          -14.04            1.67
  2012.8685          -16.08            1.75
  2012.8712          -15.55            1.63
  2012.8740          -12.87            1.65
  2012.8767          -10.82            1.75
  2012.8794          -14.68            1.75
  2012.8822          -16.85            1.76
  2012.8849          -14.62            1.72
  2012.8877          -15.79            1.62
  2012.8904           -8.85            1.67
  2012.8932          -16.24            1.88
  2012.8959          -21.54            1.85
  2012.8987           -9.80            1.75
  2012.9014          -13.81            1.74
  2012.9041          -10.64            6.69
  2012.9069           -6.21            1.76
  2012.9095           -9.95            1.68
  2012.9124          -10.71            1.81
  2012.9150          -10.94            2.06
  2012.9178          -16.11            1.82
  2012.9205          -14.35            1.75
  2012.9233          -18.03            2.87
  2012.9260          -12.32            2.02
  2012.9287          -11.62            1.84
  2012.9315          -15.01            1.83
  2012.9342          -23.99            2.26
  2012.9370          -12.98            1.93
  2012.9397          -12.98            1.78
  2012.9425           -8.81            1.71
  2012.9452           -8.76            1.84
  2012.9480          -10.17            1.81
  2012.9507          -10.79            1.90
  2012.9534          -13.11            1.75
  2012.9562           -5.82            1.81
  2012.9589           -9.96            1.84
  2012.9617           -6.76            2.00
  2012.9644           -7.84            1.80
  2012.9672          -21.09            2.20
  2012.9698          -19.47            2.19
  2012.9727          -16.80            2.02
  2012.9753          -11.47            1.94
  2012.9780          -10.71            1.88
  2012.9808          -10.58            1.82
  2012.9835          -19.74            2.31
  2012.9863          -11.62            1.99
  2012.9890          -11.90            1.84
  2012.9918           -3.90            1.71
  2012.9945          -11.93            1.66
  2012.9973          -10.40            1.68
  2013.0000          -13.38            1.77
  2013.0027           -6.65            2.05
  2013.0027          -14.88            1.47
  2013.0055          -10.74            1.43
  2013.0082          -17.19            1.53
  2013.0110          -14.26            1.53
  2013.0137          -18.36            1.68
  2013.0165          -12.49            1.70
  2013.0192           -9.08            1.73
  2013.0220           -3.46            1.55
  2013.0247           -0.23            1.66
  2013.0273           -3.88            1.60
  2013.0302           -5.66            1.65
  2013.0328           -5.06            1.63
  2013.0356          -11.17            1.57
  2013.0383           -5.39            1.54
  2013.0411           -9.62            1.67
  2013.0438           -9.30            1.71
  2013.0466           -2.90            1.86
  2013.0493           -6.00            1.65
  2013.0520           -7.12            1.58
  2013.0548           -8.61            1.53
  2013.0575          -12.16            1.60
  2013.0603           -2.10            1.67
  2013.0630          -14.12            1.71
  2013.0658          -21.49            1.73
  2013.0685           -8.61            1.60
  2013.0713           -5.55            1.48
  2013.0740          -12.43            1.53
  2013.0767          -11.82            1.58
  2013.0795          -10.87            1.55
  2013.0822           -9.83            1.58
  2013.0850           -6.95            1.65
  2013.0876           -7.61            1.70
  2013.0905           -7.15            1.68
  2013.0931           -6.02            1.55
  2013.0959           -2.22            1.56
  2013.0986           -5.02            1.68
  2013.1013           -3.81            1.87
  2013.1041           -1.66            1.61
  2013.1068            1.60            1.62
  2013.1096           -6.22            1.62
  2013.1123            3.74            1.78
  2013.1151          -10.29            1.75
  2013.1178          -11.86            1.71
  2013.1206           -3.85            1.62
  2013.1233           -0.66            1.76
  2013.1260           -5.36            1.69
  2013.1288          -11.20            1.82
  2013.1315          -12.43            1.68
  2013.1343           -9.44            1.55
  2013.1370          -11.71            1.48
  2013.1398          -14.87            1.62
  2013.1425           -9.05            1.72
  2013.1453           -3.02            1.57
  2013.1479          -16.40            1.66
  2013.1506           -2.10            1.52
  2013.1534           -2.40            1.51
  2013.1561           -5.07            1.51
  2013.1589           -4.04            1.49
  2013.1616           -5.94            1.58
  2013.1644          -13.71            1.58
  2013.1671           -4.98            1.53
  2013.1699           -7.81            1.49
  2013.1726           -3.26            1.48
  2013.1753           -2.85            1.66
  2013.1781           -7.91            1.70
  2013.1808           -2.38            1.61
  2013.1863           -7.73            1.79
  2013.1918           -4.45            1.74
  2013.2000           -5.35            1.46
  2013.2028           -6.04            1.50
  2013.2054           -6.33            1.61
  2013.2083           -5.10            1.57
  2013.2109           -6.16            1.49
  2013.2164           -8.03            1.71
  2013.2192          -12.27            1.49
  2013.2219            0.23            1.45
  2013.2246           -2.19            1.54
  2013.2274           -7.69            1.63
  2013.2301           -3.14            1.62
  2013.2329           -2.97            1.56
  2013.2356            2.21            1.50
  2013.2384           -2.33            1.44
  2013.2411           -4.82            1.64
  2013.2439           -6.76            1.54
  2013.2466           -2.80            1.55
  2013.2493            0.92            1.61
  2013.2548           -7.55            1.64
  2013.2576           -5.31            1.53
  2013.2603           -4.38            1.63
  2013.2631           -5.87            1.60
  2013.2657           -5.85            3.10
  2013.2684           -7.60            1.59
  2013.2712           -0.02            1.77
  2013.2794            0.44            1.54
  2013.2822           -2.98            1.42
  2013.2849           -1.47            1.46
  2013.2877           -2.85            1.45
  2013.2904           -6.62            1.43
  2013.2931           -0.74            1.44
  2013.2959           -3.18            1.49
  2013.2986           -5.44            1.51
  2013.3014           -2.73            1.51
  2013.3041           -6.46            1.51
  2013.3069           -8.12            1.53
  2013.3096           -6.64            1.54
  2013.3124          -10.08            1.53
  2013.3151           -4.01            1.44
  2013.3177          -15.74            1.54
  2013.3206           -9.39            1.51
  2013.3232           -7.48            1.57
  2013.3260          -10.74            1.48
  2013.3287           -0.81            1.40
  2013.3315          -14.90            1.56
  2013.3342          -15.06            1.62
  2013.3370           -4.79            1.72
  2013.3397           -7.12            1.53
  2013.3424           -1.65            1.46
  2013.3452           -0.95            1.59
  2013.3479           -4.73            1.52
  2013.3562          -19.30            1.53
  2013.3589           -8.83            1.39
  2013.3617           -4.19            2.70
  2013.3644           -7.71            1.36
  2013.3671           -8.46            1.41
  2013.3699           -5.68            1.32
  2013.3726           -0.91            1.32
  2013.3754           -7.27            1.38
  2013.3781          -12.79            1.46
  2013.3809           -7.18            2.24
  2013.3835           -3.98            1.39
  2013.3864           -2.86            1.35
  2013.3890           -4.45            1.39
  2013.3917           -6.01            1.37
  2013.3945           -2.39            1.35
  2013.4000           -0.62            1.41
  2013.4027          -11.88            1.49
  2013.4055           -4.64            1.56
  2013.4082           -5.28            1.36
  2013.4110           -4.28            1.37
  2013.4137           -2.35            1.55
  2013.4164           -3.26            1.49
  2013.4192            1.01            1.45
  2013.4219           -4.26            1.32
  2013.4247            8.70            1.51
  2013.4274           -0.63            1.53
  2013.4302           -4.69            1.43
  2013.4329           -4.01            1.47
  2013.4357           -2.11            1.40
  2013.4384           -1.53            1.47
  2013.4410           -0.80            1.42
  2013.4438           -2.12            1.46
  2013.4465            1.88            1.40
  2013.4493           -2.83            1.45
  2013.4520           -0.26            1.46
  2013.4548          -10.66            1.53
  2013.4575           -3.09            1.50
  2013.4850           -6.15            4.43
  2013.4877           -8.58            1.58
  2013.4904          -17.92            1.53
  2013.4932          -19.00            1.48
  2013.4958           -5.61            1.40
  2013.4987           -4.70            1.33
  2013.5013          -10.65            1.43
  2013.5042          -13.56            1.47
  2013.5068           -9.67            1.50
  2013.5096           -7.78            1.43
  2013.5123           -9.34            1.35
  2013.5150           -6.10            1.33
  2013.5178           -7.91            1.35
  2013.5205          -10.03            1.45
  2013.5233          -12.46            1.44
  2013.5260          -11.32            1.38
  2013.5288          -10.97            1.38
  2013.5315           -6.72            1.46
  2013.5343           -9.44            1.41
  2013.5370           -7.78            1.43
  2013.5397           -3.34            1.35
  2013.5425           -8.46            1.43
  2013.5452           -7.85            1.39
  2013.5480           -9.88            1.38
  2013.5507          -18.13            1.45
  2013.5535           -7.02            1.33
  2013.5562           -5.44            1.31
  2013.5590           -5.49            1.32
  2013.5616           -5.15            1.29
  2013.5643           -6.35            1.38
  2013.5671          -13.74            1.47
  2013.5698           -9.68            1.35
  2013.5726           -8.50            1.31
  2013.5753           -8.48            1.32
  2013.5781          -11.50            1.38
  2013.5808          -14.37            1.34
  2013.5836           -7.68            1.28
  2013.5863           -4.01            1.33
  2013.5890          -14.00            1.42
  2013.5918          -13.64            1.49
  2013.5945           -7.47            1.43
  2013.5973           -5.40            1.45
  2013.6000          -14.49            1.51
  2013.6028          -11.33            1.42
  2013.6055           -2.73            1.34
  2013.6083           -7.83            1.40
  2013.6110          -13.71            1.44
  2013.6136           -8.73            1.41
  2013.6165           -8.76            1.29
  2013.6191           -6.60            1.34
  2013.6219           -2.66            1.39
  2013.6246           -6.07            1.39
  2013.6274           -9.54            1.32
  2013.6301           -9.15            1.39
  2013.6329          -14.30            1.40
  2013.6356          -12.11            1.38
  2013.6383          -11.33            1.42
  2013.6411           -6.45            1.32
  2013.6438           -7.77            1.36
  2013.6466           -9.43            1.41
  2013.6493           -9.52            1.40
  2013.6521           -9.13            1.34
  2013.6548           -9.19            1.38
  2013.6576           -6.44            1.35
  2013.6603           -9.16            1.34
  2013.6630           -8.10            1.38
  2013.6658          -10.71            1.47
  2013.6685           -8.24            1.44
  2013.6713          -12.94            1.43
  2013.6740          -11.67            1.47
  2013.6768           -3.41            1.72
  2013.6794          -15.18            1.72
  2013.6823           -9.72            2.31
  2013.6849          -14.74            1.62
  2013.6876           -9.41            1.65
  2013.6904           -4.10            1.61
  2013.6931           -6.53            1.57
  2013.6959          -10.82            1.54
  2013.6986          -12.58            1.59
  2013.7014          -10.17            1.47
  2013.7041          -13.43            1.54
  2013.7069          -12.98            1.49
  2013.7096          -12.99            1.48
  2013.7123           -9.74            1.42
  2013.7151          -11.38            1.41
  2013.7178           -8.81            1.47
  2013.7206          -11.42            1.49
  2013.7233          -13.12            1.49
  2013.7261           -9.74            1.48
  2013.7288          -13.50            1.53
  2013.7316           -8.53            1.37
  2013.7343           -9.66            1.41
  2013.7369          -12.30            1.63
  2013.7397          -11.34            1.48
  2013.7424          -12.85            1.52
  2013.7561           -8.04            1.43
  2013.7589           -7.62            1.49
  2013.7616           -6.04            1.57
  2013.7644          -11.49            1.45
  2013.7671           -8.73            1.65
  2013.7699           -9.11            1.49
  2013.7726          -10.83            1.48
  2013.7754           -7.59            1.58
  2013.7781           -2.87            1.76
  2013.7808          -10.05            1.64
  2013.7836           -6.73            1.61
  2013.7863           -3.54            1.69
  2013.7891            1.90            1.58
  2013.7917            1.67            1.59
  2013.7946           -5.70            1.69
  2013.7972           -1.66            1.54
  2013.8000           -4.39            1.60
  2013.8027           -9.94            1.80
  2013.8054           -5.95            1.60
  2013.8082           -8.71            1.61
  2013.8109           -2.23            1.46
  2013.8137           -1.21            1.78
  2013.8164           -8.67            1.56
  2013.8192           -1.14            1.45
  2013.8219            3.11            1.48
  2013.8247           -2.55            1.43
  2013.8274           -9.79            1.57
  2013.8301           -1.53            1.49
  2013.8329          -13.95            1.53
  2013.8356           -7.58            1.53
  2013.8384           -0.78            1.42
  2013.8411            6.66            1.41
  2013.8439           -0.06            1.38
  2013.8466           -4.50            1.38
  2013.8494           -3.90            1.58
  2013.8521           -6.73            1.43
  2013.8547           -6.18            1.49
  2013.8575           -8.87            1.50
  2013.8602           -6.85            1.66
  2013.8630           -2.93            1.53
  2013.8657           -4.85            1.56
  2013.8685           -1.70            1.54
  2013.8712            0.29            1.60
  2013.8740            3.18            1.60
  2013.8767            1.63            1.40
  2013.8794            3.83            1.43
  2013.8822           -6.33            1.48
  2013.8849            3.85            1.48
  2013.8877           -0.20            1.61
  2013.8904           -3.34            2.39
  2013.9041           -1.94            3.01
  2013.9069           -3.85            3.00
  2013.9095            3.38            2.97
  2013.9124            6.52            1.43
  2013.9150            4.20            1.46
  2013.9178            6.05            1.44
  2013.9205            1.98            1.56
  2013.9233            1.80            1.73
  2013.9260            9.14            1.51
  2013.9287           -0.63            1.48
  2013.9315           -5.59            1.57
  2013.9342            4.10            1.55
  2013.9370           -0.78            1.63
  2013.9397            0.00            1.55
  2013.9425            7.24            1.48
  2013.9452            0.95            1.64
  2013.9480            6.55            1.60
  2013.9507            4.00            1.57
  2013.9534            2.61            1.68
  2013.9562            5.28            1.55
  2013.9589           -1.17            1.69
  2013.9617           -1.77            1.59
  2013.9644            4.59            1.65
  2013.9672           -5.33            1.53
  2013.9698            6.64            1.58
  2013.9727           -0.26            1.65
  2013.9753           -2.03            1.59
  2013.9780            6.50            1.62
  2013.9808            4.78            1.55
  2013.9890           -2.37            3.31
  2013.9918            4.48            1.57
  2013.9945           13.69            1.74
  2013.9973            7.05            1.62
  2014.0000            1.84            1.71
  2014.0027            0.51            1.71
  2014.0055            0.35            1.84
  2014.0082            4.35            1.65
  2014.0110            9.84            1.62
  2014.0137           12.31            1.60
  2014.0165            1.98            1.69
  2014.0192            0.32            1.70
  2014.0220            8.73            1.68
  2014.0247            4.66            1.75
  2014.0273            8.17            1.77
  2014.0302            8.63            1.66
  2014.0328            0.89            1.74
  2014.0356            7.32            1.61
  2014.0383            6.65            1.81
  2014.0411           10.41            1.68
  2014.0438            2.06            1.76
  2014.0466            3.70            1.74
  2014.0493            4.23            1.65
  2014.0548            8.09            1.67
  2014.0575            2.91            1.80
  2014.0603            6.90            1.68
  2014.0630            1.57            1.91
  2014.0658           -1.79            1.75
  2014.0685            6.56            1.72
  2014.0713            5.40            1.66
  2014.0740            6.01            1.69
  2014.0767            4.10            1.81
  2014.0795            7.42            1.73
  2014.0822            7.28            1.87
  2014.0850            2.98            1.86
  2014.0876           -5.41            1.87
  2014.0905            0.03            1.74
  2014.0931            3.78            1.83
  2014.0959            6.80            1.74
  2014.0986           -6.35            1.89
  2014.1013            5.90            1.68
  2014.1041            3.01            1.85
  2014.1068            1.68            1.69
  2014.1096            5.80            1.72
  2014.1123           -1.10            1.69
  2014.1151            6.47            1.73
  2014.1178            7.22            1.72
  2014.1206            4.56            1.69
  2014.1233            0.93            1.88
  2014.1260            3.74            1.71
  2014.1288            0.18            1.69
  2014.1315            4.65            1.79
  2014.1343            4.56            1.74
  2014.1370            9.22            1.86
  2014.1398            2.94            1.80
  2014.1425           10.98            1.91
  2014.1453            5.52            1.87
  2014.1479            3.62            1.72
  2014.1506            2.20            1.63
  2014.1534            1.65            1.76
  2014.1561            0.46            1.73
  2014.1589           -0.22            1.76
  2014.1616            3.70            1.60
  2014.1644            1.78            1.72
  2014.1671            3.22            1.75
  2014.1699            1.74            2.08
  2014.1726            3.11            1.78
  2014.1753            0.58            1.76
  2014.1781           13.64            1.78
  2014.1808            6.77            1.67
  2014.1836            9.02            1.86
  2014.1863            4.83            1.85
  2014.1891            3.98            1.72
  2014.1918            5.69            1.70
  2014.1946            1.88            1.68
  2014.1973            6.03            1.69
  2014.2000            1.93            1.72
  2014.2028           11.45            1.75
  2014.2054            4.12            1.78
  2014.2083            4.55            1.79
  2014.2109            0.08            1.65
  2014.2137            7.40            1.72
  2014.2164            5.06            1.87
  2014.2192            3.68            1.72
  2014.2384            8.19            2.58
  2014.2411           -2.73            1.74
  2014.2439           -2.50            1.85
  2014.2466            5.21            1.75
  2014.2493            2.46            1.58
  2014.2521            4.62            1.57
  2014.2548            9.41            1.66
  2014.2576            5.06            1.59
  2014.2603            5.35            1.66
  2014.2631            2.84            1.59
  2014.2657            0.90            1.68
  2014.2684            6.74            1.77
  2014.2712            1.56            1.66
  2014.2739           13.20            1.68
  2014.2767            1.92            1.69
  2014.2794            1.34            1.68
  2014.2822           10.43            1.49
  2014.2849           17.14            1.52
  2014.2877            6.78            1.58
  2014.2904            6.23            1.58
  2014.2931           10.87            1.55
  2014.2959            6.12            1.51
  2014.2986           12.29            1.49
  2014.3014           10.82            1.49
  2014.3041            8.79            1.59
  2014.3069           12.71            1.51
  2014.3096            8.78            1.48
  2014.3124           11.15            1.52
  2014.3151            9.62            1.46
  2014.3177            2.53            1.46
  2014.3206            9.26            1.51
  2014.3232           10.26            1.41
  2014.3260           12.25            1.47
  2014.3287            9.25            1.57
  2014.3479           15.21            2.17
  2014.3507            6.40            1.50
  2014.3534            7.48            1.50
  2014.3562            6.65            1.56
  2014.3589            1.04            1.49
  2014.3617            4.87            1.49
  2014.3644            4.47            1.51
  2014.3671            3.44            1.64
  2014.3699            2.92            1.52
  2014.3726            5.12            1.55
  2014.3754            6.73            1.52
  2014.3781            0.98            1.57
  2014.3809           -0.98            1.43
  2014.3835            3.48            1.51
  2014.3864            3.42            1.63
  2014.3890            5.09            1.58
  2014.3917            4.09            1.57
  2014.3945            7.33            1.52
  2014.3972            3.62            1.55
  2014.4000            2.54            1.56
  2014.4027           10.32            1.49
  2014.4055           15.67            1.58
  2014.4082           -2.17            1.63
  2014.4110            1.74            1.52
  2014.4137           -1.07            1.51
  2014.4164            3.64            1.49
  2014.4192            2.56            1.53
  2014.4219            0.16            1.51
  2014.4247           -0.08            1.61
  2014.4274           -5.86            1.59
  2014.4302           -4.13            1.56
  2014.4329           -0.40            1.59
  2014.4357           -6.52            1.59
  2014.4384            0.21            1.55
  2014.4410            4.09            1.54
  2014.4438           -7.77            1.64
  2014.4465           -4.15            1.62
  2014.4493            1.68            1.50
  2014.4520            0.35            1.53
  2014.4548           -8.22            1.51
  2014.4575           -2.82            1.47
  2014.4603           -2.94            1.39
  2014.4630            3.06            1.38
  2014.4657            2.93            1.38
  2014.4685            4.85            1.39
  2014.4712           -8.43            1.40
  2014.4740           -7.65            1.42
