  2010.2246            0.00            1.69
  2010.2274           -3.38            0.93
  2010.2301           -5.31            0.90
  2010.2329           -7.04            0.96
  2010.2356           -6.55            0.95
  2010.2384           -8.78            0.96
  2010.2411          -10.99            0.99
  2010.2439          -12.10            0.95
  2010.2466          -13.96            1.02
  2010.2493          -14.43            0.98
  2010.2521          -14.78            0.95
  2010.2548          -16.31            0.92
  2010.2576          -16.12            0.63
  2010.2603          -18.77            0.90
  2010.2631          -19.39            0.94
  2010.2657          -20.52            0.93
  2010.2684          -22.46            0.89
  2010.2712          -23.87            0.89
  2010.2739          -24.42            0.93
  2010.2767          -27.80            0.91
  2010.2794          -28.34            0.93
  2010.2822          -29.49            0.91
  2010.2849          -30.68            0.88
  2010.2877          -30.93            0.90
  2010.2904          -32.81            0.96
  2010.2931          -34.86            0.93
  2010.2959          -35.25            0.95
  2010.2986          -35.64            0.91
  2010.3014          -37.12            0.90
  2010.3069          -37.82            0.89
  2010.3096          -38.34            0.92
  2010.3124          -39.97            1.07
  2010.3232          -41.55            0.92
  2010.3260          -42.53            0.89
  2010.3287          -46.09            0.95
  2010.3315          -45.63            0.93
  2010.3424          -50.61            0.94
  2010.3452          -48.98            0.92
  2010.3479          -49.78            0.87
  2010.3507          -50.01            0.88
  2010.3534          -50.60            0.85
  2010.3562          -52.94            0.94
  2010.3589          -52.58            0.90
  2010.3617          -53.51            1.42
  2010.3644          -54.88            0.93
  2010.3726          -56.20            0.94
  2010.3754          -55.89            0.93
  2010.3781          -57.32            0.94
  2010.3809          -56.96            0.91
  2010.3835          -57.39            0.91
  2010.3864          -58.09            0.94
  2010.3890          -60.06            0.98
  2010.3917          -61.60            0.95
  2010.3945          -61.50            0.93
  2010.3972          -62.04            0.93
  2010.4000          -61.28            0.92
  2010.4027          -61.87            0.92
  2010.4055          -64.14            0.95
  2010.4082          -64.79            0.95
  2010.4110          -62.77            2.03
  2010.4137          -63.63            0.89
  2010.4164          -64.14            0.91
  2011.1453         -152.99            1.62
  2011.1479         -154.74            1.05
  2011.1534         -155.05            0.97
  2011.1561         -156.05            0.92
  2011.1616         -154.87            0.92
  2011.1644         -156.17            0.95
  2011.1671         -156.22            0.96
  2011.1699         -155.25            0.98
  2011.1726         -155.74            1.01
  2011.1753         -156.48            0.98
  2011.1781         -158.38            1.24
  2011.1808         -156.70            0.95
  2011.1836         -158.54            0.97
  2011.1891         -159.73            1.16
  2011.1918         -159.50            1.14
  2011.1946         -160.53            1.12
  2011.1973         -158.77            0.94
  2011.2000         -160.43            1.05
  2011.2028         -159.50            1.13
  2011.2054         -161.94            1.05
  2011.2083         -161.28            1.02
  2011.2109         -160.77            0.94
  2011.2137         -161.11            0.94
  2011.2164         -160.45            0.92
  2011.2192         -161.34            1.02
  2011.2219         -161.03            1.03
  2011.2274         -163.28            0.98
  2011.2301         -162.46            0.99
  2011.2329         -162.33            0.95
  2011.2356         -160.76            0.96
  2011.2384         -162.29            1.02
  2012.2000         -203.73            2.25
  2012.2028         -204.50            1.05
  2012.2054         -204.41            1.00
  2012.2083         -204.03            0.99
  2012.2109         -203.83            1.07
  2012.2137         -203.94            0.99
  2012.2164         -205.01            1.04
  2012.2192         -201.76            0.95
  2012.2219         -202.68            1.00
  2012.2246         -204.27            0.96
  2012.2274         -203.23            0.94
  2012.2301         -203.94            0.97
  2012.2329         -204.26            0.98
  2012.2356         -217.50            0.98
  2012.2384         -217.29            0.94
  2012.2411         -216.58            0.94
  2012.2439         -218.46            0.96
  2012.2466         -219.35            0.91
  2012.2493         -219.81            1.02
  2012.2521         -219.21            0.97
  2012.2548         -220.28            0.99
  2012.2576         -219.91            0.94
  2012.2603         -221.59            1.06
  2012.2631         -220.09            1.01
  2012.2657         -220.64            0.92
  2012.2684         -220.53            0.97
  2012.2712         -219.55            1.00
  2012.2739         -219.62            1.01
  2012.2767         -219.80            0.98
  2012.2794         -219.57            0.96
  2012.2822         -220.97            0.95
  2012.2849         -219.18            1.06
  2012.2877         -219.56            1.01
  2012.2904         -220.48            1.04
  2012.2931         -220.78            0.98
  2012.2959         -221.14            0.96
  2012.2986         -222.48            1.04
  2012.3014         -222.67            0.92
  2012.3041         -222.43            0.93
  2012.3069         -221.58            0.99
  2012.3096         -221.83            0.84
  2012.3124         -221.85            0.89
  2012.3151         -220.76            1.01
  2012.3177         -222.62            0.95
  2012.3206         -222.56            0.91
  2012.3232         -223.44            0.90
  2012.3260         -223.97            0.91
  2012.3287         -223.18            0.87
  2012.3315         -222.14            0.92
  2012.3342         -223.81            0.91
  2012.3370         -223.87            0.92
  2012.3397         -222.41            0.89
  2012.3424         -223.13            0.87
  2012.3452         -223.70            0.94
  2012.3479         -221.57            1.01
  2012.3507         -223.60            0.91
  2012.3534         -224.03            0.88
  2012.3562         -224.46            0.89
  2012.3589         -224.55            0.94
  2012.3617         -224.37            1.00
  2012.3644         -225.66            0.89
  2012.3671         -226.41            0.92
  2012.3699         -225.96            0.91
  2012.3726         -226.81            0.95
  2012.3754         -225.97            0.97
  2012.3781         -226.43            0.95
  2012.3809         -224.92            0.90
  2012.3835         -226.98            0.98
  2012.3864         -226.20            0.95
  2012.3890         -226.71            0.92
  2012.3917         -225.84            0.92
  2012.3945         -227.42            1.00
  2012.3972         -225.73            0.91
  2012.4000         -227.06            0.91
  2012.4027         -226.96            0.97
  2012.4055         -228.12            1.04
  2012.4110         -227.80            0.94
  2012.4137         -227.19            0.90
  2012.4164         -227.33            0.91
  2012.4192         -228.39            0.99
  2012.4219         -227.83            1.07
  2012.4247         -227.09            1.06
  2012.4274         -228.24            1.05
  2012.4302         -227.90            0.99
  2012.4329         -226.95            0.95
  2012.4357         -227.35            0.93
  2012.4384         -227.79            0.91
  2012.4410         -228.45            1.06
  2012.4438         -228.42            0.94
  2012.4465         -229.07            1.03
  2012.4493         -227.56            1.04
  2012.4520         -230.38            1.12
  2012.4548         -228.85            0.98
  2012.4575         -228.04            1.00
  2012.4603         -228.32            1.00
  2012.4630         -230.24            1.05
  2012.4657         -229.36            1.77
  2012.4685         -230.34            1.08
  2012.4712         -227.35            1.70
  2012.4740         -230.24            1.34
  2012.4767         -230.41            0.99
  2012.4795         -229.82            0.96
  2012.4822         -229.27            0.97
  2012.4850         -228.91            0.95
  2012.4877         -230.30            0.96
  2012.4904         -230.10            1.01
  2012.4932         -229.08            1.00
  2012.4958         -230.12            1.02
  2012.4987         -229.42            1.03
  2012.5013         -233.06            1.05
  2012.5042         -229.84            1.01
  2012.5068         -230.82            0.98
  2012.5096         -232.24            1.02
  2012.5123         -230.37            1.09
  2012.5150         -230.12            1.01
  2012.5178         -230.72            0.95
  2012.5205         -230.95            0.99
  2012.5233         -231.11            1.03
  2012.5260         -229.62            0.97
  2012.5288         -230.34            0.98
  2012.5315         -230.46            0.96
  2012.5343         -230.83            0.95
  2012.5370         -231.18            0.92
  2012.5397         -231.15            0.94
  2012.5425         -230.04            0.99
  2012.5452         -230.64            0.99
  2012.5480         -230.53            1.02
  2012.5507         -231.67            1.07
  2012.5535         -233.26            0.98
  2012.5562         -232.14            0.98
  2012.5590         -231.97            0.97
  2012.5616         -232.60            0.98
  2012.5643         -231.27            0.96
  2012.5671         -232.17            0.96
  2012.5698         -232.67            0.96
  2012.5726         -231.86            0.97
  2012.5753         -232.73            0.96
  2012.5781         -230.90            1.00
  2012.5808         -230.62            0.97
  2012.5836         -232.80            0.95
  2012.5863         -231.90            1.04
  2012.5890         -232.18            1.01
  2012.5918         -233.11            0.99
  2012.5945         -232.28            0.96
  2012.5973         -230.57            1.52
  2012.6000         -232.99            0.99
  2012.6028         -232.03            0.99
  2012.6055         -230.96            1.02
  2012.6083         -232.21            1.00
  2012.6110         -231.96            0.95
  2012.6136         -231.09            1.03
  2012.6165         -230.86            1.03
  2012.6191         -231.69            1.04
  2012.6219         -232.97            1.08
  2012.6246         -232.89            1.08
  2012.6274         -231.20            1.04
  2012.6301         -232.61            1.13
  2012.6329         -232.40            1.02
  2012.6356         -233.98            1.03
  2012.6383         -233.67            1.03
  2012.6411         -233.79            1.03
  2012.6438         -233.21            1.06
  2012.6466         -232.84            1.05
  2012.6493         -231.66            1.00
  2012.6521         -232.19            1.02
  2012.6548         -233.20            0.95
  2012.6576         -232.54            0.95
  2012.6603         -232.82            1.01
  2012.6630         -234.87            1.00
  2012.6658         -234.95            0.99
  2012.6685         -234.37            1.02
  2012.6713         -234.54            1.00
  2012.6740         -234.52            1.09
  2012.6768         -235.20            1.07
  2012.6794         -234.61            1.05
  2012.6823         -234.12            1.12
  2012.6849         -234.65            1.07
  2012.6876         -235.00            1.10
  2012.6904         -234.43            1.04
  2012.6931         -233.15            1.00
  2012.6959         -234.50            1.01
  2012.6986         -235.40            1.05
  2012.7014         -235.56            1.04
  2012.7041         -235.55            1.13
  2012.7069         -236.35            1.02
  2012.7096         -236.45            1.05
  2012.7123         -235.62            1.06
  2012.7151         -236.29            1.08
  2012.7178         -236.42            1.14
  2012.7206         -236.06            1.05
  2012.7233         -237.87            1.06
  2012.7261         -237.01            1.08
  2012.7288         -235.90            1.01
  2012.7316         -238.25            1.04
  2012.7343         -238.01            1.11
  2012.7369         -236.41            1.16
  2012.7397         -237.66            1.07
  2012.7424         -237.74            1.04
  2012.7452         -238.46            1.13
  2012.7479         -236.42            1.13
  2012.7507         -237.78            1.13
  2012.7534         -237.83            1.26
  2012.7561         -238.78            1.12
  2012.7589         -238.02            1.11
  2012.7616         -239.10            1.14
  2012.7644         -238.59            1.08
  2012.7671         -238.01            1.22
  2012.7699         -238.51            1.19
  2012.7726         -238.59            1.10
  2012.7754         -237.76            1.17
  2012.7781         -238.67            1.03
  2012.7808         -238.23            1.04
  2012.7836         -238.75            1.04
  2012.7863         -239.71            1.03
  2012.7891         -239.19            1.11
  2012.7917         -239.53            1.13
  2012.7946         -237.73            1.16
  2012.7972         -239.18            1.10
  2012.8000         -239.00            1.04
  2012.8027         -238.45            1.17
  2012.8054         -237.65            1.20
  2012.8082         -239.40            1.26
  2012.8109         -239.46            1.17
  2012.8137         -240.88            1.20
  2012.8164         -239.88            1.11
  2012.8192         -238.79            1.13
  2012.8219         -241.00            1.27
  2012.8247         -239.94            1.22
  2012.8274         -239.15            1.18
  2012.8301         -237.67            1.33
  2012.8329         -238.57            1.17
  2012.8356         -238.21            1.12
  2012.8384         -239.53            1.08
  2012.8411         -240.63            1.05
  2012.8439         -238.25            1.25
  2012.8466         -240.41            1.11
  2012.8494         -240.08            1.15
  2012.8521         -240.06            1.13
  2012.8547         -240.91            1.17
  2012.8575         -241.91            1.21
  2012.8602         -240.18            1.24
  2012.8630         -238.43            1.22
  2012.8657         -241.30            1.12
  2012.8685         -239.69            1.16
  2012.8712         -241.02            1.05
  2012.8740         -239.69            1.13
  2012.8767         -240.85            1.13
  2012.8794         -242.02            1.14
  2012.8822         -238.09            1.14
  2012.8849         -239.42            1.10
  2012.8877         -239.92            1.01
  2012.8904         -238.78            1.03
  2012.8932         -241.22            1.14
  2012.8959         -246.20            1.17
  2012.8987         -238.37            1.10
  2012.9014         -239.67            1.04
  2012.9041         -240.96            4.26
  2012.9069         -239.77            1.11
  2012.9095         -240.96            1.03
  2012.9124         -240.22            1.10
  2012.9150         -244.55            1.30
  2012.9178         -239.89            1.10
  2012.9205         -239.70            1.07
  2012.9233         -242.22            1.75
  2012.9260         -242.05            1.24
  2012.9287         -241.96            1.14
  2012.9315         -241.75            1.13
  2012.9342         -245.02            1.35
  2012.9370         -243.71            1.20
  2012.9397         -240.44            1.07
  2012.9425         -242.33            1.06
  2012.9452         -242.82            1.15
  2012.9480         -240.86            1.11
  2012.9507         -242.10            1.17
  2012.9534         -241.46            1.07
  2012.9562         -240.40            1.10
  2012.9589         -241.56            1.11
  2012.9617         -244.93            1.19
  2012.9644         -241.96            1.10
  2012.9672         -243.59            1.34
  2012.9698         -244.27            1.31
  2012.9727         -243.20            1.21
  2012.9753         -243.47            1.11
  2012.9780         -241.50            1.16
  2012.9808         -243.50            1.12
  2012.9835         -245.50            1.47
  2012.9863         -244.44            1.26
  2012.9890         -242.72            1.11
  2012.9918         -243.00            1.04
  2012.9945         -243.72            1.02
  2012.9973         -243.37            1.02
  2013.0000         -242.21            1.07
  2013.0027         -244.24            1.23
  2013.0027         -243.85            0.97
  2013.0055         -244.46            0.96
  2013.0082         -244.18            1.02
  2013.0110         -242.86            0.95
  2013.0137         -242.93            1.11
  2013.0165         -242.73            1.15
  2013.0192         -241.51            1.08
  2013.0220         -242.92            1.03
  2013.0247         -244.27            1.12
  2013.0273         -241.81            1.09
  2013.0302         -242.54            1.13
  2013.0328         -245.49            1.09
  2013.0356         -242.82            1.10
  2013.0383         -245.51            1.05
  2013.0411         -244.77            1.10
  2013.0438         -245.49            1.14
  2013.0466         -244.82            1.26
  2013.0493         -244.26            1.04
  2013.0520         -244.67            1.05
  2013.0548         -244.93            1.03
  2013.0575         -244.88            1.08
  2013.0603         -245.11            1.06
  2013.0630         -243.18            1.19
  2013.0658         -246.18            1.18
  2013.0685         -244.91            1.09
  2013.0713         -245.93            1.00
  2013.0740         -245.08            1.03
  2013.0767         -244.27            1.09
  2013.0795         -245.65            1.06
  2013.0822         -245.15            1.07
  2013.0850         -244.06            1.11
  2013.0876         -244.97            1.10
  2013.0905         -243.90            1.13
  2013.0931         -244.62            0.99
  2013.0959         -244.38            1.04
  2013.0986         -244.07            1.02
  2013.1013         -243.82            1.24
  2013.1041         -245.04            1.07
  2013.1068         -243.90            1.08
  2013.1096         -246.51            1.09
  2013.1123         -245.65            1.21
  2013.1151         -245.63            1.09
  2013.1178         -247.30            1.17
  2013.1206         -246.47            1.10
  2013.1233         -245.87            1.09
  2013.1260         -245.25            1.13
  2013.1288         -246.80            1.17
  2013.1315         -244.56            1.13
  2013.1343         -244.62            1.03
  2013.1370         -244.61            1.00
  2013.1398         -243.83            1.07
  2013.1425         -245.39            1.06
  2013.1453         -244.99            1.03
  2013.1479         -246.25            1.12
  2013.1506         -246.97            1.03
  2013.1534         -245.48            0.95
  2013.1561         -244.94            1.04
  2013.1589         -247.46            0.94
  2013.1616         -245.76            1.07
  2013.1644         -245.62            1.01
  2013.1671         -246.59            1.04
  2013.1699         -245.37            0.93
  2013.1726         -244.50            1.01
  2013.1753         -245.88            1.14
  2013.1781         -244.23            1.13
  2013.1808         -246.28            1.02
  2013.1863         -250.71            1.09
  2013.1918         -247.08            1.08
  2013.2000         -245.67            0.93
  2013.2028         -246.23            0.94
  2013.2054         -246.70            1.05
  2013.2083         -245.65            0.98
  2013.2109         -246.16            0.94
  2013.2164         -246.59            1.06
  2013.2192         -247.34            1.01
  2013.2219         -246.36            0.99
  2013.2246         -245.61            1.06
  2013.2274         -247.47            1.11
  2013.2301         -247.46            1.11
  2013.2329         -245.44            0.99
  2013.2356         -245.90            0.95
  2013.2384         -246.55            0.99
  2013.2411         -246.58            1.10
  2013.2439         -245.37            1.05
  2013.2466         -248.35            1.06
  2013.2493         -243.23            1.03
  2013.2548         -248.70            1.08
  2013.2576         -248.07            0.95
  2013.2603         -247.98            1.10
  2013.2631         -247.72            1.09
  2013.2657         -247.57            2.04
  2013.2684         -248.77            1.08
  2013.2712         -248.72            1.16
  2013.2794         -246.07            1.06
  2013.2822         -247.00            0.92
  2013.2849         -248.76            1.00
  2013.2877         -248.36            1.02
  2013.2904         -248.62            0.99
  2013.2931         -248.47            0.99
  2013.2959         -249.71            1.03
  2013.2986         -248.69            1.00
  2013.3014         -249.97            1.02
  2013.3041         -249.58            1.04
  2013.3069         -249.29            1.02
  2013.3096         -249.84            1.04
  2013.3124         -249.50            1.06
  2013.3151         -249.75            1.02
  2013.3177         -249.62            1.06
  2013.3206         -250.50            1.03
  2013.3232         -250.25            1.08
  2013.3260         -251.17            1.02
  2013.3287         -250.02            0.97
  2013.3315         -251.25            1.06
  2013.3342         -250.10            1.09
  2013.3370         -250.09            1.11
  2013.3397         -250.36            1.03
  2013.3424         -251.13            0.98
  2013.3452         -249.56            1.09
  2013.3479         -250.61            1.03
  2013.3562         -255.34            1.03
  2013.3589         -250.70            1.00
  2013.3617         -252.19            1.84
  2013.3644         -252.89            0.92
  2013.3671         -253.80            0.98
  2013.3699         -253.09            0.94
  2013.3726         -253.53            0.90
  2013.3754         -253.70            0.93
  2013.3781         -252.03            0.96
  2013.3809         -252.39            1.61
  2013.3835         -253.34            0.95
  2013.3864         -253.27            0.97
  2013.3890         -254.24            0.98
  2013.3917         -254.18            0.92
  2013.3945         -253.35            0.98
  2013.4000         -253.75            1.02
  2013.4027         -256.84            1.07
  2013.4055         -256.76            1.12
  2013.4082         -254.41            0.98
  2013.4110         -254.26            0.94
  2013.4137         -256.91            1.07
  2013.4164         -254.52            1.05
  2013.4192         -252.68            0.96
  2013.4219         -253.18            0.91
  2013.4247         -253.14            0.99
  2013.4274         -251.51            1.05
  2013.4302         -253.46            0.97
  2013.4329         -254.48            0.96
  2013.4357         -253.33            0.92
  2013.4384         -254.45            0.95
  2013.4410         -253.21            0.94
  2013.4438         -253.74            0.95
  2013.4465         -254.06            1.00
  2013.4493         -254.32            1.01
  2013.4520         -254.12            1.00
  2013.4548         -255.04            1.08
  2013.4575         -253.63            1.00
  2013.4603         -254.68            0.98
  2013.4630         -253.62            0.95
  2013.4657         -253.95            0.93
  2013.4685         -254.51            0.93
  2013.4712         -255.37            0.97
  2013.4740         -255.45            0.91
  2013.4767         -253.28            0.96
  2013.4795         -252.51            0.96
  2013.4822         -253.18            0.90
  2013.4850         -254.28            0.97
  2013.4877         -252.82            1.32
  2013.4904         -255.66            1.42
  2013.4932         -253.93            1.03
  2013.4958         -253.33            1.07
  2013.4987         -254.19            0.90
  2013.5013         -256.20            0.95
  2013.5042         -255.18            1.56
  2013.5068         -252.56            6.40
  2013.5096         -259.62            3.76
  2013.5123         -254.03            1.45
  2013.5150         -254.39            0.96
  2013.5178         -252.90            0.91
  2013.5205         -254.14            1.00
  2013.5233         -254.45            0.99
  2013.5260         -254.62            1.05
  2013.5288         -253.54            0.94
  2013.5315         -252.32            1.00
  2013.5343         -252.88            1.37
  2013.5370         -254.97            0.98
  2013.5397         -254.60            0.92
  2013.5425         -254.05            0.94
  2013.5452         -253.53            0.97
  2013.5480         -254.67            0.95
  2013.5507         -253.24            1.02
  2013.5535         -254.14            0.94
  2013.5562         -254.42            0.92
  2013.5590         -253.89            0.91
  2013.5616         -254.15            0.92
  2013.5643         -254.19            0.95
  2013.5671         -254.39            1.01
  2013.5698         -255.31            0.92
  2013.5726         -255.02            0.91
  2013.5753         -254.37            0.91
  2013.5781         -254.56            1.19
  2013.5808         -255.76            0.93
  2013.5836         -254.56            0.85
  2013.5863         -253.77            0.92
  2013.5890         -255.11            1.06
  2013.5918         -257.75            1.42
  2013.5945         -253.60            1.30
  2013.5973         -255.34            1.00
  2013.6000         -257.20            1.00
  2013.6028         -255.37            0.98
  2013.6055         -254.69            0.92
  2013.6083         -254.83            0.96
  2013.6110         -256.66            0.93
  2013.6136         -258.48            0.90
  2013.6165         -255.68            0.85
  2013.6191         -255.90            0.88
  2013.6219         -256.57            0.91
  2013.6246         -255.39            0.91
  2013.6274         -256.44            0.86
  2013.6301         -256.20            0.87
  2013.6329         -257.28            0.93
  2013.6356         -256.48            0.87
  2013.6383         -256.84            0.92
  2013.6411         -257.14            0.87
  2013.6438         -257.24            0.90
  2013.6466         -257.18            0.93
  2013.6493         -256.41            0.88
  2013.6521         -256.35            0.88
  2013.6548         -257.95            0.90
  2013.6576         -256.14            0.89
  2013.6603         -256.75            0.89
  2013.6630         -256.87            0.87
  2013.6658         -257.31            0.96
  2013.6685         -257.78            0.95
  2013.6713         -256.59            0.94
  2013.6740         -257.16            0.96
  2013.6768         -258.82            1.10
  2013.6794         -259.99            1.01
  2013.6823         -257.39            1.05
  2013.6849         -259.31            1.06
  2013.6876         -260.21            1.07
  2013.6904         -260.91            1.04
  2013.6931         -261.10            1.01
  2013.6959         -260.25            0.98
  2013.6986         -259.49            1.03
  2013.7014         -258.74            0.97
  2013.7041         -260.15            1.02
  2013.7069         -257.56            0.97
  2013.7096         -257.22            0.96
  2013.7123         -257.87            0.94
  2013.7151         -258.16            0.92
  2013.7178         -258.54            0.97
  2013.7206         -258.63            1.00
  2013.7233         -258.91            1.02
  2013.7261         -260.13            0.99
  2013.7288         -259.79            1.04
  2013.7316         -258.49            0.91
  2013.7343         -259.58            0.92
  2013.7369         -258.77            1.04
  2013.7397         -259.85            0.99
  2013.7424         -258.76            0.99
  2013.7561         -260.01            0.93
  2013.7589         -259.97            0.99
  2013.7616         -260.06            1.02
  2013.7644         -258.92            0.95
  2013.7671         -257.58            1.09
  2013.7699         -256.94            0.99
  2013.7726         -258.84            0.99
  2013.7754         -259.36            1.03
  2013.7781         -256.89            1.12
  2013.7808         -259.35            1.05
  2013.7836         -258.24            1.05
  2013.7863         -259.97            1.08
  2013.7891         -259.10            1.02
  2013.7917         -257.71            1.06
  2013.7946         -258.41            1.06
  2013.7972         -258.93            1.00
  2013.8000         -259.19            1.06
  2013.8027         -259.54            1.17
  2013.8054         -258.10            1.07
  2013.8082         -256.56            1.05
  2013.8109         -259.04            0.97
  2013.8137         -263.17            2.32
  2013.8164         -258.39            1.01
  2013.8192         -258.79            0.93
  2013.8219         -258.43            0.93
  2013.8247         -259.35            0.96
  2013.8274         -259.68            1.05
  2013.8301         -259.84            1.00
  2013.8329         -261.44            1.00
  2013.8356         -259.97            1.00
  2013.8384         -259.98            0.92
  2013.8411         -261.81            0.91
  2013.8439         -261.08            0.91
  2013.8466         -261.88            0.91
  2013.8494         -262.82            1.02
  2013.8521         -262.54            0.95
  2013.8547         -262.76            1.03
  2013.8575         -262.82            0.99
  2013.8602         -263.36            1.05
  2013.8630         -263.73            1.02
  2013.8657         -261.59            1.00
  2013.8685         -264.44            0.99
  2013.8712         -260.55            1.03
  2013.8740         -260.76            1.01
  2013.8767         -262.24            0.92
  2013.8794         -263.01            0.94
  2013.8822         -264.78            0.97
  2013.8849         -264.45            0.98
  2013.8877         -262.93            1.03
  2013.8904         -261.44            0.96
  2013.8932         -261.23            1.00
  2013.8959         -263.43            1.03
  2013.8987         -263.45            1.05
  2013.9014         -263.49            1.01
  2013.9041         -264.00            0.95
  2013.9069         -262.84            2.02
  2013.9095         -262.47            1.89
  2013.9124         -264.58            0.96
  2013.9150         -264.29            0.97
  2013.9178         -263.03            0.97
  2013.9205         -261.20            1.05
  2013.9233         -262.54            1.14
  2013.9260         -264.83            0.94
  2013.9287         -265.42            1.00
  2013.9315         -265.40            1.01
  2013.9342         -265.20            1.01
  2013.9370         -260.04            1.06
  2013.9397         -263.81            1.04
  2013.9425         -262.44            1.00
  2013.9452         -262.37            1.06
  2013.9480         -261.45            1.03
  2013.9507         -264.57            1.00
