  2010.2246            0.00            2.69
  2010.2274           10.17            1.37
  2010.2301            9.54            1.31
  2010.2329            5.98            1.41
  2010.2356            9.98            1.39
  2010.2384            7.09            1.41
  2010.2411            7.71            1.45
  2010.2439           12.68            1.39
  2010.2466            3.14            1.50
  2010.2493            6.47            1.42
  2010.2521            9.16            1.39
  2010.2548            9.73            1.35
  2010.2576            6.37            0.93
  2010.2603           10.10            1.33
  2010.2631            4.79            1.37
  2010.2657            6.48            1.36
  2010.2684            6.79            1.31
  2010.2712            4.73            1.31
  2010.2739            4.54            1.38
  2010.2767           11.15            1.33
  2010.2794            8.90            1.36
  2010.2822            9.99            1.33
  2010.2849            7.36            1.30
  2010.2877            5.13            1.32
  2010.2904           -0.76            1.41
  2010.2931            3.47            1.36
  2010.2959            2.30            1.37
  2010.2986            6.59            1.31
  2010.3014            5.78            1.30
  2010.3069            1.18            1.28
  2010.3096            5.66            1.33
  2010.3124            2.27            1.59
  2010.3232            2.19            1.35
  2010.3260            6.41            1.31
  2010.3287            3.47            1.40
  2010.3315            3.70            1.37
  2010.3424           -0.11            1.38
  2010.3452           -0.04            1.37
  2010.3479            6.57            1.28
  2010.3507            3.51            1.33
  2010.3534            4.52            1.24
  2010.3562           -0.13            1.38
  2010.3589            5.98            1.29
  2010.3617            4.79            2.07
  2010.3644           -0.14            1.35
  2010.3726            0.63            1.36
  2010.3754            5.62            1.35
  2010.3781           -0.48            1.40
  2010.3809           -4.32            1.36
  2010.3835            1.27            1.35
  2010.3864           -2.28            1.39
  2010.3890           -4.14            1.43
  2010.3917           -6.04            1.37
  2010.3945            1.83            1.35
  2010.3972           -4.74            1.34
  2010.4000           -5.75            1.34
  2010.4027            0.73            1.32
  2010.4055           -1.10            1.38
  2010.4082           -8.09            1.38
  2010.4110            1.52            2.94
  2010.4137            2.70            1.29
  2010.4164           -3.32            1.37
  2011.1453            5.99            2.70
  2011.1479           14.08            1.64
  2011.1534           11.24            1.50
  2011.1561           11.53            1.42
  2011.1616           17.03            1.43
  2011.1644           12.25            1.49
  2011.1671           10.44            1.49
  2011.1699            5.42            1.54
  2011.1726            8.42            1.57
  2011.1753            9.39            1.52
  2011.1781           17.38            1.93
  2011.1808           16.62            1.47
  2011.1836           18.66            1.50
  2011.1891           17.59            1.80
  2011.1918           10.22            1.76
  2011.1946           11.22            1.73
  2011.1973            9.36            1.46
  2011.2000            7.01            1.63
  2011.2028            3.80            1.74
  2011.2054            5.09            1.62
  2011.2083           11.68            1.58
  2011.2109            8.85            1.46
  2011.2137           12.31            1.46
  2011.2164           11.30            1.43
  2011.2192            5.17            1.57
  2011.2219            4.99            1.59
  2011.2274           10.31            1.51
  2011.2301           10.22            1.54
  2011.2329           11.75            1.47
  2011.2356           14.15            1.47
  2011.2384           16.90            1.60
  2012.2000            9.21            3.52
  2012.2028           19.95            1.60
  2012.2054           11.99            1.50
  2012.2083           14.10            1.52
  2012.2109           19.10            1.62
  2012.2137           13.86            1.54
  2012.2164            9.42            1.62
  2012.2192           20.20            1.49
  2012.2219           15.39            1.56
  2012.2246           15.01            1.51
  2012.2274           17.34            1.47
  2012.2301           17.31            1.52
  2012.2329           19.90            1.54
  2012.2356           16.32            1.52
  2012.2384           16.22            1.47
  2012.2411            9.61            1.48
  2012.2439           17.94            1.48
  2012.2466           10.15            1.43
  2012.2493           15.47            1.60
  2012.2521           17.04            1.51
  2012.2548           17.71            1.53
  2012.2576           11.74            1.46
  2012.2603           10.60            1.65
  2012.2631           13.23            1.58
  2012.2657           15.14            1.44
  2012.2684           13.43            1.50
  2012.2712           17.50            1.56
  2012.2739           17.64            1.55
  2012.2767           13.16            1.53
  2012.2794           12.38            1.49
  2012.2822           18.56            1.47
  2012.2849           11.18            1.67
  2012.2877           17.97            1.54
  2012.2904           22.42            1.58
  2012.2931           19.29            1.48
  2012.2959           18.95            1.49
  2012.2986           18.50            1.59
  2012.3014           15.47            1.43
  2012.3041           18.18            1.43
  2012.3069           11.99            1.54
  2012.3096           12.73            1.31
  2012.3124           14.70            1.39
  2012.3151           14.61            1.57
  2012.3177           11.72            1.46
  2012.3206            9.74            1.42
  2012.3232           13.04            1.41
  2012.3260            7.63            1.43
  2012.3287            9.81            1.35
  2012.3315           12.13            1.43
  2012.3342           13.22            1.43
  2012.3370            8.69            1.41
  2012.3397           15.36            1.40
  2012.3424           15.99            1.34
  2012.3452           15.40            1.39
  2012.3479            9.45            1.56
  2012.3507           12.52            1.41
  2012.3534           13.49            1.38
  2012.3562           11.36            1.38
  2012.3589           11.94            1.45
  2012.3617           13.06            1.55
  2012.3644           11.27            1.38
  2012.3671           16.82            1.44
  2012.3699           13.96            1.42
  2012.3726            9.29            1.49
  2012.3754            7.98            1.51
  2012.3781           10.49            1.48
  2012.3809           12.07            1.41
  2012.3835            5.57            1.52
  2012.3864           16.09            1.46
  2012.3890           20.64            1.41
  2012.3917           17.37            1.42
  2012.3945           16.25            1.46
  2012.3972           14.66            1.40
  2012.4000            6.04            1.42
  2012.4027            9.36            1.50
  2012.4055           10.10            1.62
  2012.4110           12.59            1.45
  2012.4137           13.49            1.40
  2012.4164           15.39            1.40
  2012.4192           17.40            1.46
  2012.4219           10.62            1.59
  2012.4247           14.86            1.55
  2012.4274           11.07            1.55
  2012.4302           18.00            1.47
  2012.4329           14.71            1.41
  2012.4357           17.60            1.36
  2012.4384           17.61            1.35
  2012.4410           14.11            1.55
  2012.4438           17.39            1.39
  2012.4465           14.96            1.50
  2012.4493            3.20            1.54
  2012.4520           13.67            1.65
  2012.4548           14.48            1.44
  2012.4575           12.23            1.47
  2012.4603            6.61            1.48
  2012.4630            2.14            1.54
  2012.4657            2.20            2.59
  2012.4685           14.96            1.61
  2012.4712            2.78            2.41
  2012.4740            4.39            1.96
  2012.4767            9.21            1.47
  2012.4795           11.54            1.43
  2012.4822           10.88            1.42
  2012.4850           12.14            1.40
  2012.4877           11.79            1.41
  2012.4904            9.69            1.49
  2012.4932            8.04            1.48
  2012.4958           -1.00            1.51
  2012.4987            4.10            1.52
  2012.5013            2.02            1.55
  2012.5042            6.01            1.50
  2012.5068           10.99            1.44
  2012.5096            4.55            1.51
  2012.5123            9.56            1.60
  2012.5150            9.67            1.50
  2012.5178            9.80            1.41
  2012.5205           10.39            1.46
  2012.5233           10.27            1.53
  2012.5260           10.56            1.42
  2012.5288            9.44            1.46
  2012.5315            4.63            1.42
  2012.5343           12.04            1.41
  2012.5370            7.66            1.37
  2012.5397            8.27            1.39
  2012.5425            8.87            1.48
  2012.5452           19.23            1.46
  2012.5480           16.24            1.50
  2012.5507           14.33            1.55
  2012.5535            9.27            1.46
  2012.5562            7.22            1.46
  2012.5590            9.95            1.45
  2012.5616            2.68            1.46
  2012.5643           11.80            1.41
  2012.5671           12.37            1.42
  2012.5698           10.74            1.42
  2012.5726           13.85            1.44
  2012.5753           11.10            1.42
  2012.5781           16.11            1.47
  2012.5808           17.84            1.43
  2012.5836            5.86            1.40
  2012.5863            9.45            1.55
  2012.5890            3.48            1.49
  2012.5918            5.26            1.46
  2012.5945           10.81            1.42
  2012.5973           12.29            2.25
  2012.6000            6.48            1.47
  2012.6028           17.42            1.47
  2012.6055            9.05            1.52
  2012.6083            8.19            1.49
  2012.6110           15.61            1.41
  2012.6136           14.48            1.52
  2012.6165           14.13            1.52
  2012.6191           13.90            1.52
  2012.6219           13.51            1.61
  2012.6246            8.93            1.59
  2012.6274            8.96            1.54
  2012.6301            7.69            1.67
  2012.6329            6.65            1.50
  2012.6356            4.04            1.52
  2012.6383            7.24            1.53
  2012.6411            6.36            1.52
  2012.6438            4.18            1.57
  2012.6466           -2.77            1.55
  2012.6493            7.33            1.47
  2012.6521           12.27            1.50
  2012.6548           12.61            1.41
  2012.6576           11.06            1.40
  2012.6603           10.61            1.49
  2012.6630           12.47            1.55
  2012.6658           10.46            1.45
  2012.6685            8.81            1.51
  2012.6713            9.44            1.48
  2012.6740           12.02            1.61
  2012.6768            8.79            1.58
  2012.6794            3.49            1.55
  2012.6823           12.72            1.64
  2012.6849           13.32            1.58
  2012.6876            5.64            1.62
  2012.6904           16.50            1.53
  2012.6931           16.98            1.47
  2012.6959           11.04            1.48
  2012.6986           10.19            1.56
  2012.7014           10.16            1.55
  2012.7041           11.61            1.65
  2012.7069           11.86            1.48
  2012.7096            8.91            1.54
  2012.7123            6.88            1.56
  2012.7151            7.07            1.60
  2012.7178           10.61            1.66
  2012.7206            9.64            1.56
  2012.7233            7.08            1.56
  2012.7261            3.87            1.58
  2012.7288           12.51            1.49
  2012.7316            8.30            1.54
  2012.7343            6.43            1.64
  2012.7369            8.19            1.73
  2012.7397           11.75            1.57
  2012.7424            7.73            1.54
  2012.7452            5.94            1.66
  2012.7479            3.40            1.67
  2012.7507            9.27            1.67
  2012.7534           11.18            1.88
  2012.7561            4.83            1.66
  2012.7589           11.26            1.63
  2012.7616            9.94            1.70
  2012.7644            4.44            1.60
  2012.7671            5.07            1.77
  2012.7699           11.01            1.75
  2012.7726            3.04            1.63
  2012.7754            3.77            1.74
  2012.7781           10.58            1.51
  2012.7808            6.38            1.53
  2012.7836            9.09            1.54
  2012.7863           12.80            1.51
  2012.7891           13.96            1.64
  2012.7917           10.30            1.66
  2012.7946           12.75            1.71
  2012.7972           19.83            1.64
  2012.8000           16.02            1.53
  2012.8027           13.50            1.72
  2012.8054           10.75            1.78
  2012.8082           23.77            1.87
  2012.8109           13.23            1.72
  2012.8137            7.63            1.76
  2012.8164           16.21            1.63
  2012.8192           16.16            1.67
  2012.8219            6.06            1.86
  2012.8247           17.60            1.78
  2012.8274           18.30            1.76
  2012.8301           19.49            1.96
  2012.8329           17.16            1.73
  2012.8356           15.72            1.64
  2012.8384           14.94            1.59
  2012.8411           17.20            1.55
  2012.8439           16.79            1.84
  2012.8466           15.26            1.63
  2012.8494           17.15            1.68
  2012.8521           17.70            1.68
  2012.8547           23.13            1.71
  2012.8575           20.24            1.76
  2012.8602            6.02            1.82
  2012.8630            9.59            1.81
  2012.8657           11.38            1.64
  2012.8685           18.75            1.69
  2012.8712           14.84            1.56
  2012.8740           14.82            1.66
  2012.8767           15.07            1.67
  2012.8794           14.93            1.67
  2012.8822           17.88            1.68
  2012.8849           19.01            1.64
  2012.8877           13.37            1.59
  2012.8904           16.05            1.58
  2012.8932           14.17            1.76
  2012.8959           11.03            1.83
  2012.8987           22.84            1.73
  2012.9014           18.16            1.62
  2012.9041           22.40            6.46
  2012.9069           24.98            1.68
  2012.9095           24.31            1.58
  2012.9124           16.29            1.70
  2012.9150           19.04            1.98
  2012.9178           16.69            1.69
  2012.9205           22.04            1.66
  2012.9233           20.55            2.67
  2012.9260           22.64            1.91
  2012.9287           21.98            1.75
  2012.9315           21.76            1.74
  2012.9342            7.84            2.08
  2012.9370           17.98            1.83
  2012.9397           21.80            1.65
  2012.9425           24.23            1.62
  2012.9452           18.14            1.77
  2012.9480           21.57            1.70
  2012.9507           18.83            1.78
  2012.9534           25.67            1.64
  2012.9562           20.68            1.70
  2012.9589           20.10            1.71
  2012.9617           15.95            1.84
  2012.9644           30.02            1.69
  2012.9672           23.96            2.12
  2012.9698           14.23            2.02
  2012.9727           10.39            1.86
  2012.9753           18.83            1.71
  2012.9780           23.66            1.76
  2012.9808           22.08            1.72
  2012.9835           19.61            2.21
  2012.9863           18.87            1.91
  2012.9890           22.50            1.71
  2012.9918           21.74            1.59
  2012.9945           15.49            1.55
  2012.9973           23.12            1.56
  2013.0000           28.26            1.63
  2013.0027           26.38            1.89
  2013.0027           18.48            1.44
  2013.0055           24.24            1.42
  2013.0082           16.02            1.53
  2013.0110           16.48            1.49
  2013.0137           13.60            1.64
  2013.0165           19.04            1.70
  2013.0192           18.33            1.68
  2013.0220           21.68            1.54
  2013.0247           19.06            1.67
  2013.0273           27.21            1.60
  2013.0302           24.39            1.68
  2013.0328           23.92            1.61
  2013.0356           19.68            1.60
  2013.0383           21.69            1.56
  2013.0411           23.59            1.65
  2013.0438           26.43            1.68
  2013.0466           23.82            1.87
  2013.0493           19.21            1.58
  2013.0520           24.41            1.54
  2013.0548           23.42            1.51
  2013.0575           21.08            1.59
  2013.0603           27.38            1.65
  2013.0630           24.24            1.74
  2013.0658           19.66            1.75
  2013.0685           23.61            1.61
  2013.0713           18.91            1.47
  2013.0740           17.78            1.52
  2013.0767           21.89            1.57
  2013.0795           18.75            1.55
  2013.0822           20.40            1.57
  2013.0850           19.62            1.63
  2013.0876           21.99            1.68
  2013.0905           24.75            1.66
  2013.0931           22.06            1.52
  2013.0959           26.29            1.54
  2013.0986           23.04            1.61
  2013.1013           23.28            1.86
  2013.1041           24.61            1.60
  2013.1068           26.71            1.62
  2013.1096           20.82            1.61
  2013.1123           17.64            1.79
  2013.1151           19.05            1.67
  2013.1178           25.02            1.70
  2013.1206           22.80            1.61
  2013.1233           24.06            1.70
  2013.1260           26.82            1.65
  2013.1288           25.46            1.77
  2013.1315           27.07            1.66
  2013.1343           20.85            1.51
  2013.1370           21.39            1.46
  2013.1398           19.13            1.59
  2013.1425           19.88            1.63
  2013.1453           23.49            1.60
  2013.1479           14.19            1.63
  2013.1506           22.46            1.52
  2013.1534           23.04            1.45
  2013.1561           25.73            1.52
  2013.1589           24.61            1.44
  2013.1616           27.69            1.57
  2013.1644           25.70            1.54
  2013.1671           21.99            1.52
  2013.1699           25.75            1.43
  2013.1726           24.79            1.48
  2013.1753           23.47            1.67
  2013.1781           22.05            1.67
  2013.1808           29.51            1.56
  2013.1863           26.82            1.68
  2013.1918           22.31            1.66
  2013.2000           20.75            1.44
  2013.2028           24.37            1.44
  2013.2054           23.59            1.58
  2013.2083           23.54            1.52
  2013.2109           21.74            1.43
  2013.2164           20.02            1.64
  2013.2192           22.39            1.48
  2013.2219           26.47            1.45
  2013.2246           29.75            1.55
  2013.2274           22.45            1.63
  2013.2301           25.30            1.61
  2013.2329           26.34            1.51
  2013.2356           26.46            1.46
  2013.2384           23.58            1.44
  2013.2411           19.30            1.60
  2013.2439           19.97            1.52
  2013.2466           26.65            1.54
  2013.2493           30.38            1.57
  2013.2548           22.42            1.58
  2013.2576           23.07            1.45
  2013.2603           24.53            1.61
  2013.2631           22.29            1.58
  2013.2657           20.91            2.99
  2013.2684           22.99            1.58
  2013.2712           27.97            1.74
  2013.2794           24.87            1.54
  2013.2822           25.83            1.39
  2013.2849           28.88            1.44
  2013.2877           25.97            1.42
  2013.2904           21.14            1.44
  2013.2931           25.26            1.43
  2013.2959           24.48            1.49
  2013.2986           24.85            1.45
  2013.3014           24.83            1.47
  2013.3041           22.92            1.50
  2013.3069           19.31            1.49
  2013.3096           25.45            1.50
  2013.3124           20.42            1.53
  2013.3151           24.41            1.45
  2013.3177           23.21            1.52
  2013.3206           18.25            1.49
  2013.3232           23.73            1.57
  2013.3260           25.36            1.49
  2013.3287           21.57            1.43
  2013.3315           24.26            1.55
  2013.3342           18.35            1.61
  2013.3370           15.73            1.70
  2013.3397           24.80            1.50
  2013.3424           23.91            1.43
  2013.3452           27.30            1.59
  2013.3479           29.55            1.49
  2013.3562           14.83            1.55
  2013.3589           22.47            1.45
  2013.3617           24.27            2.80
  2013.3644           22.04            1.40
  2013.3671           18.77            1.44
  2013.3699           21.60            1.38
  2013.3726           21.13            1.37
  2013.3754           19.12            1.41
  2013.3781           12.81            1.46
  2013.3809           16.63            2.34
  2013.3835           22.63            1.45
  2013.3864           21.74            1.41
  2013.3890           18.88            1.42
  2013.3917           25.01            1.40
  2013.3945           28.14            1.43
  2013.4000           25.25            1.47
  2013.4027           18.74            1.56
  2013.4055           21.41            1.72
  2013.4082           18.89            1.43
  2013.4110           28.26            1.41
  2013.4137           12.49            1.61
  2013.4164           19.82            1.54
  2013.4192           24.57            1.47
  2013.4219           24.42            1.38
  2013.4247           29.98            1.51
  2013.4274           28.60            1.53
  2013.4302           25.64            1.41
  2013.4329           25.71            1.47
  2013.4357           24.05            1.39
  2013.4384           23.07            1.43
  2013.4410           26.99            1.39
  2013.4438           25.25            1.42
  2013.4465           28.44            1.46
  2013.4493           25.55            1.47
  2013.4520           26.30            1.46
  2013.4548           20.22            1.57
  2013.4575           23.81            1.47
  2013.4603           25.08            1.44
  2013.4630           24.21            1.44
  2013.4657           23.83            1.39
  2013.4685           25.21            1.40
  2013.4712           22.58            1.48
  2013.4740           16.38            1.38
  2013.4767           20.52            1.41
  2013.4795           25.47            1.40
  2013.4822           18.53            1.38
  2013.4850           22.98            1.49
  2013.4877           22.50            2.05
  2013.4904           23.31            2.23
  2013.4932           13.24            1.51
  2013.4958           14.06            1.56
  2013.4987           18.82            1.35
  2013.5013           22.24            1.42
  2013.5042           10.15            2.36
  2013.5068           -5.88           12.81
  2013.5096           14.50            5.20
  2013.5123           23.95            2.22
  2013.5150           21.86            1.47
  2013.5178           22.95            1.37
  2013.5205           19.99            1.46
  2013.5233           11.49            1.44
  2013.5260           16.88            1.57
  2013.5288           21.28            1.38
  2013.5315           25.63            1.51
  2013.5343           26.08            2.04
  2013.5370           17.93            1.43
  2013.5397           22.71            1.34
  2013.5425           21.32            1.43
  2013.5452           24.99            1.41
  2013.5480           22.95            1.38
  2013.5507           15.40            1.47
  2013.5535           18.49            1.37
  2013.5562           21.98            1.34
  2013.5590           22.74            1.33
  2013.5616           26.60            1.33
  2013.5643           25.69            1.39
  2013.5671           16.09            1.48
  2013.5698           19.35            1.34
  2013.5726           20.88            1.33
  2013.5753           23.34            1.34
  2013.5781           28.01            1.79
  2013.5808           19.77            1.35
  2013.5836           23.08            1.29
  2013.5863           22.39            1.34
  2013.5890           17.54            1.56
  2013.5918           21.33            2.23
  2013.5945           24.92            1.97
  2013.5973           25.60            1.47
  2013.6000           18.87            1.50
  2013.6028           18.79            1.42
  2013.6055           22.10            1.33
  2013.6083           23.55            1.40
  2013.6110           18.01            1.42
  2013.6136           15.06            1.39
  2013.6165           21.58            1.32
  2013.6191           23.15            1.34
  2013.6219           20.86            1.38
  2013.6246           22.23            1.38
  2013.6274           22.54            1.32
  2013.6301           24.69            1.35
  2013.6329           19.57            1.42
  2013.6356           20.29            1.35
  2013.6383           18.59            1.41
  2013.6411           21.43            1.33
  2013.6438           23.75            1.36
  2013.6466           18.99            1.43
  2013.6493           20.97            1.37
  2013.6521           22.72            1.35
  2013.6548           19.58            1.38
  2013.6576           25.31            1.35
  2013.6603           21.86            1.37
  2013.6630           24.73            1.33
  2013.6658           23.86            1.46
  2013.6685           23.66            1.44
  2013.6713           12.58            1.43
  2013.6740           13.08            1.46
  2013.6768           28.48            1.67
  2013.6794           21.88            1.57
  2013.6823           19.28            1.60
  2013.6849           13.25            1.62
  2013.6876           25.95            1.62
  2013.6904           16.75            1.59
  2013.6931           20.00            1.57
  2013.6959           20.09            1.51
  2013.6986           16.82            1.57
  2013.7014           19.61            1.49
  2013.7041           16.10            1.56
  2013.7069           19.32            1.49
  2013.7096           20.14            1.48
  2013.7123           23.69            1.45
  2013.7151           21.38            1.43
  2013.7178           26.28            1.50
  2013.7206           18.05            1.55
  2013.7233           14.06            1.58
  2013.7261           18.53            1.51
  2013.7288           22.53            1.57
  2013.7316           22.73            1.41
  2013.7343           21.70            1.42
  2013.7369           21.96            1.62
  2013.7397           26.69            1.51
  2013.7424           18.09            1.53
  2013.7561           26.25            1.44
  2013.7589           25.87            1.53
  2013.7616           26.03            1.58
  2013.7644           26.02            1.46
  2013.7671           20.62            1.68
  2013.7699           27.27            1.52
  2013.7726           22.78            1.52
  2013.7754           21.04            1.58
  2013.7781           30.16            1.75
  2013.7808           20.37            1.61
  2013.7836           24.95            1.60
  2013.7863           31.16            1.67
  2013.7891           29.87            1.57
  2013.7917           26.66            1.63
  2013.7946           26.74            1.63
  2013.7972           27.56            1.54
  2013.8000           30.95            1.65
  2013.8027           17.80            1.75
  2013.8054           19.53            1.63
  2013.8082           22.91            1.60
  2013.8109           25.30            1.51
  2013.8137           20.74            1.75
  2013.8164           22.95            1.56
  2013.8192           28.48            1.44
  2013.8219           37.37            1.45
  2013.8247           27.56            1.51
  2013.8274           23.57            1.60
  2013.8301           33.84            1.54
  2013.8329           19.96            1.53
  2013.8356           24.60            1.52
  2013.8384           30.70            1.42
  2013.8411           31.58            1.41
  2013.8439           33.07            1.41
  2013.8466           24.42            1.40
  2013.8494           28.97            1.58
  2013.8521           26.18            1.45
  2013.8547           20.88            1.52
  2013.8575           24.22            1.55
  2013.8602           22.15            1.64
  2013.8630           22.91            1.56
  2013.8657           29.69            1.55
  2013.8685           27.06            1.51
  2013.8712           23.29            1.59
  2013.8740           32.68            1.56
  2013.8767           33.08            1.42
  2013.8794           34.54            1.46
  2013.8822           28.82            1.50
  2013.8849           31.65            1.51
  2013.8877           29.49            1.58
  2013.8904           26.68            1.49
  2013.8932           31.38            1.54
  2013.8959           29.80            1.58
  2013.8987           33.53            1.64
  2013.9014           29.67            1.55
  2013.9041           33.00            1.46
  2013.9069           30.39            3.10
  2013.9095           34.27            2.93
  2013.9124           36.19            1.48
  2013.9150           34.30            1.51
  2013.9178           37.44            1.47
  2013.9205           31.06            1.61
  2013.9233           28.89            1.76
  2013.9260           38.00            1.47
  2013.9287           35.80            1.53
  2013.9315           31.45            1.55
  2013.9342           36.10            1.53
  2013.9370           37.98            1.65
  2013.9397           39.42            1.59
  2013.9425           38.38            1.53
  2013.9452           41.95            1.63
  2013.9480           42.41            1.60
  2013.9507           35.95            1.53
