  2010.4192            0.00            3.96
  2010.4219           -3.63            0.87
  2010.4247           -4.94            0.89
  2010.4274           -5.73            0.87
  2010.4302           -4.79            0.85
  2010.4329           -3.74            0.84
  2010.4357           -3.80            0.82
  2010.4384           -1.74            0.84
  2010.4410           -3.47            0.84
  2010.4438           -3.97            0.91
  2010.4465           -4.83            0.87
  2010.4493           -3.88            0.89
  2010.4520           -5.83            1.02
  2010.4548           -3.58            0.86
  2010.4575           -4.22            0.90
  2010.4603           -4.29            1.05
  2010.4630           -3.92            1.67
  2010.4657           -1.36            1.74
  2010.4685           -4.41            1.52
  2010.4767           -6.75            1.58
  2010.4795           -4.04            1.03
  2010.4822           -3.88            0.95
  2010.4850           -2.86            0.91
  2010.4877           -6.60            0.90
  2010.4904           -8.31            0.89
  2010.4932           -5.84            1.09
  2010.4987           -4.72            2.02
  2010.5013           -4.63            1.04
  2010.5042           -4.88            0.92
  2010.5068           -5.71            1.16
  2010.5096           -5.66            1.44
  2010.5123           -4.88            1.43
  2010.5150           -6.01            1.73
  2010.5178           -5.04            1.54
  2010.5205           -3.98            0.94
  2010.5233           -4.49            1.51
  2010.5260           -5.90            1.50
  2010.5288           -5.10            0.92
  2010.5315           -5.50            0.88
  2010.5343           -4.28            0.85
  2010.5370           -3.90            0.89
  2010.5397           -5.31            0.87
  2010.5425           -3.22            0.93
  2010.5452           -3.65            0.88
  2010.5480           -5.04            0.92
  2010.5507           -4.78            0.93
  2010.5535           -3.54            0.96
  2010.5562           -4.69            0.97
  2010.5590           -5.19            1.01
  2010.5616           -4.01            1.01
  2010.5643           -2.76            0.94
  2010.5671           -2.24            0.92
  2010.5698           -3.43            0.97
  2010.5726           -3.90            0.99
  2010.5753           -4.03            1.01
  2010.5781           -4.04            1.04
  2010.5808           -3.94            1.01
  2010.5836           -2.10            0.95
  2010.5863           -2.16            0.84
  2010.5890           -2.66            0.91
  2010.5918           -3.09            0.85
  2010.5945           -2.46            1.87
  2010.5973           -2.57            0.92
  2010.6000           -2.12            0.88
  2010.6028           -2.20            0.88
  2010.6055           -1.95            0.84
  2010.6083           -2.16            0.88
  2010.6110           -2.43            0.93
  2010.6136           -2.02            0.87
  2010.6165           -2.39            0.86
  2010.6191           -2.20            0.89
  2010.6219           -1.58            0.88
  2010.6246           -2.69            0.94
  2010.6274           -3.27            1.01
  2010.6301           -2.17            0.93
  2010.6329           -1.87            0.86
  2010.6356           -2.62            0.88
  2010.6383           -1.18            1.00
  2010.6411           -2.47            0.91
  2010.6438           -2.57            0.90
  2010.6466           -2.44            0.90
  2010.6493           -1.87            0.90
  2010.6521           -3.96            0.96
  2010.6548           -2.06            0.96
  2010.6576           -1.93            0.93
  2010.6603           -0.80            0.89
  2010.6630           -3.09            0.93
  2010.6658           -2.32            0.88
  2010.6685           -1.57            0.89
  2010.6713           -0.87            0.92
  2010.6740           -0.73            1.02
  2010.6768            0.00            0.95
  2010.6794            0.05            0.85
  2010.6823           -0.35            0.86
  2010.6849            0.20            0.85
  2010.6876            0.03            0.85
  2010.6904            0.56            0.87
  2010.6931            0.49            0.87
  2010.6959           -1.18            0.92
  2010.6986           -1.12            0.90
  2010.7014           -1.33            0.89
  2010.7041           -1.90            0.89
  2010.7069           -0.48            0.99
  2010.7096            1.63            0.88
  2010.7123            0.33            0.85
  2010.7151           -1.62            0.95
  2010.7178           -0.28            0.91
  2010.7206            0.50            0.86
  2010.7233            1.86            0.90
  2010.7261           -0.03            0.84
  2010.7288           -0.25            0.84
  2010.7316            0.82            0.83
  2010.7343            0.73            0.86
  2010.7369           -1.34            0.88
  2010.7397            0.20            0.88
  2010.7424            0.01            0.86
  2010.7452            0.46            0.81
  2010.7479            0.97            0.83
  2010.7507            1.01            0.88
  2010.7534            1.17            0.83
  2010.7561            1.36            0.90
  2010.7589            0.99            0.81
  2010.7616            0.76            0.82
  2010.7644            1.12            0.84
  2010.7671            1.62            0.82
  2010.7699            1.42            0.81
  2010.7726            2.28            0.90
  2011.0027            6.78            0.95
  2011.0055            4.25            0.96
  2011.0082            3.92            0.94
  2011.0110            6.16            1.07
  2011.0137            6.74            1.03
  2011.0165            4.74            1.03
  2011.0192            6.05            1.03
  2011.0220            4.94            1.04
  2011.0247            3.85            1.04
  2011.0273            3.24            1.08
  2011.0302            3.62            1.06
  2011.0328            5.11            1.10
  2011.0356            5.10            1.09
  2011.0383            3.64            0.99
  2011.0411            3.94            1.11
  2011.0438            4.78            1.16
  2011.0466            3.96            1.05
  2011.0493            2.52            1.19
  2011.0520            5.16            1.06
  2011.0548            6.12            1.10
  2011.0575            5.74            1.06
  2011.0603            5.96            1.13
  2011.0630            5.68            1.07
  2011.0658            4.95            1.10
  2011.0685            4.73            1.08
  2011.0713            4.14            1.13
  2011.0740            4.26            1.13
  2011.0767            5.71            1.10
  2011.0795            6.08            1.07
  2011.0822            3.58            1.09
  2011.0850            3.84            1.12
  2011.0876            5.79            1.03
  2011.0905            5.02            1.08
  2011.0931            6.72            1.08
  2011.0959            6.87            1.10
  2011.0986            5.94            1.06
  2011.1013            5.48            1.11
  2011.1041            5.71            1.09
  2011.1068            6.83            1.21
  2011.1096            5.22            1.42
  2011.1123            4.72            1.20
  2011.1151            5.89            1.14
  2011.1178            5.91            1.20
  2011.1206            5.73            1.31
  2011.1233            5.27            1.13
  2011.1260            3.59            1.12
  2011.1288            4.64            1.15
  2011.1315            5.69            1.18
  2011.1343            5.80            1.18
  2011.1370            4.62            1.16
  2011.1398            6.11            1.13
  2011.1425            6.61            1.15
  2011.1453            7.92            1.11
  2011.1479            5.95            1.26
  2011.1506            7.61            1.16
  2011.1534            6.09            1.12
  2011.1561            6.53            1.08
  2011.1589            6.77            1.10
  2011.1616            7.40            1.08
  2011.1644            5.85            1.11
  2011.1671            7.07            1.13
  2011.1699            6.79            1.15
  2011.1726            7.07            1.21
  2011.1753            5.94            1.17
  2011.1781            7.07            1.46
  2011.1808            6.82            1.11
  2011.1836            5.11            1.13
  2011.1863            5.40            1.19
  2011.1891            7.45            1.37
  2011.1918            6.80            1.34
  2011.1946            5.06            1.30
  2011.1973            6.77            1.10
  2011.2000            6.96            1.29
  2011.2028            8.24            1.33
  2011.2054            4.52            1.29
  2011.2083            6.17            1.21
  2011.2109            7.12            1.14
  2011.2137            5.53            1.09
  2011.2164            7.70            1.05
  2011.2192            9.25            1.21
  2011.2219            7.72            1.20
  2011.2246            7.45            1.08
  2011.2274            6.43            1.16
  2011.2301            7.39            1.19
  2011.2329            9.31            1.12
  2011.2356            8.15            1.13
  2011.2384            8.39            1.05
  2011.2411            7.13            1.14
  2011.2439           10.81            1.22
  2011.2466            8.54            1.36
  2011.2493            8.99            1.26
  2011.2521            8.28            1.23
  2011.2548            8.63            1.16
  2011.2576            8.29            1.14
  2011.2603            8.38            1.42
  2011.2631            9.47            1.14
  2011.2657            9.24            1.13
  2011.2684           10.74            1.11
  2011.2712           10.05            1.09
  2011.2739            7.01            1.20
  2011.2767            8.26            1.23
  2011.2794            7.71            1.17
  2011.2822            7.04            1.24
  2011.2849            7.78            1.17
  2011.2877            8.47            1.04
  2011.2904            8.10            1.07
  2011.2931            7.76            2.36
  2011.2959            6.90            1.15
  2011.2986            6.74            1.21
  2011.3014            6.83            1.58
  2011.3041            1.28            4.62
  2011.3069            3.31            2.07
  2011.3096            9.24            1.16
  2011.3124            8.75            1.54
  2011.3151            9.68            1.31
  2011.3177            9.19            1.49
  2011.3206            7.92            1.69
  2011.3232           11.63            2.01
  2011.3260            9.21            1.22
  2011.3287            8.67            1.40
  2011.3315            8.94            1.13
  2011.3342            7.54            1.04
  2011.3370            8.16            1.18
  2011.3397            8.83            1.29
  2011.3424            8.20            1.59
  2011.3452           11.17            1.13
  2011.3479            8.73            1.10
  2011.3507            8.48            1.44
  2011.3534            8.53            1.05
  2011.3562            5.06            1.60
  2011.3589            9.01            1.23
  2011.3617            9.24            1.06
  2011.3644            3.16            5.17
  2011.3671           10.39            1.85
  2011.3699            7.66            1.33
  2011.3726            9.88            1.90
  2011.3754            7.04            1.72
  2011.3835            8.42            1.91
  2011.3864            7.74            1.80
  2011.3890            8.40            1.76
  2011.3917            7.19            1.17
  2011.3945            7.95            1.74
  2011.3972           10.39            2.15
  2011.4000            7.80            1.65
  2011.4027            6.76            1.29
  2011.4055            7.56            1.64
  2011.4082            6.97            1.07
  2011.4137            8.38            1.75
  2011.4164            7.12            2.84
  2011.4192            8.17            1.81
  2011.4219            8.88            1.21
  2011.4247            8.92            2.05
  2011.4274            8.17            1.89
  2011.4302            6.76            1.41
  2012.0192           29.69            1.07
  2012.0220           31.26            1.08
  2012.0247           29.44            1.24
  2012.0273           30.91            1.22
  2012.0302           33.06            1.10
  2012.0328           31.11            1.02
  2012.0356           31.44            1.02
  2012.0383           30.96            1.06
  2012.0411           32.27            1.20
  2012.0438           32.63            1.04
  2012.0466           32.93            1.16
  2012.0493           31.52            1.26
  2012.0520           32.26            1.09
  2012.0548           32.70            1.17
  2012.0603           27.00            1.19
  2012.0630           34.48            1.14
  2012.0658           32.04            1.11
  2012.0685           32.43            1.48
  2012.0713           33.75            1.49
  2012.0740           30.43            1.37
  2012.0767           32.59            1.47
  2012.0795           31.29            1.18
  2012.0822           32.51            1.21
  2012.0850           33.90            1.10
  2012.0876           33.01            1.10
  2012.0905           32.95            1.15
  2012.0931           31.41            1.04
  2012.0959           34.62            1.14
  2012.0986           33.17            1.10
  2012.1013           33.98            1.11
  2012.1041           29.84            1.17
  2012.1068           34.11            1.07
  2012.1096           34.64            1.02
  2012.1123           33.08            1.02
  2012.1151           32.47            1.05
  2012.1178           35.53            1.18
  2012.1206           33.30            1.19
  2012.1233           33.17            1.11
  2012.1260           33.38            1.12
  2012.1288           41.84            1.14
  2012.1315           28.57            1.19
  2012.1343           34.16            1.17
  2012.1370           34.73            1.18
  2012.1398           35.19            1.09
  2012.1425           33.97            1.02
  2012.1453           33.61            1.05
  2012.1479           34.65            1.02
  2012.1506           33.28            1.02
  2012.1534           34.84            1.08
  2012.1561           34.82            1.08
  2012.1589           35.80            1.12
  2012.1616           34.80            1.09
  2012.1644           34.78            1.08
  2012.1671           35.70            1.03
  2012.1699           35.61            0.99
  2012.1726           36.16            1.07
  2012.1753           33.88            1.07
  2012.1781           34.20            1.17
  2012.1808           34.54            1.03
  2012.1836           36.43            1.17
  2012.1863           34.88            1.02
  2012.1891           34.35            1.02
  2012.1918           36.17            1.07
  2012.1946           35.61            1.10
  2012.1973           35.30            1.10
  2012.2000           35.06            1.09
  2012.2028           34.74            1.07
  2012.2054           35.14            1.03
  2012.2083           35.60            1.02
  2012.2109           35.50            1.08
  2012.2137           35.23            1.00
  2012.2164           36.24            1.06
  2012.2192           37.11            0.98
  2012.2219           37.17            1.00
  2012.2246           35.89            0.94
  2012.2274           37.97            0.95
  2012.2301           36.77            0.99
  2012.2329           38.39            1.00
  2012.2356           37.38            1.00
  2012.2384           38.30            0.97
  2012.2411           37.56            0.98
  2012.2439           37.42            1.10
  2012.2466           36.97            0.93
  2012.2493           36.53            1.04
  2012.2521           37.83            0.99
  2012.2548           36.28            1.00
  2012.2576           38.82            0.97
  2012.2603           35.19            1.09
  2012.2631           36.55            1.02
  2012.2657           36.43            0.94
  2012.2684           36.56            0.99
  2012.2712           38.92            1.03
  2012.2739           38.56            1.03
  2012.2767           37.91            0.99
  2012.2794           38.54            0.96
  2012.2822           37.88            0.97
  2012.2849           37.29            1.08
  2012.2877           39.99            1.02
  2012.2904           39.34            1.05
  2012.2931           39.14            1.47
  2012.2959           38.89            0.99
  2012.2986           36.00            1.06
  2012.3014           36.92            0.95
  2012.3041           36.11            0.94
  2012.3069           37.64            1.00
  2012.3096           38.39            0.85
  2012.3124           37.96            0.91
  2012.3151           41.76            1.05
  2012.3177           38.60            0.98
  2012.3206           37.86            1.30
  2012.3232           38.06            0.89
  2012.3260           37.04            0.87
  2012.3287           37.57            0.85
  2012.3315           36.54            0.90
  2012.3342           36.90            0.89
  2012.3370           35.23            0.90
  2012.3397           39.11            0.87
  2012.3424           37.71            1.18
  2012.3452           38.09            0.85
  2012.3479           37.64            0.99
  2012.3507           36.57            0.88
  2012.3534           37.87            0.87
  2012.3562           38.30            0.87
  2012.3589           38.08            0.92
  2012.3617           38.34            0.97
  2012.3644           37.74            0.86
  2012.3671           36.80            0.89
  2012.3699           37.83            0.90
  2012.3726           36.44            0.94
  2012.3754           37.04            0.94
  2012.3781           36.00            1.36
  2012.3835           37.25            0.98
  2012.3864           36.09            1.58
  2012.3890           37.46            1.27
  2012.3917           38.67            1.37
  2012.3945           38.01            1.00
  2012.3972           40.47            2.09
  2012.4110           37.29            0.93
  2012.4137           37.18            0.89
  2012.4164           36.87            1.27
  2012.4384           39.06            0.88
  2012.4410           38.33            1.05
  2012.4438           39.44            0.91
  2012.4465           39.71            1.01
  2012.4493           38.11            0.96
  2012.4520           37.41            1.04
  2012.4548           39.23            0.93
  2012.4575           39.28            1.01
  2012.4603           38.88            0.99
  2012.4630           37.33            1.00
  2012.4657           38.33            0.97
  2012.4685           38.71            0.97
  2012.4712           38.12            1.12
  2012.4740           38.12            1.00
  2012.4767           38.33            0.97
  2012.4795           40.22            0.94
  2012.4822           39.88            0.94
  2012.4850           40.56            0.93
  2012.4877           38.51            0.94
  2012.4904           36.84            1.00
  2012.4932           38.77            0.99
  2012.4958           37.89            1.03
  2012.4987           40.35            1.02
  2012.5013           38.91            1.03
  2012.5042           40.08            1.00
  2012.5068           38.56            0.95
  2012.5096           37.65            1.01
  2012.5123           39.27            1.08
  2012.5150           40.55            1.00
  2012.5178           40.42            0.96
  2012.5205           39.02            0.99
  2012.5233           39.88            1.01
  2012.5260           39.26            0.94
  2012.5288           39.82            0.98
  2012.5315           39.39            0.96
  2012.5343           40.21            0.94
  2012.5370           40.86            0.92
  2012.5397           40.57            0.94
  2012.5425           41.91            0.97
  2012.5452           40.79            0.92
  2012.5480           39.18            1.01
  2012.5507           40.30            1.05
  2012.5535           38.93            0.93
  2012.5562           39.17            0.96
  2012.5590           40.77            0.95
  2012.5616           40.24            0.97
  2012.5643           42.48            0.93
  2012.5671           40.82            0.96
  2012.5698           41.34            0.92
  2012.5726           40.82            0.96
  2012.5753           40.63            0.97
  2012.5781           43.01            0.97
  2012.5808           42.90            0.94
  2012.5836           41.83            0.95
  2012.5863           41.37            1.03
  2012.5890           41.81            0.98
  2012.5918           41.62            0.98
  2012.5945           41.72            0.94
  2012.5973           42.92            1.48
  2012.6000           41.79            0.99
  2012.6028           43.25            0.99
  2012.6055           42.27            1.02
  2012.6083           41.87            0.99
  2012.6110           43.62            0.93
  2012.6136           43.48            1.01
  2012.6191           43.31            1.01
  2012.6219           43.09            1.01
  2012.6246           43.86            1.04
  2012.6274           44.21            0.95
  2012.6301           42.96            1.13
  2012.6329           43.81            1.02
  2012.6356           40.79            1.02
  2012.6383           42.49            1.01
  2012.6411           41.42            0.98
  2012.6438           43.40            1.04
  2012.6466           43.62            1.02
  2012.6493           45.70            0.98
  2012.6521           44.68            0.97
  2012.6548           44.25            0.93
  2012.6576           44.20            0.96
  2012.6603           42.67            0.99
  2012.6630           42.55            1.08
  2012.6658           42.02            0.97
  2012.6685           41.67            1.02
  2012.6713           43.89            1.01
  2012.6740           43.07            1.08
  2012.6768           45.74            1.04
  2012.6794           41.70            0.96
  2012.6823           43.50            1.11
  2012.6849           43.62            1.06
  2012.6876           44.86            1.00
  2012.6904           43.13            1.02
  2012.6931           44.96            0.99
  2012.6959           44.78            0.99
  2012.6986           43.81            1.03
  2012.7014           43.91            0.99
  2012.7041           44.33            1.10
  2012.7069           42.87            1.00
  2012.7096           43.24            1.00
  2012.7123           41.74            1.06
  2012.7151           43.52            1.07
  2012.7178           43.35            1.05
  2012.7206           44.94            1.03
  2012.7233           43.41            1.05
  2012.7261           43.07            1.02
  2012.7288           45.01            1.00
  2012.7316           43.23            1.01
  2012.7343           39.34            1.07
  2012.7369           45.03            1.13
  2012.7397           43.57            1.05
  2012.7424           42.24            0.96
  2012.7452           43.39            1.00
  2012.7479           44.03            1.09
  2012.7507           43.87            1.12
  2012.7534           43.04            1.22
  2012.7561           44.01            1.13
  2012.7589           43.50            1.10
  2012.7616           48.66            1.09
  2012.7644           45.23            1.06
  2012.7671           46.00            1.19
  2012.7699           44.92            1.16
  2012.7726           43.88            1.02
  2012.7754           44.93            1.21
  2012.7781           44.96            1.01
  2012.7808           45.34            1.04
  2012.7836           45.81            1.04
  2012.7863           44.57            0.99
  2012.7891           44.74            1.09
  2012.7917           43.01            1.09
  2012.7946           45.81            1.10
  2012.7972           44.69            1.03
  2012.8000           45.69            1.02
  2012.8027           45.67            1.11
  2012.8054           46.48            1.20
  2012.8082           45.37            1.24
  2012.8109           43.66            1.13
  2012.8137           44.66            1.16
  2012.8164           45.78            1.09
  2012.8192           44.85            1.13
  2012.8219           43.81            1.19
  2012.8247           45.95            1.18
  2012.8274           46.61            1.15
  2012.8301           51.64            1.29
  2012.8329           44.82            1.17
  2012.8356           47.24            1.07
  2012.8384           47.01            1.08
  2012.8411           44.99            1.01
  2012.8439           47.76            1.21
  2012.8466           45.55            1.07
  2012.8494           45.86            1.12
  2012.8521           46.27            1.14
  2012.8547           46.26            1.16
  2012.8575           47.68            1.16
  2012.8602           46.23            1.17
  2012.8630           48.17            1.16
  2012.8657           46.85            1.09
  2012.8685           48.26            1.14
  2012.8712           46.00            1.04
  2012.8740           47.31            1.12
  2012.8767           48.47            1.13
  2012.8794           47.31            1.09
  2012.8822           48.73            1.10
  2012.8849           48.16            1.10
  2012.8877           46.22            1.01
  2012.8904           48.10            1.07
  2012.8932           45.48            1.19
  2012.8959           43.00            1.17
  2012.8987           48.85            1.15
  2012.9014           47.24            1.11
  2012.9041           47.60            4.20
  2012.9069           46.71            1.13
  2012.9095           46.44            1.07
  2012.9124           48.18            1.12
  2012.9150           45.37            1.32
  2012.9178           43.71            1.18
  2012.9205           46.67            1.13
  2012.9233           47.18            1.79
  2012.9260           49.25            1.34
  2012.9287           45.19            1.16
  2012.9315           46.72            1.21
  2012.9342           43.83            1.40
  2012.9370           45.79            1.22
  2012.9397           45.44            1.12
  2012.9425           46.19            1.07
  2012.9452           46.03            1.17
  2012.9480           47.36            1.16
  2012.9507           44.48            1.27
  2012.9534           45.68            1.15
  2012.9562           51.00            1.21
  2012.9589           48.64            1.20
  2012.9617           47.14            1.28
  2012.9644           44.68            1.19
  2012.9672           44.81            1.37
  2012.9698           46.44            1.46
  2012.9727           43.79            1.28
  2012.9753           45.63            1.14
  2012.9780           40.78            1.17
  2012.9808           45.10            1.17
  2012.9835           43.00            1.46
  2012.9863           46.63            1.29
  2012.9890           45.75            1.16
  2012.9918           48.96            1.10
  2012.9945           46.56            1.05
  2013.0027           46.10            1.31
  2013.0027           47.42            0.90
  2013.0055           48.58            0.88
  2013.0082           47.11            0.94
  2013.0110           47.81            1.03
  2013.0137           48.55            1.05
  2013.0165           48.74            1.11
  2013.0192           46.16            1.08
  2013.0220           49.19            0.93
  2013.0247           47.08            1.01
  2013.0273           48.15            1.00
  2013.0302           50.04            1.02
  2013.0356           49.30            1.05
  2013.0383           46.93            0.95
  2013.0411           45.17            1.04
  2013.0438           49.79            1.04
  2013.0466           48.58            1.24
  2013.0493           46.56            1.03
  2013.0520           48.59            0.98
  2013.0548           48.65            0.95
  2013.0575           48.20            1.05
  2013.0603           48.36            1.06
  2013.0630           48.20            1.11
  2013.0658           49.77            1.10
  2013.0685           49.98            0.99
  2013.0713           48.72            0.95
  2013.0740           49.78            0.96
  2013.0767           48.85            0.98
  2013.0795           48.99            0.97
  2013.0822           50.08            0.99
  2013.0850           49.72            1.05
  2013.0876           51.03            1.16
  2013.0905           50.29            1.03
  2013.0931           50.92            0.96
  2013.0959           50.73            0.97
  2013.0986           51.21            1.00
  2013.1013           49.51            1.19
  2013.1041           50.49            0.96
  2013.1068           51.26            0.99
  2013.1096           49.22            1.00
  2013.1123           50.64            1.09
  2013.1151           50.21            1.10
  2013.1178           49.17            1.07
  2013.1206           52.56            1.06
  2013.1233           51.31            1.10
  2013.1288           48.49            1.13
  2013.1315           53.83            1.03
  2013.1343           52.47            0.93
  2013.1370           53.28            0.90
  2013.1398           52.89            0.99
  2013.1425           52.37            1.05
  2013.1453           53.19            0.98
  2013.1479           53.53            1.03
  2013.1506           51.93            0.94
  2013.1534           52.43            0.94
  2013.1561           53.05            0.93
  2013.1589           51.60            0.93
  2013.1616           51.82            0.99
  2013.1644           52.35            1.00
  2013.1671           52.42            0.96
  2013.1699           54.21            0.90
  2013.1726           53.59            0.92
  2013.1753           51.98            1.04
  2013.1781           54.42            1.04
  2013.1808           54.44            0.99
  2013.1863           48.35            1.09
  2013.1918           53.84            1.06
  2013.2000           54.46            0.90
  2013.2028           54.13            0.95
  2013.2054           54.08            1.01
  2013.2083           55.31            1.00
  2013.2109           54.31            0.94
  2013.2164           52.27            1.07
  2013.2192           54.00            0.93
  2013.2219           54.69            0.92
  2013.2246           54.93            0.94
  2013.2274           53.66            1.04
  2013.2301           54.33            1.09
  2013.2329           55.13            0.97
  2013.2356           56.46            0.96
  2013.2384           54.99            0.90
  2013.2411           54.46            1.01
  2013.2439           54.34            0.96
  2013.2466           53.46            0.98
  2013.2493           59.79            1.03
  2013.2548           50.92            1.01
  2013.2576           52.05            0.97
  2013.2603           53.32            1.02
  2013.2631           53.86            1.01
  2013.2657           55.44            1.89
  2013.2684           53.30            1.06
  2013.2712           54.03            1.17
  2013.2794           55.60            1.02
  2013.2822           56.51            0.92
  2013.2849           53.70            0.94
  2013.2877           55.47            0.95
  2013.2904           54.18            0.93
  2013.2931           54.76            0.93
  2013.2959           53.74            0.95
  2013.2986           54.68            0.94
  2013.3014           52.97            0.99
  2013.3041           53.18            1.03
  2013.3069           52.86            1.08
  2013.3096           53.91            0.98
  2013.3124           55.57            1.04
  2013.3151           55.91            0.97
  2013.3177           54.61            1.04
  2013.3206           52.87            0.96
  2013.3232           54.81            1.04
  2013.3260           54.31            0.94
  2013.3287           54.22            0.91
  2013.3315           52.74            0.98
  2013.3342           53.94            1.01
  2013.3370           54.35            1.07
  2013.3397           53.95            0.95
  2013.3424           54.07            0.97
  2013.3452           53.73            1.02
  2013.3479           53.25            0.95
  2013.3562           51.16            1.08
  2013.3589           53.06            0.91
  2013.3617           51.03            1.84
  2013.3644           51.80            0.91
  2013.3671           52.85            0.94
  2013.3699           52.30            0.88
  2013.3726           52.52            0.87
  2013.3754           52.57            0.89
  2013.3781           54.70            0.94
  2013.3809           53.43            1.49
  2013.3835           50.54            0.93
  2013.3864           52.39            0.90
  2013.3890           52.33            0.91
  2013.3917           51.68            0.88
  2013.3945           52.01            0.93
  2013.4000           52.24            0.98
  2013.4027           54.84            1.02
  2013.4055           53.76            1.08
  2013.4082           53.12            0.92
  2013.4110           52.31            0.93
  2013.4137           50.09            1.05
  2013.4164           52.07            1.01
  2013.4192           55.01            0.97
  2013.4219           51.53            0.88
  2013.4247           55.42            0.96
  2013.4274           57.20            1.01
  2013.4302           54.09            0.91
  2013.4329           53.96            0.95
  2013.4357           55.32            0.89
  2013.4384           54.43            0.92
  2013.4410           54.38            0.90
  2013.4438           53.49            0.94
  2013.4465           53.94            0.97
  2013.4493           54.31            0.94
  2013.4520           54.27            0.92
  2013.4548           48.64            1.02
  2013.4575           57.81            0.97
  2013.4603           57.08            0.92
  2013.4630           55.49            0.94
  2013.4657           54.89            0.93
  2013.4685           54.98            0.92
  2013.4712           54.01            0.95
  2013.4740           53.73            0.89
  2013.4767           56.97            0.89
  2013.4795           56.26            0.89
  2013.4822           56.43            0.89
  2013.4850           56.69            0.91
  2013.4877           56.14            1.06
  2013.4904           55.43            0.96
  2013.4932           56.55            0.94
  2013.4958           56.19            0.89
  2013.4987           56.49            0.87
  2013.5013           58.03            2.43
  2013.5042           52.84            1.69
  2013.5068           56.99            0.95
  2013.5260           54.77            2.06
  2013.5288           58.20            0.87
  2013.5315           59.03            1.17
  2013.5343           58.09            0.90
  2013.5370           58.42            1.34
  2013.5425           57.03            1.61
  2013.5452           58.05            0.89
  2013.5480           57.15            0.87
  2013.5507           58.51            0.94
  2013.5535           58.10            0.86
  2013.5562           57.30            0.84
  2013.5590           57.69            0.85
  2013.5616           58.11            0.83
  2013.5643           58.18            0.89
  2013.5671           57.86            0.92
  2013.5698           57.40            0.85
  2013.5726           57.38            0.82
  2013.5753           57.54            0.84
  2013.5781           58.56            0.88
  2013.5808           57.70            0.84
  2013.5836           58.58            0.82
  2013.5863           57.49            0.85
  2013.5890           57.06            0.89
  2013.5918           56.04            0.96
  2013.5945           59.08            0.90
  2013.5973           57.66            0.93
  2013.6000           57.03            0.97
  2013.6028           58.97            0.89
  2013.6055           59.24            0.84
  2013.6083           60.56            0.89
  2013.6110           57.18            0.90
  2013.6136           56.84            0.94
  2013.6165           56.81            0.85
  2013.6191           58.32            0.85
  2013.6246           58.57            0.88
  2013.6301           57.61            0.87
  2013.6329           56.18            0.89
  2013.6356           57.69            0.88
  2013.6383           57.45            0.90
  2013.6411           57.64            0.86
  2013.6438           57.53            0.87
  2013.6466           57.69            0.90
  2013.6493           58.16            0.89
  2013.6521           58.58            0.87
  2013.6548           58.98            0.88
  2013.6576           58.24            0.86
  2013.6603           57.64            0.87
  2013.6630           56.87            0.87
  2013.6658           55.23            0.96
  2013.6685           56.56            0.92
  2013.6713           57.48            0.94
  2013.6740           58.86            0.95
  2013.6768           57.02            1.10
  2013.6794           55.66            1.03
  2013.6823           57.49            1.04
  2013.6876           54.45            1.05
  2013.6904           55.23            1.03
  2013.6931           56.56            1.01
  2013.6959           56.20            0.97
  2013.6986           57.67            1.02
  2013.7014           57.63            0.96
  2013.7041           57.11            0.99
  2013.7069           59.61            0.95
  2013.7096           58.98            0.97
  2013.7123           57.57            0.93
  2013.7151           57.70            0.96
  2013.7178           57.29            1.01
  2013.7206           56.74            1.00
  2013.7261           57.08            1.02
  2013.7288           56.24            1.06
  2013.7316           57.94            0.93
  2013.7343           57.76            0.96
  2013.7369           55.29            1.02
  2013.7397           57.62            1.01
  2013.7424           58.35            0.99
  2013.7561           59.43            0.97
  2013.7589           58.72            1.02
  2013.7616           56.62            1.10
  2013.7644           59.63            0.98
  2013.7671           61.15            1.11
  2013.7699           54.65            1.03
  2013.7726           59.37            1.01
  2013.7754           58.19            1.09
  2013.7781           61.24            1.13
  2013.7808           53.35            1.12
  2013.7836           60.26            1.09
  2013.7863           58.86            1.15
  2013.7891           59.51            1.08
  2013.7917           60.56            1.09
  2013.7946           60.46            1.14
  2013.7972           52.74            1.06
  2013.8000           59.64            1.12
  2013.8027           61.14            1.16
  2013.8054           61.14            1.12
  2013.8082           62.87            1.09
  2013.8109           59.11            1.02
  2013.8137           52.36            2.33
  2013.8164           58.83            1.08
  2013.8192           60.68            0.97
  2013.8219           62.73            0.98
  2013.8247           61.25            0.96
  2013.8274           60.47            1.06
  2013.8301           61.54            1.03
  2013.8329           62.61            1.06
  2013.8356           62.70            1.05
  2013.8384           61.42            0.96
  2013.8411           61.00            0.95
  2013.8439           61.17            0.95
  2013.8466           60.60            0.95
  2013.8494           59.36            1.06
  2013.8521           61.16            1.01
  2013.8547           59.49            1.04
  2013.8575           59.61            0.98
  2013.8602           61.31            1.08
  2013.8630           59.91            1.06
  2013.8657           57.78            1.01
  2013.8685           58.19            1.03
  2013.8712           60.90            1.06
  2013.8740           61.47            1.05
  2013.8767           61.49            0.96
  2013.8794           60.36            0.94
  2013.8822           60.23            1.02
  2013.8849           59.51            1.00
  2013.8877           61.05            1.06
  2013.8904           64.13            1.03
  2013.8932           62.09            1.00
  2013.8959           60.12            1.07
  2013.8987           59.70            1.08
  2013.9014           60.37            1.04
  2013.9041           61.44            0.97
  2013.9069           60.94            1.99
  2013.9095           62.24            1.98
  2013.9124           60.59            1.00
  2013.9150           59.90            0.95
  2013.9178           61.45            0.99
  2013.9205           65.80            1.08
  2013.9233           59.99            1.15
  2013.9260           59.23            0.95
  2013.9287           59.34            0.99
  2013.9315           61.41            1.06
  2013.9342           60.28            0.99
  2013.9370           64.30            1.06
  2013.9397           61.61            1.03
  2013.9425           62.75            0.98
  2013.9452           64.29            1.11
  2013.9480           62.79            1.07
  2013.9507           60.88            1.04
  2013.9534           60.74            1.11
  2013.9562           61.80            1.05
  2013.9589           59.76            1.13
  2013.9617           60.97            1.07
  2013.9644           58.93            1.13
  2013.9672           60.49            0.98
  2013.9698           61.14            1.07
  2013.9727           62.81            1.09
  2013.9753           61.92            1.07
  2013.9780           61.79            1.07
  2013.9808           62.21            1.04
  2013.9835           61.71            1.12
  2013.9863           61.69            1.16
  2013.9890           63.34            1.18
  2013.9918           62.16            1.05
  2013.9945           62.33            1.15
  2013.9973           59.12            1.11
  2014.0000           61.07            1.17
  2014.0027           64.21            1.13
  2014.0055           64.68            1.24
  2014.0082           62.40            1.09
  2014.0110           62.27            1.09
  2014.0137           63.00            1.04
  2014.0165           62.47            1.09
  2014.0192           64.40            1.11
  2014.0220           62.71            1.11
  2014.0247           63.58            1.13
  2014.0273           63.95            1.14
  2014.0302           64.61            1.10
  2014.0328           66.65            1.15
  2014.0356           62.61            1.09
  2014.0383           62.57            1.23
  2014.0411           62.85            1.09
  2014.0438           62.12            1.17
  2014.0466           62.98            1.15
  2014.0493           64.01            1.10
  2014.0548           62.26            1.07
  2014.0575           62.53            1.15
  2014.0603           63.06            1.12
  2014.0630           62.02            1.23
  2014.0658           62.87            1.14
  2014.0685           65.83            1.10
  2014.0713           66.15            1.07
  2014.0740           63.51            1.10
  2014.0767           63.33            1.18
  2014.0795           65.64            1.12
  2014.0822           63.40            1.19
  2014.0850           64.29            1.17
  2014.0876           63.29            1.22
  2014.0905           62.44            1.13
  2014.0931           62.78            1.22
  2014.0959           64.69            1.16
  2014.0986           63.20            1.23
  2014.1013           65.39            1.11
  2014.1041           62.26            1.18
  2014.1068           63.98            1.12
  2014.1096           61.91            1.16
  2014.1123           61.69            1.14
  2014.1151           67.43            1.16
  2014.1178           62.49            1.14
  2014.1206           65.18            1.13
  2014.1233           61.69            1.23
  2014.1260           65.65            1.10
  2014.1288           68.57            1.10
  2014.1315           66.31            1.17
  2014.1343           64.42            1.16
  2014.1370           65.47            1.20
  2014.1398           65.62            1.18
  2014.1425           66.63            1.27
  2014.1453           67.16            1.23
  2014.1479           65.74            1.17
  2014.1506           68.73            1.10
  2014.1534           66.93            1.17
  2014.1561           66.51            1.15
  2014.1589           67.61            1.19
  2014.1616           66.48            1.05
  2014.1644           66.78            1.14
  2014.1671           68.19            1.16
  2014.1699           68.12            1.30
  2014.1726           62.31            1.20
  2014.1753           65.30            1.18
  2014.1781           68.62            1.19
  2014.1808           67.39            1.13
  2014.1836           68.66            1.24
  2014.1863           66.67            1.22
  2014.1891           64.62            1.13
  2014.1918           65.73            1.10
  2014.1946           66.14            1.12
  2014.1973           67.90            1.12
  2014.2000           66.13            1.16
  2014.2028           64.06            1.17
  2014.2054           57.58            1.19
  2014.2083           64.31            1.18
  2014.2109           65.27            1.09
  2014.2137           64.74            1.12
  2014.2164           64.41            1.25
  2014.2192           67.47            1.15
  2014.2219           63.34            1.11
  2014.2246           64.31            1.03
  2014.2274           65.69            1.11
  2014.2301           66.20            1.14
  2014.2329           66.74            1.09
  2014.2356           68.38            1.13
  2014.2384           63.82            1.17
  2014.2411           63.55            1.14
  2014.2439           62.12            1.23
  2014.2466           63.05            1.17
  2014.2493           66.36            1.06
  2014.2521           66.56            1.05
  2014.2548           66.14            1.12
  2014.2576           65.54            1.05
  2014.2603           69.33            1.13
  2014.2631           64.23            1.06
  2014.2657           67.37            1.12
  2014.2684           65.45            1.21
  2014.2712           64.93            1.11
  2014.2739           66.06            1.12
  2014.2767           65.57            1.13
  2014.2794           67.29            1.12
  2014.2822           66.33            0.99
  2014.2849           66.05            0.98
  2014.2877           66.65            1.07
  2014.2904           67.15            1.06
  2014.2931           65.32            1.03
  2014.2959           67.41            1.00
  2014.2986           67.96            0.98
  2014.3014           68.07            0.99
  2014.3041           68.97            1.05
  2014.3069           66.98            1.01
  2014.3096           65.81            0.99
  2014.3124           69.62            1.02
  2014.3151           68.17            0.98
  2014.3177           67.38            0.97
  2014.3206           66.23            1.02
  2014.3232           66.33            0.94
  2014.3260           67.79            0.99
  2014.3287           66.03            1.03
  2014.3315           67.10            1.01
  2014.3342           67.44            1.01
  2014.3370           67.04            1.03
  2014.3397           68.87            1.06
  2014.3424           68.05            1.02
  2014.3452           68.50            0.99
  2014.3479           69.35            0.95
  2014.3507           69.43            0.98
  2014.3534           67.72            1.00
  2014.3562           69.21            1.03
  2014.3589           69.32            0.98
  2014.3617           68.26            0.99
  2014.3644           69.32            0.98
  2014.3671           68.96            1.08
  2014.3699           68.78            1.00
  2014.3726           69.61            1.01
  2014.3754           69.69            1.01
  2014.3781           69.96            1.03
  2014.3809           69.45            0.95
  2014.3835           70.37            0.98
  2014.3864           71.01            1.07
  2014.3890           71.18            1.05
  2014.3917           70.10            1.03
  2014.3945           70.45            0.99
  2014.3972           68.75            1.02
  2014.4000           69.26            1.01
  2014.4027           68.58            0.95
  2014.4055           69.72            1.02
  2014.4082           67.78            1.06
  2014.4110           68.58            1.00
  2014.4137           67.95            0.99
  2014.4164           68.32            0.96
  2014.4192           68.87            1.00
  2014.4219           69.14            0.98
  2014.4247           67.90            1.07
  2014.4274           68.55            1.85
  2014.4302           68.31            1.04
  2014.4329           68.45            1.86
  2014.4357           70.02            1.43
  2014.4384           68.98            1.01
  2014.4410           68.75            1.26
  2014.4493           68.78            0.97
  2014.4520           69.25            1.02
  2014.4548           70.80            1.45
  2014.4630           70.71            0.80
  2014.4657           70.32            0.91
  2014.4685           68.62            0.92
  2014.4712           67.77            0.92
  2014.4740           68.49            0.93
