  2010.4192            0.00            0.03
  2010.4219            1.85            0.11
  2010.4247            1.55            0.11
  2010.4274            1.01            0.10
  2010.4302            0.93            0.10
  2010.4329            0.54            0.10
  2010.4357            0.95            0.09
  2010.4384            1.62            0.11
  2010.4410            1.24            0.10
  2010.4438           -0.12            0.10
  2010.4465            1.39            0.11
  2010.4493           -0.86            0.10
  2010.4520            0.45            0.12
  2010.4548            1.71            0.11
  2010.4575            0.40            0.11
  2010.4603            0.17            0.13
  2010.4630            0.89            0.21
  2010.4657           -1.91            0.19
  2010.4685           -0.06            0.18
  2010.4767            2.69            0.16
  2010.4795            2.86            0.10
  2010.4822            2.15            0.09
  2010.4850            2.08            0.09
  2010.4877            2.93            0.10
  2010.4904            1.33            0.11
  2010.4932            1.76            0.09
  2010.4987           -1.28            0.13
  2010.5013            0.70            0.09
  2010.5042            1.67            0.09
  2010.5068            2.29            0.07
  2010.5096            1.75            0.14
  2010.5123           -0.19            0.10
  2010.5150            0.48            0.20
  2010.5178            0.35            0.17
  2010.5205            1.39            0.07
  2010.5233            0.95            0.26
  2010.5260           -1.58            0.18
  2010.5288           -0.65            0.08
  2010.5315            0.19            0.08
  2010.5343            0.84            0.10
  2010.5370            2.00            0.10
  2010.5397            1.73            0.11
  2010.5425            1.87            0.09
  2010.5452            1.29            0.09
  2010.5480           -0.37            0.09
  2010.5507            0.87            0.09
  2010.5535            1.09            0.09
  2010.5562           -0.22            0.09
  2010.5590            0.74            0.09
  2010.5616            0.40            0.10
  2010.5643            1.21            0.11
  2010.5671            0.72            0.09
  2010.5698            1.54            0.09
  2010.5726           -0.16            0.09
  2010.5753            0.46            0.09
  2010.5781            0.63            0.09
  2010.5808            1.24            0.09
  2010.5836            0.26            0.08
  2010.5863           -0.36            0.11
  2010.5890           -0.64            0.08
  2010.5918           -0.48            0.10
  2010.5945           -0.36            0.18
  2010.5973            0.08            0.08
  2010.6000           -1.13            0.08
  2010.6028            0.68            0.08
  2010.6055            0.18            0.09
  2010.6083           -0.57            0.08
  2010.6110           -0.73            0.08
  2010.6136           -0.47            0.08
  2010.6165            0.26            0.08
  2010.6191           -0.31            0.07
  2010.6219            0.40            0.08
  2010.6246            0.23            0.09
  2010.6274           -0.84            0.09
  2010.6301            0.79            0.08
  2010.6329            0.30            0.08
  2010.6356            0.97            0.07
  2010.6383            1.78            0.08
  2010.6411            1.71            0.07
  2010.6438            1.08            0.08
  2010.6466            1.51            0.07
  2010.6493            0.20            0.07
  2010.6521            1.47            0.07
  2010.6548            1.97            0.06
  2010.6576            1.14            0.08
  2010.6603            1.12            0.06
  2010.6630           -0.36            0.08
  2010.6658            0.70            0.08
  2010.6685            1.73            0.08
  2010.6713            0.54            0.08
  2010.6740            1.47            0.07
  2010.6768            1.92            0.07
  2010.6794            1.55            0.08
  2010.6823            1.08            0.07
  2010.6849            1.88            0.07
  2010.6876            0.59            0.08
  2010.6904            3.67            0.07
  2010.6931            2.37            0.07
  2010.6959            4.49            0.08
  2010.6986           -0.29            0.07
  2010.7014            0.52            0.07
  2010.7041            0.73            0.07
  2010.7069           -0.21            0.11
  2010.7096            0.79            0.08
  2010.7123            0.59            0.08
  2010.7151            1.19            0.06
  2010.7178            2.62            0.06
  2010.7206            1.79            0.07
  2010.7233            1.00            0.05
  2010.7261            0.34            0.07
  2010.7288            0.98            0.07
  2010.7316            0.88            0.07
  2010.7343            0.53            0.07
  2010.7369           -0.80            0.09
  2010.7397            0.46            0.09
  2010.7424           -0.67            0.08
  2010.7452            1.16            0.07
  2010.7479            0.48            0.09
  2010.7507            0.82            0.08
  2010.7534            1.25            0.07
  2010.7561            2.79            0.08
  2010.7589            3.06            0.08
  2010.7616            2.41            0.08
  2010.7644            3.39            0.08
  2010.7671            1.13            0.08
  2010.7699            1.50            0.08
  2010.7726            2.34            0.08
  2011.0027            7.68            0.07
  2011.0055            7.95            0.07
  2011.0082            6.95            0.12
  2011.0110            7.65            0.13
  2011.0137           10.93            0.13
  2011.0165            8.03            0.12
  2011.0192            7.17            0.13
  2011.0220            9.01            0.12
  2011.0247           10.66            0.13
  2011.0273           10.91            0.12
  2011.0302           12.17            0.12
  2011.0328           12.25            0.10
  2011.0356           10.51            0.12
  2011.0383           11.38            0.13
  2011.0411           12.88            0.12
  2011.0438           10.38            0.11
  2011.0466           10.55            0.12
  2011.0493           11.69            0.10
  2011.0520           10.98            0.14
  2011.0548           10.85            0.13
  2011.0575           11.41            0.13
  2011.0603            8.71            0.13
  2011.0630            7.28            0.12
  2011.0658            9.90            0.11
  2011.0685            8.28            0.13
  2011.0713            8.36            0.14
  2011.0740            9.59            0.15
  2011.0767            8.59            0.12
  2011.0795            8.44            0.12
  2011.0822           11.46            0.12
  2011.0850           13.58            0.12
  2011.0876           12.27            0.11
  2011.0905           11.88            0.14
  2011.0931           11.90            0.14
  2011.0959           12.15            0.16
  2011.0986           11.56            0.17
  2011.1013           13.26            0.17
  2011.1041           13.49            0.16
  2011.1068           13.09            0.21
  2011.1096           13.35            0.25
  2011.1123           13.62            0.16
  2011.1151           12.74            0.16
  2011.1178           13.08            0.18
  2011.1206           10.84            0.22
  2011.1233           11.53            0.17
  2011.1260           10.19            0.15
  2011.1288            9.66            0.17
  2011.1315           10.39            0.18
  2011.1343           10.41            0.17
  2011.1370           10.49            0.14
  2011.1398           12.69            0.16
  2011.1425           11.11            0.17
  2011.1453           11.92            0.16
  2011.1479           11.75            0.20
  2011.1506            9.95            0.17
  2011.1534           13.34            0.15
  2011.1561           13.78            0.14
  2011.1589           12.09            0.14
  2011.1616           12.55            0.14
  2011.1644           12.76            0.15
  2011.1671           10.68            0.16
  2011.1699           10.09            0.15
  2011.1726           11.49            0.17
  2011.1753           11.37            0.15
  2011.1781            8.62            0.21
  2011.1808           10.60            0.16
  2011.1836            9.01            0.18
  2011.1863           11.18            0.16
  2011.1891            8.72            0.20
  2011.1918           10.78            0.20
  2011.1946            8.70            0.18
  2011.1973            9.44            0.16
  2011.2000            9.79            0.17
  2011.2028            9.51            0.20
  2011.2054            9.29            0.16
  2011.2083           10.26            0.16
  2011.2109            9.71            0.13
  2011.2137            9.36            0.15
  2011.2164           11.08            0.16
  2011.2192            9.70            0.18
  2011.2219           11.15            0.17
  2011.2246           12.97            0.14
  2011.2274           10.57            0.16
  2011.2301           10.52            0.19
  2011.2329           12.60            0.17
  2011.2356           11.65            0.15
  2011.2384           10.49            0.17
  2011.2411           12.14            0.16
  2011.2439            9.76            0.16
  2011.2466            8.84            0.17
  2011.2493           10.77            0.19
  2011.2521           10.05            0.16
  2011.2548            8.60            0.14
  2011.2576            9.47            0.15
  2011.2603            7.15            0.24
  2011.2631            8.73            0.15
  2011.2657            9.62            0.16
  2011.2684            9.69            0.15
  2011.2712            9.82            0.16
  2011.2739            9.91            0.15
  2011.2767            9.63            0.16
  2011.2794            8.12            0.17
  2011.2822            8.30            0.17
  2011.2849            9.64            0.15
  2011.2877           10.13            0.16
  2011.2904            8.69            0.15
  2011.2931           14.10            0.38
  2011.2959           15.02            0.18
  2011.2986           13.48            0.19
  2011.3014           15.18            0.23
  2011.3041           19.31            0.43
  2011.3069           11.06            0.41
  2011.3096           14.27            0.19
  2011.3124           12.09            0.21
  2011.3151           13.54            0.20
  2011.3177           12.56            0.21
  2011.3206           13.05            0.26
  2011.3232           12.61            0.40
  2011.3260           13.46            0.20
  2011.3287           12.19            0.18
  2011.3315           13.58            0.17
  2011.3342           13.12            0.12
  2011.3370           13.92            0.16
  2011.3397           13.97            0.21
  2011.3424           13.34            0.26
  2011.3452           13.14            0.20
  2011.3479           13.80            0.16
  2011.3507           14.89            0.26
  2011.3534           14.93            0.16
  2011.3562           13.46            0.26
  2011.3589           15.27            0.20
  2011.3617           16.84            0.16
  2011.3644           15.73            0.30
  2011.3671           14.61            0.27
  2011.3699           13.02            0.25
  2011.3726           12.85            0.27
  2011.3754           11.37            0.34
  2011.3835           13.05            0.32
  2011.3864           13.10            0.26
  2011.3890           15.04            0.30
  2011.3917           14.09            0.14
  2011.3945           14.41            0.35
  2011.3972           13.35            0.35
  2011.4000           12.33            0.24
  2011.4027           12.78            0.17
  2011.4055           12.14            0.27
  2011.4082           14.63            0.14
  2011.4137           13.53            0.25
  2011.4164           17.36            0.22
  2011.4192           14.62            0.23
  2011.4219           12.99            0.18
  2011.4247           11.27            0.31
  2011.4274           14.49            0.30
  2011.4302           14.26            0.23
  2012.0192           20.59            0.09
  2012.0220           20.28            0.08
  2012.0247           18.14            0.15
  2012.0273           20.26            0.10
  2012.0302           22.16            0.09
  2012.0328           21.76            0.08
  2012.0356           21.91            0.09
  2012.0383           23.53            0.08
  2012.0411           22.35            0.10
  2012.0438           21.89            0.08
  2012.0466           21.52            0.10
  2012.0493           23.20            0.10
  2012.0520           22.45            0.09
  2012.0548           22.36            0.10
  2012.0603           22.29            0.10
  2012.0630           23.86            0.09
  2012.0658           22.67            0.09
  2012.0685           21.21            0.12
  2012.0713           22.72            0.12
  2012.0740           22.86            0.10
  2012.0767           19.52            0.13
  2012.0795           25.24            0.13
  2012.0822           24.45            0.11
  2012.0850           25.04            0.09
  2012.0876           26.72            0.08
  2012.0905           23.42            0.11
  2012.0931           25.11            0.08
  2012.0959           25.87            0.10
  2012.0986           22.24            0.08
  2012.1013           22.74            0.10
  2012.1041           22.09            0.14
  2012.1068           22.82            0.14
  2012.1096           23.21            0.07
  2012.1123           23.36            0.08
  2012.1151           22.90            0.09
  2012.1178           22.30            0.09
  2012.1206           21.93            0.10
  2012.1233           22.25            0.08
  2012.1260           21.77            0.08
  2012.1288           23.45            0.08
  2012.1315           20.86            0.12
  2012.1343           22.30            0.09
  2012.1370           20.79            0.10
  2012.1398           21.96            0.08
  2012.1425           23.22            0.08
  2012.1453           20.35            0.08
  2012.1479           20.93            0.08
  2012.1506           20.92            0.09
  2012.1534           22.40            0.10
  2012.1561           21.33            0.10
  2012.1589           20.66            0.09
  2012.1616           21.08            0.10
  2012.1644           23.55            0.08
  2012.1671           21.18            0.11
  2012.1699           22.00            0.08
  2012.1726           21.28            0.09
  2012.1753           21.75            0.08
  2012.1781           22.28            0.10
  2012.1808           21.31            0.09
  2012.1836           22.12            0.10
  2012.1863           23.48            0.09
  2012.1891           22.62            0.09
  2012.1918           20.65            0.10
  2012.1946           18.97            0.09
  2012.1973           20.26            0.10
  2012.2000           19.12            0.09
  2012.2028           20.70            0.09
  2012.2054           19.71            0.08
  2012.2083           19.44            0.08
  2012.2109           18.99            0.11
  2012.2137           19.45            0.09
  2012.2164           19.70            0.07
  2012.2192           19.35            0.09
  2012.2219           19.96            0.09
  2012.2246           18.52            0.09
  2012.2274           20.14            0.09
  2012.2301           19.65            0.08
  2012.2329           19.48            0.09
  2012.2356           21.16            0.09
  2012.2384           19.80            0.08
  2012.2411           18.90            0.09
  2012.2439           18.16            0.08
  2012.2466           17.30            0.09
  2012.2493           19.12            0.10
  2012.2521           19.19            0.09
  2012.2548           19.58            0.09
  2012.2576           19.35            0.08
  2012.2603           19.66            0.09
  2012.2631           19.49            0.09
  2012.2657           20.19            0.08
  2012.2684           20.19            0.09
  2012.2712           21.19            0.09
  2012.2739           21.40            0.07
  2012.2767           20.34            0.08
  2012.2794           20.19            0.08
  2012.2822           21.65            0.08
  2012.2849           19.00            0.10
  2012.2877           21.72            0.08
  2012.2904           20.15            0.12
  2012.2931           18.55            0.12
  2012.2959           20.36            0.08
  2012.2986           20.25            0.10
  2012.3014           20.50            0.08
  2012.3041           19.90            0.09
  2012.3069           18.30            0.19
  2012.3096           21.18            0.07
  2012.3124           21.14            0.08
  2012.3151           21.29            0.09
  2012.3177           20.16            0.08
  2012.3206           20.40            0.06
  2012.3232           21.30            0.10
  2012.3260           22.02            0.09
  2012.3287           19.42            0.09
  2012.3315           19.23            0.09
  2012.3342           19.11            0.09
  2012.3370           18.59            0.09
  2012.3397           18.61            0.09
  2012.3424           19.24            0.15
  2012.3452           18.13            0.09
  2012.3479           17.95            0.10
  2012.3507           19.42            0.09
  2012.3534           20.22            0.09
  2012.3562           20.15            0.09
  2012.3589           18.79            0.10
  2012.3617           20.46            0.10
  2012.3644           20.43            0.09
  2012.3671           19.21            0.09
  2012.3699           19.98            0.10
  2012.3726           19.71            0.09
  2012.3754           17.44            0.10
  2012.3781           20.32            0.10
  2012.3835           17.58            0.09
  2012.3864           18.45            0.23
  2012.3890           20.08            0.12
  2012.3917           20.50            0.15
  2012.3945           19.88            0.10
  2012.3972           21.33            0.68
  2012.4110           20.19            0.10
  2012.4137           18.03            0.09
  2012.4164           19.64            0.11
  2012.4384           20.04            0.11
  2012.4410           20.15            0.12
  2012.4438           20.99            0.10
  2012.4465           20.55            0.11
  2012.4493           17.85            0.12
  2012.4520           19.91            0.13
  2012.4548           20.52            0.12
  2012.4575           21.41            0.10
  2012.4603           21.74            0.11
  2012.4630           19.86            0.12
  2012.4657           22.11            0.11
  2012.4685           20.65            0.11
  2012.4712           20.41            0.11
  2012.4740           20.34            0.12
  2012.4767           20.54            0.11
  2012.4795           21.41            0.11
  2012.4822           20.74            0.11
  2012.4850           21.72            0.10
  2012.4877           21.79            0.10
  2012.4904           21.41            0.11
  2012.4932           22.09            0.11
  2012.4958           21.51            0.11
  2012.4987           20.78            0.11
  2012.5013           18.32            0.12
  2012.5042           19.24            0.11
  2012.5068           18.45            0.12
  2012.5096           20.62            0.11
  2012.5123           20.55            0.12
  2012.5150           21.67            0.11
  2012.5178           19.56            0.11
  2012.5205           19.63            0.13
  2012.5233           20.02            0.12
  2012.5260           20.20            0.11
  2012.5288           19.30            0.11
  2012.5315           19.84            0.11
  2012.5343           19.69            0.11
  2012.5370           21.27            0.10
  2012.5397           21.10            0.10
  2012.5425           21.27            0.11
  2012.5452           22.36            0.12
  2012.5480           19.04            0.11
  2012.5507           20.21            0.12
  2012.5535           18.82            0.12
  2012.5562           20.41            0.11
  2012.5590           19.38            0.11
  2012.5616           19.70            0.11
  2012.5643           20.22            0.11
  2012.5671           19.43            0.10
  2012.5698           19.52            0.11
  2012.5726           19.66            0.12
  2012.5753           17.61            0.11
  2012.5781           21.27            0.12
  2012.5808           20.37            0.11
  2012.5836           20.88            0.11
  2012.5863           18.35            0.13
  2012.5890           20.20            0.11
  2012.5918           19.56            0.11
  2012.5945           21.87            0.12
  2012.5973           20.63            0.17
  2012.6000           19.49            0.11
  2012.6028           20.28            0.11
  2012.6055           19.32            0.12
  2012.6083           19.20            0.12
  2012.6110           20.38            0.11
  2012.6136           21.45            0.12
  2012.6191           20.75            0.11
  2012.6219           19.33            0.14
  2012.6246           18.77            0.13
  2012.6274           18.66            0.12
  2012.6301           21.57            0.15
  2012.6329           20.44            0.11
  2012.6356           20.40            0.12
  2012.6383           20.60            0.12
  2012.6411           19.98            0.13
  2012.6438           21.31            0.12
  2012.6466           21.88            0.12
  2012.6493           21.37            0.13
  2012.6521           20.83            0.13
  2012.6548           21.24            0.12
  2012.6576           20.82            0.11
  2012.6603           21.89            0.11
  2012.6630           21.18            0.12
  2012.6658           19.99            0.11
  2012.6685           20.45            0.12
  2012.6713           21.15            0.11
  2012.6740           20.50            0.12
  2012.6768           20.41            0.13
  2012.6794           19.75            0.14
  2012.6823           19.92            0.13
  2012.6849           20.91            0.12
  2012.6876           18.24            0.14
  2012.6904           20.29            0.12
  2012.6931           20.82            0.11
  2012.6959           21.57            0.11
  2012.6986           21.16            0.12
  2012.7014           21.59            0.12
  2012.7041           21.52            0.12
  2012.7069           21.89            0.10
  2012.7096           20.11            0.13
  2012.7123           22.01            0.13
  2012.7151           20.87            0.12
  2012.7178           20.24            0.13
  2012.7206           20.91            0.13
  2012.7233           21.26            0.12
  2012.7261           20.66            0.14
  2012.7288           21.88            0.12
  2012.7316           22.54            0.12
  2012.7343           26.67            0.14
  2012.7369           23.26            0.14
  2012.7397           23.33            0.12
  2012.7424           22.41            0.13
  2012.7452           23.80            0.13
  2012.7479           20.75            0.15
  2012.7507           22.60            0.13
  2012.7534           23.76            0.16
  2012.7561           23.39            0.14
  2012.7589           22.57            0.13
  2012.7616           27.19            0.13
  2012.7644           23.25            0.12
  2012.7671           23.00            0.14
  2012.7699           23.50            0.13
  2012.7726           23.34            0.14
  2012.7754           24.21            0.14
  2012.7781           24.43            0.12
  2012.7808           24.20            0.13
  2012.7836           24.17            0.13
  2012.7863           23.25            0.12
  2012.7891           23.24            0.13
  2012.7917           23.91            0.14
  2012.7946           21.51            0.15
  2012.7972           22.77            0.14
  2012.8000           22.96            0.12
  2012.8027           23.67            0.15
  2012.8054           23.59            0.15
  2012.8082           26.68            0.16
  2012.8109           23.70            0.14
  2012.8137           26.68            0.16
  2012.8164           25.83            0.13
  2012.8192           25.69            0.13
  2012.8219           23.87            0.15
  2012.8247           25.54            0.15
  2012.8274           26.22            0.14
  2012.8301           24.74            0.17
  2012.8329           25.46            0.14
  2012.8356           29.27            0.15
  2012.8384           25.98            0.12
  2012.8411           26.20            0.12
  2012.8439           28.23            0.16
  2012.8466           25.70            0.14
  2012.8494           27.84            0.15
  2012.8521           29.09            0.13
  2012.8547           26.50            0.14
  2012.8575           27.98            0.14
  2012.8602           27.52            0.16
  2012.8630           24.17            0.16
  2012.8657           27.42            0.14
  2012.8685           27.77            0.13
  2012.8712           26.64            0.12
  2012.8740           27.89            0.15
  2012.8767           29.42            0.13
  2012.8794           28.62            0.14
  2012.8822           27.99            0.14
  2012.8849           28.44            0.13
  2012.8877           27.33            0.13
  2012.8904           28.95            0.13
  2012.8932           26.82            0.16
  2012.8959           27.53            0.16
  2012.8987           28.73            0.16
  2012.9014           27.22            0.13
  2012.9041           28.54            0.52
  2012.9069           30.65            0.13
  2012.9095           29.99            0.13
  2012.9124           30.81            0.15
  2012.9150           26.93            0.18
  2012.9178           29.91            0.16
  2012.9205           27.77            0.15
  2012.9233           29.05            0.23
  2012.9260           30.94            0.13
  2012.9287           30.91            0.15
  2012.9315           27.98            0.13
  2012.9342           30.35            0.17
  2012.9370           30.79            0.15
  2012.9397           30.43            0.13
  2012.9425           30.68            0.14
  2012.9452           31.41            0.15
  2012.9480           31.18            0.14
  2012.9507           28.39            0.14
  2012.9534           32.93            0.14
  2012.9562           28.55            0.13
  2012.9589           31.65            0.14
  2012.9617           30.48            0.12
  2012.9644           27.23            0.15
  2012.9672           34.92            0.13
  2012.9698           31.10            0.17
  2012.9727           32.74            0.17
  2012.9753           33.04            0.16
  2012.9780           32.23            0.14
  2012.9808           30.15            0.15
  2012.9835           30.05            0.17
  2012.9863           33.26            0.17
  2012.9890           32.69            0.14
  2012.9918           34.86            0.12
  2012.9945           33.15            0.14
  2013.0027           34.44            0.17
  2013.0027           30.95            0.12
  2013.0055           31.27            0.12
  2013.0082           31.21            0.13
  2013.0110           30.54            0.11
  2013.0137           28.95            0.13
  2013.0165           32.01            0.13
  2013.0192           29.46            0.12
  2013.0220           32.99            0.12
  2013.0247           33.69            0.14
  2013.0273           32.84            0.12
  2013.0302           33.69            0.11
  2013.0356           33.66            0.11
  2013.0383           32.98            0.11
  2013.0411           31.14            0.14
  2013.0438           33.86            0.15
  2013.0466           33.30            0.17
  2013.0493           31.88            0.12
  2013.0520           32.20            0.12
  2013.0548           34.00            0.11
  2013.0575           34.52            0.13
  2013.0603           35.64            0.12
  2013.0630           35.82            0.13
  2013.0658           35.74            0.12
  2013.0685           34.95            0.13
  2013.0713           35.76            0.10
  2013.0740           31.90            0.12
  2013.0767           32.54            0.12
  2013.0795           32.32            0.11
  2013.0822           32.35            0.12
  2013.0850           33.19            0.13
  2013.0876           29.26            0.13
  2013.0905           32.54            0.12
  2013.0931           32.62            0.12
  2013.0959           32.88            0.11
  2013.0986           32.75            0.12
  2013.1013           31.76            0.14
  2013.1041           32.67            0.12
  2013.1068           34.05            0.12
  2013.1096           31.48            0.12
  2013.1123           35.87            0.12
  2013.1151           33.65            0.12
  2013.1178           33.92            0.12
  2013.1206           33.03            0.13
  2013.1233           33.60            0.13
  2013.1288           31.73            0.13
  2013.1315           33.33            0.12
  2013.1343           32.88            0.11
  2013.1370           33.58            0.11
  2013.1398           33.86            0.12
  2013.1425           34.32            0.14
  2013.1453           35.19            0.10
  2013.1479           32.22            0.12
  2013.1506           33.07            0.12
  2013.1534           32.08            0.10
  2013.1561           32.91            0.11
  2013.1589           33.43            0.11
  2013.1616           33.39            0.12
  2013.1644           33.36            0.11
  2013.1671           32.65            0.12
  2013.1699           31.21            0.11
  2013.1726           31.56            0.11
  2013.1753           30.46            0.13
  2013.1781           30.97            0.12
  2013.1808           32.72            0.11
  2013.1863           30.59            0.13
  2013.1918           29.31            0.13
  2013.2000           32.01            0.11
  2013.2028           29.53            0.11
  2013.2054           30.35            0.11
  2013.2083           33.22            0.11
  2013.2109           31.93            0.11
  2013.2164           30.65            0.13
  2013.2192           31.34            0.11
  2013.2219           32.17            0.11
  2013.2246           31.88            0.12
  2013.2274           32.13            0.12
  2013.2301           33.33            0.11
  2013.2329           30.97            0.12
  2013.2356           32.39            0.12
  2013.2384           30.50            0.12
  2013.2411           31.91            0.12
  2013.2439           31.03            0.11
  2013.2466           30.87            0.12
  2013.2493           31.78            0.12
  2013.2548           31.91            0.12
  2013.2576           31.11            0.11
  2013.2603           31.38            0.12
  2013.2631           32.13            0.11
  2013.2657           31.66            0.22
  2013.2684           31.77            0.11
  2013.2712           29.55            0.12
  2013.2794           31.35            0.11
  2013.2822           32.93            0.12
  2013.2849           32.71            0.10
  2013.2877           32.18            0.11
  2013.2904           32.29            0.12
  2013.2931           32.28            0.11
  2013.2959           31.46            0.11
  2013.2986           31.50            0.12
  2013.3014           32.69            0.12
  2013.3041           33.46            0.13
  2013.3069           29.99            0.10
  2013.3096           31.33            0.12
  2013.3124           30.87            0.13
  2013.3151           32.06            0.11
  2013.3177           29.43            0.12
  2013.3206           31.56            0.12
  2013.3232           25.74            0.12
  2013.3260           31.44            0.10
  2013.3287           29.91            0.10
  2013.3315           30.43            0.10
  2013.3342           30.26            0.10
  2013.3370           29.64            0.12
  2013.3397           29.58            0.10
  2013.3424           30.15            0.10
  2013.3452           28.85            0.11
  2013.3479           30.55            0.10
  2013.3562           28.26            0.13
  2013.3589           29.98            0.11
  2013.3617           32.16            0.22
  2013.3644           31.78            0.10
  2013.3671           30.29            0.11
  2013.3699           32.82            0.10
  2013.3726           32.34            0.10
  2013.3754           31.88            0.11
  2013.3781           31.11            0.11
  2013.3809           32.02            0.15
  2013.3835           31.24            0.11
  2013.3864           32.14            0.10
  2013.3890           32.79            0.09
  2013.3917           33.42            0.10
  2013.3945           33.90            0.12
  2013.4000           31.10            0.11
  2013.4027           26.61            0.12
  2013.4055           34.80            0.12
  2013.4082           32.88            0.11
  2013.4110           32.45            0.10
  2013.4137           34.25            0.11
  2013.4164           34.82            0.12
  2013.4192           31.86            0.11
  2013.4219           33.77            0.10
  2013.4247           35.59            0.11
  2013.4274           34.77            0.11
  2013.4302           33.28            0.11
  2013.4329           33.82            0.12
  2013.4357           34.62            0.10
  2013.4384           34.23            0.10
  2013.4410           33.34            0.10
  2013.4438           37.19            0.10
  2013.4465           32.46            0.12
  2013.4493           34.71            0.10
  2013.4520           35.95            0.11
  2013.4548           38.45            0.12
  2013.4575           35.73            0.11
  2013.4603           34.36            0.12
  2013.4630           36.58            0.11
  2013.4657           34.73            0.11
  2013.4685           36.31            0.12
  2013.4712           33.89            0.11
  2013.4740           35.89            0.11
  2013.4767           35.61            0.11
  2013.4795           35.34            0.11
  2013.4822           34.87            0.11
  2013.4850           35.02            0.11
  2013.4877           34.87            0.12
  2013.4904           34.07            0.12
  2013.4932           34.15            0.13
  2013.4958           34.31            0.11
  2013.4987           34.29            0.11
  2013.5013           31.34            0.44
  2013.5042           33.40            0.06
  2013.5068           34.31            0.11
  2013.5260           35.66            0.03
  2013.5288           34.12            0.10
  2013.5315           31.58            0.12
  2013.5343           33.65            0.11
  2013.5370           32.44            0.16
  2013.5425           33.23            0.09
  2013.5452           34.65            0.11
  2013.5480           34.34            0.11
  2013.5507           34.21            0.09
  2013.5535           35.78            0.11
  2013.5562           36.00            0.10
  2013.5590           34.92            0.10
  2013.5616           35.70            0.11
  2013.5643           35.58            0.11
  2013.5671           34.09            0.11
  2013.5698           34.70            0.10
  2013.5726           34.67            0.10
  2013.5753           33.38            0.10
  2013.5781           34.31            0.10
  2013.5808           33.03            0.10
  2013.5836           34.24            0.10
  2013.5863           35.53            0.11
  2013.5890           34.48            0.11
  2013.5918           34.57            0.11
  2013.5945           35.29            0.11
  2013.5973           34.58            0.11
  2013.6000           33.63            0.12
  2013.6028           35.31            0.11
  2013.6055           34.73            0.11
  2013.6083           34.67            0.10
  2013.6110           32.61            0.11
  2013.6136           34.76            0.13
  2013.6165           34.60            0.11
  2013.6191           33.38            0.11
  2013.6246           34.04            0.10
  2013.6301           33.28            0.11
  2013.6329           32.77            0.11
  2013.6356           32.04            0.11
  2013.6383           33.44            0.11
  2013.6411           32.73            0.10
  2013.6438           32.56            0.10
  2013.6466           32.88            0.11
  2013.6493           34.37            0.11
  2013.6521           33.15            0.10
  2013.6548           32.35            0.10
  2013.6576           32.62            0.11
  2013.6603           33.46            0.11
  2013.6630           34.28            0.11
  2013.6658           33.28            0.11
  2013.6685           32.88            0.12
  2013.6713           32.89            0.12
  2013.6740           33.86            0.11
  2013.6768           36.92            0.14
  2013.6794           33.32            0.12
  2013.6823           32.97            0.12
  2013.6876           35.97            0.13
  2013.6904           32.78            0.12
  2013.6931           34.73            0.12
  2013.6959           34.45            0.11
  2013.6986           34.58            0.13
  2013.7014           35.94            0.11
  2013.7041           35.65            0.12
  2013.7069           37.80            0.13
  2013.7096           36.43            0.12
  2013.7123           36.75            0.13
  2013.7151           37.12            0.11
  2013.7178           39.44            0.12
  2013.7206           35.17            0.12
  2013.7261           36.10            0.13
  2013.7288           35.42            0.14
  2013.7316           37.14            0.11
  2013.7343           37.87            0.12
  2013.7369           36.53            0.15
  2013.7397           36.39            0.13
  2013.7424           36.06            0.13
  2013.7561           38.38            0.11
  2013.7589           38.16            0.11
  2013.7616           39.20            0.12
  2013.7644           38.43            0.12
  2013.7671           37.72            0.14
  2013.7699           38.41            0.11
  2013.7726           38.44            0.12
  2013.7754           36.03            0.14
  2013.7781           37.08            0.14
  2013.7808           35.62            0.13
  2013.7836           37.03            0.14
  2013.7863           37.80            0.15
  2013.7891           37.22            0.11
  2013.7917           36.83            0.11
  2013.7946           36.35            0.12
  2013.7972           37.47            0.11
  2013.8000           37.26            0.12
  2013.8027           37.06            0.12
  2013.8054           37.12            0.12
  2013.8082           36.90            0.11
  2013.8109           38.80            0.11
  2013.8137           33.87            0.87
  2013.8164           37.29            0.11
  2013.8192           38.58            0.10
  2013.8219           40.95            0.11
  2013.8247           39.62            0.10
  2013.8274           39.10            0.12
  2013.8301           39.07            0.12
  2013.8329           39.60            0.11
  2013.8356           37.84            0.11
  2013.8384           37.87            0.11
  2013.8411           41.37            0.10
  2013.8439           40.42            0.09
  2013.8466           39.99            0.09
  2013.8494           39.45            0.11
  2013.8521           42.74            0.10
  2013.8547           39.98            0.10
  2013.8575           39.15            0.10
  2013.8602           39.81            0.11
  2013.8630           40.93            0.10
  2013.8657           42.55            0.10
  2013.8685           39.23            0.10
  2013.8712           39.35            0.11
  2013.8740           40.77            0.11
  2013.8767           41.46            0.10
  2013.8794           42.19            0.09
  2013.8822           41.02            0.11
  2013.8849           42.28            0.10
  2013.8877           40.63            0.11
  2013.8904           41.83            0.11
  2013.8932           41.61            0.09
  2013.8959           40.31            0.12
  2013.8987           42.82            0.11
  2013.9014           42.95            0.10
  2013.9041           42.51            0.10
  2013.9069           42.59            0.20
  2013.9095           42.98            0.19
  2013.9124           44.63            0.10
  2013.9150           43.97            0.09
  2013.9178           44.93            0.10
  2013.9205           44.31            0.11
  2013.9233           43.18            0.11
  2013.9260           43.23            0.10
  2013.9287           43.97            0.10
  2013.9315           45.57            0.10
  2013.9342           44.72            0.10
  2013.9370           45.78            0.11
  2013.9397           44.88            0.10
  2013.9425           46.15            0.09
  2013.9452           43.46            0.10
  2013.9480           46.39            0.11
  2013.9507           45.14            0.10
  2013.9534           46.21            0.13
  2013.9562           43.82            0.10
  2013.9589           42.56            0.11
  2013.9617           44.62            0.10
  2013.9644           43.56            0.11
  2013.9672           42.50            0.10
  2013.9698           44.36            0.10
  2013.9727           44.79            0.11
  2013.9753           44.97            0.10
  2013.9780           44.95            0.10
  2013.9808           44.42            0.10
  2013.9835           44.68            0.10
  2013.9863           45.05            0.11
  2013.9890           46.59            0.11
  2013.9918           46.11            0.10
  2013.9945           48.66            0.10
  2013.9973           44.44            0.10
  2014.0000           46.88            0.09
  2014.0027           47.96            0.11
  2014.0055           46.93            0.14
  2014.0082           47.52            0.09
  2014.0110           47.90            0.11
  2014.0137           48.43            0.09
  2014.0165           46.91            0.11
  2014.0192           44.52            0.11
  2014.0220           46.96            0.11
  2014.0247           47.12            0.10
  2014.0273           48.11            0.12
  2014.0302           47.69            0.10
  2014.0328           48.04            0.11
  2014.0356           45.91            0.09
  2014.0383           45.15            0.12
  2014.0411           46.28            0.11
  2014.0438           44.81            0.10
  2014.0466           46.42            0.09
  2014.0493           46.59            0.09
  2014.0548           47.15            0.10
  2014.0575           46.99            0.12
  2014.0603           47.35            0.10
  2014.0630           44.78            0.13
  2014.0658           44.02            0.10
  2014.0685           47.82            0.13
  2014.0713           48.49            0.10
  2014.0740           46.91            0.10
  2014.0767           45.41            0.12
  2014.0795           47.27            0.10
  2014.0822           46.11            0.13
  2014.0850           46.84            0.13
  2014.0876           46.34            0.12
  2014.0905           47.79            0.10
  2014.0931           48.05            0.11
  2014.0959           47.13            0.10
  2014.0986           47.09            0.12
  2014.1013           48.66            0.11
  2014.1041           47.02            0.12
  2014.1068           47.12            0.10
  2014.1096           47.02            0.13
  2014.1123           45.98            0.10
  2014.1151           44.46            0.12
  2014.1178           48.59            0.11
  2014.1206           47.93            0.10
  2014.1233           51.99            0.11
  2014.1260           47.60            0.11
  2014.1288           46.76            0.10
  2014.1315           46.63            0.11
  2014.1343           47.65            0.11
  2014.1370           46.93            0.12
  2014.1398           45.99            0.11
  2014.1425           46.04            0.13
  2014.1453           48.93            0.13
  2014.1479           47.30            0.10
  2014.1506           49.76            0.09
  2014.1534           47.99            0.11
  2014.1561           49.97            0.11
  2014.1589           48.66            0.12
  2014.1616           49.21            0.09
  2014.1644           49.30            0.11
  2014.1671           46.66            0.14
  2014.1699           53.77            0.37
  2014.1726           45.57            0.13
  2014.1753           46.47            0.12
  2014.1781           46.30            0.11
  2014.1808           48.74            0.11
  2014.1836           47.64            0.16
  2014.1863           45.46            0.12
  2014.1891           47.74            0.12
  2014.1918           46.73            0.12
  2014.1946           46.76            0.12
  2014.1973           47.49            0.12
  2014.2000           45.85            0.10
  2014.2028           48.64            0.11
  2014.2054           47.02            0.09
  2014.2083           45.58            0.11
  2014.2109           47.91            0.10
  2014.2137           45.64            0.10
  2014.2164           43.33            0.13
  2014.2192           46.80            0.10
  2014.2219           46.19            0.10
  2014.2246           47.81            0.11
  2014.2274           45.60            0.11
  2014.2301           47.20            0.13
  2014.2329           48.67            0.11
  2014.2356           47.45            0.12
  2014.2384           46.99            0.13
  2014.2411           47.72            0.13
  2014.2439           44.83            0.14
  2014.2466           46.92            0.13
  2014.2493           46.98            0.11
  2014.2521           47.65            0.11
  2014.2548           46.02            0.12
  2014.2576           46.92            0.11
  2014.2603           47.77            0.11
  2014.2631           44.99            0.12
  2014.2657           45.48            0.11
  2014.2684           46.77            0.12
  2014.2712           47.98            0.11
  2014.2739           49.82            0.12
  2014.2767           47.63            0.13
  2014.2794           47.64            0.12
  2014.2822           48.98            0.10
  2014.2849           47.20            0.10
  2014.2877           46.65            0.11
  2014.2904           46.49            0.10
  2014.2931           47.52            0.10
  2014.2959           46.58            0.10
  2014.2986           47.17            0.10
  2014.3014           46.99            0.09
  2014.3041           47.54            0.10
  2014.3069           45.92            0.10
  2014.3096           46.98            0.10
  2014.3124           46.24            0.10
  2014.3151           47.78            0.09
  2014.3177           44.73            0.10
  2014.3206           48.22            0.09
  2014.3232           49.02            0.08
  2014.3260           49.70            0.10
  2014.3287           49.67            0.11
  2014.3315           48.99            0.09
  2014.3342           49.37            0.10
  2014.3370           48.98            0.11
  2014.3397           48.97            0.10
  2014.3424           49.01            0.10
  2014.3452           50.49            0.10
  2014.3479           49.81            0.10
  2014.3507           49.50            0.10
  2014.3534           47.85            0.10
  2014.3562           48.16            0.10
  2014.3589           49.45            0.10
  2014.3617           49.73            0.10
  2014.3644           46.42            0.10
  2014.3671           50.18            0.10
  2014.3699           50.47            0.10
  2014.3726           50.57            0.09
  2014.3754           50.91            0.10
  2014.3781           48.46            0.10
  2014.3809           50.07            0.10
  2014.3835           49.99            0.10
  2014.3864           50.36            0.11
  2014.3890           49.51            0.10
  2014.3917           50.27            0.10
  2014.3945           49.43            0.10
  2014.3972           49.77            0.10
  2014.4000           50.08            0.10
  2014.4027           49.39            0.10
  2014.4055           51.99            0.10
  2014.4082           49.20            0.11
  2014.4110           50.53            0.10
  2014.4137           51.32            0.10
  2014.4164           50.40            0.10
  2014.4192           50.89            0.11
  2014.4219           50.04            0.10
  2014.4247           49.99            0.12
  2014.4274           52.94            0.24
  2014.4302           50.17            0.11
  2014.4329           53.31            0.26
  2014.4357           50.44            0.13
  2014.4384           51.34            0.11
  2014.4410           50.12            0.16
  2014.4493           51.86            0.11
  2014.4520           52.16            0.11
  2014.4548           46.47            0.13
  2014.4630           50.39            0.12
  2014.4657           48.76            0.10
  2014.4685           48.58            0.10
  2014.4712           46.47            0.10
  2014.4740           49.44            0.10
