  2011.6028            0.00            4.88
  2011.6055           -8.69            1.97
  2011.6083          -10.78            1.76
  2011.6110          -14.52            1.98
  2011.6136          -16.17            1.97
  2011.6165          -10.26            1.91
  2011.6191          -13.37            1.83
  2011.6219          -14.37            1.78
  2011.6246           -3.36            2.08
  2011.6274          -11.55            1.88
  2011.6301          -12.14            1.93
  2011.6329          -19.01            1.81
  2011.6356          -18.12            1.90
  2011.6383          -11.89            1.79
  2011.6411          -12.90            1.73
  2011.6438          -10.96            1.76
  2011.6466          -10.01            1.81
  2011.6493          -11.57            1.77
  2011.6521           10.98            1.90
  2011.6548           -5.10            1.91
  2011.6576            3.38            1.99
  2011.6603           -9.06            1.99
  2011.6630           -6.06            2.00
  2011.6658           -1.35            1.74
  2011.6685           -1.22            1.93
  2011.6713           -4.23            1.98
  2011.6740          -10.17            1.89
  2011.6768          -10.97            1.88
  2011.6794           -1.23            1.98
  2011.6823           -9.22            1.81
  2011.6849          -11.82            1.79
  2011.6876           -2.49            1.92
  2011.6904           -5.04            1.92
  2011.6931          -13.32            1.82
  2011.6959          -10.61            1.82
  2011.6986           -9.87            1.80
  2011.7014           -6.81            1.80
  2011.7041          -10.95            1.87
  2011.7069           -2.25            1.84
  2011.7096           -6.41            1.93
  2011.7123           -9.95            1.80
  2011.7151           -7.73            1.83
  2011.7178          -10.86            1.71
  2011.7206           -8.05            1.80
  2011.7233           -8.99            1.77
  2011.7261           -6.27            1.78
  2011.7288           -9.38            1.80
  2011.7316           -7.61            1.85
  2011.7343           -6.04            1.89
  2011.7369           -6.27            1.91
  2011.7397            9.50            2.17
  2011.7424          -13.09            2.08
  2011.7452           -7.48            1.80
  2011.7479           -9.95            1.94
  2011.7507           -8.55            2.06
  2011.7534          -14.88            1.77
  2011.7561           -8.03            1.81
  2011.7589           -6.99            1.93
  2011.7616           -3.95            2.08
  2011.7644            2.91            1.96
  2011.7671          -14.29            1.86
  2011.7699          -15.99            1.89
  2011.7726          -17.09            1.83
  2011.7754          -10.26            1.91
  2011.7781           -6.20            2.10
  2011.7808           -5.80            1.99
  2011.7836           -9.45            2.21
  2011.7863           -5.80            2.00
  2011.7891           -6.44            1.95
  2011.7917          -10.94            2.01
  2011.7946           -8.16            1.86
  2011.7972           -9.09            1.81
  2011.8000           -1.77            1.96
  2011.8027           -5.45            1.98
  2011.8054          -10.66            1.89
  2011.8082           -3.84            1.87
  2011.8109           -0.36            1.91
  2011.8137          -18.74            2.11
  2011.8164           -7.03            2.18
  2011.8192            0.02            2.37
  2011.8219           -0.17            2.29
  2011.8247           -3.30            1.90
  2011.8274           -6.08            1.87
  2011.8301            1.08            2.34
  2011.8329            3.59            3.06
  2011.8356          -23.54            5.09
  2011.8384           10.84            2.00
  2011.8411           -2.77            2.00
  2011.8439           -4.28            2.00
  2011.8466           -5.52            2.67
  2011.8494           -4.38            9.37
  2011.8521           10.14            5.38
  2011.8547           26.91            2.78
  2011.8575           -2.12            2.29
  2011.8602            3.91            2.09
  2011.8630           -1.15            1.99
  2011.8657           -7.14            2.07
  2011.8685           -5.22            2.02
  2011.8712           -6.34            2.16
  2011.8740           -0.96            2.22
  2011.8767            9.90            2.14
  2011.8794           -6.14            2.08
  2011.8822            2.27            2.09
  2011.8849           -3.56            2.00
  2011.8877           -5.86            2.08
  2011.8904            1.26            2.08
  2011.8932           -5.53            2.06
  2011.8959           -6.28            2.20
  2011.8987           -6.37            1.90
  2011.9014           -5.63            1.92
  2011.9041            0.22            1.87
  2011.9069           -1.85            1.93
  2011.9095           -7.69            2.02
  2011.9124           -5.83            2.01
  2011.9150           -1.69            2.02
  2011.9178           -1.59            2.08
  2011.9205           -3.75            2.01
  2011.9233            4.03            1.96
  2011.9260            4.96            1.97
  2011.9287            6.11            2.19
  2011.9315           12.98            2.66
  2011.9342            2.04            2.07
  2011.9370            2.06            2.12
  2011.9397            2.27            2.13
  2011.9425            4.97            2.00
  2011.9452            1.78            2.02
  2011.9480           -6.59            2.06
  2011.9507            6.77            1.92
  2011.9534            8.69            2.05
  2011.9562            1.39            2.25
  2011.9589            3.86            2.00
  2011.9617            8.85            1.94
  2011.9644            0.14            2.00
  2011.9672           -2.03            2.02
  2011.9698            5.50            2.00
  2011.9727            2.39            1.96
  2011.9753            3.75            1.98
  2011.9780           -1.83            1.86
  2011.9808            3.83            1.90
  2011.9835            4.60            1.84
  2011.9863            2.54            1.93
  2011.9890            4.96            1.98
  2011.9918            3.19            2.00
  2011.9945          -10.64            1.86
  2011.9973            3.12            1.93
  2012.0000           -0.33            1.93
