  2010.2329            0.00            0.20
  2010.2356           -0.65            0.20
  2010.2384           -2.22            0.20
  2010.2411           -0.22            0.20
  2010.2439           -1.46            0.19
  2010.2466            0.27            0.20
  2010.2493            0.08            0.17
  2010.2521            2.17            0.19
  2010.2548            2.16            0.19
  2010.2576            3.19            0.12
  2010.2603            4.37            0.17
  2010.2631            4.67            0.18
  2010.2657            4.13            0.19
  2010.2684            5.61            0.18
  2010.2712            5.05            0.18
  2010.2739            5.15            0.19
  2010.2767            7.53            0.18
  2010.2794            6.26            0.20
  2010.2822            9.04            0.18
  2010.2849            8.77            0.17
  2010.2877            7.97            0.18
  2010.2904            9.48            0.19
  2010.2931            7.85            0.18
  2010.2959            7.59            0.19
  2010.2986            7.97            0.18
  2010.3014            9.28            0.18
  2010.3069            9.17            0.17
  2010.3096            8.93            0.18
  2010.3945           12.45            0.18
  2010.3972           11.79            0.22
  2010.4000           11.33            0.21
  2010.4027           12.83            0.21
  2010.4055           12.71            0.19
  2010.4082           12.14            0.19
  2010.4110           11.67            0.41
  2010.4137           12.74            0.18
  2010.4164           12.46            0.21
  2010.4192           10.84            0.18
  2010.4219           12.28            0.18
  2010.4247           11.92            0.18
  2010.4274           12.90            0.17
  2010.4302           11.71            0.17
  2010.4329           12.59            0.16
  2010.4357           13.49            0.16
  2010.4384           13.47            0.17
  2010.4410           12.16            0.17
  2010.4438           11.49            0.18
  2010.4465           11.17            0.21
  2010.4493           12.80            0.20
  2010.4520           16.26            0.24
  2010.4548           13.00            0.21
  2010.4575           13.82            0.22
  2010.4603           15.46            0.22
  2010.4630           13.61            0.21
  2010.4657           11.64            0.20
  2010.4685           13.37            0.18
  2010.4712           15.65            0.18
  2010.4740           14.69            0.18
  2010.4767           16.11            0.19
  2010.4795           15.56            0.20
  2010.4822           16.12            0.17
  2010.4850           14.73            0.17
  2010.4877           16.27            0.22
  2010.4904           16.34            0.21
  2010.4932           16.11            0.17
  2010.4958           15.54            0.17
  2010.4987           14.45            0.17
  2010.5013           15.68            0.17
  2010.5042           16.51            0.18
  2010.5068           18.21            0.19
  2010.5096           16.08            0.21
  2010.5150           17.46            0.19
  2010.5178           17.35            0.18
  2010.5205           18.87            0.17
  2010.5233           19.27            0.18
  2010.5260           16.73            0.18
  2010.5288           16.00            0.17
  2010.5315           18.32            0.17
  2010.5343           18.00            0.17
  2010.5370           20.14            0.21
  2010.5397           18.22            0.18
  2010.5425           19.31            0.18
  2010.5452           17.69            0.17
  2010.5480           17.24            0.18
  2010.5507           18.87            0.19
  2010.5535           19.34            0.19
  2010.5562           18.07            0.18
  2010.5590           15.42            0.20
  2010.5616           18.35            0.19
  2010.5643           19.99            0.19
  2010.5671           20.84            0.18
  2010.5698           20.99            0.18
  2010.5726           19.37            0.18
  2010.5753           19.98            0.19
  2010.5781           20.09            0.19
  2010.5808           20.61            0.20
  2010.5836           20.53            0.18
  2010.5863           20.12            0.20
  2010.5890           21.99            0.17
  2010.5918           20.57            0.18
  2010.5945           20.63            0.35
  2010.5973           20.15            0.17
  2010.6000           20.82            0.17
  2010.6028           21.41            0.17
  2010.6055           22.27            0.17
  2010.6083           22.43            0.16
  2010.6110           22.56            0.17
  2010.6136           20.93            0.16
  2010.6165           22.54            0.16
  2010.6191           21.94            0.16
  2010.6219           21.16            0.17
  2010.6246           24.19            0.18
  2010.6274           25.29            0.19
  2010.6301           23.63            0.17
  2010.6329           24.76            0.17
  2010.6356           25.13            0.16
  2010.6383           24.88            0.18
  2010.6411           25.28            0.17
  2010.6438           25.53            0.17
  2010.6466           25.99            0.17
  2010.6493           25.96            0.17
  2010.6521           25.92            0.17
  2010.6548           25.97            0.17
  2010.6576           27.99            0.18
  2010.6603           26.41            0.16
  2010.6630           26.23            0.18
  2010.6658           28.30            0.16
  2010.6685           28.25            0.17
  2010.6713           26.97            0.16
  2010.6740           27.75            0.18
  2010.6768           29.75            0.17
  2010.6794           29.97            0.16
  2010.6823           29.76            0.16
  2010.6849           31.42            0.15
  2010.6876           30.17            0.15
  2010.6904           30.41            0.15
  2010.6931           29.68            0.16
  2010.6959           31.55            0.17
  2010.6986           29.99            0.16
  2010.7014           30.10            0.15
  2010.7041           30.79            0.17
  2010.7069           30.38            0.23
  2010.7096           30.19            0.17
  2010.7123           32.03            0.17
  2010.7151           31.04            0.16
  2010.7178           32.32            0.15
  2010.7206           33.60            0.15
  2010.7233           32.52            0.16
  2010.7261           32.29            0.16
  2010.7288           31.80            0.15
  2010.7316           32.33            0.15
  2010.7343           34.01            0.16
  2010.7369           30.15            0.20
  2010.7397           33.76            0.17
  2010.7424           32.61            0.16
  2010.7452           33.31            0.15
  2010.7479           31.15            0.19
  2010.7507           34.47            0.19
  2010.7534           34.83            0.18
  2010.7561           33.14            0.18
  2010.7589           34.79            0.18
  2010.7616           36.30            0.16
  2010.7644           36.20            0.19
  2010.7671           34.75            0.18
  2010.7699           35.72            0.18
  2010.7726           34.62            0.15
  2010.7754           36.05            0.15
  2010.7781           37.73            0.19
  2010.7808           37.64            0.19
  2010.7836           37.71            0.17
  2010.7863           37.24            0.21
  2010.7891           37.33            0.16
  2010.7917           38.38            0.18
  2010.7946           38.36            0.18
  2010.7972           38.06            0.16
  2010.8000           36.30            0.15
  2010.8027           38.09            0.16
  2010.8054           37.83            0.16
  2010.8137           37.58            0.15
  2010.8164           37.70            0.15
  2010.8192           36.36            0.17
  2010.8219           37.21            0.20
  2010.8247           36.65            0.16
  2010.8274           38.03            0.17
  2010.8301           38.40            0.16
  2010.8329           40.08            0.16
  2010.8356           38.69            0.18
  2010.8384           40.13            0.19
  2010.8411           37.80            0.19
  2010.8439           38.33            0.15
  2010.8494           39.04            0.20
  2010.8521           40.57            0.21
  2010.8547           41.01            0.20
  2010.8575           40.94            0.19
  2010.8602           40.19            0.16
  2010.8657           43.24            0.19
  2010.8685           40.92            0.17
  2010.8712           43.61            0.19
  2010.8767           41.20            0.19
  2010.8794           42.85            0.18
  2010.8822           43.16            0.15
  2010.8877           43.73            0.19
  2010.8904           41.45            0.18
  2010.8932           43.44            0.18
  2010.8959           41.65            0.18
  2010.8987           43.33            0.15
  2010.9041           41.68            0.14
  2010.9069           42.40            0.17
  2010.9095           44.55            0.14
  2010.9150           44.67            0.18
  2010.9178           45.06            0.18
  2010.9205           45.60            0.14
  2010.9233           45.16            0.15
  2010.9260           44.38            0.14
  2010.9287           46.98            0.14
  2010.9315           46.53            0.14
  2010.9342           47.18            0.15
  2010.9370           47.52            0.14
  2010.9425           47.40            0.19
  2010.9452           47.89            0.15
  2010.9480           49.16            0.15
  2010.9562           48.29            0.16
  2010.9589           47.68            0.16
  2010.9644           47.86            0.15
  2011.0027           50.78            0.17
  2011.0055           51.03            0.17
  2011.0082           53.97            0.41
  2011.0438           55.02            0.25
  2011.0466           54.92            0.16
  2011.0493           56.48            0.19
  2011.0520           56.89            0.23
  2011.0548           55.99            0.18
  2011.0575           55.06            0.17
  2011.0603           55.85            0.17
  2011.0630           53.55            0.17
  2011.0658           54.56            0.17
  2011.0685           53.96            0.17
  2011.0713           54.56            0.21
  2011.0740           52.76            0.18
  2011.0767           55.03            0.18
  2011.0795           54.35            0.17
  2011.0822           57.19            0.18
  2011.0850           56.50            0.17
  2011.0876           57.14            0.16
  2011.0905           57.06            0.16
  2011.0931           56.45            0.21
  2011.0959           56.46            0.17
  2011.0986           56.20            0.16
  2011.1013           57.22            0.17
  2011.1041           57.86            0.16
  2011.1068           57.19            0.18
  2011.1096           56.60            0.17
  2011.1123           57.77            0.18
  2011.1151           58.45            0.17
  2011.1178           57.76            0.19
  2011.1206           56.80            0.28
  2011.1233           57.58            0.17
  2011.1260           56.91            0.17
  2011.1288           56.89            0.18
  2011.1315           56.12            0.18
  2011.1343           54.97            0.18
  2011.1370           56.88            0.17
  2011.1398           57.81            0.18
  2011.1425           57.66            0.18
  2011.1453           58.55            0.18
  2011.1479           57.38            0.22
  2011.1506           56.95            0.18
  2011.1534           58.69            0.17
  2011.1561           58.06            0.18
  2011.1589           58.02            0.16
  2011.1616           58.85            0.17
  2011.1644           59.56            0.20
