  2008.4850            0.00            1.65
  2008.4877           -4.53            1.79
  2008.4904           -0.98            1.67
  2008.4932           -2.44            1.62
  2008.4958           -7.67            1.72
  2008.4987           -9.27            1.72
  2008.5013          -14.40            1.69
  2008.5042          -17.17            1.64
  2008.5068           -7.64            1.66
  2008.5096            2.31            1.71
  2008.5123           -1.77            1.74
  2008.5150           -0.86            1.67
  2008.5178           -1.36            1.70
  2008.5205           -0.76            1.62
  2008.5233           -4.72            1.58
  2008.5260           -2.91            1.64
  2008.5288           -1.32            1.72
  2008.5315           -4.49            1.79
  2008.5343            0.58            1.69
  2008.5370           -6.34            1.69
  2008.5397           -0.43            1.69
  2008.5425           -2.97            1.73
  2008.5452           -8.42            1.78
  2008.5480           -6.33            1.69
  2008.5507          -10.06            1.71
  2008.5535          -12.10            1.63
  2008.5562            3.26            1.72
  2008.5590            2.08            1.73
  2008.5616            1.42            1.77
  2008.5643           -0.31            1.73
  2008.5671           -3.73            1.70
  2008.5698           -6.43            1.70
  2008.5726          -15.41            1.74
  2008.5753           -8.65            1.72
  2008.5781          -12.46            1.72
  2008.5808           -4.78            2.03
  2008.5836           -8.30            1.73
  2008.5890           -0.19            1.68
  2008.5918           -3.80            1.74
  2008.5945            1.80            1.81
  2008.5973            4.64            1.72
  2008.6000            2.11            1.78
  2008.6028           -2.52            1.75
  2008.6055           -7.62            1.73
  2008.6083           -5.81            1.67
  2008.6110           -1.79            1.71
  2008.6136           -5.68            1.79
  2008.6165           -4.74            1.68
  2008.6191           -8.88            1.67
  2008.6219           -2.19            1.74
  2008.6246            2.05            1.78
  2008.6274            0.78            1.77
  2008.6301            0.29            1.71
  2008.6329           -2.73            1.71
  2008.6356           -4.21            1.68
  2008.6383           -7.22            1.72
  2008.6411           -3.34            1.64
  2008.6438           -2.43            1.67
  2008.6466           -5.83            1.67
  2008.6493           -3.27            1.73
  2008.6521            2.76            1.68
  2008.6548           -6.58            1.83
  2008.6576           -3.41            1.81
  2008.6603           -4.15            1.88
  2008.6630           -1.05            1.76
  2008.6658            4.99            1.73
  2008.6685            0.90            1.73
  2008.6713            3.15            1.78
  2008.6740           -3.46            1.75
  2008.6768           -3.84            1.70
  2008.6794           -6.85            1.76
  2008.6823           -3.87            1.73
  2008.6849           -6.16            1.70
  2008.6876           -7.25            1.73
  2008.6904           -4.17            1.71
  2008.6931           -3.20            1.71
  2008.6959           -4.77            1.84
  2008.6986           -3.76            1.76
  2008.7014            2.00            1.67
  2008.7041            1.73            1.66
  2008.7069            3.15            1.70
  2008.7096            2.54            1.74
  2008.7123            4.11            1.68
  2008.7151            1.32            1.70
  2008.7178           -5.14            1.68
  2008.7206           -3.22            1.65
  2008.7233           -5.22            1.66
  2008.7261           -0.72            1.63
  2008.7288           -2.02            1.72
  2008.7316            5.57            1.70
  2008.7343            0.92            1.66
  2008.7369           -0.14            1.64
  2008.7397            3.71            1.78
  2008.7424            4.08            1.74
  2008.7452           -2.08            1.77
  2008.7479            0.80            1.70
  2008.7507           -0.46            1.71
  2008.7534           -3.79            1.84
  2008.7561           -3.19            1.83
  2008.7589           -4.22            1.83
  2008.7616           -8.08            1.82
  2008.7644            1.91            1.85
  2008.7671           -5.06            1.81
  2008.7699           -7.37            1.77
  2008.7726           -0.57            1.74
  2008.7754            0.09            1.81
  2008.7781            2.35            1.97
  2008.7808            1.95            1.84
  2008.7836           -0.36            4.34
  2008.7863           -1.51            1.77
  2008.7891            0.60            1.75
  2008.7917           -3.34            1.93
  2008.7946            3.51            1.81
  2008.7972           -3.15            1.79
  2008.8000           -0.71            1.85
  2008.8027           -0.75            1.89
  2008.8054            5.57            1.82
  2008.8082            1.57            1.87
  2008.8109           -3.53            1.88
  2008.8137           -0.56            1.77
  2008.8164           -2.33            1.85
  2008.8192            2.37            1.90
  2008.8219           -3.18            1.76
  2008.8247           -3.04            1.74
  2008.8274           -6.62            1.77
  2008.8301           -5.95            1.84
  2008.8329           -1.66            1.82
  2008.8356           -7.55            1.82
  2008.8384           -9.82            1.84
  2008.8411            1.99            1.84
  2008.8439           -2.06            1.88
  2008.8466           -1.34            1.90
  2008.8494           -3.53            1.92
  2008.8521            6.66            1.88
  2008.8547           -5.50            1.91
  2008.8575           -0.84            1.97
  2008.8602           -3.71            1.92
  2008.8630           -6.63            1.93
  2008.8657           -3.02            1.94
  2008.8685           -5.80            1.89
  2008.8712           -8.46            1.90
  2008.8740            6.28            1.85
  2008.8767           -5.87            2.00
  2008.8794            1.51            1.89
  2008.8822            0.59            1.91
  2008.8849            4.49            1.88
  2008.8877            3.19            1.83
  2008.8904           10.65            1.95
  2008.8932           12.67            1.88
  2008.8959            9.89            1.91
  2008.8987            9.11            1.95
  2008.9014            0.85            1.95
  2008.9041           -0.34            1.96
  2008.9069           -1.47            1.91
  2008.9095            7.88            2.04
  2008.9124           -3.57            2.02
  2008.9150            1.34            1.88
  2008.9178            7.63            1.94
  2008.9205           -1.48            1.88
  2008.9233           -1.18            1.84
  2008.9260           -4.42            1.86
  2008.9287            4.02            1.83
  2008.9315           -2.82            1.84
  2008.9342           -1.30            1.87
  2008.9370            8.63            1.89
  2008.9397            6.49            1.92
  2008.9425            3.31            2.22
  2008.9452            1.04            1.83
  2008.9480            4.14            1.87
  2008.9507            3.01            1.89
  2008.9534            1.76            1.90
  2008.9562           -0.21            1.90
  2008.9589            8.63            1.91
  2008.9617            7.57            1.89
  2008.9644            6.45            2.02
  2008.9672           11.24            1.91
  2008.9698           11.50            1.90
  2008.9727           18.69            1.95
  2008.9753            4.06            1.92
  2008.9780           -2.00            1.86
  2008.9808            0.84            1.87
  2008.9835           -0.91            1.87
  2008.9863            4.50            1.90
  2008.9890           -1.37            1.89
  2008.9918           10.51            1.92
  2008.9945            3.01            1.92
  2008.9973            3.42            1.96
  2009.0000           13.38            1.95
  2009.0027           -1.15            1.88
  2009.0027            8.40            1.82
  2009.0055            5.00            1.83
  2009.0082           -4.44            1.83
  2009.0110           -0.37            1.85
  2009.0137           -1.15            1.84
  2009.0165            1.37            1.88
  2009.0192            4.90            1.85
  2009.0220           10.83            1.85
  2009.0247            8.09            1.78
  2009.0273            7.04            1.84
  2009.0302            2.69            1.81
  2009.0328            3.76            1.91
  2009.0356           15.39            1.87
  2009.0383            5.70            1.94
  2009.0411           11.53            1.88
  2009.0438            9.18            1.93
  2009.0466            7.52            1.92
  2009.0493            5.38            1.86
  2009.0520           19.22            1.79
  2009.0548           13.42            1.79
  2009.0575           -0.72            1.77
  2009.0603           18.76            1.83
  2009.0630            7.58            1.82
  2009.0658            9.50            1.85
  2009.0685           12.58            1.79
  2009.0713            3.75            1.85
  2009.0740            8.84            2.08
  2009.0767           12.37            1.81
  2009.0795            8.53            1.84
  2009.0822            1.96            1.86
  2009.0850           14.61            1.87
  2009.0876           10.37            1.78
  2009.0905           10.57            1.80
  2009.0931            3.89            1.86
  2009.0959           13.38            1.87
  2009.0986            4.14            1.98
  2009.1013            9.23            1.84
  2009.1041            6.32            1.78
  2009.1068            8.12            1.83
  2009.1096           13.26            2.00
  2009.1123           14.09            1.99
  2009.1151           12.43            1.93
  2009.1178           18.25            1.89
  2009.1206           15.56            1.84
  2009.1233           16.26            1.84
  2009.1260           17.54            1.83
  2009.1288           20.49            1.95
  2009.1315           15.50            2.39
  2009.1343           11.23            1.84
  2009.1370            5.88            1.91
  2009.1398            8.45            1.87
  2009.1425           13.52            1.90
  2009.1453           13.07            1.83
  2009.1479           14.14            1.85
  2009.1506           19.72            1.83
  2009.1534           16.01            1.86
  2009.1561           17.02            1.91
  2009.1589           20.18            1.85
  2009.1616           14.67            1.90
  2009.1644           15.76            3.47
  2009.1671            6.32            1.97
  2009.1699            9.07            1.93
  2009.1726            8.13            1.89
  2009.1753           11.04            1.82
  2009.1781           13.67            1.83
  2009.1808           15.23            1.86
  2009.1836           14.17            1.87
  2009.1863           15.13            1.89
  2009.1891           15.37            1.80
  2009.1918           12.44            1.90
  2009.1946            4.99            1.85
  2009.1973           13.29            1.88
  2009.2000            6.51            1.86
  2009.2028            8.02            1.79
  2009.2054            6.04            2.03
  2009.2083           10.05            1.77
  2009.2109           11.25            1.86
  2009.2137           13.19            1.86
  2009.2164           14.48            1.80
  2009.2192            2.97            1.77
  2009.2219           13.07            1.91
  2009.2246            6.27            1.99
  2009.2274            8.93            2.03
  2009.2301            9.95            1.83
  2009.2329            8.79            1.88
  2009.2356            9.89            1.80
  2009.2384           24.84            1.88
  2009.2411            6.78            1.83
  2009.2439           11.21            1.82
  2009.2466            3.18            1.82
  2009.2493           10.68            1.82
  2009.2521           20.85            2.05
  2009.2548           17.76            1.97
  2009.2576           11.67            1.87
  2009.2603           13.30            3.47
  2009.2631           10.71            1.78
  2009.2657            9.38            1.80
  2009.2684           10.46            1.88
  2009.2712            8.07            1.76
  2009.2739            9.64            1.80
  2009.2767           11.91            1.70
  2009.2794           11.32            1.83
  2009.2822           11.11            1.76
  2009.2849            4.19            1.76
  2009.2877            6.81            1.75
  2009.2904            6.26            1.86
  2009.2931            4.62            1.79
  2009.2959            6.52            1.71
  2009.2986            2.27            1.70
  2009.3014           14.44            1.75
  2009.3069           16.80            1.86
  2009.3096           -0.77            1.83
  2009.3124           11.21            1.84
  2009.3151            9.64            1.81
  2009.3177            5.85            1.75
  2009.3206           11.70            1.90
  2009.3232            6.16            1.86
  2009.3260            5.29            1.75
  2009.3315           11.99            1.79
  2009.3342            9.92            1.77
  2009.3370           11.75            1.84
  2009.3397            8.37            1.98
  2009.3424           18.13            1.83
  2009.3452           10.77            1.84
  2009.3479            9.78            1.76
  2009.3507            5.73            1.75
  2009.3534            6.57            1.85
  2009.3562            2.78            1.83
  2009.3589           -1.05            1.81
  2009.3617           -0.24            1.82
  2009.3644           -4.51            1.78
  2009.3671            6.39            1.83
  2009.3699           10.40            1.95
  2009.3726            9.62            1.90
  2009.3754            1.11            1.84
  2009.3781            6.16            1.82
  2009.3809           10.78            1.75
  2009.3835            9.01            1.81
  2009.3864            2.52            1.73
  2009.3890            0.82            1.76
  2009.3917           -1.65            1.74
  2009.3945           -8.42            1.80
  2009.3972           -4.65            1.85
  2009.4000           -8.17            1.87
  2009.4027           -2.27            1.82
  2009.4055           -1.50            1.86
  2009.4082           -0.60            1.71
  2009.4110            3.33            1.77
  2009.4137          -15.23            5.04
  2009.4164           -1.02            1.92
  2009.4192            9.11            1.71
  2009.4219            6.27            1.67
  2009.4247           -0.99            1.74
  2009.4274            0.31            1.76
  2009.4302           -6.17            1.67
  2009.4329          -30.75            1.73
  2009.4357            3.47            1.80
  2009.4384            5.20            1.80
  2009.4410            6.64            1.70
  2009.4438            2.71            1.63
  2009.4465            1.30            1.64
  2009.4493            6.07            1.72
  2009.4520            7.03            1.78
  2009.4548           12.32            1.79
  2009.4575           13.75            1.75
  2009.4603           15.12            1.92
  2009.4630            2.95            1.78
  2009.4657            1.81            1.73
  2009.4685            0.84            1.74
  2009.4712           -1.98            1.70
  2009.4740           -1.00            1.72
  2009.4767            2.48            1.69
  2009.4795           -0.13            1.74
  2009.4822            1.04            1.75
  2009.4850            9.54            1.76
  2009.4877            9.18            1.78
  2009.4904           -0.75            2.08
  2009.4932           10.51            1.77
  2009.4958            3.97            1.80
  2009.4987           10.88            1.74
  2009.5013            5.24            1.62
  2009.5042            5.21            1.76
  2009.5068            3.31            1.78
  2009.5096            4.13            1.77
  2009.5123            0.23            1.75
  2009.5150           -0.84            1.69
  2009.5178           -0.29            1.63
  2009.5205            5.49            1.66
  2009.5233           -5.32            1.61
  2009.5260            5.11            1.66
  2009.5288            0.19            1.74
  2009.5315            0.03            1.64
  2009.5343            0.34            1.65
  2009.5370           -1.07            1.66
  2009.5397           -2.92            1.59
  2009.5425            2.04            1.62
  2009.5452            0.12            1.79
  2009.5507         -133.88            7.50
  2009.5535            2.40            1.81
  2009.5562           -8.45            1.82
  2009.5590           -3.57            1.67
  2009.5616            2.31            1.68
  2009.5643            2.45            1.65
  2009.5671            0.07            1.67
  2009.5698            0.58            1.63
  2009.5726           -2.35            1.69
  2009.5753           -3.45            1.68
  2009.5781           -1.84            1.65
  2009.5808            1.02            1.58
  2009.5836            2.33            1.56
  2009.5863            9.00            1.56
  2009.5890            6.86            1.59
  2009.5918            7.88            1.77
  2009.5945           10.36            1.81
  2009.5973            1.63            1.58
  2009.6000            6.90            1.57
  2009.6028            8.67            1.66
  2009.6055           10.67            1.61
  2009.6083           10.02            1.62
  2009.6110            9.41            1.75
  2009.6136            4.86            1.74
  2009.6165            2.04            1.67
  2009.6191           13.84            1.66
  2009.6219           10.53            1.77
  2009.6246            9.36            1.72
  2009.6274            9.00            1.71
  2009.6301            1.99            1.70
  2009.6329            6.24            1.66
  2009.6356            6.84            1.59
  2009.6383           18.02            1.74
  2009.6411           10.14            1.70
  2009.6438           12.49            1.74
  2009.6466           13.17            1.68
  2009.6493            9.61            1.72
  2009.6521           14.34            1.75
  2009.6548            2.94            1.66
  2009.6576           15.97            1.61
  2009.6603           13.74            1.65
  2009.6630            6.80            1.70
  2009.6658            9.17            1.65
  2009.6685            4.46            1.78
  2009.6713            0.94            1.72
  2009.6740            5.07            1.67
  2009.6768           12.83            1.68
  2009.6794           16.85            1.82
  2009.6823            3.54            1.91
  2009.6849            1.84            1.71
  2009.6876            5.09            1.66
  2009.6904            4.25            1.62
  2009.6931            4.31            1.61
  2009.6959            4.43            1.63
  2009.6986            2.52            1.63
  2009.7014           10.15            1.67
  2009.7041            8.34            1.63
  2009.7069            2.77            1.63
  2009.7096            6.37            1.64
  2009.7123            1.10            1.74
  2009.7151            9.64            1.72
  2009.7178            1.60            1.62
  2009.7206            8.52            1.64
  2009.7233            1.32            1.63
  2009.7261           -2.57            1.57
  2009.7288           -0.67            1.58
  2009.7316           -0.46            1.63
  2009.7343           -2.57            1.56
  2009.7369           -0.11            1.70
  2009.7397            0.89            1.73
  2009.7424           -0.34            1.65
  2009.7452           -3.46            1.64
  2009.7479            8.95            1.66
  2009.7507            5.91            1.71
  2009.7534            9.06            1.68
  2009.7561            3.22            1.63
  2009.7589           14.56            1.76
  2009.7616           -0.28            1.73
  2009.7644            4.55            1.68
  2009.7671            2.69            1.62
  2009.7699           -5.22            1.71
  2009.7726            8.73            1.75
  2009.7754            8.89            1.95
  2009.7781            6.11            1.78
  2009.7808            0.84            1.72
  2009.7836           -1.18            1.73
  2009.7863            6.48            1.96
  2009.7891           -3.71            2.10
  2009.7917           -0.28            1.77
  2009.7946            0.55            1.82
  2009.7972            2.54            1.87
  2009.8000            6.18            2.19
  2009.8027            1.15            1.89
  2009.8054            4.83            1.82
  2009.8082           22.13            1.90
  2009.8109            7.53            1.95
  2009.8137            4.91            1.93
  2009.8164            4.20            1.82
  2009.8192            0.89            1.93
  2009.8219           12.68            1.98
  2009.8247           13.29            1.85
  2009.8274           13.49            1.92
  2009.8301           -1.89            1.94
  2009.8329           -0.12            1.96
  2009.8356           -2.07            1.92
  2009.8384            7.44            2.03
  2009.8411            4.34            2.07
  2009.8439            3.02            1.88
  2009.8466            3.89            1.99
  2009.8494            1.45            1.93
  2009.8521            2.71            1.96
  2009.8547            5.61            1.96
  2009.8575            3.68            1.91
  2009.8602            4.11            1.99
  2009.8630           -0.05            1.81
  2009.8657            1.92            1.89
  2009.8685            0.67            2.03
  2009.8712            3.09            1.99
  2009.8740           -0.65            1.95
  2009.8767            3.79            2.03
  2009.8794            5.81            2.09
  2009.8822            1.51            2.04
  2009.8849           15.75            2.13
  2009.8877            9.03            1.99
  2009.8904            3.81            1.96
  2009.8932            1.65            1.91
  2009.8959            7.57            2.01
  2009.8987            2.42            2.04
  2009.9014            6.63            2.06
  2009.9041            6.00            2.02
  2009.9069            4.40            1.91
  2009.9095           -0.20            1.94
  2009.9124            6.24            2.13
  2009.9150            1.75            2.00
  2009.9178            3.48            1.96
  2009.9205            6.35            2.05
  2009.9233           -2.09            1.89
  2009.9260            5.84            1.87
  2009.9287           -0.05            1.96
  2009.9315           -1.10            1.90
  2009.9342            3.56            1.86
  2009.9370           11.26            1.84
  2009.9397            9.41            1.87
  2009.9425           -0.11            1.96
  2009.9452            2.57            2.05
  2009.9480            6.89            1.95
  2009.9507           14.70            1.92
  2009.9534           -5.75            2.10
  2009.9562           -0.90            1.95
  2009.9589           -3.61            1.89
  2009.9617            8.21            2.13
  2009.9644            5.33            2.04
  2009.9672            1.07            2.17
  2009.9698            7.19            2.08
  2009.9727           11.82            2.01
  2009.9753           11.61            2.16
  2009.9780           11.68            2.20
  2009.9808           20.26            2.21
  2009.9835           10.67            2.01
  2009.9863           11.53            2.19
  2009.9890            8.63            2.00
  2009.9918           14.86            2.07
  2009.9945           16.17            2.18
  2009.9973           14.69            2.15
  2010.0000            9.39            2.08
