  2008.4850            0.00            1.03
  2008.4877            0.50            1.10
  2008.4904           -0.05            1.04
  2008.4932            0.71            1.01
  2008.4958           -1.27            1.07
  2008.4987           -0.77            1.06
  2008.5013            0.90            1.05
  2008.5042            1.56            1.03
  2008.5068           -2.66            1.03
  2008.5096           -2.04            1.06
  2008.5123           -0.93            1.08
  2008.5150            0.67            1.04
  2008.5178            0.10            1.06
  2008.5205            1.75            1.01
  2008.5233            1.83            0.99
  2008.5260            0.81            1.02
  2008.5288           -1.34            1.08
  2008.5315           -1.78            1.11
  2008.5343           -2.02            1.04
  2008.5370           -1.52            1.05
  2008.5397           -2.24            1.04
  2008.5425           -2.47            1.07
  2008.5452           -1.30            1.09
  2008.5480           -0.90            1.04
  2008.5507            2.95            1.06
  2008.5535            1.77            1.00
  2008.5562            0.68            1.05
  2008.5590           -0.61            1.06
  2008.5616            0.93            1.09
  2008.5643            0.25            1.06
  2008.5671           -1.34            1.05
  2008.5698           -0.85            1.05
  2008.5726           -4.54            1.08
  2008.5753           -1.23            1.09
  2008.5781           -1.87            1.07
  2008.5808           -3.75            1.20
  2008.5836           -1.03            1.07
  2008.5890           -0.76            1.04
  2008.5918           -0.83            1.08
  2008.5945           -1.57            1.13
  2008.5973           -1.28            1.07
  2008.6000           -1.89            1.10
  2008.6028           -0.66            1.09
  2008.6055           -1.26            1.09
  2008.6083           -1.81            1.05
  2008.6110           -2.28            1.07
  2008.6136           -2.52            1.11
  2008.6165           -2.31            1.05
  2008.6191           -1.60            1.04
  2008.6219           -1.68            1.08
  2008.6246           -1.87            1.11
  2008.6274           -1.58            1.11
  2008.6301           -0.84            1.05
  2008.6329           -0.35            1.06
  2008.6356            1.50            1.03
  2008.6383            0.20            1.08
  2008.6411            0.14            1.01
  2008.6438            0.79            1.03
  2008.6466            0.05            1.03
  2008.6493           -1.72            1.05
  2008.6521           -1.05            1.04
  2008.6548           -1.99            1.11
  2008.6576           -1.54            1.11
  2008.6603           -0.29            1.19
  2008.6630           -0.97            1.08
  2008.6658            0.58            1.06
  2008.6685            0.87            1.06
  2008.6713           -0.37            1.08
  2008.6740            1.51            1.08
  2008.6768            2.07            1.04
  2008.6794            3.05            1.08
  2008.6823            2.13            1.05
  2008.6849            1.93            1.05
  2008.6876           -8.16            1.06
  2008.6904           -7.33            1.04
  2008.6931           -7.26            1.05
  2008.6959           -6.93            1.12
  2008.6986           -5.09            1.07
  2008.7014           -4.89            1.02
  2008.7041           -4.74            1.01
  2008.7069            3.10            1.02
  2008.7096            4.10            1.06
  2008.7123            2.89            1.04
  2008.7151            3.46            1.04
  2008.7178            2.71            1.03
  2008.7206            3.49            1.01
  2008.7233            2.48            1.01
  2008.7261            0.50            1.00
  2008.7288           -0.46            1.05
  2008.7316            1.18            1.04
  2008.7343            1.86            1.02
  2008.7369            2.67            1.01
  2008.7397            2.85            1.09
  2008.7424            1.44            1.07
  2008.7452            2.53            1.08
  2008.7479            3.12            1.03
  2008.7507            0.03            1.04
  2008.7534           -0.23            1.11
  2008.7561            1.83            1.11
  2008.7589            1.43            1.11
  2008.7616            2.93            1.10
  2008.7644            1.69            1.11
  2008.7671            1.85            1.09
  2008.7699            2.21            1.06
  2008.7726            1.58            1.04
  2008.7754            2.36            1.13
  2008.7781            2.97            1.19
  2008.7808            2.34            1.12
  2008.7836            1.75            2.63
  2008.7863            1.19            1.07
  2008.7891            1.90            1.07
  2008.7917            1.02            1.18
  2008.7946            2.27            1.11
  2008.7972            0.40            1.09
  2008.8000            0.48            1.12
  2008.8027           -0.68            1.14
  2008.8054           -0.26            1.10
  2008.8082           -2.05            1.14
  2008.8109            0.33            1.13
  2008.8137            2.58            1.08
  2008.8164            1.18            1.11
  2008.8192            2.64            1.15
  2008.8219            2.57            1.06
  2008.8247            1.74            1.06
  2008.8274            1.79            1.08
  2008.8301            1.11            1.10
  2008.8329            0.55            1.11
  2008.8356            1.97            1.10
  2008.8384            1.83            1.12
  2008.8411            1.23            1.12
  2008.8439            2.16            1.14
  2008.8466            2.79            1.17
  2008.8494            2.42            1.17
  2008.8521           -1.12            1.15
  2008.8547           -0.02            1.18
  2008.8575            0.52            1.20
  2008.8602            4.64            1.18
  2008.8630            3.31            1.22
  2008.8657            1.75            1.19
  2008.8685            2.24            1.15
  2008.8712            1.31            1.21
  2008.8740            0.44            1.19
  2008.8767            0.39            1.24
  2008.8794            2.23            1.16
  2008.8822            0.72            1.17
  2008.8849            1.29            1.15
  2008.8877            1.35            1.12
  2008.8904            1.61            1.17
  2008.8932            0.29            1.15
  2008.8959           -0.99            1.18
  2008.8987            1.81            1.22
  2008.9014            0.43            1.23
  2008.9041            0.04            1.19
  2008.9069            0.33            1.18
  2008.9095           -2.80            1.26
  2008.9124            0.71            1.24
  2008.9150           -0.50            1.16
  2008.9178            0.86            1.19
  2008.9205            1.11            1.16
  2008.9233            0.78            1.14
  2008.9260           -0.07            1.17
  2008.9287            0.53            1.16
  2008.9315            0.53            1.13
  2008.9342            1.48            1.14
  2008.9370            2.07            1.15
  2008.9397            1.17            1.19
  2008.9425            1.31            1.39
  2008.9452           -0.41            1.12
  2008.9480            0.01            1.16
  2008.9507           -0.39            1.16
  2008.9534            2.05            1.16
  2008.9562           -1.65            1.16
  2008.9589            1.93            1.16
  2008.9617            1.35            1.14
  2008.9644            1.90            1.23
  2008.9672            2.71            1.16
  2008.9698            1.30            1.16
  2008.9727           -0.65            1.19
  2008.9753            1.55            1.16
  2008.9780            1.81            1.13
  2008.9808            1.38            1.12
  2008.9835            0.93            1.14
  2008.9863            3.65            1.16
  2008.9890            1.94            1.14
  2008.9918            0.33            1.16
  2008.9945           -1.41            1.19
  2008.9973            2.41            1.25
  2009.0000            1.25            1.20
  2009.0027            1.46            1.15
  2009.0027            1.51            1.13
  2009.0055            0.04            1.14
  2009.0082            0.58            1.15
  2009.0110            0.82            1.12
  2009.0137            1.14            1.15
  2009.0165            0.64            1.14
  2009.0192           -0.48            1.16
  2009.0220            1.23            1.13
  2009.0247            2.63            1.12
  2009.0273            2.31            1.16
  2009.0302           -0.90            1.15
  2009.0328            1.88            1.21
  2009.0356            0.31            1.17
  2009.0383           -2.16            1.24
  2009.0411            2.99            1.17
  2009.0438            3.92            1.21
  2009.0466            2.33            1.20
  2009.0493           -1.80            1.17
  2009.0520            3.79            1.12
  2009.0548            1.96            1.12
  2009.0575           -0.68            1.11
  2009.0603           -0.96            1.15
  2009.0630            0.07            1.14
  2009.0658           -1.96            1.15
  2009.0685           -0.55            1.12
  2009.0713            0.02            1.15
  2009.0740            1.14            1.31
  2009.0767            1.72            1.15
  2009.0795            0.87            1.15
  2009.0822            1.34            1.16
  2009.0850            0.22            1.17
  2009.0876            0.38            1.12
  2009.0905           -1.31            1.12
  2009.0931           -1.30            1.17
  2009.0959           -1.62            1.16
  2009.0986           -0.55            1.22
  2009.1013           -1.54            1.15
  2009.1041            1.26            1.11
  2009.1068            1.58            1.14
  2009.1096            2.50            1.25
  2009.1123            3.55            1.22
  2009.1151            1.01            1.21
  2009.1178            2.52            1.17
  2009.1206           -0.09            1.14
  2009.1233            0.41            1.13
  2009.1260            0.12            1.14
  2009.1288            0.66            1.20
  2009.1315            0.06            1.49
  2009.1343            0.38            1.14
  2009.1370            0.70            1.19
  2009.1398            1.89            1.17
  2009.1425            2.28            1.17
  2009.1453            0.49            1.14
  2009.1479            1.26            1.16
  2009.1506            1.11            1.13
  2009.1534            0.12            1.16
  2009.1561            4.66            1.17
  2009.1589           -0.25            1.15
  2009.1616            1.30            1.18
  2009.1644           -0.56            2.13
  2009.1671           -0.23            1.23
  2009.1699           -0.95            1.21
  2009.1726           -1.33            1.18
  2009.1753            0.22            1.13
  2009.1781           -0.40            1.13
  2009.1808           -0.55            1.17
  2009.1836           -0.40            1.15
  2009.1863           -0.52            1.16
  2009.1891            0.05            1.12
  2009.1918            0.01            1.17
  2009.1946           -0.76            1.13
  2009.1973           -2.90            1.15
  2009.2000           -1.88            1.13
  2009.2028            0.39            1.09
  2009.2054           -1.73            1.26
  2009.2083            0.90            1.10
  2009.2109           -2.04            1.16
  2009.2137            1.29            1.14
  2009.2164            1.51            1.11
  2009.2192            0.01            1.10
  2009.2219            1.38            1.16
  2009.2246           -1.48            1.23
  2009.2274            2.10            1.24
  2009.2301            0.07            1.12
  2009.2329            0.15            1.17
  2009.2356           -1.64            1.10
  2009.2384           -3.35            1.15
  2009.2411            0.09            1.14
  2009.2439            0.88            1.12
  2009.2466            0.53            1.13
  2009.2493            0.09            1.12
  2009.2521           -2.40            1.26
  2009.2548           -1.18            1.22
  2009.2576            0.57            1.15
  2009.2603           -0.86            2.13
  2009.2631           -2.37            1.10
  2009.2657           -0.46            1.11
  2009.2684           -0.75            1.16
  2009.2712           -1.08            1.09
  2009.2739           -0.11            1.11
  2009.2767           -0.62            1.05
  2009.2794            0.84            1.13
  2009.2822           -0.40            1.09
  2009.2849            1.16            1.09
  2009.2877            1.00            1.09
  2009.2904           -0.22            1.15
  2009.2931           -0.08            1.11
  2009.2959            2.02            1.06
  2009.2986            1.51            1.05
  2009.3014           -0.34            1.07
  2009.3069            0.95            1.14
  2009.3096           -0.39            1.12
  2009.3124            0.95            1.13
  2009.3151            0.20            1.12
  2009.3177            2.42            1.07
  2009.3206            1.49            1.18
  2009.3232           -0.91            1.13
  2009.3260           -0.11            1.06
  2009.3315            0.18            1.12
  2009.3342            0.53            1.10
  2009.3370            0.97            1.14
  2009.3397            0.51            1.19
  2009.3424            0.58            1.13
  2009.3452            0.85            1.16
  2009.3479           -0.75            1.09
  2009.3507           -1.11            1.09
  2009.3534           -0.66            1.16
  2009.3562           -2.13            1.09
  2009.3589            0.37            1.08
  2009.3617            0.39            1.10
  2009.3644            0.64            1.06
  2009.3671            0.36            1.14
  2009.3699           -0.21            1.21
  2009.3726           -0.44            1.18
  2009.3754           -1.16            1.12
  2009.3781           -1.72            1.13
  2009.3809           -0.62            1.04
  2009.3835           -0.72            1.12
  2009.3864           -2.02            1.03
  2009.3890           -1.89            1.05
  2009.3917           -3.07            1.04
  2009.3945            1.12            1.08
  2009.3972           -0.13            1.09
  2009.4000            1.03            1.17
  2009.4027            2.73            1.13
  2009.4055            4.40            1.12
  2009.4082            1.26            1.03
  2009.4110            1.77            1.06
  2009.4137            1.14            3.12
  2009.4164            1.67            1.16
  2009.4192            0.71            1.03
  2009.4219           -0.53            1.00
  2009.4247            0.11            1.05
  2009.4274            0.31            1.09
  2009.4302            0.96            1.01
  2009.4329           21.67            1.04
  2009.4357            0.62            1.08
  2009.4384            1.31            1.07
  2009.4410            0.28            1.06
  2009.4438            0.57            0.99
  2009.4465            0.80            0.99
  2009.4493           -1.59            1.03
  2009.4520           -2.86            1.07
  2009.4548           -1.37            1.09
  2009.4575           -1.28            1.07
  2009.4603           -3.44            1.14
  2009.4630           -2.97            1.08
  2009.4657            1.33            1.03
  2009.4685            0.23            1.06
  2009.4712           -0.82            1.04
  2009.4740           -1.10            1.08
  2009.4767            1.73            1.06
  2009.4795            0.59            1.06
  2009.4822            3.69            1.07
  2009.4850            2.23            1.06
  2009.4877            1.36            1.07
  2009.4904            0.18            1.24
  2009.4932           -0.42            1.06
  2009.4958           -0.43            1.07
  2009.4987            0.15            1.04
  2009.5013            0.94            0.98
  2009.5042            0.68            1.05
  2009.5068           -1.98            1.09
  2009.5096           -1.90            1.06
  2009.5123           -2.13            1.06
  2009.5150            2.62            1.02
  2009.5178            1.61            0.98
  2009.5205            0.89            0.99
  2009.5233            0.87            0.98
  2009.5260            0.05            1.00
  2009.5288            2.10            1.03
  2009.5315            2.28            0.99
  2009.5343            1.04            0.98
  2009.5370            1.64            1.00
  2009.5397            1.14            0.96
  2009.5425            0.63            0.97
  2009.5452            2.17            1.08
  2009.5507          -13.69            5.88
  2009.5535            0.81            1.10
  2009.5562            0.58            1.14
  2009.5590            2.31            1.01
  2009.5616            2.45            1.02
  2009.5643            0.78            1.02
  2009.5671            2.34            1.02
  2009.5698            0.33            0.99
  2009.5726            0.86            1.07
  2009.5753            0.51            1.03
  2009.5781            1.25            1.04
  2009.5808           -0.16            0.96
  2009.5836           -1.47            0.94
  2009.5863           -1.52            0.95
  2009.5890           -2.20            0.96
  2009.5918           -1.68            1.06
  2009.5945           -0.73            1.12
  2009.5973           -0.68            0.96
  2009.6000           -0.84            0.95
  2009.6028            0.23            1.01
  2009.6055            3.03            0.97
  2009.6083            2.60            0.97
  2009.6110           -0.19            1.05
  2009.6136           -1.68            1.05
  2009.6165           -1.27            1.01
  2009.6191           -2.48            1.00
  2009.6219           -3.63            1.07
  2009.6246           -0.46            1.04
  2009.6274            0.29            1.04
  2009.6301            0.30            1.03
  2009.6329            1.13            1.01
  2009.6356            1.93            0.97
  2009.6383            0.35            1.05
  2009.6411           -1.61            1.04
  2009.6438            0.26            1.07
  2009.6466           -0.16            1.04
  2009.6493            0.78            1.04
  2009.6521            0.27            1.08
  2009.6548            0.05            1.01
  2009.6576           -0.29            0.98
  2009.6603           -2.80            1.00
  2009.6630            1.07            1.03
  2009.6658            3.44            1.00
  2009.6685            2.87            1.14
  2009.6713            2.30            1.05
  2009.6740            2.43            1.02
  2009.6768            1.56            1.02
  2009.6794            1.80            1.10
  2009.6823            1.65            1.15
  2009.6849            1.62            1.02
  2009.6876            2.75            0.99
  2009.6904            1.43            0.97
  2009.6931            2.46            0.96
  2009.6959            3.67            0.98
  2009.6986            2.58            0.97
  2009.7014            3.40            1.00
  2009.7041            3.57            0.99
  2009.7069            4.30            1.00
  2009.7096            3.24            0.99
  2009.7123            1.87            1.05
  2009.7151            2.12            1.03
  2009.7178            1.79            0.99
  2009.7206            2.21            1.00
  2009.7233            2.48            0.98
  2009.7261            1.19            0.96
  2009.7288            1.88            0.96
  2009.7316            0.98            1.04
  2009.7343            2.73            0.94
  2009.7369            3.04            1.03
  2009.7397            3.27            1.06
  2009.7424            2.20            1.02
  2009.7452            4.02            1.02
  2009.7479            2.29            1.01
  2009.7507            2.03            1.05
  2009.7534            1.99            1.03
  2009.7561            1.10            1.00
  2009.7589           -0.55            1.07
  2009.7616            1.63            1.07
  2009.7644            1.63            1.03
  2009.7671            3.88            0.98
  2009.7699            2.99            1.04
  2009.7726            0.20            1.06
  2009.7754            1.28            1.17
  2009.7781            2.43            1.06
  2009.7808            2.74            1.02
  2009.7836            3.75            1.03
  2009.7863            2.11            1.17
  2009.7891            2.78            1.25
  2009.7917            2.40            1.04
  2009.7946            3.34            1.08
  2009.7972            2.50            1.10
  2009.8000            1.10            1.30
  2009.8027            2.48            1.11
  2009.8054            3.60            1.08
  2009.8082            2.61            1.13
  2009.8109            0.20            1.16
  2009.8137            3.77            1.14
  2009.8164            2.60            1.07
  2009.8192            4.85            1.13
  2009.8219            3.31            1.20
  2009.8247            2.21            1.11
  2009.8274            1.79            1.16
  2009.8301            3.80            1.17
  2009.8329            2.78            1.17
  2009.8356            1.67            1.18
  2009.8384            1.51            1.24
  2009.8411            2.32            1.32
  2009.8439            0.18            1.15
  2009.8466            1.24            1.21
  2009.8494            1.24            1.15
  2009.8521            3.59            1.17
  2009.8547            2.68            1.14
  2009.8575            3.74            1.13
  2009.8602            2.40            1.18
  2009.8630            0.59            1.06
  2009.8657            1.82            1.11
  2009.8685            1.92            1.19
  2009.8712            0.28            1.16
  2009.8740           -0.03            1.15
  2009.8767            0.83            1.20
  2009.8794           -1.08            1.23
  2009.8822            0.02            1.22
  2009.8849           -0.79            1.27
  2009.8877           -0.08            1.18
  2009.8904            1.72            1.16
  2009.8932           -0.15            1.15
  2009.8959            0.41            1.20
  2009.8987           -0.31            1.23
  2009.9014            0.53            1.22
  2009.9041            3.11            1.21
  2009.9069            0.96            1.14
  2009.9095           -0.39            1.16
  2009.9124            0.77            1.27
  2009.9150            0.43            1.20
  2009.9178            1.13            1.17
  2009.9205            4.20            1.23
  2009.9233            1.36            1.13
  2009.9260           -0.27            1.12
  2009.9287            2.89            1.18
  2009.9315           -0.06            1.13
  2009.9342            3.28            1.11
  2009.9370            2.76            1.10
  2009.9397            2.00            1.12
  2009.9425            3.29            1.16
  2009.9452            3.11            1.21
  2009.9480            2.59            1.16
  2009.9507            3.18            1.17
  2009.9534            2.99            1.27
  2009.9562            4.05            1.19
  2009.9589            1.07            1.14
  2009.9617            0.50            1.29
  2009.9644            4.19            1.24
  2009.9672            0.31            1.30
  2009.9698            2.82            1.23
  2009.9727            1.62            1.19
  2009.9753            1.98            1.29
  2009.9780           -1.26            1.33
  2009.9808            3.82            1.31
  2009.9835            0.63            1.21
  2009.9863           -1.52            1.31
  2009.9890           -0.07            1.21
  2009.9918           -1.76            1.26
  2009.9945            2.25            1.37
  2009.9973            1.27            1.36
  2010.0000            1.27            1.29
