  2010.2493            0.00            2.16
  2010.2521           -0.59            1.01
  2010.2548           -2.33            0.98
  2010.2576           -3.07            0.69
  2010.2603           -5.70            1.48
  2010.2631            6.98           10.29
  2010.2657           -7.51            1.52
  2010.2684           -9.82            1.73
  2010.2712          -15.26            3.73
  2010.2739          -12.97            1.80
  2010.2767          -16.01            1.30
  2010.2794          -17.11            1.29
  2010.2822          -18.13            1.54
  2010.2849          -19.24            1.23
  2010.2877          -20.36            1.34
  2010.2904          -23.67            1.98
  2010.2931          -23.41            1.78
  2010.2959          -24.77            1.78
  2010.2986          -23.74            1.82
  2010.3014          -27.10            1.57
  2010.3069          -26.56            1.72
  2010.3096          -28.39            1.80
  2010.3124          -30.36            1.37
  2010.3151          -30.34            1.39
  2010.3177          -31.35            1.42
  2010.3206          -32.90            1.56
  2010.3232          -31.42            1.30
  2010.3260          -33.89            1.65
  2010.3287          -37.54            1.79
  2010.3315          -35.92            1.75
  2010.5562          -82.45            0.96
  2010.5590          -82.76            0.98
  2010.5616          -81.82            0.99
  2010.5643          -81.36            0.96
  2010.5671          -81.72            0.90
  2010.5698          -83.27            0.94
  2010.5726          -82.89            0.96
  2010.5753          -83.42            0.95
  2010.5781          -84.48            0.99
  2010.5808          -86.10            2.26
  2010.5836          -83.99            0.90
  2010.5863          -84.24            0.88
  2010.5890          -84.65            0.91
  2010.5918          -85.69            0.87
  2010.5945          -86.08            1.83
  2010.5973          -86.20            0.90
  2010.6000          -85.99            0.87
  2010.6028          -86.71            0.87
  2010.6055          -86.92            0.87
  2010.6083          -87.37            0.86
  2010.6110          -87.86            0.91
  2010.6136          -89.04            0.85
  2010.6165          -88.89            0.85
  2010.6191          -89.01            0.85
  2010.6219          -89.18            0.86
  2010.6246          -89.02            0.93
  2010.6274          -89.92            0.99
  2010.6301          -89.62            0.90
  2010.6329          -89.88            0.86
  2010.6356          -90.52            0.86
  2010.6383          -90.78            0.97
  2010.6411          -92.68            0.88
  2010.6438          -93.04            0.89
  2010.6466          -92.78            0.89
  2010.6493          -92.92            0.88
  2010.6521          -93.67            0.92
  2010.6548          -94.05            0.92
  2010.6576          -93.83            0.94
  2010.6603          -92.35            0.85
  2010.6630          -94.46            0.91
  2010.6658          -95.60            0.88
  2010.6685          -94.60            0.88
  2010.6713          -94.03            0.91
  2010.6740          -93.78            0.98
  2010.6768          -93.57            0.92
  2010.6794          -94.06            0.84
  2010.6823          -94.52            0.85
  2010.6849          -94.83            0.85
  2010.6876          -95.39            0.86
  2010.6904          -95.56            0.86
  2010.6931          -96.65            0.87
  2010.6959          -96.96            0.91
  2010.6986          -98.09            0.89
  2010.7014          -98.89            0.87
  2010.7041          -98.83            0.88
  2010.7069          -97.84            0.99
  2010.7096          -97.67            0.88
  2010.7123          -97.95            0.85
  2010.7151          -98.65            0.90
  2010.7178          -99.59            0.87
  2010.7206          -99.78            0.86
  2010.7233          -99.86            0.85
  2010.7261         -100.39            0.84
  2010.7288         -100.51            0.83
  2010.7316         -100.97            0.83
  2010.7343         -100.70            0.85
  2010.7369         -101.68            0.93
  2010.7397         -101.50            0.92
  2010.7424         -101.33            0.93
  2010.7452         -101.56            0.85
  2010.7479         -102.44            0.89
  2010.7507         -101.42            0.91
  2010.7534         -102.03            0.86
  2010.7561         -101.60            0.98
  2010.7589         -102.47            0.93
  2010.7616         -102.14            0.91
  2010.7644         -102.90            0.93
  2010.7671         -102.65            0.91
  2010.7699         -103.23            0.92
  2010.7726         -103.10            0.89
  2010.7754         -104.73            0.90
  2010.7781         -105.18            0.90
  2010.7808         -106.00            0.96
  2010.7836         -105.97            0.96
  2010.7863         -105.87            0.98
  2010.7891         -106.06            0.96
  2010.7917         -105.83            0.84
  2010.7946         -105.44            0.86
  2010.7972         -104.64            0.93
  2010.8000         -107.31            0.86
  2010.8027         -106.79            0.90
  2010.8054         -107.92            0.88
  2010.8082         -107.81            0.88
  2010.8109         -108.50            0.88
  2010.8137         -109.59            0.85
  2010.8164         -109.36            0.86
  2010.8192         -109.73            0.91
  2010.8219         -110.77            0.92
  2010.8247         -110.58            0.92
  2010.8274         -110.76            0.96
  2010.8301         -111.39            0.87
  2010.8329         -109.57            0.92
  2011.0027         -119.26            0.90
  2011.0055         -120.70            0.92
  2011.0082         -119.22            0.97
  2011.0110         -119.41            0.96
  2011.0137         -120.25            0.90
  2011.0165         -121.46            0.90
  2011.0192         -120.91            0.90
  2011.0220         -122.18            0.91
  2011.0247         -122.84            0.91
  2011.0273         -123.39            0.92
  2011.0302         -123.82            1.02
  2011.0328         -123.18            0.93
  2011.0356         -125.44            0.96
  2011.0383         -125.30            0.92
  2011.0411         -124.40            0.96
  2011.0438         -122.74            1.00
  2011.0466         -123.71            0.90
  2011.0493         -126.05            1.03
  2011.0520         -122.92            1.03
  2011.0548         -123.95            0.97
  2011.0575         -124.16            0.93
  2011.0603         -124.08            0.97
  2011.0630         -123.98            0.93
  2011.0658         -125.08            0.94
  2011.0685         -125.49            0.96
  2011.0713         -126.24            1.01
  2011.0740         -126.62            1.00
  2011.0767         -124.71            0.94
  2011.0795         -125.39            0.94
  2011.0822         -127.17            0.96
  2011.0850         -125.59            0.95
  2011.0876         -125.71            0.90
  2011.0905         -126.10            0.92
  2011.0931         -127.54            0.95
  2011.0959         -126.24            0.92
  2011.0986         -127.57            0.89
  2011.1013         -128.86            0.93
  2011.1041         -128.03            0.91
  2011.1068         -127.35            1.00
  2011.1096         -128.04            0.96
  2011.1123         -129.11            1.01
  2011.1151         -127.36            0.97
  2011.1178         -126.88            1.03
  2011.1206         -129.72            1.14
  2011.1233         -130.53            0.96
  2011.1260         -130.93            0.94
  2011.1288         -132.12            0.97
  2011.1315         -129.69            0.99
  2011.1343         -130.43            0.98
  2011.1370         -131.26            0.98
  2011.1398         -129.83            0.95
  2011.1425         -130.09            0.98
  2011.1453         -130.01            0.95
  2011.1479         -130.17            1.06
  2011.1506         -128.73            0.98
  2011.1534         -129.92            0.96
  2011.1561         -131.14            0.91
  2011.1589         -130.42            0.92
  2011.1616         -130.17            0.92
  2011.1644         -131.12            0.94
  2011.1671         -131.02            0.95
  2011.1699         -131.20            0.96
  2011.1726         -130.70            1.00
  2011.1753         -131.45            0.97
  2011.1781         -133.05            1.22
  2011.1808         -132.93            0.94
  2011.1836         -132.54            0.97
  2011.1863         -133.80            1.00
  2011.1891         -133.02            1.15
  2011.1918         -133.06            1.13
  2011.1946         -134.41            1.11
  2011.1973         -133.44            0.94
  2011.2000         -133.55            1.05
  2011.2028         -132.81            1.13
  2011.2054         -135.87            1.06
  2011.2083         -136.02            1.01
  2011.2109         -134.43            0.94
  2011.2137         -135.32            0.92
  2011.2164         -134.11            0.91
  2011.2192         -134.61            1.01
  2011.2219         -135.91            1.05
  2011.2246         -133.96            0.99
  2011.2274         -135.67            0.97
  2011.2301         -135.74            1.07
  2011.2329         -135.65            0.94
  2011.2356         -134.37            0.95
  2011.2384         -134.55            0.99
  2011.2411         -134.70            0.96
  2011.2439         -134.03            0.99
  2011.2466         -135.89            1.10
  2011.2493         -134.50            1.03
  2011.2521         -134.70            1.01
  2011.2548         -136.14            0.95
  2011.2576         -135.54            0.92
  2011.2631         -135.37            0.95
  2011.2657         -135.38            0.93
  2011.2684         -134.92            0.90
  2011.2712         -135.28            0.93
  2011.2739         -136.75            0.97
  2011.2767         -137.71            1.01
  2011.2794         -138.09            1.03
  2011.2822         -137.83            1.02
  2011.2849         -137.21            0.96
  2011.2877         -137.08            0.91
  2011.2904         -137.55            0.90
  2011.2931         -138.64            2.02
  2011.2959         -138.83            0.90
  2011.2986         -139.40            0.92
  2011.3014         -139.77            0.92
  2011.3041         -143.03            1.01
  2011.3069         -141.29            1.03
  2011.3096         -137.80            0.90
  2011.3124         -138.81            0.90
  2011.3151         -137.93            0.87
  2011.3177         -138.57            0.87
  2011.3206         -139.12            0.89
  2011.3232         -137.93            0.96
  2011.3260         -139.21            0.90
  2011.3287         -140.80            0.90
  2011.3315         -139.15            0.94
  2011.3342         -140.51            0.87
  2011.3370         -139.88            0.90
  2011.3397         -141.02            0.92
  2011.3424         -140.11            0.95
  2011.3452         -137.86            0.95
  2011.3479         -140.49            0.98
  2011.3507         -139.81            0.94
  2011.3534         -140.46            0.96
  2011.3562         -142.11            1.04
  2011.3589         -139.31            0.96
  2011.3617         -140.66            0.95
  2011.3644         -140.34            0.92
  2011.3671         -140.75            0.91
  2011.3699         -142.06            0.94
  2011.3726         -142.44            0.99
  2011.3754         -142.50            0.89
  2011.3781         -142.89            0.92
  2011.3809         -143.54            0.96
  2011.3835         -142.75            0.97
  2011.3864         -143.06            0.93
  2011.3890         -143.86            0.92
  2011.3917         -143.91            0.95
  2011.3945         -144.69            0.93
  2011.3972         -143.61            0.91
  2011.4000         -143.75            0.87
  2011.4027         -144.45            0.91
  2011.4055         -144.27            0.93
  2011.4082         -145.57            0.85
  2011.4110         -145.96            0.85
  2011.4137         -145.48            0.89
  2011.4164         -146.29            0.85
  2011.4192         -146.63            0.97
  2011.4219         -145.72            0.85
  2011.4247         -146.95            0.90
  2011.4274         -147.70            0.94
  2011.4302         -148.51            0.96
  2011.4329         -147.47            1.01
  2011.4357         -148.24            1.05
  2011.4384         -147.38            0.90
  2011.4410         -145.29            0.96
  2011.4438         -145.69            0.93
  2011.4465         -149.30            0.95
  2011.4493         -148.48            0.89
  2011.4520         -149.17            0.89
  2011.4548         -148.87            1.06
  2011.4575         -149.55            0.94
  2011.4603         -148.32            0.95
  2011.4630         -150.50            1.01
  2011.4657         -150.27            1.06
  2011.4685         -149.25            0.99
  2011.4712         -148.30            0.94
  2011.4740         -148.19            0.92
  2011.4767         -147.85            0.96
  2011.4795         -148.38            0.92
  2011.4822         -146.24            0.93
  2011.4850         -149.03            0.90
  2011.4877         -149.94            0.90
  2011.4904         -150.60            0.91
  2011.4932         -149.54            0.97
  2011.4958         -149.33            0.93
  2011.4987         -150.09            0.90
  2011.5013         -149.81            0.90
  2011.5042         -148.62            0.93
  2011.5068         -150.68            1.02
  2011.5096         -148.37            1.06
  2011.5123         -149.49            0.99
  2011.5150         -149.46            0.96
  2011.5178         -149.94            1.00
  2011.5205         -151.23            0.96
  2011.5233         -150.60            0.93
  2011.5260         -149.82            1.00
  2011.5315         -151.27            0.95
  2011.5343         -150.63            1.04
  2011.5370         -151.48            1.04
  2011.5397         -150.45            1.04
  2011.5425         -150.28            1.04
  2011.5452         -149.70            0.99
  2011.5480         -152.41            0.97
  2011.5507         -152.22            0.99
  2011.5535         -152.34            0.96
  2011.5562         -149.61            1.27
  2011.5590         -151.49            1.01
  2011.5616         -152.53            0.95
  2011.5643         -152.51            1.01
  2011.5671         -150.25            1.05
  2011.5698         -151.73            0.98
  2011.5726         -151.70            0.98
  2011.5753         -152.34            0.94
  2011.5781         -150.90            0.94
  2011.5808         -150.75            0.95
  2011.5836         -151.88            1.05
  2011.5863         -151.58            1.03
  2011.5890         -150.99            0.99
  2011.5918         -152.41            1.08
  2011.5945         -152.63            1.09
  2011.5973         -152.11            1.11
  2011.6000         -152.84            1.10
  2011.6028         -151.54            1.12
  2011.6055         -152.91            1.09
  2011.6083         -153.00            0.99
  2011.6110         -152.75            1.09
  2011.6136         -153.98            1.11
  2011.6165         -154.30            1.05
  2011.6191         -154.41            1.01
  2011.6219         -153.10            0.99
  2011.6246         -155.57            1.12
  2011.6274         -153.12            1.08
  2011.6301         -152.45            1.06
  2011.6329         -153.95            1.02
  2011.6356         -151.88            1.07
  2011.6383         -152.99            0.97
  2011.6411         -153.35            0.95
  2011.6438         -152.70            0.94
  2011.6466         -153.44            0.98
  2011.6493         -152.27            0.96
  2011.6521         -153.05            1.02
  2011.6548         -154.88            1.04
  2011.6576         -152.47            1.04
  2011.6603         -151.67            1.08
  2011.6630         -151.65            1.09
  2011.6658         -151.46            0.92
  2011.6685         -153.60            1.02
  2011.6713         -153.88            1.00
  2011.6740         -153.56            1.00
  2011.6768         -154.88            1.04
  2011.6794         -154.42            1.01
  2011.6823         -154.13            1.01
  2011.6849         -154.11            0.99
  2011.6876         -155.03            1.03
  2011.6904         -153.35            1.07
  2011.6931         -153.74            1.00
  2011.6959         -154.11            1.00
  2011.6986         -153.65            0.99
  2011.7014         -152.97            0.99
  2011.7041         -154.02            1.07
  2011.7069         -154.07            0.99
  2011.7096         -154.30            1.06
  2011.7123         -153.24            0.98
  2011.7151         -154.57            0.94
  2011.7178         -154.50            0.94
  2011.7206         -155.36            0.98
  2011.7233         -154.82            0.98
  2011.7261         -154.72            0.99
  2011.7288         -154.99            0.99
  2011.7316         -156.89            1.01
  2011.7343         -155.46            1.02
  2011.7369         -155.60            1.00
  2011.7397         -156.30            1.00
  2011.7424         -157.15            1.03
  2011.7452         -156.98            0.99
  2011.7479         -155.65            1.06
  2011.7507         -155.89            1.13
  2011.7534         -156.57            0.95
  2011.7561         -156.84            0.98
  2011.7589         -156.90            1.10
  2011.7616         -156.38            1.17
  2011.7644         -156.34            1.11
  2011.7671         -157.80            1.04
  2011.7699         -156.78            1.09
  2011.7726         -158.31            1.04
  2011.7754         -158.71            1.09
  2011.7781         -157.82            1.17
  2011.7808         -160.26            1.12
  2011.7836         -158.75            1.07
  2011.7863         -157.02            1.12
  2011.7891         -157.17            1.15
  2011.7917         -157.15            1.12
  2011.7946         -156.92            1.00
  2011.7972         -156.48            1.00
  2011.8000         -157.50            1.08
  2011.8027         -156.13            1.10
  2011.8054         -155.49            1.12
  2011.8082         -159.47            1.04
  2011.8109         -156.78            1.08
  2011.8137         -157.86            1.73
  2011.8164         -156.47            1.25
  2011.8192         -158.18            1.02
  2011.8219         -157.37            1.02
  2011.8247         -157.36            1.03
  2011.8274         -156.60            1.03
  2011.8301         -158.16            1.02
  2011.8329         -159.38            1.01
  2011.8356         -160.42            1.06
  2011.8384         -157.59            1.06
  2011.8411         -159.38            1.06
  2011.8439         -157.25            1.09
  2011.8466         -157.89            1.15
  2011.8494         -159.16            1.07
  2011.8521         -160.02            1.06
  2011.8547         -158.12            1.20
  2011.8575         -162.43            1.18
  2011.8602         -159.41            1.14
  2011.8630         -159.70            1.10
  2011.8657         -160.06            1.13
  2011.8685         -160.30            1.15
  2011.8712         -158.19            1.16
  2011.8740         -159.84            1.26
  2011.8767         -159.81            1.19
  2011.8794         -159.29            1.13
  2011.8822         -161.87            1.33
  2011.8849         -160.78            1.12
  2011.8877         -159.21            1.14
  2011.8904         -160.28            1.16
  2011.8932         -159.91            1.09
  2011.8959         -160.93            1.13
  2011.8987         -160.40            1.12
  2011.9014         -161.13            1.06
  2011.9041         -161.44            1.03
  2011.9069         -163.47            1.08
  2011.9095         -160.41            1.11
  2011.9124         -161.11            1.13
  2011.9150         -160.49            1.10
  2011.9178         -161.43            1.15
  2011.9205         -161.49            1.17
  2011.9233         -161.34            1.12
  2011.9260         -163.19            1.12
  2011.9287         -161.88            1.24
  2011.9315         -161.88            1.20
  2011.9342         -162.69            1.17
  2011.9370         -161.50            1.21
  2011.9397         -158.73            2.69
  2012.0520         -161.99            1.10
  2012.0548         -161.37            1.25
  2012.0630         -161.60            1.18
  2012.0658         -162.52            1.09
  2012.0685         -162.29            1.41
  2012.0713         -160.95            1.44
  2012.0740         -162.61            1.33
  2012.0767         -162.31            1.47
  2012.0795         -162.99            1.17
  2012.0822         -161.00            1.27
  2012.0850         -161.63            1.07
  2012.0876         -163.64            1.09
  2012.0905         -162.10            1.15
  2012.0931         -162.65            1.02
  2012.0959         -162.51            1.10
  2012.0986         -161.89            1.06
  2012.1013         -161.07            1.11
  2012.1041         -160.88            1.27
  2012.1068         -161.20            1.06
  2012.1096         -161.19            1.00
  2012.1123         -162.75            0.99
  2012.1151         -161.08            1.03
  2012.1178         -160.78            1.15
  2012.1206         -164.79            1.29
  2012.1233         -163.35            1.11
  2012.1260         -165.22            1.10
  2012.1288         -157.51            1.13
  2012.1315         -165.75            1.22
  2012.1343         -162.92            1.19
  2012.1370         -162.54            1.22
  2012.1398         -162.79            1.12
  2012.1425         -163.16            1.03
  2012.1453         -163.20            1.05
  2012.1479         -162.00            1.04
  2012.1506         -162.67            1.03
  2012.1534         -162.41            1.12
  2012.1561         -164.47            1.09
  2012.1589         -163.14            1.11
  2012.1616         -163.95            1.10
  2012.1644         -162.91            1.08
  2012.1671         -164.49            1.08
  2012.1699         -165.18            1.01
  2012.1726         -162.59            1.09
  2012.1753         -165.57            1.05
  2012.1781         -165.02            1.20
  2012.1808         -163.96            1.05
  2012.1836         -164.54            1.19
  2012.1863         -164.03            1.01
  2012.1891         -164.13            1.03
  2012.1918         -163.58            1.06
  2012.1946         -163.87            1.13
  2012.1973         -164.71            1.07
  2012.2000         -163.46            1.11
  2012.2028         -165.80            1.08
  2012.2054         -164.10            1.02
  2012.2083         -164.54            1.03
  2012.2109         -164.07            1.12
  2012.2137         -164.60            1.03
  2012.2164         -164.88            1.07
  2012.2192         -163.07            0.98
  2012.2219         -163.79            1.02
  2012.2246         -164.51            0.99
  2012.2274         -163.60            0.96
  2012.2301         -164.01            1.01
  2012.2329         -163.25            1.01
  2012.2356         -164.41            1.02
  2012.2384         -164.24            0.99
  2012.2411         -164.39            1.00
  2012.2439         -165.27            1.00
  2012.2466         -165.05            0.94
  2012.2493         -166.21            1.04
  2012.2521         -165.36            1.00
  2012.2548         -166.38            1.01
  2012.2576         -165.93            0.98
  2012.2603         -167.56            1.09
  2012.2631         -167.03            1.06
  2012.2657         -167.65            0.96
  2012.2684         -166.92            1.01
  2012.2712         -165.66            1.05
  2012.2739         -165.96            1.03
  2012.2767         -166.52            1.01
  2012.2794         -165.60            0.98
  2012.2822         -165.81            0.97
  2012.2849         -165.12            1.10
  2012.2877         -164.58            1.03
  2012.2904         -165.33            1.05
  2012.2931         -165.80            0.99
  2012.2959         -165.77            0.98
  2012.2986         -167.95            1.06
  2012.3014         -167.28            0.95
  2012.3041         -167.33            0.96
  2012.3069         -167.19            1.02
  2012.3096         -166.03            0.87
  2012.3124         -166.49            0.92
  2012.3151         -164.79            1.03
  2012.3177         -167.66            0.98
  2012.3206         -166.30            0.93
  2012.3232         -166.93            0.91
  2012.3260         -167.79            0.98
  2012.3287         -167.99            0.95
  2012.3315         -167.56            0.99
  2012.3342         -167.63            0.91
  2012.3370         -169.07            1.00
  2012.3397         -167.86            0.97
  2012.3424         -167.87            0.94
  2012.3452         -168.07            0.97
  2012.3479         -168.01            1.10
  2012.3507         -168.52            1.01
  2012.3534         -167.47            0.99
  2012.3562         -168.48            0.98
  2012.3589         -169.32            1.03
  2012.3617         -170.11            1.11
  2012.3644         -169.81            0.97
  2012.3671         -170.29            1.01
  2012.3699         -169.75            0.99
  2012.3726         -169.94            1.06
  2012.3754         -169.74            1.07
  2012.3781         -169.26            1.04
  2012.3809         -169.05            1.00
  2012.3835         -171.01            1.08
  2012.3864         -170.86            1.05
  2012.3890         -169.61            1.00
  2012.3917         -169.69            1.02
  2012.3945         -170.82            1.01
  2012.3972         -169.28            1.00
  2012.4000         -170.49            1.00
  2012.4027         -172.43            1.06
  2012.4055         -172.03            1.14
  2012.4110         -171.01            1.05
  2012.4137         -170.67            1.01
  2012.4164         -169.88            0.94
  2012.4192         -171.12            1.02
  2012.4219         -171.60            1.10
  2012.4247         -170.80            1.05
  2012.4274         -170.12            1.05
  2012.4302         -170.90            1.00
  2012.4329         -170.46            0.98
  2012.4357         -171.16            0.94
  2012.4384         -170.53            0.94
  2012.4410         -170.42            1.09
  2012.4438         -171.16            0.96
  2012.4465         -171.45            1.05
  2012.4493         -173.24            3.63
  2012.4520         -176.02            1.13
  2012.4548         -174.73            1.01
  2012.4575         -173.15            1.02
  2012.4603         -175.75            1.04
  2012.4630         -174.71            1.07
  2012.4657         -175.77            1.00
  2012.4685         -174.89            1.00
  2012.4712         -174.86            1.05
  2012.4740         -175.14            0.99
  2012.4767         -173.83            1.02
  2012.4795         -174.29            0.98
  2012.4822         -173.13            1.00
  2012.4850         -173.84            0.97
  2012.4877         -174.79            0.97
  2012.4904         -174.27            1.05
  2012.4932         -173.43            1.03
  2012.4958         -174.39            1.06
  2012.4987         -173.91            1.06
  2012.5013         -175.26            1.06
  2012.5042         -173.65            1.00
  2012.5068         -175.25            0.99
  2012.5096         -175.11            1.05
  2012.5123         -173.23            1.10
  2012.5150         -174.26            1.02
  2012.5178         -174.13            0.96
  2012.5205         -175.04            1.01
  2012.5233         -174.80            1.05
  2012.5260         -175.51            0.99
  2012.5288         -174.57            1.02
  2012.5315         -174.91            1.00
  2012.5343         -175.52            0.97
  2012.5370         -174.75            0.94
  2012.5397         -174.05            0.98
  2012.5425         -174.22            1.01
  2012.5452         -173.45            1.01
  2012.5480         -173.56            1.04
  2012.5507         -174.58            1.10
  2012.5535         -177.22            0.99
  2012.5562         -175.85            0.99
  2012.5590         -175.36            1.01
  2012.5616         -176.00            1.01
  2012.5643         -174.43            0.99
  2012.5671         -175.26            0.97
  2012.5698         -175.25            0.98
  2012.5726         -175.65            1.00
  2012.5753         -175.94            0.97
  2012.5781         -174.56            1.00
  2012.5808         -174.29            0.99
  2012.5836         -174.77            0.97
  2012.5863         -173.71            1.06
  2012.5890         -175.27            1.03
  2012.5918         -175.20            1.00
  2012.5945         -175.41            1.00
  2012.5973         -174.05            1.53
  2012.6000         -174.24            1.03
  2012.6028         -174.03            1.03
  2012.6055         -173.95            1.07
  2012.6083         -174.43            1.03
  2012.6110         -173.69            0.98
  2012.6136         -173.71            1.05
  2012.6165         -173.08            1.07
  2012.6191         -173.49            1.06
  2012.6219         -174.25            1.12
  2012.6246         -174.94            1.11
  2012.6274         -174.34            1.05
  2012.6301         -173.99            1.13
  2012.6329         -174.39            1.03
  2012.6356         -175.67            1.07
  2012.6383         -174.57            1.06
  2012.6411         -174.71            1.04
  2012.6438         -173.98            1.08
  2012.6466         -174.90            1.05
  2012.6493         -172.88            1.02
  2012.6521         -173.90            1.04
  2012.6548         -173.96            0.97
  2012.6576         -174.26            0.98
  2012.6603         -174.37            1.03
  2012.6630         -174.89            1.06
  2012.6658         -175.10            1.00
  2012.6685         -174.74            1.05
  2012.6713         -176.10            1.04
  2012.6740         -174.25            1.12
  2012.6768         -176.37            1.09
  2012.6794         -175.49            1.06
  2012.6823         -174.36            1.13
  2012.6849         -174.13            1.10
  2012.6876         -176.02            1.12
  2012.6904         -174.69            1.05
  2012.6931         -174.66            1.03
  2012.6959         -174.22            1.04
  2012.6986         -175.50            1.07
  2012.7014         -175.14            1.06
  2012.7041         -175.50            1.15
  2012.7069         -176.12            1.02
  2012.7096         -175.75            1.07
  2012.7123         -176.15            1.07
  2012.7151         -176.08            1.10
  2012.7178         -176.32            1.16
  2012.7206         -176.16            1.08
  2012.7233         -175.78            1.10
  2012.7261         -176.18            1.11
  2012.7288         -175.04            1.05
  2012.7316         -177.79            1.06
  2012.7343         -176.65            1.14
  2012.7369         -175.39            1.16
  2012.7397         -176.77            1.11
  2012.7424         -176.88            1.09
  2012.7452         -176.80            1.14
  2012.7479         -177.77            1.08
  2012.7507         -176.35            1.14
  2012.7534         -176.06            1.29
  2012.7561         -176.60            1.14
  2012.7589         -177.17            1.14
  2012.7616         -178.49            1.15
  2012.7644         -177.15            1.12
  2012.7671         -176.60            1.23
  2012.7699         -177.92            1.20
  2012.7726         -177.20            1.14
  2012.7754         -177.15            1.17
  2012.7781         -177.90            1.05
  2012.7808         -176.46            1.06
  2012.7836         -177.92            1.06
  2012.7863         -178.21            1.05
  2012.7891         -177.13            1.13
  2012.7917         -177.71            1.15
  2012.7946         -176.76            1.17
  2012.7972         -177.90            1.11
  2012.8000         -177.86            1.07
  2012.8027         -176.22            1.21
  2012.8054         -178.34            1.24
  2012.8082         -175.85            1.29
  2012.8109         -179.16            1.21
  2012.8137         -179.52            1.21
  2012.8164         -179.08            1.11
  2012.8192         -178.68            1.15
  2012.8219         -179.18            1.31
  2012.8247         -177.50            1.24
  2012.8274         -178.30            1.21
  2012.8301         -176.05            1.40
  2012.8329         -178.34            1.19
  2012.8356         -177.09            1.13
  2012.8384         -177.71            1.12
  2012.8411         -178.09            1.07
  2012.8439         -175.96            1.27
  2012.8466         -178.62            1.14
  2012.8494         -177.84            1.17
  2012.8521         -177.80            1.15
  2012.8547         -179.66            1.20
  2012.8575         -178.61            1.22
  2012.8602         -178.45            1.26
  2012.8630         -176.55            1.26
  2012.8657         -179.05            1.15
  2012.8685         -176.65            1.18
  2012.8712         -177.80            1.08
  2012.8740         -177.17            1.17
  2012.8767         -177.62            1.16
  2012.8794         -179.04            1.17
  2012.8822         -176.25            1.16
  2012.8849         -178.12            1.14
  2012.8877         -177.78            1.04
  2012.8904         -177.08            1.08
  2012.8932         -177.40            1.23
  2012.8959         -184.33            1.17
  2012.8987         -177.02            1.15
  2012.9014         -176.05            1.14
  2012.9041         -177.80            4.34
  2012.9069         -177.91            1.13
  2012.9095         -178.85            1.10
  2012.9124         -178.58            1.17
  2012.9150         -180.23            1.39
  2012.9178         -178.28            1.17
  2012.9205         -178.15            1.16
  2012.9233         -178.93            1.82
  2012.9260         -178.49            1.33
  2012.9287         -178.80            1.22
  2012.9315         -180.27            1.18
  2012.9342         -179.51            1.43
  2012.9370         -181.17            1.26
  2012.9397         -178.47            1.14
  2012.9425         -178.82            1.13
  2012.9452         -179.67            1.24
  2012.9480         -179.11            1.16
  2012.9507         -179.79            1.25
  2012.9534         -178.14            1.14
  2012.9562         -177.57            1.19
  2012.9589         -178.31            1.17
  2012.9617         -182.17            1.26
  2012.9644         -177.62            1.17
  2012.9672         -179.74            1.41
  2012.9698         -178.89            1.41
  2012.9727         -180.38            1.31
  2012.9753         -180.17            1.19
  2012.9780         -177.90            1.20
  2012.9808         -181.50            1.20
  2012.9835         -182.73            1.48
  2012.9863         -181.28            1.32
  2012.9890         -179.96            1.19
  2013.0027         -179.65            0.99
  2013.0055         -178.79            0.97
  2013.0082         -180.35            1.06
  2013.0110         -179.15            1.06
  2013.0137         -179.06            1.14
  2013.0165         -178.06            1.17
  2013.0192         -178.68            1.21
  2013.0220         -178.75            1.06
  2013.0247         -180.01            1.16
  2013.0273         -179.17            1.11
  2013.0302         -177.11            1.14
  2013.0328         -180.69            1.11
  2013.0356         -178.93            1.11
  2013.0383         -180.78            1.06
  2013.0411         -181.12            1.16
  2013.0438         -180.10            1.17
  2013.0466         -180.02            1.31
  2013.0493         -179.14            1.13
  2013.0520         -179.84            1.09
  2013.0548         -179.67            1.05
  2013.0575         -180.37            1.10
  2013.0603         -180.29            1.19
  2013.0630         -178.58            1.20
  2013.0658         -179.82            1.18
  2013.0685         -179.57            1.11
  2013.0713         -179.49            1.03
  2013.0740         -180.48            1.05
  2013.0767         -179.01            1.10
  2013.0795         -179.44            1.08
  2013.0822         -179.11            1.09
  2013.0850         -179.54            1.13
  2013.0876         -179.97            1.19
  2013.0905         -179.17            1.15
  2013.0931         -179.19            1.07
  2013.0959         -179.99            1.07
  2013.0986         -177.83            1.15
  2013.1013         -178.60            1.26
  2013.1041         -179.99            1.09
  2013.1068         -179.58            1.11
  2013.1096         -179.37            1.11
  2013.1123         -180.57            1.23
  2013.1151         -178.54            1.21
  2013.1178         -182.39            1.17
  2013.1206         -179.83            1.13
  2013.1233         -180.58            1.22
  2013.1260         -179.62            1.15
  2013.1288         -178.32            1.30
  2013.1315         -179.58            1.15
  2013.1343         -178.80            1.05
  2013.1370         -178.87            1.01
  2013.1398         -178.31            1.10
  2013.1425         -178.15            1.19
  2013.1453         -178.87            1.10
  2013.1479         -178.83            1.13
  2013.1506         -179.42            1.06
  2013.1534         -178.80            1.03
  2013.1561         -178.82            1.05
  2013.1589         -180.10            1.05
  2013.1616         -179.02            1.10
  2013.1644         -179.50            1.10
  2013.1671         -179.35            1.06
  2013.1699         -177.79            1.02
  2013.1726         -177.68            1.03
  2013.1753         -179.93            1.16
  2013.1781         -177.67            1.16
  2013.1808         -178.49            1.10
  2013.1863         -184.10            1.16
  2013.1918         -179.13            1.11
  2013.2000         -178.12            0.96
  2013.2028         -178.29            1.00
  2013.2054         -178.98            1.07
  2013.2083         -176.27            1.05
  2013.2109         -178.24            0.96
  2013.2164         -178.20            1.14
  2013.2192         -179.02            1.03
  2013.2219         -178.75            1.01
  2013.2246         -178.35            1.09
  2013.2274         -178.38            1.14
  2013.2301         -178.98            1.15
  2013.2329         -177.44            1.11
  2013.2356         -178.24            1.03
  2013.2384         -178.66            1.01
  2013.2411         -178.36            1.14
  2013.2439         -178.92            1.09
  2013.2466         -179.26            1.08
  2013.2493         -174.71            1.09
  2013.2548         -181.39            1.10
  2013.2576         -179.19            1.01
  2013.2603         -178.53            1.13
  2013.2684         -180.13            1.10
  2013.2712         -177.91            1.24
  2013.2794         -177.36            1.08
  2013.2822         -178.02            1.01
  2013.2849         -179.09            1.02
  2013.2877         -178.74            1.03
  2013.2904         -179.58            1.01
  2013.2931         -179.62            1.01
  2013.2959         -180.40            1.05
  2013.2986         -180.05            1.02
  2013.3014         -179.66            1.04
  2013.3041         -180.26            1.06
  2013.3069         -180.28            1.09
  2013.3096         -179.91            1.07
  2013.3124         -179.91            1.10
  2013.3151         -180.47            1.04
  2013.3177         -179.72            1.08
  2013.3206         -180.47            1.06
  2013.3232         -181.01            1.11
  2013.3260         -180.97            1.04
  2013.3287         -180.94            0.99
  2013.3315         -179.35            1.09
  2013.3342         -179.68            1.12
  2013.3370         -179.71            1.19
  2013.3397         -180.42            1.05
  2013.3424         -180.42            1.00
  2013.3452         -179.37            1.11
  2013.3479         -180.67            1.05
  2013.3562         -181.28            1.15
  2013.3589         -179.98            1.02
  2013.3617         -182.09            1.98
  2013.3644         -182.49            1.01
  2013.3671         -182.11            1.00
  2013.3699         -182.27            0.96
  2013.3726         -182.80            0.97
  2013.3754         -182.75            1.00
  2013.3781         -180.66            1.06
  2013.3809         -182.32            1.65
  2013.3835         -183.33            1.04
  2013.3864         -182.10            1.00
  2013.3890         -183.84            1.01
  2013.3917         -183.52            1.00
  2013.3945         -181.97            1.00
  2013.4000         -182.47            1.04
  2013.4027         -184.86            1.09
  2013.4055         -183.91            1.14
  2013.4082         -182.65            1.01
  2013.4110         -182.56            1.00
  2013.4137         -185.38            1.13
  2013.4164         -181.96            1.07
  2013.4192         -180.99            1.04
  2013.4219         -181.02            0.98
  2013.4247         -182.40            1.07
  2013.4274         -181.47            1.06
  2013.4302         -181.12            1.00
  2013.4329         -182.07            1.03
  2013.4357         -181.66            0.98
  2013.4384         -182.13            1.01
  2013.4410         -182.39            0.98
  2013.4438         -181.71            1.01
  2013.4465         -181.33            1.02
  2013.4493         -182.22            1.03
  2013.4520         -182.44            1.03
  2013.4548         -182.40            1.10
  2013.4575         -182.06            1.03
  2013.4603         -182.78            1.01
  2013.4630         -181.82            1.03
  2013.4657         -181.71            0.96
  2013.4685         -181.81            0.99
  2013.4712         -182.25            1.06
  2013.4740         -183.46            0.98
  2013.4767         -180.72            1.00
  2013.4795         -180.32            0.99
  2013.4822         -180.58            0.97
  2013.4850         -181.32            1.02
  2013.4877         -182.74            1.11
  2013.4904         -182.24            1.09
  2013.4932         -181.00            1.06
  2013.4958         -181.00            0.99
  2013.4987         -180.23            0.97
  2013.5013         -182.24            1.03
  2013.5042         -181.67            1.03
  2013.5068         -180.81            1.04
  2013.5096         -181.25            1.03
  2013.5123         -180.92            0.97
  2013.5150         -180.87            0.96
  2013.5178         -179.62            0.98
  2013.5205         -180.19            1.03
  2013.5233         -180.69            1.01
  2013.5260         -180.01            0.98
  2013.5288         -179.96            0.96
  2013.5315         -177.76            1.03
  2013.5343         -179.11            1.01
  2013.5370         -179.12            1.02
  2013.5397         -180.62            0.96
  2013.5425         -179.93            1.02
  2013.5452         -179.98            0.98
  2013.5480         -180.37            0.97
  2013.5507         -179.93            1.04
  2013.5535         -179.45            0.96
  2013.5562         -179.21            0.94
  2013.5590         -180.53            0.94
  2013.5616         -178.75            0.94
  2013.5643         -179.55            0.98
  2013.5671         -180.18            1.04
  2013.5698         -180.13            0.94
  2013.5726         -180.88            0.93
  2013.5753         -180.06            0.92
  2013.5781         -179.66            0.98
  2013.5808         -180.08            0.93
  2013.5836         -179.34            0.91
  2013.5863         -179.59            0.94
  2013.5890         -179.44            1.00
  2013.5918         -179.34            1.06
  2013.5945         -179.17            1.00
  2013.5973         -179.12            1.00
  2013.6000         -180.33            1.07
  2013.6028         -179.41            0.99
  2013.6055         -179.22            0.93
  2013.6083         -178.75            0.97
  2013.6110         -183.05            0.96
  2013.6136         -181.90            0.94
  2013.6165         -180.10            0.89
  2013.6191         -180.38            0.89
  2013.6219         -179.81            0.93
  2013.6246         -180.05            0.91
  2013.6274         -179.93            0.87
  2013.6301         -180.30            0.93
  2013.6329         -181.47            0.93
  2013.6356         -181.59            0.91
  2013.6383         -182.35            0.94
  2013.6411         -180.18            0.90
  2013.6438         -181.97            0.90
  2013.6466         -181.18            0.95
  2013.6493         -180.37            0.93
  2013.6521         -180.65            0.90
  2013.6548         -181.14            0.91
  2013.6576         -181.58            0.91
  2013.6603         -180.85            0.92
  2013.6630         -181.68            0.91
  2013.6658         -181.46            0.97
  2013.6685         -181.33            0.95
  2013.6713         -185.14            0.98
  2013.6740         -180.76            0.98
  2013.6768         -181.69            1.13
  2013.6794         -179.99            1.08
  2013.6823         -182.61            1.11
  2013.6849         -180.25            1.09
  2013.6876         -182.96            1.10
  2013.6904         -182.97            1.07
  2013.6931         -182.92            1.05
  2013.6959         -183.34            1.03
  2013.6986         -182.98            1.07
  2013.7014         -182.74            0.99
  2013.7041         -181.69            1.03
  2013.7069         -182.36            1.00
  2013.7096         -180.46            1.00
  2013.7123         -180.88            0.99
  2013.7151         -181.51            0.97
  2013.7178         -181.27            1.05
  2013.7206         -182.39            1.04
  2013.7233         -181.12            1.08
  2013.7261         -182.91            1.06
  2013.7288         -183.64            1.08
  2013.7316         -181.47            0.99
  2013.7343         -182.74            0.95
  2013.7369         -182.22            1.12
  2013.7397         -182.84            1.04
  2013.7424         -180.93            1.04
  2013.7561         -182.72            1.05
  2013.7589         -182.21            1.09
  2013.7616         -180.83            1.15
  2013.7644         -180.57            1.06
  2013.7671         -180.47            1.21
  2013.7699         -181.10            1.11
  2013.7726         -181.58            1.07
  2013.7754         -180.66            1.14
  2013.7781         -178.61            1.20
  2013.7808         -180.45            1.10
  2013.7836         -180.70            1.12
  2013.7863         -180.81            1.12
  2013.7891         -180.58            1.06
  2013.7917         -179.11            1.07
  2013.7946         -179.89            1.12
  2013.7972         -180.44            1.05
  2013.8000         -181.09            1.12
  2013.8027         -179.43            1.17
  2013.8054         -179.58            1.14
  2013.8082         -178.52            1.05
  2013.8109         -180.90            1.01
  2013.8137         -183.02            2.34
  2013.8164         -179.80            1.05
  2013.8192         -179.78            0.97
  2013.8219         -179.50            1.01
  2013.8247         -179.93            0.98
  2013.8274         -180.87            1.08
  2013.8301         -181.16            1.05
  2013.8329         -180.05            1.04
  2013.8356         -180.19            1.06
  2013.8384         -180.63            0.97
  2013.8411         -180.64            0.95
  2013.8439         -181.41            0.98
  2013.8466         -181.44            0.96
  2013.8494         -181.51            1.07
  2013.8521         -182.39            0.99
  2013.8547         -181.88            1.08
  2013.8575         -181.52            1.04
  2013.8602         -181.17            1.11
  2013.8630         -182.28            1.06
  2013.8657         -180.29            1.04
  2013.8685         -182.59            1.03
  2013.8712         -181.17            1.09
  2013.8740         -180.24            1.05
  2013.8767         -181.48            0.96
  2013.8794         -181.98            0.99
  2013.8822         -183.00            1.05
  2013.8849         -182.80            1.01
  2013.8877         -181.09            1.04
  2013.8904         -180.43            1.04
  2013.8932         -180.29            1.05
  2013.8959         -182.58            1.04
  2013.8987         -183.01            1.11
  2013.9014         -182.84            1.06
  2013.9041         -181.17            1.02
  2013.9069         -181.97            2.09
  2013.9095         -181.79            2.01
  2013.9124         -183.12            1.00
  2013.9150         -182.21            1.02
  2013.9178         -182.09            1.02
  2013.9205         -178.98            1.09
  2013.9233         -181.12            1.22
  2013.9260         -182.87            1.00
  2013.9287         -183.41            1.05
  2013.9315         -182.64            1.06
  2013.9342         -182.30            1.05
  2013.9370         -178.83            1.14
  2013.9397         -181.68            1.09
  2013.9425         -181.62            1.05
  2013.9452         -179.35            1.13
  2013.9480         -178.69            1.09
  2013.9507         -182.55            1.05
  2013.9534         -182.85            1.15
  2013.9562         -180.75            1.06
  2013.9589         -183.47            1.15
  2013.9617         -181.68            1.09
  2013.9644         -184.53            1.11
  2013.9672         -183.31            1.08
  2013.9698         -183.50            1.08
  2013.9727         -181.11            1.10
  2013.9753         -181.95            1.07
  2013.9780         -185.04            1.09
  2013.9808         -182.24            1.04
  2013.9835         -181.80            1.15
  2013.9863         -182.20            1.14
  2014.0027         -181.67            1.27
  2014.0055         -180.90            1.42
  2014.0082         -180.98            1.21
  2014.0110         -181.75            1.14
  2014.0137         -180.95            1.17
  2014.0165         -181.64            1.27
  2014.0192         -180.05            1.24
  2014.0220         -181.99            1.28
  2014.0247         -183.67            1.28
  2014.0273         -181.21            1.30
  2014.0302         -179.84            1.24
  2014.0328         -179.10            1.31
  2014.0356         -180.96            1.12
  2014.0383         -181.54            1.25
  2014.0411         -182.53            1.22
  2014.0438         -181.11            1.35
  2014.0466         -181.35            1.21
  2014.0493         -182.17            1.16
  2014.0548         -181.82            1.24
  2014.0575         -180.95            1.25
  2014.0603         -183.07            1.23
  2014.0630         -184.15            1.27
  2014.0658         -181.94            1.32
  2014.0685         -180.09            1.20
  2014.0713         -181.30            1.25
  2014.0740         -181.56            1.18
  2014.0767         -180.03            1.27
  2014.0795         -178.81            1.22
  2014.0822         -183.08            1.26
  2014.0850         -179.90            1.23
  2014.0876         -184.86            1.39
  2014.0905         -183.61            1.21
  2014.0931         -182.87            1.20
  2014.0959         -182.04            1.19
  2014.0986         -183.98            1.45
  2014.1013         -181.15            1.24
  2014.1041         -183.09            1.30
  2014.1068         -184.40            1.27
  2014.1096         -179.56            1.36
  2014.1123         -178.70            1.27
  2014.1151         -181.08            1.23
  2014.1178         -181.00            1.19
  2014.1206         -181.75            1.13
  2014.1233         -179.25            1.44
  2014.1260         -179.68            1.10
  2014.1288         -179.60            1.12
  2014.1315         -179.25            1.20
  2014.1343         -180.21            1.32
  2014.1370         -181.51            1.26
  2014.1398         -179.63            1.23
  2014.1425         -178.40            1.32
  2014.1453         -178.57            1.49
  2014.1479         -177.91            1.33
  2014.1506         -178.63            1.27
  2014.1534         -179.86            1.40
  2014.1561         -178.32            1.36
  2014.1589         -178.43            1.36
  2014.1616         -176.94            1.19
  2014.1644         -177.88            1.31
  2014.1671         -175.76            1.37
  2014.1699         -177.60            1.52
  2014.1726         -176.74            1.37
  2014.1753         -180.66            1.40
  2014.1781         -177.40            1.26
  2014.1808         -179.11            1.17
  2014.1836         -178.33            1.50
  2014.1863         -180.68            1.45
  2014.1891         -181.99            1.31
  2014.1918         -179.25            1.29
  2014.1946         -179.21            1.31
  2014.1973         -179.94            1.23
  2014.2000         -179.49            1.28
  2014.2028         -183.41            1.37
  2014.2054         -183.18            1.38
  2014.2083         -181.20            1.40
  2014.2109         -179.38            1.28
  2014.2137         -179.03            1.30
  2014.2164         -178.31            1.47
  2014.2192         -176.81            1.33
  2014.2219         -180.00            1.28
  2014.2246         -180.35            1.18
  2014.2274         -179.45            1.27
  2014.2301         -178.47            1.34
  2014.2329         -179.51            1.34
  2014.2356         -178.30            1.37
  2014.2384         -180.41            1.31
  2014.2411         -180.26            1.31
  2014.2439         -183.47            1.44
  2014.2466         -181.66            1.41
  2014.2493         -180.48            1.17
  2014.2521         -179.17            1.14
  2014.2548         -179.39            1.27
  2014.2576         -178.74            1.22
  2014.2603         -178.92            1.26
  2014.2631         -182.07            1.22
  2014.2657         -183.40            1.31
  2014.2684         -178.37            1.34
  2014.2712         -179.81            1.26
  2014.2739         -179.06            1.31
  2014.2767         -178.71            1.29
  2014.2794         -181.58            1.32
  2014.2822         -179.14            1.18
  2014.2849         -179.38            1.16
  2014.2877         -180.74            1.23
  2014.2904         -181.04            1.19
  2014.2931         -181.67            1.18
  2014.2959         -180.51            1.15
  2014.2986         -180.21            1.13
  2014.3014         -179.18            1.13
  2014.3041         -180.16            1.19
  2014.3069         -179.43            1.16
  2014.3096         -180.79            1.08
  2014.3124         -181.60            1.25
  2014.3151         -179.91            1.13
  2014.3177         -180.29            1.20
  2014.3206         -179.89            1.26
  2014.3232         -181.03            1.11
  2014.3260         -180.60            1.18
  2014.3287         -180.82            1.25
  2014.3315         -180.47            1.24
  2014.3342         -180.05            1.20
  2014.3370         -179.32            1.28
  2014.3397         -180.47            1.31
  2014.3424         -178.20            1.25
  2014.3452         -179.55            1.18
  2014.3479         -180.38            1.09
  2014.3507         -178.44            1.14
  2014.3534         -179.28            1.24
  2014.3562         -179.46            1.22
  2014.3589         -180.44            1.18
  2014.3617         -181.12            1.17
  2014.3644         -179.44            1.18
  2014.3671         -179.24            1.22
  2014.3699         -179.50            1.12
  2014.3726         -179.44            1.24
  2014.3754         -179.73            1.25
  2014.3781         -178.80            1.21
  2014.3809         -178.50            1.16
  2014.3835         -177.04            1.18
  2014.3864         -177.71            1.25
  2014.3890         -177.31            1.23
  2014.3917         -178.48            1.14
  2014.3945         -178.20            1.19
  2014.3972         -180.14            1.25
  2014.4000         -179.04            1.23
  2014.4027         -180.00            1.11
  2014.4055         -178.80            1.23
  2014.4082         -181.51            1.28
  2014.4110         -179.51            1.21
  2014.4137         -180.02            1.16
  2014.4164         -179.06            1.20
  2014.4192         -178.64            1.18
  2014.4219         -179.89            1.20
  2014.4247         -180.77            1.26
  2014.4274         -179.47            1.28
  2014.4302         -179.62            1.26
  2014.4329         -179.55            1.29
  2014.4357         -180.05            1.27
  2014.4384         -179.77            1.24
  2014.4410         -179.53            1.25
  2014.4438         -180.65            1.22
  2014.4465         -180.87            1.08
  2014.4493         -177.85            1.09
  2014.4520         -177.47            1.10
  2014.4548         -177.36            1.19
  2014.4575         -176.42            1.03
  2014.4603         -176.98            1.15
  2014.4630         -176.63            1.04
  2014.4657         -177.50            1.03
  2014.4685         -177.59            0.94
  2014.4712         -178.69            0.96
  2014.4740         -179.16            0.95
