  2010.2493            0.00            0.25
  2010.2521            2.26            0.18
  2010.2548            3.13            0.20
  2010.2576            5.68            0.13
  2010.2603            6.16            0.16
  2010.2631            8.84            1.11
  2010.2657           10.10            0.33
  2010.2684           11.54            0.21
  2010.2712            9.68            0.39
  2010.2739           12.49            0.22
  2010.2767           15.38            0.24
  2010.2794           16.03            0.27
  2010.2822           16.20            0.21
  2010.2849           19.08            0.25
  2010.2877           18.36            0.25
  2010.2904           19.16            0.27
  2010.2931           19.63            0.23
  2010.2959           18.67            0.28
  2010.2986           19.80            0.23
  2010.3014           20.35            0.20
  2010.3069           22.78            0.28
  2010.3096           23.09            0.24
  2010.3124           23.47            0.15
  2010.3151           22.19            0.14
  2010.3177           24.50            0.14
  2010.3206           24.06            0.18
  2010.3232           25.55            0.25
  2010.3260           25.64            0.21
  2010.3287           24.36            0.22
  2010.3315           27.40            0.20
  2010.5562           66.14            0.17
  2010.5590           67.33            0.18
  2010.5616           68.08            0.18
  2010.5643           67.78            0.17
  2010.5671           68.40            0.16
  2010.5698           68.69            0.17
  2010.5726           67.57            0.17
  2010.5753           68.18            0.17
  2010.5781           68.20            0.18
  2010.5808           67.51            0.17
  2010.5836           69.21            0.16
  2010.5863           69.14            0.16
  2010.5890           68.99            0.16
  2010.5918           70.33            0.15
  2010.5945           70.41            0.33
  2010.5973           71.52            0.16
  2010.6000           70.95            0.15
  2010.6028           71.72            0.15
  2010.6055           72.21            0.15
  2010.6083           72.14            0.15
  2010.6110           73.31            0.16
  2010.6136           72.42            0.15
  2010.6165           73.00            0.15
  2010.6191           73.46            0.15
  2010.6219           74.49            0.15
  2010.6246           74.97            0.16
  2010.6274           75.85            0.17
  2010.6301           75.67            0.16
  2010.6329           74.99            0.15
  2010.6356           76.27            0.15
  2010.6383           76.48            0.17
  2010.6411           77.96            0.15
  2010.6438           77.49            0.15
  2010.6466           77.71            0.15
  2010.6493           77.66            0.15
  2010.6521           79.26            0.16
  2010.6548           78.68            0.16
  2010.6576           79.67            0.15
  2010.6603           78.88            0.14
  2010.6630           79.44            0.15
  2010.6658           78.65            0.15
  2010.6685           79.16            0.15
  2010.6713           79.27            0.15
  2010.6740           80.70            0.18
  2010.6768           80.55            0.15
  2010.6794           81.42            0.14
  2010.6823           81.40            0.14
  2010.6849           82.43            0.14
  2010.6876           82.50            0.14
  2010.6904           82.89            0.14
  2010.6931           82.98            0.14
  2010.6959           83.34            0.15
  2010.6986           83.24            0.15
  2010.7014           83.15            0.14
  2010.7041           84.03            0.15
  2010.7069           83.47            0.22
  2010.7096           83.60            0.15
  2010.7123           85.31            0.14
  2010.7151           85.66            0.15
  2010.7178           85.39            0.14
  2010.7206           85.93            0.14
  2010.7233           86.96            0.14
  2010.7261           85.35            0.14
  2010.7288           86.09            0.14
  2010.7316           86.73            0.14
  2010.7343           86.76            0.14
  2010.7369           86.02            0.15
  2010.7397           88.21            0.15
  2010.7424           87.79            0.20
  2010.7452           88.88            0.14
  2010.7479           87.58            0.14
  2010.7507           88.39            0.15
  2010.7534           89.69            0.14
  2010.7561           92.23            0.21
  2010.7589           94.53            0.19
  2010.7616           93.91            0.20
  2010.7644           92.89            0.20
  2010.7671           92.70            0.20
  2010.7699           92.75            0.20
  2010.7726           92.81            0.20
  2010.7754           94.80            0.19
  2010.7781           94.92            0.19
  2010.7808           95.82            0.21
  2010.7836           95.75            0.21
  2010.7863           93.56            0.16
  2010.7891           96.35            0.20
  2010.7917           95.69            0.14
  2010.7946           94.97            0.14
  2010.7972           97.07            0.21
  2010.8000           94.77            0.14
  2010.8027           96.85            0.14
  2010.8054           95.00            0.14
  2010.8082           95.21            0.15
  2010.8109           96.26            0.14
  2010.8137           94.73            0.13
  2010.8164           95.20            0.13
  2010.8192           95.51            0.15
  2010.8219           96.15            0.15
  2010.8247           94.90            0.15
  2010.8274           96.28            0.15
  2010.8301           95.91            0.14
  2010.8329           97.67            0.14
  2011.0027          116.29            0.15
  2011.0055          116.87            0.16
  2011.0082          117.88            0.17
  2011.0110          117.06            0.17
  2011.0137          117.63            0.15
  2011.0165          117.64            0.15
  2011.0192          118.22            0.15
  2011.0220          118.65            0.15
  2011.0247          120.98            0.15
  2011.0273          121.29            0.15
  2011.0302          120.15            0.13
  2011.0328          122.17            0.15
  2011.0356          122.10            0.16
  2011.0383          121.01            0.15
  2011.0411          123.41            0.16
  2011.0438          122.23            0.17
  2011.0466          122.50            0.15
  2011.0493          123.46            0.18
  2011.0520          125.51            0.23
  2011.0548          124.41            0.17
  2011.0575          123.52            0.16
  2011.0603          123.68            0.16
  2011.0630          122.74            0.16
  2011.0658          123.18            0.16
  2011.0685          123.58            0.16
  2011.0713          123.14            0.17
  2011.0740          124.06            0.17
  2011.0767          124.82            0.16
  2011.0795          124.21            0.16
  2011.0822          127.18            0.16
  2011.0850          128.27            0.16
  2011.0876          127.85            0.16
  2011.0905          127.02            0.16
  2011.0931          127.77            0.16
  2011.0959          127.68            0.16
  2011.0986          127.81            0.15
  2011.1013          130.31            0.16
  2011.1041          128.87            0.15
  2011.1068          130.18            0.17
  2011.1096          129.63            0.16
  2011.1123          130.16            0.18
  2011.1151          130.49            0.17
  2011.1178          130.85            0.18
  2011.1206          130.57            0.20
  2011.1233          130.08            0.17
  2011.1260          129.98            0.16
  2011.1288          129.52            0.17
  2011.1315          130.33            0.18
  2011.1343          129.42            0.17
  2011.1370          130.24            0.17
  2011.1398          131.83            0.17
  2011.1425          131.35            0.17
  2011.1453          133.10            0.17
  2011.1479          131.97            0.19
  2011.1506          132.44            0.18
  2011.1534          133.30            0.17
  2011.1561          132.72            0.17
  2011.1589          132.36            0.15
  2011.1616          133.49            0.16
  2011.1644          132.90            0.17
  2011.1671          133.93            0.16
  2011.1699          132.78            0.16
  2011.1726          132.91            0.18
  2011.1753          133.62            0.17
  2011.1781          130.12            0.21
  2011.1808          132.30            0.16
  2011.1836          131.53            0.16
  2011.1863          131.34            0.17
  2011.1891          130.73            0.20
  2011.1918          134.32            0.19
  2011.1946          132.50            0.19
  2011.1973          132.31            0.17
  2011.2000          135.00            0.18
  2011.2028          133.36            0.19
  2011.2054          132.86            0.18
  2011.2083          132.26            0.17
  2011.2109          133.51            0.17
  2011.2137          133.88            0.16
  2011.2164          135.19            0.15
  2011.2192          134.74            0.17
  2011.2219          134.59            0.17
  2011.2246          136.74            0.16
  2011.2274          134.36            0.16
  2011.2301          135.50            0.17
  2011.2329          137.17            0.16
  2011.2356          136.25            0.16
  2011.2384          136.16            0.16
  2011.2411          136.12            0.16
  2011.2439          135.06            0.17
  2011.2466          135.81            0.19
  2011.2493          136.00            0.18
  2011.2521          136.68            0.17
  2011.2548          135.46            0.16
  2011.2576          134.63            0.16
  2011.2631          134.90            0.16
  2011.2657          135.90            0.16
  2011.2684          135.68            0.16
  2011.2712          136.00            0.16
  2011.2739          136.39            0.17
  2011.2767          136.36            0.17
  2011.2794          134.98            0.17
  2011.2822          137.98            0.17
  2011.2849          136.64            0.17
  2011.2877          135.92            0.16
  2011.2904          136.28            0.16
  2011.2931          142.42            0.37
  2011.2959          143.93            0.16
  2011.2986          143.92            0.16
  2011.3014          144.10            0.17
  2011.3041          145.19            0.18
  2011.3069          145.18            0.18
  2011.3096          144.48            0.16
  2011.3124          144.56            0.15
  2011.3151          144.57            0.15
  2011.3177          144.76            0.15
  2011.3206          145.67            0.15
  2011.3232          145.50            0.16
  2011.3260          145.83            0.15
  2011.3287          146.34            0.15
  2011.3315          146.85            0.21
  2011.3342          145.72            0.15
  2011.3370          146.21            0.15
  2011.3397          145.38            0.16
  2011.3424          148.41            0.21
  2011.3452          148.06            0.21
  2011.3479          148.97            0.21
  2011.3507          149.42            0.20
  2011.3534          149.80            0.21
  2011.3562          151.37            0.23
  2011.3589          150.92            0.21
  2011.3617          150.96            0.21
  2011.3644          151.34            0.20
  2011.3671          151.30            0.20
  2011.3699          150.11            0.21
  2011.3726          149.64            0.22
  2011.3754          148.49            0.15
  2011.3781          148.13            0.16
  2011.3809          148.98            0.17
  2011.3835          148.70            0.17
  2011.3864          149.02            0.16
  2011.3890          149.73            0.16
  2011.3917          150.77            0.20
  2011.3945          150.02            0.16
  2011.3972          151.38            0.19
  2011.4000          150.55            0.15
  2011.4027          150.26            0.15
  2011.4055          151.45            0.19
  2011.4082          151.18            0.15
  2011.4110          151.11            0.14
  2011.4137          152.02            0.19
  2011.4164          151.93            0.15
  2011.4192          152.63            0.22
  2011.4219          151.30            0.15
  2011.4247          152.73            0.16
  2011.4274          152.91            0.16
  2011.4302          152.15            0.17
  2011.4329          152.89            0.18
  2011.4357          154.27            0.18
  2011.4384          151.55            0.16
  2011.4410          153.21            0.17
  2011.4438          152.76            0.16
  2011.4465          153.34            0.17
  2011.4493          152.89            0.16
  2011.4520          153.97            0.16
  2011.4548          153.77            0.19
  2011.4575          154.04            0.17
  2011.4603          155.36            0.16
  2011.4630          155.01            0.17
  2011.4657          154.90            0.18
  2011.4685          154.28            0.17
  2011.4712          153.65            0.16
  2011.4740          153.90            0.16
  2011.4767          154.05            0.17
  2011.4795          154.13            0.16
  2011.4822          154.49            0.15
  2011.4850          155.57            0.16
  2011.4877          155.93            0.16
  2011.4904          156.90            0.16
  2011.4932          157.46            0.17
  2011.4958          156.66            0.16
  2011.4987          156.15            0.16
  2011.5013          156.83            0.16
  2011.5042          157.29            0.16
  2011.5068          156.55            0.18
  2011.5096          158.62            0.19
  2011.5123          158.12            0.17
  2011.5150          157.33            0.17
  2011.5178          158.50            0.17
  2011.5205          158.28            0.17
  2011.5233          157.43            0.16
  2011.5260          158.69            0.17
  2011.5315          158.76            0.16
  2011.5343          159.85            0.18
  2011.5370          159.56            0.18
  2011.5397          159.28            0.18
  2011.5425          157.80            0.18
  2011.5452          158.76            0.17
  2011.5480          158.86            0.17
  2011.5507          157.76            0.17
  2011.5535          158.10            0.17
  2011.5562          157.16            0.22
  2011.5590          157.60            0.18
  2011.5616          159.21            0.17
  2011.5643          160.07            0.18
  2011.5671          156.00            0.19
  2011.5698          159.36            0.17
  2011.5726          160.25            0.18
  2011.5753          159.53            0.17
  2011.5781          161.48            0.17
  2011.5808          156.92            0.16
  2011.5836          156.34            0.18
  2011.5863          157.64            0.18
  2011.5890          158.47            0.18
  2011.5918          157.32            0.19
  2011.5945          157.83            0.19
  2011.5973          155.82            0.20
  2011.6000          158.05            0.19
  2011.6028          159.00            0.19
  2011.6055          160.11            0.19
  2011.6083          160.73            0.17
  2011.6110          161.16            0.19
  2011.6136          162.08            0.24
  2011.6165          161.19            0.19
  2011.6191          158.76            0.18
  2011.6219          160.58            0.17
  2011.6246          160.84            0.19
  2011.6274          160.74            0.23
  2011.6301          160.05            0.18
  2011.6329          157.90            0.17
  2011.6356          165.60            0.19
  2011.6383          159.01            0.16
  2011.6411          160.24            0.16
  2011.6438          160.52            0.16
  2011.6466          161.08            0.16
  2011.6493          161.46            0.16
  2011.6521          161.63            0.17
  2011.6548          161.51            0.18
  2011.6576          163.13            0.18
  2011.6603          161.54            0.19
  2011.6630          162.70            0.19
  2011.6658          162.53            0.16
  2011.6685          162.39            0.17
  2011.6713          162.11            0.17
  2011.6740          162.41            0.17
  2011.6768          163.29            0.18
  2011.6794          163.10            0.18
  2011.6823          163.93            0.17
  2011.6849          163.42            0.17
  2011.6876          164.63            0.19
  2011.6904          163.77            0.18
  2011.6931          164.53            0.18
  2011.6959          165.18            0.18
  2011.6986          165.72            0.17
  2011.7014          165.55            0.17
  2011.7041          166.51            0.19
  2011.7069          166.68            0.18
  2011.7096          166.59            0.18
  2011.7123          166.21            0.16
  2011.7151          166.28            0.16
  2011.7178          166.02            0.16
  2011.7206          167.04            0.16
  2011.7233          167.70            0.16
  2011.7261          168.45            0.17
  2011.7288          167.62            0.17
  2011.7316          166.98            0.18
  2011.7343          166.09            0.17
  2011.7369          166.77            0.17
  2011.7397          167.35            0.17
  2011.7424          166.71            0.17
  2011.7452          166.47            0.17
  2011.7479          166.77            0.19
  2011.7507          168.02            0.21
  2011.7534          170.34            0.17
  2011.7561          170.99            0.17
  2011.7589          170.60            0.21
  2011.7616          170.48            0.23
  2011.7644          171.41            0.21
  2011.7671          171.38            0.19
  2011.7699          171.94            0.26
  2011.7726          170.79            0.23
  2011.7754          171.51            0.19
  2011.7781          172.12            0.23
  2011.7808          170.86            0.21
  2011.7836          171.72            0.20
  2011.7863          171.43            0.20
  2011.7891          170.89            0.25
  2011.7917          172.37            0.20
  2011.7946          173.62            0.18
  2011.7972          172.30            0.17
  2011.8000          172.98            0.19
  2011.8027          172.43            0.19
  2011.8054          173.83            0.24
  2011.8082          172.83            0.19
  2011.8109          175.77            0.22
  2011.8137          175.75            0.49
  2011.8164          174.53            0.24
  2011.8192          175.39            0.18
  2011.8219          175.72            0.18
  2011.8247          175.95            0.19
  2011.8274          176.49            0.20
  2011.8301          175.11            0.19
  2011.8329          175.83            0.19
  2011.8356          176.01            0.21
  2011.8384          176.56            0.19
  2011.8411          176.32            0.22
  2011.8439          175.89            0.24
  2011.8466          177.11            0.26
  2011.8494          177.33            0.21
  2011.8521          176.40            0.20
  2011.8547          177.73            0.22
  2011.8575          178.13            0.22
  2011.8602          177.07            0.22
  2011.8630          177.80            0.20
  2011.8657          178.33            0.22
  2011.8685          178.58            0.25
  2011.8712          178.97            0.21
  2011.8740          178.12            0.28
  2011.8767          177.67            0.22
  2011.8794          177.99            0.21
  2011.8822          175.84            0.18
  2011.8849          177.60            0.21
  2011.8877          180.16            0.21
  2011.8904          180.60            0.22
  2011.8932          179.44            0.21
  2011.8959          180.12            0.21
  2011.8987          180.62            0.24
  2011.9014          181.25            0.20
  2011.9041          180.78            0.19
  2011.9069          180.91            0.21
  2011.9095          180.87            0.22
  2011.9124          180.67            0.22
  2011.9150          182.18            0.22
  2011.9178          182.10            0.24
  2011.9205          182.21            0.29
  2011.9233          183.78            0.27
  2011.9260          182.33            0.22
  2011.9287          183.36            0.24
  2011.9315          183.10            0.23
  2011.9342          183.62            0.22
  2011.9370          183.72            0.23
  2011.9397          183.69            0.54
  2012.0520          193.63            0.20
  2012.0548          193.68            0.22
  2012.0630          193.64            0.19
  2012.0658          193.60            0.19
  2012.0685          193.77            0.23
  2012.0713          194.78            0.25
  2012.0740          194.05            0.23
  2012.0767          194.38            0.27
  2012.0795          196.33            0.22
  2012.0822          198.58            0.20
  2012.0850          196.70            0.18
  2012.0876          197.67            0.18
  2012.0905          196.60            0.22
  2012.0931          196.71            0.18
  2012.0959          196.36            0.20
  2012.0986          195.55            0.18
  2012.1013          197.63            0.20
  2012.1041          197.13            0.22
  2012.1068          197.16            0.17
  2012.1096          196.10            0.17
  2012.1123          196.46            0.18
  2012.1151          197.13            0.18
  2012.1178          197.86            0.20
  2012.1206          198.48            0.30
  2012.1233          196.17            0.19
  2012.1260          196.67            0.18
  2012.1288          197.76            0.18
  2012.1315          197.84            0.26
  2012.1343          196.94            0.24
  2012.1370          196.80            0.27
  2012.1398          196.75            0.23
  2012.1425          198.03            0.21
  2012.1453          197.86            0.22
  2012.1479          198.51            0.21
  2012.1506          197.99            0.21
  2012.1534          196.57            0.24
  2012.1561          197.84            0.23
  2012.1589          197.97            0.22
  2012.1616          197.71            0.24
  2012.1644          200.84            0.22
  2012.1671          199.97            0.23
  2012.1699          199.12            0.21
  2012.1726          200.35            0.23
  2012.1753          199.50            0.22
  2012.1781          199.26            0.26
  2012.1808          199.26            0.22
  2012.1836          203.71            0.25
  2012.1863          200.65            0.21
  2012.1891          200.61            0.21
  2012.1918          199.94            0.19
  2012.1946          197.76            0.23
  2012.1973          198.75            0.19
  2012.2000          199.40            0.23
  2012.2028          200.48            0.23
  2012.2054          199.36            0.21
  2012.2083          199.67            0.22
  2012.2109          199.86            0.24
  2012.2137          199.45            0.21
  2012.2164          199.47            0.22
  2012.2192          200.11            0.20
  2012.2219          199.62            0.21
  2012.2246          200.00            0.20
  2012.2274          200.39            0.20
  2012.2301          199.95            0.22
  2012.2329          199.74            0.21
  2012.2356          199.42            0.21
  2012.2384          200.58            0.21
  2012.2411          199.18            0.21
  2012.2439          199.75            0.21
  2012.2466          199.11            0.20
  2012.2493          199.41            0.18
  2012.2521          199.61            0.20
  2012.2548          200.07            0.22
  2012.2576          200.71            0.18
  2012.2603          200.66            0.23
  2012.2631          200.19            0.21
  2012.2657          199.95            0.19
  2012.2684          201.70            0.20
  2012.2712          201.60            0.22
  2012.2739          201.40            0.21
  2012.2767          202.79            0.21
  2012.2794          201.93            0.20
  2012.2822          203.91            0.20
  2012.2849          202.31            0.23
  2012.2877          203.65            0.20
  2012.2904          202.14            0.24
  2012.2931          202.23            0.19
  2012.2959          202.92            0.19
  2012.2986          202.62            0.21
  2012.3014          203.61            0.20
  2012.3041          203.68            0.20
  2012.3069          200.53            0.31
  2012.3096          203.59            0.18
  2012.3124          204.67            0.20
  2012.3151          206.43            0.20
  2012.3177          204.44            0.19
  2012.3206          203.91            0.19
  2012.3232          204.16            0.17
  2012.3260          204.50            0.19
  2012.3287          203.27            0.18
  2012.3315          203.86            0.20
  2012.3342          204.74            0.19
  2012.3370          202.96            0.20
  2012.3397          204.03            0.19
  2012.3424          204.31            0.18
  2012.3452          203.96            0.19
  2012.3479          205.20            0.21
  2012.3507          205.38            0.19
  2012.3534          205.91            0.18
  2012.3562          205.10            0.18
  2012.3589          205.05            0.20
  2012.3617          206.64            0.21
  2012.3644          205.79            0.18
  2012.3671          205.00            0.19
  2012.3699          205.01            0.19
  2012.3726          206.48            0.20
  2012.3754          205.55            0.21
  2012.3781          204.35            0.20
  2012.3809          205.16            0.20
  2012.3835          204.53            0.21
  2012.3864          204.48            0.19
  2012.3890          206.23            0.19
  2012.3917          206.31            0.19
  2012.3945          206.62            0.19
  2012.3972          206.34            0.19
  2012.4000          208.21            0.19
  2012.4027          208.64            0.20
  2012.4055          208.72            0.22
  2012.4110          207.16            0.20
  2012.4137          206.28            0.19
  2012.4164          207.18            0.19
  2012.4192          206.25            0.19
  2012.4219          206.16            0.20
  2012.4247          205.86            0.20
  2012.4274          206.65            0.20
  2012.4302          206.54            0.19
  2012.4329          205.66            0.19
  2012.4357          206.50            0.18
  2012.4384          207.35            0.18
  2012.4410          207.15            0.21
  2012.4438          207.08            0.18
  2012.4465          207.02            0.20
  2012.4493          207.98            0.10
  2012.4520          206.78            0.21
  2012.4548          205.36            0.19
  2012.4575          205.65            0.19
  2012.4603          207.38            0.19
  2012.4630          207.01            0.20
  2012.4657          206.72            0.19
  2012.4685          206.33            0.20
  2012.4712          205.88            0.21
  2012.4740          205.48            0.18
  2012.4767          206.86            0.19
  2012.4795          206.64            0.18
  2012.4822          206.78            0.19
  2012.4850          205.88            0.18
  2012.4877          206.90            0.19
  2012.4904          207.26            0.19
  2012.4932          207.75            0.19
  2012.4958          206.91            0.20
  2012.4987          207.63            0.20
  2012.5013          206.17            0.20
  2012.5042          204.81            0.18
  2012.5068          205.20            0.19
  2012.5096          204.81            0.19
  2012.5123          206.61            0.21
  2012.5150          206.60            0.19
  2012.5178          206.91            0.19
  2012.5205          207.32            0.19
  2012.5233          206.73            0.20
  2012.5260          207.03            0.19
  2012.5288          207.85            0.19
  2012.5315          207.69            0.18
  2012.5343          207.50            0.18
  2012.5370          208.26            0.17
  2012.5397          208.90            0.18
  2012.5425          208.05            0.20
  2012.5452          209.48            0.19
  2012.5480          207.29            0.19
  2012.5507          209.69            0.21
  2012.5535          209.91            0.19
  2012.5562          210.09            0.19
  2012.5590          208.55            0.18
  2012.5616          209.12            0.19
  2012.5643          208.92            0.18
  2012.5671          209.03            0.19
  2012.5698          209.08            0.18
  2012.5726          209.16            0.19
  2012.5753          209.23            0.19
  2012.5781          210.47            0.19
  2012.5808          210.04            0.19
  2012.5836          210.47            0.19
  2012.5863          210.42            0.20
  2012.5890          210.06            0.20
  2012.5918          210.13            0.19
  2012.5945          211.52            0.18
  2012.5973          210.98            0.30
  2012.6000          210.32            0.19
  2012.6028          210.89            0.20
  2012.6055          210.37            0.20
  2012.6083          211.70            0.20
  2012.6110          210.74            0.19
  2012.6136          211.58            0.20
  2012.6165          212.06            0.20
  2012.6191          213.24            0.20
  2012.6219          212.93            0.21
  2012.6246          212.75            0.21
  2012.6274          212.09            0.20
  2012.6301          212.47            0.21
  2012.6329          213.00            0.20
  2012.6356          213.46            0.20
  2012.6383          213.22            0.19
  2012.6411          213.44            0.20
  2012.6438          214.27            0.20
  2012.6466          213.81            0.20
  2012.6493          213.43            0.19
  2012.6521          213.41            0.20
  2012.6548          213.62            0.19
  2012.6576          213.94            0.19
  2012.6603          214.42            0.19
  2012.6630          214.73            0.20
  2012.6658          214.11            0.19
  2012.6685          214.05            0.19
  2012.6713          214.19            0.20
  2012.6740          214.40            0.20
  2012.6768          212.49            0.19
  2012.6794          215.09            0.19
  2012.6823          214.67            0.22
  2012.6849          213.52            0.21
  2012.6876          214.41            0.22
  2012.6904          213.49            0.19
  2012.6931          214.94            0.19
  2012.6959          215.37            0.20
  2012.6986          215.33            0.21
  2012.7014          215.61            0.20
  2012.7041          215.88            0.22
  2012.7069          215.56            0.19
  2012.7096          215.87            0.20
  2012.7123          216.50            0.21
  2012.7151          216.09            0.21
  2012.7178          216.21            0.21
  2012.7206          215.51            0.20
  2012.7233          217.28            0.21
  2012.7261          216.12            0.21
  2012.7288          217.46            0.20
  2012.7316          217.49            0.20
  2012.7343          217.94            0.23
  2012.7369          219.50            0.20
  2012.7397          219.62            0.22
  2012.7424          220.10            0.22
  2012.7452          219.35            0.22
  2012.7479          219.20            0.22
  2012.7507          219.50            0.23
  2012.7534          219.05            0.28
  2012.7561          219.33            0.22
  2012.7589          220.25            0.23
  2012.7616          219.14            0.22
  2012.7644          219.26            0.22
  2012.7671          219.44            0.23
  2012.7699          219.86            0.23
  2012.7726          220.86            0.22
  2012.7754          221.88            0.24
  2012.7781          220.89            0.20
  2012.7808          220.96            0.21
  2012.7836          220.58            0.21
  2012.7863          221.11            0.20
  2012.7891          219.58            0.23
  2012.7917          220.22            0.23
  2012.7946          221.12            0.24
  2012.7972          220.94            0.23
  2012.8000          220.51            0.21
  2012.8027          221.15            0.24
  2012.8054          220.56            0.26
  2012.8082          224.56            0.27
  2012.8109          222.37            0.23
  2012.8137          223.37            0.25
  2012.8164          223.06            0.23
  2012.8192          223.18            0.23
  2012.8219          223.31            0.27
  2012.8247          223.82            0.25
  2012.8274          222.44            0.25
  2012.8301          223.57            0.28
  2012.8329          223.82            0.23
  2012.8356          223.67            0.22
  2012.8384          223.96            0.21
  2012.8411          224.43            0.21
  2012.8439          225.73            0.26
  2012.8466          226.41            0.22
  2012.8494          226.39            0.23
  2012.8521          226.66            0.23
  2012.8547          225.71            0.23
  2012.8575          225.73            0.23
  2012.8602          226.42            0.24
  2012.8630          226.09            0.26
  2012.8657          226.06            0.24
  2012.8685          226.80            0.23
  2012.8712          225.83            0.20
  2012.8740          227.36            0.25
  2012.8767          228.17            0.24
  2012.8794          227.09            0.22
  2012.8822          226.28            0.22
  2012.8849          226.17            0.22
  2012.8877          227.91            0.21
  2012.8904          227.53            0.21
  2012.8932          229.13            0.23
  2012.8959          228.49            0.23
  2012.8987          228.25            0.25
  2012.9014          228.36            0.22
  2012.9041          228.92            0.93
  2012.9069          231.36            0.22
  2012.9095          231.25            0.21
  2012.9124          231.40            0.24
  2012.9150          231.35            0.31
  2012.9178          231.12            0.22
  2012.9205          231.50            0.22
  2012.9233          232.73            0.35
  2012.9260          231.13            0.24
  2012.9287          233.20            0.24
  2012.9315          232.67            0.22
  2012.9342          232.97            0.26
  2012.9370          232.16            0.24
  2012.9397          231.81            0.22
  2012.9425          233.10            0.22
  2012.9452          233.48            0.24
  2012.9480          232.45            0.22
  2012.9507          233.27            0.22
  2012.9534          233.41            0.21
  2012.9562          233.22            0.23
  2012.9589          234.21            0.22
  2012.9617          233.70            0.23
  2012.9644          235.07            0.21
  2012.9672          236.65            0.27
  2012.9698          234.98            0.26
  2012.9727          233.28            0.25
  2012.9753          233.70            0.23
  2012.9780          234.76            0.25
  2012.9808          234.15            0.22
  2012.9835          232.06            0.28
  2012.9863          233.98            0.24
  2012.9890          235.68            0.23
  2013.0027          234.80            0.18
  2013.0055          234.79            0.18
  2013.0082          234.48            0.20
  2013.0110          235.47            0.19
  2013.0137          234.75            0.22
  2013.0165          236.87            0.20
  2013.0192          236.84            0.24
  2013.0220          236.73            0.19
  2013.0247          238.26            0.24
  2013.0273          237.99            0.21
  2013.0302          238.52            0.22
  2013.0328          237.14            0.20
  2013.0356          238.49            0.20
  2013.0383          237.81            0.19
  2013.0411          238.58            0.20
  2013.0438          238.82            0.22
  2013.0466          237.65            0.23
  2013.0493          238.11            0.20
  2013.0520          237.83            0.19
  2013.0548          239.01            0.19
  2013.0575          240.69            0.21
  2013.0603          241.20            0.23
  2013.0630          241.16            0.23
  2013.0658          240.46            0.22
  2013.0685          241.77            0.23
  2013.0713          241.55            0.19
  2013.0740          239.94            0.19
  2013.0767          239.76            0.21
  2013.0795          240.18            0.19
  2013.0822          239.98            0.20
  2013.0850          240.57            0.21
  2013.0876          240.20            0.22
  2013.0905          239.32            0.21
  2013.0931          240.35            0.19
  2013.0959          241.76            0.19
  2013.0986          241.70            0.22
  2013.1013          241.12            0.23
  2013.1041          242.30            0.20
  2013.1068          241.93            0.21
  2013.1096          241.62            0.20
  2013.1123          241.54            0.23
  2013.1151          242.34            0.22
  2013.1178          240.88            0.22
  2013.1206          243.39            0.20
  2013.1233          242.69            0.22
  2013.1260          243.14            0.20
  2013.1288          241.89            0.24
  2013.1315          242.88            0.21
  2013.1343          242.85            0.18
  2013.1370          244.30            0.18
  2013.1398          245.92            0.21
  2013.1425          246.02            0.24
  2013.1453          245.52            0.21
  2013.1479          245.16            0.20
  2013.1506          242.91            0.19
  2013.1534          244.52            0.19
  2013.1561          243.79            0.20
  2013.1589          243.76            0.19
  2013.1616          244.04            0.20
  2013.1644          243.54            0.20
  2013.1671          244.01            0.19
  2013.1699          243.20            0.18
  2013.1726          243.18            0.19
  2013.1753          243.27            0.23
  2013.1781          243.33            0.20
  2013.1808          244.06            0.22
  2013.1863          242.94            0.21
  2013.1918          242.93            0.21
  2013.2000          243.67            0.18
  2013.2028          242.14            0.19
  2013.2054          241.80            0.21
  2013.2083          245.35            0.19
  2013.2109          244.08            0.18
  2013.2164          242.53            0.22
  2013.2192          244.75            0.19
  2013.2219          244.99            0.18
  2013.2246          244.36            0.20
  2013.2274          244.76            0.21
  2013.2301          245.19            0.21
  2013.2329          244.94            0.22
  2013.2356          245.57            0.19
  2013.2384          244.85            0.18
  2013.2411          246.68            0.23
  2013.2439          245.63            0.20
  2013.2466          245.70            0.20
  2013.2493          244.71            0.20
  2013.2548          245.26            0.21
  2013.2576          246.72            0.19
  2013.2603          245.85            0.22
  2013.2684          245.90            0.22
  2013.2712          245.31            0.24
  2013.2794          246.18            0.21
  2013.2822          246.67            0.19
  2013.2849          248.46            0.19
  2013.2877          247.75            0.20
  2013.2904          248.31            0.19
  2013.2931          248.24            0.19
  2013.2959          247.99            0.20
  2013.2986          248.08            0.20
  2013.3014          248.01            0.20
  2013.3041          247.02            0.19
  2013.3069          246.31            0.20
  2013.3096          247.88            0.21
  2013.3124          247.51            0.20
  2013.3151          247.92            0.19
  2013.3177          245.98            0.20
  2013.3206          247.41            0.19
  2013.3232          248.66            0.20
  2013.3260          246.99            0.19
  2013.3287          247.10            0.18
  2013.3315          248.90            0.20
  2013.3342          247.13            0.20
  2013.3370          248.27            0.22
  2013.3397          248.74            0.20
  2013.3424          248.40            0.19
  2013.3452          246.67            0.20
  2013.3479          250.18            0.20
  2013.3562          248.12            0.22
  2013.3589          248.82            0.19
  2013.3617          250.67            0.36
  2013.3644          250.81            0.19
  2013.3671          250.72            0.20
  2013.3699          251.20            0.18
  2013.3726          251.08            0.18
  2013.3754          251.10            0.18
  2013.3781          250.08            0.19
  2013.3809          251.00            0.30
  2013.3835          252.58            0.19
  2013.3864          252.75            0.17
  2013.3890          252.40            0.18
  2013.3917          251.96            0.18
  2013.3945          253.02            0.17
  2013.4000          254.14            0.19
  2013.4027          252.68            0.20
  2013.4055          254.40            0.21
  2013.4082          253.60            0.18
  2013.4110          253.55            0.18
  2013.4137          256.12            0.21
  2013.4164          254.14            0.20
  2013.4192          254.44            0.19
  2013.4219          254.09            0.18
  2013.4247          254.68            0.19
  2013.4274          253.50            0.20
  2013.4302          254.49            0.18
  2013.4329          254.30            0.20
  2013.4357          254.87            0.19
  2013.4384          254.61            0.19
  2013.4410          255.57            0.18
  2013.4438          255.07            0.18
  2013.4465          255.43            0.19
  2013.4493          255.17            0.18
  2013.4520          255.41            0.19
  2013.4548          256.01            0.20
  2013.4575          255.54            0.18
  2013.4603          255.15            0.19
  2013.4630          256.16            0.18
  2013.4657          254.89            0.17
  2013.4685          255.62            0.18
  2013.4712          255.83            0.19
  2013.4740          256.40            0.17
  2013.4767          256.04            0.18
  2013.4795          256.61            0.18
  2013.4822          255.92            0.18
  2013.4850          256.48            0.19
  2013.4877          257.09            0.20
  2013.4904          257.53            0.20
  2013.4932          256.54            0.21
  2013.4958          256.24            0.18
  2013.4987          255.51            0.17
  2013.5013          256.26            0.18
  2013.5042          255.51            0.19
  2013.5068          255.50            0.19
  2013.5096          255.65            0.18
  2013.5123          255.70            0.17
  2013.5150          255.53            0.17
  2013.5178          255.20            0.18
  2013.5205          255.26            0.19
  2013.5233          255.61            0.18
  2013.5260          255.26            0.18
  2013.5288          256.00            0.18
  2013.5315          256.02            0.19
  2013.5343          256.70            0.18
  2013.5370          255.71            0.19
  2013.5397          256.54            0.17
  2013.5425          257.21            0.19
  2013.5452          257.13            0.18
  2013.5480          257.61            0.18
  2013.5507          257.86            0.17
  2013.5535          257.73            0.18
  2013.5562          258.07            0.18
  2013.5590          258.34            0.17
  2013.5616          258.39            0.17
  2013.5643          259.18            0.18
  2013.5671          257.66            0.19
  2013.5698          258.87            0.18
  2013.5726          258.75            0.17
  2013.5753          258.32            0.17
  2013.5781          258.49            0.17
  2013.5808          258.85            0.17
  2013.5836          258.39            0.17
  2013.5863          258.93            0.17
  2013.5890          258.67            0.18
  2013.5918          259.14            0.19
  2013.5945          259.53            0.18
  2013.5973          259.60            0.19
  2013.6000          257.45            0.21
  2013.6028          259.33            0.18
  2013.6055          258.97            0.18
  2013.6083          259.55            0.18
  2013.6110          259.97            0.18
  2013.6136          258.96            0.19
  2013.6165          257.93            0.18
  2013.6191          258.82            0.17
  2013.6219          258.52            0.18
  2013.6246          259.07            0.18
  2013.6274          259.68            0.17
  2013.6301          259.06            0.17
  2013.6329          259.62            0.18
  2013.6356          259.05            0.18
  2013.6383          258.90            0.17
  2013.6411          259.53            0.21
  2013.6438          259.55            0.18
  2013.6466          259.24            0.18
  2013.6493          260.23            0.18
  2013.6521          260.46            0.18
  2013.6548          260.73            0.18
  2013.6576          260.43            0.18
  2013.6603          261.30            0.22
  2013.6630          260.75            0.18
  2013.6658          261.66            0.19
  2013.6685          260.65            0.18
  2013.6713          260.79            0.19
  2013.6740          261.32            0.20
  2013.6768          262.76            0.26
  2013.6794          262.43            0.20
  2013.6823          262.84            0.21
  2013.6849          263.28            0.21
  2013.6876          262.74            0.21
  2013.6904          262.44            0.21
  2013.6931          263.45            0.20
  2013.6959          262.57            0.24
  2013.6986          261.44            0.21
  2013.7014          262.14            0.19
  2013.7041          264.07            0.20
  2013.7069          264.08            0.20
  2013.7096          264.77            0.20
  2013.7123          264.70            0.19
  2013.7151          264.95            0.19
  2013.7178          264.03            0.20
  2013.7206          263.99            0.20
  2013.7233          263.98            0.20
  2013.7261          264.14            0.19
  2013.7288          264.23            0.21
  2013.7316          265.09            0.19
  2013.7343          265.00            0.18
  2013.7369          265.38            0.24
  2013.7397          264.74            0.21
  2013.7424          264.80            0.20
  2013.7561          266.40            0.19
  2013.7589          266.68            0.20
  2013.7616          268.73            0.21
  2013.7644          268.04            0.20
  2013.7671          268.59            0.22
  2013.7699          267.83            0.20
  2013.7726          268.38            0.20
  2013.7754          266.96            0.22
  2013.7781          268.24            0.23
  2013.7808          267.25            0.23
  2013.7836          267.66            0.22
  2013.7863          267.14            0.22
  2013.7891          267.30            0.21
  2013.7917          267.38            0.20
  2013.7946          267.27            0.22
  2013.7972          268.16            0.21
  2013.8000          268.19            0.23
  2013.8027          267.58            0.24
  2013.8054          267.59            0.23
  2013.8082          268.75            0.20
  2013.8109          268.92            0.20
  2013.8137          266.68            1.04
  2013.8164          269.69            0.21
  2013.8192          269.57            0.19
  2013.8219          270.68            0.20
  2013.8247          270.53            0.21
  2013.8274          270.27            0.23
  2013.8301          270.40            0.21
  2013.8329          270.71            0.21
  2013.8356          270.46            0.21
  2013.8384          269.39            0.19
  2013.8411          272.79            0.19
  2013.8439          272.02            0.18
  2013.8466          272.57            0.18
  2013.8494          272.80            0.21
  2013.8521          272.95            0.19
  2013.8547          272.40            0.21
  2013.8575          272.71            0.22
  2013.8602          271.99            0.23
  2013.8630          273.11            0.21
  2013.8657          273.77            0.22
  2013.8685          273.34            0.22
  2013.8712          273.89            0.22
  2013.8740          272.59            0.20
  2013.8767          273.75            0.20
  2013.8794          274.37            0.20
  2013.8822          274.01            0.21
  2013.8849          274.32            0.20
  2013.8877          274.27            0.20
  2013.8904          274.92            0.21
  2013.8932          276.11            0.22
  2013.8959          276.25            0.21
  2013.8987          275.26            0.23
  2013.9014          275.54            0.22
  2013.9041          276.35            0.20
  2013.9069          275.85            0.41
  2013.9095          276.50            0.42
  2013.9124          276.10            0.20
  2013.9150          277.63            0.20
  2013.9178          278.31            0.20
  2013.9205          277.71            0.21
  2013.9233          269.93            0.25
  2013.9260          277.72            0.20
  2013.9287          277.09            0.20
  2013.9315          278.37            0.21
  2013.9342          278.50            0.20
  2013.9370          279.91            0.23
  2013.9397          278.48            0.22
  2013.9425          279.79            0.21
  2013.9452          279.01            0.22
  2013.9480          279.99            0.22
  2013.9507          280.29            0.20
  2013.9534          279.90            0.25
  2013.9562          280.78            0.21
  2013.9589          278.18            0.24
  2013.9617          279.15            0.21
  2013.9644          278.54            0.22
  2013.9672          279.99            0.20
  2013.9698          279.20            0.21
  2013.9727          280.23            0.21
  2013.9753          280.90            0.20
  2013.9780          281.26            0.20
  2013.9808          281.43            0.20
  2013.9835          281.43            0.21
  2013.9863          281.96            0.23
  2014.0027          281.30            0.15
  2014.0055          281.00            0.18
  2014.0082          282.17            0.14
  2014.0110          283.67            0.16
  2014.0137          282.12            0.13
  2014.0165          283.92            0.14
  2014.0192          283.58            0.15
  2014.0220          283.38            0.14
  2014.0247          284.74            0.14
  2014.0273          284.58            0.17
  2014.0302          282.70            0.15
  2014.0328          283.89            0.17
  2014.0356          284.14            0.14
  2014.0383          284.03            0.25
  2014.0411          283.38            0.15
  2014.0438          284.99            0.16
  2014.0466          284.31            0.15
  2014.0493          283.86            0.15
  2014.0548          284.68            0.13
  2014.0575          283.88            0.17
  2014.0603          285.62            0.15
  2014.0630          286.05            0.27
  2014.0658          284.53            0.15
  2014.0685          285.02            0.18
  2014.0713          286.16            0.13
  2014.0740          286.05            0.15
  2014.0767          286.60            0.18
  2014.0795          285.72            0.15
  2014.0822          285.08            0.27
  2014.0850          287.11            0.25
  2014.0876          285.20            0.16
  2014.0905          285.24            0.15
  2014.0931          286.69            0.21
  2014.0959          285.92            0.22
  2014.0986          286.96            0.15
  2014.1013          287.49            0.17
  2014.1041          286.61            0.16
  2014.1068          286.17            0.13
  2014.1096          287.12            0.14
  2014.1123          286.04            0.14
  2014.1151          287.36            0.15
  2014.1178          287.45            0.15
  2014.1206          287.66            0.20
  2014.1233          286.70            0.15
  2014.1260          288.71            0.21
  2014.1288          288.10            0.22
  2014.1315          287.47            0.24
  2014.1343          287.18            0.14
  2014.1370          287.57            0.26
  2014.1398          286.86            0.24
  2014.1425          288.99            0.25
  2014.1453          287.46            0.15
  2014.1479          287.49            0.12
  2014.1506          287.76            0.12
  2014.1534          288.10            0.16
  2014.1561          289.88            0.16
  2014.1589          289.98            0.15
  2014.1616          287.89            0.13
  2014.1644          289.81            0.13
  2014.1671          288.12            0.17
  2014.1699          293.10            0.44
  2014.1726          287.72            0.19
  2014.1753          286.19            0.16
  2014.1781          285.62            0.18
  2014.1808          288.79            0.22
  2014.1836          289.86            0.19
  2014.1863          287.80            0.15
  2014.1891          290.24            0.15
  2014.1918          287.65            0.18
  2014.1946          287.99            0.17
  2014.1973          289.13            0.17
  2014.2000          287.91            0.14
  2014.2028          289.85            0.13
  2014.2054          286.07            0.13
  2014.2083          288.34            0.18
  2014.2109          287.31            0.16
  2014.2137          288.29            0.16
  2014.2164          286.29            0.17
  2014.2192          288.92            0.15
  2014.2219          288.44            0.15
  2014.2246          289.75            0.14
  2014.2274          288.45            0.15
  2014.2301          288.92            0.17
  2014.2329          289.27            0.15
  2014.2356          289.71            0.15
  2014.2384          290.15            0.16
  2014.2411          290.08            0.15
  2014.2439          287.10            0.20
  2014.2466          288.59            0.19
  2014.2493          291.01            0.15
  2014.2521          289.97            0.14
  2014.2548          290.47            0.15
  2014.2576          290.10            0.14
  2014.2603          290.88            0.14
  2014.2631          289.90            0.13
  2014.2657          291.60            0.12
  2014.2684          290.73            0.15
  2014.2712          291.68            0.14
  2014.2739          290.76            0.15
  2014.2767          291.75            0.15
  2014.2794          289.32            0.15
  2014.2822          290.45            0.12
  2014.2849          289.65            0.11
  2014.2877          291.63            0.13
  2014.2904          290.44            0.12
  2014.2931          289.68            0.14
  2014.2959          290.48            0.11
  2014.2986          289.84            0.12
  2014.3014          292.02            0.13
  2014.3041          291.72            0.13
  2014.3069          289.57            0.11
  2014.3096          291.83            0.14
  2014.3124          289.48            0.13
  2014.3151          290.74            0.12
  2014.3177          290.63            0.10
  2014.3206          293.10            0.10
  2014.3232          293.81            0.12
  2014.3260          293.80            0.12
  2014.3287          293.82            0.13
  2014.3315          292.48            0.12
  2014.3342          292.47            0.12
  2014.3370          293.56            0.11
  2014.3397          292.50            0.11
  2014.3424          292.82            0.12
  2014.3452          294.93            0.12
  2014.3479          294.75            0.12
  2014.3507          293.98            0.12
  2014.3534          292.00            0.11
  2014.3562          293.15            0.13
  2014.3589          295.24            0.11
  2014.3617          295.56            0.12
  2014.3644          294.20            0.12
  2014.3671          296.77            0.14
  2014.3699          295.95            0.13
  2014.3726          293.55            0.11
  2014.3754          294.14            0.09
  2014.3781          294.03            0.12
  2014.3809          294.59            0.10
  2014.3835          295.08            0.12
  2014.3864          295.51            0.13
  2014.3890          296.22            0.13
  2014.3917          296.53            0.14
  2014.3945          295.15            0.11
  2014.3972          296.18            0.10
  2014.4000          295.88            0.11
  2014.4027          295.98            0.12
  2014.4055          297.59            0.12
  2014.4082          296.65            0.12
  2014.4110          296.07            0.10
  2014.4137          297.90            0.13
  2014.4164          296.99            0.11
  2014.4192          296.88            0.12
  2014.4219          296.26            0.12
  2014.4247          297.44            0.12
  2014.4274          295.96            0.12
  2014.4302          297.57            0.12
  2014.4329          297.66            0.11
  2014.4357          296.92            0.12
  2014.4384          296.13            0.11
  2014.4410          297.60            0.11
  2014.4438          296.42            0.14
  2014.4465          297.91            0.19
  2014.4493          296.70            0.12
  2014.4520          299.01            0.13
  2014.4548          295.69            0.11
  2014.4575          294.17            0.12
  2014.4603          292.88            0.10
  2014.4630          295.40            0.12
  2014.4657          296.07            0.12
  2014.4685          296.29            0.14
  2014.4712          296.09            0.14
  2014.4740          296.81            0.14
