  2009.0027            0.00            1.49
  2009.0055           -1.19            1.46
  2009.0082           -0.84            1.51
  2009.0110            0.48            1.47
  2009.0165           -0.25            1.52
  2009.0192           -0.92            1.44
  2009.0328          -41.64            4.95
  2009.0356           -1.48            1.41
  2009.0383            1.32            1.51
  2009.0438            1.88            1.49
  2009.0466            0.04            1.45
  2009.0493           -2.80            1.43
  2009.0520           -1.30            1.42
  2009.0548           -2.17            1.44
  2009.0575           -1.15            1.39
  2009.0603            0.26            1.46
  2009.0630           -1.48            1.43
  2009.0876           -2.38            1.38
  2009.0905           -1.75            1.35
  2009.1096            0.53            1.58
  2009.1123            0.05            1.53
  2009.1151           -0.70            1.48
  2009.1178           -0.68            1.46
  2009.1206           -1.37            1.42
  2009.1233           -0.59            1.42
  2009.1260           -1.45            1.45
  2009.1315            2.14            1.81
  2009.1343           -0.35            1.40
  2009.1370           -1.10            1.51
  2009.1398           -0.06            1.43
  2009.1425           -0.48            1.46
  2009.1453           -4.22            1.44
  2009.1479           -2.00            1.44
  2009.1506           -1.36            1.39
  2009.1534           -2.32            1.42
  2009.1561            1.08            1.40
  2009.1589           -3.62            1.48
  2009.1616           -1.33            1.51
  2009.1699           -5.10            1.48
  2009.1726           -2.52            1.46
  2009.1753           -1.91            1.38
  2009.1781           -2.81            1.34
  2009.1836           -2.25            1.42
  2009.1863           -2.34            1.40
  2009.1891           -2.74            1.38
  2009.1918           -1.97            1.46
  2009.1946           -3.59            1.41
  2009.1973           -4.06            1.44
  2009.2000           -2.50            1.42
  2009.2028           -2.81            1.34
  2009.2054           -3.01            1.59
  2009.2083           -1.62            1.36
  2009.2109           -3.49            1.47
  2009.2137           -0.32            1.39
  2009.2164           -0.64            1.35
  2009.2192           -0.51            1.36
  2009.2219           -0.69            1.45
  2009.2246           -1.47            1.56
  2009.2274           -2.24            1.58
  2009.2329           -0.81            1.34
  2009.2356           -0.99            1.35
  2009.2384           -1.52            1.61
  2009.3069            3.46            1.68
  2009.3096            0.44            1.62
  2009.3124           -0.82            1.61
  2009.3206            0.59            1.78
  2009.3232            2.45            1.86
  2009.3260            1.44            1.70
  2009.3315            1.24            1.65
  2009.3342            1.13            1.70
  2009.3370            1.27            1.55
  2009.3397           -1.04            1.51
  2009.3424           -0.74            1.55
  2009.3452           -0.68            1.68
  2009.3479           -0.80            1.70
  2009.3507            0.39            1.58
  2009.3534           -1.85            1.54
  2009.3562            0.67            1.52
  2009.3589            0.51            1.62
  2009.3617           -1.51            1.75
  2009.3644           -0.13            1.67
  2009.3671           -0.51            1.60
  2009.3699            0.07            1.65
  2009.3726            0.80            1.41
  2009.4164           -1.43            1.61
  2009.4192           -1.86            1.58
  2009.4219           -0.23            1.43
  2009.4247            0.08            1.56
  2009.4274            1.10            1.25
  2009.4302            1.18            1.49
  2009.4329            0.40            1.58
  2009.4357            1.96            1.59
  2009.4384            1.99            1.57
  2009.4410            1.19            1.53
  2009.4438            1.21            1.66
  2009.5013           -0.22            1.18
  2009.5068           -0.11            1.28
  2009.5096            0.33            1.26
  2009.5123            0.35            1.27
  2009.5150            1.08            1.21
  2009.5178            0.51            1.25
  2009.5205           -0.35            1.19
  2009.5233           -0.57            1.23
  2009.5260           -0.33            1.24
  2009.5288           -0.06            1.29
  2009.5315           -0.34            1.27
  2009.5343           -1.42            1.36
  2009.5535           -0.19            1.32
  2009.5562           -0.56            1.20
  2009.5590            0.13            1.13
  2009.5616           -1.21            1.20
  2009.5643           -0.78            1.17
  2009.5671            0.87            1.27
  2009.5698           -0.37            1.38
  2009.5726            0.92            1.25
  2009.5753           -0.90            1.37
  2009.5781           -1.05            1.18
  2009.5808           -0.89            1.23
  2009.5836           -1.09            1.16
  2009.5863           -0.28            1.15
  2009.5890           -0.31            1.19
  2009.6110           -0.93            2.22
  2009.6136            1.70            1.59
  2009.6165            0.90            2.46
  2009.6191            0.63            1.43
  2009.6274           -0.22            1.40
  2009.6329           -1.13            1.35
  2009.6356           -0.40            1.28
  2009.6383           -0.73            1.37
  2009.6411           -1.38            1.33
  2009.6438           -1.60            1.35
  2009.6521           -1.72            1.46
  2009.6548           -1.33            1.37
  2009.6576           -1.43            1.33
  2009.6603           -0.80            1.33
  2009.6630           -0.14            1.40
  2009.6658            0.56            1.41
