  2009.0027            0.00            0.35
  2009.0055           -1.67            0.38
  2009.0082           -0.98            0.35
  2009.0110           -1.65            0.34
  2009.0165           -1.35            0.37
  2009.0192           -1.40            0.36
  2009.0328           38.69            0.41
  2009.0356            0.02            0.38
  2009.0383           -3.54            0.36
  2009.0438           -3.81            0.36
  2009.0466           -0.96            0.34
  2009.0493           -0.93            0.35
  2009.0520           -0.03            0.33
  2009.0548            0.94            0.32
  2009.0575           -0.93            0.34
  2009.0603           -0.12            0.35
  2009.0630           -2.71            0.34
  2009.0876            1.12            0.40
  2009.0905            3.00            0.37
  2009.1096            0.82            0.38
  2009.1123            0.25            0.37
  2009.1151           -1.26            0.36
  2009.1178           -1.21            0.35
  2009.1206            1.90            0.35
  2009.1233            2.31            0.36
  2009.1260            2.70            0.36
  2009.1315            5.54            0.52
  2009.1343            1.73            0.36
  2009.1370            1.63            0.36
  2009.1398            1.51            0.37
  2009.1425            3.29            0.36
  2009.1453            2.88            0.34
  2009.1479            3.10            0.35
  2009.1506            2.24            0.39
  2009.1534            3.67            0.35
  2009.1561            3.26            0.38
  2009.1589            3.42            0.34
  2009.1616            3.91            0.38
  2009.1699            1.07            0.38
  2009.1726            3.25            0.38
  2009.1753            1.29            0.34
  2009.1781            4.13            0.39
  2009.1836            2.10            0.37
  2009.1863            3.19            0.36
  2009.1891            5.53            0.36
  2009.1918            3.14            0.37
  2009.1946            3.13            0.36
  2009.1973            0.32            0.36
  2009.2000            4.93            0.37
  2009.2028            8.85            0.34
  2009.2054            7.46            0.40
  2009.2083            7.87            0.33
  2009.2109            7.13            0.35
  2009.2137            6.83            0.34
  2009.2164            7.19            0.33
  2009.2192            3.68            0.32
  2009.2219           -0.99            0.36
  2009.2246            3.77            0.39
  2009.2274            3.24            0.39
  2009.2329            4.39            0.38
  2009.2356            0.68            0.38
  2009.2384           -0.99            0.49
  2009.3069            1.02            0.57
  2009.3096            3.52            0.57
  2009.3124            6.74            0.53
  2009.3206            3.42            0.59
  2009.3232            5.67            0.65
  2009.3260            4.25            0.59
  2009.3315            3.97            0.57
  2009.3342            2.91            0.58
  2009.3370            2.14            0.55
  2009.3397            4.34            0.52
  2009.3424            3.51            0.51
  2009.3452            3.45            0.57
  2009.3479            4.99            0.47
  2009.3507            2.91            0.55
  2009.3534            3.40            0.54
  2009.3562            2.06            0.55
  2009.3589            3.42            0.56
  2009.3617            3.06            0.67
  2009.3644            1.30            0.54
  2009.3671            2.70            0.58
  2009.3699            1.12            0.56
  2009.3726           -0.42            0.50
  2009.4164            5.25            0.56
  2009.4192            4.52            0.55
  2009.4219            2.54            0.56
  2009.4247            3.96            0.56
  2009.4274            3.98            0.47
  2009.4302            4.46            0.50
  2009.4329            0.11            0.44
  2009.4357            3.11            0.52
  2009.4384            2.72            0.53
  2009.4410            3.69            0.52
  2009.4438            2.87            0.56
  2009.5013            2.08            0.44
  2009.5068           -0.97            0.35
  2009.5096            0.19            0.43
  2009.5123            1.94            0.44
  2009.5150            2.18            0.42
  2009.5178            4.03            0.43
  2009.5205           -0.36            0.42
  2009.5233            2.48            0.43
  2009.5260            0.15            0.41
  2009.5288           -0.29            0.47
  2009.5315            2.29            0.43
  2009.5343            3.43            0.46
  2009.5535            1.41            0.45
  2009.5562            1.48            0.42
  2009.5590            4.06            0.41
  2009.5616            2.26            0.42
  2009.5643            1.51            0.41
  2009.5671            1.43            0.32
  2009.5698            5.03            0.32
  2009.5726            3.51            0.44
  2009.5753            5.59            0.48
  2009.5781            4.32            0.44
  2009.5808            3.66            0.47
  2009.5836            0.97            0.42
  2009.5863            3.71            0.42
  2009.5890            1.48            0.43
  2009.6110            4.02            0.76
  2009.6136            6.19            0.60
  2009.6165            1.78            0.78
  2009.6191            2.60            0.43
  2009.6274            3.58            0.44
  2009.6329            5.06            0.40
  2009.6356            1.74            0.39
  2009.6383            1.19            0.34
  2009.6411            0.12            0.38
  2009.6438            2.07            0.42
  2009.6521            5.36            0.43
  2009.6548            3.19            0.41
  2009.6576            3.59            0.42
  2009.6603            2.92            0.41
  2009.6630            0.49            0.39
  2009.6658            4.53            0.46
