  2012.1260            0.00            2.02
  2012.1288            2.99            1.18
  2012.1315            8.34            1.26
  2012.1343            4.50            1.25
  2012.1370            6.31            1.26
  2012.1398            6.06            1.19
  2012.1425            4.02            1.07
  2012.1453            4.33            1.15
  2012.1479            5.83            1.16
  2012.1506            3.95            1.14
  2012.1534            3.83            1.13
  2012.1561            3.05            1.15
  2012.1589            3.42            1.25
  2012.1616            3.62            1.17
  2012.1644            3.77            1.18
  2012.1671            3.57            1.11
  2012.1699            4.95            1.05
  2012.1726            4.63            1.12
  2012.1753            6.06            1.18
  2012.1781            6.87            1.21
  2012.1808            6.19            1.08
  2012.1836            4.96            1.28
  2012.1863            6.04            1.12
  2012.1891            5.73            1.09
  2012.1918            5.39            1.17
  2012.1946            7.70            1.22
  2012.1973            4.09            1.15
  2012.2000            6.66            1.14
  2012.2028           11.18            1.18
  2012.2054            4.73            1.12
  2012.2083            6.67            1.06
  2012.2109            6.52            1.20
  2012.2137            6.67            1.10
  2012.2164            3.59            1.83
  2012.2192            7.37            1.13
  2012.2219            8.63            1.17
  2012.2246           10.74            1.11
  2012.2274            7.92            1.09
  2012.2301            5.70            1.10
  2012.2329            6.08            1.06
  2012.2356            5.51            1.20
  2012.2384            5.92            1.04
  2012.2411            8.65            1.06
  2012.2439            7.58            1.09
  2012.2466            8.32            1.05
  2012.2493            7.04            1.18
  2012.2521            6.16            1.41
  2012.2548            6.77            1.17
  2012.2576            6.86            1.06
  2012.2603            5.94            1.24
  2012.2631            6.54            1.18
  2012.2657            5.74            1.06
  2012.2684            6.25            1.11
  2012.2712            4.59            1.17
  2012.2739            6.36            1.17
  2012.2767            7.27            1.13
  2012.2794            6.56            1.11
  2012.2822            5.18            1.10
  2012.2849            6.98            1.23
  2012.2877            8.21            1.20
  2012.2904            6.54            1.23
  2012.2931            5.86            1.26
  2012.2959            6.00            1.19
  2012.2986            8.84            1.27
  2012.3014            8.04            1.05
  2012.3041            5.92            1.26
  2012.3069            3.08            1.13
  2012.3096            5.28            0.93
  2012.3124            4.82            0.99
  2012.3151            7.30            1.17
  2012.3177            5.20            1.06
  2012.3206            6.13            1.06
  2012.3232            5.24            1.05
  2012.3260            4.03            0.99
  2012.3287            6.39            0.95
  2012.3315            5.45            1.04
  2012.3342            4.24            0.99
  2012.3370            6.02            1.10
  2012.3397            5.91            1.21
