  2010.2083            0.00            1.73
  2010.2109           -4.69            0.96
  2010.2137           -9.60            0.91
  2010.2164          -13.09            1.01
  2010.2192          -26.70            1.04
  2010.2219          -27.04            0.93
  2010.2246          -30.34            0.90
  2010.2274          -34.12            0.91
  2010.2301          -38.19            0.87
  2010.2329          -42.72            0.93
  2010.2356          -44.04            0.91
  2010.2384          -48.34            0.92
  2010.2411          -51.62            0.95
  2010.2439          -54.77            0.92
  2010.2466          -58.99            0.98
  2010.2493          -61.00            0.94
  2010.2521          -62.01            0.92
  2010.2548          -65.59            0.88
  2010.2576          -67.91            0.61
  2010.2603          -71.47            0.88
  2010.2631          -73.21            1.52
  2010.3177         -125.58            4.23
  2010.3206         -128.74            1.57
  2010.3232         -131.30            1.44
  2010.3260         -133.25            1.27
  2010.3287         -137.78            1.41
  2010.3315         -136.98            4.28
  2010.3424         -148.20            1.47
  2010.3452         -148.47            1.43
  2010.3479         -149.00            1.26
  2010.3507         -150.96            1.22
  2010.3534         -152.96            1.21
  2010.3562         -155.53            1.42
  2010.3589         -157.60            1.64
  2010.3644         -161.26            1.42
  2010.3726         -163.64            1.45
  2010.3754         -163.84            1.74
  2010.3781         -162.07            3.30
  2010.3809         -167.67            0.86
  2010.3835         -169.30            0.86
  2010.3864         -169.81            0.87
  2010.3890         -172.33            0.90
  2010.3917         -174.42            0.87
  2010.3945         -175.84            0.88
  2010.3972         -176.14            0.88
  2010.4000         -176.58            0.98
  2010.4027         -177.55            0.87
  2010.4055         -180.71            0.92
  2010.4082         -181.23            0.92
  2010.4110         -180.03            1.94
  2010.4137         -181.78            0.85
  2010.4164         -183.21            0.84
  2010.4192         -182.07            0.88
  2010.4219         -185.52            0.85
  2010.4247         -186.10            0.87
  2010.4274         -188.14            0.91
  2010.4302         -190.76            1.31
  2010.5480         -231.84            5.01
  2010.5507         -230.24            0.88
  2010.5535         -229.62            0.88
  2010.5562         -230.54            0.91
  2010.5590         -232.23            0.95
  2010.5616         -230.95            0.95
  2010.5643         -229.99            0.92
  2010.5671         -231.19            0.87
  2010.5698         -232.78            0.91
  2010.5726         -234.17            1.15
  2010.5753         -234.16            0.92
  2010.5781         -234.68            0.96
  2010.5808         -236.34            0.95
  2010.5836         -236.21            0.83
  2010.5863         -236.47            0.83
  2010.5890         -237.89            0.86
  2010.5918         -238.18            0.84
  2010.5945         -240.67            1.75
  2010.5973         -241.55            0.85
  2010.6000         -241.19            0.83
  2010.6028         -242.45            0.82
  2010.6055         -242.46            0.82
  2010.6083         -243.90            0.82
  2010.6110         -244.65            0.87
  2010.6136         -245.35            0.82
  2010.6165         -246.88            0.81
  2010.6191         -246.40            0.80
  2010.6219         -246.95            0.82
  2010.6246         -246.71            0.89
  2010.6274         -247.61            0.94
  2010.6301         -248.67            0.86
  2010.6329         -248.81            0.82
  2010.6356         -249.33            0.85
  2010.6383         -248.17            0.93
  2010.6411         -251.93            0.84
  2010.6438         -252.32            0.85
  2010.6466         -252.28            0.86
  2010.6493         -252.65            0.84
  2010.6521         -253.75            0.89
  2010.6548         -254.30            0.89
  2010.6576         -253.99            0.88
  2010.6603         -253.83            0.81
  2010.6630         -256.13            0.88
  2010.6658         -256.62            0.84
  2010.6685         -256.09            0.84
  2010.6713         -255.55            0.88
  2010.6740         -256.86            0.95
  2010.6768         -256.63            0.89
  2010.6794         -256.65            0.81
  2010.6823         -257.64            0.81
  2010.6849         -257.30            0.81
  2010.6876         -258.04            0.81
  2010.6904         -260.04            0.82
  2010.6931         -261.11            0.83
  2010.6959         -261.55            0.87
  2010.6986         -263.77            0.85
  2010.7014         -264.24            0.83
  2010.7041         -265.07            0.84
  2010.7069         -263.93            0.96
  2010.7096         -263.55            0.83
  2010.7123         -264.97            0.82
  2010.7151         -267.32            0.88
  2010.7178         -266.62            0.80
  2010.7206         -267.04            0.82
  2010.7233         -267.79            0.81
  2010.7261         -267.79            0.81
  2010.7288         -269.02            0.80
  2010.7316         -269.45            0.80
  2010.7343         -269.63            0.82
  2010.7369         -271.14            0.90
  2010.7397         -270.72            0.89
  2010.7424         -271.76            0.83
  2010.7452         -271.64            0.82
  2010.7479         -272.07            0.84
  2010.7507         -272.13            0.87
  2010.7534         -273.04            0.83
  2010.7561         -273.18            0.87
  2010.7589         -274.08            0.79
  2010.7616         -275.62            2.94
  2010.7644         -274.53            0.81
  2010.7671         -275.27            0.78
  2010.7699         -275.58            0.80
  2010.7726         -276.05            0.77
  2010.7754         -277.03            0.78
  2010.7781         -277.72            0.77
  2010.7808         -278.76            0.81
  2010.7836         -278.70            0.83
  2010.7863         -279.24            0.92
  2010.7891         -280.02            0.81
  2010.7917         -279.39            0.82
  2010.7946         -279.65            0.83
  2010.7972         -281.21            0.80
  2010.8000         -281.30            0.83
  2010.8027         -281.46            0.87
  2010.8054         -282.15            0.85
  2010.8082         -282.35            0.88
  2010.8109         -283.45            0.90
  2010.8137         -284.94            0.86
  2010.8164         -284.93            0.86
  2010.8192         -286.09            0.88
  2010.8219         -288.53            0.89
  2010.8247         -287.32            0.88
  2010.8274         -288.04            0.91
  2010.8301         -288.09            0.85
  2010.8329         -287.68            0.88
  2011.0027         -307.35            0.85
  2011.0055         -308.60            0.88
  2011.0082         -308.80            0.93
  2011.0110         -308.66            0.90
  2011.0137         -308.93            0.84
  2011.0165         -309.93            0.85
  2011.0192         -309.94            0.84
  2011.0220         -309.70            0.86
  2011.0247         -311.56            0.85
  2011.0273         -312.25            0.85
  2011.0302         -311.76            0.86
  2011.0328         -312.62            1.04
  2011.2657         -337.74            0.91
  2011.2684         -336.64            0.88
  2011.2712         -337.29            0.92
  2011.2739         -338.50            0.94
  2011.2767         -339.29            1.00
  2011.2794         -339.42            0.95
  2011.2822         -340.70            0.99
  2011.2849         -339.27            0.95
  2011.2877         -339.64            0.88
  2011.2904         -339.51            0.86
  2011.2931         -341.45            1.97
  2011.2959         -341.90            0.89
  2011.2986         -342.35            0.89
  2011.3014         -342.92            0.91
  2011.3041         -346.32            0.94
  2011.3069         -344.69            0.98
  2011.3096         -342.37            0.88
  2011.3124         -342.31            0.85
  2011.3151         -341.74            0.82
  2011.3177         -343.05            0.82
  2011.3206         -343.67            0.83
  2011.3232         -342.34            0.90
  2011.3260         -342.53            0.84
  2011.3287         -343.24            0.83
  2011.3315         -343.60            0.81
  2011.3342         -345.01            0.82
  2011.3370         -345.18            0.84
  2011.3397         -344.09            0.87
  2011.3424         -343.78            0.83
  2011.3452         -342.47            0.81
  2011.3479         -344.96            0.85
  2011.3507         -343.93            0.81
  2011.3534         -345.88            0.83
  2011.3562         -347.72            0.90
  2011.3589         -344.67            0.83
  2011.3617         -346.07            0.81
  2011.3644         -345.93            0.79
  2011.3671         -346.61            0.79
  2011.3699         -347.66            0.82
  2011.3726         -348.20            0.85
  2011.3754         -347.44            0.85
  2011.3781         -349.06            0.85
  2011.3809         -349.21            0.91
  2011.3835         -348.32            0.93
  2011.3864         -348.59            0.89
  2011.3890         -349.18            0.83
  2011.3917         -349.37            0.85
  2011.3945         -350.10            0.89
  2011.3972         -350.23            0.81
  2011.4000         -349.74            0.82
  2011.4027         -349.53            0.87
  2011.4055         -350.51            0.81
  2011.4082         -351.64            0.80
  2011.4110         -352.27            0.79
  2011.4137         -351.99            0.80
  2011.4164         -355.49            0.82
  2011.4192         -363.57            0.83
  2011.4219         -363.38            0.82
  2011.4247         -366.42            0.86
  2011.4274         -366.67            0.90
  2011.4302         -368.11            0.88
  2011.4329         -369.19            0.98
  2011.4357         -369.74            0.96
  2011.4384         -369.32            0.85
  2011.4410         -368.60            0.93
  2011.4438         -368.54            0.88
  2011.4465         -372.21            0.87
  2011.4493         -371.97            0.82
  2011.4520         -372.63            0.84
  2011.4548         -370.94            1.02
  2011.4575         -373.45            0.86
  2011.4603         -372.92            0.87
  2011.4630         -373.77            0.92
  2011.4657         -374.67            0.97
  2011.4685         -373.07            0.91
  2011.4712         -373.17            0.86
  2011.4740         -373.64            0.84
  2011.4767         -373.78            0.88
  2011.4795         -374.41            0.84
  2011.4822         -372.22            0.84
  2011.4850         -374.95            0.82
  2011.4877         -376.24            0.83
  2011.4904         -376.92            0.83
  2011.4932         -378.63            0.90
  2011.4958         -376.24            0.86
  2011.4987         -377.55            0.83
  2011.5013         -376.65            0.84
  2011.5042         -375.95            0.88
  2011.5068         -378.42            0.94
  2011.5096         -376.04            0.98
  2011.5123         -377.46            0.92
  2011.5150         -377.84            0.90
  2011.5178         -378.39            0.91
  2011.5205         -379.83            0.89
  2011.5233         -379.40            0.86
  2011.5260         -379.90            0.93
  2011.5315         -378.85            0.87
  2011.5343         -379.33            0.96
  2011.5370         -379.42            0.97
  2011.5397         -379.48            0.95
  2011.5425         -379.49            0.97
  2011.5452         -379.21            0.90
  2011.5480         -381.93            0.90
  2011.5507         -382.51            0.93
  2011.5535         -382.08            0.88
  2011.5562         -378.92            1.17
  2011.5590         -381.69            0.93
  2011.5616         -382.06            0.88
  2011.5643         -384.23            0.92
  2011.5671         -382.81            0.96
  2011.5698         -385.61            0.91
  2011.5726         -384.61            0.91
  2011.5753         -384.79            0.87
  2011.5781         -383.89            0.88
  2011.5808         -384.08            0.88
  2011.5836         -384.91            0.98
  2011.5863         -386.03            0.96
  2011.5890         -385.32            0.91
  2011.5918         -386.60            1.01
  2011.5945         -388.05            1.01
  2011.5973         -386.13            1.03
  2011.6000         -386.48            1.03
  2011.6028         -385.49            1.03
  2011.6055         -387.70            1.02
  2011.6083         -386.63            0.92
  2011.6110         -387.82            1.06
  2011.6136         -388.63            1.02
  2011.6165         -388.75            1.00
  2011.6191         -389.26            0.96
  2011.6219         -388.87            0.94
  2011.6246         -389.33            1.08
  2011.6274         -388.60            0.97
  2011.6301         -388.20            1.01
  2011.6329         -388.53            0.97
  2011.6356         -387.08            1.01
  2011.6383         -388.29            0.92
  2011.6411         -388.44            0.90
  2011.6438         -388.41            0.88
  2011.6466         -389.19            0.93
  2011.6493         -389.19            0.91
  2011.6521         -390.01            0.97
  2011.6548         -389.72            0.99
  2011.6576         -387.06            0.99
  2011.6630         -388.06            1.04
  2011.6685         -388.53            0.98
  2011.6713         -390.09            0.96
