  2010.2000            0.00            1.74
  2010.2028           -2.15            0.97
  2010.2054           -5.75            0.99
  2010.2083           -8.52            1.08
  2010.2109           -8.39            1.08
  2010.2137          -10.83            1.05
  2010.2164          -16.18            1.12
  2010.2192          -13.50            1.13
  2010.2219          -20.01            1.01
  2010.2246          -20.66            0.98
  2010.2274          -22.54            0.96
  2010.2301          -24.20            0.96
  2010.2329          -25.96            1.04
  2010.2356          -26.94            1.01
  2010.2384          -27.80            1.03
  2010.2411          -30.94            1.01
  2010.2439          -31.54            1.02
  2010.2466          -34.00            1.49
  2010.3424          -65.29            1.00
  2010.3452          -63.67            0.96
  2010.3479          -64.75            0.96
  2010.3507          -66.42            0.92
  2010.3534          -66.81            0.90
  2010.3562          -67.58            0.93
  2010.3589          -67.85            0.94
  2010.3617          -69.03            1.53
  2010.3644          -69.65            0.99
  2010.3726          -71.43            1.00
  2010.3754          -70.20            0.97
  2010.3781          -72.50            0.97
  2010.3809          -73.01            0.96
  2010.3835          -72.42            0.95
  2010.3864          -72.45            0.96
  2010.3890          -72.57            1.04
  2010.3917          -75.08            0.97
  2010.3945          -75.57            1.00
  2010.3972          -74.56            0.97
  2010.4000          -75.61            0.96
  2010.4027          -75.51            0.95
  2010.4055          -76.82            1.01
  2010.4082          -77.55            1.01
  2010.4110          -75.37            2.15
  2010.4137          -76.39            0.94
  2010.4164          -77.24            0.91
  2010.4192          -75.86            0.94
  2010.4219          -78.16            0.92
  2010.4247          -78.54            0.94
  2010.4274          -80.10            0.92
  2010.4302          -79.94            0.90
  2010.4329          -80.48            0.90
  2010.4357          -80.92            0.87
  2010.4384          -80.57            0.91
  2010.4410          -82.29            0.90
  2010.4438          -81.39            0.96
  2010.4465          -82.28            0.91
  2010.4493          -84.00            0.94
  2010.4520          -86.56            1.07
  2010.4548          -82.15            0.92
  2010.4575          -84.14            0.95
  2010.4603          -85.15            1.11
  2010.4630          -84.77            1.09
  2010.4657          -82.80            1.06
  2010.4685          -84.91            0.91
  2010.4712          -85.57            0.96
  2010.4740          -83.37            0.96
  2010.4767          -87.02            1.02
  2010.4795          -86.65            1.00
  2010.4822          -87.74            0.98
  2010.4850          -87.19            0.94
  2010.4877          -89.86            0.93
  2010.4904          -90.40            0.94
  2010.4932          -91.41            0.95
  2010.4958          -90.21            0.93
  2010.4987          -91.42            0.94
  2010.5013          -91.75            0.92
  2010.5042          -92.13            0.96
  2010.5068          -93.48            1.00
  2010.5096          -92.80            0.93
  2010.5123          -93.57            1.03
  2010.5150          -93.53            0.97
  2010.5178          -93.64            0.95
  2010.5205          -91.71            0.91
  2010.5233          -94.54            0.94
  2010.5260          -96.04            0.99
  2010.5288          -95.33            0.94
  2010.5315          -96.65            0.88
  2010.5343          -96.87            0.89
  2010.5370          -96.23            0.92
  2010.5397          -98.02            0.92
  2010.5425          -95.97            0.92
  2010.5452          -96.40            0.88
  2010.5480          -99.74            0.91
  2010.5507          -99.04            0.93
  2010.5535          -98.67            0.97
  2010.5562          -98.58            1.00
  2010.5590          -99.92            1.00
  2010.5616          -98.71            1.03
  2010.5643          -97.65            0.97
  2010.5671          -97.95            0.94
  2010.5698          -98.64            0.97
  2010.5726          -98.84            1.00
  2010.5753          -98.73            0.96
  2010.5781          -99.05            1.04
  2010.5808          -99.96            0.97
  2010.5836          -99.79            1.03
  2010.5863          -99.68            0.90
  2010.5890         -101.12            0.91
  2010.5918         -101.94            0.88
  2010.5945         -102.56            1.92
  2010.5973         -101.59            0.91
  2010.6000         -100.51            0.88
  2010.6028         -102.51            0.87
  2010.6055         -101.82            0.87
  2010.6083         -102.64            0.86
  2010.6110         -103.06            0.91
  2010.6136         -103.49            0.86
  2010.6165         -103.81            0.85
  2010.6191         -104.33            0.84
  2010.6219         -103.46            0.87
  2010.6246         -105.82            0.95
  2010.6274         -106.29            1.01
  2010.6301         -105.16            0.91
  2010.6329         -104.15            0.87
  2010.6356         -105.23            0.91
  2010.6383         -104.00            0.98
  2010.6411         -106.07            0.92
  2010.6438         -105.63            0.90
  2010.6466         -106.54            0.89
  2010.6493         -106.94            0.88
  2010.6521         -108.29            0.94
  2010.6548         -109.45            0.92
  2010.6576         -106.84            0.93
  2010.6603         -107.10            0.85
  2010.6630         -108.94            0.92
  2010.6658         -108.48            0.88
  2010.6685         -108.60            0.89
  2010.6713         -107.51            0.93
  2010.6740         -107.30            1.00
  2010.6768         -107.43            0.92
  2010.6794         -106.86            0.85
  2010.6823         -107.36            0.86
  2010.6849         -107.68            0.86
  2010.6876         -108.49            0.86
  2010.6904         -109.03            0.87
  2010.6931         -109.25            0.87
  2010.6959         -110.73            0.92
  2010.6986         -110.59            0.91
  2010.7014         -111.59            0.87
  2010.7041         -111.58            0.89
  2010.7069         -109.56            0.99
  2010.7096         -110.81            0.88
  2010.7123         -111.13            0.85
  2010.7151         -112.13            0.90
  2010.7178         -111.55            0.88
  2010.7206         -110.99            0.86
  2010.7233         -112.34            0.87
  2010.7261         -113.02            0.84
  2010.7288         -112.84            0.83
  2010.7316         -112.75            0.84
  2010.7343         -113.30            0.86
  2010.7369         -113.66            0.94
  2010.7397         -114.56            0.92
  2010.7424         -114.85            0.89
  2010.7452         -114.77            0.86
  2010.7479         -114.11            0.89
  2010.7507         -113.73            0.92
  2010.7534         -113.90            0.87
  2010.7561         -113.94            0.95
  2010.7589         -114.62            0.87
  2010.7616         -114.68            0.87
  2010.7644         -115.37            0.88
  2010.7671         -115.69            0.85
  2010.7699         -115.46            0.87
  2010.7726         -115.18            0.85
  2010.7754         -117.83            0.84
  2010.7781         -116.62            0.85
  2010.7808         -117.30            0.90
  2010.7836         -117.91            0.90
  2010.7863         -116.18            1.00
  2010.7891         -118.48            0.88
  2010.7917         -117.19            0.85
  2010.7946         -116.89            0.87
  2010.7972         -118.24            0.88
  2010.8000         -118.15            0.88
  2010.8027         -118.46            0.90
  2010.8054         -118.77            0.89
  2010.8082         -118.96            0.91
  2010.8109         -119.09            0.88
  2010.8137         -120.06            0.84
  2010.8164         -120.17            0.87
  2010.8192         -120.57            0.92
  2010.8219         -120.66            0.94
  2010.8247         -120.49            0.94
  2010.8274         -120.14            0.97
  2010.8301         -121.69            0.89
  2010.8329         -122.12            0.94
  2011.0027         -126.44            0.92
  2011.0055         -127.74            0.94
  2011.0082         -128.46            1.00
  2011.0110         -129.71            0.98
  2011.0137         -128.84            0.92
  2011.0165         -128.93            0.92
  2011.0192         -129.33            0.91
  2011.0220         -129.20            0.93
  2011.0247         -131.20            0.92
  2011.0273         -131.12            0.93
  2011.0302         -131.85            0.94
  2011.0328         -131.51            0.95
  2011.0356         -132.64            0.98
  2011.0383         -131.65            0.93
  2011.0411         -131.35            0.99
  2011.0438         -131.02            1.01
  2011.0466         -132.33            0.92
  2011.0493         -132.88            1.05
  2011.0520         -132.55            0.99
  2011.0548         -132.37            1.00
  2011.0575         -132.48            0.95
  2011.0603         -132.71            0.99
  2011.0630         -132.10            0.94
  2011.0658         -133.41            0.95
  2011.0685         -132.53            0.97
  2011.0713         -133.88            0.99
  2011.0740         -134.00            1.01
  2011.0767         -134.04            0.95
  2011.0795         -132.31            0.95
  2011.0822         -133.63            0.97
  2011.0850         -133.45            0.97
  2011.0876         -134.17            0.92
  2011.0905         -134.08            0.93
  2011.0931         -134.68            0.96
  2011.0959         -134.20            0.92
  2011.0986         -135.87            0.89
  2011.1013         -135.95            0.93
  2011.1041         -135.57            0.92
  2011.1068         -134.32            1.00
  2011.1096         -135.06            0.95
  2011.1123         -136.25            1.02
  2011.1151         -135.35            0.98
  2011.1178         -135.85            1.04
  2011.1206         -138.22            1.14
  2011.1233         -142.22            0.97
  2011.1260         -145.17            0.95
  2011.1453         -145.96            2.86
  2011.1479         -145.98            1.07
  2011.1506         -143.99            0.98
  2011.1534         -145.52            0.96
  2011.1561         -145.68            0.91
  2011.1589         -145.88            0.92
  2011.1616         -144.98            0.92
  2011.1644         -145.95            0.95
  2011.1671         -146.51            0.95
  2011.1699         -145.50            0.97
  2011.1726         -146.83            1.01
  2011.1753         -146.25            0.97
  2011.1781         -147.57            1.23
  2011.1808         -148.04            0.94
  2011.1836         -148.05            0.97
  2011.1863         -147.89            1.02
  2011.1891         -147.37            1.17
  2011.1918         -147.63            1.14
  2011.1946         -150.84            1.14
  2011.1973         -150.42            0.95
  2011.2000         -151.34            1.06
  2011.2028         -149.79            1.15
  2011.2054         -152.33            1.07
  2011.2083         -151.89            1.04
  2011.2109         -151.45            0.95
  2011.2137         -151.83            0.95
  2011.2164         -149.48            0.91
  2011.2192         -150.44            1.02
  2011.2219         -152.37            1.02
  2011.2246         -150.86            0.94
  2011.2274         -152.86            0.98
  2011.2301         -152.57            1.01
  2011.2329         -150.24            0.96
  2011.2356         -151.93            0.96
  2011.2384         -151.27            0.93
  2011.2411         -151.49            0.98
  2011.2439         -151.42            1.00
  2011.2466         -152.28            1.13
  2011.2493         -152.10            1.04
  2011.2521         -152.22            1.02
  2011.2548         -153.68            0.96
  2011.2576         -153.18            0.94
  2011.2603         -152.11            1.19
  2011.2631         -152.51            0.96
  2011.2657         -152.17            0.94
  2011.2684         -151.08            0.91
  2011.2712         -151.85            0.94
  2011.2739         -153.37            0.97
  2011.2767         -155.04            1.04
  2011.2794         -153.80            1.02
  2011.2822         -154.46            1.02
  2011.2849         -154.66            0.96
  2011.2877         -153.62            0.91
  2011.2904         -154.13            0.91
  2011.2931         -155.80            2.03
  2011.2959         -154.58            0.92
  2011.2986         -155.94            0.93
  2011.3014         -157.51            0.93
  2011.3041         -159.86            1.01
  2011.3069         -158.95            1.05
  2011.3096         -155.00            0.91
  2011.3124         -156.91            0.90
  2011.3151         -156.56            0.89
  2011.3177         -155.16            0.87
  2011.3206         -155.82            0.90
  2011.3232         -154.53            0.97
  2011.3260         -156.51            0.90
  2011.3287         -156.92            0.92
  2011.3315         -156.96            0.89
  2011.3342         -157.24            0.88
  2011.3370         -157.25            0.93
  2011.3397         -154.79            0.93
  2011.3424         -155.10            0.91
  2011.3452         -154.85            1.03
  2011.3479         -156.65            1.07
  2011.3507         -156.60            1.23
  2011.3534         -157.37            1.18
  2011.3562         -159.03            1.53
  2011.3589         -156.30            1.65
  2011.3644         -157.47            1.25
  2011.3671         -155.63            2.94
  2011.3726         -159.23            1.39
  2011.3754         -158.53            1.25
  2011.3781         -159.87            3.95
  2011.3890         -160.56            1.48
  2011.3917         -160.23            1.38
  2011.3945         -160.03            1.23
  2011.3972         -161.10            1.35
  2011.4000         -159.94            4.08
  2011.4027         -159.28            3.40
  2011.4055         -162.12            1.91
  2011.4082         -161.23            1.32
  2011.4110         -161.09            1.13
  2011.4137         -161.18            1.13
  2011.4164         -160.89            3.75
  2011.4192         -161.26            2.89
  2011.4219         -160.82            1.50
  2011.4247         -161.15            2.01
  2011.4302         -161.94            2.73
  2011.4357         -164.02            1.92
  2011.4384         -163.87            1.49
  2011.4410         -160.59            1.53
  2011.4465         -166.18            1.49
  2011.4493         -163.32            1.56
  2011.4520         -164.73            1.31
  2011.4712         -161.54            1.52
  2011.4740         -162.01            2.76
  2011.4767         -161.07            1.51
  2011.4795         -162.44            1.37
  2011.4822         -161.91            1.17
  2011.4850         -164.43            1.15
  2011.4877         -162.79            1.22
  2011.4904         -165.41            1.25
  2011.4932         -165.78            3.35
  2011.4958         -163.55            1.39
  2011.4987         -162.98            1.20
  2011.5013         -163.12            1.17
  2011.5042         -161.81            1.17
  2011.5068         -163.70            1.54
  2011.5096         -161.95            2.09
  2011.5123         -162.50            1.55
  2011.5150         -162.79            1.32
  2011.5178         -166.24            5.08
  2011.5233         -163.57            2.20
  2011.5315         -164.49            1.50
  2011.5343         -160.65            5.14
  2011.5370         -155.37            4.12
  2011.5397         -162.28            2.35
  2011.5425         -159.55            2.86
  2011.5452         -162.04            1.41
  2011.5480         -164.74            1.37
  2011.5507         -164.76            1.60
  2011.5535         -163.79            1.37
  2011.5562         -161.22            1.71
  2011.5590         -162.75            1.33
  2011.5616         -164.53            2.87
  2011.5643         -162.62            1.76
  2011.5671         -162.41            1.46
  2011.5726         -162.31            1.54
  2011.5753         -163.76            1.33
  2011.5781         -163.46            1.33
  2011.5808         -162.78            1.18
  2011.5836         -164.85            3.68
  2011.5863         -164.77            1.53
  2011.5890         -162.23            1.40
  2011.5945         -164.48            2.74
  2011.6000         -163.36            2.43
  2011.6028         -163.93            2.13
  2011.6083         -164.39            3.42
  2011.6136         -165.33            1.53
  2011.6165         -166.82            1.39
  2011.6191         -167.23            1.23
  2011.6219         -165.62            1.25
  2011.6246         -168.66            4.17
  2011.6301         -161.94            1.86
  2011.6329         -165.45            1.44
  2011.6356         -163.97            1.29
  2011.6383         -165.20            1.16
  2011.6411         -165.75            1.17
  2011.6438         -166.34            2.37
  2011.6466         -163.96            1.91
  2011.6548         -166.52            1.53
  2011.6576         -164.35            2.96
  2011.6603         -162.98            1.59
  2011.6630         -165.01            1.60
  2011.6658         -163.50            1.19
  2011.6685         -164.74            1.27
  2011.6713         -165.10            2.22
  2011.6740         -163.22            1.45
  2011.6768         -165.86            1.29
  2011.6794         -165.27            1.35
  2011.6823         -165.66            1.23
  2011.6849         -165.80            1.21
  2011.6876         -166.82            2.27
  2011.6931         -165.47            1.40
  2011.6959         -163.91            1.25
  2011.6986         -164.71            1.24
  2011.7014         -164.65            1.20
  2011.7041         -166.08            2.06
  2011.7069         -164.79            1.62
  2011.7096         -166.28            1.42
  2011.7123         -164.79            1.19
  2011.7151         -165.68            1.29
  2011.7178         -163.31            2.05
  2011.7288         -165.62            1.20
  2011.7316         -166.04            1.05
  2011.7343         -166.47            1.08
