  2010.2000            0.00            2.71
  2010.2028           -2.57            1.50
  2010.2054            4.38            1.58
  2010.2083           -1.13            1.58
  2010.2109           -7.61            1.79
  2010.2137           -0.78            1.56
  2010.2164          -11.37            1.80
  2010.2192           -5.76            1.77
  2010.2219           -4.20            1.58
  2010.2246           -0.40            1.54
  2010.2274           -4.41            1.43
  2010.2301           -3.35            1.41
  2010.2329           -4.94            1.53
  2010.2356           -6.03            1.49
  2010.2384           -3.77            1.53
  2010.2411           -5.97            1.53
  2010.2439           -1.50            1.49
  2010.2466           -5.63            2.16
  2010.3424           53.53            1.50
  2010.3452           56.75            1.42
  2010.3479           62.84            1.40
  2010.3507           60.84            1.36
  2010.3534           59.19            1.33
  2010.3562           53.42            1.38
  2010.3589           56.52            1.37
  2010.3617           50.40            2.29
  2010.3644           54.89            1.46
  2010.3726           55.42            1.46
  2010.3754           57.10            1.43
  2010.3781           52.70            1.42
  2010.3809           53.93            1.41
  2010.3835           56.31            1.39
  2010.3864           53.14            1.47
  2010.3890           55.66            1.55
  2010.3917           52.31            1.47
  2010.3945           54.03            1.49
  2010.3972           48.62            1.49
  2010.4000           50.62            1.47
  2010.4027           50.79            1.45
  2010.4055           56.04            1.48
  2010.4082           48.70            1.48
  2010.4110           58.49            3.18
  2010.4137           57.96            1.39
  2010.4164           54.66            1.40
  2010.4192           55.37            1.41
  2010.4219           55.43            1.39
  2010.4247           53.75            1.42
  2010.4274           56.53            1.38
  2010.4302           56.45            1.37
  2010.4329           58.14            1.37
  2010.4357           58.88            1.32
  2010.4384           60.71            1.38
  2010.4410           60.43            1.35
  2010.4438           61.87            1.46
  2010.4465           60.98            1.42
  2010.4493           57.43            1.44
  2010.4520           60.39            1.63
  2010.4548           59.48            1.43
  2010.4575           63.52            1.46
  2010.4603           56.94            1.66
  2010.4630           60.73            1.61
  2010.4657           52.70            1.57
  2010.4685           55.76            1.34
  2010.4712           57.66            1.42
  2010.4740           58.60            1.40
  2010.4767           55.72            1.52
  2010.4795           57.80            1.51
  2010.4822           57.73            1.41
  2010.4850           57.83            1.39
  2010.4877           54.98            1.43
  2010.4904           55.97            1.44
  2010.4932           57.01            1.40
  2010.4958           57.40            1.38
  2010.4987           56.53            1.39
  2010.5013           55.81            1.35
  2010.5042           60.48            1.41
  2010.5068           55.66            1.47
  2010.5096           55.83            1.40
  2010.5123           56.87            1.53
  2010.5150           54.48            1.46
  2010.5178           55.86            1.43
  2010.5205           57.64            1.37
  2010.5233           55.96            1.42
  2010.5260           51.47            1.48
  2010.5288           49.05            1.39
  2010.5315           50.44            1.32
  2010.5343           49.83            1.33
  2010.5370           46.48            1.41
  2010.5397           50.94            1.37
  2010.5425           52.10            1.38
  2010.5452           49.44            1.32
  2010.5480           49.78            1.37
  2010.5507           48.97            1.41
  2010.5535           51.73            1.43
  2010.5562           53.16            1.48
  2010.5590           54.71            1.49
  2010.5616           51.05            1.53
  2010.5643           50.76            1.47
  2010.5671           52.09            1.42
  2010.5698           55.18            1.47
  2010.5726           51.79            1.49
  2010.5753           55.30            1.46
  2010.5781           55.12            1.56
  2010.5808           54.66            1.47
  2010.5836           50.19            1.64
  2010.5863           50.48            1.40
  2010.5890           52.94            1.40
  2010.5918           49.17            1.37
  2010.5945           50.32            2.91
  2010.5973           49.00            1.41
  2010.6000           49.45            1.36
  2010.6028           51.70            1.34
  2010.6055           56.69            1.33
  2010.6083           53.91            1.32
  2010.6110           54.21            1.39
  2010.6136           47.49            1.33
  2010.6165           51.39            1.31
  2010.6191           52.86            1.29
  2010.6219           53.83            1.35
  2010.6246           58.96            1.46
  2010.6274           54.57            1.55
  2010.6301           53.92            1.38
  2010.6329           57.20            1.32
  2010.6356           58.22            1.38
  2010.6383           59.51            1.51
  2010.6411           61.62            1.39
  2010.6438           60.18            1.37
  2010.6466           57.56            1.38
  2010.6493           55.42            1.36
  2010.6521           60.42            1.44
  2010.6548           62.58            1.42
  2010.6576           61.92            1.44
  2010.6603           57.17            1.32
  2010.6630           56.58            1.43
  2010.6658           55.03            1.36
  2010.6685           58.00            1.37
  2010.6713           57.02            1.43
  2010.6740           48.64            1.49
  2010.6768           56.12            1.41
  2010.6794           61.40            1.30
  2010.6823           58.63            1.32
  2010.6849           60.03            1.35
  2010.6876           62.39            1.35
  2010.6904           56.72            1.37
  2010.6931           59.26            1.33
  2010.6959           61.38            1.44
  2010.6986           52.58            1.42
  2010.7014           50.43            1.36
  2010.7041           53.52            1.40
  2010.7069           58.09            1.54
  2010.7096           58.34            1.37
  2010.7123           58.29            1.33
  2010.7151           57.24            1.39
  2010.7178           59.38            1.36
  2010.7206           53.94            1.35
  2010.7233           53.86            1.35
  2010.7261           55.65            1.31
  2010.7288           56.23            1.28
  2010.7316           54.98            1.33
  2010.7343           54.85            1.35
  2010.7369           54.89            1.48
  2010.7397           62.39            1.42
  2010.7424           50.78            1.38
  2010.7452           55.65            1.34
  2010.7479           56.98            1.41
  2010.7507           52.41            1.44
  2010.7534           56.17            1.38
  2010.7561           59.26            1.46
  2010.7589           54.45            1.38
  2010.7616           50.09            1.37
  2010.7644           53.12            1.41
  2010.7671           54.58            1.35
  2010.7699           58.93            1.38
  2010.7726           58.71            1.32
  2010.7754           59.28            1.31
  2010.7781           52.49            1.36
  2010.7808           50.84            1.43
  2010.7836           53.30            1.40
  2010.7863           64.75            1.56
  2010.7891           53.33            1.37
  2010.7917           51.57            1.36
  2010.7946           56.71            1.39
  2010.7972           54.10            1.39
  2010.8000           50.00            1.38
  2010.8027           48.14            1.41
  2010.8054           55.45            1.39
  2010.8082           50.96            1.43
  2010.8109           52.60            1.38
  2010.8137           54.40            1.32
  2010.8164           54.54            1.37
  2010.8192           56.64            1.43
  2010.8219           53.43            1.50
  2010.8247           54.60            1.49
  2010.8274           51.36            1.53
  2010.8301           50.55            1.39
  2010.8329           61.09            1.46
  2011.0027           65.66            1.48
  2011.0055           58.67            1.49
  2011.0082           61.55            1.60
  2011.0110           63.84            1.55
  2011.0137           62.04            1.46
  2011.0165           59.99            1.44
  2011.0192           58.53            1.44
  2011.0220           59.99            1.46
  2011.0247           68.00            1.45
  2011.0273           66.10            1.47
  2011.0302           67.77            1.48
  2011.0328           66.25            1.50
  2011.0356           66.15            1.54
  2011.0383           66.21            1.47
  2011.0411           62.29            1.55
  2011.0438           75.86            1.60
  2011.0466           64.13            1.45
  2011.0493           60.09            1.66
  2011.0520           62.84            1.57
  2011.0548           67.84            1.58
  2011.0575           68.41            1.49
  2011.0603           67.30            1.56
  2011.0630           56.86            1.49
  2011.0658           53.69            1.53
  2011.0685           48.35            1.55
  2011.0713           52.78            1.58
  2011.0740           60.43            1.59
  2011.0767           55.75            1.51
  2011.0795           61.75            1.52
  2011.0822           61.81            1.54
  2011.0850           60.89            1.54
  2011.0876           63.81            1.46
  2011.0905           62.68            1.50
  2011.0931           60.60            1.51
  2011.0959           64.93            1.46
  2011.0986           66.66            1.42
  2011.1013           62.91            1.48
  2011.1041           57.96            1.46
  2011.1068           59.13            1.61
  2011.1096           59.69            1.52
  2011.1123           58.73            1.64
  2011.1151           60.92            1.55
  2011.1178           65.81            1.67
  2011.1206           50.22            1.83
  2011.1233           61.44            1.55
  2011.1260           54.28            1.50
  2011.1453           58.05            4.35
  2011.1479           58.08            1.70
  2011.1506           56.78            1.54
  2011.1534           58.32            1.51
  2011.1561           57.39            1.44
  2011.1589           57.72            1.46
  2011.1616           64.91            1.45
  2011.1644           61.44            1.52
  2011.1671           57.78            1.51
  2011.1699           54.03            1.54
  2011.1726           54.13            1.59
  2011.1753           58.34            1.53
  2011.1781           62.40            1.96
  2011.1808           61.62            1.49
  2011.1836           63.58            1.52
  2011.1863           62.08            1.60
  2011.1891           63.42            1.85
  2011.1918           70.09            1.79
  2011.1946           62.37            1.79
  2011.1973           59.38            1.50
  2011.2000           58.77            1.68
  2011.2028           55.55            1.81
  2011.2054           55.37            1.70
  2011.2083           61.30            1.64
  2011.2109           56.29            1.51
  2011.2137           57.39            1.49
  2011.2164           57.75            1.46
  2011.2192           57.34            1.61
  2011.2219           52.66            1.61
  2011.2246           56.39            1.49
  2011.2274           57.26            1.57
  2011.2301           49.61            1.59
  2011.2329           55.05            1.52
  2011.2356           58.84            1.52
  2011.2384           58.46            1.47
  2011.2411           59.71            1.53
  2011.2439           58.72            1.57
  2011.2466           57.23            1.77
  2011.2493           60.57            1.64
  2011.2521           58.52            1.60
  2011.2548           55.76            1.52
  2011.2576           46.04            1.47
  2011.2603           55.28            1.85
  2011.2631           53.92            1.50
  2011.2657           54.97            1.49
  2011.2684           54.78            1.46
  2011.2712           57.41            1.49
  2011.2739           57.35            1.56
  2011.2767           59.23            1.63
  2011.2794           51.91            1.61
  2011.2822           54.65            1.64
  2011.2849           50.72            1.53
  2011.2877           51.59            1.44
  2011.2904           56.83            1.45
  2011.2931           42.91            3.19
  2011.2959           42.07            1.44
  2011.2986           38.00            1.47
  2011.3014           37.59            1.46
  2011.3041           37.25            1.59
  2011.3069           36.44            1.66
  2011.3096           42.53            1.44
  2011.3124           41.20            1.44
  2011.3151           46.62            1.41
  2011.3177           42.68            1.38
  2011.3206           44.12            1.43
  2011.3232           45.75            1.55
  2011.3260           39.34            1.44
  2011.3287           39.81            1.45
  2011.3315           42.36            1.41
  2011.3342           39.38            1.40
  2011.3370           39.40            1.45
  2011.3397           41.92            1.50
  2011.3424           41.21            1.45
  2011.3452           43.61            1.62
  2011.3479           39.14            1.69
  2011.3507           41.14            1.96
  2011.3534           37.81            1.87
  2011.3562           39.86            2.47
  2011.3589           38.92            2.68
  2011.3644           42.59            2.01
  2011.3671           33.11            4.72
  2011.3726           41.54            2.23
  2011.3754           36.85            2.00
  2011.3781           32.57            5.88
  2011.3890           35.33            2.40
  2011.3917           36.78            2.23
  2011.3945           38.55            1.95
  2011.3972           44.38            2.14
  2011.4000           34.61            6.16
  2011.4027           41.17            4.77
  2011.4055           42.34            3.08
  2011.4082           43.87            2.12
  2011.4110           42.08            1.80
  2011.4137           42.67            1.78
  2011.4164           46.67            5.64
  2011.4192           29.71            4.45
  2011.4219           43.78            2.44
  2011.4247           41.57            3.43
  2011.4302           49.09            4.03
  2011.4357           45.77            3.07
  2011.4384           46.28            2.38
  2011.4410           38.78            2.44
  2011.4465           36.94            2.39
  2011.4493           42.36            2.45
  2011.4520           41.35            2.10
  2011.4712           33.37            2.40
  2011.4740           40.14            4.25
  2011.4767           39.58            2.41
  2011.4795           35.16            2.16
  2011.4822           42.56            1.85
  2011.4850           40.65            1.83
  2011.4877           35.69            1.96
  2011.4904           35.77            1.96
  2011.4932           39.25            5.27
  2011.4958           35.33            2.20
  2011.4987           29.91            1.91
  2011.5013           32.53            1.85
  2011.5042           39.98            1.85
  2011.5068           36.27            2.47
  2011.5096           34.23            3.20
  2011.5123           44.60            2.44
  2011.5150           37.39            2.11
  2011.5178           37.96            7.28
  2011.5233           38.73            3.31
  2011.5315           41.42            2.31
  2011.5343           30.72            9.77
  2011.5370           25.77            6.85
  2011.5397           48.56            3.67
  2011.5425           46.24            4.10
  2011.5452           41.02            2.22
  2011.5480           30.22            2.13
  2011.5507           28.06            2.34
  2011.5535           34.09            2.14
  2011.5562           38.33            2.65
  2011.5590           35.16            2.08
  2011.5616           37.06            4.24
  2011.5643           28.04            2.57
  2011.5671           42.19            2.26
  2011.5726           29.74            2.35
  2011.5753           32.92            2.09
  2011.5781           27.28            2.07
  2011.5808           38.66            1.84
  2011.5836           37.77            5.74
  2011.5863           38.29            2.27
  2011.5890           34.16            2.09
  2011.5945           29.24            3.94
  2011.6000           39.29            3.83
  2011.6028           41.66            3.40
  2011.6083           33.80            5.06
  2011.6136           38.61            2.35
  2011.6165           41.58            2.16
  2011.6191           38.53            1.90
  2011.6219           40.36            1.93
  2011.6246           31.65            6.44
  2011.6301           48.36            2.78
  2011.6329           35.76            2.22
  2011.6356           33.43            1.97
  2011.6383           36.05            1.83
  2011.6411           32.69            1.84
  2011.6438           42.47            3.40
  2011.6466           25.99            3.03
  2011.6548           29.79            2.37
  2011.6576           38.82            4.20
  2011.6603           38.92            2.49
  2011.6630           40.03            2.43
  2011.6658           40.68            1.85
  2011.6685           44.86            1.99
  2011.6713           36.21            3.80
  2011.6740           39.40            2.24
  2011.6768           45.63            2.00
  2011.6794           34.09            2.08
  2011.6823           37.46            1.91
  2011.6849           35.62            1.90
  2011.6876           39.78            3.73
  2011.6931           38.42            2.17
  2011.6959           37.75            1.95
  2011.6986           39.88            1.91
  2011.7014           43.18            1.89
  2011.7041           42.70            3.34
  2011.7069           41.10            2.49
  2011.7096           42.02            2.22
  2011.7123           39.64            1.87
  2011.7151           40.11            2.07
  2011.7178           32.76            3.25
  2011.7288           42.16            1.89
  2011.7316           39.15            1.64
  2011.7343           37.17            1.69
