  2010.2164            0.00            1.03
  2010.2192          -11.09            1.05
  2010.2219           -8.69            0.95
  2010.2246           -9.20            0.91
  2010.2274           -9.88            0.91
  2010.2301          -11.89            0.87
  2010.2329          -12.47            0.94
  2010.2356          -12.72            0.92
  2010.2384          -14.75            0.94
  2010.2411          -17.89            0.95
  2010.2439          -15.82            0.93
  2010.2466          -15.69            1.00
  2010.2493          -18.08            0.95
  2010.2521          -18.05            0.92
  2010.2548          -20.31            0.95
  2010.2576          -19.47            0.67
  2010.2603          -21.57            0.95
  2010.2631          -21.38            0.99
  2010.2657          -22.65            0.97
  2010.2684          -24.39            0.93
  2010.2712          -25.90            0.94
  2010.2739          -25.25            0.99
  2010.2767          -29.39            0.96
  2010.2794          -30.27            1.00
  2010.2822          -30.35            0.95
  2010.2849          -31.30            0.92
  2010.2877          -31.50            0.95
  2010.2904          -31.11            1.00
  2010.2931          -34.70            0.98
  2010.2959          -36.32            0.98
  2010.2986          -37.86            0.96
  2010.3014          -38.42            0.94
  2010.3069          -39.73            0.94
  2010.3096          -40.34            0.95
  2010.3124          -41.69            0.94
  2010.3151          -41.17            0.92
  2010.3177          -41.57            1.14
  2010.3206          -41.01            0.94
  2010.3232          -42.16            0.94
  2010.3260          -42.29            0.93
  2010.3287          -45.66            1.00
  2010.3315          -46.23            0.97
  2010.3424          -47.30            0.97
  2010.3452          -47.91            0.93
  2010.3479          -48.75            0.91
  2010.3507          -48.43            0.88
  2010.3534          -49.04            0.87
  2010.3562          -50.35            0.89
  2010.3589          -50.59            0.91
  2010.3617          -52.77            1.49
  2010.3644          -52.02            0.97
  2010.3726          -52.19            0.96
  2010.3754          -51.42            0.95
  2010.3781          -52.34            0.96
  2010.3809          -52.65            0.94
  2010.3835          -54.10            0.93
  2010.3864          -53.37            0.95
  2010.3890          -53.14            0.99
  2010.3917          -56.16            0.96
  2010.3945          -54.73            0.96
  2010.3972          -54.95            0.96
  2010.4000          -54.47            0.95
  2010.4027          -54.77            0.95
  2010.4055          -58.75            0.98
  2010.4082          -57.56            0.99
  2010.4110          -54.68            2.10
  2010.4137          -56.20            0.92
  2010.4164          -56.37            0.91
  2010.4192          -54.55            0.96
  2010.4219          -57.28            0.93
  2010.4247          -56.36            0.94
  2010.4274          -57.92            0.91
  2010.4302          -59.68            0.90
  2010.4329          -59.76            0.89
  2010.4357          -58.15            0.86
  2010.4384          -57.95            0.90
  2010.4410          -58.24            0.90
  2010.4438          -59.18            0.97
  2010.4465          -60.12            0.92
  2010.4493          -61.62            0.93
  2010.4520          -62.05            1.07
  2010.4548          -60.31            0.92
  2010.4575          -61.07            0.95
  2010.4603          -62.68            1.11
  2010.4630          -60.27            1.09
  2010.4657          -59.29            1.05
  2010.4685          -62.61            0.92
  2010.4712          -59.60            0.96
  2010.4987          -65.09            0.92
  2010.5013          -64.88            0.89
  2010.5042          -66.36            0.93
  2010.5068          -66.37            0.97
  2010.5096          -66.24            0.94
  2010.5123          -65.67            1.01
  2010.5150          -66.33            0.98
  2010.5178          -64.59            0.95
  2010.5205          -65.48            0.91
  2010.5233          -65.78            0.94
  2010.5260          -67.40            0.99
  2010.5288          -67.41            0.91
  2010.5315          -66.82            0.88
  2010.5343          -66.13            0.88
  2010.5370          -66.87            0.92
  2010.5397          -67.59            0.92
  2010.5425          -65.81            0.92
  2010.5480          -67.67            0.91
  2010.5507          -68.00            0.93
  2010.5562          -68.47            0.96
  2010.5590          -67.93            0.99
  2010.5616          -67.25            1.00
  2010.5643          -66.61            0.98
  2010.5671          -66.38            0.91
  2010.5698          -67.42            0.95
  2010.5726          -67.34            0.97
  2010.5753          -66.02            0.95
  2010.5781          -67.71            1.01
  2010.5808          -68.58            0.97
  2010.5836          -67.73            0.90
  2011.0027          -87.31            0.91
  2011.0055          -88.46            0.92
  2011.0082          -88.34            0.98
  2011.0110          -87.83            0.97
  2011.0137          -89.44            0.92
  2011.0165          -89.44            0.92
  2011.0192          -88.87            0.91
  2011.0220          -88.94            0.92
  2011.0247          -89.23            0.93
  2011.0273          -90.29            0.92
  2011.0302          -90.99            1.04
  2011.0328          -91.43            0.95
  2011.0356          -92.44            0.98
  2011.0383          -90.93            0.93
  2011.0411          -89.45            0.99
  2011.0438          -88.21            1.00
  2011.0466          -89.42            0.91
  2011.0493          -90.26            1.03
  2011.0520          -90.10            0.97
  2011.0548          -90.26            1.00
  2011.0575          -92.47            0.94
  2011.0603          -89.08            0.99
  2011.0630          -90.71            0.95
  2011.0658          -89.86            0.97
  2011.0685          -90.02            0.96
  2011.0713          -90.17            0.98
  2011.0740          -90.58            0.99
  2011.0767          -90.06            0.96
  2011.0795          -88.88            0.96
  2011.0822          -90.48            0.98
  2011.0850          -88.89            0.96
  2011.0876          -90.37            0.92
  2011.0905          -89.20            0.92
  2011.0931          -91.26            0.96
  2011.0959          -90.48            0.93
  2011.0986          -91.12            0.91
  2011.1013          -90.54            0.94
  2011.1041          -90.51            0.93
  2011.1068          -89.32            1.01
  2011.1096          -89.56            0.96
  2011.1123          -90.50            1.03
  2011.1151          -90.78            0.98
  2011.1178          -98.40            1.03
  2011.1206         -101.87            1.14
  2011.1233         -102.77            0.97
  2011.1260         -104.40            0.96
  2011.1288         -105.38            0.98
  2011.1315         -103.08            0.99
  2011.1343         -101.94            0.98
  2011.1370         -104.88            1.00
  2011.1398         -101.96            0.97
  2011.1425         -102.14            1.00
  2011.1453         -103.51            0.96
  2011.1479         -103.17            1.06
  2011.1506         -103.48            1.00
  2011.1534         -102.73            0.98
  2011.1561         -102.55            0.93
  2011.1589         -102.43            0.94
  2011.1616         -101.68            0.93
  2011.1644         -103.78            0.96
  2011.1671         -102.42            0.97
  2011.1699         -103.67            0.97
  2011.1726         -103.57            1.01
  2011.1753         -103.46            0.98
  2011.1781         -104.81            1.25
  2011.1808         -104.85            0.95
  2011.1836         -105.25            0.99
  2011.1863         -103.85            1.02
  2011.1891         -103.75            1.18
  2011.1918         -104.82            1.15
  2011.1946         -106.25            1.13
  2011.1973         -106.51            0.95
  2011.2000         -104.64            1.05
  2011.2028         -102.50            1.14
  2011.2054         -106.54            1.06
  2011.2083         -105.73            1.02
  2011.2109         -105.75            0.96
  2011.2137         -106.95            0.95
  2011.2164         -103.38            0.91
  2011.2192         -104.00            1.01
  2011.2219         -105.69            1.13
  2011.2246         -102.57            0.94
  2011.2274         -107.51            0.99
  2011.2301         -104.96            1.13
  2011.2329         -104.14            0.95
  2011.2356         -105.27            0.97
  2011.2384         -103.54            0.93
  2011.2411         -105.20            0.97
  2011.2439         -103.82            0.99
  2011.2466         -104.61            1.13
  2011.2493         -104.26            1.05
  2011.2521         -105.38            1.02
  2011.2548         -105.12            0.97
  2011.2576         -105.61            0.93
  2011.2603         -105.45            1.17
  2011.2631         -104.42            0.96
  2011.2657         -104.13            0.94
  2011.2684         -102.35            0.92
  2011.2712         -103.38            0.94
  2011.2739         -105.52            1.21
  2011.3177         -104.43            1.52
  2011.3206         -103.58            0.88
  2011.3232         -101.31            0.96
  2011.3260         -102.47            0.89
  2011.3287         -104.53            0.86
  2011.3315         -104.10            0.83
  2011.3342         -105.15            0.86
  2011.3370         -104.60            0.92
  2011.3397         -103.24            0.91
  2011.3424         -103.39            0.83
  2011.3452         -102.47            0.83
  2011.3479         -103.44            0.87
  2011.3507         -103.34            0.82
  2011.3534         -104.04            0.84
  2011.3562         -104.33            0.92
  2011.3589         -101.92            0.84
  2011.3617         -102.92            0.82
  2011.3644         -103.35            0.80
  2011.3671         -102.80            0.81
  2011.3699         -103.72            0.85
  2011.3726         -105.51            0.87
  2011.3754         -104.16            0.89
  2011.3781         -103.56            0.93
  2011.3809         -105.21            0.98
  2011.3835         -104.11            0.96
  2011.3864         -103.54            0.92
  2011.3890         -103.88            0.90
  2011.3917         -106.02            0.87
  2011.3945         -104.49            0.95
  2011.3972         -103.93            0.88
  2011.4000         -104.41            0.87
  2011.4027         -104.49            0.89
  2011.4055         -105.29            0.83
  2011.4082         -105.92            0.85
  2011.4110         -105.03            0.84
  2011.4137         -105.33            0.86
  2011.4164         -106.56            0.85
  2011.4192         -106.79            0.85
  2011.4219         -105.95            0.83
  2011.4247         -107.00            0.90
  2011.4274         -107.14            0.95
  2011.4302         -108.41            0.96
  2011.4329         -107.70            1.02
  2011.4357         -106.86            1.04
  2011.4384         -106.84            0.90
  2011.4410         -103.71            0.93
  2011.4438         -104.44            0.92
  2011.4465         -108.63            0.94
  2011.4493         -108.16            0.88
  2011.4520         -108.35            0.89
  2011.4548         -107.09            1.05
  2011.4575         -109.05            0.95
  2011.4603         -107.37            0.94
  2011.4630         -108.68            1.01
  2011.4657         -108.16            1.00
  2011.4685         -106.51            0.95
  2011.4712         -106.10            0.91
  2011.4740         -105.32            0.91
  2011.4767         -105.61            0.95
  2011.4795         -107.23            0.98
  2011.5013         -105.48            2.58
  2011.5042         -104.33            0.92
  2011.5068         -107.15            1.02
  2011.5096         -103.95            1.06
  2011.5123         -104.49            0.98
  2011.5150         -105.79            0.96
  2011.5178         -105.83            0.93
  2011.5205         -106.08            0.96
  2011.5233         -105.64            0.93
  2011.5260         -105.16            0.99
  2011.6083         -103.25            1.11
  2011.6110         -104.00            1.12
  2011.6136         -103.69            1.04
  2011.6165         -104.28            1.06
  2011.6191         -105.49            1.03
  2011.6219         -102.33            1.00
  2011.6246         -104.18            1.13
  2011.6274         -102.34            0.98
  2011.6301         -102.24            1.07
  2011.6329         -101.86            1.03
  2011.6356          -99.49            1.08
  2011.6383         -101.62            0.98
  2011.6411         -101.60            0.96
  2011.6438         -100.55            0.95
  2011.6466         -101.90            0.99
  2011.6493         -100.87            0.98
  2011.6521         -101.07            1.03
  2011.6548         -102.22            1.05
  2011.6576          -99.48            1.06
  2011.6603          -97.67            1.10
  2011.6630          -99.99            1.10
  2011.6658          -98.35            0.89
  2011.6685          -99.86            1.05
  2011.6713         -101.15            1.03
  2011.6740          -96.32            1.03
  2011.6768         -100.59            1.06
  2011.6794         -101.65            1.04
  2011.6823         -100.59            1.03
  2011.6849          -99.57            1.00
  2011.6876         -101.31            1.05
  2011.6904          -98.01            1.08
  2011.6931         -100.28            1.02
  2011.6959         -100.13            1.03
  2011.6986         -100.08            1.01
  2011.7014         -102.51            1.01
  2011.7041          -99.11            1.01
  2011.7069          -99.19            0.96
  2011.7096          -97.01            1.07
  2011.7123          -98.70            0.99
  2011.7151          -98.61            0.94
  2011.7178          -97.71            0.95
  2011.7206          -98.92            1.02
  2011.7233          -99.16            0.99
  2011.7261          -97.56            1.00
  2011.7288          -98.54            1.01
  2011.7316          -99.19            1.04
  2011.7343          -98.98            1.03
  2011.7369          -97.75            1.03
  2011.7397          -99.27            1.02
  2011.7424          -99.46            1.04
  2011.7452         -100.25            1.03
  2011.7479          -98.29            1.08
  2011.7507          -98.70            1.13
  2011.7534         -101.01            0.97
  2011.7561          -99.15            0.99
  2011.7589          -98.72            1.01
  2011.7616          -98.75            1.08
  2011.7644          -98.28            1.01
  2011.7671          -98.59            0.97
  2011.7699          -99.82            0.97
  2011.7726         -100.39            0.94
  2011.7754         -100.19            0.99
  2011.7781          -99.42            1.08
  2011.7808          -99.33            1.18
  2011.8356         -100.10            1.22
  2011.8384          -99.87            0.99
  2011.8411          -98.75            0.99
  2011.8439          -97.34            0.99
  2011.8466          -98.32            1.01
  2011.8494          -97.49            1.01
  2011.8521          -97.10            1.01
  2011.8547          -96.36            1.12
  2011.8575          -99.96            1.12
  2011.8602          -98.38            1.13
  2011.8630         -100.06            1.54
  2011.9507          -93.73            3.48
  2011.9534          -94.17            1.05
  2011.9562          -95.89            1.09
  2011.9589          -94.98            1.04
  2011.9617          -95.50            1.01
  2011.9644          -96.64            1.05
  2011.9672          -99.54            1.05
  2011.9698          -96.36            1.03
  2011.9727          -96.71            1.03
  2011.9753          -96.12            1.03
  2011.9780          -96.75            0.96
  2011.9808          -96.88            0.99
  2011.9835          -94.06            0.92
  2011.9863          -93.95            0.96
  2011.9890          -94.73            0.94
  2011.9918          -92.37            1.00
  2011.9945          -95.68            0.94
  2011.9973          -94.90            0.96
  2012.0000          -94.06            0.94
