  2010.2164            0.00            1.68
  2010.2192           -8.93            1.71
  2010.2219            3.45            1.53
  2010.2246            3.82            1.48
  2010.2274            0.02            1.47
  2010.2301            0.95            1.39
  2010.2329           -1.71            1.50
  2010.2356           -3.94            1.47
  2010.2384            0.56            1.50
  2010.2411            4.18            1.54
  2010.2439           10.37            1.49
  2010.2466           -1.42            1.60
  2010.2493           -9.42            1.52
  2010.2521           -5.06            1.48
  2010.2548           -1.77            1.51
  2010.2576            1.03            1.07
  2010.2603           -1.44            1.51
  2010.2631           -6.01            1.57
  2010.2657           -7.24            1.54
  2010.2684           -4.07            1.49
  2010.2712           -6.21            1.51
  2010.2739           -0.30            1.57
  2010.2767           -5.63            1.53
  2010.2794          -10.51            1.57
  2010.2822            0.23            1.51
  2010.2849           -4.70            1.48
  2010.2877          -11.24            1.52
  2010.2904           -9.23            1.60
  2010.2931          -11.71            1.56
  2010.2959          -16.88            1.55
  2010.2986          -14.58            1.52
  2010.3014          -13.33            1.47
  2010.3069          -13.15            1.48
  2010.3096           -9.76            1.49
  2010.3124          -12.93            1.46
  2010.3151          -15.64            1.46
  2010.3177          -12.45            1.88
  2010.3206          -16.24            1.49
  2010.3232          -15.04            1.51
  2010.3260           -9.56            1.49
  2010.3287          -14.16            1.58
  2010.3315          -10.23            1.56
  2010.3424          -13.72            1.52
  2010.3452          -16.61            1.46
  2010.3479          -15.67            1.43
  2010.3507           -9.64            1.40
  2010.3534          -15.94            1.37
  2010.3562          -18.33            1.39
  2010.3589          -20.98            1.41
  2010.3617          -12.71            2.37
  2010.3644          -18.98            1.52
  2010.3726          -16.36            1.49
  2010.3754          -17.91            1.48
  2010.3781          -20.61            1.51
  2010.3809          -21.95            1.47
  2010.3835          -16.04            1.46
  2010.3864          -25.36            1.49
  2010.3890          -25.16            1.55
  2010.3917          -27.91            1.50
  2010.3945          -26.31            1.51
  2010.3972          -24.04            1.51
  2010.4000          -25.68            1.49
  2010.4027          -22.19            1.50
  2010.4055          -24.24            1.53
  2010.4082          -26.38            1.54
  2010.4110          -21.84            3.33
  2010.4137          -22.94            1.46
  2010.4164          -23.98            1.44
  2010.4192          -26.13            1.51
  2010.4219          -30.93            1.47
  2010.4247          -26.83            1.50
  2010.4274          -26.79            1.45
  2010.4302          -28.94            1.42
  2010.4329          -27.41            1.43
  2010.4357          -14.95            1.37
  2010.4384          -15.47            1.43
  2010.4410          -20.53            1.43
  2010.4438          -23.26            1.55
  2010.4465          -19.94            1.47
  2010.4493          -25.81            1.46
  2010.4520          -27.79            1.67
  2010.4548          -22.26            1.44
  2010.4575          -25.18            1.49
  2010.4603          -29.74            1.74
  2010.4630          -24.88            1.69
  2010.4657          -34.57            1.63
  2010.4685          -25.14            1.43
  2010.4712          -32.74            1.51
  2010.4987          -28.87            1.44
  2010.5013          -27.84            1.39
  2010.5042          -26.91            1.47
  2010.5068          -30.00            1.54
  2010.5096          -27.45            1.49
  2010.5123          -25.42            1.59
  2010.5150          -28.58            1.52
  2010.5178          -29.74            1.49
  2010.5205          -28.09            1.44
  2010.5233          -29.68            1.47
  2010.5260          -36.13            1.56
  2010.5288          -35.79            1.42
  2010.5315          -29.54            1.39
  2010.5343          -34.64            1.38
  2010.5370          -31.65            1.45
  2010.5397          -22.00            1.45
  2010.5425          -33.06            1.47
  2010.5480          -36.91            1.44
  2010.5507          -40.36            1.47
  2010.5562          -35.01            1.51
  2010.5590          -39.48            1.56
  2010.5616          -37.86            1.57
  2010.5643          -37.11            1.56
  2010.5671          -31.66            1.46
  2010.5698          -36.35            1.54
  2010.5726          -35.99            1.55
  2010.5753          -31.34            1.52
  2010.5781          -30.09            1.62
  2010.5808          -33.65            1.55
  2010.5836          -36.16            1.48
  2011.0027          -46.92            1.51
  2011.0055          -53.00            1.52
  2011.0082          -54.43            1.62
  2011.0110          -55.15            1.59
  2011.0137          -55.97            1.51
  2011.0165          -54.28            1.49
  2011.0192          -53.39            1.48
  2011.0220          -47.00            1.51
  2011.0247          -46.53            1.51
  2011.0273          -48.35            1.52
  2011.0302          -45.25            1.67
  2011.0328          -51.09            1.56
  2011.0356          -51.21            1.61
  2011.0383          -44.34            1.52
  2011.0411          -51.07            1.60
  2011.0438          -52.30            1.65
  2011.0466          -49.52            1.49
  2011.0493          -61.32            1.71
  2011.0520          -50.26            1.60
  2011.0548          -47.03            1.63
  2011.0575          -43.41            1.54
  2011.0603          -55.23            1.62
  2011.0630          -57.99            1.57
  2011.0658          -62.08            1.59
  2011.0685          -59.17            1.59
  2011.0713          -59.31            1.60
  2011.0740          -61.11            1.61
  2011.0767          -56.87            1.59
  2011.0795          -49.44            1.59
  2011.0822          -57.74            1.61
  2011.0850          -53.39            1.58
  2011.0876          -55.08            1.50
  2011.0905          -58.39            1.52
  2011.0931          -58.87            1.58
  2011.0959          -53.31            1.54
  2011.0986          -52.38            1.49
  2011.1013          -56.12            1.56
  2011.1041          -58.73            1.54
  2011.1068          -56.80            1.68
  2011.1096          -52.47            1.59
  2011.1123          -55.95            1.71
  2011.1151          -58.24            1.63
  2011.1178          -59.16            1.72
  2011.1206          -65.12            1.90
  2011.1233          -59.95            1.61
  2011.1260          -60.90            1.58
  2011.1288          -72.78            1.63
  2011.1315          -64.71            1.65
  2011.1343          -56.08            1.62
  2011.1370          -67.68            1.64
  2011.1398          -63.47            1.60
  2011.1425          -67.22            1.65
  2011.1453          -62.45            1.58
  2011.1479          -65.48            1.74
  2011.1506          -66.09            1.65
  2011.1534          -60.75            1.61
  2011.1561          -66.23            1.52
  2011.1589          -67.16            1.54
  2011.1616          -59.61            1.53
  2011.1644          -64.57            1.57
  2011.1671          -68.09            1.61
  2011.1699          -66.24            1.60
  2011.1726          -65.10            1.66
  2011.1753          -64.85            1.62
  2011.1781          -60.93            2.05
  2011.1808          -60.88            1.57
  2011.1836          -60.97            1.62
  2011.1863          -60.50            1.67
  2011.1891          -63.72            1.93
  2011.1918          -66.33            1.87
  2011.1946          -60.70            1.86
  2011.1973          -68.07            1.57
  2011.2000          -66.50            1.74
  2011.2028          -72.94            1.88
  2011.2054          -65.10            1.76
  2011.2083          -64.84            1.67
  2011.2109          -67.70            1.58
  2011.2137          -66.36            1.56
  2011.2164          -70.50            1.51
  2011.2192          -74.59            1.66
  2011.2219          -70.72            1.82
  2011.2246          -72.53            1.54
  2011.2274          -69.10            1.63
  2011.2301          -64.76            1.83
  2011.2329          -70.66            1.57
  2011.2356          -67.51            1.59
  2011.2384          -64.70            1.52
  2011.2411          -62.27            1.59
  2011.2439          -73.86            1.63
  2011.2466          -69.03            1.84
  2011.2493          -66.87            1.71
  2011.2521          -65.23            1.69
  2011.2548          -72.21            1.58
  2011.2576          -74.09            1.53
  2011.2603          -69.60            1.89
  2011.2631          -72.37            1.56
  2011.2657          -75.59            1.55
  2011.2684          -68.66            1.52
  2011.2712          -65.55            1.56
  2011.2739          -71.06            2.01
  2011.3177          -83.01            2.54
  2011.3206          -91.98            1.47
  2011.3232          -90.47            1.57
  2011.3260          -81.83            1.46
  2011.3287          -85.38            1.43
  2011.3315          -85.43            1.38
  2011.3342          -90.98            1.41
  2011.3370          -89.42            1.50
  2011.3397          -79.22            1.51
  2011.3424          -91.27            1.39
  2011.3452          -83.54            1.38
  2011.3479          -90.21            1.44
  2011.3507          -85.68            1.36
  2011.3534          -87.93            1.39
  2011.3562          -98.22            1.52
  2011.3589          -89.78            1.41
  2011.3617          -88.42            1.38
  2011.3644          -90.50            1.33
  2011.3671          -91.43            1.33
  2011.3699          -87.80            1.40
  2011.3726          -94.03            1.44
  2011.3754          -94.71            1.47
  2011.3781          -91.63            1.53
  2011.3809          -96.25            1.61
  2011.3835          -88.88            1.60
  2011.3864          -91.46            1.54
  2011.3890          -94.04            1.49
  2011.3917          -87.53            1.44
  2011.3945          -93.54            1.56
  2011.3972          -93.55            1.45
  2011.4000          -92.82            1.44
  2011.4027          -94.85            1.48
  2011.4055          -94.47            1.38
  2011.4082          -90.11            1.40
  2011.4110          -93.23            1.39
  2011.4137          -93.47            1.43
  2011.4164          -87.70            1.41
  2011.4192          -92.10            1.41
  2011.4219          -90.57            1.37
  2011.4247          -92.93            1.49
  2011.4274          -85.73            1.57
  2011.4302          -84.27            1.57
  2011.4329          -86.01            1.69
  2011.4357          -86.90            1.71
  2011.4384          -87.25            1.48
  2011.4410          -88.18            1.53
  2011.4438          -91.28            1.52
  2011.4465          -95.32            1.55
  2011.4493          -85.69            1.46
  2011.4520          -88.34            1.47
  2011.4548          -97.05            1.74
  2011.4575          -90.82            1.56
  2011.4603          -88.95            1.53
  2011.4630          -94.54            1.66
  2011.4657          -99.91            1.63
  2011.4685          -93.00            1.57
  2011.4712          -95.11            1.49
  2011.4740          -99.15            1.50
  2011.4767          -96.16            1.55
  2011.4795          -97.14            1.62
  2011.5013          -88.81            4.08
  2011.5042          -91.05            1.48
  2011.5068          -96.69            1.66
  2011.5096          -90.30            1.71
  2011.5123          -90.58            1.62
  2011.5150          -96.92            1.58
  2011.5178          -93.51            1.53
  2011.5205          -88.42            1.58
  2011.5233          -95.87            1.53
  2011.5260          -93.47            1.62
  2011.6083          -95.90            1.79
  2011.6110          -93.07            1.79
  2011.6136         -101.90            1.65
  2011.6165          -93.18            1.66
  2011.6191          -99.02            1.64
  2011.6219          -96.33            1.61
  2011.6246          -98.00            1.80
  2011.6274         -101.05            1.57
  2011.6301          -99.84            1.69
  2011.6329          -97.80            1.63
  2011.6356         -103.78            1.71
  2011.6383          -96.82            1.59
  2011.6411          -96.95            1.55
  2011.6438         -104.37            1.53
  2011.6466          -99.14            1.59
  2011.6493          -98.17            1.57
  2011.6521          -98.40            1.68
  2011.6548         -101.36            1.71
  2011.6576          -94.07            1.72
  2011.6603          -99.19            1.78
  2011.6630         -102.56            1.79
  2011.6658          -89.36            1.46
  2011.6685         -100.15            1.72
  2011.6713          -99.25            1.68
  2011.6740         -102.81            1.68
  2011.6768         -100.83            1.70
  2011.6794         -102.03            1.65
  2011.6823          -97.78            1.63
  2011.6849         -104.50            1.61
  2011.6876         -100.36            1.68
  2011.6904         -106.27            1.73
  2011.6931          -98.02            1.62
  2011.6959          -96.66            1.65
  2011.6986          -96.41            1.60
  2011.7014          -94.16            1.59
  2011.7041          -96.68            1.57
  2011.7069          -96.64            1.54
  2011.7096         -102.09            1.73
  2011.7123         -100.39            1.58
  2011.7151         -100.85            1.50
  2011.7178          -99.69            1.53
  2011.7206         -102.77            1.60
  2011.7233          -99.56            1.60
  2011.7261          -97.29            1.60
  2011.7288         -104.56            1.63
  2011.7316         -104.83            1.66
  2011.7343         -103.66            1.66
  2011.7369          -97.97            1.64
  2011.7397          -99.59            1.63
  2011.7424         -105.48            1.67
  2011.7452         -104.36            1.64
  2011.7479         -102.14            1.75
  2011.7507         -108.61            1.81
  2011.7534         -106.06            1.59
  2011.7561         -105.59            1.62
  2011.7589          -97.36            1.63
  2011.7616         -104.42            1.76
  2011.7644         -107.03            1.65
  2011.7671         -104.67            1.57
  2011.7699         -112.61            1.58
  2011.7726         -110.42            1.52
  2011.7754         -107.58            1.60
  2011.7781         -108.20            1.75
  2011.7808         -109.66            1.91
  2011.8356          -93.72            1.93
  2011.8384         -101.52            1.61
  2011.8411         -100.54            1.61
  2011.8439         -101.16            1.60
  2011.8466          -93.54            1.64
  2011.8494          -93.25            1.63
  2011.8521         -100.95            1.63
  2011.8547         -100.99            1.81
  2011.8575         -101.93            1.81
  2011.8602         -101.90            1.86
  2011.8630          -99.16            2.54
  2011.9507          -96.71            6.08
  2011.9534          -96.00            1.68
  2011.9562         -105.39            1.72
  2011.9589          -99.51            1.66
  2011.9617          -95.46            1.62
  2011.9644         -108.69            1.69
  2011.9672         -102.58            1.69
  2011.9698         -106.17            1.65
  2011.9727         -107.23            1.65
  2011.9753         -102.42            1.64
  2011.9780         -101.75            1.53
  2011.9808          -99.76            1.58
  2011.9835         -105.71            1.51
  2011.9863         -109.64            1.59
  2011.9890         -107.46            1.55
  2011.9918         -104.36            1.65
  2011.9945         -109.47            1.55
  2011.9973         -111.49            1.58
  2012.0000         -108.42            1.55
