  2007.9095            0.00            2.31
  2007.9124            3.33            1.13
  2007.9150            3.08            1.21
  2007.9178            2.00            1.17
  2007.9205            2.30            1.13
  2007.9233            1.66            1.17
  2007.9260            0.95            1.23
  2007.9287            1.70            1.10
  2007.9315            1.70            1.10
  2007.9342            1.47            1.15
  2007.9370            0.75            1.16
  2007.9397            0.86            1.20
  2007.9425            1.97            1.20
  2007.9452            2.76            1.12
  2007.9480            2.73            1.05
  2007.9507            1.30            1.29
  2007.9534            3.58            1.21
  2007.9562            3.54            1.14
  2007.9589            2.62            1.02
  2008.0027            3.55            1.18
  2008.0055            2.79            1.26
  2008.0082            3.17            1.19
  2008.0110            3.96            1.17
  2008.0137            3.51            1.21
  2008.0165            4.74            1.30
  2008.0192            4.97            1.32
  2008.0220            4.06            1.36
  2008.0247            3.59            1.38
  2008.0273            5.21            1.30
  2008.0302            7.41            1.19
  2008.0328            4.41            1.16
  2008.0356            5.44            1.25
  2008.0383            3.07            1.20
  2008.0411            1.67            1.22
  2008.0438            2.80            1.28
  2008.0466            1.46            1.18
  2008.0493            5.22            1.22
  2008.0520            4.21            1.16
  2008.0548            4.83            1.23
  2008.0575            5.33            1.18
  2008.0603            7.88            1.22
  2008.0630            7.72            1.20
  2008.0658            4.12            1.17
  2008.0685            3.97            1.20
  2008.0713            7.34            1.23
  2008.0740            4.15            1.17
  2008.0767            5.68            1.19
  2008.0795            4.15            1.16
  2008.0822            6.70            1.14
  2008.0850            4.32            1.23
  2008.0876            4.32            1.17
  2008.0905            5.09            1.15
  2008.0931            6.46            1.10
  2008.0959            3.00            1.13
  2008.0986            6.42            1.16
  2008.1013            6.28            1.17
  2008.1041            5.47            1.14
  2008.1068            5.77            1.14
  2008.1096            4.89            1.18
  2008.1123            5.25            1.11
  2008.1151            3.62            1.15
  2008.1178            5.35            1.15
  2008.1206            8.08            1.14
  2008.1233            4.95            1.18
  2008.1260            5.33            1.13
  2008.1288            5.32            1.19
  2008.1315            4.65            1.24
  2008.1343            4.98            1.21
  2008.1370            6.74            1.20
  2008.1398            4.15            1.29
  2008.1425            5.80            1.22
  2008.1453           -0.08            1.21
  2008.1479            5.69            1.19
  2008.1506            4.24            1.18
  2008.1534            6.28            1.20
  2008.1561            5.09            1.17
  2008.1589            3.95            1.22
  2008.1616            4.10            1.26
  2008.1644            2.80            1.18
  2008.1671            3.95            1.21
  2008.1699            3.78            1.18
  2008.1726            4.67            1.10
  2008.1753            5.56            1.12
  2008.1781            4.09            1.13
  2008.1808            4.96            1.16
  2008.1836            4.52            1.16
  2008.1863            5.40            1.16
  2008.1891            3.64            1.20
  2008.1918            5.25            1.18
  2008.1946            4.46            1.13
  2008.1973            3.58            1.15
  2008.2000            5.11            1.12
  2008.2028            4.98            1.16
  2008.2054            5.57            1.20
  2008.2083            5.78            1.64
  2008.2109            4.61            1.19
  2008.2137            4.12            1.34
  2008.2164            3.94            1.32
  2008.2192            3.30            1.16
  2008.2219            4.30            1.19
  2008.2246            3.95            1.22
  2008.2274            2.81            1.18
  2008.2301            4.10            1.18
  2008.2329            4.91            1.20
  2008.2356            4.14            1.26
  2008.2384            4.26            1.30
  2008.2411            5.25            1.17
  2008.2439            4.51            1.21
  2008.2466            7.33            1.17
  2008.2493            6.34            1.17
  2008.2521            5.44            1.21
  2008.2548            6.57            1.19
  2008.2576            5.60            1.20
  2008.2603            6.45            1.19
  2008.2631            5.52            1.14
  2008.2657            6.15            1.22
  2008.2684            4.55            1.17
  2008.2712            5.28            1.16
  2008.2739            5.19            1.12
  2008.2767            4.24            1.17
  2008.2794            4.46            1.18
  2008.2822            5.88            1.16
  2008.2849            8.38            1.09
  2008.2877            5.90            1.07
  2008.2904            6.90            1.20
  2008.2931            7.15            1.13
  2008.2959            6.80            1.09
  2008.2986            5.81            1.09
  2008.3014            6.94            1.11
  2008.3041            5.65            1.14
  2008.3069            4.65            1.10
  2008.3096            6.27            1.14
  2008.3124            6.63            1.12
  2008.3151            5.67            1.11
  2008.3177            5.25            1.15
  2008.3206            6.69            1.24
  2008.3232            4.92            1.26
  2008.3260            7.11            1.33
  2008.3287            1.50           12.05
  2008.3315            7.28            1.14
  2008.3342            6.91            1.13
  2008.3370            8.00            1.42
  2008.3507            3.55            2.95
  2008.3534            7.86            0.98
  2008.3562            5.79            0.96
  2008.3589            6.94            0.91
  2008.3617            6.60            0.89
  2008.3644            6.63            0.87
  2008.3671            6.46            0.91
  2008.3699            6.60            1.15
  2008.3726            5.22            0.91
  2008.3754            6.43            0.89
  2008.3781            6.35            0.95
  2008.3809            6.35            1.01
  2008.3835            5.25            1.23
  2008.3864            7.06            3.68
  2008.3890            4.81            1.05
  2008.3917            4.91            1.02
  2008.3945            9.27            3.38
  2008.3972            5.22            1.08
  2008.4000            4.49            0.94
  2008.4027            4.72            1.39
  2008.4110            4.58            1.04
  2008.4137            5.29            0.91
  2008.4164            4.81            0.90
  2008.4192            5.96            0.91
  2008.4219            4.88            0.90
  2008.4247            4.15            1.14
  2008.4274            5.54            1.12
  2008.4302            4.93            1.56
  2008.4329            5.11            1.86
  2008.4357            6.48            0.89
  2008.4384            4.68            0.95
  2008.4410            4.45            1.31
  2008.4438            3.05            1.02
  2008.4465            4.63            1.11
  2008.4493            3.71            0.90
  2008.4520            3.91            0.96
  2008.4548            0.32            1.25
  2008.4575            4.89            0.94
  2008.4603            3.36            1.06
  2008.4630            3.90            1.12
  2008.4657            4.74            0.99
  2008.4685            4.71            1.27
  2008.4712            4.59            1.00
  2008.4740            5.65            0.87
  2008.4767            5.80            0.90
  2008.4795            6.46            0.88
  2008.4822            5.50            0.89
  2008.4850            5.89            0.89
  2008.4877            6.21            0.92
  2008.4904            5.85            0.90
  2008.4932            6.12            0.87
  2008.4958            7.82            0.93
  2008.4987            6.81            0.91
  2008.5013            8.00            0.89
  2008.5042            8.38            0.89
  2008.5068            7.18            0.90
  2008.5096            7.28            0.90
  2008.5123            7.04            0.92
  2008.5150            6.91            0.89
  2008.5178            6.50            0.91
  2008.5205            8.25            0.86
  2008.5233            7.15            0.84
  2008.5260            7.69            0.88
  2008.5288            9.00            0.92
  2008.5315            5.47            0.95
  2008.5343            8.43            0.89
  2008.5370            7.27            0.90
  2008.5397            7.01            0.89
  2008.5425            6.01            0.89
  2008.5452            6.96            0.91
  2008.5480            7.11            0.86
  2008.5507            8.68            0.90
  2008.5535            6.54            0.84
  2008.5562            7.42            0.89
  2008.5590            7.04            0.90
  2008.5616            6.90            0.91
  2008.5643            6.59            0.90
  2008.5671            7.47            0.90
  2008.5698            6.72            0.90
  2008.5726            5.50            0.92
  2008.5753            5.84            0.93
  2008.5781            4.30            1.04
  2008.5808            2.82            0.92
  2008.5836            3.03            1.03
  2008.5890            3.50            0.88
  2008.5918            1.64            0.92
  2008.5945            1.52            1.12
  2008.5973            1.10            0.92
  2008.6000            2.27            0.93
  2008.6028            2.92            0.91
  2008.6055            3.38            0.90
  2008.6083            3.48            0.89
  2008.6110            2.76            0.90
  2008.6136            1.26            0.95
  2008.6165            2.35            0.89
  2008.6191            2.69            0.87
  2008.6219            2.43            0.91
  2008.6246            2.37            0.93
  2008.6274            1.61            0.93
  2008.6301            3.31            0.87
  2008.6329            3.50            0.89
  2008.6356            3.35            0.99
  2008.6383            3.27            1.11
  2008.6411            3.47            1.01
  2008.6438            3.44            1.12
  2008.6521            6.02            2.66
  2008.6548            4.66            1.18
  2008.6576            5.26            1.17
  2008.6603            4.61            1.16
  2008.6630            4.81            1.10
  2008.6658            3.91            1.10
  2008.6685            5.08            1.11
  2008.6713            4.42            1.12
  2008.6740            4.36            1.09
  2008.6768            6.48            1.06
  2008.6794            6.46            1.09
  2008.6823            5.72            0.87
  2008.6849            5.97            1.00
  2008.6876           -2.38            0.87
  2008.6904           -2.39            0.85
  2008.6931           -1.35            0.86
  2008.6959           -2.19            0.90
  2008.6986           -1.59            0.87
  2008.7014           -0.78            0.85
  2008.7041           -1.83            0.82
  2008.7069            6.37            0.84
  2008.7096            8.08            0.83
  2008.7123            6.26            0.86
  2008.7151            6.03            0.87
  2008.7178            6.12            0.86
  2008.7206            7.17            0.85
  2008.7233            6.56            0.86
  2008.7261            5.46            0.83
  2008.7288            6.68            0.88
  2008.7316            5.77            0.87
  2008.7343            6.28            1.03
  2008.7369            6.03            0.84
  2008.7397            5.68            0.89
  2008.7424            6.39            0.88
  2008.7479            6.68            0.85
  2008.7507            5.21            0.86
  2008.7534            4.82            0.93
  2008.7561            5.30            0.91
  2008.7589            6.62            0.91
  2008.7616            6.91            0.89
  2008.7644            6.95            0.88
  2008.7671            7.63            0.87
  2008.7699            7.31            0.87
  2008.7726            6.88            0.88
  2008.7754            6.42            0.89
  2008.7781            8.30            0.99
  2008.7808            6.93            0.92
  2008.7836            5.61            2.16
  2008.7863            5.38            0.88
  2008.7891            7.08            0.90
  2008.7917            5.92            0.99
  2008.7946            6.97            0.92
  2008.7972            6.27            0.90
  2008.8000            5.88            0.94
  2008.8027            5.51            0.96
  2008.8054            6.34            0.93
  2008.8082            5.55            0.94
  2008.8109            5.18            0.94
  2008.8137            6.64            0.90
  2008.8164            5.93            0.91
  2008.8192            7.41            0.96
  2008.8219            6.23            0.88
  2008.8247            6.71            0.87
  2008.8274            6.02            0.89
  2008.8301            6.28            0.90
  2008.8329            5.89            0.92
  2008.8356            7.32            0.89
  2009.0027            8.30            0.91
  2009.0055            6.14            0.90
  2009.0082            6.95            0.91
  2009.0110            7.66            0.89
  2009.0137            7.60            0.93
  2009.0165            7.40            0.94
  2009.0192            7.06            0.91
  2009.0220            7.73            0.92
  2009.0247            7.85            0.88
  2009.0273            8.95            0.93
  2009.0302            7.08            0.92
  2009.0328            9.64            0.95
  2009.0356            6.10            0.93
  2009.0383            6.19            0.96
  2009.0411            8.80            0.94
  2009.0438            7.61            0.95
  2009.0466            7.28            0.95
  2009.0493            5.13            0.93
  2009.0520            7.89            0.89
  2009.0548            7.86            0.90
  2009.0575            7.33            0.89
  2009.0603            6.39            0.91
  2009.0630            6.79            0.90
  2009.0658            5.84            0.93
  2009.0685            6.51            0.88
  2009.0713            7.57            0.88
  2009.0740            8.22            1.04
  2009.0767            8.11            0.91
  2009.0795            7.77            0.90
  2009.0822            7.17            0.93
  2009.0850            5.43            0.92
  2009.0876            6.58            0.89
  2009.0905            5.47            0.88
  2009.0931            6.18            0.91
  2009.0959            6.33            0.94
  2009.0986            5.62            0.95
  2009.1013            5.92            0.91
  2009.1041            7.24            0.88
  2009.1068            7.50            0.91
  2009.1096            9.08            0.99
  2009.1123            6.08            1.25
  2009.1151            6.54            0.95
  2009.1178            6.73            0.90
  2009.1206            7.12            0.91
  2009.1233            7.22            0.90
  2009.1260            6.78            0.91
  2009.1288            8.54            0.96
  2009.1315            7.50            1.18
  2009.1343            8.06            0.91
  2009.1370            8.26            0.98
  2009.1398            7.59            0.93
  2009.1425            9.54            0.92
  2009.1453            7.05            0.92
  2009.1479            7.54            0.92
  2009.1506            8.47            0.89
  2009.1534            8.92            0.92
  2009.1561            9.87            0.96
  2009.1589            6.40            0.92
  2009.1616            6.33            0.95
  2009.1644            5.36            1.67
  2009.1671            6.53            0.96
  2009.1699            5.98            0.95
  2009.1726            7.74            0.98
  2009.1753            7.95            0.89
  2009.1781            7.10            0.87
  2009.1808            7.56            0.93
  2009.1836            7.17            0.90
  2009.1863            6.42            0.91
  2009.1891            8.09            0.97
  2009.1918            7.09            0.93
  2009.1946            7.11            0.90
  2009.1973            5.40            0.91
  2009.2000            6.52            0.89
  2009.2028            8.22            0.90
  2009.2054            6.24            1.03
  2009.2083            8.66            0.88
  2009.2109            6.94            0.94
  2009.2137            8.66            0.92
  2009.2164            8.92            0.89
  2009.2192            6.85            0.88
  2009.2219            7.55            0.92
  2009.2246            6.76            0.99
  2009.2274            7.85            0.98
  2009.2301            7.74            0.95
  2009.2329            7.39            0.87
  2009.2356            5.89            0.87
  2009.2384            4.97            0.90
  2009.2411            7.13            0.88
  2009.2439            9.03            0.86
  2009.2466            9.04            0.86
  2009.2493           10.17            0.86
  2009.2521            8.57            0.92
  2009.2548            7.48            0.94
  2009.2576            9.00            0.89
  2009.2603            5.91            1.65
  2009.2631            6.36            0.86
  2009.2657            6.99            0.86
  2009.2684            7.66            0.92
  2009.2712            7.93            0.86
  2009.2739            7.36            0.87
  2009.2767            7.35            0.83
  2009.2794           10.56            0.89
  2009.2822            8.94            0.85
  2009.2849           10.12            0.85
  2009.2877            8.75            0.86
  2009.2904            7.93            0.91
  2009.2931            9.04            0.88
  2009.2959            8.99            0.83
  2009.2986            8.32            0.83
  2009.3014            7.87            0.84
  2009.3069            7.95            0.91
  2009.3096            7.32            0.87
  2009.3124            7.86            0.88
  2009.3151            8.82            0.88
  2009.3177            9.76            0.85
  2009.3206            9.26            0.95
  2009.3232            8.88            0.87
  2009.3260            7.79            0.86
  2009.3315            7.99            0.88
  2009.3342            7.88            0.86
  2009.3370            8.03            0.90
  2009.3397            7.85            0.97
  2009.3424            8.46            0.88
  2009.3452            8.08            0.92
  2009.3479            6.47            0.86
  2009.3507            7.71            0.94
  2009.3534            6.57            0.87
  2009.3562            7.41            0.87
  2009.3589            7.89            0.87
  2009.3617            7.47            0.90
  2009.3644            6.43            0.86
  2009.3671            8.53            0.87
  2009.3699            6.62            0.91
  2009.3726            6.28            0.89
  2009.3754            8.26            0.88
  2009.3781            6.91            0.87
  2009.3809            7.13            0.85
  2009.3835            6.79            0.88
  2009.3864            6.56            0.84
  2009.3890            7.58            0.87
  2009.3917            7.01            0.85
  2009.3945            7.03            0.89
  2009.3972            8.43            0.90
  2009.4000            8.91            0.86
  2009.4027            9.86            0.84
  2009.4055            9.66            0.91
  2009.4082            8.00            0.86
  2009.4110           10.14            0.87
  2009.4137            8.74            0.86
  2009.4164            8.80            0.95
  2009.4192            9.00            0.84
  2009.4219            7.13            0.83
  2009.4247            7.68            0.85
  2009.4274            9.50            0.82
  2009.4302            8.69            0.83
  2009.4329            7.87            0.84
  2009.4357            9.44            0.88
  2009.4384            9.72            0.89
  2009.4410            9.19            0.84
  2009.4438            9.80            0.83
  2009.4465            8.68            0.82
  2009.4493            8.07            0.85
  2009.4520            6.97            0.88
  2009.4548            7.74            0.85
  2009.4575            6.67            1.00
  2009.4603            8.38            0.93
  2009.4630            7.10            0.86
  2009.4657            6.76            0.85
  2009.4685            9.39            0.83
  2009.4712            9.36            0.85
  2009.4740            8.61            0.87
  2009.4767            9.60            0.85
  2009.4795            9.38            0.87
  2009.4822           10.04            0.88
  2009.4850            9.20            0.87
  2009.4877           10.44            0.86
  2009.4904            8.36            1.01
  2009.4932            8.89            0.90
  2009.4958            8.61            1.02
  2009.4987            7.70            0.86
  2009.5013            9.40            0.80
  2009.5042            7.96            0.87
  2009.5068            7.36            0.88
  2009.5096            7.19            0.87
  2009.5123            7.64            0.86
  2009.5150            8.52            0.84
  2009.5178            9.04            0.81
  2009.5205            7.59            0.81
  2009.5233            7.21            0.81
  2009.5260            7.42            0.82
  2009.5288            7.47            0.84
  2009.5315            8.11            0.81
  2009.5343            7.67            0.81
  2009.5370            7.99            0.81
  2009.5397            8.04            0.79
  2009.5425            8.41            0.79
  2009.5452            9.47            0.89
  2009.5507           -7.25            5.84
  2009.5535            4.71            0.92
  2009.5562            6.85            0.86
  2009.5590            7.31            0.84
  2009.5616            7.29            0.82
  2009.5643            6.44            0.84
  2009.5671            7.29            0.85
  2009.5698            7.83            0.82
  2009.5726            7.54            0.87
  2009.5753            7.96            0.85
  2009.5781            7.12            0.79
  2009.5808            8.22            0.94
  2009.5890            7.75            1.34
  2009.5918            5.14            0.86
  2009.5945            6.82            0.81
  2009.5973            7.39            0.80
  2009.6000            5.72            0.89
  2009.6028            7.56            0.83
  2009.6055            9.80            0.80
  2009.6083            8.79            0.90
  2009.6110            7.89            0.86
  2009.6136            7.83            0.86
  2009.6165            8.17            0.83
  2009.6191            5.90            0.82
  2009.6219            7.95            0.88
  2009.6246            7.52            0.87
  2009.6274            8.08            0.86
  2009.6301            8.61            0.85
  2009.6329            9.22            0.84
  2009.6356            8.70            0.80
  2009.6383            7.33            0.83
  2009.6411            6.77            1.04
  2009.6521            9.42            1.92
  2009.6548            8.71            0.85
  2009.6576            7.94            0.81
  2009.6603            7.87            0.82
  2009.6630            7.38            0.85
  2009.6658            9.33            0.83
  2009.6685           10.85            0.98
  2009.6713            8.88            0.86
  2009.6740            9.25            0.85
  2009.6768            9.70            0.84
  2009.6794            8.44            0.89
  2009.6823            9.12            0.95
  2009.6849            8.75            0.90
  2009.6876            9.75            0.80
  2009.6904            9.33            0.81
  2009.6931           11.18            0.78
  2009.6959           11.30            0.79
  2009.6986           10.72            0.78
  2009.7014           10.94            0.81
  2009.7041            9.99            0.80
  2009.7069           11.08            0.81
  2009.7096           10.25            0.87
  2009.7123            8.84            0.86
  2009.7151            9.63            0.84
  2009.7178           10.15            0.81
  2009.7206            8.66            0.84
  2009.7233            9.13            0.80
  2009.7261            9.80            0.81
  2009.7288           10.15            0.79
  2009.7316            9.24            0.86
  2009.7343            9.88            0.81
  2009.7369           10.51            0.85
  2009.7397            9.38            0.91
  2009.7424           10.89            0.84
  2009.7452           10.98            0.83
  2009.7479            9.83            0.83
  2009.7507            8.94            0.89
  2009.7534            8.38            0.85
  2009.7561            7.65            0.82
  2009.7589            7.82            0.89
  2009.7616            8.77            0.92
  2009.7644            9.71            0.84
  2009.7671           10.16            0.82
  2009.7699            9.32            0.87
  2009.7726            9.77            0.86
  2009.7754            8.46            0.95
  2009.7781            8.44            0.87
  2009.7808            8.80            0.83
  2009.7836           10.20            0.83
  2009.7863            8.43            0.94
  2009.7891            9.36            1.00
  2009.7917           10.68            0.83
  2009.7946            9.55            0.85
  2009.7972            9.77            0.86
  2009.8000            8.00            1.06
  2009.8027            8.46            0.88
  2009.8054            9.62            0.85
  2009.8082           10.06            1.06
  2009.8109            8.07            0.91
  2009.8137           10.38            0.90
  2009.8164           10.33            1.32
  2009.8192            9.77            0.89
  2009.8219            9.96            1.01
  2009.8247           10.55            0.91
  2009.8274            9.16            0.95
  2009.8301            9.65            0.96
  2009.8329            9.83            0.94
  2009.8356            7.56            1.01
  2009.8384            8.84            1.03
  2009.8411            7.35            0.98
  2009.8439            6.27            0.95
  2009.8466            8.12            0.94
  2009.8494            7.90            0.92
  2009.8521            9.21            0.92
  2009.8547            9.98            0.90
  2009.8575            9.95            0.88
  2009.8602            9.80            0.91
  2009.8630            8.50            0.85
  2009.8657            8.18            0.88
  2009.8685            8.37            0.92
  2009.8712            8.61            0.93
  2009.8740            7.17            0.91
  2009.8767            8.21            0.94
  2009.8794            8.45            0.96
  2009.8822           10.08            0.97
  2009.8849            9.25            1.01
  2009.8877           10.57            0.91
  2009.8904           10.33            0.92
  2009.8932            8.74            1.32
  2009.8959            9.78            0.97
  2009.8987            8.16            0.98
  2009.9014            7.45            0.96
  2009.9041           10.70            0.97
  2009.9069            9.07            0.89
  2009.9095            8.59            0.92
  2009.9124            8.80            1.01
  2009.9150            7.74            0.95
  2009.9178            9.49            0.93
  2009.9205           11.49            0.98
  2009.9233           10.16            0.91
  2009.9260            8.07            0.89
  2009.9287            9.90            0.95
  2009.9315           10.05            0.90
  2009.9342           11.07            0.89
  2009.9370           10.52            0.88
  2009.9397            8.74            0.90
  2009.9425           10.69            0.93
  2009.9452           11.93            0.92
  2009.9480           12.65            0.92
  2009.9507           11.17            0.93
  2009.9534           11.80            1.02
  2009.9562           13.14            0.95
  2009.9589            9.97            0.91
  2009.9617            8.86            1.03
  2009.9644           12.91            0.99
  2009.9672            9.94            1.02
  2009.9698           12.90            0.95
  2009.9727            9.30            0.92
  2009.9753           11.81            1.01
  2009.9780           11.38            1.06
  2009.9808           10.24            1.01
  2009.9835           11.02            0.93
  2009.9863            9.34            1.02
  2009.9890           10.73            0.98
  2009.9918           10.13            0.98
  2009.9945           10.60            1.03
  2009.9973            9.60            1.00
  2010.0000           11.73            0.96
  2010.0027            5.99            1.02
  2010.0055            7.31            0.92
  2010.0082            5.94            0.96
  2010.0110            6.36            0.97
  2010.0137            6.91            1.03
  2010.0165            5.73            0.96
  2010.0192            5.86            0.92
  2010.0220            7.94            0.96
  2010.0247            7.21            0.95
  2010.0273            6.10            0.97
  2010.0302            7.11            1.06
  2010.0328            7.36            1.03
  2010.0356            7.88            0.96
  2010.0383            6.06            0.94
  2010.0411            7.55            0.97
  2010.0438            8.02            0.98
  2010.0466            7.87            0.89
  2010.0493            8.58            0.94
  2010.0520            7.82            0.89
  2010.0548            7.48            0.94
  2010.0575            7.32            0.94
  2010.0603            7.09            0.91
  2010.0630            7.46            0.91
  2010.0658            7.60            0.94
  2010.0685            6.04            0.93
  2010.0713            8.66            1.13
  2010.0740            5.94            0.99
  2010.0767            5.16            0.98
  2010.0795            7.53            0.95
  2010.0822            6.29            0.93
  2010.0850            4.51            0.92
  2010.0876            4.87            0.93
  2010.0905            5.28            0.96
  2010.0931            3.26            0.99
  2010.0959            6.36            0.92
  2010.0986            6.26            0.96
  2010.1013            5.07            0.98
  2010.1041            7.91            0.97
  2010.1068            6.62            0.94
  2010.1096            5.35            1.00
  2010.1123            4.57            0.96
  2010.1151            3.70            1.02
  2010.1178            5.49            1.00
  2010.1206            4.38            0.98
  2010.1233            5.95            0.90
  2010.1260            5.68            0.93
  2010.1288            6.54            0.95
  2010.1315            5.34            0.98
  2010.1343            7.38            1.06
  2010.1370            6.87            0.98
  2010.1398            5.23            1.38
  2010.1453            4.65            1.66
  2010.1479            4.34            0.90
  2010.1506            6.53            0.87
  2010.1534            6.38            0.97
  2010.1561            6.06            0.92
  2010.1616            8.54            0.96
  2010.1644            0.77            1.09
  2010.1671            0.65            0.92
  2010.1699            2.64            0.89
  2010.1726            4.33            0.87
  2010.1753            6.00            0.90
  2010.1781            7.20            0.85
  2010.1808            2.38            0.91
  2010.1836            3.78            0.95
  2010.1863            3.85            0.94
  2010.1891            2.74            0.88
  2010.1918            3.86            0.88
  2010.1946            2.99            0.91
  2010.1973            3.81            0.94
  2010.2000            2.86            0.89
  2010.2028            3.83            1.02
  2010.2054            5.69            0.89
  2010.2083            5.39            0.92
  2010.2109            8.53            0.94
  2010.2137            7.11            0.90
  2010.2164            3.85            1.00
  2010.2192            6.05            1.02
  2010.2219            3.74            0.91
  2010.2246            4.81            0.89
  2010.2274            4.60            0.98
  2010.2301            4.21            0.94
  2010.2329            5.83            1.01
  2010.2356            6.62            0.99
  2010.2384            5.02            1.00
  2010.2411            5.82            1.03
  2010.2439            6.09            1.00
  2010.2493            6.19            1.02
  2010.2521            7.69            1.00
  2010.2548            7.33            1.00
  2010.2576            7.41            0.73
  2010.2603            7.20            0.94
  2010.2631            7.16            0.98
  2010.2657            8.38            0.96
  2010.2684            7.38            0.94
  2010.2712            6.89            1.16
  2010.2739            7.92            0.97
  2010.2767            4.24            1.55
  2010.2794            4.28            1.08
  2010.2822            6.07            0.94
  2010.2849            4.73            0.92
  2010.2904            5.11            1.00
  2010.2931            4.82            0.98
  2010.2959            4.53            0.99
  2010.3014            4.27            0.95
  2010.3096            5.89            0.90
  2010.3124            6.41            0.94
  2010.3151            6.02            0.92
  2010.3177            6.49            0.85
  2010.3206            6.68            2.43
  2010.3232            7.36            0.94
  2010.3260            7.11            0.91
  2010.3287            4.49            1.00
  2010.3315            5.56            0.96
  2010.3424            5.91            0.97
  2010.3452            5.72            0.92
  2010.3507            6.10            0.91
  2010.3534            6.78            0.92
  2010.3562            6.38            0.84
  2010.3589            5.89            0.96
  2010.3617            5.24            1.47
  2010.3644            5.43            0.96
  2010.3726            6.69            1.06
  2010.3754            8.45            0.94
  2010.3781            7.40            0.99
  2010.3809            6.86            0.94
  2010.3835            6.43            0.96
  2010.3864            7.44            0.95
  2010.3890            7.42            1.00
  2010.3917            6.17            1.04
  2010.3945            5.89            0.96
  2010.3972            7.01            0.98
  2010.4000            7.78            0.96
  2010.4027            8.62            1.29
  2010.4055            6.51            0.99
  2010.4082            6.46            1.06
  2010.4110            9.66            2.09
  2010.4137            8.75            0.95
  2010.4164            8.65            0.85
  2010.4192           10.45            0.95
  2010.4219            8.17            0.87
  2010.4247            7.93            1.08
  2010.4274            8.08            0.93
  2010.4302            7.02            0.93
  2010.4329            8.73            0.88
  2010.4357            8.34            0.92
  2010.4384            8.63            0.81
  2010.4410            8.22            0.96
  2010.4438           10.34            0.96
  2010.4465            6.74            1.14
  2010.4493            7.93            0.88
  2010.4520            7.17            1.13
  2010.4548            8.90            0.82
  2010.4575            9.16            1.02
  2010.4603            8.37            0.99
  2010.4630            7.97            1.29
  2010.4657            9.68            1.48
  2010.4685            8.70            1.58
  2010.4740           10.37            1.72
  2010.4795            9.03            1.04
  2010.4822            8.19            0.95
  2010.4850            9.23            0.92
  2010.4877            6.93            0.93
  2010.4904            7.51            0.93
  2010.4932            7.21            0.92
  2010.4958            7.73            1.36
  2010.4987            6.05            0.91
  2010.5013            7.69            0.83
  2010.5042            7.89            0.84
  2010.5068            6.19            1.05
  2010.5096            6.21            0.86
  2010.5123            6.98            0.96
  2010.5150            7.45            1.39
  2010.5178            6.96            0.89
  2010.5205            9.57            0.86
  2010.5260            5.58            1.02
  2010.5288            7.90            0.86
  2010.5315            7.22            0.84
  2010.5343            7.83            0.87
  2010.5370            7.87            0.91
  2010.5425            8.62            0.87
  2010.5452            8.32            0.83
  2010.5480            6.57            0.86
  2010.5507            6.82            0.87
  2010.5535            7.78            0.88
  2010.5562            7.10            0.92
  2010.5590            7.37            0.94
  2010.5616            8.35            0.95
  2010.5643            9.56            0.96
  2010.5671            9.78            0.86
  2010.5698            9.31            0.90
  2010.5726           10.39            1.39
  2010.5753            9.96            0.92
  2010.5781            8.96            0.94
  2010.5808            7.62            0.92
  2010.5836            8.78            0.83
  2010.5863           10.02            1.03
  2010.5890            9.73            0.87
  2010.5918            9.08            0.88
  2010.5945            9.08            1.94
  2010.5973            8.61            0.86
  2010.6000            9.34            0.83
  2010.6028            9.32            0.83
  2010.6055            8.87            0.87
  2010.6083            8.86            0.82
  2010.6110            8.61            0.87
  2010.6136            8.86            0.82
  2010.6165            8.34            0.81
  2010.6191            9.19            0.81
  2010.6219            9.52            0.83
  2010.6246           10.10            0.89
  2010.6274            9.25            1.02
  2010.6301           10.05            0.86
  2010.6329            9.51            0.82
  2010.6356            9.17            0.83
  2010.6383            9.45            0.93
  2010.6411            7.54            0.85
  2010.6438            9.08            0.85
  2010.6466            9.73            0.84
  2010.6493            8.72            0.85
  2010.6521            7.98            0.89
  2010.6548            8.85            0.88
  2010.6576            9.36            0.89
  2010.6603           10.06            0.84
  2010.6630            9.70            0.90
  2010.6658            9.51            0.87
  2010.6740           10.40            0.98
  2010.6768           11.71            0.91
  2010.6794           11.03            0.83
  2010.6823           11.66            0.88
  2010.6849           11.07            0.84
  2010.6876           10.76            0.84
  2010.6904           11.55            0.84
  2010.6931           11.33            0.85
  2010.6959           10.16            0.90
  2010.6986           10.24            0.87
  2010.7014           10.38            0.85
  2010.7041           10.13            0.87
  2010.7069           11.47            0.98
  2010.7096           13.07            0.91
  2010.7123           11.78            0.84
  2010.7151           11.36            0.89
  2010.7178           12.24            0.86
  2010.7206           12.26            0.84
  2010.7233           12.43            0.83
  2010.7261           12.28            0.83
  2010.7288           11.80            0.81
  2010.7316           11.63            0.82
  2010.7343           11.76            0.84
  2010.7369           11.51            0.89
  2010.7397           12.48            0.95
  2010.7424           12.35            0.86
  2010.7452           11.90            0.81
  2010.7479           12.01            0.85
  2010.7507           13.00            0.83
  2010.7534           12.48            0.82
  2010.7561           12.32            0.89
  2010.7589           12.69            0.82
  2010.7616           13.26            0.82
  2010.7644           11.41            0.83
  2010.7671           12.27            0.80
  2010.7699           13.12            0.89
  2010.7726           12.98            0.81
  2010.7754           11.51            0.80
  2010.7781           11.73            0.80
  2010.7808           11.17            0.85
  2010.7836           11.48            0.86
  2010.7863           11.75            1.00
  2010.7891           11.51            0.84
  2010.7917           12.81            0.80
  2010.7946           12.09            0.82
  2010.7972           13.02            0.82
  2010.8000           11.57            0.81
  2010.8027           12.08            0.87
  2010.8054           11.70            0.82
  2010.8082           10.90            0.90
  2010.8109           12.45            0.99
  2010.8137           11.01            0.81
  2010.8164           10.93            0.82
  2010.8192           11.20            0.87
  2010.8219            9.31            0.88
  2010.8247           10.59            0.94
  2010.8274           10.50            0.92
  2010.8301            9.84            0.83
  2010.8329           11.25            0.95
  2010.8356           11.12            0.84
  2010.8384            9.60            0.87
  2010.8411           10.82            0.85
  2010.8439           10.63            0.88
  2010.8466           10.81            0.84
  2010.8494           10.20            0.89
  2010.8521            8.05            0.98
  2010.8547            9.76            0.85
  2010.8575           11.15            0.81
  2010.8602           11.51            0.91
  2010.8630           10.27            0.80
  2010.8657            8.93            0.83
  2010.8685           11.36            0.97
  2010.8712           10.79            0.84
  2010.8740           10.91            0.89
  2010.8767           10.75            0.86
  2010.8794           11.32            0.86
  2010.8822           11.27            0.83
  2010.8849           10.77            0.89
  2010.8877           11.31            0.90
  2010.8904            9.90            1.01
  2011.0027           17.54            0.93
  2011.0055           17.24            0.90
  2011.0082           16.25            0.94
  2011.0110           16.29            0.91
  2011.0137           17.12            0.88
  2011.0165           17.54            0.89
  2011.0192           17.01            0.89
  2011.0220           17.48            0.95
  2011.0247           16.45            0.94
  2011.0273           16.09            0.95
  2011.0302           15.73            0.89
  2011.0328           15.61            0.91
  2011.0356           15.31            0.99
  2011.0383           16.43            0.88
  2011.0411           16.56            1.00
  2011.0438           18.19            0.97
  2011.0466           17.00            0.92
  2011.0493           15.50            0.98
  2011.0520           16.55            0.89
  2011.0548           16.91            1.00
  2011.0575           17.11            1.03
  2011.0603           17.98            0.99
  2011.0630           17.00            0.97
  2011.0658           15.38            0.97
  2011.0685           16.82            0.98
  2011.0713           16.52            0.97
  2011.0740           16.85            1.03
  2011.0767           17.58            0.98
  2011.0795           17.93            0.99
  2011.0822           16.56            0.96
  2011.0850           17.38            0.99
  2011.0876           17.64            0.88
  2011.0905           16.77            0.95
  2011.0931           17.08            0.90
  2011.0959           17.60            0.95
  2011.0986           17.20            0.93
  2011.1013           15.98            1.10
  2011.1041           15.80            0.94
  2011.1068           16.99            1.02
  2011.1096           16.24            0.98
  2011.1123           15.89            1.05
  2011.1151           15.69            1.00
  2011.1178           16.98            1.07
  2011.1206           13.36            1.09
  2011.1233           15.69            0.98
  2011.1260           14.02            0.97
  2011.1288           14.17            1.01
  2011.1315           14.84            1.01
  2011.1343           16.20            0.99
  2011.1370           14.70            1.01
  2011.1398           16.72            0.98
  2011.1425           16.00            0.98
  2011.1453           16.95            0.94
  2011.1479           15.57            1.06
  2011.1506           17.83            1.02
  2011.1534           16.85            0.98
  2011.1561           16.22            0.91
  2011.1589           16.50            0.96
  2011.1616           17.42            0.94
  2011.1644           16.50            0.95
  2011.1671           17.22            0.99
  2011.1699           18.25            1.00
  2011.1726           17.10            1.02
  2011.1753           16.55            0.97
  2011.1781           15.78            1.23
  2011.1808           16.00            0.97
  2011.1836           16.63            1.00
  2011.1863           15.64            1.05
  2011.1891           16.19            1.19
  2011.1918           16.49            1.17
  2011.1946           14.45            1.13
  2011.1973           16.34            0.96
  2011.2000           15.23            1.08
  2011.2028           17.33            1.11
  2011.2054           14.74            1.03
  2011.2083           15.36            1.00
  2011.2109           16.56            0.93
  2011.2137           16.09            0.92
  2011.2164           17.49            0.89
  2011.2192           16.41            1.00
  2011.2219           16.69            0.97
  2011.2246           17.79            0.91
  2011.2274           15.04            0.96
  2011.2301           16.50            0.97
  2011.2329           16.94            0.93
  2011.2356           17.85            0.94
  2011.2384           18.20            0.90
  2011.2411           16.79            0.97
  2011.2439           18.19            0.99
  2011.2466           17.96            1.09
  2011.2493           19.19            1.02
  2011.2521           17.86            1.00
  2011.2548           18.01            0.96
  2011.2576           17.88            0.92
  2011.2603           18.25            1.14
  2011.2631           19.54            0.95
  2011.2657           18.25            0.91
  2011.2684           18.83            0.89
  2011.2712           19.48            0.92
  2011.2739           17.41            0.95
  2011.2767           17.41            1.00
  2011.2794           18.42            0.95
  2011.2822           15.93            1.02
  2011.2849           17.35            0.93
  2011.2877           18.02            0.90
  2011.2904           18.55            0.87
  2011.2931           16.24            1.93
  2011.2959           16.57            0.85
  2011.2986           16.96            0.85
  2011.3014           16.01            0.88
  2011.3041           14.29            0.99
  2011.3069           14.90            0.99
  2011.3096           18.25            0.85
  2011.3124           17.54            0.84
  2011.3151           18.82            0.83
  2011.3177           17.47            0.83
  2011.3206           18.72            0.85
  2011.3232           18.19            0.91
  2011.3260           18.19            0.84
  2011.3287           17.67            0.86
  2011.3315           17.79            0.83
  2011.3342           17.10            0.84
  2011.3370           17.52            0.89
  2011.3397           17.89            0.86
  2011.3424           18.13            0.84
  2011.3452           19.75            0.87
  2011.3479           17.28            0.91
  2011.3507           18.64            0.86
  2011.3534           17.54            0.89
  2011.3562           14.79            0.95
  2011.3589           18.60            0.88
  2011.3617           18.13            0.87
  2011.3644           18.21            0.83
  2011.3671           18.25            0.81
  2011.3699           17.56            0.95
  2011.3726           15.56            0.88
  2011.3754           16.33            0.86
  2011.3781           16.31            0.92
  2011.3809           16.33            0.92
  2011.3835           17.13            0.93
  2011.3864           16.24            0.89
  2011.3890           16.12            0.82
  2011.3917           16.02            0.87
  2011.3945           16.80            0.89
  2011.3972           17.16            0.85
  2011.4000           16.73            0.83
  2011.4027           17.98            0.87
  2011.4055           18.24            0.84
  2011.4082           16.16            0.83
  2011.4110           16.43            0.79
  2011.4137           16.08            0.83
  2011.4164           15.22            0.82
  2011.4192           15.80            0.85
  2011.4219           17.48            0.79
  2011.4247           14.88            0.83
  2011.4274           17.51            0.88
  2011.4302           14.57            0.89
  2011.4329           15.79            1.05
  2011.4357           17.81            0.98
  2011.4384           16.42            0.84
  2011.4410           17.59            0.90
  2011.4438           19.14            0.87
  2011.4465           14.01            0.89
  2011.4493           16.33            0.84
  2011.4520           16.17            0.84
  2011.4548           16.54            1.01
  2011.4575           17.25            0.88
  2011.4603           18.97            0.89
  2011.4630           15.37            0.94
  2011.4657           14.89            0.98
  2011.4685           16.35            0.91
  2011.4712           17.05            0.88
  2011.4740           17.29            0.87
  2011.4767           17.40            0.89
  2011.4795           17.29            0.85
  2011.4822           19.37            0.85
  2011.4850           16.93            0.83
  2011.4877           17.00            0.85
  2011.4904           17.39            0.85
  2011.4932           15.98            0.91
  2011.4958           17.44            0.88
  2011.4987           16.39            0.84
  2011.5013           17.07            0.84
  2011.5042           18.32            0.89
  2011.5068           16.27            1.00
  2011.5096           19.99            1.01
  2011.5123           18.14            0.96
  2011.5150           17.73            0.93
  2011.5178           17.08            0.95
  2011.5205           15.70            0.91
  2011.5233           17.33            0.89
  2011.5260           18.48            0.96
  2011.5315           17.36            0.91
  2011.5343           18.47            0.98
  2011.5370           18.82            1.01
  2011.5397           19.34            0.98
  2011.5425           18.27            1.00
  2011.5452           19.09            0.93
  2011.5480           17.01            0.93
  2011.5507           16.37            0.96
  2011.5535           18.55            0.87
  2011.5562           20.73            1.14
  2011.5590           18.40            0.91
  2011.5616           18.42            0.86
  2011.5643           18.12            0.91
  2011.5671           20.07            0.94
  2011.5698           18.52            0.89
  2011.5726           19.53            0.89
  2011.5753           20.04            0.85
  2011.5781           19.51            0.85
  2011.5808           19.49            0.86
  2011.5836           19.50            0.95
  2011.5863           20.37            0.93
  2011.5890           20.23            0.90
  2011.5918           19.53            0.99
  2011.5945           19.78            1.01
  2011.5973           20.38            1.02
  2011.6000           20.37            1.02
  2011.6028           20.62            1.11
  2011.6055           19.69            1.01
  2011.6083           20.14            0.91
  2011.6110           18.70            0.99
  2011.6136           18.91            0.97
  2011.6165           19.00            0.97
  2011.6191           17.63            0.94
  2011.6219           19.38            0.92
  2011.6246           18.29            1.03
  2011.6274           20.72            0.97
  2011.6301           20.14            1.01
  2011.6329           20.04            0.95
  2011.6356           22.19            1.00
  2011.6383           20.16            0.90
  2011.6411           19.48            0.89
  2011.6438           20.66            0.86
  2011.6466           19.97            0.91
  2011.6493           21.11            0.89
  2011.6521           20.01            0.95
  2011.6548           19.96            0.96
  2011.6576           21.96            0.96
  2011.6603           22.52            1.00
  2011.6630           22.18            0.99
  2011.6658           23.50            0.85
  2011.6685           22.09            0.96
  2011.6713           22.20            0.94
  2011.6740           23.26            0.93
  2011.6768           20.74            0.98
  2011.6794           20.52            0.95
  2011.6823           20.52            0.94
  2011.6849           21.89            0.94
  2011.6876           20.37            0.96
  2011.6931           23.23            0.93
  2011.6959           22.82            0.94
  2011.6986           22.93            0.93
  2011.7014           23.85            0.91
  2011.7041           23.22            0.99
  2011.7069           23.26            0.94
  2011.7096           22.08            0.98
  2011.7123           23.58            0.91
  2011.7151           22.47            0.88
  2011.7178           23.29            0.88
  2011.7206           22.54            0.91
  2011.7233           23.06            0.92
  2011.7261           24.80            0.92
  2011.7288           23.17            0.93
  2011.7316           21.97            0.95
  2011.7343           22.32            0.96
  2011.7369           22.10            0.94
  2011.7397           23.16            0.93
  2011.7424           21.16            0.97
  2011.7452           22.56            0.93
  2011.7479           23.27            1.00
  2011.7507           22.96            1.03
  2011.7534           23.31            0.85
  2011.7561           22.82            0.88
  2011.7589           22.00            1.03
  2011.7616           22.75            1.10
  2011.7644           22.29            0.96
  2011.7671           22.56            0.91
  2011.7699           22.78            0.91
  2011.7726           21.01            0.90
  2011.7754           20.74            0.94
  2011.7781           20.54            1.09
  2011.7808           20.95            0.98
  2011.7836           21.51            0.95
  2011.7863           22.09            0.98
  2011.7891           22.23            1.08
  2011.7917           22.25            1.10
  2011.7946           23.02            0.98
  2011.7972           23.25            1.00
  2011.8000           22.37            1.06
  2011.8027           23.60            1.07
  2011.8054           24.85            1.04
  2011.8082           21.33            1.02
  2011.8109           24.10            1.02
  2011.8137           22.06            1.70
  2011.8164           25.04            1.20
  2011.8192           23.09            1.01
  2011.8219           23.26            1.01
  2011.8247           23.49            1.03
  2011.8274           24.39            1.01
  2011.8301           23.08            0.98
  2011.8329           22.72            0.99
  2011.8356           21.31            1.05
  2011.8384           21.43            1.05
  2011.8411           22.40            1.04
  2011.8439           23.77            1.04
  2011.8466           22.80            1.07
  2011.8494           22.66            1.04
  2011.8521           22.05            1.06
  2011.8547           22.04            1.17
  2011.8575           18.19            1.16
  2011.8602           21.33            1.11
  2011.8630           22.08            1.07
  2011.8657           22.74            1.07
  2011.8685           22.61            1.06
  2011.8712           23.61            1.12
  2011.8740           21.01            1.12
  2011.8767           21.78            1.13
  2011.8794           22.32            1.07
  2011.8822           21.04            1.08
  2011.8849           21.31            1.06
  2011.8877           22.85            1.24
  2011.8904           19.90            1.09
  2011.8932           21.37            1.05
  2011.8959           19.63            1.14
  2011.8987           23.47            1.11
  2011.9014           22.59            1.01
  2011.9041           20.93            0.98
  2011.9069           20.15            1.03
  2011.9095           23.94            1.07
  2011.9124           20.25            1.08
  2011.9150           22.57            1.05
  2011.9178           22.22            1.08
  2011.9205           21.83            1.05
  2011.9233           22.95            1.02
  2011.9260           21.29            1.07
  2011.9287           21.66            1.15
  2011.9315           22.13            1.07
  2011.9342           21.36            1.10
  2011.9370           23.10            1.13
  2011.9397           22.95            1.03
  2011.9425           20.44            1.14
  2011.9589           22.18            1.69
  2011.9617           22.66            1.07
  2011.9644           22.12            1.08
  2011.9672           21.61            1.06
  2011.9698           20.91            1.08
  2011.9727           21.76            1.08
  2011.9753           21.12            1.08
  2011.9780           21.32            1.01
  2011.9808           21.64            1.04
  2011.9835           23.66            0.97
  2011.9863           23.27            1.12
  2011.9918           24.30            2.20
  2011.9945           23.43            0.99
  2011.9973           24.03            1.00
  2012.0000           24.84            0.98
  2012.0027           26.17            1.01
  2012.0055           27.19            1.04
  2012.0082           25.31            0.99
  2012.0110           26.39            1.02
  2012.0137           26.54            1.08
  2012.0165           26.88            0.99
  2012.0192           23.95            1.03
  2012.0220           25.29            1.08
  2012.0247           25.06            1.22
  2012.0273           24.01            1.24
  2012.0302           25.94            1.09
  2012.0328           25.58            1.02
  2012.0356           24.52            1.00
  2012.0383           25.08            1.02
  2012.0411           24.78            1.17
  2012.0438           27.13            1.00
  2012.0466           27.94            1.13
  2012.0493           24.93            1.17
  2012.0520           26.68            1.08
  2012.0548           25.59            1.27
  2012.0603           25.80            1.21
  2012.0630           20.71            1.28
  2012.0658           26.42            1.19
  2012.0685           23.72            1.51
  2012.0713           26.20            1.60
  2012.0740           23.90            1.43
  2012.0767           16.48            1.53
  2012.0795           25.00            1.21
  2012.0822           28.22            1.17
  2012.0850           27.52            1.09
  2012.0876           25.95            1.20
  2012.0905           26.63            1.20
  2012.0931           27.04            1.02
  2012.0959           25.43            1.16
  2012.0986           26.48            1.07
  2012.1013           27.73            1.15
  2012.1041           26.89            1.17
  2012.1068           27.61            1.08
  2012.1096           27.49            0.99
  2012.1123           26.28            0.97
  2012.1151           28.90            0.96
  2012.1178           26.26            1.01
  2012.1206           24.80            1.06
  2012.1233           26.73            1.02
  2012.1260           28.76            0.98
  2012.1288           23.09            1.09
  2012.1315           20.05            1.11
  2012.1343           27.02            1.11
  2012.1370           27.14            1.12
  2012.1398           27.30            1.02
  2012.1425           26.82            0.97
  2012.1453           27.39            0.96
  2012.1479           27.58            0.95
  2012.1506           27.00            0.99
  2012.1534           25.93            1.07
  2012.1561           24.78            1.03
  2012.1589           25.56            1.10
  2012.1616           22.83            1.02
  2012.1644           26.71            1.03
  2012.1671           27.28            1.02
  2012.1699           26.80            0.97
  2012.1726           27.94            1.04
  2012.1753           25.28            1.02
  2012.1781           26.68            1.09
  2012.1808           28.89            1.01
  2012.1836           26.61            1.12
  2012.1863           28.02            0.96
  2012.1891           27.15            0.98
  2012.1918           29.30            1.03
  2012.1946           27.36            1.06
  2012.1973           27.45            1.06
  2012.2000           28.15            1.01
  2012.2028           27.58            1.04
  2012.2054           27.92            0.95
  2012.2083           27.88            0.98
  2012.2109           26.53            1.02
  2012.2137           24.58            0.97
  2012.2164           28.09            0.96
  2012.2192           29.61            0.97
  2012.2219           29.95            0.94
  2012.2246           27.65            0.88
  2012.2274           29.29            0.87
  2012.2301           29.66            0.96
  2012.2329           29.97            0.90
  2012.2356           29.57            0.91
  2012.2384           29.26            0.95
  2012.2411           30.73            0.94
  2012.2439           29.46            0.95
  2012.2466           28.59            0.90
  2012.2493           28.69            1.02
  2012.2521           28.84            0.92
  2012.2548           27.51            0.95
  2012.2576           29.55            0.94
  2012.2603           24.39            1.05
  2012.2631           25.70            1.00
  2012.2657           26.92            0.92
  2012.2684           25.34            0.96
  2012.2712           29.07            1.01
  2012.2739           29.71            1.00
  2012.2767           28.16            0.95
  2012.2794           30.58            0.94
  2012.2822           28.82            0.90
  2012.2849           28.31            1.06
  2012.2877           30.86            0.95
  2012.2904           27.71            1.03
  2012.2931           30.81            0.93
  2012.2959           26.99            0.95
  2012.2986           25.74            0.95
  2012.3014           27.60            0.92
  2012.3041           27.24            0.89
  2012.3069           28.72            0.98
  2012.3096           29.17            0.83
  2012.3124           29.64            0.90
  2012.3151           31.66            0.95
  2012.3177           28.98            0.94
  2012.3206           28.79            0.90
  2012.3232           28.67            0.83
  2012.3260           29.64            0.95
  2012.3287           27.80            0.91
  2012.3315           29.01            0.97
  2012.3342           28.19            0.95
  2012.3370           27.13            0.98
  2012.3397           27.10            0.88
  2012.3424           25.76            0.91
  2012.3452           29.03            0.92
  2012.3479           26.97            1.05
  2012.3507           27.80            0.96
  2012.3534           29.42            0.95
  2012.3562           24.25            0.94
  2012.3589           22.93            1.01
  2012.3617           27.69            1.08
  2012.3644           28.46            0.94
  2012.3671           28.02            0.96
  2012.3699           29.13            0.96
  2012.3726           24.29            1.02
  2012.3754           24.91            1.02
  2012.3781           21.39            1.00
  2012.3809           24.17            0.94
  2012.3835           20.82            0.94
  2012.3864           23.29            1.01
  2012.3890           28.36            0.95
  2012.3917           28.37            0.99
  2012.3945           27.26            0.97
  2012.3972           27.96            0.98
  2012.4000           28.64            0.97
  2012.4027           25.18            1.03
  2012.4055           19.70            1.10
  2012.4110           20.35            1.00
  2012.4137           20.25            0.96
  2012.4164           25.42            0.89
  2012.4192           16.81            0.90
  2012.4219           23.56            0.98
  2012.4247           23.96            0.94
  2012.4274           25.15            0.98
  2012.4302           20.82            0.93
  2012.4329           28.21            0.86
  2012.4357           28.22            0.83
  2012.4384           28.68            0.84
  2012.4410           26.98            1.03
  2012.4438           28.46            0.84
  2012.4465           28.20            0.92
  2012.4493           17.62            1.01
  2012.4520           17.57            1.08
  2012.4548           25.51            0.91
  2012.4575           27.97            0.97
  2012.4603           27.29            0.95
  2012.4630           24.59            0.94
  2012.4657           27.78            0.90
  2012.4685           19.07            0.97
  2012.4712           17.34            0.97
  2012.4740           21.63            0.91
  2012.4767           18.48            0.92
  2012.4795           17.14            0.88
  2012.4822           22.70            0.88
  2012.4850           28.24            0.85
  2012.4877           28.35            0.91
  2012.4904           16.66            0.95
  2012.4932           19.38            0.91
  2012.4958           18.88            0.98
  2012.4987           18.59            0.96
  2012.5013           16.39            0.99
  2012.5042           20.98            0.92
  2012.5068           18.28            0.92
  2012.5096           18.28            0.96
  2012.5123           18.45            1.07
  2012.5150           20.20            1.07
  2012.5178           18.38            0.89
  2012.5205           19.56            0.89
  2012.5233           26.40            0.96
  2012.5260           27.36            0.87
  2012.5288           20.62            0.94
  2012.5315           19.35            0.93
  2012.5343           19.63            0.90
  2012.5370           28.42            0.84
  2012.5397           28.93            0.90
  2012.5425           29.40            0.94
  2012.5452           29.48            0.95
  2012.5480           27.37            0.97
  2012.5507           28.91            0.99
  2012.5535           27.66            0.94
  2012.5562           28.04            0.94
  2012.5590           29.11            0.94
  2012.5616           28.28            0.94
  2012.5643           30.33            0.90
  2012.5671           29.49            0.92
  2012.5698           28.83            0.90
  2012.5726           28.70            0.93
  2012.5753           30.03            0.89
  2012.5781           30.32            0.93
  2012.5808           30.82            0.91
  2012.5836           29.46            0.92
  2012.5863           29.04            1.02
  2012.5890           30.38            0.92
  2012.5918           29.70            0.95
  2012.5945           29.44            0.93
  2012.5973           31.41            1.46
  2012.6000           30.03            0.96
  2012.6028           30.75            0.96
  2012.6055           30.85            0.99
  2012.6083           30.42            0.99
  2012.6110           32.05            0.91
  2012.6136           32.95            1.00
  2012.6165           34.18            1.01
  2012.6191           30.78            1.98
  2012.6219           31.57            1.05
  2012.6246           32.72            1.04
  2012.6274           31.82            1.03
  2012.6301           32.90            1.09
  2012.6329           33.12            1.00
  2012.6356           31.41            1.03
  2012.6383           31.90            1.02
  2012.6411           31.17            1.03
  2012.6438           32.03            1.04
  2012.6466           31.21            0.98
  2012.6493           33.73            0.95
  2012.6521           32.48            0.99
  2012.6548           31.68            0.90
  2012.6576           32.73            0.90
  2012.6603           30.98            0.98
  2012.6630           31.77            1.03
  2012.6658           31.06            0.91
  2012.6685           31.67            0.94
  2012.6713           29.45            0.97
  2012.6740           32.51            1.05
  2012.6768           30.56            1.02
  2012.6794           31.13            1.03
  2012.6823           32.72            1.11
  2012.6849           31.63            1.02
  2012.6876           30.86            1.05
  2012.6904           31.87            0.98
  2012.6931           32.72            0.99
  2012.6959           33.95            0.92
  2012.6986           33.92            0.96
  2012.7014           32.52            1.01
  2012.7041           31.84            1.10
  2012.7069           31.55            0.94
  2012.7096           31.31            0.94
  2012.7123           32.03            0.95
  2012.7151           31.77            1.02
  2012.7178           32.19            1.05
  2012.7206           32.17            1.00
  2012.7233           31.57            1.01
  2012.7261           31.08            1.02
  2012.7288           32.09            0.96
  2012.7316           30.47            1.01
  2012.7343           31.49            1.02
  2012.7369           32.23            1.06
  2012.7397           31.43            0.99
  2012.7424           31.41            1.02
  2012.7452           30.63            1.09
  2012.7479           30.96            1.05
  2012.7507           31.07            1.06
  2012.7534           31.13            1.22
  2012.7561           32.27            1.02
  2012.7589           31.14            1.09
  2012.7616           29.70            1.09
  2012.7644           30.87            1.03
  2012.7671           32.09            1.15
  2012.7699           32.79            1.13
  2012.7726           32.21            1.10
  2012.7754           32.29            1.16
  2012.7781           31.98            0.99
  2012.7808           32.32            1.01
  2012.7836           32.41            1.01
  2012.7863           31.22            0.93
  2012.7891           31.39            1.02
  2012.7917           32.10            1.04
  2012.7946           32.72            1.08
  2012.7972           31.40            1.01
  2012.8000           32.86            0.99
  2012.8027           32.55            1.11
  2012.8054           31.25            1.19
  2012.8082           32.93            1.39
  2012.8109           30.73            1.12
  2012.8137           31.25            1.17
  2012.8164           31.47            1.05
  2012.8192           30.24            1.12
  2012.8219           31.32            1.15
  2012.8247           31.72            1.18
  2012.8274           32.45            1.10
  2012.8301           33.89            1.24
  2012.8329           34.32            1.13
  2012.8356           33.57            1.12
  2012.8384           33.14            1.05
  2012.8411           34.32            1.01
  2012.8439           35.13            1.18
  2012.8466           33.72            1.07
  2012.8494           33.09            1.11
  2012.8521           31.15            1.13
  2012.8547           31.10            1.10
  2012.8575           30.92            1.15
  2012.8602           33.70            1.20
  2012.8630           32.64            1.15
  2012.8657           30.59            1.09
  2012.8685           34.30            1.07
  2012.8712           32.95            1.00
  2012.8740           34.50            1.06
  2012.8767           34.61            1.08
  2012.8794           33.03            1.09
  2012.8822           32.93            1.09
  2012.8849           33.75            1.03
  2012.8877           33.16            1.03
  2012.8904           33.80            1.06
  2012.8932           32.10            1.20
  2012.8959           28.02            1.18
  2012.8987           34.76            1.11
  2012.9014           32.10            1.11
  2012.9041           36.53            4.23
  2012.9069           35.01            1.12
  2012.9095           33.96            1.10
  2012.9124           35.01            1.17
  2012.9150           32.53            1.35
  2012.9178           31.36            1.15
  2012.9205           34.12            1.12
  2012.9233           34.58            1.79
  2012.9260           34.25            1.32
  2012.9287           33.10            1.20
  2012.9315           33.44            1.18
  2012.9342           34.03            1.44
  2012.9370           32.85            1.20
  2012.9397           32.38            1.13
  2012.9425           33.31            1.10
  2012.9452           33.48            1.24
  2012.9480           34.23            1.16
  2012.9507           33.83            1.22
  2012.9534           32.49            1.12
  2012.9562           33.21            1.16
  2012.9589           35.38            1.19
  2012.9617           31.62            1.26
  2012.9644           32.54            1.15
  2012.9672           32.83            1.47
  2012.9698           32.10            1.40
  2012.9727           33.86            1.28
  2012.9753           32.47            1.17
  2012.9780           37.26            1.18
  2012.9808           32.56            1.17
  2012.9835           32.35            1.43
  2012.9863           32.83            1.29
  2012.9890           33.68            1.15
  2012.9918           33.85            1.11
  2012.9945           33.96            1.06
  2012.9973           34.84            1.06
  2013.0000           34.46            1.12
  2013.0027           31.50            1.29
  2013.0027           34.37            0.93
  2013.0055           33.78            0.93
  2013.0082           32.91            1.01
  2013.0110           35.11            1.00
  2013.0137           30.39            1.09
  2013.0165           34.47            1.10
  2013.0192           33.06            1.15
  2013.0220           34.27            0.98
  2013.0247           32.05            1.07
  2013.0273           34.97            1.02
  2013.0302           36.10            1.07
  2013.0328           33.28            1.05
  2013.0356           33.60            1.02
  2013.0383           31.35            1.00
  2013.0411           34.94            1.07
  2013.0438           36.63            1.10
  2013.0466           35.06            1.20
  2013.0493           34.71            1.06
  2013.0520           35.57            1.01
  2013.0548           33.42            0.98
  2013.0575           33.50            1.02
  2013.0603           30.89            1.10
  2013.0630           33.58            1.07
  2013.0658           33.41            1.10
  2013.0685           34.11            1.03
  2013.0713           33.30            0.95
  2013.0740           33.65            0.98
  2013.0767           33.56            1.01
  2013.0795           34.20            1.01
  2013.0822           33.47            1.09
  2013.0850           34.74            1.05
  2013.0876           33.02            1.10
  2013.0905           35.06            1.07
  2013.0931           34.86            0.99
  2013.0959           31.92            1.01
  2013.0986           37.20            1.09
  2013.1013           36.17            1.36
  2013.1041           35.95            1.18
  2013.1068           36.32            1.39
  2013.1370           37.69            1.38
  2013.1398           38.10            1.03
  2013.1425           37.03            1.09
  2013.1453           38.00            1.16
  2013.1534           36.58            1.39
  2013.1561           38.49            0.99
  2013.1589           36.58            0.98
  2013.1616           36.19            1.04
  2013.1644           36.24            1.05
  2013.1671           37.32            1.02
  2013.1699           38.61            0.96
  2013.1726           38.40            0.99
  2013.1753           37.18            1.10
  2013.1781           38.85            1.11
  2013.1808           38.33            1.05
  2013.1863           26.89            1.16
  2013.1918           36.22            1.11
  2013.2000           38.22            0.91
  2013.2028           37.61            0.94
  2013.2054           36.86            1.01
  2013.2083           39.32            0.97
  2013.2109           37.36            0.93
  2013.2164           37.03            1.08
  2013.2192           37.17            0.93
  2013.2219           37.95            0.90
  2013.2246           38.70            0.95
  2013.2274           35.95            1.02
  2013.2301           38.02            1.09
  2013.2329           38.58            0.99
  2013.2356           38.64            0.93
  2013.2384           38.47            0.89
  2013.2411           40.05            1.07
  2013.2439           38.26            1.01
  2013.2466           36.99            1.01
  2013.2493           41.61            1.05
  2013.2548           35.60            1.01
  2013.2576           36.72            0.99
  2013.2603           37.44            1.04
  2013.2631           36.98            1.03
  2013.2657           37.05            1.95
  2013.2684           36.63            1.03
  2013.2712           37.83            1.15
  2013.2794           39.13            0.99
  2013.2822           38.56            0.93
  2013.2849           37.65            0.94
  2013.2877           38.08            0.96
  2013.2904           36.01            0.96
  2013.2931           38.42            0.93
  2013.2959           36.49            1.02
  2013.2986           37.94            1.04
  2013.3014           37.29            1.05
  2013.3041           38.74            1.28
  2013.3069           36.81            1.17
  2013.3096           37.08            1.07
  2013.3124           38.40            1.12
  2013.3151           37.06            1.01
  2013.3177           37.06            1.01
  2013.3206           36.82            0.98
  2013.3232           37.43            1.03
  2013.3260           38.33            0.95
  2013.3287           37.18            0.92
  2013.3315           36.01            1.01
  2013.3342           36.95            1.06
  2013.3370           36.65            1.10
  2013.3397           38.17            0.98
  2013.3424           37.99            0.93
  2013.3452           37.52            1.03
  2013.3479           37.26            1.00
  2013.3562           35.25            1.05
  2013.3589           37.99            0.94
  2013.3617           36.38            1.80
  2013.3644           35.43            0.87
  2013.3671           35.39            0.88
  2013.3699           36.32            0.90
  2013.3726           36.36            0.91
  2013.3754           35.93            0.94
  2013.3781           37.75            0.99
  2013.3809           36.82            1.45
  2013.3835           35.42            0.98
  2013.3864           36.31            0.92
  2013.3890           35.45            0.94
  2013.3917           34.59            0.95
  2013.3945           31.04            0.93
  2013.4000           36.50            0.91
  2013.4027           31.73            0.94
  2013.4055           34.54            1.07
  2013.4082           34.66            0.93
  2013.4110           36.15            0.96
  2013.4137           32.32            1.02
  2013.4164           34.92            0.99
  2013.4192           34.74            0.98
  2013.4219           37.01            0.89
  2013.4247           36.02            0.99
  2013.4274           38.37            1.01
  2013.4302           37.75            0.92
  2013.4329           36.95            0.96
  2013.4357           38.11            0.90
  2013.4384           37.43            0.94
  2013.4410           37.80            0.90
  2013.4438           36.28            0.96
  2013.4465           35.22            0.94
  2013.4493           36.75            0.95
  2013.4520           38.35            0.96
  2013.4548           36.74            1.02
  2013.4575           35.55            0.95
  2013.4603           35.53            0.93
  2013.4630           36.13            0.95
  2013.4657           38.02            0.91
  2013.4685           38.11            0.91
  2013.4712           36.36            0.99
  2013.4740           37.13            0.92
  2013.4767           37.10            0.94
  2013.4795           40.76            0.91
  2013.4822           39.56            0.92
  2013.4850           37.67            0.94
  2013.4877           38.14            1.03
  2013.4904           36.06            1.02
  2013.4932           38.36            0.97
  2013.4958           39.40            0.91
  2013.4987           36.55            0.83
  2013.5013           33.19            0.95
  2013.5042           35.48            0.97
  2013.5068           35.93            0.89
  2013.5096           39.07            0.94
  2013.5123           37.38            0.90
  2013.5150           40.39            0.89
  2013.5178           38.38            0.91
  2013.5205           35.65            0.97
  2013.5233           37.44            0.97
  2013.5260           36.50            0.93
  2013.5288           39.39            0.90
  2013.5315           36.95            0.97
  2013.5343           40.15            0.95
  2013.5370           37.81            0.94
  2013.5397           37.69            0.90
  2013.5425           38.34            0.96
  2013.5452           40.00            0.92
  2013.5480           39.99            0.91
  2013.5507           37.73            0.93
  2013.5535           40.23            0.89
  2013.5562           39.38            0.88
  2013.5590           40.82            0.87
  2013.5616           40.72            0.89
  2013.5643           38.91            0.91
  2013.5671           39.63            0.98
  2013.5698           40.23            0.89
  2013.5726           39.20            0.86
  2013.5753           41.62            0.88
  2013.5781           41.67            0.92
  2013.5808           40.95            0.88
  2013.5836           40.54            0.86
  2013.5863           41.76            0.88
  2013.5890           38.73            0.93
  2013.5918           35.30            1.00
  2013.5945           31.67            0.96
  2013.5973           36.94            0.95
  2013.6000           38.05            1.01
  2013.6028           39.76            0.91
  2013.6055           40.68            0.83
  2013.6083           38.85            0.89
  2013.6110           38.46            0.91
  2013.6136           40.51            0.92
  2013.6165           41.21            0.86
  2013.6191           40.95            0.84
  2013.6219           39.64            0.91
  2013.6246           40.65            0.88
  2013.6274           40.66            0.84
  2013.6301           41.33            0.87
  2013.6329           38.87            0.89
  2013.6356           40.37            0.88
  2013.6383           39.07            0.90
  2013.6411           40.12            0.85
  2013.6438           41.13            0.90
  2013.6466           41.00            0.93
  2013.6493           41.83            0.93
  2013.6521           41.36            0.90
  2013.6548           37.98            0.93
  2013.6576           39.99            0.90
  2013.6603           41.22            0.90
  2013.6630           40.66            0.90
  2013.6658           36.62            0.96
  2013.6685           39.49            0.94
  2013.6713           39.17            0.96
  2013.6740           42.06            0.97
  2013.6768           38.66            1.10
  2013.6794           38.94            1.05
  2013.6823           33.67            1.07
  2013.6849           37.54            1.07
  2013.6876           38.26            1.09
  2013.6904           37.56            1.04
  2013.6931           37.58            1.05
  2013.6959           38.87            1.02
  2013.6986           39.85            1.05
  2013.7014           38.94            1.00
  2013.7041           40.62            1.03
  2013.7069           39.14            1.02
  2013.7096           42.30            0.94
  2013.7123           41.53            0.94
  2013.7151           40.88            0.90
  2013.7178           38.19            0.99
  2013.7206           36.14            1.05
  2013.7233           40.92            1.06
  2013.7261           36.11            1.02
  2013.7288           37.91            1.07
  2013.7316           38.65            0.98
  2013.7343           40.63            0.97
  2013.7369           40.80            1.09
  2013.7397           39.43            1.02
  2013.7424           41.02            1.01
  2013.7561           39.38            1.47
  2013.7589           34.78            1.77
  2013.7616           40.40            1.65
  2013.7644           40.69            1.47
  2013.7671           42.49            1.77
  2013.7699           41.98            1.01
  2013.7726           39.80            0.96
  2013.7754           38.24            1.01
  2013.7781           42.40            1.08
  2013.7808           40.67            1.05
  2013.7836           42.52            1.19
  2013.7863           40.73            1.05
  2013.7891           39.69            0.99
  2013.7917           43.10            1.03
  2013.7946           42.43            1.04
  2013.7972           41.95            0.98
  2013.8000           43.24            1.02
  2013.8027           39.56            1.09
  2013.8054           42.99            1.07
  2013.8082           44.12            1.02
  2013.8109           40.22            0.96
  2013.8137           39.83            2.30
  2013.8164           42.39            0.98
  2013.8192           43.47            0.94
  2013.8219           42.96            0.95
  2013.8247           43.27            0.94
  2013.8274           42.39            1.04
  2013.8301           43.87            0.98
  2013.8329           42.30            1.00
  2013.8356           40.90            0.99
  2013.8384           43.77            0.95
  2013.8411           42.81            0.89
  2013.8439           43.34            0.88
  2013.8466           41.16            0.90
  2013.8494           38.71            1.03
  2013.8521           33.70            0.95
  2013.8547           34.48            1.06
  2013.8575           36.07            0.99
  2013.8602           41.60            1.10
  2013.8630           38.07            1.02
  2013.8657           42.57            1.01
  2013.8685           38.59            0.96
  2013.8712           38.44            1.04
  2013.8740           43.00            1.00
  2013.8767           41.19            0.93
  2013.8794           41.48            0.93
  2013.8822           41.20            0.99
  2013.8849           40.35            1.02
  2013.8877           41.78            1.01
  2013.8904           44.03            1.01
  2013.8932           43.20            0.98
  2013.8959           41.52            1.02
  2013.8987           38.69            1.04
  2013.9014           41.62            0.98
  2013.9041           42.79            1.00
  2013.9069           42.62            2.04
  2013.9095           42.78            1.88
  2013.9124           41.40            0.95
  2013.9150           41.72            0.96
  2013.9178           42.10            0.97
  2013.9205           43.10            1.06
  2013.9233           43.34            1.15
  2013.9260           41.25            0.96
  2013.9287           40.95            0.99
  2013.9315           47.11            1.00
  2013.9342           41.40            0.99
  2013.9370           46.41            1.06
  2013.9397           43.90            1.04
  2013.9425           43.00            1.00
  2013.9452           43.96            1.07
  2013.9480           45.05            1.03
  2013.9507           42.37            1.01
  2013.9534           40.31            1.07
  2013.9562           43.13            0.98
  2013.9589           41.16            1.07
  2013.9617           43.11            1.02
  2013.9644           40.33            1.07
  2013.9672           42.10            0.99
  2013.9698           39.73            1.02
  2013.9727           42.92            1.03
  2013.9753           41.32            1.01
  2013.9780           42.27            1.01
  2013.9808           41.44            0.99
  2013.9835           40.53            1.04
  2013.9863           37.14            1.08
  2013.9890           43.39            1.15
  2013.9918           41.27            1.01
  2013.9945           40.74            1.12
  2013.9973           27.76            1.05
  2014.0000           38.19            1.10
