  2010.2384            0.00            2.02
  2010.2411           -0.09            1.10
  2010.2439           -1.21            1.06
  2010.2466           -3.30            1.14
  2010.2493           -4.87            1.09
  2010.2521           -3.17            1.07
  2010.2548           -5.29            1.00
  2010.2576           -5.24            0.70
  2010.2603           -7.51            0.99
  2010.2631           -7.54            1.03
  2010.2657           -8.46            1.01
  2010.2684          -10.74            0.97
  2010.2712          -11.79            0.98
  2010.2739          -11.76            1.04
  2010.2767          -16.04            1.01
  2010.2794          -17.49            1.03
  2010.2822          -17.12            0.99
  2010.2849          -18.89            0.97
  2010.2877          -18.28            1.00
  2010.2904          -19.43            1.05
  2010.2931          -21.58            1.01
  2010.2959          -22.30            1.03
  2010.2986          -22.97            1.00
  2010.3014          -23.87            0.97
  2010.3069          -24.75            0.96
  2010.3096          -24.59            1.00
  2010.3124          -25.84            0.97
  2010.3151          -26.46            0.96
  2010.3177          -27.01            0.97
  2010.3206          -27.19            0.98
  2010.3232          -27.27            0.99
  2010.3260          -28.27            0.96
  2010.3287          -32.44            1.03
  2010.3315          -31.43            1.01
  2010.3424          -34.46            1.01
  2010.3452          -34.21            0.99
  2010.3479          -34.78            0.96
  2010.3507          -34.12            0.93
  2010.3534          -34.47            0.92
  2010.3562          -36.43            0.94
  2010.3589          -36.75            0.96
  2010.3617          -37.89            1.55
  2010.3644          -38.83            0.99
  2010.3726          -39.88            1.01
  2010.3754          -39.62            0.99
  2010.3781          -40.94            0.98
  2010.3809          -41.48            0.97
  2010.3835          -40.88            1.07
  2010.3864          -42.03            1.00
  2010.3890          -41.78            1.02
  2010.3917          -44.24            1.00
  2010.3945          -44.34            0.99
  2010.3972          -44.30            0.99
  2010.4000          -45.10            0.99
  2010.4027          -44.21            0.99
  2010.4055          -46.96            1.02
  2010.4082          -47.49            1.02
  2010.4110          -45.41            2.37
  2010.4164          -45.57            1.48
  2010.4192          -45.91            1.00
  2010.4219          -48.21            0.98
  2010.4247          -47.34            1.00
  2010.4274          -48.53            0.97
  2010.4302          -48.62            0.95
  2010.4329          -49.45            0.93
  2010.4357          -49.99            0.90
  2010.4384          -49.75            0.95
  2010.4410          -52.43            1.04
  2010.4465          -52.75            1.06
  2010.4493          -53.76            0.97
  2010.4520          -55.32            1.11
  2010.4548          -53.63            1.22
  2010.4575          -56.24            1.16
  2010.4630          -54.09            1.58
  2010.4657          -52.51            3.18
  2010.4685          -87.36           31.63
  2010.4795          -57.08            5.21
  2010.4850          -57.67            3.44
  2010.4877          -61.58            0.99
  2010.4904          -60.37            1.10
  2010.4932          -61.55            1.69
  2010.4958          -63.25            3.19
  2010.5042          -64.20            1.63
  2010.5068          -65.19            2.02
  2010.5096          -65.33            1.79
  2010.5123          -63.26            3.68
  2010.5150          -64.38            3.05
  2010.5753          -74.26            4.29
  2010.5781          -73.62            1.05
  2010.5808          -74.43            1.02
  2010.5836          -72.81            0.95
  2010.5863          -73.72            0.92
  2010.5890          -73.99            0.96
  2010.5918          -74.53            0.92
  2010.5945          -75.64            1.94
  2010.5973          -75.08            0.94
  2010.6000          -75.28            0.92
  2010.6028          -76.30            0.91
  2010.6055          -75.94            0.91
  2010.6083          -76.52            0.90
  2010.6110          -77.02            0.95
  2010.6136          -77.55            0.90
  2010.6165          -77.87            0.89
  2010.6191          -77.45            0.89
  2010.6219          -78.00            0.90
  2010.6246          -78.65            0.99
  2010.6274          -78.29            1.05
  2010.6301          -78.53            0.94
  2010.6329          -78.46            0.90
  2010.6356          -79.41            0.90
  2010.6383          -77.90            1.03
  2010.6411          -81.71            0.93
  2010.6438          -81.75            0.93
  2010.6466          -81.73            0.93
  2010.6493          -81.94            0.93
  2010.6521          -82.96            0.96
  2010.6548          -82.99            0.96
  2010.6576          -83.03            0.97
  2010.6603          -81.39            0.88
  2010.6630          -83.56            0.96
  2010.6658          -83.95            0.92
  2010.6685          -83.20            0.92
  2010.6713          -82.49            0.95
  2010.6740          -83.85            1.02
  2010.6768          -81.67            0.96
  2010.6794          -83.57            0.88
  2010.6823          -83.58            0.88
  2010.6849          -84.56            0.89
  2010.6876          -84.78            0.89
  2010.6904          -84.18            0.91
  2010.6931          -85.39            0.90
  2010.6959          -86.76            0.96
  2010.6986          -87.00            0.94
  2010.7014          -87.09            0.91
  2010.7041          -87.57            0.93
  2010.7069          -87.07            1.03
  2010.7096          -86.80            0.92
  2010.7123          -87.68            0.91
  2010.7151          -88.96            0.95
  2010.7178          -88.47            0.93
  2010.7206          -88.20            0.91
  2010.7233          -89.01            0.89
  2010.7261          -88.88            0.89
  2010.7288          -89.74            0.87
  2010.7316          -89.83            0.87
  2010.7343          -90.89            0.90
  2010.7369          -92.90            0.99
  2010.7397          -91.55            0.97
  2010.7424          -90.89            0.95
  2010.7452          -90.59            0.89
  2010.7479          -91.85            0.93
  2010.7507          -91.50            0.96
  2010.7534          -91.90            0.91
  2010.7561          -91.71            0.98
  2010.7589          -92.48            0.91
  2010.7616          -92.12            0.90
  2010.7644          -92.42            0.92
  2010.7671          -93.39            0.90
  2010.7699          -92.89            0.90
  2010.7726          -93.81            0.88
  2010.7754          -95.02            0.89
  2010.7781          -95.12            0.88
  2010.7808          -96.07            0.92
  2010.7836          -95.84            0.96
  2010.7863          -95.88            1.04
  2010.7891          -94.94            0.93
  2010.7917          -95.89            0.88
  2010.7946          -95.25            0.90
  2010.7972          -96.23            0.91
  2010.8000          -96.68            0.91
  2010.8027          -96.34            0.96
  2010.8054          -97.87            0.92
  2010.8082          -98.24            0.94
  2010.8137          -98.55            0.89
  2010.8164          -98.97            0.91
  2010.8192          -99.52            0.97
  2010.8219         -101.21            0.98
  2010.8247         -101.04            0.96
  2010.8274         -100.13            1.00
  2010.8301         -100.92            0.91
  2010.8329         -100.38            0.96
  2010.8356         -101.67            0.92
  2010.8384         -102.11            0.96
  2010.8411         -101.99            0.93
  2010.8439         -103.21            0.93
  2010.8466         -102.94            0.92
  2010.8494         -103.20            0.97
  2010.8521         -105.28            1.02
  2010.8547         -104.46            0.94
  2010.8602         -102.96            0.94
  2010.8630         -104.17            0.89
  2010.8657         -105.21            0.92
  2010.8685         -104.66            1.02
  2010.8712         -104.14            0.93
  2010.8740         -104.37            0.94
  2010.8767         -104.68            0.95
  2010.8794         -104.41            0.94
  2010.8822         -105.26            0.94
  2010.8849         -106.53            0.97
  2010.8877         -106.17            1.00
  2010.8904         -106.52            1.00
  2010.8932         -107.50            0.96
  2010.8959         -107.32            0.97
  2010.8987         -107.05            0.99
  2010.9014         -107.42            0.92
  2010.9041         -107.42            0.97
  2010.9069         -107.71            0.92
  2010.9095         -106.31            0.94
  2010.9124         -106.85            0.94
  2010.9150         -107.53            0.92
  2010.9178         -107.29            0.90
  2010.9205         -109.14            0.89
  2010.9233         -106.92            0.90
  2010.9260         -107.16            0.87
  2010.9287         -107.14            0.87
  2010.9315         -107.47            0.94
  2010.9342         -107.59            0.93
  2010.9370         -108.19            0.89
  2010.9397         -108.68            0.91
  2010.9425         -108.55            0.89
  2010.9452         -108.28            0.94
  2010.9480         -111.16            0.93
  2010.9507         -109.69            0.90
  2010.9562         -109.22            0.90
  2010.9589         -108.16            0.92
  2010.9644         -110.31            0.89
  2011.0027         -112.68            0.94
  2011.0055         -114.93            0.96
  2011.0082         -111.91            1.03
  2011.0110         -111.82            1.01
  2011.0137         -113.62            0.94
  2011.0165         -114.77            0.95
  2011.0192         -113.27            0.94
  2011.0220         -114.58            0.95
  2011.0247         -117.68            0.96
  2011.0273         -117.36            0.96
  2011.0302         -117.52            0.96
  2011.0328         -119.18            1.00
  2011.0356         -118.57            1.01
  2011.0383         -118.12            0.96
  2011.0411         -118.72            1.01
  2011.0438         -116.71            1.04
  2011.0466         -118.24            0.94
  2011.0493         -118.52            1.07
  2011.0520         -119.51            1.02
  2011.0548         -118.65            1.02
  2011.0575         -118.38            0.98
  2011.0603         -118.69            1.01
  2011.0630         -119.15            0.98
  2011.0658         -118.86            0.99
  2011.0685         -120.09            0.99
  2011.0713         -120.51            1.01
  2011.0740         -120.88            1.04
  2011.0767         -119.74            0.99
  2011.0795         -119.88            0.99
  2011.0822         -121.72            1.00
  2011.0850         -120.02            1.01
  2011.0876         -121.50            0.95
  2011.0905         -120.86            0.97
  2011.0931         -121.80            0.99
  2011.0959         -122.63            0.96
  2011.0986         -122.35            0.94
  2011.1013         -123.23            0.98
  2011.1041         -123.71            0.96
  2011.1068         -122.81            1.06
  2011.1096         -123.01            0.99
  2011.1123         -123.87            1.08
  2011.1151         -122.07            1.01
  2011.1178         -123.21            1.11
  2011.1206         -125.34            1.18
  2011.1233         -125.74            1.01
  2011.1260         -127.00            1.00
  2011.1288         -127.85            1.01
  2011.1315         -125.61            1.03
  2011.1343         -126.71            1.02
  2011.1370         -127.32            1.02
  2011.1398         -125.80            0.99
  2011.1425         -125.60            1.03
  2011.1453         -125.41            1.00
  2011.1479         -125.93            1.11
  2011.1506         -125.23            1.02
  2011.1534         -127.05            1.01
  2011.1561         -127.49            0.95
  2011.1589         -126.81            0.97
  2011.1616         -127.35            0.95
  2011.1644         -127.71            0.99
  2011.1671         -128.12            1.00
  2011.1699         -126.90            1.02
  2011.1726         -127.01            1.05
  2011.1753         -127.70            1.04
  2011.1781         -129.35            1.29
  2011.1808         -129.00            1.00
  2011.1836         -130.14            1.01
  2011.1863         -130.01            1.06
  2011.1891         -129.38            1.19
  2011.1918         -130.19            1.17
  2011.1946         -131.38            1.16
  2011.1973         -130.46            0.98
  2011.2000         -130.97            1.08
  2011.2028         -129.92            1.17
  2011.2054         -132.76            1.23
  2011.2083         -132.57            1.05
  2011.2109         -132.10            0.98
  2011.2137         -132.88            0.98
  2011.2164         -132.45            0.94
  2011.2192         -132.03            1.04
  2011.2219         -133.04            1.04
  2011.2246         -131.20            0.98
  2011.2274         -132.58            1.02
  2011.2301         -132.68            1.04
  2011.2329         -132.59            0.98
  2011.2356         -132.37            0.99
  2011.2384         -132.56            0.97
  2011.2411         -133.80            1.00
  2011.2439         -132.84            1.05
  2011.2466         -134.37            1.17
  2011.2493         -132.81            1.08
  2011.2521         -132.82            1.05
  2011.2548         -133.07            1.00
  2011.2576         -133.82            0.96
  2011.2603         -132.76            1.22
  2011.2631         -134.14            1.01
  2011.2657         -133.71            1.02
  2011.2684         -132.39            0.94
  2011.2712         -132.70            1.19
  2012.0027         -168.24            1.18
  2012.0055         -170.84            1.13
  2012.0082         -170.53            1.11
  2012.0110         -168.95            1.14
  2012.0137         -168.19            1.36
  2012.0165         -170.50            1.16
  2012.0192         -171.73            1.23
  2012.0220         -171.75            1.21
  2012.0247         -171.53            1.39
  2012.0273         -172.19            1.39
  2012.0302         -169.15            1.22
  2012.0328         -171.36            1.16
  2012.0356         -171.36            1.04
  2012.0383         -170.71            1.19
  2012.0411         -170.59            1.33
  2012.0438         -171.57            1.18
  2012.0466         -170.65            1.34
  2012.0493         -170.84            1.38
  2012.0520         -171.28            1.23
  2012.0548         -166.60            1.33
  2012.0603         -172.95            1.30
  2012.0630         -176.31            1.30
  2012.0658         -171.44            1.24
  2012.0685         -173.85            1.67
  2012.0713         -172.62            1.66
  2012.0740         -173.88            1.35
  2012.0767         -173.77            1.64
  2012.0795         -171.87            1.40
  2012.0822         -174.31            1.31
  2012.0850         -173.56            1.24
  2012.0876         -172.18            1.25
  2012.0905         -172.65            1.29
  2012.0931         -172.50            1.18
  2012.0959         -173.03            1.29
  2012.0986         -173.47            1.19
  2012.1013         -172.42            1.31
  2012.1041         -173.20            1.34
  2012.1068         -173.15            1.23
  2012.1096         -171.49            1.16
  2012.1123         -173.99            1.15
  2012.1151         -173.78            1.19
  2012.1178         -174.85            1.36
  2012.1206         -172.70            1.36
  2012.1233         -175.29            1.27
  2012.1260         -172.97            1.24
  2012.1288         -174.11            2.41
  2012.1315         -174.31            1.60
  2012.1343         -174.70            1.36
  2012.1370         -175.26            1.42
  2012.1398         -174.12            1.29
  2012.1425         -174.93            1.16
  2012.1453         -173.86            1.32
  2012.1479         -174.92            1.27
  2012.1506         -176.61            1.18
  2012.1534         -174.06            1.29
  2012.1561         -178.03            1.38
  2012.1589         -176.55            1.45
  2012.1616         -175.78            1.36
  2012.1644         -175.43            1.24
  2012.1671         -176.78            1.26
  2012.1699         -177.53            1.13
  2012.1726         -176.94            1.26
  2012.1753         -178.39            1.23
  2012.1781         -179.94            1.36
  2012.1808         -177.34            1.23
  2012.1836         -176.28            1.36
  2012.1863         -177.20            1.17
  2012.1891         -178.57            1.20
  2012.1918         -176.42            1.25
  2012.1946         -179.02            1.29
  2012.1973         -176.73            1.36
  2012.2000         -176.92            1.27
  2012.2028         -180.85            1.34
  2013.0027         -208.29            1.02
  2013.0055         -207.70            0.99
  2013.0082         -210.16            1.07
  2013.0110         -208.97            1.09
  2013.0137         -208.63            1.16
  2013.0165         -209.20            1.20
  2013.0192         -208.84            1.31
  2013.0220         -208.66            1.07
  2013.0247         -210.03            1.16
  2013.0273         -208.27            1.20
  2013.0302         -207.22            1.24
  2013.0328         -209.59            1.13
  2013.0356         -208.78            1.20
  2013.0383         -209.91            1.08
  2013.0411         -211.05            1.17
  2013.0438         -209.99            1.20
  2013.0466         -208.63            1.22
  2013.0493         -209.10            1.13
  2013.0520         -209.88            1.09
  2013.0548         -207.42            1.04
  2013.0575         -209.41            1.11
  2013.0603         -209.39            1.30
  2013.0630         -209.62            1.29
  2013.0658         -210.33            1.20
  2013.0685         -210.17            1.13
  2013.0713         -209.46            1.04
  2013.0740         -210.69            1.07
  2013.0767         -210.83            1.13
  2013.0795         -208.80            1.10
  2013.0822         -210.43            1.12
  2013.0850         -210.29            1.16
  2013.0876         -210.49            1.20
  2013.0905         -210.29            1.16
  2013.0931         -209.75            1.08
  2013.0959         -209.19            1.09
  2013.0986         -209.74            1.29
  2013.1013         -212.14            1.42
  2013.1041         -209.51            1.11
  2013.1068         -212.10            1.15
  2013.1096         -211.02            1.13
  2013.1123         -212.05            1.26
  2013.1151         -211.34            1.21
  2013.1178         -211.21            1.19
  2013.1206         -211.43            1.14
  2013.1233         -210.16            1.36
  2013.1260         -211.58            1.16
  2013.1288         -211.45            1.23
  2013.1315         -208.84            1.18
  2013.1343         -212.12            1.07
  2013.1370         -211.03            1.03
  2013.1398         -208.93            1.25
  2013.1425         -210.50            1.34
  2013.1453         -209.13            1.23
  2013.1479         -211.38            1.16
  2013.1506         -213.09            1.06
  2013.1534         -211.78            1.04
  2013.1561         -210.44            1.06
  2013.1589         -212.27            1.05
  2013.1616         -211.73            1.23
  2013.1644         -210.98            1.16
  2013.1671         -211.99            1.08
  2013.1699         -210.83            1.03
  2013.1726         -210.55            1.05
