  2010.2384            0.00            0.43
  2010.2411           -1.31            0.21
  2010.2439           -1.22            0.21
  2010.2466           -1.28            0.23
  2010.2493           -0.89            0.20
  2010.2521            1.29            0.21
  2010.2548           -0.40            0.16
  2010.2576            2.15            0.11
  2010.2603            3.22            0.15
  2010.2631            2.81            0.16
  2010.2657            3.59            0.16
  2010.2684            4.26            0.16
  2010.2712            4.78            0.16
  2010.2739            4.67            0.17
  2010.2767            5.69            0.16
  2010.2794            6.12            0.17
  2010.2822            6.99            0.16
  2010.2849            7.69            0.16
  2010.2877            6.76            0.15
  2010.2904            8.62            0.16
  2010.2931            8.14            0.16
  2010.2959            7.22            0.17
  2010.2986            7.53            0.15
  2010.3014            7.88            0.16
  2010.3069            8.47            0.16
  2010.3096            9.40            0.16
  2010.3124            9.78            0.16
  2010.3151            8.52            0.15
  2010.3177            8.90            0.15
  2010.3206            8.85            0.15
  2010.3232            9.62            0.16
  2010.3260           10.76            0.16
  2010.3287            9.86            0.17
  2010.3315           10.26            0.16
  2010.3424           11.99            0.17
  2010.3452           11.45            0.15
  2010.3479           11.59            0.16
  2010.3507           11.20            0.15
  2010.3534           12.31            0.14
  2010.3562           13.20            0.15
  2010.3589           12.67            0.15
  2010.3617           13.38            0.24
  2010.3644           13.50            0.15
  2010.3726           14.19            0.16
  2010.3754           14.51            0.16
  2010.3781           14.21            0.15
  2010.3809           15.18            0.16
  2010.3835           15.59            0.16
  2010.3864           15.79            0.16
  2010.3890           17.04            0.16
  2010.3917           16.04            0.16
  2010.3945           16.61            0.16
  2010.3972           17.20            0.16
  2010.4000           16.82            0.17
  2010.4027           16.86            0.16
  2010.4055           17.61            0.17
  2010.4082           17.31            0.17
  2010.4110           16.57            0.37
  2010.4164           19.16            0.33
  2010.4192           17.23            0.16
  2010.4219           17.67            0.16
  2010.4247           17.35            0.17
  2010.4274           18.71            0.16
  2010.4302           16.53            0.15
  2010.4329           18.24            0.15
  2010.4357           18.74            0.14
  2010.4384           17.28            0.15
  2010.4410           18.35            0.16
  2010.4465           18.00            0.18
  2010.4493           19.84            0.16
  2010.4520           20.41            0.18
  2010.4548           19.24            0.21
  2010.4575           22.50            0.22
  2010.4630           20.65            0.26
  2010.4657           18.25            0.44
  2010.4685           20.17            5.98
  2010.4795           21.69            2.04
  2010.4850           22.77            0.34
  2010.4877           22.92            0.17
  2010.4904           23.25            0.19
  2010.4932           23.45            0.40
  2010.4958           25.08            0.62
  2010.5042           24.29            0.32
  2010.5068           23.84            0.47
  2010.5096           27.61            0.32
  2010.5123           29.62            0.76
  2010.5150           24.90            0.30
  2010.5753           28.10            0.46
  2010.5781           25.84            0.17
  2010.5808           26.29            0.16
  2010.5836           25.91            0.16
  2010.5863           25.60            0.15
  2010.5890           25.58            0.15
  2010.5918           25.65            0.15
  2010.5945           26.37            0.32
  2010.5973           26.36            0.15
  2010.6000           25.85            0.15
  2010.6028           26.79            0.14
  2010.6055           26.49            0.15
  2010.6083           27.31            0.15
  2010.6110           28.13            0.15
  2010.6136           26.94            0.14
  2010.6165           28.23            0.14
  2010.6191           27.85            0.14
  2010.6219           28.05            0.14
  2010.6246           31.92            0.15
  2010.6274           31.13            0.16
  2010.6301           28.95            0.15
  2010.6329           29.59            0.14
  2010.6356           30.55            0.14
  2010.6383           28.37            0.16
  2010.6411           30.69            0.15
  2010.6438           30.59            0.15
  2010.6466           30.53            0.15
  2010.6493           31.25            0.14
  2010.6521           32.17            0.15
  2010.6548           32.10            0.14
  2010.6576           31.36            0.15
  2010.6603           30.38            0.14
  2010.6630           32.08            0.15
  2010.6658           30.81            0.14
  2010.6685           31.30            0.14
  2010.6713           31.66            0.15
  2010.6740           31.61            0.17
  2010.6768           33.81            0.14
  2010.6794           32.37            0.13
  2010.6823           32.54            0.13
  2010.6849           33.24            0.13
  2010.6876           33.40            0.13
  2010.6904           33.36            0.14
  2010.6931           33.34            0.14
  2010.6959           33.95            0.14
  2010.6986           32.88            0.14
  2010.7014           32.55            0.14
  2010.7041           33.19            0.14
  2010.7069           33.49            0.21
  2010.7096           33.11            0.14
  2010.7123           34.35            0.14
  2010.7151           34.57            0.14
  2010.7178           33.58            0.13
  2010.7206           35.36            0.13
  2010.7233           35.86            0.13
  2010.7261           34.70            0.13
  2010.7288           34.43            0.13
  2010.7316           35.16            0.13
  2010.7343           35.04            0.13
  2010.7369           36.86            0.14
  2010.7397           37.03            0.14
  2010.7424           34.20            0.13
  2010.7452           36.06            0.13
  2010.7479           33.82            0.13
  2010.7507           35.06            0.14
  2010.7534           37.06            0.13
  2010.7561           38.11            0.15
  2010.7589           38.15            0.13
  2010.7616           38.67            0.13
  2010.7644           38.21            0.13
  2010.7671           37.83            0.13
  2010.7699           38.06            0.13
  2010.7726           37.31            0.13
  2010.7754           39.07            0.13
  2010.7781           39.26            0.13
  2010.7808           40.17            0.14
  2010.7836           40.09            0.14
  2010.7863           39.23            0.15
  2010.7891           39.75            0.14
  2010.7917           40.35            0.13
  2010.7946           39.96            0.13
  2010.7972           39.94            0.14
  2010.8000           39.94            0.13
  2010.8027           40.96            0.13
  2010.8054           39.65            0.14
  2010.8082           39.44            0.14
  2010.8137           38.45            0.13
  2010.8164           38.51            0.13
  2010.8192           38.87            0.14
  2010.8219           40.44            0.14
  2010.8247           39.24            0.14
  2010.8274           39.88            0.15
  2010.8301           39.42            0.13
  2010.8329           40.69            0.14
  2010.8356           40.04            0.13
  2010.8384           41.07            0.15
  2010.8411           38.81            0.14
  2010.8439           39.62            0.13
  2010.8466           40.48            0.13
  2010.8494           40.21            0.14
  2010.8521           40.20            0.16
  2010.8547           41.88            0.14
  2010.8602           41.73            0.14
  2010.8630           42.54            0.13
  2010.8657           42.67            0.15
  2010.8685           41.26            0.15
  2010.8712           42.93            0.14
  2010.8740           43.58            0.13
  2010.8767           43.62            0.13
  2010.8794           44.12            0.14
  2010.8822           44.23            0.12
  2010.8849           43.84            0.13
  2010.8877           43.86            0.13
  2010.8904           41.37            0.12
  2010.8932           42.08            0.14
  2010.8959           42.11            0.12
  2010.8987           43.37            0.12
  2010.9014           42.41            0.12
  2010.9041           43.08            0.12
  2010.9069           43.33            0.13
  2010.9095           44.23            0.12
  2010.9124           44.36            0.12
  2010.9150           45.49            0.12
  2010.9178           45.89            0.12
  2010.9205           45.88            0.12
  2010.9233           45.55            0.13
  2010.9260           45.12            0.12
  2010.9287           47.65            0.12
  2010.9315           47.25            0.12
  2010.9342           47.17            0.13
  2010.9370           48.51            0.12
  2010.9397           47.36            0.13
  2010.9425           48.35            0.12
  2010.9452           47.73            0.13
  2010.9480           47.02            0.13
  2010.9507           48.93            0.13
  2010.9562           49.49            0.13
  2010.9589           49.24            0.13
  2010.9644           49.15            0.12
  2011.0027           52.38            0.14
  2011.0055           53.98            0.15
  2011.0082           53.73            0.16
  2011.0110           52.42            0.16
  2011.0137           53.03            0.14
  2011.0165           53.61            0.14
  2011.0192           52.87            0.14
  2011.0220           53.59            0.14
  2011.0247           56.57            0.14
  2011.0273           56.53            0.15
  2011.0302           57.30            0.15
  2011.0328           57.79            0.14
  2011.0356           57.06            0.15
  2011.0383           57.34            0.15
  2011.0411           59.05            0.15
  2011.0438           57.46            0.16
  2011.0466           57.19            0.15
  2011.0493           59.23            0.17
  2011.0520           59.09            0.16
  2011.0548           58.47            0.16
  2011.0575           57.34            0.15
  2011.0603           59.02            0.15
  2011.0630           56.18            0.15
  2011.0658           58.62            0.15
  2011.0685           57.83            0.15
  2011.0713           58.40            0.17
  2011.0740           57.97            0.16
  2011.0767           57.35            0.16
  2011.0795           57.76            0.15
  2011.0822           61.12            0.15
  2011.0850           60.77            0.15
  2011.0876           61.09            0.14
  2011.0905           60.68            0.15
  2011.0931           60.22            0.15
  2011.0959           61.12            0.14
  2011.0986           60.77            0.14
  2011.1013           62.25            0.15
  2011.1041           62.52            0.15
  2011.1068           63.37            0.16
  2011.1096           63.07            0.16
  2011.1123           63.51            0.17
  2011.1151           65.31            0.16
  2011.1178           63.39            0.17
  2011.1206           61.90            0.20
  2011.1233           62.44            0.16
  2011.1260           61.86            0.16
  2011.1288           61.12            0.16
  2011.1315           62.00            0.17
  2011.1343           60.95            0.16
  2011.1370           61.65            0.15
  2011.1398           63.63            0.16
  2011.1425           63.52            0.17
  2011.1453           63.84            0.16
  2011.1479           64.12            0.17
  2011.1506           62.76            0.17
  2011.1534           64.58            0.17
  2011.1561           64.10            0.16
  2011.1589           62.54            0.14
  2011.1616           64.80            0.15
  2011.1644           64.33            0.15
  2011.1671           63.88            0.15
  2011.1699           63.28            0.15
  2011.1726           64.94            0.17
  2011.1753           64.82            0.16
  2011.1781           62.20            0.21
  2011.1808           61.73            0.15
  2011.1836           62.83            0.15
  2011.1863           62.70            0.16
  2011.1891           61.24            0.20
  2011.1918           65.79            0.19
  2011.1946           60.42            0.19
  2011.1973           61.79            0.16
  2011.2000           63.72            0.18
  2011.2028           61.76            0.19
  2011.2054           62.52            0.17
  2011.2083           62.19            0.16
  2011.2109           62.65            0.16
  2011.2137           63.29            0.15
  2011.2164           65.15            0.14
  2011.2192           64.57            0.16
  2011.2219           65.43            0.16
  2011.2246           66.20            0.15
  2011.2274           64.99            0.16
  2011.2301           65.63            0.15
  2011.2329           64.38            0.15
  2011.2356           64.97            0.15
  2011.2384           64.33            0.14
  2011.2411           64.59            0.15
  2011.2439           64.22            0.16
  2011.2466           64.12            0.18
  2011.2493           64.03            0.18
  2011.2521           65.08            0.17
  2011.2548           63.32            0.15
  2011.2576           64.45            0.15
  2011.2603           63.28            0.20
  2011.2631           63.99            0.16
  2011.2657           63.44            0.14
  2011.2684           63.97            0.15
  2011.2712           64.72            0.18
  2012.0027           99.51            0.13
  2012.0055          100.31            0.13
  2012.0082           98.85            0.14
  2012.0110           99.77            0.13
  2012.0137           99.91            0.14
  2012.0165           99.51            0.13
  2012.0192           99.55            0.14
  2012.0220           99.17            0.15
  2012.0247           99.76            0.20
  2012.0273          100.45            0.17
  2012.0302          100.34            0.16
  2012.0328          100.26            0.15
  2012.0356          102.08            0.19
  2012.0383          100.27            0.14
  2012.0411          100.90            0.17
  2012.0438          100.18            0.15
  2012.0466          101.01            0.18
  2012.0493          101.45            0.16
  2012.0520          102.61            0.16
  2012.0548          102.12            0.18
  2012.0603          101.67            0.17
  2012.0630          101.27            0.15
  2012.0658          102.32            0.17
  2012.0685          102.05            0.19
  2012.0713          102.47            0.20
  2012.0740          102.64            0.21
  2012.0767          103.20            0.21
  2012.0795          105.03            0.19
  2012.0822          106.11            0.16
  2012.0850          104.49            0.16
  2012.0876          106.35            0.15
  2012.0905          104.57            0.17
  2012.0931          105.94            0.15
  2012.0959          105.59            0.17
  2012.0986          103.15            0.16
  2012.1013          103.71            0.16
  2012.1041          105.68            0.19
  2012.1068          105.57            0.16
  2012.1096          104.10            0.14
  2012.1123          103.94            0.14
  2012.1151          104.94            0.14
  2012.1178          102.93            0.15
  2012.1206          104.18            0.14
  2012.1233          104.30            0.14
  2012.1260          104.04            0.14
  2012.1288          101.89            0.40
  2012.1315          104.70            0.13
  2012.1343          103.31            0.16
  2012.1370          101.94            0.18
  2012.1398          103.61            0.14
  2012.1425          104.20            0.13
  2012.1453          104.46            0.11
  2012.1479          103.53            0.11
  2012.1506          104.51            0.15
  2012.1534          102.90            0.15
  2012.1561          104.64            0.13
  2012.1589          104.98            0.14
  2012.1616          104.19            0.12
  2012.1644          106.08            0.13
  2012.1671          105.45            0.16
  2012.1699          105.29            0.13
  2012.1726          105.74            0.15
  2012.1753          105.05            0.14
  2012.1781          104.24            0.17
  2012.1808          104.57            0.14
  2012.1836          103.72            0.17
  2012.1863          106.15            0.13
  2012.1891          105.80            0.13
  2012.1918          105.40            0.15
  2012.1946          104.95            0.15
  2012.1973          105.13            0.13
  2012.2000          104.88            0.15
  2012.2028          105.53            0.14
  2013.0027          124.52            0.17
  2013.0055          125.38            0.17
  2013.0082          124.00            0.20
  2013.0110          123.76            0.19
  2013.0137          124.02            0.21
  2013.0165          126.06            0.21
  2013.0192          126.41            0.14
  2013.0220          126.27            0.18
  2013.0247          126.94            0.21
  2013.0273          126.56            0.13
  2013.0302          128.27            0.13
  2013.0328          126.29            0.19
  2013.0356          127.22            0.12
  2013.0383          126.42            0.19
  2013.0411          127.14            0.20
  2013.0438          127.51            0.21
  2013.0466          126.70            0.21
  2013.0493          126.92            0.20
  2013.0520          128.00            0.19
  2013.0548          129.13            0.18
  2013.0575          130.80            0.20
  2013.0603          129.28            0.15
  2013.0630          128.78            0.13
  2013.0658          130.04            0.21
  2013.0685          130.85            0.21
  2013.0713          129.98            0.18
  2013.0740          128.48            0.19
  2013.0767          127.08            0.20
  2013.0795          127.77            0.19
  2013.0822          129.09            0.18
  2013.0850          129.16            0.20
  2013.0876          128.19            0.21
  2013.0905          129.73            0.20
  2013.0931          129.35            0.19
  2013.0959          130.56            0.18
  2013.0986          128.51            0.12
  2013.1013          130.14            0.23
  2013.1041          129.80            0.18
  2013.1068          131.58            0.21
  2013.1096          132.17            0.20
  2013.1123          132.41            0.22
  2013.1151          129.11            0.20
  2013.1178          129.49            0.21
  2013.1206          130.69            0.19
  2013.1233          129.69            0.13
  2013.1260          130.01            0.19
  2013.1288          130.46            0.19
  2013.1315          125.12            0.20
  2013.1343          135.97            0.19
  2013.1370          129.19            0.17
  2013.1398          132.47            0.12
  2013.1425          131.30            0.15
  2013.1453          132.12            0.13
  2013.1479          131.01            0.19
  2013.1506          129.66            0.18
  2013.1534          131.10            0.19
  2013.1561          131.03            0.19
  2013.1589          133.84            0.17
  2013.1616          132.06            0.12
  2013.1644          132.18            0.14
  2013.1671          130.22            0.18
  2013.1699          130.38            0.17
  2013.1726          130.98            0.18
