  2011.0027            0.00            1.25
  2011.0055            2.90            1.38
  2011.0082            1.93            1.45
  2011.0110            3.42            1.37
  2011.0137            0.90            1.26
  2011.0165            2.48            1.24
  2011.0192           -0.07            1.22
  2011.0220            2.89            1.26
  2011.0247           -0.25            1.29
  2011.0273            0.44            1.30
  2011.0302           -0.37            1.30
  2011.0328            0.42            1.27
  2011.0356           -1.40            1.42
  2011.0383           -0.50            1.32
  2011.0411           -4.27            2.71
  2011.0438            0.38            1.32
  2011.0466            1.67            1.25
  2011.0493           -0.84            1.62
  2011.0520            1.26            1.36
  2011.0548            2.82            1.75
  2011.0575            0.14            1.36
  2011.0603            3.03            1.43
  2011.0630            1.40            3.75
  2011.0658            1.57            1.74
  2011.0685            2.67            2.73
  2011.0713            0.66            1.67
  2011.0740           -0.18            1.35
  2011.0767            3.42            2.90
  2011.0822            0.72            1.41
  2011.0850            1.46            2.97
  2011.0876            2.47            2.47
  2011.0905            1.28            1.36
  2011.0931            1.40            1.42
  2011.0959            1.80            1.27
  2011.0986            0.76            1.21
  2011.1013            1.47            1.27
  2011.1041            3.11            1.24
  2011.1068            2.57            1.40
  2011.1096            1.05            1.28
  2011.1123            1.83            1.43
  2011.1151            2.55            1.46
  2011.1178            2.96            1.71
  2011.1206            1.12            1.61
  2011.1233            1.10            1.32
  2011.1260            0.55            1.34
  2011.1288            0.79            1.84
  2011.1315           -0.61            1.36
  2011.1343           -0.27            1.40
  2011.1370           -0.31            1.43
  2011.1398            2.65            1.46
  2011.1425            2.07            1.43
  2011.1453            2.32            1.39
  2011.1479            2.54            1.45
  2011.1506            6.58            1.36
  2011.1534            3.50            3.66
  2011.1561            5.30            6.55
  2011.1589            1.83            3.02
  2011.1616            1.62            1.57
  2011.1644            2.42            1.39
  2011.1671            6.61            4.69
  2011.1699            3.35            2.94
  2011.1753            4.22            2.80
  2011.1781            2.45            3.87
  2011.1808            3.50            1.57
  2011.1836            2.54            3.93
  2011.1863            2.00            1.68
  2011.1891            0.92            1.96
  2011.1918            3.50            1.76
  2011.1946            1.87            1.71
  2011.1973            3.63            1.47
  2011.2000            2.55            1.93
  2011.2028            2.83            1.78
  2011.2054            0.09            2.14
  2011.2083            2.26            1.52
  2011.2109            2.24            1.45
  2011.2137            2.15            1.63
  2011.2164            4.62            3.22
  2011.2192            1.99            1.77
  2011.2219            3.72            1.57
  2011.2246            4.15            1.46
  2011.2274           -0.84            1.47
  2011.2301            2.50            1.61
  2011.2329            3.94            1.58
  2011.2356            4.22            1.48
  2011.2384            4.47            1.45
  2011.2411            4.16            1.57
  2011.2439            5.04            1.71
  2011.2466            7.27            1.82
  2011.2493            6.02            1.56
  2011.2521            5.89            1.75
  2011.2548            4.83            1.48
  2011.2576            7.82            1.63
  2011.2603            6.61            1.85
  2011.2631            5.60            1.58
  2011.2657            5.72            1.48
  2011.2684            6.28            1.45
  2011.2712            6.26            1.42
  2011.2739            5.40            1.78
  2011.2767            7.27            2.45
  2011.2794            4.15            1.93
  2011.2822            7.33            1.64
  2011.2849            7.17            1.50
  2011.2877            6.10            1.40
  2011.2904            6.66            1.47
  2011.2931            3.17            3.34
  2011.2959            4.91            1.43
  2011.2986            3.05            1.52
  2011.3014            6.45            4.73
  2011.3041           17.52           12.03
  2011.3069            2.06            1.66
  2011.3096            7.07            1.91
  2011.3124            3.95            1.53
  2011.3151            5.70            1.44
  2011.3177            5.67            1.49
  2011.3206            5.60            1.52
  2011.3232            6.04            1.47
  2011.3260            6.00            1.37
  2011.3287            5.43            1.44
  2011.3315            4.04            1.30
  2011.3342            5.91            1.33
  2011.3370            4.27            1.65
  2011.3397            5.94            1.51
  2011.3424            6.01            1.34
  2011.3452            7.37            1.44
  2011.3479            8.08            2.89
  2011.3507            4.91            1.28
  2011.3534            4.60            1.42
  2011.3562            3.17            1.60
  2011.3589            6.51            1.32
  2011.3617            5.98            1.50
  2011.3644            9.18            1.28
  2011.3671            7.49            1.57
  2011.3699            6.18            1.65
  2011.3726            7.23            1.57
  2011.3754            7.10            1.68
  2011.3781            9.32            1.75
  2011.3809            4.48            2.11
  2011.3835            6.75            1.59
  2011.3864            9.64            3.40
  2011.3890            6.07            1.46
  2011.3917            5.66            1.82
  2011.3945           -6.35           23.55
  2011.3972            6.45            1.34
  2011.4000            8.36            1.50
  2011.4027            5.43            1.55
  2011.4055            5.99            1.30
  2011.4082            6.61            1.35
  2011.4110            6.53            1.31
  2011.4137            7.28            1.36
  2011.4164            6.65            1.41
  2011.4192            6.27            1.46
  2011.4219            9.29            1.34
  2011.4247            7.12            3.41
  2011.4274            9.49            1.65
  2011.4302            6.67            1.86
  2011.4329            3.84            2.83
  2011.4357            8.08            1.79
  2011.4410            9.07            3.42
  2011.4438            8.40            1.65
  2011.4465            6.84            1.58
  2011.4493            7.79            1.50
  2011.4520           11.43            2.54
  2011.4548           12.61            2.14
  2011.4575            6.84            1.66
  2011.4630            6.31            2.08
  2011.4657            5.32            2.08
  2011.4685            6.54            1.62
  2011.4712            7.56            1.61
  2011.4740            8.35            1.60
  2011.4767            9.88            3.52
  2011.4795            9.09            1.53
  2011.4822           10.64            1.54
  2011.4850            7.61            1.51
  2011.4877            9.15            2.99
  2011.4904            7.83            3.38
  2011.4932            7.97            2.06
  2011.4958            8.09            1.66
  2011.4987            7.03            1.37
  2011.5013            6.03            1.36
  2011.5042           10.87            1.52
  2011.5068            9.62            1.69
  2011.5096           10.98            1.79
  2011.5123            9.10            1.64
  2011.5150            7.05            1.75
  2011.5178            8.56            1.93
  2012.0192           25.72            1.06
  2012.0220           24.44            1.08
  2012.0247           21.48            1.24
  2012.0273           24.65            1.21
  2012.0302           26.50            1.09
  2012.0328           26.26            1.01
  2012.0356           25.64            1.02
  2012.0383           24.57            1.05
  2012.0411           24.49            1.17
  2012.0438           25.54            1.03
  2012.0466           25.63            1.14
  2012.0493           23.84            1.17
  2012.0520           25.45            1.07
  2012.0548           26.05            1.19
  2012.0603           20.42            1.20
  2012.0630           28.42            1.13
  2012.0658           24.71            1.10
  2012.0685           25.48            1.48
  2012.0713           25.75            1.48
  2012.0740           24.93            1.36
  2012.0767           23.54            1.47
  2012.0795           23.78            1.19
  2012.0822           25.27            1.21
  2012.0850           27.98            1.09
  2012.0876           25.69            1.09
  2012.0905           26.80            1.14
  2012.0931           25.45            1.04
  2012.0959           27.29            1.13
  2012.0986           28.17            1.07
  2012.1013           28.11            1.10
  2012.1041           28.64            1.19
  2012.1068           28.00            1.04
  2012.1096           29.22            1.01
  2012.1123           26.93            1.02
  2012.1151           28.74            1.05
  2012.1178           29.19            1.17
  2012.1206           27.93            1.16
  2012.1233           26.89            1.10
  2012.1260           27.03            1.12
  2012.1288           35.27            1.13
  2012.1315           22.14            1.19
  2012.1343           29.16            1.15
  2012.1370           27.93            1.16
  2012.1398           29.40            1.09
  2012.1425           27.86            0.99
  2012.1453           29.28            1.04
  2012.1479           29.49            0.99
  2012.1506           29.76            1.00
  2012.1534           29.53            1.07
  2012.1561           27.30            1.09
  2012.1589           26.45            1.12
  2012.1616           29.20            1.08
  2012.1644           30.91            1.06
  2012.1671           29.54            1.02
  2012.1699           29.95            1.00
  2012.1726           30.26            1.07
  2012.1753           25.97            1.04
  2012.1781           28.40            1.16
  2012.1808           30.22            1.03
  2012.1836           30.83            1.20
  2012.1863           29.66            1.00
  2012.1891           29.96            1.01
  2012.1918           31.76            1.07
  2012.1946           27.89            1.11
  2012.1973           30.42            1.08
  2012.2000           30.39            1.08
  2012.2028           29.14            1.05
  2012.2054           28.72            1.01
  2012.2083           30.42            1.03
  2012.2109           30.63            1.08
  2012.2137           30.27            1.00
  2012.2164           31.18            1.05
  2012.2192           32.17            0.97
  2012.2219           31.20            1.00
  2012.2246           30.84            0.93
  2012.2274           32.24            0.94
  2012.2301           32.16            0.98
  2012.2329           31.98            0.99
  2012.2356           31.57            0.96
  2012.2384           32.93            0.96
  2012.2411           32.42            0.98
  2012.2439           32.32            0.97
  2012.2466           31.48            0.92
  2012.2493           31.01            1.02
  2012.2521           31.61            0.98
  2012.2548           30.97            0.99
  2012.2576           33.44            0.97
  2012.2603           30.98            1.09
  2012.2631           32.25            1.01
  2012.2657           30.54            0.94
  2012.2684           32.02            0.97
  2012.2712           31.90            1.02
  2012.2739           32.80            1.03
  2012.2767           32.84            0.98
  2012.2794           33.39            0.97
  2012.2822           33.46            0.97
  2012.2849           34.24            1.07
  2012.2877           36.28            1.03
  2012.2904           34.33            1.05
  2012.2931           34.34            0.99
  2012.2959           33.09            0.98
  2012.2986           31.55            1.04
  2012.3014           32.00            0.93
  2012.3041           32.50            0.95
  2012.3069           32.48            0.99
  2012.3096           33.93            0.84
  2012.3124           34.54            0.91
  2012.3151           36.34            0.99
  2012.3177           34.29            0.96
  2012.3206           31.83            0.90
  2012.3232           34.07            0.91
  2012.3260           34.20            0.91
  2012.3287           34.58            0.87
  2012.3315           30.81            0.92
  2012.3342           31.79            0.86
  2012.3370           28.29            0.92
  2012.3397           33.53            0.89
  2012.3424           33.64            0.87
  2012.3452           34.19            0.88
  2012.3479           36.73            1.04
  2012.3507           34.62            0.92
  2012.3534           34.65            0.89
  2012.3562           33.75            0.91
  2012.3589           34.33            0.95
  2012.3617           32.90            1.01
  2012.3644           31.68            0.91
  2012.3671           30.38            0.93
  2012.3699           30.89            0.93
  2012.3726           30.71            0.96
  2012.3754           31.47            0.99
  2012.3781           33.30            0.97
  2012.3809           32.16            0.90
  2012.3835           28.26            1.01
  2012.3864           32.28            0.95
  2012.3890           32.26            0.92
  2012.3917           32.70            0.93
  2012.3945           33.34            0.94
  2012.3972           32.95            0.94
  2012.4000           32.89            0.91
  2012.4027           30.80            0.99
  2012.4055           26.41            1.04
  2012.4110           31.28            0.96
  2012.4137           32.72            0.92
  2012.4164           33.26            1.69
  2012.4219           30.05            1.87
  2012.4247           34.12            0.96
  2012.4274           34.44            0.96
  2012.4302           35.56            0.94
  2012.4329           34.13            0.89
  2012.4357           34.42            0.86
  2012.4384           35.02            0.85
  2012.4410           33.60            1.02
  2012.4438           34.37            0.99
  2012.4465           35.57            0.95
  2012.4493           32.85            0.98
  2012.4520           33.07            1.05
  2012.4548           34.96            1.04
  2012.4575           34.62            1.08
  2012.4603           34.64            0.95
  2012.4630           35.07            0.98
  2012.4657           33.94            0.96
  2012.4685           35.30            0.92
  2012.4712           33.06            1.01
  2012.4740           34.07            0.94
  2012.4767           33.33            0.93
  2012.4795           34.03            0.90
  2012.4822           36.48            0.91
  2012.4850           36.66            0.90
  2012.4877           34.79            0.89
  2012.4904           32.63            0.96
  2012.4932           35.38            0.95
  2012.4958           33.95            0.97
  2012.4987           35.18            0.97
  2012.5013           35.39            1.04
  2012.5042           36.95            1.02
  2012.5068           35.15            0.92
  2012.5096           35.07            1.02
  2012.5123           37.04            1.02
  2012.5150           36.18            1.01
  2012.5178           38.11            0.90
  2012.5205           36.78            0.98
  2012.5233           36.24            1.04
  2012.5260           37.16            0.95
  2012.5288           36.55            0.99
  2012.5315           36.27            0.92
  2012.5343           37.43            0.92
  2012.5370           36.00            0.91
  2012.5397           36.85            0.94
  2012.5425           38.12            0.92
  2012.5452           37.75            0.93
  2012.5480           38.00            0.94
  2012.5507           36.89            1.08
  2012.5535           35.86            0.93
  2012.5562           36.84            0.96
  2012.5590           36.54            0.95
  2012.5616           37.92            1.02
  2012.5643           37.84            1.06
  2012.5671           37.76            0.90
  2012.5698           38.79            0.93
  2012.5726           37.51            0.91
  2012.5753           35.52            0.97
  2012.5781           38.42            1.03
  2012.5808           39.30            1.01
  2012.5836           38.64            1.01
  2012.5863           38.00            1.00
  2012.5890           36.93            1.07
  2012.5918           39.04            0.99
  2012.5945           39.29            0.96
  2012.5973           40.62            1.47
  2012.6000           38.47            0.97
  2012.6028           39.54            0.95
  2012.6055           39.96            0.92
  2012.6083           39.41            1.02
  2012.6110           40.52            0.95
  2012.6136           40.04            1.05
  2012.6165           39.92            1.10
  2012.6191           40.78            0.97
  2012.6219           38.11            1.02
  2012.6246           38.81            0.99
  2012.6274           37.87            0.99
  2012.6301           40.85            1.06
  2012.6329           40.55            0.97
  2012.6356           38.59            0.96
  2012.6383           41.70            0.97
  2012.6411           37.47            0.99
  2012.6438           41.13            0.99
  2012.6466           41.47            0.98
  2012.6493           42.50            0.97
  2012.6521           43.50            1.00
  2012.6548           42.18            0.92
  2012.6576           42.36            0.92
  2012.6603           40.60            0.96
  2012.6630           39.17            1.06
  2012.6658           40.64            0.93
  2012.6685           40.11            0.97
  2012.6713           41.15            0.96
  2012.6740           42.08            1.02
  2012.6768           40.27            0.99
  2012.6794           40.90            0.99
  2012.6823           41.90            1.11
  2012.6849           43.81            1.02
  2012.6876           42.15            1.03
  2012.6904           42.71            1.01
  2012.6931           44.81            1.00
  2012.6959           46.07            0.97
  2012.6986           45.32            0.98
  2012.7014           43.92            0.97
  2012.7041           44.54            1.07
  2012.7069           39.93            0.96
  2012.7096           41.10            1.02
  2012.7123           44.03            1.05
  2012.7151           44.71            1.08
  2012.7178           43.12            1.09
  2012.7206           43.76            1.00
  2012.7233           44.49            0.98
  2012.7261           44.44            0.98
  2012.7288           43.26            0.95
  2012.7316           41.16            0.97
  2012.7343           42.24            1.10
  2012.7369           42.67            1.10
  2012.7397           41.77            0.98
  2012.7424           41.40            0.92
  2012.7452           42.03            1.00
  2012.7479           41.77            1.08
  2012.7507           42.41            1.09
  2012.7534           43.48            1.24
  2012.7561           44.64            1.08
  2012.7589           43.63            1.12
  2012.7616           41.23            1.11
  2012.7644           43.32            1.04
  2012.7671           43.63            1.12
  2012.7699           44.20            1.16
  2012.7726           43.67            1.10
  2012.7754           44.99            1.18
  2012.7781           43.79            0.99
  2012.7808           43.31            1.00
  2012.7836           43.06            0.98
  2012.7863           42.96            0.97
  2012.7891           43.24            1.05
  2012.7917           43.46            1.12
  2012.7946           44.35            1.10
  2012.7972           42.71            1.05
  2012.8000           43.18            0.97
  2012.8027           44.46            1.11
  2012.8054           43.69            1.16
  2012.8082           44.44            1.23
  2012.8109           43.30            1.14
  2012.8137           40.98            1.17
  2012.8164           43.39            1.07
  2012.8192           43.52            1.07
  2012.8219           44.51            1.20
  2012.8247           47.75            1.20
  2012.8274           47.14            1.12
  2012.8301           48.13            1.26
  2012.8329           43.68            1.12
  2012.8356           44.23            1.06
  2012.8384           44.17            1.03
  2012.8411           45.63            1.03
  2012.8439           47.43            1.17
  2012.8466           44.35            1.07
  2012.8494           45.05            1.07
  2012.8521           46.41            1.07
  2012.8547           44.91            1.08
  2012.8575           44.38            1.12
  2012.8602           46.35            1.20
  2012.8630           46.78            1.15
  2012.8657           45.67            1.04
  2012.8685           48.25            1.06
  2012.8712           45.25            1.04
  2012.8740           45.58            1.03
  2012.8767           46.75            1.00
  2012.8794           45.76            1.08
  2012.8822           47.10            1.06
  2012.8849           47.26            1.03
  2012.8877           47.38            1.00
  2012.8904           48.25            1.05
  2012.8932           46.95            1.27
  2012.8959           41.92            1.23
  2012.8987           48.31            1.14
  2012.9014           45.78            1.11
  2012.9041           48.15            4.12
  2012.9069           48.67            1.11
  2012.9095           45.87            1.06
  2012.9124           48.65            1.07
  2012.9150           47.28            1.32
  2012.9178           47.65            1.13
  2012.9205           46.37            1.11
  2012.9233           43.50            1.75
  2012.9260           46.86            1.28
  2012.9287           46.96            1.14
  2012.9315           47.29            1.23
  2012.9342           47.94            1.41
  2012.9370           46.99            1.20
  2012.9397           47.62            1.09
  2012.9425           48.22            1.07
  2012.9452           47.40            1.16
  2012.9480           45.40            1.13
  2012.9507           44.74            1.20
  2012.9534           48.39            1.10
  2012.9562           49.19            1.14
  2012.9589           49.26            1.13
  2012.9617           46.87            1.23
  2012.9644           48.40            1.12
  2012.9672           45.71            1.39
  2012.9698           46.04            1.38
  2012.9727           46.82            1.27
  2012.9753           47.36            1.17
  2012.9780           53.98            1.20
  2012.9808           46.30            1.15
  2012.9835           44.38            1.43
  2012.9863           48.86            1.26
  2012.9890           50.12            1.13
  2012.9918           49.51            1.07
  2012.9945           49.75            1.04
  2012.9973           49.01            1.05
  2013.0000           48.39            1.10
  2013.0027           49.34            1.31
  2013.0027           48.96            0.90
  2013.0055           48.74            0.90
  2013.0082           48.81            0.95
  2013.0110           50.48            0.96
  2013.0137           49.28            1.03
  2013.0165           51.08            1.04
  2013.0192           50.22            1.07
  2013.0220           52.31            0.94
  2013.0247           49.63            1.01
  2013.0273           49.69            0.97
  2013.0302           51.98            1.02
  2013.0328           48.81            1.00
  2013.0356           50.81            0.98
  2013.0383           49.35            0.96
  2013.0411           48.82            1.04
  2013.0438           53.03            1.06
  2013.0466           50.14            1.18
  2013.0493           50.04            1.03
  2013.0520           50.96            0.97
  2013.0548           50.61            0.95
  2013.0575           48.85            0.99
  2013.0603           48.56            1.05
  2013.0630           47.99            1.03
  2013.0658           48.85            1.07
  2013.0685           49.99            1.00
  2013.0713           49.55            0.93
  2013.0740           49.91            0.96
  2013.0767           50.48            0.99
  2013.0795           49.84            0.97
  2013.0822           51.02            0.98
  2013.0850           51.28            1.03
  2013.0876           52.38            1.07
  2013.0905           51.17            1.06
  2013.0931           51.48            0.95
  2013.0959           51.01            0.99
  2013.0986           53.08            1.00
  2013.1013           50.92            1.12
  2013.1041           50.28            0.99
  2013.1068           50.65            1.02
  2013.1096           50.37            1.01
  2013.1123           50.13            1.12
  2013.1151           49.14            1.11
  2013.1178           48.54            1.05
  2013.1206           50.11            1.02
  2013.1233           49.34            1.07
  2013.1260           51.94            1.03
  2013.1288           50.28            1.12
  2013.1315           52.12            1.06
  2013.1343           52.21            0.95
  2013.1370           53.94            0.91
  2013.1398           53.59            0.97
  2013.1425           54.03            1.06
  2013.1453           54.06            0.98
  2013.1479           54.39            1.03
  2013.1506           52.53            0.95
  2013.1534           53.43            0.93
  2013.1561           54.01            0.92
  2013.1589           52.90            0.93
  2013.1616           53.98            0.98
  2013.1644           53.06            1.00
  2013.1671           53.26            0.96
  2013.1699           55.96            0.92
  2013.1726           54.56            0.94
  2013.1753           53.26            1.06
  2013.1781           54.22            1.04
  2013.1808           55.51            1.00
  2013.1863           50.21            1.11
  2013.1918           53.83            1.07
  2013.2000           55.11            0.92
  2013.2028           54.75            0.96
  2013.2054           53.95            1.03
  2013.2083           57.22            1.00
  2013.2109           55.32            0.92
  2013.2164           56.06            1.07
  2013.2192           55.36            0.95
  2013.2219           55.02            0.88
  2013.2246           55.23            0.93
  2013.2274           54.22            1.01
  2013.2301           55.37            1.02
  2013.2329           56.36            0.98
  2013.2356           55.93            0.92
  2013.2384           54.90            0.90
  2013.2411           56.21            1.03
  2013.2439           55.53            0.97
  2013.2466           55.30            0.98
  2013.2493           59.76            1.02
  2013.2548           53.43            0.98
  2013.2576           53.59            0.93
  2013.2603           54.41            1.03
  2013.2631           53.32            1.00
  2013.2657           54.60            1.94
  2013.2684           54.16            0.99
  2013.2712           55.28            1.15
  2013.2794           56.22            0.95
  2013.2822           56.58            0.94
  2013.2849           54.26            0.93
  2013.2877           54.64            0.95
  2013.2904           56.23            0.92
  2013.2931           54.28            0.91
  2013.2959           55.04            0.96
  2013.2986           56.43            0.92
  2013.3014           55.49            0.95
  2013.3041           52.07            0.98
  2013.3069           55.03            1.02
  2013.3096           55.86            0.96
  2013.3124           58.12            0.97
  2013.3151           56.74            0.94
  2013.3177           56.96            0.97
  2013.3206           53.87            0.95
  2013.3232           56.36            1.02
  2013.3260           57.40            0.93
  2013.3287           56.64            0.89
  2013.3315           56.08            0.99
  2013.3342           56.90            1.02
  2013.3370           54.15            1.08
  2013.3397           56.57            0.95
  2013.3424           57.29            0.90
  2013.3452           54.33            1.02
  2013.3479           57.93            0.96
  2013.3562           56.44            1.00
  2013.3589           56.54            0.94
  2013.3617           56.08            1.79
  2013.3644           55.84            0.90
  2013.3671           54.62            0.91
  2013.3699           55.53            0.86
  2013.3726           54.84            0.86
  2013.3754           54.49            0.89
  2013.3781           56.97            0.95
  2013.3809           56.24            1.52
  2013.3835           54.67            0.94
  2013.3864           56.10            0.89
  2013.3890           54.82            0.91
  2013.3917           56.69            0.91
  2013.3945           57.00            0.91
  2013.4000           54.18            0.94
  2013.4027           53.90            0.98
  2013.4055           52.73            1.04
  2013.4082           56.60            0.91
  2013.4110           56.36            0.91
  2013.4137           55.81            1.03
  2013.4164           56.51            0.98
  2013.4192           59.03            0.95
  2013.4219           61.66            0.89
  2013.4247           62.86            0.95
  2013.4274           58.78            0.98
  2013.4302           58.74            0.90
  2013.4329           60.43            0.94
  2013.4357           59.47            0.89
  2013.4384           59.15            0.92
  2013.4410           60.26            0.88
  2013.4438           58.79            0.92
  2013.4465           60.18            0.92
  2013.4493           60.63            0.94
  2013.4520           61.88            0.93
  2013.4548           56.55            1.00
  2013.4575           59.91            0.94
  2013.4603           57.08            0.92
  2013.4630           58.90            0.93
  2013.4657           59.45            0.90
  2013.4685           57.18            0.90
  2013.4712           59.90            0.96
  2013.4740           58.57            0.88
  2013.4767           61.44            0.90
  2013.4795           61.95            0.88
  2013.4822           61.19            0.88
  2013.4850           61.65            0.92
  2013.4877           60.37            1.00
  2013.4904           61.29            0.98
  2013.4932           60.79            0.94
  2013.4958           62.65            0.89
  2013.4987           62.09            0.87
  2013.5013           59.99            0.93
  2013.5042           58.75            0.93
  2013.5068           62.09            0.95
  2013.5096           62.27            0.92
  2013.5123           62.45            0.88
  2013.5150           61.99            0.86
  2013.5178           62.52            0.88
  2013.5205           61.84            0.94
  2013.5233           63.69            0.91
  2013.5260           63.85            0.85
  2013.5288           64.47            0.86
  2013.5315           64.06            0.94
  2013.5343           65.39            0.91
  2013.5370           65.58            0.91
  2013.5397           63.09            0.87
  2013.5425           62.24            0.93
  2013.5452           64.33            0.90
  2013.5480           62.92            0.89
  2013.5507           65.55            0.95
  2013.5535           63.71            0.86
  2013.5562           63.91            0.85
  2013.5590           63.49            0.84
  2013.5616           64.25            0.84
  2013.5643           62.41            0.85
  2013.5671           63.41            0.95
  2013.5698           64.73            0.86
  2013.5726           63.87            0.84
  2013.5753           65.51            0.84
  2013.5781           65.97            0.87
  2013.5808           65.83            0.85
  2013.5836           66.32            0.81
  2013.5863           66.69            0.85
  2013.5890           66.30            0.90
  2013.5918           64.36            0.91
  2013.5945           66.36            0.93
  2013.5973           65.01            0.91
  2013.6000           65.05            0.96
  2013.6028           66.68            0.91
  2013.6055           67.99            0.84
  2013.6083           66.45            0.88
  2013.6110           64.47            0.90
  2013.6136           62.39            0.91
  2013.6165           65.06            0.87
  2013.6191           65.69            0.87
  2013.6219           64.85            0.91
  2013.6246           67.12            0.87
  2013.6274           65.26            0.83
  2013.6301           63.16            0.87
  2013.6329           62.23            0.90
  2013.6356           65.21            0.88
  2013.6383           66.78            0.90
  2013.6411           65.21            0.85
  2013.6438           64.90            0.86
  2013.6466           64.59            0.91
  2013.6493           65.34            0.89
  2013.6521           66.60            0.86
  2013.6548           67.72            0.88
  2013.6576           64.86            0.87
  2013.6603           64.83            0.83
  2013.6630           66.41            0.87
  2013.6658           63.75            0.94
  2013.6685           64.14            0.93
  2013.6713           64.70            0.94
  2013.6740           66.54            0.96
  2013.6768           63.52            1.10
  2013.6794           61.35            1.02
  2013.6823           62.60            1.04
  2013.6849           64.79            1.03
  2013.6876           61.77            1.06
  2013.6904           60.80            1.01
  2013.6931           62.98            1.00
  2013.6959           63.92            0.99
  2013.6986           64.24            1.03
  2013.7014           64.32            0.96
  2013.7041           65.80            1.01
  2013.7069           66.88            0.97
  2013.7096           67.21            0.96
  2013.7123           66.30            0.96
  2013.7151           66.34            0.94
  2013.7178           65.24            1.00
  2013.7206           66.80            1.00
  2013.7233           66.49            1.02
  2013.7261           66.71            0.98
  2013.7288           64.91            1.05
  2013.7316           65.58            0.93
  2013.7343           64.99            0.93
  2013.7369           67.61            1.06
  2013.7397           66.28            0.98
  2013.7424           66.36            0.99
  2013.7561           66.79            0.95
  2013.7589           66.19            1.00
  2013.7616           66.53            1.06
  2013.7644           66.85            0.98
  2013.7671           68.24            1.11
  2013.7699           68.55            1.02
  2013.7726           68.42            1.00
  2013.7754           68.64            1.07
  2013.7781           69.56            1.14
  2013.7808           68.02            1.06
  2013.7836           68.11            1.05
  2013.7863           68.54            1.10
  2013.7891           67.74            1.02
  2013.7917           69.36            1.07
  2013.7946           69.51            1.09
  2013.7972           67.74            1.00
  2013.8000           68.34            1.06
  2013.8027           68.66            1.15
  2013.8054           69.16            1.07
  2013.8082           71.04            1.05
  2013.8109           69.95            0.98
  2013.8137           67.90            2.31
  2013.8164           70.08            1.03
  2013.8192           69.71            0.94
  2013.8219           70.85            0.95
  2013.8247           69.94            0.96
  2013.8274           69.14            1.00
  2013.8301           69.79            1.00
  2013.8329           68.48            1.00
  2013.8356           70.75            1.00
  2013.8384           70.90            0.93
  2013.8411           69.05            0.88
  2013.8439           69.18            0.88
  2013.8466           69.29            0.94
  2013.8494           66.34            1.06
  2013.8521           68.32            0.95
  2013.8547           67.99            1.03
  2013.8575           68.11            1.00
  2013.8602           68.14            1.06
  2013.8630           68.57            1.03
  2013.8657           69.94            1.01
  2013.8685           67.24            1.00
  2013.8712           69.98            1.06
  2013.8740           70.85            1.02
  2013.8767           70.69            0.93
  2013.8794           68.01            0.96
  2013.8822           68.80            1.00
  2013.8849           68.49            0.98
  2013.8877           69.65            1.04
  2013.8904           73.49            0.99
  2013.8932           71.14            0.99
  2013.8959           68.95            1.05
  2013.8987           71.52            1.05
  2013.9014           68.22            1.02
  2013.9041           69.28            0.92
  2013.9069           69.85            2.02
  2013.9095           71.41            1.94
  2013.9124           68.96            0.96
  2013.9150           69.45            0.97
  2013.9178           70.92            0.97
  2013.9205           74.27            1.06
  2013.9233           72.16            1.12
  2013.9260           69.98            0.94
  2013.9287           68.14            0.99
  2013.9315           71.10            1.01
  2013.9342           69.46            1.02
  2013.9370           73.28            1.08
  2013.9397           71.38            1.05
  2013.9425           72.77            1.00
  2013.9452           73.08            1.08
  2013.9480           74.47            1.08
  2013.9507           70.20            1.01
  2013.9534           69.86            1.08
  2013.9562           71.70            1.02
  2013.9589           71.29            1.12
  2013.9617           70.92            1.04
  2013.9644           68.88            1.07
  2013.9672           70.49            1.03
  2013.9698           69.20            1.04
  2013.9727           71.81            1.05
  2013.9753           71.52            1.06
  2013.9780           71.36            1.05
  2013.9808           71.63            1.00
  2013.9835           71.71            1.11
  2013.9863           72.23            1.09
  2013.9890           73.54            1.15
  2013.9918           71.69            1.02
  2013.9945           69.14            1.14
  2013.9973           65.68            1.07
  2014.0000           66.94            1.15
