  2011.0027            0.00            2.19
  2011.0055            5.43            2.44
  2011.0082            3.10            2.55
  2011.0110            3.45            2.37
  2011.0137           -1.63            2.20
  2011.0165            3.95            2.16
  2011.0192           -0.08            2.14
  2011.0220            1.49            2.20
  2011.0247            4.80            2.25
  2011.0273            7.95            2.30
  2011.0302            5.12            2.26
  2011.0328            4.62            2.24
  2011.0356           -4.41            2.49
  2011.0383            4.62            2.29
  2011.0411            2.15            4.66
  2011.0438            3.50            2.33
  2011.0466            2.86            2.19
  2011.0493            6.19            2.90
  2011.0520            0.03            2.38
  2011.0548           -0.87            3.15
  2011.0575            3.42            2.46
  2011.0603           -6.47            2.56
  2011.0630            3.66            6.21
  2011.0658            0.60            3.10
  2011.0685            7.99            4.67
  2011.0713           -9.05            2.90
  2011.0740           -6.16            2.43
  2011.0767            5.62            4.91
  2011.0822            5.73            2.58
  2011.0850            1.74            5.04
  2011.0876           18.36            4.23
  2011.0905           -6.25            2.48
  2011.0931           -3.40            2.60
  2011.0959           -4.98            2.30
  2011.0986           -0.81            2.22
  2011.1013           -1.05            2.31
  2011.1041          -11.28            2.25
  2011.1068           -9.96            2.53
  2011.1096            1.75            2.33
  2011.1123           -3.04            2.55
  2011.1151           -1.19            2.67
  2011.1178           -4.27            3.07
  2011.1206          -21.13            2.91
  2011.1233           -6.68            2.40
  2011.1260           -2.97            2.43
  2011.1288          -13.49            3.29
  2011.1315           -2.99            2.47
  2011.1343            3.79            2.56
  2011.1370           -6.22            2.60
  2011.1398           -9.17            2.66
  2011.1425          -10.53            2.59
  2011.1453           -4.17            2.45
  2011.1479           -4.98            2.63
  2011.1506           -1.65            2.47
  2011.1534           14.84            6.30
  2011.1561            6.69            8.27
  2011.1589           -7.67            5.18
  2011.1616            6.84            2.89
  2011.1644           -2.18            2.46
  2011.1671           15.24            7.38
  2011.1699           -1.43            5.16
  2011.1753            1.73            4.89
  2011.1781           -2.47            6.32
  2011.1808           -1.34            2.77
  2011.1836           10.61            6.19
  2011.1863            1.55            3.03
  2011.1891            2.71            3.44
  2011.1918            2.22            3.08
  2011.1946            1.04            2.96
  2011.1973           -1.15            2.56
  2011.2000          -12.15            3.56
  2011.2028           -2.90            3.10
  2011.2054          -24.28            3.84
  2011.2083           -0.04            2.69
  2011.2109           -3.47            2.55
  2011.2137           -6.34            2.91
  2011.2164           11.38            5.60
  2011.2192           -2.34            3.16
  2011.2219          -14.42            2.77
  2011.2246           -5.81            2.56
  2011.2274           -7.09            2.62
  2011.2301           -5.91            2.93
  2011.2329            0.28            2.76
  2011.2356            5.91            2.66
  2011.2384           -3.33            2.56
  2011.2411           -2.44            2.83
  2011.2439           -5.99            3.08
  2011.2466           -1.03            3.27
  2011.2493           -1.66            2.75
  2011.2521            5.18            3.08
  2011.2548           -2.00            2.62
  2011.2576          -24.81            2.94
  2011.2603           -5.13            3.22
  2011.2631           -3.45            2.73
  2011.2657           -4.29            2.65
  2011.2684            1.64            2.57
  2011.2712            2.58            2.54
  2011.2739            5.46            3.21
  2011.2767           -8.41            4.38
  2011.2794          -11.51            3.47
  2011.2822           -2.32            2.84
  2011.2849           -7.28            2.63
  2011.2877           -8.23            2.52
  2011.2904           -7.39            2.64
  2011.2931          -22.14            5.99
  2011.2959          -18.02            2.48
  2011.2986          -17.32            2.69
  2011.3014           -5.79            5.25
  2011.3041          -35.98           12.38
  2011.3069          -20.62            2.99
  2011.3096          -15.64            3.53
  2011.3124          -12.76            2.75
  2011.3151          -19.55            2.56
  2011.3177          -20.91            2.61
  2011.3206          -16.55            2.64
  2011.3232          -15.27            2.59
  2011.3260          -18.93            2.43
  2011.3287          -14.41            2.51
  2011.3315          -16.85            2.29
  2011.3342          -22.97            2.36
  2011.3370          -17.14            2.98
  2011.3397          -24.80            2.71
  2011.3424          -20.20            2.37
  2011.3452          -14.86            2.42
  2011.3479          -19.21            4.91
  2011.3507          -17.92            2.30
  2011.3534          -22.74            2.52
  2011.3562          -30.52            2.78
  2011.3589          -21.14            2.31
  2011.3617          -16.28            2.68
  2011.3644          -22.46            2.25
  2011.3671          -17.56            2.74
  2011.3699          -16.05            3.01
  2011.3726          -25.41            2.85
  2011.3754          -20.21            2.92
  2011.3781          -31.16            3.21
  2011.3809          -28.05            3.80
  2011.3835          -16.16            2.82
  2011.3864           -8.58            6.11
  2011.3890          -19.62            2.61
  2011.3917          -24.90            3.33
  2011.3945          -14.81           23.11
  2011.3972          -16.88            2.36
  2011.4000           -8.50            2.69
  2011.4027           -3.84            2.82
  2011.4055          -16.17            2.27
  2011.4082          -15.68            2.36
  2011.4110          -13.27            2.33
  2011.4137          -14.80            2.42
  2011.4164          -16.31            2.50
  2011.4192          -19.98            2.61
  2011.4219          -16.52            2.38
  2011.4247           -4.53            6.72
  2011.4274          -11.49            2.94
  2011.4302          -10.70            3.44
  2011.4329           -0.69            5.16
  2011.4357          -11.25            3.16
  2011.4410          -13.67            5.70
  2011.4438           -9.56            2.95
  2011.4465          -19.29            2.79
  2011.4493          -11.33            2.67
  2011.4520           -3.95            4.35
  2011.4548          -11.74            3.63
  2011.4575          -24.92            2.93
  2011.4630          -20.15            3.56
  2011.4657          -31.17            3.57
  2011.4685          -22.76            2.84
  2011.4712          -13.46            2.80
  2011.4740          -13.49            2.80
  2011.4767          -10.12            6.30
  2011.4795          -15.21            2.67
  2011.4822          -10.40            2.73
  2011.4850          -12.11            2.63
  2011.4877          -20.34            4.85
  2011.4904          -12.36            5.99
  2011.4932          -28.97            3.52
  2011.4958          -25.38            2.95
  2011.4987          -24.88            2.44
  2011.5013          -17.50            2.40
  2011.5042          -13.32            2.62
  2011.5068          -15.41            2.94
  2011.5096          -12.09            3.23
  2011.5123           -8.27            2.84
  2011.5150          -18.15            3.02
  2011.5178          -26.78            3.33
  2012.0192           -5.52            1.82
  2012.0220           -9.66            1.80
  2012.0247          -15.13            2.06
  2012.0273          -22.77            1.99
  2012.0302          -10.98            1.83
  2012.0328           -9.03            1.69
  2012.0356          -14.67            1.72
  2012.0383          -10.03            1.75
  2012.0411          -12.18            1.93
  2012.0438          -14.23            1.71
  2012.0466          -12.96            1.88
  2012.0493           -8.26            1.93
  2012.0520           -9.84            1.76
  2012.0548           -9.85            1.98
  2012.0603          -19.75            1.99
  2012.0630          -19.45            1.86
  2012.0658          -14.04            1.81
  2012.0685          -13.98            2.42
  2012.0713          -14.35            2.48
  2012.0740          -11.42            2.25
  2012.0767           -6.77            2.42
  2012.0795           -9.70            2.06
  2012.0822           -8.80            2.09
  2012.0850          -13.15            1.85
  2012.0876          -13.39            1.86
  2012.0905          -15.35            1.98
  2012.0931          -13.65            1.79
  2012.0959           -6.47            1.94
  2012.0986           -5.24            1.82
  2012.1013          -12.61            1.88
  2012.1041           -4.19            2.04
  2012.1068          -15.13            1.77
  2012.1096           -7.16            1.74
  2012.1123          -10.02            1.73
  2012.1151          -10.60            1.79
  2012.1178           -8.17            2.02
  2012.1206           -3.21            1.94
  2012.1233          -13.97            1.86
  2012.1260          -13.43            1.91
  2012.1288          -15.11            1.93
  2012.1315           -3.82            2.05
  2012.1343           -7.55            1.97
  2012.1370           -7.69            1.98
  2012.1398           -7.76            1.90
  2012.1425          -12.64            1.70
  2012.1453           -3.97            1.78
  2012.1479           -4.05            1.70
  2012.1506           -1.68            1.73
  2012.1534           -9.15            1.82
  2012.1561            2.47            1.87
  2012.1589           -4.80            1.91
  2012.1616           -3.88            1.83
  2012.1644          -12.65            1.84
  2012.1671           -6.48            1.75
  2012.1699           -9.62            1.74
  2012.1726           -0.01            1.82
  2012.1753            3.36            1.78
  2012.1781           -8.59            1.99
  2012.1808           -8.60            1.78
  2012.1836           -6.48            2.01
  2012.1863           -2.58            1.70
  2012.1891           -5.61            1.72
  2012.1918           -3.98            1.84
  2012.1946          -23.63            1.77
  2012.1973          -12.42            1.81
  2012.2000          -14.17            1.80
  2012.2028          -11.90            1.73
  2012.2054          -13.97            1.66
  2012.2083          -13.79            1.71
  2012.2109          -12.54            1.78
  2012.2137          -14.60            1.71
  2012.2164           -9.12            1.81
  2012.2192           -5.73            1.67
  2012.2219          -11.98            1.72
  2012.2246          -11.20            1.60
  2012.2274           -4.99            1.60
  2012.2301          -13.81            1.68
  2012.2329          -15.09            1.69
  2012.2356          -10.61            1.62
  2012.2384           -3.88            1.65
  2012.2411           -5.39            1.66
  2012.2439           -3.11            1.69
  2012.2466           -6.13            1.57
  2012.2493          -13.02            1.77
  2012.2521          -13.12            1.67
  2012.2548           -3.58            1.70
  2012.2576           -6.69            1.66
  2012.2603          -14.42            1.88
  2012.2631          -17.91            1.72
  2012.2657          -13.95            1.61
  2012.2684          -14.59            1.65
  2012.2712           -4.83            1.72
  2012.2739           -0.65            1.77
  2012.2767           -8.61            1.67
  2012.2794           -6.74            1.68
  2012.2822           -9.28            1.66
  2012.2849           -9.79            1.82
  2012.2877           -2.13            1.74
  2012.2904           -1.24            1.75
  2012.2931           -2.74            1.66
  2012.2959           -7.02            1.66
  2012.2986           -3.19            1.75
  2012.3014           -7.52            1.60
  2012.3041           -6.28            1.63
  2012.3069          -11.42            1.70
  2012.3096           -3.39            1.44
  2012.3124           -9.22            1.55
  2012.3151           -6.37            1.68
  2012.3177          -13.65            1.66
  2012.3206          -19.24            1.55
  2012.3232           -8.00            1.56
  2012.3260           -6.59            1.57
  2012.3287           -3.49            1.49
  2012.3315           -9.04            1.59
  2012.3342           -4.43            1.49
  2012.3370           -4.56            1.56
  2012.3397           -9.74            1.53
  2012.3424           -7.40            1.50
  2012.3452          -10.25            1.49
  2012.3479          -12.42            1.81
  2012.3507          -14.10            1.57
  2012.3534           -6.21            1.51
  2012.3562          -11.31            1.56
  2012.3589          -10.16            1.64
  2012.3617           -9.92            1.71
  2012.3644           -4.99            1.58
  2012.3671           -6.36            1.60
  2012.3699           -9.09            1.60
  2012.3726           -6.41            1.65
  2012.3754          -10.35            1.70
  2012.3781          -12.96            1.68
  2012.3809          -13.60            1.54
  2012.3835          -11.61            1.73
  2012.3864          -13.69            1.62
  2012.3890           -7.88            1.56
  2012.3917           -4.96            1.57
  2012.3945           -6.56            1.58
  2012.3972           -2.12            1.61
  2012.4000           -5.56            1.54
  2012.4027          -11.85            1.69
  2012.4055           -7.95            1.79
  2012.4110           -7.09            1.64
  2012.4137           -7.57            1.58
  2012.4164           -3.75            2.91
  2012.4219           -5.82            3.67
  2012.4247           -9.99            1.65
  2012.4274          -10.24            1.65
  2012.4302          -15.57            1.61
  2012.4329           -8.40            1.51
  2012.4357           -8.66            1.46
  2012.4384           -6.00            1.46
  2012.4410           -5.08            1.74
  2012.4438           -5.21            1.71
  2012.4465           -1.17            1.62
  2012.4493          -13.09            1.67
  2012.4520           -7.82            1.81
  2012.4548           -3.65            1.78
  2012.4575           -4.07            1.86
  2012.4603           -6.17            1.62
  2012.4630          -10.22            1.69
  2012.4657           -5.71            1.65
  2012.4685          -13.88            1.61
  2012.4712           -9.52            1.73
  2012.4740           -8.49            1.61
  2012.4767            1.17            1.57
  2012.4795           -3.20            1.53
  2012.4822           -7.20            1.55
  2012.4850           -7.15            1.53
  2012.4877           -3.95            1.51
  2012.4904           -6.21            1.62
  2012.4932           -5.04            1.61
  2012.4958           -4.65            1.68
  2012.4987          -10.63            1.67
  2012.5013           -7.76            1.79
  2012.5042          -16.39            1.76
  2012.5068          -17.29            1.56
  2012.5096          -20.65            1.78
  2012.5123          -14.80            1.73
  2012.5150          -12.62            1.69
  2012.5178          -18.36            1.53
  2012.5205          -21.92            1.70
  2012.5233          -12.53            1.79
  2012.5260          -16.77            1.64
  2012.5288          -19.51            1.72
  2012.5315          -15.53            1.59
  2012.5343          -15.97            1.58
  2012.5370           -7.46            1.55
  2012.5397          -11.42            1.64
  2012.5425           -4.94            1.59
  2012.5452           -8.08            1.61
  2012.5480           -7.97            1.60
  2012.5507           -1.25            1.82
  2012.5535          -12.42            1.61
  2012.5562          -16.53            1.64
  2012.5590          -13.29            1.65
  2012.5616          -12.61            1.78
  2012.5643          -13.69            1.85
  2012.5671           -9.95            1.53
  2012.5698          -13.88            1.60
  2012.5726          -15.78            1.55
  2012.5753          -11.27            1.69
  2012.5781           -9.93            1.79
  2012.5808           -9.86            1.74
  2012.5836          -10.08            1.75
  2012.5863          -11.22            1.74
  2012.5890           -9.37            1.86
  2012.5918          -12.65            1.70
  2012.5945           -9.97            1.67
  2012.5973           -9.83            2.52
  2012.6000           -6.40            1.68
  2012.6028           -7.62            1.63
  2012.6055          -10.23            1.59
  2012.6083           -6.40            1.76
  2012.6110          -12.67            1.65
  2012.6136           -5.84            1.85
  2012.6165           -7.03            1.92
  2012.6191           -7.73            1.64
  2012.6219           -7.26            1.74
  2012.6246          -13.53            1.70
  2012.6274          -13.79            1.70
  2012.6301          -10.48            1.81
  2012.6329          -11.81            1.67
  2012.6356           -6.59            1.64
  2012.6383          -13.52            1.68
  2012.6411          -12.99            1.71
  2012.6438          -13.63            1.71
  2012.6466          -20.05            1.69
  2012.6493          -18.05            1.68
  2012.6521          -13.99            1.73
  2012.6548           -9.73            1.59
  2012.6576          -12.65            1.56
  2012.6603          -10.26            1.64
  2012.6630          -21.70            1.85
  2012.6658          -15.24            1.60
  2012.6685          -10.45            1.67
  2012.6713          -10.90            1.65
  2012.6740          -21.32            1.73
  2012.6768          -11.59            1.68
  2012.6794          -18.68            1.70
  2012.6823           -6.10            1.92
  2012.6849          -11.17            1.75
  2012.6876          -22.15            1.76
  2012.6904          -16.62            1.73
  2012.6931          -13.03            1.74
  2012.6959          -13.14            1.65
  2012.6986           -9.92            1.67
  2012.7014           -8.91            1.66
  2012.7041          -13.30            1.81
  2012.7069          -12.05            1.61
  2012.7096          -13.77            1.75
  2012.7123          -16.10            1.77
  2012.7151          -18.56            1.85
  2012.7178          -20.57            1.84
  2012.7206          -15.44            1.70
  2012.7233          -18.19            1.68
  2012.7261          -25.36            1.67
  2012.7288          -15.15            1.61
  2012.7316          -15.46            1.64
  2012.7343          -16.79            1.90
  2012.7369          -11.87            1.88
  2012.7397          -10.69            1.66
  2012.7424          -14.13            1.56
  2012.7452           -9.39            1.71
  2012.7479          -11.40            1.87
  2012.7507          -11.23            1.89
  2012.7534          -17.04            2.15
  2012.7561          -17.37            1.87
  2012.7589          -14.01            1.92
  2012.7616          -15.84            1.91
  2012.7644          -18.37            1.80
  2012.7671          -16.80            1.91
  2012.7699          -10.66            2.00
  2012.7726          -12.68            1.85
  2012.7754          -13.31            1.98
  2012.7781          -16.06            1.70
  2012.7808          -15.47            1.69
  2012.7836          -12.22            1.67
  2012.7863          -18.23            1.65
  2012.7891           -9.73            1.80
  2012.7917          -12.86            1.90
  2012.7946          -13.67            1.87
  2012.7972           -9.94            1.78
  2012.8000          -17.03            1.66
  2012.8027          -14.74            1.90
  2012.8054          -15.35            1.98
  2012.8082          -10.97            2.08
  2012.8109          -12.60            1.91
  2012.8137          -12.49            1.94
  2012.8164          -11.49            1.81
  2012.8192          -10.67            1.81
  2012.8219          -11.67            2.01
  2012.8247           -8.41            2.06
  2012.8274          -15.64            1.91
  2012.8301           -6.15            2.15
  2012.8329          -12.78            1.92
  2012.8356          -12.68            1.80
  2012.8384          -12.63            1.74
  2012.8411          -13.83            1.77
  2012.8439          -13.11            1.98
  2012.8466          -11.54            1.85
  2012.8494          -11.88            1.81
  2012.8521           -4.90            1.82
  2012.8547           -1.76            1.81
  2012.8575          -15.23            1.90
  2012.8602          -13.03            2.06
  2012.8630           -7.19            2.00
  2012.8657           -9.14            1.76
  2012.8685           -9.73            1.80
  2012.8712           -9.13            1.77
  2012.8740          -18.15            1.78
  2012.8767           -8.35            1.71
  2012.8794          -14.84            1.84
  2012.8822           -7.68            1.82
  2012.8849          -11.43            1.76
  2012.8877          -14.81            1.72
  2012.8904          -16.08            1.81
  2012.8932          -17.53            2.22
  2012.8959          -17.19            2.14
  2012.8987          -13.94            1.98
  2012.9014          -14.70            1.95
  2012.9041          -10.69            7.09
  2012.9069           -9.33            1.93
  2012.9095          -16.69            1.82
  2012.9124           -7.01            1.83
  2012.9150          -10.61            2.21
  2012.9178           -9.37            1.92
  2012.9205            5.51            1.92
  2012.9233            1.75            3.01
  2012.9260           -3.38            2.18
  2012.9287           -8.90            1.96
  2012.9315           -7.65            2.11
  2012.9342          -17.49            2.44
  2012.9370          -10.78            2.06
  2012.9397          -11.77            1.88
  2012.9425           -7.79            1.86
  2012.9452          -12.60            1.97
  2012.9480           -0.64            1.94
  2012.9507          -16.99            2.05
  2012.9534          -10.51            1.89
  2012.9562          -14.50            1.95
  2012.9589          -14.11            1.96
  2012.9617          -10.00            2.11
  2012.9644           -3.04            1.91
  2012.9672           -6.60            2.39
  2012.9698           -6.41            2.36
  2012.9727          -16.79            2.16
  2012.9753           -6.72            1.98
  2012.9780          -10.53            2.03
  2012.9808          -12.73            1.96
  2012.9835           -6.90            2.43
  2012.9863           -7.21            2.14
  2012.9890          -12.61            1.92
  2012.9918          -14.23            1.84
  2012.9945          -12.76            1.76
  2012.9973          -11.77            1.79
  2013.0000          -10.90            1.88
  2013.0027           -7.11            2.25
  2013.0027          -11.71            1.56
  2013.0055           -6.98            1.54
  2013.0082          -18.27            1.65
  2013.0110          -17.87            1.66
  2013.0137          -16.59            1.75
  2013.0165           -6.65            1.80
  2013.0192          -12.55            1.84
  2013.0220          -13.38            1.62
  2013.0247           -6.59            1.76
  2013.0273           -3.62            1.67
  2013.0302           -9.81            1.75
  2013.0328           -2.27            1.72
  2013.0356           -4.66            1.68
  2013.0383           -7.27            1.64
  2013.0411           -8.90            1.77
  2013.0438          -11.92            1.83
  2013.0466          -10.29            2.01
  2013.0493          -13.05            1.77
  2013.0520           -8.93            1.67
  2013.0548          -12.33            1.63
  2013.0575           -5.07            1.69
  2013.0603           -6.82            1.80
  2013.0630           -7.02            1.76
  2013.0658           -8.87            1.85
  2013.0685           -9.28            1.71
  2013.0713          -10.23            1.60
  2013.0740           -9.48            1.64
  2013.0767          -10.23            1.67
  2013.0795          -11.36            1.66
  2013.0822           -6.53            1.68
  2013.0850          -11.71            1.78
  2013.0876          -18.74            1.82
  2013.0905          -13.64            1.82
  2013.0931           -9.38            1.65
  2013.0959           -4.77            1.70
  2013.0986           -7.52            1.75
  2013.1013           -2.37            1.96
  2013.1041           -9.25            1.69
  2013.1068           -3.70            1.77
  2013.1096          -10.45            1.73
  2013.1123           -6.25            1.89
  2013.1151           -3.12            1.91
  2013.1178           -9.12            1.79
  2013.1206          -13.23            1.74
  2013.1233          -14.18            1.82
  2013.1260           -6.12            1.76
  2013.1288          -14.11            1.91
  2013.1315          -17.35            1.81
  2013.1343          -14.60            1.63
  2013.1370          -11.01            1.55
  2013.1398          -13.78            1.67
  2013.1425          -14.43            1.82
  2013.1453          -10.65            1.67
  2013.1479          -16.13            1.76
  2013.1506          -12.60            1.61
  2013.1534          -15.31            1.59
  2013.1561           -8.14            1.56
  2013.1589           -9.68            1.60
  2013.1616          -10.67            1.67
  2013.1644          -10.89            1.70
  2013.1671           -6.64            1.64
  2013.1699           -6.59            1.56
  2013.1726          -10.35            1.59
  2013.1753          -12.66            1.80
  2013.1781           -9.31            1.78
  2013.1808           -7.52            1.72
  2013.1863           -7.07            1.92
  2013.1918           -7.04            1.80
  2013.2000           -8.97            1.56
  2013.2028           -9.32            1.61
  2013.2054           -3.86            1.72
  2013.2083           -7.36            1.69
  2013.2109          -12.10            1.56
  2013.2164           -8.47            1.82
  2013.2192          -12.06            1.59
  2013.2219          -12.28            1.49
  2013.2246          -11.18            1.57
  2013.2274           -4.23            1.73
  2013.2301          -10.77            1.74
  2013.2329           -8.54            1.66
  2013.2356           -7.54            1.57
  2013.2384           -8.14            1.53
  2013.2411          -13.92            1.75
  2013.2439           -8.00            1.65
  2013.2466          -10.14            1.66
  2013.2493           -2.65            1.72
  2013.2548          -15.77            1.66
  2013.2576          -16.69            1.58
  2013.2603           -9.06            1.74
  2013.2631          -10.52            1.70
  2013.2657          -26.24            3.26
  2013.2684           -9.72            1.68
  2013.2712           -8.28            1.92
  2013.2794          -14.71            1.62
  2013.2822           -8.79            1.55
  2013.2849           -7.10            1.53
  2013.2877           -8.19            1.52
  2013.2904           -1.94            1.55
  2013.2931           -9.44            1.52
  2013.2959           -7.90            1.63
  2013.2986           -6.39            1.54
  2013.3014           -4.67            1.60
  2013.3041           -9.47            1.66
  2013.3069           -0.90            1.65
  2013.3096          -14.38            1.60
  2013.3124          -16.99            1.62
  2013.3151           -9.95            1.53
  2013.3177          -11.45            1.62
  2013.3206          -12.08            1.59
  2013.3232           -5.71            1.73
  2013.3260          -12.10            1.59
  2013.3287          -17.06            1.52
  2013.3315          -16.36            1.70
  2013.3342           -7.08            1.73
  2013.3370           -7.76            1.82
  2013.3397          -16.10            1.61
  2013.3424          -10.05            1.52
  2013.3452          -10.88            1.70
  2013.3479           -7.15            1.59
  2013.3562          -14.40            1.68
  2013.3589           -9.15            1.60
  2013.3617          -12.62            3.02
  2013.3644          -14.85            1.52
  2013.3671          -18.86            1.56
  2013.3699          -13.00            1.47
  2013.3726           -8.03            1.46
  2013.3754           -9.66            1.50
  2013.3781          -12.13            1.61
  2013.3809           -8.68            2.54
  2013.3835          -11.29            1.59
  2013.3864           -6.87            1.52
  2013.3890          -10.54            1.53
  2013.3917           -8.56            1.55
  2013.3945           -8.78            1.53
  2013.4000           -8.29            1.57
  2013.4027           -9.20            1.67
  2013.4055           -2.59            1.75
  2013.4082           -7.25            1.54
  2013.4110           -5.80            1.57
  2013.4137           -2.74            1.75
  2013.4164           -3.87            1.67
  2013.4192           -9.80            1.61
  2013.4219          -19.59            1.50
  2013.4247          -20.40            1.62
  2013.4274           -9.55            1.66
  2013.4302           -8.83            1.53
  2013.4329           -6.75            1.60
  2013.4357           -9.94            1.51
  2013.4384           -9.93            1.57
  2013.4410           -7.02            1.49
  2013.4438           -7.73            1.56
  2013.4465           -8.54            1.57
  2013.4493          -10.15            1.59
  2013.4520           -3.82            1.57
  2013.4548          -11.53            1.70
  2013.4575           -8.33            1.58
  2013.4603          -13.90            1.56
  2013.4630           -9.50            1.57
  2013.4657          -12.74            1.52
  2013.4685           -7.64            1.52
  2013.4712          -12.54            1.61
  2013.4740          -12.93            1.51
  2013.4767           -7.35            1.52
  2013.4795           -7.44            1.50
  2013.4822           -6.69            1.48
  2013.4850            1.00            1.56
  2013.4877          -11.23            1.68
  2013.4904          -12.84            1.67
  2013.4932          -14.60            1.59
  2013.4958           -9.59            1.50
  2013.4987          -13.20            1.47
  2013.5013           -9.49            1.57
  2013.5042          -11.26            1.57
  2013.5068           -8.17            1.61
  2013.5096          -12.96            1.57
  2013.5123          -12.11            1.51
  2013.5150           -7.26            1.45
  2013.5178           -8.81            1.49
  2013.5205          -10.57            1.59
  2013.5233          -15.75            1.56
  2013.5260          -11.95            1.46
  2013.5288           -6.81            1.46
  2013.5315           -6.08            1.59
  2013.5343          -15.56            1.54
  2013.5370          -21.15            1.53
  2013.5397          -11.31            1.47
  2013.5425           -6.41            1.58
  2013.5452          -12.96            1.54
  2013.5480          -13.44            1.52
  2013.5507          -19.03            1.59
  2013.5535           -6.99            1.44
  2013.5562          -10.86            1.43
  2013.5590          -14.48            1.43
  2013.5616           -8.06            1.42
  2013.5643          -12.39            1.43
  2013.5671          -15.30            1.63
  2013.5698          -12.96            1.47
  2013.5726          -10.39            1.44
  2013.5753          -17.14            1.44
  2013.5781           -9.29            1.47
  2013.5808          -14.94            1.46
  2013.5836          -12.93            1.39
  2013.5863           -6.09            1.43
  2013.5890           -6.81            1.53
  2013.5918           -8.56            1.54
  2013.5945           -3.61            1.57
  2013.5973           -5.34            1.54
  2013.6000          -10.78            1.63
  2013.6028          -24.67            1.52
  2013.6055          -13.22            1.42
  2013.6083           -7.62            1.52
  2013.6110          -15.34            1.54
  2013.6136          -14.62            1.55
  2013.6165          -12.81            1.50
  2013.6191           -9.69            1.48
  2013.6219          -13.42            1.54
  2013.6246          -13.19            1.48
  2013.6274          -16.26            1.42
  2013.6301           -4.94            1.49
  2013.6329          -10.02            1.53
  2013.6356          -14.45            1.50
  2013.6383          -14.79            1.53
  2013.6411          -14.28            1.45
  2013.6438          -14.43            1.46
  2013.6466          -19.71            1.54
  2013.6493          -13.47            1.50
  2013.6521          -12.82            1.47
  2013.6548          -22.94            1.49
  2013.6576          -10.33            1.49
  2013.6603          -14.30            1.42
  2013.6630           -7.63            1.48
  2013.6658          -11.28            1.58
  2013.6685          -17.32            1.59
  2013.6713          -17.27            1.58
  2013.6740          -21.66            1.63
  2013.6768           -1.31            1.87
  2013.6794           -4.97            1.73
  2013.6823          -10.21            1.77
  2013.6849          -12.82            1.75
  2013.6876           -9.77            1.79
  2013.6904          -12.09            1.73
  2013.6931           -7.41            1.69
  2013.6959          -20.44            1.70
  2013.6986          -22.84            1.76
  2013.7014          -16.42            1.63
  2013.7041          -15.05            1.70
  2013.7069          -16.81            1.66
  2013.7096          -16.17            1.63
  2013.7123          -12.67            1.62
  2013.7151          -15.33            1.58
  2013.7178          -14.96            1.71
  2013.7206          -19.62            1.71
  2013.7233          -16.17            1.74
  2013.7261          -11.09            1.66
  2013.7288          -12.18            1.77
  2013.7316           -5.89            1.59
  2013.7343          -11.46            1.57
  2013.7369          -18.41            1.79
  2013.7397          -10.40            1.66
  2013.7424          -12.38            1.67
  2013.7561          -12.13            1.60
  2013.7589           -7.87            1.71
  2013.7616          -12.63            1.82
  2013.7644           -8.81            1.66
  2013.7671          -14.92            1.91
  2013.7699           -4.69            1.74
  2013.7726          -14.13            1.68
  2013.7754          -20.48            1.81
  2013.7781          -10.32            1.94
  2013.7808          -14.57            1.80
  2013.7836           -6.76            1.78
  2013.7863          -13.52            1.88
  2013.7891           -4.73            1.74
  2013.7917          -11.28            1.81
  2013.7946          -12.69            1.86
  2013.7972           -9.30            1.70
  2013.8000          -12.56            1.80
  2013.8027          -12.13            1.97
  2013.8054          -10.30            1.81
  2013.8082          -12.63            1.79
  2013.8109           -8.65            1.66
  2013.8137           -6.67            2.07
  2013.8164          -10.09            1.73
  2013.8192           -6.19            1.61
  2013.8219           -0.71            1.63
  2013.8247           -7.86            1.64
  2013.8274           -9.37            1.70
  2013.8301           -3.52            1.68
  2013.8329           -7.01            1.70
  2013.8356           -8.66            1.69
  2013.8384           -6.31            1.57
  2013.8411           -1.40            1.49
  2013.8439           -6.21            1.50
  2013.8466           -2.65            1.58
  2013.8494           -8.04            1.79
  2013.8521          -13.90            1.60
  2013.8547          -10.06            1.68
  2013.8575          -12.52            1.72
  2013.8602           -9.67            1.81
  2013.8630           -5.41            1.74
  2013.8657           -5.18            1.73
  2013.8685           -2.61            1.69
  2013.8712           -7.48            1.77
  2013.8740           -5.63            1.74
  2013.8767           -6.71            1.58
  2013.8794           -4.17            1.64
  2013.8822           -6.96            1.70
  2013.8849           -4.48            1.67
  2013.8877          -10.16            1.78
  2013.8904           -8.37            1.69
  2013.8932           -3.60            1.68
  2013.8959           -7.94            1.79
  2013.8987           -6.58            1.78
  2013.9014           -3.96            1.73
  2013.9041           -4.07            1.55
  2013.9069           -8.39            3.47
  2013.9095           -4.75            3.30
  2013.9124           -1.98            1.64
  2013.9150            0.39            1.65
  2013.9178           -6.13            1.64
  2013.9205          -12.31            1.77
  2013.9233          -11.17            1.90
  2013.9260           -2.78            1.61
  2013.9287           -6.07            1.69
  2013.9315           -3.50            1.71
  2013.9342           -6.85            1.70
  2013.9370           -7.11            1.82
  2013.9397            0.69            1.78
  2013.9425           -0.74            1.68
  2013.9452           -3.17            1.81
  2013.9480           -8.76            1.82
  2013.9507           -2.36            1.72
  2013.9534           -0.56            1.81
  2013.9562           -9.47            1.70
  2013.9589           -9.00            1.86
  2013.9617           -5.82            1.74
  2013.9644           -0.75            1.78
  2013.9672           -3.83            1.73
  2013.9698           -1.89            1.74
  2013.9727           -4.98            1.76
  2013.9753           -3.69            1.80
  2013.9780           -1.22            1.78
  2013.9808           -4.17            1.70
  2013.9835           -2.32            1.85
  2013.9863            2.36            1.85
  2013.9890           -6.54            1.96
  2013.9918            0.82            1.73
  2013.9945            5.05            1.88
  2013.9973            1.00            1.79
  2014.0000           -3.94            1.89
