  2013.0027            0.00            1.10
  2013.0055            0.22            1.10
  2013.0082           -0.37            1.17
  2013.0110            1.66            1.15
  2013.0137            1.86            1.23
  2013.0165            3.80            1.29
  2013.0192            2.03            1.29
  2013.0220           -5.33            1.13
  2013.0247           -5.03            1.23
  2013.0273           -4.80            1.27
  2013.0302           -4.21            1.24
  2013.0328            0.26            1.22
  2013.0356            1.78            1.21
  2013.0383            0.87            1.19
  2013.0411           -1.43            1.23
  2013.0438            3.13            1.32
  2013.0466            0.13            1.48
  2013.0493            1.38            1.25
  2013.0520            2.49            1.18
  2013.0548            1.34            1.15
  2013.0575            1.41            1.18
  2013.0603           -0.66            1.25
  2013.0630           -2.32            1.36
  2013.0658            1.98            1.36
  2013.0685            0.19            1.19
  2013.0713            4.47            1.12
  2013.0740            0.48            1.16
  2013.0767           -0.32            1.20
  2013.0795            2.24            1.16
  2013.0822            4.42            1.25
  2013.0850           -2.91            1.30
  2013.0876           -1.01            1.29
  2013.0905            2.96            1.23
  2013.0931           -1.13            1.22
  2013.0959            3.16            1.16
  2013.0986           -8.84            1.22
  2013.1013           -4.94            1.48
  2013.1041            1.52            1.18
  2013.1068            1.65            1.21
  2013.1096            2.73            1.21
  2013.1123            0.25            1.30
  2013.1151           -3.34            1.32
  2013.1178            3.00            1.27
  2013.1206           -4.68            1.20
  2013.1233            0.81            1.31
  2013.1260            5.54            1.23
  2013.1288            2.66            1.32
  2013.1315            4.58            1.23
  2013.1343            4.85            1.14
  2013.1370            6.69            1.07
  2013.1398            4.73            1.16
  2013.1425            3.83            1.25
  2013.1453            3.82            1.17
  2013.1479            1.13            1.21
  2013.1506            3.74            1.15
  2013.1534            5.60            1.12
  2013.1561            5.46            1.13
  2013.1589            3.37            1.11
  2013.1616            3.97            1.16
  2013.1644            4.95            1.18
  2013.1671            3.75            1.16
  2013.1699            6.24            1.10
  2013.1726            3.89            1.11
  2013.1753            0.67            1.24
  2013.1781            9.11            1.37
  2013.1808            5.19            1.26
  2013.1863            8.14            1.33
  2013.1918            6.42            1.26
  2013.2000            7.27            1.07
  2013.2028            5.45            1.13
  2013.2054            5.82            1.20
  2013.2083            8.24            1.18
  2013.2109            5.06            1.08
  2013.2164            1.50            1.29
  2013.2192           11.31            1.12
  2013.2219           10.16            1.09
  2013.2246            3.13            1.16
  2013.2274            8.72            1.23
  2013.2301            5.27            1.21
  2013.2329            7.67            1.18
  2013.2356            5.27            1.11
  2013.2384            2.07            1.08
  2013.2411            5.75            1.19
  2013.2439            6.16            1.14
  2013.2466            4.87            1.16
  2013.2493            6.48            1.28
  2013.2548            1.21            1.33
  2013.2576            8.04            1.21
  2013.2603            4.27            1.25
  2013.2631            0.06            1.23
  2013.2657            1.79            2.38
  2013.2684            1.72            1.22
  2013.2712            4.40            1.46
  2013.2794            5.88            1.29
  2013.2822            3.45            1.17
  2013.2849            0.29            1.21
  2013.2877            5.14            1.19
  2013.2904            3.44            1.19
  2013.2931            4.53            1.19
  2013.2959           12.49            1.27
  2013.2986            5.11            1.20
  2013.3014            7.05            1.21
  2013.3041            4.25            1.30
  2013.3069            6.77            1.32
  2013.3096            2.51            1.25
  2013.3124            5.93            1.25
  2013.3151            1.22            1.21
  2013.3177            4.79            1.35
  2013.3206            4.05            1.23
  2013.3232            6.65            1.34
  2013.3260            7.86            1.16
  2013.3287            5.73            1.10
  2013.3315            3.28            1.21
  2013.3342            5.22            1.26
  2013.3370            2.83            1.34
  2013.3397            5.41            1.17
  2013.3424            2.20            1.12
  2013.3452           -1.29            1.25
  2013.3479            4.40            1.27
  2013.3562            2.06            1.34
  2013.3589            3.61            1.13
  2013.3617            6.74            2.17
  2013.3644            3.21            1.11
  2013.3671            4.02            1.08
  2013.3699            4.94            1.10
  2013.3726            2.82            1.06
  2013.3754            4.35            1.08
  2013.3781            5.03            1.14
  2013.3809            3.04            1.80
  2013.3835            3.26            1.14
  2013.3864            2.75            1.08
  2013.3890            0.51            1.07
  2013.3917            4.04            1.08
  2013.3945            0.85            1.09
  2013.4000            2.46            1.12
  2013.4027            2.15            1.18
  2013.4055            1.53            1.24
  2013.4082            3.23            1.09
  2013.4110           -0.02            1.12
  2013.4137            0.85            1.35
  2013.4164            2.53            1.30
  2013.4192            5.69            1.26
  2013.4219            3.51            1.18
  2013.4247            3.34            1.28
  2013.4274            2.87            1.31
  2013.4302            2.98            1.18
  2013.4329           -1.28            1.26
  2013.4357           13.27            1.16
  2013.4384            1.43            1.22
  2013.4410            4.60            1.20
  2013.4438            6.65            1.23
  2013.4465            1.46            1.24
  2013.4493            4.63            1.26
  2013.4520            4.84            1.24
  2013.4548           -1.98            1.34
  2013.4575            5.78            1.27
  2013.4603            4.76            1.15
  2013.4630            4.28            1.27
  2013.4657           -0.99            1.21
  2013.4685           -1.67            1.18
  2013.4712           -5.88            1.29
  2013.4740            3.47            1.07
  2013.4767            5.42            1.10
  2013.4795            6.19            1.09
  2013.4822            5.19            1.08
  2013.4850            2.57            1.13
  2013.4877            3.11            1.22
  2013.4904            3.94            1.19
  2013.4932            6.81            1.16
  2013.4958            4.82            1.07
  2013.4987            4.01            1.06
  2013.5013            4.45            1.13
  2013.5042            3.69            1.13
  2013.5068            4.01            1.16
  2013.5096            5.74            1.12
  2013.5123            4.71            1.06
  2013.5150            5.87            1.06
  2013.5178            5.59            1.07
  2013.5205            5.73            1.17
  2013.5233            6.85            1.11
  2013.5260            2.64            1.09
  2013.5288            9.55            1.08
  2013.5315            0.52            1.14
  2013.5343            6.68            1.10
  2013.5370            5.09            1.19
  2013.5397            6.64            1.05
  2013.5425            4.47            1.15
  2013.5452            5.54            1.10
  2013.5480            3.55            1.06
  2013.5507            5.33            1.14
  2013.5535            5.89            1.05
  2013.5562            6.59            1.04
  2013.5590            2.90            1.06
  2013.5616            1.86            1.02
  2013.5643            1.66            1.19
  2013.5671            7.98            1.14
  2013.5698            8.31            1.06
  2013.5726            4.89            1.03
  2013.5753            5.60            1.02
  2013.5781            6.81            1.07
  2013.5808            6.22            1.04
  2013.5836            5.55            1.00
  2013.5863            5.47            1.06
  2013.5890            3.43            1.10
  2013.5918            4.56            1.14
  2013.5945            6.70            1.12
  2013.5973            5.38            1.13
  2013.6000            5.76            1.19
  2013.6028           -0.15            1.10
  2013.6055            8.18            1.05
  2013.6083            7.72            1.10
  2013.6110            5.33            1.11
  2013.6136            2.66            1.12
  2013.6165            3.97            1.16
  2013.6191            4.70            1.05
  2013.6219            8.62            1.10
  2013.6246            6.77            1.10
  2013.6274            8.40            1.04
  2013.6301            4.57            1.07
  2013.6329            5.62            1.10
  2013.6356            7.21            1.08
  2013.6383            4.46            1.10
  2013.6411            5.71            1.06
  2013.6438            4.81            1.07
  2013.6466            5.14            1.11
  2013.6493            3.38            1.11
  2013.6521            4.12            1.07
  2013.6548            2.15            1.10
  2013.6576           10.63            1.07
  2013.6603            6.26            1.16
  2013.6630            1.98            1.08
  2013.6658            2.53            1.14
  2013.6685            3.82            1.13
  2013.6713            5.52            1.14
  2013.6740            6.16            1.17
  2013.6768            3.27            1.55
  2013.6794           -0.65            1.30
  2013.6823            3.71            1.28
  2013.6849            5.13            1.26
  2013.6876            3.08            1.27
  2013.6904            2.29            1.35
  2013.6931            2.48            1.24
  2013.6959            2.06            1.19
  2013.6986            4.15            1.33
  2013.7014            4.30            1.23
  2013.7041            3.31            1.24
  2013.7069            4.58            1.19
  2013.7096            5.88            1.17
  2013.7123            5.72            1.18
  2013.7151            3.85            1.16
  2013.7178           -2.07            1.23
  2013.7206            2.97            1.24
  2013.7233            4.41            1.23
  2013.7261            3.56            1.22
  2013.7288            5.13            1.26
  2013.7316            4.14            1.15
  2013.7343            2.72            1.15
  2013.7369            3.09            1.27
  2013.7397            4.12            1.21
  2013.7424            0.47            1.22
  2013.7561            2.66            1.17
  2013.7589            2.74            1.21
  2013.7616            1.86            1.28
  2013.7644           10.96            1.20
  2013.7671            3.19            1.34
  2013.7699           -7.38            1.26
  2013.7726            6.33            1.22
  2013.7754            4.31            1.29
  2013.7781            4.58            1.38
  2013.7808            4.15            1.31
  2013.7836            6.79            1.29
  2013.7863            5.74            1.34
  2013.7891            6.09            1.26
  2013.7917            4.86            1.31
  2013.7946            4.23            1.33
  2013.7972            5.46            1.26
  2013.8000            2.67            1.31
  2013.8027            4.25            1.41
  2013.8054            5.89            1.44
  2013.8082            2.10            1.28
  2013.8109            4.65            1.21
  2013.8137            1.96            2.42
  2013.8164            4.96            1.28
  2013.8192            2.00            1.19
  2013.8219            6.86            1.17
  2013.8247            5.12            1.20
  2013.8274            7.22            1.30
  2013.8301            2.44            1.23
  2013.8329            4.11            1.24
  2013.8356           -1.29            1.23
  2013.8384            7.28            1.16
  2013.8411            5.58            1.23
  2013.8439            3.00            1.17
  2013.8466            2.17            1.16
  2013.8494            2.97            1.28
  2013.8521            3.12            1.18
  2013.8547            4.85            1.26
  2013.8575            3.28            1.24
  2013.8602           -2.55            1.29
  2013.8630            7.22            1.28
  2013.8657           14.12            1.24
  2013.8685            6.57            1.22
  2013.8712            3.15            1.28
  2013.8740            5.48            1.29
  2013.8767            1.96            1.16
  2013.8794            1.77            1.17
  2013.8822            7.78            1.23
  2013.8849           -3.91            1.33
  2013.8877           -2.74            1.27
  2013.8904            2.25            1.21
  2013.8932            1.58            1.23
  2013.8959            2.66            1.26
  2013.8987            2.62            1.27
  2013.9014            5.38            1.23
  2013.9041            2.07            1.21
  2013.9069           -8.76            2.52
  2013.9095           -3.47            2.35
  2013.9124            5.79            1.18
  2013.9150            5.62            1.20
  2013.9178            5.53            1.20
  2013.9205            6.59            1.34
  2013.9233          -18.51            1.55
  2013.9260           -0.10            1.19
  2013.9287            2.88            1.23
  2013.9315            6.68            1.24
  2013.9342            2.62            1.24
  2013.9370            6.20            1.33
  2013.9397            3.68            1.28
  2013.9425            3.84            1.25
  2013.9452            8.93            1.33
  2013.9480           -5.85            1.29
  2013.9507           -1.76            1.27
  2013.9534          -17.50            1.31
  2013.9562           -1.96            1.24
  2013.9589          -10.09            1.37
  2013.9617            1.09            1.30
  2013.9644            7.38            1.29
  2013.9672            2.18            1.26
  2013.9698            3.93            1.40
  2013.9727            3.74            1.40
  2013.9753           -1.21            1.37
  2013.9780            2.18            1.40
  2013.9808            3.99            1.32
  2013.9835            0.65            1.44
  2013.9863            0.49            1.46
  2013.9890          -11.16            1.53
  2013.9918            4.46            1.37
  2013.9945            3.40            1.47
  2013.9973            0.09            1.40
  2014.0000            3.41            1.48
  2014.0027            4.95            1.48
  2014.0055           10.19            1.56
  2014.0082            1.69            1.39
  2014.0110            4.55            1.41
  2014.0137            6.21            1.35
  2014.0165            6.27            1.42
  2014.0192           -8.14            1.42
  2014.0220            4.84            1.44
  2014.0247           -0.84            1.46
  2014.0273            4.98            1.38
  2014.0302            5.91            1.43
  2014.0328            8.78            1.45
  2014.0356            8.93            1.37
  2014.0383            1.86            1.54
  2014.0411           -4.46            1.39
  2014.0438          -10.68            1.52
  2014.0466            6.36            1.48
  2014.0493            6.34            1.42
  2014.0548            3.19            1.41
  2014.0575            2.84            1.49
  2014.0603            3.51            1.42
  2014.0630            4.77            1.56
  2014.0658            4.23            1.50
  2014.0685            7.01            1.41
  2014.0713            6.74            1.41
  2014.0740           -2.44            1.41
  2014.0767           -0.68            1.41
  2014.0795            3.77            1.37
  2014.0822            1.87            1.52
  2014.0850            6.04            1.42
  2014.0876            5.76            1.42
  2014.0905            0.67            1.45
  2014.0931            5.02            1.41
  2014.0959            4.38            1.36
  2014.0986            0.79            1.46
  2014.1013            5.68            1.31
  2014.1041            6.83            1.38
  2014.1068           11.50            1.31
  2014.1096            0.57            1.35
  2014.1123            4.10            1.32
  2014.1151            9.50            1.38
  2014.1178            5.43            1.33
  2014.1206            7.18            1.31
  2014.1233            1.89            1.59
  2014.1260            3.32            1.33
  2014.1288            5.74            1.29
  2014.1315            5.66            1.37
  2014.1343            9.43            1.48
  2014.1370            7.55            1.44
  2014.1398            6.32            1.40
  2014.1425            9.19            1.59
  2014.1453            3.70            1.48
  2014.1479            3.37            1.41
  2014.1506            9.97            1.28
  2014.1534            6.88            1.42
  2014.1561            7.57            1.34
  2014.1589           10.43            1.38
  2014.1616            5.64            1.31
  2014.1644            5.76            1.37
  2014.1671           10.28            1.41
  2014.1699            6.96            1.49
  2014.1726            8.18            1.44
  2014.1753            5.95            1.44
  2014.1781            5.54            1.46
  2014.1808            4.18            1.39
  2014.1836            8.73            1.45
  2014.1863            7.97            1.46
  2014.1891            6.49            1.37
  2014.1918            4.39            1.36
  2014.1946            9.30            1.36
  2014.1973            5.71            1.37
  2014.2000           11.48            1.41
  2014.2028            5.71            1.40
  2014.2054            4.28            1.42
  2014.2083            6.54            1.43
  2014.2109            6.88            1.34
  2014.2137           -3.54            1.43
  2014.2164            8.28            1.49
  2014.2192            2.55            1.41
  2014.2219           -2.33            1.39
  2014.2246            6.51            1.25
  2014.2274            5.39            1.34
  2014.2301            6.68            1.33
  2014.2329            5.69            1.33
  2014.2356            5.25            1.38
  2014.2384            2.15            1.38
  2014.2411            2.91            1.38
  2014.2439            1.92            1.49
  2014.2466            5.03            1.41
  2014.2493            4.70            1.28
  2014.2521            7.09            1.27
  2014.2548            6.47            1.36
  2014.2576            6.23            1.30
  2014.2603            5.02            1.35
  2014.2631            5.06            1.30
  2014.2657            6.16            1.37
  2014.2684           -0.36            1.44
  2014.2712            1.79            1.36
  2014.2739            6.35            1.38
  2014.2767            7.80            1.38
  2014.2794            8.15            1.37
  2014.2822            9.08            1.24
  2014.2849            7.99            1.23
  2014.2877            6.82            1.30
  2014.2904            3.62            1.29
  2014.2931            7.53            1.24
  2014.2959            4.10            1.20
  2014.2986            5.78            1.19
  2014.3014            7.35            1.24
  2014.3041            7.89            1.28
  2014.3069            4.21            1.21
  2014.3096            4.84            1.20
  2014.3124            7.13            1.24
  2014.3151            8.28            1.18
  2014.3177            6.32            1.19
  2014.3206            3.88            1.20
  2014.3232            3.66            1.14
  2014.3260            6.24            1.21
  2014.3287            5.97            1.28
  2014.3315            4.35            1.25
  2014.3342            5.56            1.24
  2014.3370            5.26            1.27
  2014.3397            8.31            1.30
  2014.3424            8.36            1.25
  2014.3452            8.41            1.17
  2014.3479            7.70            1.17
  2014.3507            7.22            1.20
  2014.3534            5.60            1.23
  2014.3562            9.78            1.27
  2014.3589            6.08            1.20
  2014.3617            7.56            1.22
  2014.3644            5.34            1.20
  2014.3671           10.80            1.29
  2014.3699            7.81            1.23
  2014.3726            7.31            1.24
  2014.3754            7.60            1.22
  2014.3781            9.29            1.26
  2014.3809            9.78            1.15
  2014.3835            9.00            1.18
  2014.3864            9.06            1.29
  2014.3890            7.27            1.22
  2014.3917           10.08            1.21
  2014.3945            7.88            1.18
  2014.3972           11.79            1.21
  2014.4000            4.02            1.19
  2014.4027            7.81            1.15
  2014.4055            6.67            1.23
  2014.4082            3.18            1.26
  2014.4110            5.97            1.19
  2014.4137            9.71            1.28
  2014.4164            1.11            1.52
  2014.4192            1.71            1.55
  2014.4219           -2.36            1.46
  2014.4247            9.30            1.40
  2014.4274           13.22            1.26
  2014.4302            9.83            1.27
  2014.4329            6.80            1.24
  2014.4357            6.43            1.25
  2014.4384            8.14            1.23
  2014.4410            9.25            1.22
  2014.4438            9.39            1.26
  2014.4465            6.62            1.32
  2014.4493            8.42            1.20
  2014.4520            7.92            1.26
  2014.4548            7.77            1.20
  2014.4575            3.32            1.16
  2014.4603            9.99            1.12
  2014.4630            6.39            1.10
  2014.4657            5.42            1.11
  2014.4685            6.94            1.13
  2014.4712            7.47            1.11
  2014.4740            7.35            1.12
