  2008.0027            0.00            1.27
  2008.0055           -7.66            1.35
  2008.0082           -1.00            1.28
  2008.0110            2.45            1.21
  2008.0137            1.19            1.29
  2008.0165            0.84            1.39
  2008.0192            3.93            1.38
  2008.0220           -6.11            1.46
  2008.0247           -4.65            1.49
  2008.0273           -1.13            1.39
  2008.0302            4.82            1.28
  2008.0328           -1.05            1.25
  2008.0356           -0.36            1.32
  2008.0383           -0.12            1.30
  2008.0411           -2.45            1.31
  2008.0438           -0.66            1.31
  2008.0466           -2.07            1.22
  2008.0493            0.34            1.31
  2008.0520            0.93            1.21
  2008.0548            1.40            1.30
  2008.0575            2.24            1.24
  2008.0603            1.98            1.29
  2008.0630            4.63            1.30
  2008.0658            0.86            1.22
  2008.0685            1.90            1.26
  2008.0713            5.43            1.28
  2008.0740            1.05            1.21
  2008.0767            0.61            1.26
  2008.0795            0.41            1.25
  2008.0822            2.43            1.24
  2008.0850            1.20            1.30
  2008.0876            0.87            1.27
  2008.0905            2.37            1.23
  2008.0931            1.04            1.18
  2008.0959            0.37            1.21
  2008.0986            3.90            1.26
  2008.1013            1.77            1.27
  2008.1041            4.54            1.23
  2008.1068            0.94            1.23
  2008.1096            3.26            1.26
  2008.1123            2.20            1.20
  2008.1151            0.95            1.25
  2008.1178            1.57            1.26
  2008.1206            3.42            1.23
  2008.1233           -1.10            1.25
  2008.1260            1.53            1.23
  2008.1288            3.32            1.26
  2008.1315           -1.55            1.30
  2008.1343            0.19            1.27
  2008.3644            6.81            3.64
  2008.3671           -0.31            1.11
  2008.3699            3.81            1.42
  2008.3726            3.16            1.10
  2008.3754            2.24            1.10
  2008.3781            1.15            1.17
  2008.3809            3.54            1.25
  2008.3835           -0.12            1.31
  2008.3864            1.61            1.40
  2008.3890            1.31            1.30
  2008.3917            1.14            1.24
  2008.3945            1.49            1.35
  2008.3972            2.64            1.23
  2008.4000            1.37            1.16
  2008.4027            0.44            1.27
  2008.4055            1.15            1.32
  2008.4082            2.22            1.36
  2008.4110            1.29            1.21
  2008.4137            1.64            1.10
  2008.4164            1.71            1.12
  2008.4192            2.04            1.13
  2008.4219            1.80            1.14
  2008.4247            0.23            1.37
  2008.4274            1.20            1.39
  2008.4302            0.43            1.55
  2008.4329            1.62            1.30
  2008.4357            2.55            1.11
  2008.4384           -0.34            1.20
  2008.4410            0.52            1.69
  2008.4438           -3.69            1.27
  2008.4465           -0.40            1.35
  2008.4493            0.92            1.09
  2008.4520            1.19            1.20
  2008.4548           -4.58            1.52
  2008.4575            3.48            1.13
  2008.4603           -1.72            1.30
  2008.4630            0.93            1.36
  2008.4657            3.54            1.23
  2008.4685            3.14            1.49
  2008.4712            0.38            1.22
  2008.4740            1.56            1.06
  2008.4767            2.32            1.10
  2008.4795            3.61            1.09
  2008.4822            4.61            1.09
  2008.4850            2.26            1.06
  2008.4877            4.27            1.19
  2008.4904           -0.90            1.12
  2008.4932            1.61            1.07
  2008.4958            3.64            1.14
  2008.4987            0.61            1.13
  2008.5013            3.33            1.09
  2008.5042            4.49            1.07
  2008.5068            4.87            1.11
  2008.5096            0.30            1.12
  2008.5123            0.99            1.12
  2008.5150            3.13            1.09
  2008.5178           -0.23            1.12
  2008.5205            1.62            1.09
  2008.5233            3.07            1.02
  2008.5260            2.73            1.11
  2008.5288            2.91            1.12
  2008.5315            4.78            1.20
  2008.5343            3.31            1.09
  2008.5370            1.84            1.12
  2008.5397           -1.20            1.10
  2008.5425            2.64            1.10
  2008.5452            3.75            1.14
  2008.5480            4.38            1.11
  2008.5507            5.75            1.11
  2008.5535            3.05            1.04
  2008.5562            4.03            1.09
  2008.5590            4.44            1.12
  2008.5616            4.15            1.14
  2008.5643            5.95            1.14
  2008.5671            4.06            1.14
  2008.5698            2.97            1.13
  2008.5726            3.06            1.16
  2008.5753            1.18            1.13
  2008.5781            2.79            1.19
  2008.5808            1.64            1.15
  2008.5836            0.91            1.17
  2008.5890            1.59            1.11
  2008.5918            1.96            1.16
  2008.5945            1.18            1.28
  2008.5973           -0.54            1.15
  2008.6000           -1.18            1.20
  2008.6028            1.20            1.14
  2008.6055            2.33            1.12
  2008.6083           -0.79            1.16
  2008.6110            0.73            1.12
  2008.6136           -1.83            1.19
  2008.6165            0.36            1.13
  2008.6191            1.07            1.08
  2008.6219            2.20            1.13
  2008.6246           -0.41            1.21
  2008.6274           -1.47            1.17
  2008.6301            2.64            1.11
  2008.6329            1.93            1.12
  2008.6356            3.02            1.16
  2008.6383            3.04            1.08
  2008.6411            3.14            1.15
  2008.6438            1.91            1.17
  2008.6466            2.87            1.16
  2008.6493            3.04            1.18
  2008.6521            1.16            1.20
  2008.6548            2.76            1.26
  2008.6576            2.58            1.19
  2008.6603            3.54            1.19
  2008.6630            2.48            1.17
  2008.6658            0.31            1.16
  2008.6685            5.08            1.13
  2008.6713            2.47            1.16
  2008.6740            3.20            1.15
  2008.6768            5.21            1.09
  2008.6794            4.87            1.15
  2008.6823            2.87            1.11
  2008.6849            2.24            1.16
  2008.6876           -4.04            1.13
  2008.6904           -3.74            1.08
  2008.6931           -2.07            1.08
  2008.6959           -4.81            1.15
  2008.6986           -3.36            1.10
  2008.7014           -4.68            1.10
  2008.7041           -4.05            1.04
  2008.7069            3.31            1.10
  2008.7096            4.94            1.09
  2008.7123            4.40            1.10
  2008.7151            4.67            1.11
  2008.7178            4.78            1.08
  2008.7206            6.34            1.08
  2008.7233            3.47            1.06
  2008.7261            4.01            1.01
  2008.7288           10.12            1.13
  2008.7316            3.29            1.09
  2008.7343            6.06            1.11
  2008.7369            4.99            1.08
  2008.7397            2.67            1.16
  2008.7424            4.15            1.09
  2008.7452            4.79            1.21
  2008.7479            4.49            1.08
  2008.7507            5.07            1.13
  2008.7534            4.71            1.19
  2008.7561            2.94            1.19
  2008.7589            2.04            1.20
  2008.7616            4.24            1.18
  2008.7644            2.84            1.18
  2008.7671            3.93            1.07
  2008.7699            5.33            1.10
  2008.7726            4.67            1.07
  2008.7754            4.53            1.15
  2008.7781            6.80            1.24
  2008.7808            5.93            1.15
  2008.7836            4.62            2.77
  2008.7863            3.82            1.08
  2008.7891            4.73            1.13
  2008.7917            1.53            1.28
  2008.7946            3.84            1.17
  2008.7972            3.81            1.13
  2008.8000           -0.94            1.21
  2008.8027            5.50            1.19
  2008.8054            0.37            1.20
  2008.8082            3.51            1.19
  2008.8109            4.73            1.17
  2008.8137            3.90            1.12
  2008.8164            4.48            1.17
  2008.8192            4.65            1.23
  2008.8219            2.62            1.16
  2008.8247            5.58            1.11
  2008.8274            3.28            1.15
  2008.8301            4.48            1.13
  2008.8329            0.92            1.14
  2008.8356            2.59            1.10
  2008.8384            2.41            1.21
  2008.8411            7.06            1.19
  2008.8439            6.63            1.23
  2008.8466            2.74            1.28
  2008.8494            1.60            1.22
  2008.8521            3.69            1.23
  2008.8547            4.92            1.25
  2008.8575            1.18            1.22
  2008.8602            4.49            1.26
  2008.8630            4.14            1.23
  2008.8657            8.35            1.21
  2008.8685            1.67            1.22
  2008.8712           -0.38            1.24
  2008.8740            4.96            1.20
  2008.8767            5.08            1.27
  2008.8794            2.32            1.18
  2008.8822            3.60            1.19
  2008.8849            2.83            1.18
  2008.8877            0.91            1.15
  2008.8904            2.40            1.21
  2008.8932           -0.19            1.18
  2008.8959            3.59            1.20
  2008.8987            1.11            1.22
  2008.9014            3.17            1.22
  2008.9041            0.29            1.23
  2008.9069            4.89            1.23
  2008.9095           -0.96            1.29
  2008.9124            0.24            1.32
  2008.9150           -0.36            1.23
  2008.9178            3.22            1.28
  2008.9205            1.46            1.21
  2008.9233            3.99            1.18
  2008.9260            1.03            1.19
  2008.9287            3.12            1.21
  2008.9315            3.55            1.14
  2008.9342           -0.45            1.20
  2008.9370            2.31            1.20
  2008.9397            3.10            1.23
  2008.9425            2.43            1.39
  2008.9452           -2.51            1.14
  2008.9480            1.72            1.19
  2008.9507            1.60            1.19
  2008.9534            3.11            1.18
  2008.9562            4.90            1.17
  2008.9589           -2.75            1.19
  2008.9617            5.06            1.18
  2008.9644            6.48            1.26
  2008.9672            6.10            1.23
  2008.9698            3.34            1.22
  2008.9727            2.67            1.19
  2008.9753            0.75            1.26
  2008.9780            2.65            1.16
  2008.9808            8.29            1.16
  2008.9835            3.72            1.21
  2008.9863            7.33            1.26
  2008.9890            3.46            1.17
  2008.9918            7.21            1.23
  2008.9945           -1.33            1.23
  2008.9973            7.45            1.30
  2009.0000            4.43            1.27
  2009.0027            2.97            1.20
  2009.0027            5.55            1.12
  2009.0055            5.89            1.13
  2009.0082            3.22            1.13
  2009.0110            4.85            1.12
  2009.0137           -0.14            1.17
  2009.0165            3.38            1.17
  2009.0192            3.67            1.14
  2009.0220            3.45            1.11
  2009.0247            4.51            1.08
  2009.0273            5.96            1.16
  2009.0302            4.73            1.11
  2009.0328            4.77            1.17
  2009.0356            3.07            1.13
  2009.0383            1.74            1.25
  2009.0411            6.17            1.16
  2009.0438            2.45            1.19
  2009.0466            5.96            1.12
  2009.0493            4.13            1.13
  2009.0520            6.06            1.06
  2009.0548            4.38            1.11
  2009.0575            9.26            1.12
  2009.0603            5.26            1.15
  2009.0630            6.05            1.11
  2009.0658            3.08            1.14
  2009.0685            6.29            1.10
  2009.0713            6.57            1.07
  2009.0740            5.99            1.25
  2009.0767            7.42            1.11
  2009.0795            5.33            1.15
  2009.0822           -2.30            1.20
  2009.0850            4.04            1.14
  2009.0876            0.54            1.14
  2009.0905            4.17            1.10
  2009.0931            4.15            1.14
  2009.0959            4.54            1.17
  2009.0986            4.56            1.20
  2009.1013            4.19            1.12
  2009.1041            4.69            1.09
  2009.1068            5.94            1.13
  2009.1096            6.58            1.23
  2009.1123            4.72            1.22
  2009.1151            3.44            1.17
  2009.1178            4.17            1.14
  2009.1206            2.67            1.12
  2009.1233            5.75            1.11
  2009.1260            6.58            1.14
  2009.1288            4.45            1.20
  2009.1315            1.26            1.54
  2009.1343            5.52            1.16
  2009.1370            3.68            1.21
  2009.1398            3.95            1.17
  2009.1425            5.98            1.15
  2009.1453            1.53            1.13
  2009.1479            3.01            1.10
  2009.1506            3.45            1.11
  2009.1534            3.34            1.15
  2009.1561            8.16            1.22
  2009.1589            2.45            1.17
  2009.1616            1.53            1.19
  2009.1644            0.76            2.04
  2009.1671            2.16            1.20
  2009.1699            2.06            1.21
  2009.1726            3.03            1.19
  2009.1753            2.79            1.12
  2009.1781            0.86            1.09
  2009.1808            3.14            1.12
  2009.1836            2.99            1.13
  2009.1863            2.37            1.09
  2009.1891            4.10            1.07
  2009.1918            3.07            1.13
  2009.1946            2.74            1.10
  2009.1973           -0.60            1.16
  2009.2000            1.66            1.09
  2009.2028            4.21            1.06
  2009.2054           -0.39            1.31
  2009.2083            7.14            1.10
  2009.2109            2.92            1.17
  2009.2137            4.50            1.16
  2009.2164            5.82            1.13
  2009.2192            4.03            1.13
  2009.2219            5.54            1.19
  2009.2246            2.90            1.20
  2009.2274            3.80            1.27
  2009.2301            1.36            1.13
  2009.2329            4.10            1.13
  2009.2356            2.25            1.15
  2009.2384           -3.16            1.19
  2009.2411           -0.98            1.10
  2009.2439            4.67            1.12
  2009.2466            4.60            1.13
  2009.2493            5.17            1.13
  2009.2521            3.61            1.18
  2009.2548            1.28            1.21
  2009.2576            4.63            1.14
  2009.2603           -0.06            2.10
  2009.2631            3.88            1.11
  2009.2657            3.24            1.10
  2009.2684            4.73            1.18
  2009.2712            5.54            1.11
  2009.2739            3.36            1.10
  2009.2767            4.73            1.08
  2009.2794            1.73            1.14
  2009.2822            3.44            1.11
  2009.2849            4.30            1.11
  2009.2877            5.51            1.10
  2009.2904            1.34            1.17
  2009.2931            3.86            1.11
  2009.2959            4.27            1.07
  2009.2986            4.64            1.08
  2009.3014            2.02            1.09
  2009.3069            3.66            1.19
  2009.3096            0.87            1.12
  2009.3124            2.96            1.17
  2009.3151            2.07            1.16
  2009.3177            3.45            1.10
  2009.3206            0.80            1.22
  2009.3232           10.17            1.16
  2009.3260            2.57            1.10
  2009.3315            3.01            1.12
  2009.3342            2.10            1.08
  2009.3370            4.01            1.15
  2009.3397            1.09            1.28
  2009.3424            4.95            1.12
  2009.3452            4.64            1.20
  2009.3479           -1.47            1.09
  2009.3507            0.50            1.12
  2009.3534           -0.52            1.10
  2009.3562           -0.36            1.16
  2009.3589            1.37            1.13
  2009.3617            1.59            1.22
  2009.3644            1.92            1.15
  2009.3671            1.89            1.15
  2009.3699            2.86            1.23
  2009.3726           -2.10            1.18
  2009.3754           -1.69            1.12
  2009.3781           -0.84            1.14
  2009.3809            0.12            1.14
  2009.3835            0.34            1.16
  2009.3864            1.06            1.12
  2009.3890           -0.49            1.15
  2009.3917            1.49            1.10
  2009.3945           -0.39            1.16
  2009.3972            3.45            1.25
  2009.4000            2.69            1.16
  2009.4027            2.83            1.13
  2009.4055            1.46            1.24
  2009.4082            2.77            1.16
  2009.4110            7.97            1.16
  2009.4137            3.76            1.14
  2009.8219            1.91            1.36
  2009.8247            2.49            1.22
  2009.8274            4.23            1.26
  2009.8301           -0.12            1.29
  2009.8329            3.05            1.27
  2009.8356            1.87            1.36
  2009.8384            0.77            1.38
  2009.8411           -0.42            1.31
  2009.8439           -1.51            1.28
  2009.8466           -0.00            1.26
  2009.8494            1.13            1.29
  2009.8521           -1.18            1.28
  2009.8547           -1.10            1.28
  2009.8575            0.35            1.23
  2009.8602            1.87            1.31
  2009.8630            2.65            1.21
  2009.8657            2.22            1.28
  2009.8685            3.34            1.34
  2009.8712           10.97            1.44
  2009.8740            2.58            1.27
  2009.8767            5.02            1.36
  2009.8794           -8.49            1.37
  2009.8822            2.06            1.32
  2009.8849            5.23            1.46
  2009.8877           -1.67            1.29
  2009.8904            1.03            1.25
  2009.8932            4.09            1.28
  2009.8959            3.91            1.33
  2009.8987            0.73            1.33
  2009.9014            3.20            1.32
  2009.9041            4.34            1.32
  2009.9069            9.57            1.19
  2009.9095            3.74            1.27
  2009.9124           -1.70            1.44
  2009.9150           -0.03            1.34
  2009.9178           -0.41            1.28
  2009.9205            5.54            1.31
  2009.9233            3.51            1.23
  2009.9260           -0.05            1.21
  2009.9287            4.07            1.26
  2009.9315            6.09            1.24
  2009.9342            0.62            1.22
  2009.9370            5.79            1.21
  2009.9397            4.56            1.24
  2009.9425            1.85            1.28
  2009.9452            6.84            1.25
  2009.9480            4.79            1.26
  2009.9507            4.34            1.25
  2009.9534            3.46            1.44
  2009.9562            5.06            1.28
  2009.9589            5.07            1.26
  2009.9617            2.80            1.36
  2009.9644            4.07            1.32
  2009.9672            0.78            1.44
  2009.9698            0.88            1.35
  2009.9727            3.32            1.28
  2009.9753            3.10            1.40
  2009.9780            0.22            1.49
  2009.9808            3.80            1.40
  2009.9835            9.72            1.29
  2009.9863           -1.57            1.42
  2009.9890            0.61            1.34
  2009.9918            4.16            1.32
  2009.9945            1.41            1.39
  2009.9973            0.86            1.36
  2010.0000            1.65            1.33
  2010.0027            2.50            1.02
  2010.0055            0.74            1.04
  2010.0082            0.30            1.10
  2010.0110           -0.20            1.11
  2010.0137            1.92            1.15
  2010.0165            3.72            1.09
  2010.0192           -0.15            1.06
  2010.0220            1.04            1.10
  2010.0247           -2.15            1.10
  2010.0273            2.79            1.10
  2010.0302            0.76            1.23
  2010.0328            2.64            1.15
  2010.0356            1.08            1.10
  2010.0383            2.75            1.07
  2010.0411            1.71            1.10
  2010.0438            3.60            1.14
  2010.0466            8.10            1.05
  2010.0493            1.36            1.07
  2010.0520            3.31            1.01
  2010.0548            2.23            1.05
  2010.0575            4.95            1.09
  2010.0603            4.83            1.01
  2010.0630            3.34            1.05
  2010.0658           -0.23            1.07
  2010.0685            0.84            1.07
  2010.0713           -0.50            1.14
  2010.0740            1.66            1.10
  2010.0767           -2.49            1.17
  2010.0795            2.76            1.11
  2010.0822            0.68            1.08
  2010.0850            0.59            1.05
  2010.0876           -2.52            1.08
  2010.0905           -0.40            1.11
  2010.0931           -2.16            1.12
  2010.0959           -3.21            1.06
  2010.0986            1.59            1.08
  2010.1013           -2.47            1.13
  2010.1041            1.58            1.07
  2010.1068            1.91            1.07
  2010.1096            0.28            1.14
  2010.1123            0.20            1.08
  2010.1151           -0.01            1.16
  2010.1178            2.16            1.16
  2010.1206            0.28            1.10
  2010.1233           -0.74            1.04
  2010.1260            2.94            1.07
  2010.1288            2.35            1.10
  2010.1315            1.43            1.12
  2010.1343            3.05            1.23
  2010.1370            1.08            1.16
  2010.1398           -0.26            1.03
  2010.1425           -1.63            1.02
  2010.1453            1.05            1.11
  2010.1479           -0.15            1.04
  2010.1506            0.53            1.01
  2010.1534            0.34            1.13
  2010.1561            3.77            1.06
  2010.1616           -5.92            1.11
  2010.1644           -0.47            1.04
  2010.1671           -3.22            1.07
  2010.1699           -7.87            1.04
  2010.1726            2.73            0.99
  2010.1753           -2.52            1.03
  2010.1781            5.03            0.98
  2010.1808           -3.40            1.05
  2010.1836           -1.65            1.08
  2010.1863            0.00            1.08
  2010.1891            3.13            1.00
  2010.1918            3.08            1.00
  2010.1946            0.74            1.04
  2010.1973           -0.56            1.09
  2010.2000            0.19            1.01
  2010.2028            3.66            1.02
  2010.2054            2.12            1.01
  2010.2083            4.48            1.04
  2010.2109            4.17            1.10
  2010.2137            5.41            1.05
  2010.2164            6.55            1.18
  2010.2192           -2.68            1.21
  2010.2219            0.01            1.07
  2010.2246            0.69            1.05
  2010.2274            3.78            1.04
  2010.2301            4.32            1.00
  2010.2329            2.74            1.07
  2010.2356            3.71            1.06
  2010.2384            6.65            1.07
  2010.2411            4.01            1.08
  2010.2439            5.05            1.05
  2010.2466            1.74            1.13
  2010.2493            3.12            1.08
  2010.2521            2.55            1.08
  2010.2548            5.81            1.03
  2010.2576            4.56            0.73
  2010.2603            4.59            1.04
  2010.2631            4.80            1.07
  2010.2657            9.14            1.01
  2010.2684            4.79            1.01
  2010.2712            5.38            1.01
  2010.2739            8.26            1.05
  2010.2767            3.33            1.06
  2010.2794            2.25            1.04
  2010.2822            2.54            1.03
  2010.2849            2.27            1.00
  2010.2877            5.70            1.03
  2010.2904           -1.30            1.10
  2010.2931           -2.42            1.08
  2010.2959            1.03            1.09
  2010.2986            0.78            1.05
  2010.3014            1.37            1.03
  2010.3069            3.40            1.02
  2010.3096            4.69            1.06
  2010.3124            3.62            1.03
  2010.3151            3.40            1.02
  2010.3177            6.32            1.03
  2010.3206            6.27            1.03
  2010.3232            4.12            1.05
  2010.3260            6.62            1.01
  2010.3287           -5.89            1.10
  2010.3315           -0.73            1.04
  2010.3534            3.07            1.47
  2010.3562            2.82            0.99
  2010.3589            2.59            1.02
  2010.3617            2.37            1.63
  2010.3644            1.30            0.98
  2010.3726            1.92            1.08
  2010.3754            4.01            1.06
  2010.3835            5.34            1.73
  2010.3864          -22.92            1.71
  2010.3972            4.55            1.56
  2010.4000            3.03            0.99
  2010.4027            1.76            0.99
  2010.4055            3.53            1.04
  2010.4082            4.90            1.06
  2010.4110          -48.65           36.11
  2010.4302            6.21            1.60
  2010.4329            5.47            0.92
  2010.4357            6.49            0.89
  2010.4384            2.59            0.94
  2010.4410            4.37            1.00
  2010.4438            4.05            1.11
  2010.4575            2.84            2.05
  2010.4603            3.46            1.13
  2010.4630            6.03            1.25
  2010.4657            8.50            1.18
  2010.5042            6.29            0.93
  2010.5068            3.09            0.97
  2010.5096            4.86            0.95
  2010.5123            5.01            1.06
  2010.5150            3.15            1.04
  2010.5178            1.89            0.99
  2010.5205            2.52            0.95
  2010.5233            4.30            0.96
  2010.5260            2.96            1.03
  2010.5288            0.66            0.95
  2010.5315            4.15            0.93
  2010.5343            5.22            0.91
  2010.5370            2.05            0.96
  2010.5397            0.26            0.95
  2010.5425            6.56            0.97
  2010.5452            6.51            0.93
  2010.5480            5.60            0.96
  2010.5507            4.72            0.99
  2010.5535            4.86            0.99
  2010.5562            4.85            1.02
  2010.5590            4.59            1.06
  2010.5616            5.37            1.05
  2010.5643            8.16            1.02
  2010.5671            7.39            0.97
  2010.5698            5.04            1.01
  2010.5726            5.74            1.00
  2010.5753            6.49            1.01
  2010.5781            6.34            1.05
  2010.5808            5.96            1.02
  2010.5836            6.96            0.90
  2010.5863            7.07            0.90
  2010.5890            6.42            0.96
  2010.5918            6.62            0.91
  2010.5945            5.88            1.94
  2010.5973            5.51            0.96
  2010.6000            8.82            0.94
  2010.6028            7.26            0.93
  2010.6055            7.30            0.92
  2010.6083            7.34            0.93
  2010.6110            6.97            0.98
  2010.6136            7.03            0.92
  2010.6165            6.80            0.91
  2010.6191            7.29            0.91
  2010.6219            8.58            0.93
  2010.6246            6.65            1.00
  2010.6274            7.40            1.05
  2010.6301            7.76            0.96
  2010.6329            7.46            0.93
  2010.6356            3.78            0.94
  2010.6383            4.93            1.04
  2010.6411            3.28            0.95
  2010.6438            4.15            0.96
  2010.6466            2.53            0.95
  2010.6493            5.92            0.93
  2010.6521            0.68            0.99
  2010.6548            2.99            0.98
  2010.6576            5.60            0.99
  2010.6603            6.26            0.93
  2010.6630            2.25            1.00
  2010.6658            4.53            0.96
  2010.6685            7.69            0.93
  2010.6713            8.31            0.97
  2010.6740            6.72            1.07
  2010.6768            7.99            1.01
  2010.6794            7.43            0.92
  2010.6823           10.08            0.88
  2010.6849            9.30            0.93
  2010.6876            9.88            0.94
  2010.6904           12.47            0.93
  2010.6931            8.71            0.94
  2010.6959            8.47            0.99
  2010.6986            7.89            0.96
  2010.7014            8.19            0.94
  2010.7041            7.03            0.96
  2010.7069            9.91            1.07
  2010.7096           10.38            0.91
  2010.7123            9.57            0.92
  2010.7151            8.97            0.98
  2010.7178            8.39            0.95
  2010.7206           11.39            0.93
  2010.7233           11.69            0.93
  2010.7261           11.73            0.92
  2010.7288            8.53            0.90
  2010.7316            9.80            0.91
  2010.7343            9.60            0.91
  2010.7369            9.50            0.98
  2010.7397            9.03            0.98
  2010.7424            9.57            0.96
  2010.7452           10.98            0.91
  2010.7479            9.94            0.93
  2010.7507           10.81            0.93
  2010.7534           10.15            0.89
  2010.7561           11.08            0.98
  2010.7589           11.62            0.90
  2010.7616           11.20            0.90
  2010.7644            9.40            0.91
  2010.7671           12.18            0.89
  2010.7699           10.44            0.89
  2010.7726           10.31            0.88
  2010.7754           10.04            0.88
  2010.7781           11.03            0.89
  2010.7808            9.52            0.92
  2010.7836            6.57            1.02
