  2012.0027            0.00            1.57
  2012.0055            3.66            1.54
  2012.0082           -1.15            1.50
  2012.0110            6.94            1.54
  2012.0137            5.37            1.68
  2012.0165           -1.12            1.52
  2012.0192           -2.60            1.63
  2012.0220            7.33            1.62
  2012.0247           -2.73            1.92
  2012.0273            8.36            1.85
  2012.0302           -3.91            1.63
  2012.0328           -2.71            1.56
  2012.0356           -3.56            1.55
  2012.0383            5.65            1.57
  2012.0411           -2.98            1.78
  2012.0438           -8.50            1.57
  2012.0466           -5.73            1.72
  2012.0493          -14.04            1.89
  2012.0520           -8.61            1.66
  2012.0548            3.58            1.74
  2012.0603            1.06            1.76
  2012.0630           -8.15            1.70
  2012.0658           -2.03            1.66
  2012.0685           -2.72            2.18
  2012.0713           -4.57            2.27
  2012.0740            0.06            1.99
  2012.0767            3.97            2.17
  2012.0795            3.05            1.87
  2012.0822           18.32            1.85
  2012.0850           -4.85            1.67
  2012.0876            0.21            1.68
  2012.0905           -9.15            1.73
  2012.0931            3.92            1.64
  2012.0959            7.77            1.75
  2012.0986            4.90            1.69
  2012.1013            4.09            1.74
  2012.1041            2.82            1.84
  2012.1068           -5.75            1.72
  2012.1096            0.64            1.54
  2012.1123            3.63            1.54
  2012.1151           11.13            1.56
  2012.1178            5.05            1.71
  2012.1206           13.06            1.71
  2012.1233            2.06            1.61
  2012.1260            7.71            1.64
  2012.1288            2.32            1.64
  2012.1315           18.52            1.74
  2012.1343           18.70            1.71
  2012.1370            1.80            1.73
  2012.1398            4.46            1.59
  2012.1425            2.19            1.46
  2012.1453            3.10            1.54
  2012.1479            3.75            1.45
  2012.1506            5.31            1.56
  2012.1534            1.18            1.64
  2012.1561            5.20            1.63
  2012.1589           22.54            1.67
  2012.1616            8.47            1.60
  2012.1644            6.35            1.61
  2012.1671           -2.66            1.63
  2012.1699           12.19            1.51
  2012.1726            0.89            1.63
  2012.1753           10.05            1.62
  2012.1781           17.67            1.77
  2012.1808            5.09            1.58
  2012.1836            1.36            1.75
  2012.1863            3.18            1.50
  2012.1891           10.73            1.57
  2012.1918            7.47            1.63
  2012.1946            7.48            1.59
  2012.1973            4.27            1.61
  2012.2000           -5.93            1.62
  2012.2028           -0.47            1.58
  2012.2054           -1.20            1.42
  2012.2083           -1.23            1.48
  2012.2109            2.61            1.55
  2012.2137           -1.80            1.50
  2012.2164           -1.10            1.56
  2012.2192           -0.65            1.48
  2012.2219           -1.01            1.52
  2012.2246           -6.76            1.42
  2012.2274            0.98            1.45
  2012.2301           -4.80            1.51
  2012.2329           -0.44            1.50
  2012.2356           -1.80            1.52
  2012.2384            1.15            1.45
  2012.2411            8.59            1.48
  2012.2439            5.76            1.50
  2012.2466            0.51            1.43
  2012.2493           -4.33            1.58
  2012.2521            1.07            1.50
  2012.2548           -2.17            1.50
  2012.2576            3.83            1.45
  2012.2603           -1.72            1.68
  2012.2631           -2.29            1.60
  2012.2657           -1.05            1.48
  2012.2684            9.72            1.53
  2012.2712           -0.88            1.59
  2012.2739            4.47            1.61
  2012.2767            0.38            1.51
  2012.2794            0.40            1.46
  2012.2822            1.82            1.48
  2012.2849           -4.48            1.67
  2012.2877            0.01            1.58
  2012.2904            6.73            1.59
  2012.2931            0.47            1.49
  2012.2959           -0.65            1.50
  2012.2986            9.33            1.53
  2012.3014            3.65            1.43
  2012.3041           -0.94            1.39
  2012.3069           -3.75            1.54
  2012.3096           -0.79            1.29
  2012.3124           -4.75            1.39
  2012.3151           -0.10            1.58
  2012.3177           -1.14            1.55
  2012.3206           -3.91            1.49
  2012.3232           -1.12            1.43
  2012.3260           -0.20            1.32
  2012.3287           -2.70            1.27
  2012.3315            6.07            1.34
  2012.3342            0.32            1.40
  2012.3370            5.16            1.37
  2012.3397           -4.17            1.32
  2012.3424            0.10            1.29
  2012.3452           -2.11            1.30
  2012.3479           -0.15            1.46
  2012.3507           -1.20            1.36
  2012.3534           -0.86            1.34
  2012.3562           -3.09            1.32
  2012.3589            3.28            1.41
  2012.3617           -0.29            1.51
  2012.3644            0.41            1.33
  2012.3671           -3.03            1.38
  2012.3699            1.58            1.36
  2012.3726            3.85            1.39
  2012.3754           -2.56            1.47
  2012.3781            1.09            1.39
  2012.3809            0.63            1.35
  2012.3835           15.12            1.46
  2012.3864           -5.97            1.37
  2012.3890           -0.04            1.34
  2012.3917            1.19            1.34
  2012.3945            0.57            1.34
  2012.3972            2.27            1.35
  2012.4000            4.35            1.34
  2012.4027            0.84            1.47
  2012.4055           13.59            1.53
  2012.4110           -5.46            1.43
  2012.4137            0.58            1.35
  2012.4164           -0.92            1.42
  2012.4192           -1.34            1.43
  2012.4219           -3.88            1.56
  2012.4247           -3.32            1.51
  2012.4274            0.38            1.47
  2012.4302            0.24            1.43
  2012.4329           -6.39            1.38
  2012.4357           -2.55            1.32
  2012.4384           -0.92            1.31
  2012.4410           -1.02            1.54
  2012.4438            1.41            1.34
  2012.4465            7.75            1.44
  2012.4493            7.53            1.51
  2012.4520           19.64            1.57
  2012.4548            7.28            1.41
  2012.4575            2.07            1.44
  2012.4603           -1.74            1.44
  2012.4630           -3.31            1.51
  2012.4657           -0.28            1.44
  2012.4685           -0.57            1.41
  2012.4712           18.58            1.55
  2012.4740            6.02            1.44
  2012.4767           -4.33            1.41
  2012.4795            3.62            1.40
  2012.4822            3.17            1.40
  2012.4850           -0.75            1.35
  2012.4877            0.06            1.36
  2012.4904           21.11            1.47
  2012.4932           10.74            1.46
  2012.4958            6.38            1.48
  2012.4987            7.02            1.49
  2012.5013           -5.77            1.50
  2012.5042           -1.88            1.45
  2012.5068           -2.59            1.40
  2012.5096           -2.21            1.47
  2012.5123           -2.25            1.53
  2012.5150            0.43            1.50
  2012.5178           -2.52            1.37
  2012.5205           -7.92            1.45
  2012.5233           -7.32            1.47
  2012.5260          -10.35            1.36
  2012.5288           -2.95            1.44
  2012.5315            0.18            1.39
  2012.5343           -8.11            1.38
  2012.5370           -2.83            1.33
  2012.5397          -11.14            1.35
  2012.5425           -1.48            1.40
  2012.5452           -3.23            1.42
  2012.5480            0.07            1.45
  2012.5507            2.27            1.53
  2012.5535           -1.95            1.45
  2012.5562           -3.11            1.42
  2012.5590           -6.36            1.42
  2012.5616           -0.66            1.44
  2012.5643           -8.80            1.38
  2012.5671           -4.35            1.38
  2012.5698           -4.68            1.37
  2012.5726           -6.59            1.40
  2012.5753           -1.33            1.38
  2012.5781           -6.17            1.44
  2012.5808           -4.48            1.42
  2012.5836           -3.10            1.37
  2012.5863           -2.14            1.53
  2012.5890           -4.25            1.45
  2012.5918           -5.85            1.43
  2012.5945           -6.77            1.41
  2012.5973           -3.13            2.19
  2012.6000           -1.12            1.43
  2012.6028           -2.39            1.44
  2012.6055           -1.39            1.49
  2012.6083            3.11            1.42
  2012.6110            1.00            1.30
  2012.6136           -3.61            1.38
  2012.6165            1.72            1.40
  2012.6191           -3.16            1.41
  2012.6219            7.78            1.46
  2012.6246           -0.71            1.46
  2012.6274           -7.26            1.43
  2012.6301           -4.96            1.53
  2012.6329           -1.67            1.38
  2012.6356            0.05            1.45
  2012.6383           -7.22            1.39
  2012.6411           -0.73            1.41
  2012.6438            3.54            1.49
  2012.6466          -10.89            1.49
  2012.6493           -9.95            1.42
  2012.6521          -12.33            1.47
  2012.6548           -9.80            1.40
  2012.6576           -6.12            1.38
  2012.6603           -3.28            1.46
  2012.6630           -6.61            1.64
  2012.6658           -7.83            1.42
  2012.6685           -0.40            1.49
  2012.6713           -4.90            1.47
  2012.6740          -11.97            1.56
  2012.6768           -7.07            1.54
  2012.6794          -11.63            1.48
  2012.6823           -7.95            1.58
  2012.6849           -6.72            1.53
  2012.6876          -11.47            1.56
  2012.6904          -13.01            1.49
  2012.6931          -11.32            1.45
  2012.6959           -3.07            1.43
  2012.6986           -6.23            1.46
  2012.7014           -7.56            1.44
  2012.7041           -4.15            1.53
  2012.7069            3.24            1.42
  2012.7096           13.01            1.51
  2012.7123            0.76            1.52
  2012.7151           -5.38            1.57
  2012.7178           -9.62            1.63
  2012.7206           -8.44            1.51
  2012.7233           -6.39            1.55
  2012.7261          -10.94            1.53
  2012.7288          -10.91            1.46
  2012.7316           -8.33            1.48
  2012.7343          -11.57            1.59
  2012.7369          -11.79            1.66
  2012.7397           -6.79            1.53
  2012.7424           -5.77            1.49
  2012.7452           -5.33            1.58
  2012.7479           -5.56            1.59
  2012.7507           -7.54            1.71
  2012.7534           -3.73            1.79
  2012.7561           -6.63            1.59
  2012.7589          -10.18            1.63
  2012.7616            7.94            1.62
  2012.7644           -6.98            1.59
  2012.7671           -5.36            1.74
  2012.7699           -6.22            1.61
  2012.7726           -7.02            1.49
  2012.7754           -6.18            1.62
  2012.7781           -8.23            1.37
  2012.7808           -4.70            1.43
  2012.7836           -8.33            1.39
  2012.7863           -7.77            1.34
  2012.7891           -4.74            1.49
  2012.7917           -3.72            1.54
  2012.7946           -3.65            1.55
  2012.7972           -4.10            1.50
  2012.8000           -4.25            1.42
  2012.8027           -8.78            1.56
  2012.8054           -3.99            1.63
  2012.8082           -6.72            1.69
  2012.8109           -0.77            1.57
  2012.8137           -7.93            1.62
  2012.8164           -2.41            1.50
  2012.8192           -2.11            1.56
  2012.8219            1.34            1.62
  2012.8247            0.55            1.67
  2012.8274            1.61            1.56
  2012.8301           -1.14            1.78
  2012.8329           -4.09            1.58
  2012.8356            4.87            1.50
  2012.8384           -4.28            1.49
  2012.8411            2.83            1.44
  2012.8439            2.12            1.67
  2012.8466           -0.71            1.52
  2012.8494           -0.87            1.57
  2012.8521            1.56            1.58
  2012.8547            7.61            1.56
  2012.8575            4.91            1.62
  2012.8602           -0.67            1.69
  2012.8630           -3.25            1.65
  2012.8657           -1.19            1.51
  2012.8685            0.54            1.54
  2012.8712           -3.17            1.45
  2012.8740            4.19            1.53
  2012.8767            5.45            1.55
  2012.8794           -0.80            1.53
  2012.8822           -2.70            1.58
  2012.8849            1.47            1.60
  2013.0027           67.53            1.28
  2013.0055           64.94            1.26
  2013.0082           65.99            1.35
  2013.0110           62.70            1.36
  2013.0137           63.82            1.45
  2013.0165           77.85            1.49
  2013.0192           78.67            1.52
  2013.0220           71.59            1.34
  2013.0247           70.36            1.45
  2013.0273           72.93            1.42
  2013.0302           73.04            1.45
  2013.0328           72.05            1.43
  2013.0356           74.64            1.52
  2013.0383           68.04            1.36
  2013.0411           69.68            1.47
  2013.0438           65.98            1.49
  2013.0466           67.90            1.65
  2013.0493           68.08            1.43
  2013.0520           65.08            1.37
  2013.0548           67.23            1.33
  2013.0575           68.77            1.51
  2013.0603           66.90            1.49
  2013.0630           58.66            1.51
  2013.0658           78.06            1.49
  2013.0685           66.08            1.42
  2013.0713           66.46            1.31
  2013.0740           69.17            1.34
  2013.0767           73.80            1.39
  2013.0795           70.09            1.36
  2013.0822           65.49            1.39
  2013.0850           72.09            1.44
  2013.0876           67.62            1.53
  2013.0905           66.30            1.46
  2013.0931           68.16            1.37
  2013.0959           65.56            1.37
  2013.0986           68.22            1.44
  2013.1013           67.59            1.65
  2013.1041           64.06            1.38
  2013.1068           72.08            1.42
  2013.1096           68.01            1.45
  2013.1123           66.87            1.55
  2013.1151           68.69            1.54
  2013.1178           84.62            1.51
  2013.1206           67.70            1.43
  2013.1233           69.60            1.54
  2013.1260           67.40            1.46
  2013.1288           79.31            1.62
  2013.1315           69.02            1.46
  2013.1343           62.93            1.33
  2013.1370           62.27            1.28
  2013.1398           61.21            1.40
  2013.1425           63.24            1.49
  2013.1453           64.59            1.38
  2013.1479           62.04            1.45
  2013.1506           65.98            1.35
  2013.1534           64.50            1.32
  2013.1561           67.55            1.33
  2013.1589           67.79            1.32
  2013.1616           75.69            1.38
  2013.1644           70.50            1.40
  2013.1671           69.58            1.35
  2013.1699           65.14            1.29
  2013.1726           66.07            1.32
  2013.1753           70.00            1.47
  2013.1781           76.07            1.49
  2013.1808           74.16            1.40
  2013.1863           73.30            1.55
  2013.1918           68.08            1.49
  2013.2000           65.89            1.28
  2013.2028           66.82            1.34
  2013.2054           69.09            1.42
  2013.2083           69.96            1.39
  2013.2109           67.04            1.28
  2013.2164           73.13            1.52
  2013.2192           66.77            1.31
  2013.2219           67.58            1.29
  2013.2246           69.82            1.34
  2013.2274           74.10            1.44
  2013.2301           67.27            1.56
  2013.2329           68.44            1.39
  2013.2356           69.02            1.31
  2013.2384           69.32            1.26
  2013.2411           66.65            1.44
  2013.2439           66.54            1.35
  2013.2466           62.25            1.38
  2013.2493           66.88            1.45
  2013.2548           61.02            1.40
  2013.2576           72.35            1.37
  2013.2603           69.42            1.43
  2013.2631           70.19            1.43
  2013.2657           66.80            2.68
  2013.2684           64.00            1.43
  2013.2712           71.53            1.57
  2013.2794           66.06            1.40
  2013.2822           66.45            1.28
  2013.2849           71.89            1.30
  2013.2877           69.84            1.27
  2013.2904           69.37            1.29
  2013.2931           72.08            1.29
  2013.2959           70.90            1.32
  2013.2986           70.75            1.30
  2013.3014           68.85            1.32
  2013.3041           68.00            1.35
  2013.3069           63.00            1.37
  2013.3096           68.48            1.35
  2013.3124           66.39            1.38
  2013.3151           71.89            1.30
  2013.3177           66.86            1.37
  2013.3206           62.83            1.35
  2013.3232           69.00            1.44
  2013.3260           71.81            1.32
  2013.3287           73.93            1.26
  2013.3315           69.35            1.40
  2013.3342           68.66            1.44
  2013.3370           70.48            1.53
  2013.3397           71.57            1.34
  2013.3424           68.50            1.39
  2013.3452           65.66            1.42
  2013.3479           72.69            1.33
  2013.3562           67.69            1.49
  2013.3589           74.46            1.29
  2013.3617           72.38            2.52
  2013.3644           67.25            1.26
  2013.3671           66.95            1.28
  2013.3699           62.46            1.22
  2013.3726           65.94            1.23
  2013.3754           67.83            1.27
  2013.3781           71.12            1.35
  2013.3809           66.42            2.07
  2013.3835           72.61            1.31
  2013.3864           70.37            1.25
  2013.3890           67.23            1.27
  2013.3917           77.69            1.26
  2013.3945           69.29            1.25
  2013.4000           79.44            1.32
  2013.4027           76.93            1.38
  2013.4055           82.83            1.45
  2013.4082           78.10            1.27
  2013.4110           86.54            1.26
  2013.4137           70.67            1.46
  2013.4164           82.31            1.36
  2013.4192           69.91            1.35
  2013.4219           73.53            1.24
  2013.4247           73.94            1.34
  2013.4274           66.91            1.38
  2013.4302           69.58            1.26
  2013.4329           68.58            1.31
  2013.4357           69.38            1.26
  2013.4384           69.05            1.30
  2013.4410           72.62            1.26
  2013.4438           72.15            1.28
  2013.4465           79.97            1.31
  2013.4493           85.18            1.32
  2013.4520           71.78            1.30
  2013.4548           66.38            1.43
  2013.4575           70.88            1.32
  2013.4603           70.42            1.28
  2013.4630           68.42            1.31
  2013.4657           64.64            1.25
  2013.4685           68.74            1.26
  2013.4712           77.99            1.34
  2013.4740           70.65            1.23
  2013.4767           66.97            1.25
  2013.4795           73.86            1.24
  2013.4822           67.05            1.23
  2013.4850           75.64            1.28
  2013.4877           81.01            1.58
  2013.4904           70.49            1.37
  2013.4932           66.17            1.32
  2013.4958           66.27            1.22
  2013.4987           74.33            1.21
  2013.5013           83.86            1.28
  2013.5042           89.80            1.30
  2013.5068           68.98            1.31
  2013.5096           68.76            1.27
  2013.5123           65.09            1.21
  2013.5150           64.66            1.21
  2013.5178           68.08            1.22
  2013.5205           63.10            1.28
  2013.5233           68.95            1.26
  2013.5260           67.13            1.23
  2013.5288           67.62            1.21
  2013.5315           62.82            1.31
  2013.5343           64.46            1.26
  2013.5370           66.11            1.26
  2013.5397           69.03            1.19
  2013.5425           65.24            1.28
  2013.5452           62.43            1.23
  2013.5480           63.69            1.22
  2013.5507           54.85            1.30
  2013.5535           65.58            1.20
  2013.5562           64.71            1.17
  2013.5590           66.49            1.18
  2013.5616           72.53            1.16
  2013.5643           70.31            1.23
  2013.5671           66.75            1.30
  2013.5698           65.93            1.19
  2013.5726           67.65            1.16
  2013.5753           65.80            1.17
  2013.5781           74.08            1.23
  2013.5808           65.06            1.19
  2013.5836           68.89            1.14
  2013.5863           69.01            1.18
  2013.5890           72.02            1.25
  2013.5918           70.64            1.33
  2013.5945           74.57            1.28
  2013.5973           76.86            1.29
  2013.6000           63.09            1.36
  2013.6028           64.23            1.25
  2013.6055           65.84            1.17
  2013.6083           76.35            1.23
  2013.6110           57.18            1.27
  2013.6136           55.77            1.61
  2013.6165           60.46            1.20
  2013.6191           67.77            1.19
  2013.6219           69.18            1.26
  2013.6246           65.44            1.22
  2013.6274           63.99            1.17
  2013.6301           73.30            1.22
  2013.6329           71.93            1.26
  2013.6356           66.42            1.21
  2013.6383           69.56            1.25
  2013.6411           58.91            1.18
  2013.6438           61.01            1.21
  2013.6466           56.54            1.26
  2013.6493           58.47            1.24
  2013.6521           62.66            1.20
  2013.6548           72.13            1.23
  2013.6576           66.96            1.20
  2013.6603           71.96            1.22
  2013.6630           67.19            1.23
  2013.6658           61.44            1.30
  2013.6685           64.36            1.27
  2013.6713           61.37            1.28
  2013.6740           60.64            1.30
  2013.6768           71.99            1.51
  2013.6794           73.21            1.43
  2013.6823           71.90            1.43
  2013.6849           67.33            1.45
  2013.6876           72.54            1.46
  2013.6904           61.80            1.43
  2013.6931           66.06            1.42
  2013.6959           60.54            1.36
  2013.6986           58.40            1.41
  2013.7014           57.22            1.32
  2013.7041           53.98            1.38
