  2012.0027            0.00            0.17
  2012.0055            0.68            0.17
  2012.0082            0.72            0.16
  2012.0110            2.07            0.17
  2012.0137            0.33            0.19
  2012.0165           -0.31            0.16
  2012.0192            0.35            0.17
  2012.0220            2.22            0.17
  2012.0247           -1.12            0.24
  2012.0273            0.35            0.20
  2012.0302            2.03            0.19
  2012.0328            0.98            0.17
  2012.0356            1.37            0.18
  2012.0383            2.34            0.18
  2012.0411            1.24            0.21
  2012.0438            2.30            0.17
  2012.0466            1.02            0.20
  2012.0493            0.63            0.23
  2012.0520            0.51            0.19
  2012.0548            3.26            0.20
  2012.0603            2.98            0.20
  2012.0630            3.91            0.18
  2012.0658            3.36            0.20
  2012.0685            3.32            0.24
  2012.0713            3.62            0.24
  2012.0740            2.03            0.22
  2012.0767            0.87            0.26
  2012.0795            4.45            0.22
  2012.0822            4.94            0.20
  2012.0850            5.30            0.19
  2012.0876            6.42            0.18
  2012.0905            4.26            0.21
  2012.0931            4.78            0.17
  2012.0959            3.15            0.20
  2012.0986            3.09            0.18
  2012.1013            4.54            0.19
  2012.1041            5.18            0.20
  2012.1068            3.46            0.17
  2012.1096            3.88            0.17
  2012.1123            3.60            0.16
  2012.1151            5.72            0.17
  2012.1178            1.94            0.19
  2012.1206            2.92            0.20
  2012.1233            3.64            0.18
  2012.1260            3.24            0.18
  2012.1288            1.58            0.19
  2012.1315            3.90            0.21
  2012.1343            2.70            0.20
  2012.1370            2.81            0.22
  2012.1398            2.81            0.19
  2012.1425            3.79            0.18
  2012.1453            2.56            0.18
  2012.1479            3.24            0.18
  2012.1506            4.17            0.18
  2012.1534            2.92            0.20
  2012.1561            4.70            0.21
  2012.1589            7.71            0.21
  2012.1616            6.24            0.19
  2012.1644            5.23            0.19
  2012.1671            4.48            0.21
  2012.1699            4.30            0.18
  2012.1726            5.63            0.20
  2012.1753            7.93            0.19
  2012.1781            7.32            0.23
  2012.1808            3.33            0.19
  2012.1836            6.66            0.21
  2012.1863            4.91            0.18
  2012.1891            4.97            0.18
  2012.1918            3.75            0.20
  2012.1946            0.92            0.20
  2012.1973            1.06            0.20
  2012.2000            2.39            0.20
  2012.2028            3.76            0.19
  2012.2054            3.45            0.20
  2012.2083            2.73            0.19
  2012.2109            3.94            0.23
  2012.2137            3.31            0.19
  2012.2164            2.40            0.19
  2012.2192            2.62            0.18
  2012.2219            2.08            0.18
  2012.2246            2.40            0.20
  2012.2274            2.98            0.17
  2012.2301            2.56            0.18
  2012.2329            3.21            0.18
  2012.2356            4.09            0.18
  2012.2384            3.72            0.17
  2012.2411            3.78            0.18
  2012.2439            2.04            0.18
  2012.2466            3.11            0.17
  2012.2493            3.49            0.20
  2012.2521            2.20            0.19
  2012.2548            3.66            0.22
  2012.2576            3.05            0.18
  2012.2603            2.70            0.19
  2012.2631            3.95            0.18
  2012.2657            3.84            0.16
  2012.2684            4.96            0.17
  2012.2712            5.47            0.18
  2012.2739            5.37            0.17
  2012.2767            4.92            0.17
  2012.2794            5.43            0.17
  2012.2822            5.47            0.17
  2012.2849            6.12            0.20
  2012.2877            5.24            0.18
  2012.2904            4.36            0.21
  2012.2931            5.45            0.17
  2012.2959            6.25            0.18
  2012.2986            6.73            0.22
  2012.3014            6.24            0.17
  2012.3041            6.34            0.20
  2012.3069            3.30            0.28
  2012.3096            6.24            0.15
  2012.3124            6.64            0.16
  2012.3151            7.86            0.18
  2012.3177            5.79            0.16
  2012.3206            5.81            0.15
  2012.3232            6.73            0.14
  2012.3260            8.03            0.18
  2012.3287            5.75            0.18
  2012.3315            5.57            0.19
  2012.3342            9.15            0.15
  2012.3370            2.77            0.18
  2012.3397            2.11            0.18
  2012.3424            5.57            0.17
  2012.3452            5.87            0.17
  2012.3479            6.04            0.20
  2012.3507            6.14            0.17
  2012.3534            7.14            0.17
  2012.3562            6.85            0.18
  2012.3589            8.37            0.18
  2012.3617            8.37            0.19
  2012.3644            6.24            0.18
  2012.3671            6.30            0.18
  2012.3699            6.40            0.18
  2012.3726            5.92            0.19
  2012.3754            5.86            0.19
  2012.3781            5.15            0.20
  2012.3809            6.01            0.18
  2012.3835            4.18            0.19
  2012.3864            6.38            0.19
  2012.3890            6.47            0.18
  2012.3917            7.38            0.18
  2012.3945            7.27            0.18
  2012.3972            6.91            0.17
  2012.4000            7.28            0.17
  2012.4027            6.43            0.18
  2012.4055            7.52            0.20
  2012.4110            4.84            0.18
  2012.4137            6.25            0.19
  2012.4164            6.91            0.16
  2012.4192            5.82            0.16
  2012.4219            5.64            0.17
  2012.4247            6.00            0.17
  2012.4274            7.52            0.17
  2012.4302            6.12            0.16
  2012.4329            6.60            0.16
  2012.4357            6.88            0.15
  2012.4384            6.65            0.15
  2012.4410            6.67            0.17
  2012.4438            6.42            0.16
  2012.4465            6.38            0.17
  2012.4493            6.09            0.17
  2012.4520            7.27            0.18
  2012.4548            6.55            0.15
  2012.4575            5.21            0.16
  2012.4603            7.29            0.16
  2012.4630            6.60            0.17
  2012.4657            7.04            0.16
  2012.4685            9.28            0.20
  2012.4712            6.00            0.18
  2012.4740            7.88            0.16
  2012.4767            7.09            0.16
  2012.4795            8.70            0.16
  2012.4822            6.84            0.16
  2012.4850            7.86            0.15
  2012.4877            7.70            0.16
  2012.4904            5.51            0.16
  2012.4932            9.97            0.17
  2012.4958            8.43            0.17
  2012.4987           10.37            0.17
  2012.5013            4.47            0.17
  2012.5042            7.18            0.17
  2012.5068            6.70            0.16
  2012.5096            6.66            0.17
  2012.5123            6.58            0.23
  2012.5150            7.86            0.22
  2012.5178            6.94            0.16
  2012.5205            6.34            0.16
  2012.5233            6.52            0.17
  2012.5260            7.07            0.16
  2012.5288            6.17            0.16
  2012.5315            6.46            0.16
  2012.5343            7.41            0.16
  2012.5370            8.30            0.16
  2012.5397            8.51            0.16
  2012.5425            8.64            0.16
  2012.5452            7.94            0.16
  2012.5480            7.01            0.17
  2012.5507            8.48            0.17
  2012.5535            6.37            0.16
  2012.5562            9.30            0.16
  2012.5590            7.10            0.16
  2012.5616            8.18            0.16
  2012.5643            7.30            0.16
  2012.5671            7.12            0.16
  2012.5698            7.87            0.16
  2012.5726            6.62            0.16
  2012.5753            9.89            0.16
  2012.5781            8.51            0.16
  2012.5808            7.72            0.15
  2012.5836            7.96            0.16
  2012.5863            8.20            0.17
  2012.5890            7.57            0.17
  2012.5918            7.56            0.16
  2012.5945            9.34            0.16
  2012.5973            8.61            0.25
  2012.6000            7.95            0.17
  2012.6028            8.92            0.17
  2012.6055            9.43            0.23
  2012.6083            9.38            0.19
  2012.6110            8.64            0.18
  2012.6136            9.43            0.20
  2012.6165           10.21            0.20
  2012.6191           10.65            0.20
  2012.6219           10.82            0.21
  2012.6246            8.45            0.20
  2012.6274            7.83            0.20
  2012.6301            9.84            0.22
  2012.6329            9.74            0.20
  2012.6356            8.62            0.20
  2012.6383           10.00            0.21
  2012.6411            9.93            0.20
  2012.6438           11.22            0.20
  2012.6466           10.48            0.17
  2012.6493           10.24            0.16
  2012.6521           10.11            0.17
  2012.6548            9.98            0.16
  2012.6576            9.93            0.16
  2012.6603           11.33            0.16
  2012.6630           11.60            0.23
  2012.6658            9.61            0.16
  2012.6685           11.09            0.17
  2012.6713            8.57            0.17
  2012.6740            9.99            0.17
  2012.6768            8.85            0.17
  2012.6794            9.94            0.17
  2012.6823           10.31            0.18
  2012.6849            9.10            0.18
  2012.6876            8.28            0.17
  2012.6904            8.74            0.17
  2012.6931           10.61            0.17
  2012.6959           10.31            0.17
  2012.6986           10.66            0.22
  2012.7014            9.23            0.19
  2012.7041           10.04            0.21
  2012.7069           10.76            0.16
  2012.7096            9.43            0.16
  2012.7123           11.82            0.17
  2012.7151           10.92            0.18
  2012.7178           10.55            0.19
  2012.7206           11.27            0.16
  2012.7233            9.66            0.17
  2012.7261            8.83            0.18
  2012.7288           10.54            0.16
  2012.7316           11.08            0.17
  2012.7343           11.30            0.20
  2012.7369           12.17            0.20
  2012.7397           12.14            0.18
  2012.7424           13.08            0.23
  2012.7452           14.82            0.23
  2012.7479           13.36            0.19
  2012.7507           12.75            0.26
  2012.7534           12.69            0.22
  2012.7561           11.76            0.19
  2012.7589           11.95            0.21
  2012.7616           12.31            0.19
  2012.7644           10.94            0.18
  2012.7671           12.69            0.24
  2012.7699           13.08            0.22
  2012.7726           13.74            0.21
  2012.7754           13.38            0.23
  2012.7781           14.03            0.19
  2012.7808           13.93            0.19
  2012.7836           13.37            0.19
  2012.7863           13.49            0.19
  2012.7891           11.30            0.19
  2012.7917           12.75            0.21
  2012.7946           12.18            0.23
  2012.7972           13.96            0.22
  2012.8000           13.43            0.20
  2012.8027           12.83            0.22
  2012.8054           12.86            0.23
  2012.8082           16.22            0.23
  2012.8109           15.67            0.21
  2012.8137           15.45            0.22
  2012.8164           15.94            0.20
  2012.8192           15.98            0.22
  2012.8219           16.23            0.23
  2012.8247           16.52            0.22
  2012.8274           15.74            0.21
  2012.8301           15.73            0.23
  2012.8329           15.48            0.21
  2012.8356           13.86            0.19
  2012.8384           15.28            0.20
  2012.8411           15.66            0.18
  2012.8439           17.13            0.22
  2012.8466           17.26            0.19
  2012.8494           17.00            0.21
  2012.8521           17.33            0.20
  2012.8547           18.66            0.20
  2012.8575           16.86            0.21
  2012.8602           17.97            0.22
  2012.8630           18.10            0.22
  2012.8657           16.22            0.21
  2012.8685           18.03            0.20
  2012.8712           16.47            0.19
  2012.8740           17.22            0.21
  2012.8767           17.68            0.20
  2012.8794           17.94            0.21
  2012.8822           18.40            0.19
  2012.8849           16.48            0.22
  2013.0027           25.15            0.18
  2013.0055           25.54            0.18
  2013.0082           24.75            0.19
  2013.0110           24.60            0.19
  2013.0137           24.33            0.21
  2013.0165           26.99            0.21
  2013.0192           25.25            0.21
  2013.0220           26.49            0.19
  2013.0247           28.11            0.21
  2013.0273           26.89            0.19
  2013.0302           29.22            0.20
  2013.0328           26.99            0.19
  2013.0356           29.16            0.19
  2013.0383           26.80            0.19
  2013.0411           28.87            0.20
  2013.0438           28.34            0.22
  2013.0466           27.49            0.23
  2013.0493           26.80            0.20
  2013.0520           25.26            0.19
  2013.0548           29.20            0.18
  2013.0575           28.74            0.22
  2013.0603           27.75            0.21
  2013.0630           29.02            0.21
  2013.0658           28.49            0.21
  2013.0685           29.11            0.20
  2013.0713           29.80            0.18
  2013.0740           27.61            0.19
  2013.0767           27.39            0.19
  2013.0795           29.23            0.19
  2013.0822           28.57            0.19
  2013.0850           28.56            0.20
  2013.0876           27.00            0.20
  2013.0905           27.87            0.20
  2013.0931           28.50            0.19
  2013.0959           28.07            0.19
  2013.0986           28.34            0.20
  2013.1013           28.85            0.22
  2013.1041           27.98            0.19
  2013.1068           28.89            0.20
  2013.1096           28.31            0.19
  2013.1123           30.75            0.21
  2013.1151           28.45            0.21
  2013.1178           29.41            0.20
  2013.1206           28.67            0.20
  2013.1233           28.07            0.21
  2013.1260           30.75            0.20
  2013.1288           24.70            0.21
  2013.1315           29.77            0.20
  2013.1343           28.94            0.18
  2013.1370           28.75            0.18
  2013.1398           29.64            0.20
  2013.1425           29.97            0.21
  2013.1453           30.64            0.19
  2013.1479           26.66            0.19
  2013.1506           27.61            0.18
  2013.1534           28.92            0.18
  2013.1561           29.12            0.18
  2013.1589           29.23            0.18
  2013.1616           29.58            0.19
  2013.1644           30.62            0.19
  2013.1671           29.16            0.18
  2013.1699           28.19            0.18
  2013.1726           28.14            0.18
  2013.1753           27.83            0.20
  2013.1781           29.71            0.21
  2013.1808           28.35            0.20
  2013.1863           30.47            0.21
  2013.1918           27.56            0.21
  2013.2000           27.59            0.18
  2013.2028           26.58            0.18
  2013.2054           26.94            0.19
  2013.2083           29.19            0.19
  2013.2109           28.54            0.18
  2013.2164           26.24            0.20
  2013.2192           27.43            0.18
  2013.2219           28.64            0.18
  2013.2246           28.41            0.19
  2013.2274           30.07            0.20
  2013.2301           27.87            0.19
  2013.2329           28.12            0.19
  2013.2356           28.82            0.18
  2013.2384           28.03            0.18
  2013.2411           28.64            0.19
  2013.2439           28.59            0.18
  2013.2466           29.04            0.19
  2013.2493           28.07            0.20
  2013.2548           28.13            0.19
  2013.2576           28.79            0.18
  2013.2603           31.27            0.19
  2013.2631           28.75            0.19
  2013.2657           28.12            0.36
  2013.2684           27.48            0.19
  2013.2712           27.25            0.20
  2013.2794           27.97            0.19
  2013.2822           27.98            0.17
  2013.2849           29.40            0.17
  2013.2877           29.03            0.18
  2013.2904           29.28            0.17
  2013.2931           29.36            0.17
  2013.2959           28.87            0.18
  2013.2986           28.65            0.18
  2013.3014           29.52            0.18
  2013.3041           27.29            0.18
  2013.3069           26.74            0.17
  2013.3096           28.36            0.18
  2013.3124           28.13            0.18
  2013.3151           28.52            0.18
  2013.3177           27.57            0.18
  2013.3206           28.12            0.18
  2013.3232           28.06            0.19
  2013.3260           27.32            0.18
  2013.3287           29.29            0.17
  2013.3315           28.60            0.18
  2013.3342           28.30            0.19
  2013.3370           27.76            0.20
  2013.3397           28.00            0.18
  2013.3424           27.82            0.17
  2013.3452           25.94            0.19
  2013.3479           30.10            0.17
  2013.3562           25.41            0.21
  2013.3589           29.45            0.18
  2013.3617           29.78            0.34
  2013.3644           30.25            0.18
  2013.3671           30.26            0.18
  2013.3699           30.97            0.17
  2013.3726           30.56            0.17
  2013.3754           29.96            0.17
  2013.3781           29.97            0.18
  2013.3809           30.21            0.28
  2013.3835           31.89            0.17
  2013.3864           30.90            0.16
  2013.3890           31.15            0.16
  2013.3917           31.56            0.17
  2013.3945           31.29            0.17
  2013.4000           31.20            0.17
  2013.4027           32.00            0.19
  2013.4055           32.46            0.20
  2013.4082           32.53            0.18
  2013.4110           31.93            0.18
  2013.4137           31.62            0.19
  2013.4164           31.19            0.18
  2013.4192           31.40            0.18
  2013.4219           32.32            0.17
  2013.4247           35.10            0.19
  2013.4274           32.63            0.18
  2013.4302           32.84            0.17
  2013.4329           31.45            0.19
  2013.4357           33.11            0.17
  2013.4384           33.14            0.18
  2013.4410           33.16            0.17
  2013.4438           33.77            0.18
  2013.4465           34.73            0.17
  2013.4493           33.62            0.18
  2013.4520           34.20            0.18
  2013.4548           31.96            0.19
  2013.4575           33.34            0.18
  2013.4603           32.99            0.18
  2013.4630           33.98            0.18
  2013.4657           33.92            0.18
  2013.4685           34.04            0.18
  2013.4712           34.53            0.19
  2013.4740           33.95            0.18
  2013.4767           34.86            0.18
  2013.4795           34.49            0.18
  2013.4822           33.87            0.18
  2013.4850           35.17            0.18
  2013.4877           35.86            0.21
  2013.4904           34.16            0.19
  2013.4932           34.61            0.19
  2013.4958           34.00            0.18
  2013.4987           34.64            0.18
  2013.5013           38.97            0.18
  2013.5042           35.29            0.19
  2013.5068           33.77            0.19
  2013.5096           33.60            0.18
  2013.5123           33.82            0.17
  2013.5150           33.53            0.17
  2013.5178           33.12            0.18
  2013.5205           33.31            0.19
  2013.5233           34.04            0.18
  2013.5260           33.11            0.17
  2013.5288           33.40            0.18
  2013.5315           32.44            0.19
  2013.5343           33.66            0.18
  2013.5370           35.06            0.18
  2013.5397           35.31            0.17
  2013.5425           33.52            0.18
  2013.5452           34.71            0.18
  2013.5480           34.68            0.18
  2013.5507           33.27            0.17
  2013.5535           36.08            0.18
  2013.5562           35.61            0.17
  2013.5590           34.92            0.17
  2013.5616           35.95            0.17
  2013.5643           35.05            0.18
  2013.5671           35.11            0.19
  2013.5698           34.84            0.17
  2013.5726           34.91            0.17
  2013.5753           34.62            0.17
  2013.5781           35.43            0.17
  2013.5808           34.45            0.17
  2013.5836           35.36            0.17
  2013.5863           35.45            0.17
  2013.5890           34.66            0.18
  2013.5918           34.89            0.19
  2013.5945           34.34            0.18
  2013.5973           33.95            0.19
  2013.6000           33.51            0.19
  2013.6028           35.18            0.18
  2013.6055           35.78            0.17
  2013.6083           37.00            0.18
  2013.6110           31.60            0.18
  2013.6136           32.74            0.25
  2013.6165           33.89            0.18
  2013.6191           34.43            0.18
  2013.6219           33.19            0.18
  2013.6246           34.37            0.18
  2013.6274           34.07            0.17
  2013.6301           33.80            0.18
  2013.6329           32.15            0.18
  2013.6356           33.61            0.18
  2013.6383           34.71            0.18
  2013.6411           33.17            0.17
  2013.6438           33.53            0.18
  2013.6466           33.15            0.18
  2013.6493           35.15            0.18
  2013.6521           35.57            0.17
  2013.6548           37.57            0.18
  2013.6576           35.35            0.17
  2013.6603           33.64            0.18
  2013.6630           34.37            0.18
  2013.6658           34.79            0.19
  2013.6685           36.09            0.19
  2013.6713           34.09            0.19
  2013.6740           35.22            0.19
  2013.6768           35.82            0.21
  2013.6794           35.82            0.21
  2013.6823           35.43            0.21
  2013.6849           33.57            0.21
  2013.6876           34.94            0.21
  2013.6904           34.86            0.21
  2013.6931           34.79            0.20
  2013.6959           35.50            0.19
  2013.6986           36.03            0.21
  2013.7014           36.48            0.19
  2013.7041           36.55            0.19
