  2010.1918            0.00            1.59
  2010.1946            2.06            1.62
  2010.1973           -5.68            1.69
  2010.2000           -3.88            1.56
  2010.2028            5.91            1.49
  2010.2054           -0.96            1.57
  2010.2083           -4.92            1.80
  2010.2109           -5.24            1.63
  2010.2137           -3.40            1.56
  2010.2164          -10.30            1.74
  2010.2192           -5.14            1.77
  2010.2219           -0.01            1.59
  2010.2246           -0.15            1.55
  2010.2274            0.49            1.42
  2010.2301           -3.62            1.42
  2010.2329           -4.38            1.54
  2010.2356           -3.35            1.50
  2010.2384           -5.43            1.53
  2010.2411           -0.54            1.50
  2010.2439            2.78            1.50
  2010.2466           -2.23            1.62
  2010.2493           -5.56            1.60
  2010.2521           -1.94            1.55
  2010.2548           -3.53            1.50
  2010.2576           -3.86            1.06
  2010.2603           -1.05            1.80
  2010.2631           -4.92            1.47
  2010.2657           -3.97            1.55
  2010.2684           -5.81            1.41
  2010.2712           -4.14            1.40
  2010.2739           -3.08            1.46
  2010.2767           -0.33            1.40
  2010.2794           -4.91            1.43
  2010.2822           -0.60            1.43
  2010.2849           -3.81            1.41
  2010.2877           -3.78            1.42
  2010.2904          -11.17            1.52
  2010.2931           -9.61            1.48
  2010.2959           -9.03            1.46
  2010.3014          -10.25            1.46
  2010.3069          -11.02            1.45
  2010.3096          -11.21            1.48
  2010.3124          -12.22            1.44
  2010.3151           -9.95            1.46
  2010.3177           -8.02            1.47
  2010.3206           -8.67            1.45
  2010.3232           -9.24            1.47
  2010.3260           -5.23            1.45
  2010.3287           -8.69            1.54
  2010.3315          -11.73            1.51
  2010.3424          -13.40            1.50
  2010.3452           -8.55            1.45
  2010.3479           -5.70            1.34
  2010.3507           -7.35            1.40
  2010.3534           -8.25            1.36
  2010.3562          -10.93            1.40
  2010.3589          -10.04            1.39
  2010.3617          -11.79            2.19
  2010.3726          -13.58            1.42
  2010.3754          -10.99            1.42
  2010.3781          -14.34            1.39
  2010.3809          -14.65            1.38
  2010.3835          -11.56            1.45
  2010.3864           -9.89            1.35
  2010.3890          -15.27            1.55
  2010.3917          -16.79            1.41
  2010.3945          -13.96            1.50
  2010.3972          -19.53            1.42
  2010.4000          -18.81            1.40
  2010.4027          -16.13            1.40
  2010.4055          -16.75            1.46
  2010.4082          -17.73            1.44
  2010.4110          -13.14            3.14
  2010.4137          -10.21            1.36
  2010.4164          -12.53            1.36
  2010.4192          -11.59            1.38
  2010.4219          -14.58            1.36
  2010.4247          -14.97            1.38
  2010.4274          -14.23            1.33
  2010.4302          -10.64            1.32
  2010.4329          -11.04            1.32
  2010.4357           -7.78            1.26
  2010.4384          -10.20            1.34
  2010.4410          -10.38            1.34
  2010.4438          -12.56            1.40
  2010.4465          -10.45            1.38
  2010.4493          -14.94            1.38
  2010.4520          -14.85            1.56
  2010.4548          -13.13            1.35
  2010.4575          -11.32            1.38
  2010.4603          -14.13            1.61
  2010.4630          -17.46            1.57
  2010.4657          -19.07            1.52
  2010.4685          -11.85            1.32
  2010.4712          -12.60            1.38
  2010.4740          -19.83            1.39
  2010.4795          -12.99            1.46
  2010.4850          -11.54            1.37
  2010.4877          -15.97            1.38
  2010.4904          -11.42            1.39
  2010.4932          -15.83            1.38
  2010.4958          -12.84            1.36
  2010.4987          -16.06            1.39
  2010.5013          -17.00            1.35
  2010.5042          -14.25            1.39
  2010.5068          -13.18            1.45
  2010.5096          -17.54            1.38
  2010.5123          -16.09            1.48
  2010.5150          -22.11            1.42
  2010.5178          -18.65            1.39
  2010.5205          -16.26            1.32
  2010.5233          -13.59            1.37
  2010.5260          -21.07            1.44
  2010.5288          -20.88            1.36
  2010.5315          -18.33            1.27
  2010.5343          -21.98            1.29
  2010.5370          -18.89            1.37
  2010.5397          -16.84            1.32
  2010.5425          -17.14            1.33
  2010.5452          -15.16            1.29
  2010.5480          -17.37            1.33
  2010.5507          -22.67            1.37
  2010.5535          -22.38            1.60
  2010.5562          -23.24            1.46
  2010.5590          -18.04            1.46
  2010.5616          -25.94            1.50
  2010.5643          -22.65            1.44
  2010.5671          -15.49            1.39
  2010.5698          -16.87            1.45
  2010.5726          -22.74            1.46
  2010.5753          -17.55            1.44
  2010.5781          -15.75            1.51
  2010.5808          -23.32            1.43
  2010.5836          -17.96            1.37
  2010.5863          -19.20            1.36
  2010.5890          -16.97            1.38
  2010.5918          -20.97            1.32
  2010.5945          -21.12            2.87
  2010.5973          -22.11            1.36
  2010.6000          -21.21            1.32
  2010.6028          -17.61            1.30
  2010.6055          -15.06            1.30
  2010.6083          -13.73            1.31
  2010.6110          -15.72            1.36
  2010.6136          -21.32            1.28
  2010.6165          -16.30            1.28
  2010.6191          -15.38            1.28
  2010.6219          -11.69            1.30
  2010.6246          -13.37            1.41
  2010.6274          -11.77            1.51
  2010.6301          -15.34            1.35
  2010.6329          -14.45            1.31
  2010.6356          -12.90            1.35
  2010.6383           -9.85            1.46
  2010.6411          -12.96            1.38
  2010.6438          -10.71            1.35
  2010.6466          -11.59            1.30
  2010.6493          -15.67            1.31
  2010.6521          -15.03            1.38
  2010.6548          -22.73            1.41
  2010.6576          -12.70            1.42
  2010.6603          -10.62            1.28
  2010.6630          -13.33            1.40
  2010.6658          -17.65            1.33
  2010.6685          -14.12            1.34
  2010.6713          -14.75            1.37
  2010.6740          -19.39            1.46
  2010.6768          -12.09            1.39
  2010.6794           -8.53            1.28
  2010.6823          -13.02            1.28
  2010.6849          -11.24            1.30
  2010.6876          -11.27            1.31
  2010.6904          -14.83            1.32
  2010.6931          -10.01            1.31
  2010.6959           -7.32            1.39
  2010.6986          -14.68            1.35
  2010.7014          -17.49            1.31
  2010.7041          -12.49            1.38
  2010.7069          -11.14            1.51
  2010.7096           -9.85            1.32
  2010.7123           -8.59            1.31
  2010.7151          -12.72            1.37
  2010.7178           -8.46            1.33
  2010.7206          -12.99            1.30
  2010.7233          -13.17            1.31
  2010.7261          -14.06            1.29
  2010.7288          -11.67            1.27
  2010.7316          -12.66            1.29
  2010.7343          -14.21            1.30
  2010.7369          -11.23            1.43
  2010.7397          -15.54            1.41
  2010.7424          -17.25            1.36
  2010.7452          -10.08            1.32
  2010.7479          -11.44            1.53
  2010.7507          -11.46            1.39
  2010.7534          -12.17            1.32
  2010.7561           -9.77            1.42
  2010.7589          -13.99            1.34
  2010.7616          -13.43            1.34
  2010.7644          -16.21            1.35
  2010.7671           -9.83            1.33
  2010.7699           -9.69            1.34
  2010.7726           -6.75            1.28
  2010.7754           -8.60            1.29
  2010.7781          -11.17            1.33
  2010.7808          -14.57            1.42
  2010.7836          -14.54            1.41
  2010.7863           -8.51            1.50
  2010.7891          -16.85            1.35
  2010.7917          -13.13            1.29
  2010.7946          -12.90            1.33
  2010.7972          -16.45            1.35
  2010.8000           -9.43            1.34
  2010.8027          -14.97            1.38
  2010.8054          -12.30            1.35
  2010.8082          -13.60            1.39
  2010.8109          -13.69            1.34
  2010.8137          -12.21            1.32
  2010.8164          -10.23            1.32
  2010.8192          -12.03            1.41
  2010.8219          -19.02            1.41
  2010.8247          -18.75            1.42
  2010.8274          -18.35            1.47
  2010.8301          -17.55            1.32
  2010.8329           -8.81            1.40
  2010.8356           -9.93            1.39
  2010.8384           -9.83            1.42
  2010.8411          -13.87            1.34
  2010.8439           -9.59            1.32
  2010.8466          -10.94            1.34
  2010.8494          -12.17            1.43
  2010.8521           -8.24            1.50
  2010.8547          -15.04            1.36
  2010.8575          -11.19            1.35
  2010.8602           -8.83            1.35
  2010.8630           -9.45            1.33
  2010.8657          -12.13            1.35
  2010.8685           -7.72            1.45
  2010.8712           -8.84            1.37
  2010.8740          -11.41            1.39
  2010.8767           -9.10            1.37
  2010.8794          -10.22            1.38
  2010.8822           -7.32            1.41
  2010.8849           -7.78            1.46
  2010.8877           -6.97            1.49
  2010.8904          -15.94            1.95
  2010.8932           -5.76            1.44
  2010.8959           -0.47            1.43
  2010.8987          -11.29            1.47
  2010.9014           -7.09            1.38
  2010.9041           -8.06            1.49
  2010.9069           -6.97            1.36
  2010.9095           -3.03            1.39
  2010.9124           -5.82            1.41
  2010.9150           -9.18            1.39
  2010.9178           -3.65            1.35
  2010.9205          -10.29            1.34
  2010.9233           -7.53            1.35
  2010.9260           -4.62            1.34
  2010.9287           -3.19            1.29
  2010.9315           -0.87            1.36
  2010.9342           -8.93            1.42
  2010.9370            1.43            1.37
  2010.9397           -5.34            1.33
  2010.9425           -9.29            1.33
  2010.9452           -3.60            1.39
  2010.9480           -9.37            1.38
  2010.9507           -6.99            1.33
  2010.9562           -7.86            1.34
  2010.9589           -7.77            1.39
  2010.9644           -5.78            1.30
  2011.0027          -10.62            1.41
  2011.0055           -9.85            1.44
  2011.0082          -11.89            1.52
  2011.0110           -5.01            1.46
  2011.0137           -7.09            1.38
  2011.0165           -2.32            1.38
  2011.0192          -16.03            1.37
  2011.0220           -8.61            1.39
  2011.0247           -4.75            1.39
  2011.0273            4.14            1.40
  2011.0302            0.62            1.40
  2011.0328           -3.69            1.40
  2011.0356           -4.95            1.50
  2011.0383           -3.25            1.42
  2011.0411          -12.05            1.47
  2011.0438           -4.38            1.56
  2011.0466           -7.05            1.39
  2011.0493           -8.84            1.59
  2011.0520           -7.55            1.51
  2011.0548           -1.94            1.51
  2011.0575           -5.76            1.43
  2011.0603           -5.38            1.49
  2011.0630          -12.65            1.44
  2011.0658          -11.84            1.48
  2011.0685          -14.20            1.47
  2011.0713          -11.04            1.52
  2011.0740          -13.32            1.54
  2011.0767          -10.20            1.47
  2011.0795           -6.20            1.45
  2011.0822           -6.13            1.50
  2011.0850           -7.67            1.46
  2011.0876           -4.36            1.39
  2011.0905           -5.33            1.40
  2011.0931           -8.15            1.45
  2011.0959           -5.11            1.42
  2011.0986           -2.48            1.37
  2011.1013           -6.73            1.42
  2011.1041           -4.29            1.40
  2011.1068           -2.64            1.56
  2011.1096           -2.67            1.49
  2011.1123           -0.63            1.58
  2011.1151          -12.63            1.48
  2011.1178           -6.49            1.60
  2011.1206          -17.11            1.74
  2011.1233           -7.07            1.47
  2011.1260           -9.55            1.44
  2011.1315          -10.98            1.63
  2011.1343           -6.20            1.51
  2011.1370          -15.55            1.52
  2011.1398           -9.84            1.49
  2011.1425          -10.21            1.51
  2011.1453           -7.94            1.46
  2011.1479           -6.97            1.62
  2011.1506          -11.38            1.51
  2011.1561           -9.28            1.40
  2011.1589           -7.88            1.42
  2011.1616           -1.07            1.42
  2011.1644           -6.63            1.45
  2011.1671           -7.64            1.45
  2011.1699          -16.45            1.48
  2011.1726           -9.33            1.54
  2011.1753          -10.65            1.49
  2011.1781           -4.62            1.86
  2011.1808           -2.84            1.44
  2011.1836           -1.21            1.48
  2011.1863            0.35            1.52
  2011.1891            2.97            1.75
  2011.1918           -8.35            1.70
  2011.1946           -7.06            1.69
  2011.1973           -6.07            1.43
  2011.2000          -15.18            1.61
  2011.2028          -11.48            1.75
  2011.2054          -11.84            1.63
  2011.2083          -11.77            1.57
  2011.2109           -6.96            1.43
  2011.2137           -9.24            1.43
  2011.2164           -8.03            1.39
  2011.2192           -9.01            1.55
  2011.2219          -14.87            1.54
  2011.2246           -8.22            1.44
  2011.2274          -10.57            1.48
  2011.2301          -14.86            1.56
  2011.2329          -11.29            1.44
  2011.2356           -7.50            1.44
  2011.2384           -7.00            1.41
  2011.2411           -5.38            1.48
  2011.2439           -5.04            1.52
  2011.2466           -7.39            1.66
  2011.2493          -17.13            1.64
  2011.2521           -5.70            1.57
  2011.2548          -14.64            1.45
  2011.2576          -17.11            1.41
  2011.2603          -17.88            1.76
  2011.2631          -11.20            1.44
  2011.2657          -12.97            1.43
  2011.2684           -7.67            1.40
  2011.2712          -10.06            1.43
  2011.2739          -14.33            1.49
  2011.2767           -9.00            1.56
  2011.2794           -9.75            1.56
  2011.2822          -12.26            1.58
  2011.2849          -11.88            1.48
  2011.2877          -14.05            1.39
  2011.2904          -11.69            1.38
  2011.2931          -26.19            3.13
  2011.2959          -25.74            1.37
  2011.2986          -24.90            1.39
  2011.3014          -25.15            1.40
  2011.3041          -30.86            1.52
  2011.3069          -30.83            1.57
  2011.3096          -24.84            1.37
  2011.3124          -27.01            1.38
  2011.3151          -23.23            1.35
  2011.3177          -23.17            1.33
  2011.3206          -24.00            1.38
  2011.3232          -33.72            1.66
  2011.3260          -27.67            1.37
  2011.3287          -26.53            1.38
  2011.3315          -27.61            1.37
  2011.3342          -27.38            1.33
  2011.3370          -26.33            1.38
  2011.3397          -23.20            1.41
  2011.3424          -23.11            1.38
  2011.3452          -24.80            1.37
  2011.3479          -28.74            1.45
  2011.3507          -25.63            1.36
  2011.3534          -26.06            1.42
  2011.3562          -32.21            1.52
  2011.3589          -27.92            1.41
  2011.3617          -24.36            1.38
  2011.3644          -29.00            1.33
  2011.3671          -24.33            1.35
  2011.3699          -25.52            1.38
  2011.3726          -30.57            1.44
  2011.3754          -29.70            1.37
  2011.3781          -28.52            1.43
  2011.3809          -24.20            1.48
  2011.3835          -28.05            1.50
  2011.3864          -25.70            1.42
  2011.3890          -32.70            1.40
  2011.3917          -26.54            1.42
  2011.3945          -26.84            1.43
  2011.3972          -29.06            1.37
  2011.4000          -24.11            1.34
  2011.4027          -26.22            1.39
  2011.4055          -28.48            1.38
  2011.4082          -24.37            1.33
  2011.4110          -26.06            1.30
  2011.4137          -25.02            1.35
  2011.4164          -25.92            1.31
  2011.4192          -29.20            1.45
  2011.4219          -25.80            1.31
  2011.4247          -23.04            1.37
  2011.4274          -18.89            1.44
  2011.4302          -20.28            1.48
  2011.4329          -23.16            1.55
  2011.4357          -24.32            1.63
  2011.4384          -21.89            1.37
  2011.4410          -18.63            1.49
  2011.4438          -21.45            1.45
  2011.4465          -24.47            1.45
  2011.4493          -18.49            1.36
  2011.4520          -21.99            1.38
  2011.4548          -13.61            1.65
  2011.4575          -22.46            1.47
  2011.4603          -27.57            1.49
  2011.4630          -26.85            1.57
  2011.4657          -25.07            1.63
  2011.4685          -33.14            1.52
  2011.4712          -30.06            1.43
  2011.4740          -29.32            1.42
  2011.4767          -24.46            1.47
  2011.4795          -28.93            1.41
  2011.4822          -24.35            1.42
  2011.4850          -27.12            1.40
  2011.4904          -28.80            1.41
  2011.4932          -34.41            1.47
  2011.4958          -31.16            1.42
  2011.4987          -32.55            1.40
  2011.5013          -33.26            1.38
  2011.5042          -26.88            1.41
  2011.5068          -28.48            1.57
  2011.5096          -26.00            1.62
  2011.5123          -22.65            1.53
  2011.5150          -27.36            1.49
  2011.5178          -25.34            1.52
  2011.5205          -21.83            1.48
  2011.5233          -27.52            1.43
  2011.5260          -25.56            1.56
  2011.5315          -26.43            1.47
  2011.5343          -19.60            1.59
  2011.5370          -33.44            1.61
  2011.5397          -27.30            1.62
  2011.5425          -36.18            1.59
  2011.5452          -31.70            1.48
  2011.5480          -33.06            1.46
  2011.5507          -30.44            1.52
  2011.5535          -32.85            1.59
  2011.5562          -27.55            1.94
  2011.5590          -32.34            1.55
  2011.5616          -30.71            1.46
  2011.5643          -39.79            1.54
  2011.5671          -24.51            1.57
  2011.5698          -34.35            1.51
  2011.5726          -32.48            1.52
  2011.5753          -34.09            1.45
  2011.5781          -33.70            1.46
  2011.5808          -25.87            1.42
  2011.5836          -30.87            1.56
  2011.5863          -33.84            1.54
  2011.5890          -30.83            1.47
  2011.5918          -23.81            1.61
  2011.5945          -26.72            1.62
  2011.5973          -23.98            1.66
  2011.6000          -25.07            1.66
  2011.6028          -29.56            1.67
  2011.6055          -29.47            1.65
  2011.6083          -26.17            1.48
  2011.6110          -26.31            1.65
  2011.6136          -32.90            1.63
  2011.6165          -23.85            1.57
  2011.6219          -27.66            1.48
  2011.6246          -28.05            1.70
  2011.6274          -31.77            1.57
  2011.6301          -31.90            1.59
  2011.6329          -30.40            1.51
  2011.6356          -34.43            1.58
  2011.6383          -27.37            1.48
  2011.6411          -29.48            1.45
  2011.6438          -36.04            1.46
  2011.6466          -30.95            1.51
  2011.6493          -30.51            1.49
  2011.6521          -23.47            1.57
  2011.6548          -33.94            1.60
  2011.6576          -22.65            1.59
  2011.6603          -31.20            1.66
  2011.6630          -27.30            1.66
  2011.6658          -21.89            1.41
  2011.6685          -20.02            1.54
  2011.6713          -24.46            1.55
  2011.6740          -29.69            1.54
  2011.6768          -30.56            1.56
  2011.6794          -29.64            1.52
  2011.6823          -26.88            1.51
  2011.6849          -28.26            1.50
  2011.6876          -24.91            1.57
  2011.6931          -24.65            1.50
  2011.6959          -27.47            1.53
  2011.6986          -23.22            1.50
  2011.7014          -23.63            1.50
  2011.7041          -23.50            1.61
  2011.7069          -22.99            1.50
  2011.7096          -33.67            1.60
  2011.7123          -26.30            1.47
  2011.7151          -24.13            1.42
  2011.7178          -26.24            1.43
  2011.7206          -25.05            1.48
  2011.7233          -25.35            1.48
  2011.7261          -25.05            1.50
  2011.7288          -24.90            1.55
  2011.7316          -28.44            1.78
  2011.7343          -24.85            1.67
  2011.7369          -22.76            1.55
  2011.7397          -24.30            1.75
  2011.7424          -31.20            1.58
  2011.7452          -26.32            1.52
  2011.7479          -30.68            1.64
  2011.7507          -30.89            1.71
  2011.7534          -30.42            1.45
  2011.7561          -30.08            1.54
  2011.7589          -27.99            1.69
  2011.7616          -29.70            1.80
  2011.7644          -30.46            1.71
  2011.7671          -33.37            1.61
  2011.7699          -35.32            1.64
  2011.7726          -31.39            1.53
  2011.7754          -31.75            1.63
  2011.7781          -29.86            1.84
  2011.7808          -26.19            1.70
  2011.7836          -34.32            1.66
  2011.7863          -27.71            1.80
  2011.7891          -29.65            1.72
  2011.7917          -30.76            1.75
  2011.7946          -32.31            1.58
  2011.7972          -32.50            1.59
  2011.8000          -21.78            1.68
  2011.8027          -21.64            1.71
  2011.8054          -26.07            1.68
  2011.8109          -25.51            1.61
  2011.8137          -31.91            1.81
  2011.8164          -26.85            1.98
  2011.8192          -23.40            1.63
  2011.8219          -21.33            1.63
  2011.8247          -23.80            1.65
  2011.8274          -24.28            1.62
  2011.8301          -16.80            1.87
  2011.8329          -19.57            1.64
  2011.8356          -18.40            1.67
  2011.8384           -2.24            1.70
  2011.8411          -22.05            1.66
  2011.8439          -23.67            1.71
  2011.8466          -15.20            1.74
  2011.8494          -14.53            1.70
  2011.8521          -14.56            1.70
  2011.8547          -16.68            1.91
  2011.8575          -24.28            1.89
  2011.8602          -16.02            1.82
  2011.8630          -17.07            1.73
  2011.8657          -19.64            1.78
  2011.8685          -20.65            1.80
  2011.8712          -21.85            1.81
  2011.8740          -17.62            1.84
  2011.8767          -21.27            1.87
  2011.8794          -24.13            1.76
  2011.8822          -23.14            1.81
  2011.8849          -22.52            1.78
  2011.8877          -21.20            1.75
  2011.8904          -27.04            1.83
  2011.8932          -19.95            1.71
  2011.8959          -30.64            1.77
  2011.8987          -29.26            1.68
  2011.9014          -23.01            1.65
  2011.9041          -23.15            1.59
  2011.9069          -20.57            1.68
  2011.9095          -24.58            1.72
  2011.9124          -18.00            1.74
  2011.9150          -19.07            1.74
  2011.9178          -19.77            1.82
  2011.9205          -18.96            1.70
  2011.9233          -17.07            1.66
  2011.9260          -16.08            1.71
  2011.9287          -10.20            1.83
  2011.9315          -10.62            1.80
  2011.9342          -14.88            1.79
  2011.9370          -16.95            1.80
  2011.9397          -10.28            1.71
  2011.9425          -17.51            1.72
  2011.9452          -17.33            1.68
  2011.9480          -15.62            1.74
  2011.9507          -15.25            1.61
  2011.9534          -14.89            1.71
  2011.9562          -19.69            1.74
  2011.9589          -14.51            1.71
  2011.9617          -14.03            1.65
  2011.9644          -12.55            1.68
  2011.9672          -18.99            1.70
  2011.9698          -16.60            1.71
  2011.9727          -18.02            1.68
  2011.9753          -10.68            1.67
  2011.9780          -11.83            1.60
  2011.9808          -15.29            1.60
  2011.9835          -19.05            1.54
  2011.9890          -25.51            1.58
  2011.9918          -19.05            1.70
  2011.9945          -22.57            1.61
  2011.9973          -14.69            1.62
  2012.0000          -19.25            1.61
  2012.0027          -19.70            1.58
  2012.0055          -17.38            1.54
  2012.0082          -13.68            1.48
  2012.0110          -10.15            1.53
  2012.0137          -15.07            1.68
  2012.0165          -23.62            1.50
  2012.0192          -19.20            1.60
  2012.0220          -19.87            1.63
  2012.0247          -24.67            2.05
  2012.0273          -25.75            2.22
  2012.0302          -12.18            1.78
  2012.0328          -14.93            1.54
  2012.0356          -19.64            1.56
  2012.0383          -13.37            1.57
  2012.0411          -25.14            1.78
  2012.0438          -21.06            1.57
  2012.0466          -18.52            1.71
  2012.0493          -29.63            2.01
  2012.0520          -12.99            2.04
  2012.0548          -16.38            1.76
  2012.0603          -14.82            1.71
  2012.0630          -21.17            1.64
  2012.0658          -13.05            1.62
  2012.0685          -20.73            2.28
  2012.0713          -16.51            2.20
  2012.0740          -17.40            1.97
  2012.0767          -19.38            2.15
  2012.0795          -18.99            1.81
  2012.0822          -10.84            1.82
  2012.0850          -16.27            1.65
  2012.0876          -12.52            1.62
  2012.0905          -18.70            1.72
  2012.0931          -10.67            1.58
  2012.0959          -10.49            1.72
  2012.0986          -14.06            1.61
  2012.1013          -11.02            1.67
  2012.1041          -11.76            1.97
  2012.1068          -13.94            1.77
  2012.1096          -12.33            1.50
  2012.1123          -13.77            1.51
  2012.1151           -6.69            1.55
  2012.1178          -11.97            1.74
  2012.1206           -7.01            1.83
  2012.1233          -11.47            1.69
  2012.3014          -18.56            3.59
  2012.3041           -9.68            1.41
  2012.3069          -17.85            1.52
  2012.3124          -11.44            1.37
  2012.3151          -13.07            1.53
  2012.3177          -14.18            1.44
  2012.3206          -15.86            1.38
  2012.3232          -12.98            1.36
  2012.3260          -13.95            1.37
  2012.3287          -15.20            1.32
  2012.3315          -15.54            1.39
  2012.3342          -18.92            1.36
  2012.3370          -14.88            1.39
  2012.3397          -12.80            1.35
  2012.3424          -11.07            1.33
  2012.3452          -12.69            1.32
  2012.3479          -22.39            1.53
  2012.3507          -16.21            1.38
  2012.3534          -13.56            1.35
  2012.3562          -15.18            1.37
  2012.3589          -10.88            1.43
  2012.3617          -14.42            1.55
  2012.3644          -14.73            1.38
  2012.3671          -13.47            1.37
  2012.3699          -17.34            1.41
  2012.3726          -17.39            1.44
  2012.3754           -3.74            6.95
  2012.7288          -42.90            4.43
  2012.7316          -19.13            1.45
  2012.7343          -23.16            1.54
  2012.7369          -16.89            1.59
  2012.7397          -17.36            1.49
  2012.7424          -25.13            1.64
  2012.7452          -24.82            1.70
  2012.7479          -20.99            1.57
  2012.7507          -22.22            1.61
  2012.7534          -16.65            1.73
  2012.7561          -23.08            1.57
  2012.7589          -17.19            1.56
  2012.7616          -14.50            1.60
  2012.7644          -19.98            4.00
  2012.7726          -19.01            2.85
  2012.7754          -22.72            1.86
  2012.7781          -22.44            1.56
  2012.7808          -29.14            1.58
  2012.7836          -22.11            1.58
  2012.7863          -21.89            1.54
  2012.7891          -19.71            1.68
  2012.7917          -22.10            1.72
  2012.7946          -24.96            1.78
  2012.7972          -19.10            1.67
  2012.8000          -14.53            1.46
  2012.8027          -16.29            1.62
  2012.8054          -14.97            1.69
  2012.8082          -12.52            1.78
  2012.8109          -14.23            1.64
  2012.8137          -19.80            1.80
  2012.8164          -12.68            1.54
  2012.8192          -12.78            1.58
  2012.8219          -17.02            1.90
  2012.8247          -10.23            1.72
  2012.8274          -10.16            1.65
  2012.8301          -10.28            1.88
  2012.8329          -13.05            1.65
  2012.8356          -13.37            1.56
  2012.8384          -11.35            1.52
  2012.8411          -12.84            1.50
  2012.8439          -11.50            1.75
  2012.8466          -12.74            1.56
  2012.8494           -7.15            1.62
  2012.8521           -7.42            1.60
  2012.8547           -9.03            1.60
  2012.8575          -10.60            1.65
  2012.8602          -10.70            1.71
  2012.8630          -13.08            1.71
  2012.8657          -12.72            1.59
  2012.8685          -10.48            1.58
  2012.8712          -14.04            1.59
  2012.8740          -15.42            1.56
  2012.8767          -12.46            1.74
  2012.8794          -13.53            1.60
  2012.8822           -8.56            1.59
  2012.8849          -11.37            1.55
  2012.8877           -8.82            1.51
  2012.8904          -11.31            1.58
  2012.8932            2.16            1.93
  2012.8959          -20.83            1.76
  2012.8987          -14.60            1.68
  2012.9014          -15.88            1.61
  2012.9041           -7.66            6.27
  2012.9069          -10.68            1.67
  2012.9095          -10.88            1.58
  2012.9124          -12.97            1.94
  2013.0027           36.20            1.84
  2013.0055           31.50            1.77
  2013.0082           32.49            1.89
  2013.0110           37.93            1.90
  2013.0137           35.66            2.03
  2013.0165           40.97            2.04
  2013.0192           40.83            2.12
  2013.0220           42.66            1.87
  2013.0247           40.28            2.03
  2013.0273           42.15            1.93
  2013.0302           43.24            2.01
  2013.0328           34.82            1.98
  2013.0356           37.11            1.91
  2013.0383           30.27            1.90
  2013.0411           30.87            2.04
  2013.0438           28.30            2.11
  2013.0466            1.93            2.31
  2013.0493           34.04            1.99
  2013.0520           38.05            1.90
  2013.0548           39.61            1.85
  2013.0575           33.63            1.94
  2013.0603           42.72            2.17
  2013.0630           35.64            2.08
  2013.0658           44.61            2.09
  2013.0685           40.89            2.00
  2013.0713           40.71            1.83
  2013.0740           37.33            1.84
  2013.0767           44.34            1.92
  2013.0795           36.03            1.91
  2013.0822           37.19            1.97
  2013.0850           37.84            2.01
  2013.0876           36.78            2.08
  2013.0905           36.52            2.02
  2013.0931           40.25            1.89
  2013.0959           40.69            1.92
  2013.0986           40.91            2.02
  2013.1013           47.74            2.30
  2013.1041           39.54            2.00
  2013.1068           39.23            1.97
  2013.1096           39.52            1.98
  2013.1123           46.82            2.14
  2013.1151           39.02            2.19
  2013.1178           39.38            2.12
  2013.1206           41.43            1.98
  2013.1233           39.35            2.19
  2013.1260           36.66            2.02
  2013.1288           44.28            2.21
  2013.1315           40.48            2.08
  2013.1343           41.11            1.85
  2013.1370           37.05            1.78
  2013.1398           31.58            1.97
  2013.1425           36.39            2.03
  2013.1453           42.11            1.91
  2013.1479           39.07            2.00
  2013.1506           38.38            1.86
  2013.1534           38.07            1.82
  2013.1561           41.41            1.87
  2013.1589           42.15            1.82
  2013.1616           42.77            1.94
  2013.1644           35.38            1.95
  2013.1671           43.67            1.89
  2013.1699           41.71            1.80
  2013.1726           44.84            1.83
  2013.1753           45.36            2.07
  2013.1781           46.33            2.08
  2013.1808           47.66            2.00
  2013.1863           42.96            2.15
  2013.1918           39.26            2.04
  2013.2000           45.41            1.78
  2013.2028           40.23            1.83
  2013.2054           37.36            1.98
  2013.2083           43.41            1.92
  2013.2109           43.22            1.82
  2013.2164           42.04            2.10
  2013.2192           38.02            1.84
  2013.2219           44.02            1.81
  2013.2246           43.02            1.90
  2013.2274           41.28            2.04
  2013.2301           42.01            2.01
  2013.2329           42.65            1.92
  2013.2356           43.85            1.87
  2013.2384           45.76            1.76
  2013.2411           45.82            2.01
  2013.2439           46.00            1.88
  2013.2466           39.34            1.90
  2013.2493           44.57            1.99
  2013.2548           40.56            1.90
  2013.2576           42.29            1.82
  2013.2603           44.52            1.97
  2013.2631           42.68            1.92
  2013.2657           42.72            3.67
  2013.2684           41.53            1.95
  2013.2712           46.91            2.12
  2013.2794           43.21            1.84
  2013.2822           42.33            1.73
  2013.2849           46.39            1.78
  2013.2877           42.31            1.72
  2013.2904           39.78            1.76
  2013.2931           44.37            1.72
  2013.2959           42.56            1.80
  2013.2986           41.30            1.77
  2013.3014           37.43            1.79
  2013.3041           38.74            1.84
  2013.3069           43.53            1.87
  2013.3096           38.54            1.84
  2013.3124           45.02            1.89
  2013.3151           42.00            1.79
  2013.3177           39.97            1.85
  2013.3206           40.23            1.80
  2013.3232           42.64            1.91
  2013.3260           45.75            1.82
  2013.3287           42.21            1.72
  2013.3315           36.62            1.91
  2013.3342           33.68            2.01
  2013.3370           40.81            2.10
  2013.3397           38.60            1.85
  2013.3424           45.03            1.75
  2013.3452           42.68            1.96
  2013.3479           48.16            1.82
  2013.3562           29.02            1.97
  2013.3589           38.46            1.79
  2013.3617           38.30            3.52
  2013.3644           39.15            1.77
  2013.3671           38.08            1.78
  2013.3699           36.59            1.72
  2013.3726           44.27            1.73
  2013.3754           39.50            1.76
  2013.3781           39.70            1.91
  2013.3809           34.37            2.81
  2013.3835           42.15            1.84
  2013.3864           41.13            1.77
  2013.3890           40.38            1.78
  2013.3917           44.64            1.79
  2013.3945           44.16            1.74
  2013.4000           50.08            1.83
  2013.4027           37.49            1.94
  2013.4055           40.43            2.03
  2013.4082           37.91            1.88
  2013.4110           40.40            1.80
  2013.4137           42.30            2.00
  2013.4164           33.18            1.91
  2013.4192           40.35            1.85
  2013.4219           34.58            1.72
  2013.4247           45.78            1.90
  2013.4274           33.70            1.91
  2013.4302           46.75            1.75
  2013.4329           42.77            1.83
  2013.4357           41.56            1.73
  2013.4384           37.33            1.79
  2013.4410           46.44            1.72
  2013.4438           44.34            1.79
  2013.4465           43.23            1.82
  2013.4493           41.04            1.86
  2013.4520           43.22            1.80
  2013.4548           33.20            1.95
  2013.4575           44.90            1.81
  2013.4603           42.89            1.78
  2013.4630           40.99            1.78
  2013.4657           41.18            1.76
  2013.4685           41.75            1.76
  2013.4712           30.49            1.84
  2013.4740           33.70            1.76
  2013.4767           38.90            1.80
  2013.4795           40.87            1.72
  2013.4822           41.78            1.76
  2013.4850           22.67            1.80
  2013.4877           18.49            1.96
  2013.4904           11.36            1.93
  2013.4932           11.02            1.83
  2013.4958           21.59            1.75
  2013.4987           24.03            1.71
  2013.5013           19.71            1.85
  2013.5042           14.24            1.84
  2013.5068           16.87            1.85
  2013.5096           14.50            1.82
  2013.5123           16.93            1.74
  2013.5150           20.74            1.69
  2013.5178           22.51            1.74
  2013.5205           27.49            1.85
  2013.5233           14.95            1.82
  2013.5260           16.30            1.73
  2013.5288           19.22            1.72
  2013.5315           22.23            1.83
  2013.5343           20.46            1.80
  2013.5370           22.26            1.77
  2013.5397           25.09            1.71
  2013.5425           15.44            1.84
  2013.5452           18.39            1.77
  2013.5480           22.92            1.76
  2013.5507           14.53            1.80
  2013.5535           24.57            1.73
  2013.5562           24.39            1.70
  2013.5590           30.03            1.69
  2013.5616           23.46            1.69
  2013.5643           25.05            1.76
  2013.5671           17.95            1.88
  2013.5698           19.40            1.69
  2013.5726           26.92            1.66
  2013.5753           22.95            1.67
  2013.5781           27.63            1.74
  2013.5808           24.20            1.70
  2013.5836           22.78            1.64
  2013.5863           23.71            1.72
  2013.5890           14.29            1.78
  2013.5918           18.22            1.91
  2013.5945           22.47            1.82
  2013.5973           20.22            1.84
  2013.6000           19.08            1.95
  2013.6028           12.57            1.85
  2013.6055           25.78            1.68
  2013.6083           23.80            1.77
  2013.6110           17.92            1.81
  2013.6136           11.75            1.85
  2013.6165           24.23            1.71
  2013.6191           26.56            1.70
  2013.6219           21.53            1.81
  2013.6246           28.82            1.76
  2013.6274           26.68            1.67
  2013.6301           22.14            1.77
  2013.6329           16.48            1.81
  2013.6356           25.44            1.75
  2013.6383           17.36            1.79
  2013.6411           23.17            1.70
  2013.6438           24.37            1.74
  2013.6466           17.84            1.80
  2013.6493           22.79            1.78
  2013.6521           20.71            1.72
  2013.6548           21.59            1.76
  2013.6576           22.09            1.74
  2013.6603           24.58            1.73
  2013.6768           26.21            2.14
  2013.6794           21.78            2.06
  2013.6823           25.62            2.07
  2013.6849           15.01            2.12
  2013.6876           25.68            2.15
  2013.6904           23.48            2.03
  2013.6931           23.97            2.13
  2013.6959           19.53            1.95
  2013.6986           14.60            2.04
  2013.7014           24.37            1.90
  2013.7041           19.45            2.00
  2013.7069           17.24            1.92
  2013.7096           16.04            1.92
  2013.7123           19.47            1.87
  2013.7151           27.69            1.87
  2013.7178           25.56            2.01
  2013.7206           12.70            1.98
  2013.7233           14.80            2.01
  2013.7261           18.59            1.99
  2013.7288           22.72            2.09
  2013.7316           29.49            1.85
  2013.7343           28.22            1.89
  2013.7369           21.28            2.20
  2013.7397           17.55            1.98
  2013.7424           19.53            2.03
  2013.7561           27.79            1.91
  2013.7589           32.46            2.07
  2013.7616           18.70            2.08
  2013.7644           28.63            1.94
  2013.7671           28.11            2.24
  2013.7699           28.49            2.07
  2013.7726           31.05            1.97
  2013.7754           30.03            2.19
  2013.7781           31.64            2.39
  2013.7808           28.01            2.18
  2013.7836           33.95            2.16
  2013.7863           32.99            2.26
  2013.7891           36.05            2.03
  2013.7917           33.60            2.17
  2013.7946           26.90            2.09
  2013.7972           37.58            1.98
  2013.8000           29.35            2.21
  2013.8027           22.65            2.36
  2013.8054           24.83            2.17
  2013.8082           27.90            2.17
  2013.8109           30.06            1.99
  2013.8137           32.18            2.32
  2013.8164           27.89            2.13
  2013.8192           30.39            1.88
  2013.8219           31.98            1.95
  2013.8247           31.21            1.97
  2013.8274           32.14            2.08
  2013.8301           37.31            2.06
  2013.8329           23.30            2.00
  2013.8356           25.53            2.02
  2013.8384           36.92            1.91
  2013.8411           38.14            1.81
  2013.8439           34.41            1.83
  2013.8466           29.60            1.79
  2013.8494           34.34            2.05
  2013.8521           31.38            1.92
  2013.8547           31.00            1.98
  2013.8575           35.06            2.02
  2013.8602           36.03            2.16
  2013.8630           34.41            2.04
  2013.8657           36.60            2.01
  2013.8685           40.24            1.99
  2013.8712           29.04            2.08
  2013.8740           32.88            2.07
  2013.8767           40.37            1.84
  2013.8794           34.44            1.87
  2013.8822           33.78            2.00
  2013.8849           35.95            2.02
  2013.8877           32.72            2.09
  2013.8904           41.55            2.01
  2013.8932           35.23            2.06
  2013.8959           38.28            2.09
  2013.8987           37.73            2.11
  2013.9014           34.75            2.03
  2013.9041           35.89            1.90
  2013.9069           35.58            4.07
  2013.9095           36.38            3.82
  2013.9124           42.20            1.89
  2013.9150           42.47            1.93
  2013.9178           41.19            1.93
  2013.9205           31.08            2.03
  2013.9233           32.48            2.28
  2013.9260           35.69            1.98
  2013.9287           38.04            1.91
  2013.9315           37.95            1.99
  2013.9342           33.45            1.99
  2013.9370           40.97            2.14
  2013.9397           37.20            2.05
  2013.9425           41.52            1.98
  2013.9452           34.91            2.13
  2013.9480           35.01            2.10
  2013.9507           42.01            1.99
  2013.9534           42.27            2.14
  2013.9562           34.43            1.95
  2013.9589           34.41            2.15
  2013.9617           32.68            2.05
  2013.9644           45.59            2.09
  2013.9672           36.06            1.93
  2013.9698           39.53            2.05
  2013.9727           40.92            2.02
  2013.9753           37.45            2.06
  2013.9780           42.46            2.15
  2013.9808           39.58            1.97
  2013.9835           37.63            2.07
  2013.9863           41.97            2.12
  2013.9890           35.14            2.24
  2013.9918           37.29            2.03
  2013.9945           46.47            2.15
  2013.9973           36.84            2.05
  2014.0000           46.65            2.20
  2014.0027           34.59            2.25
  2014.0055           37.91            2.37
  2014.0082           39.85            2.16
  2014.0110           36.98            2.08
  2014.0137           37.54            2.02
  2014.0165           40.53            2.16
  2014.0192           39.26            2.18
  2014.0220           39.66            2.14
  2014.0247           45.36            2.20
  2014.0411           40.48            2.17
  2014.0438           43.39            2.26
  2014.0466           35.10            2.19
  2014.0493           40.48            2.14
  2014.0548           42.73            2.12
  2014.0575           36.20            2.40
  2014.0603           48.11            2.16
  2014.0630           40.43            2.43
  2014.0658           30.48            2.19
  2014.0685           49.45            2.24
  2014.0713           40.68            2.04
  2014.0740           33.47            2.18
  2014.0767           41.89            2.31
  2014.0795           41.27            2.17
  2014.0822           38.04            2.34
  2014.0850           51.33            2.37
  2014.1836           43.63            2.43
  2014.1863           45.60            2.44
  2014.1891           42.20            2.24
  2014.1918           42.90            2.18
  2014.1946           46.86            2.21
  2014.1973           47.45            2.21
  2014.2000           45.91            2.23
  2014.2028           41.38            2.26
  2014.2054           44.81            2.27
  2014.2083           39.98            2.37
  2014.2109           49.46            2.16
  2014.2137           48.34            2.19
  2014.2164           39.88            2.37
  2014.2192           48.87            2.19
  2014.2219           42.77            2.13
  2014.2246           39.67            1.97
  2014.2274           42.36            2.14
  2014.2301           49.52            2.16
  2014.2329           45.11            2.09
  2014.2356           40.79            2.18
  2014.2384           38.87            2.17
  2014.2411           33.79            2.14
  2014.2439           40.47            2.38
  2014.2466           33.67            2.27
  2014.2493           36.58            2.09
  2014.2521           46.43            1.81
  2014.2548           45.32            2.12
  2014.2576           45.93            2.04
  2014.2603           46.79            2.09
  2014.2631           40.82            2.00
  2014.2657           35.72            2.14
  2014.2684           44.91            2.29
  2014.2712           40.46            2.17
  2014.2739           50.97            2.20
  2014.2767           42.02            2.16
  2014.2794           30.06            2.10
  2014.2822           45.82            1.94
  2014.2849           46.82            1.89
  2014.2877           44.75            2.01
  2014.2904           43.24            2.04
  2014.2931           49.73            1.92
  2014.2959           39.28            1.87
  2014.2986          -27.93           25.05
  2014.3014           42.89            1.87
  2014.3041           49.60            2.02
  2014.3069           42.97            1.91
  2014.3096           48.33            1.93
  2014.3124           50.29            1.99
  2014.3151           49.61            1.88
  2014.3177           47.18            1.87
  2014.3206           49.81            1.88
  2014.3232           47.69            1.81
  2014.3260           46.02            1.89
  2014.3287           46.22            2.00
  2014.3315           33.99            1.98
  2014.3342           38.34            1.95
  2014.3370           38.00            2.02
  2014.3397           47.09            2.12
  2014.3424           48.43            2.08
  2014.3452           42.96            1.88
  2014.3479           39.22            1.97
  2014.3507           40.07            1.88
  2014.3534           39.54            1.95
  2014.3562           59.11            2.04
  2014.3589           46.61            1.98
  2014.3617           46.05            1.91
  2014.3644           43.85            1.94
  2014.3671           45.34            2.10
  2014.3699           42.23            2.03
  2014.3726           43.43            2.00
  2014.3754           40.27            1.99
  2014.3781           46.68            1.99
  2014.3809           42.35            1.83
  2014.3835           34.58            1.96
  2014.3864           38.12            2.03
  2014.3890           42.22            1.97
  2014.3917           47.34            1.95
  2014.3945           41.76            1.88
  2014.3972           38.81            1.92
  2014.4000           40.34            1.90
  2014.4027           44.81            1.83
  2014.4055           43.58            1.99
  2014.4082           29.66            2.09
  2014.4110           34.78            1.98
  2014.4137           27.50            2.17
  2014.4164           41.76            1.92
  2014.4192           29.92            2.19
  2014.4219           32.23            2.13
  2014.4247           20.05            2.33
  2014.4274           30.08            2.27
  2014.4302           23.84            2.28
  2014.4329           27.43            1.96
  2014.4357           25.12            1.96
  2014.4384           31.02            1.91
  2014.4410           37.57            1.87
  2014.4438           33.17            2.00
  2014.4465           25.00            2.05
  2014.4493           31.71            1.86
  2014.4520           40.45            1.97
  2014.4548           38.34            1.90
  2014.4575           33.44            1.80
  2014.4603           35.85            1.80
  2014.4630           42.19            1.78
  2014.4657           37.55            1.72
  2014.4685           42.81            1.80
  2014.4712           37.32            1.75
  2014.4740           30.57            1.75
  2014.4767           32.76            1.77
  2014.4795           37.72            1.82
  2014.4822           39.92            1.84
  2014.4850           35.82            1.88
  2014.4877           37.21            1.84
  2014.4904           40.63            1.72
  2014.4932           35.74            1.75
  2014.4958           35.79            1.73
  2014.4987           42.54            1.76
  2014.5013           36.54            1.83
  2014.5042           38.19            1.70
  2014.5068           33.32            1.78
  2014.5096           35.00            1.78
  2014.5123           36.85            1.79
  2014.5150           37.68            1.70
  2014.5178           39.19            1.70
