  2012.0027            0.00            0.31
  2012.0055            0.04            0.29
  2012.0082            0.74            0.30
  2012.0110            0.61            0.30
  2012.0137            1.46            0.35
  2012.0165            1.61            0.29
  2012.0192            0.14            0.32
  2012.0220            0.42            0.31
  2012.0247            1.95            0.40
  2012.0273            2.41            0.35
  2012.0302            2.47            0.32
  2012.0328            1.02            0.31
  2012.0356            2.29            0.32
  2012.0383            0.63            0.32
  2012.0411            1.11            0.37
  2012.0438            1.06            0.31
  2012.0466            1.11            0.35
  2012.0493            1.09            0.35
  2012.0520           -1.15            0.32
  2012.0548            2.99            0.35
  2012.0603            2.59            0.35
  2012.0630            2.28            0.34
  2012.0658            2.23            0.34
  2012.0685            2.53            0.42
  2012.0713            4.76            0.47
  2012.0740            3.42            0.39
  2012.0767            2.26            0.45
  2012.0795            4.12            0.39
  2012.0822            6.66            0.36
  2012.0850            4.19            0.33
  2012.0876            7.97            0.35
  2012.0905            5.32            0.36
  2012.0931            3.23            0.32
  2012.0959            5.24            0.33
  2012.0986            5.10            0.33
  2012.1013            5.24            0.33
  2012.1041            0.50            0.35
  2012.1068            3.90            0.30
  2012.1096            3.39            0.31
  2012.1123            2.78            0.29
  2012.1151            4.40            0.31
  2012.1178            2.96            0.35
  2012.1206            1.10            0.36
  2012.1233            1.98            0.33
  2012.1260            3.25            0.33
  2012.1288            5.36            0.33
  2012.1315            1.95            0.38
  2012.1343            3.94            0.37
  2012.1370            3.32            0.38
  2012.1398           -0.01            0.34
  2012.1425            3.44            0.31
  2012.1453            2.89            0.32
  2012.1479            2.82            0.31
  2012.1506            2.56            0.32
  2012.1534            9.51            0.35
  2012.1561            3.33            0.35
  2012.1589            2.64            0.35
  2012.1616            4.83            0.34
  2012.1644            6.42            0.33
  2012.1671            3.18            0.35
  2012.1699            2.31            0.30
  2012.1726            4.68            0.35
  2012.1753            4.69            0.31
  2012.1781            4.27            0.36
  2012.1808            3.19            0.32
  2012.1836            1.03            0.36
  2012.1863            2.76            0.31
  2012.1891            2.74            0.32
  2012.1918            2.54            0.33
  2012.1946            1.07            0.34
  2012.1973            3.23            0.32
  2012.2000            1.29            0.32
  2012.2028            2.54            0.33
  2012.2054            1.43            0.29
  2012.2083            0.75            0.30
  2012.2109            2.97            0.34
  2012.2137            2.56            0.30
  2012.2164            3.36            0.29
  2012.2192            1.04            0.29
  2012.2219            2.46            0.30
  2012.2246            2.61            0.30
  2012.2274            1.71            0.30
  2012.2301            3.33            0.31
  2012.2329           -1.84            0.29
  2012.2356            1.26            0.32
  2012.2384            1.57            0.28
  2012.2411            0.66            0.31
  2012.2439            0.32            0.30
  2012.2466            0.18            0.29
  2012.2493            0.19            0.34
  2012.2521           -0.08            0.32
  2012.2548            1.65            0.32
  2012.2576            2.66            0.31
  2012.2603            3.14            0.34
  2012.2631            3.27            0.33
  2012.2657            2.92            0.30
  2012.2684            1.90            0.33
  2012.2712            3.84            0.31
  2012.2739            3.95            0.31
  2012.2767            3.11            0.31
  2012.2794            1.42            0.30
  2012.2822            3.24            0.30
  2012.2849            5.57            0.33
  2012.2877            2.73            0.31
  2012.2904            1.47            0.35
  2012.2931            1.69            0.31
  2012.2959            1.79            0.31
  2012.2986            3.43            0.34
  2012.3014            4.35            0.29
  2012.3041            2.96            0.30
  2012.3069           -0.49            0.40
  2012.3096            2.74            0.26
  2012.3124            4.30            0.29
  2012.3151            4.28            0.32
  2012.3177            3.53            0.31
  2012.3206            4.11            0.29
  2012.3232            3.47            0.29
  2012.3260            4.91            0.28
  2012.3287            1.65            0.28
  2012.3315            3.99            0.29
  2012.3342            4.94            0.30
  2012.3370            6.75            0.30
  2012.3397            2.03            0.28
  2012.3424            2.91            0.27
  2012.3452            2.40            0.28
  2012.3479            4.61            0.32
  2012.3507            3.65            0.29
  2012.3534            6.97            0.28
  2012.3562            2.97            0.29
  2012.3589            1.26            0.31
  2012.3617            3.01            0.32
  2012.3644            4.40            0.28
  2012.3671            2.27            0.29
  2012.3699            0.15            0.29
  2012.3726            1.90            0.31
  2012.3754            2.51            0.31
  2012.3781            3.48            0.31
  2012.3809            3.48            0.29
  2012.3835            2.85            0.31
  2012.3864            7.14            0.31
  2012.3890            3.20            0.30
  2012.3917            5.63            0.29
  2012.3945            3.37            0.29
  2012.3972            3.40            0.30
  2012.4000            4.75            0.29
  2012.4027            3.61            0.31
  2012.4055            4.33            0.34
  2012.4110            3.14            0.30
  2012.4137            1.92            0.30
  2012.4164            5.11            0.28
  2012.4192            7.07            0.29
  2012.4219            1.58            0.32
  2012.4247            2.36            0.31
  2012.4274            3.02            0.30
  2012.4302            2.55            0.29
  2012.4329            2.93            0.28
  2012.4357            3.40            0.27
  2012.4384            3.40            0.27
  2012.4410            3.67            0.31
  2012.4438            2.86            0.28
  2012.4465            4.08            0.30
  2012.4493            1.84            0.31
  2012.4520            2.02            0.29
  2012.4548            7.44            0.28
  2012.4575            7.08            0.30
  2012.4603            5.10            0.29
  2012.4630            2.63            0.31
  2012.4657            3.87            0.28
  2012.4685            3.65            0.30
  2012.4712            6.49            0.32
  2012.4740            5.38            0.29
  2012.4767            8.71            0.29
  2012.4795            5.54            0.28
  2012.4822            2.80            0.29
  2012.4850            2.90            0.28
  2012.4877            4.51            0.28
  2012.4904            4.19            0.28
  2012.4932            4.84            0.30
  2012.4958            5.98            0.28
  2012.4987            5.54            0.31
  2012.5013            0.54            0.31
  2012.5042           -1.17            0.31
  2012.5068            2.65            0.29
  2012.5096            4.73            0.30
  2012.5123            3.36            0.35
  2012.5150            1.64            0.33
  2012.5178            1.63            0.29
  2012.5205            3.05            0.29
  2012.5233            3.83            0.31
  2012.5260            1.96            0.28
  2012.5288            5.03            0.27
  2012.5315            1.70            0.29
  2012.5343            2.80            0.28
  2012.5370            2.53            0.27
  2012.5397            3.39            0.28
  2012.5425            3.20            0.30
  2012.5452            3.13            0.30
  2012.5480            2.40            0.30
  2012.5507            6.36            0.31
  2012.5535            3.57            0.29
  2012.5562            5.89            0.30
  2012.5590            3.30            0.28
  2012.5616            4.71            0.29
  2012.5643            2.65            0.28
  2012.5671            2.67            0.29
  2012.5698            1.39            0.29
  2012.5726            2.49            0.29
  2012.5753            3.53            0.29
  2012.5781            2.95            0.29
  2012.5808            3.06            0.29
  2012.5836            3.07            0.28
  2012.5863            3.70            0.31
  2012.5890            1.31            0.29
  2012.5918            2.07            0.30
  2012.5945            3.95            0.28
  2012.5973            3.09            0.46
  2012.6000            2.03            0.30
  2012.6028            2.47            0.30
  2012.6055            3.92            0.34
  2012.6083            5.38            0.31
  2012.6110            3.56            0.29
  2012.6136            2.57            0.31
  2012.6165            5.40            0.32
  2012.6191            6.77            0.31
  2012.6219            7.78            0.32
  2012.6246            2.31            0.31
  2012.6274            3.54            0.32
  2012.6301            6.13            0.34
  2012.6329           10.68            0.31
  2012.6356           10.64            0.31
  2012.6383            4.42            0.31
  2012.6411            4.47            0.31
  2012.6438            2.62            0.32
  2012.6466            4.47            0.30
  2012.6493            4.37            0.29
  2012.6521            3.92            0.31
  2012.6548            3.82            0.29
  2012.6576            4.17            0.29
  2012.6603            3.02            0.30
  2012.6630            5.02            0.33
  2012.6658            4.58            0.29
  2012.6685            4.06            0.31
  2012.6713            3.61            0.30
  2012.6740            3.50            0.32
  2012.6768            3.71            0.31
  2012.6794            5.07            0.31
  2012.6823            2.77            0.33
  2012.6849            9.44            0.30
  2012.6876            3.60            0.32
  2012.6904            3.66            0.31
  2012.6931            2.40            0.30
  2012.6959            4.09            0.30
  2012.6986            6.27            0.31
  2012.7014            4.12            0.30
  2012.7041            4.65            0.33
  2012.7069            5.29            0.29
  2012.7096            3.02            0.31
  2012.7123            4.01            0.31
  2012.7151            3.66            0.32
  2012.7178            2.28            0.32
  2012.7206            6.27            0.30
  2012.7233            6.67            0.32
  2012.7261            3.35            0.32
  2012.7288            4.32            0.31
  2012.7316            4.06            0.30
  2012.7343            4.48            0.34
  2012.7369            5.74            0.35
  2012.7397            6.10            0.34
  2012.7424            5.22            0.36
  2012.7452            6.18            0.37
  2012.7479            6.45            0.34
  2012.7507            5.87            0.34
  2012.7534            5.74            0.40
  2012.7561            4.50            0.33
  2012.7589            6.57            0.31
  2012.7616            6.38            0.34
  2012.7644           11.30            0.32
  2012.7671            6.68            0.36
  2012.7699            5.30            0.36
  2012.7726            2.37            0.34
  2012.7754            6.59            0.36
  2012.7781            5.01            0.31
  2012.7808            5.03            0.32
  2012.7836            5.21            0.31
  2012.7863            5.43            0.31
  2012.7891            2.83            0.34
  2012.7917            3.78            0.35
  2012.7946            5.19            0.37
  2012.7972            7.01            0.34
  2012.8000            5.48            0.32
  2012.8027            5.71            0.37
  2012.8054            6.14            0.37
  2012.8082            7.14            0.39
  2012.8109            7.23            0.37
  2012.8137            7.41            0.37
  2012.8164            9.25            0.34
  2012.8192            7.00            0.35
  2012.8219            5.87            0.39
  2012.8247            6.15            0.38
  2012.8274            5.11            0.37
  2012.8301            7.03            0.40
  2012.8329            6.23            0.35
  2012.8356            6.28            0.33
  2012.8384            7.09            0.33
  2012.8411            6.79            0.31
  2012.8439            6.70            0.38
  2012.8466            8.43            0.34
  2012.8494            7.39            0.35
  2012.8521            6.97            0.35
  2012.8547            7.59            0.34
  2012.8575            7.75            0.34
  2012.8602            7.10            0.37
  2012.8630            9.22            0.38
  2012.8657            7.26            0.34
  2012.8685            8.62            0.34
  2012.8712            7.10            0.31
  2012.8740            7.83            0.33
  2012.8767            8.51            0.34
  2012.8794            7.96            0.32
  2012.8822            7.56            0.33
  2012.8849            7.50            0.33
  2012.8877            6.75            0.32
  2012.8904            6.35            0.33
  2012.8932            7.11            0.37
  2012.8959            8.66            0.38
  2012.8987           10.38            0.37
  2012.9014            7.98            0.34
  2012.9041            7.53            1.37
  2012.9069           10.06            0.37
  2012.9095           10.46            0.34
  2012.9124           12.82            0.37
  2013.0027           10.76            0.27
  2013.0055           11.37            0.28
  2013.0082           10.70            0.29
  2013.0110            9.75            0.29
  2013.0137           10.65            0.32
  2013.0165           11.18            0.32
  2013.0192           12.10            0.33
  2013.0220           15.20            0.28
  2013.0247           14.49            0.32
  2013.0273           14.46            0.32
  2013.0302           15.61            0.32
  2013.0328           13.71            0.31
  2013.0356           11.61            0.30
  2013.0383           11.20            0.30
  2013.0411           10.62            0.31
  2013.0438           11.50            0.34
  2013.0466           13.78            0.35
  2013.0493           12.54            0.31
  2013.0520           13.41            0.30
  2013.0548           14.46            0.29
  2013.0575           14.80            0.31
  2013.0603           13.42            0.32
  2013.0630           17.28            0.34
  2013.0658           13.66            0.32
  2013.0685           13.49            0.32
  2013.0713           14.51            0.28
  2013.0740           13.13            0.30
  2013.0767           11.66            0.31
  2013.0795           13.34            0.30
  2013.0822           14.16            0.30
  2013.0850           13.89            0.30
  2013.0876           14.79            0.32
  2013.0905           13.73            0.32
  2013.0931           13.17            0.30
  2013.0959           15.35            0.30
  2013.0986           15.11            0.32
  2013.1013           13.50            0.36
  2013.1041           13.09            0.30
  2013.1068           14.05            0.31
  2013.1096           14.39            0.32
  2013.1123           15.03            0.34
  2013.1151           12.77            0.33
  2013.1178           12.81            0.32
  2013.1206           14.23            0.32
  2013.1233           15.03            0.31
  2013.1260           15.02            0.32
  2013.1288           14.18            0.33
  2013.1315           15.12            0.31
  2013.1343           14.87            0.27
  2013.1370           13.85            0.28
  2013.1398           16.72            0.31
  2013.1425           17.74            0.32
  2013.1453           17.05            0.30
  2013.1479           16.02            0.30
  2013.1506           13.18            0.29
  2013.1534           14.15            0.28
  2013.1561           13.20            0.27
  2013.1589           15.51            0.29
  2013.1616           14.83            0.31
  2013.1644           14.92            0.30
  2013.1671           12.78            0.30
  2013.1699           13.01            0.27
  2013.1726           13.25            0.27
  2013.1753           12.04            0.33
  2013.1781           13.75            0.33
  2013.1808           13.42            0.32
  2013.1863           17.34            0.35
  2013.1918           12.34            0.34
  2013.2000            9.61            0.29
  2013.2028           10.23            0.29
  2013.2054           11.28            0.32
  2013.2083           13.26            0.30
  2013.2109           13.41            0.28
  2013.2164           10.93            0.33
  2013.2192           12.44            0.29
  2013.2219           13.92            0.26
  2013.2246           14.75            0.28
  2013.2274           14.00            0.32
  2013.2301           12.52            0.32
  2013.2329           13.07            0.31
  2013.2356           11.74            0.29
  2013.2384           11.33            0.29
  2013.2411           13.53            0.33
  2013.2439           10.70            0.30
  2013.2466           11.52            0.30
  2013.2493           11.78            0.32
  2013.2548           12.91            0.32
  2013.2576           13.54            0.30
  2013.2603           14.71            0.32
  2013.2631           11.46            0.31
  2013.2657           13.09            0.61
  2013.2684           11.16            0.32
  2013.2712           14.77            0.34
  2013.2794           11.94            0.31
  2013.2822           11.60            0.28
  2013.2849           16.84            0.28
  2013.2877           14.47            0.29
  2013.2904           14.72            0.29
  2013.2931           14.07            0.30
  2013.2959           12.84            0.29
  2013.2986           13.37            0.29
  2013.3014           13.89            0.29
  2013.3041           13.13            0.31
  2013.3069           11.48            0.29
  2013.3096           15.70            0.30
  2013.3124           12.82            0.30
  2013.3151           12.55            0.29
  2013.3177           12.29            0.30
  2013.3206           12.35            0.29
  2013.3232           12.97            0.31
  2013.3260           13.28            0.29
  2013.3287           12.26            0.28
  2013.3315           12.15            0.31
  2013.3342           11.29            0.32
  2013.3370           14.64            0.34
  2013.3397           11.61            0.29
  2013.3424           12.49            0.28
  2013.3452           11.06            0.32
  2013.3479           12.83            0.29
  2013.3562           10.57            0.32
  2013.3589           11.85            0.29
  2013.3617           13.67            0.57
  2013.3644           14.97            0.29
  2013.3671           15.87            0.29
  2013.3699           13.26            0.28
  2013.3726           13.01            0.28
  2013.3754           16.72            0.28
  2013.3781           12.37            0.30
  2013.3809           14.08            0.46
  2013.3835           16.17            0.29
  2013.3864           13.79            0.28
  2013.3890           14.46            0.28
  2013.3917           14.30            0.28
  2013.3945           14.85            0.28
  2013.4000           17.61            0.29
  2013.4027           18.75            0.31
  2013.4055           16.02            0.32
  2013.4082           17.12            0.28
  2013.4110           15.83            0.29
  2013.4137           17.79            0.31
  2013.4164           18.47            0.30
  2013.4192           15.28            0.30
  2013.4219           15.74            0.27
  2013.4247           14.51            0.30
  2013.4274           17.38            0.30
  2013.4302           15.71            0.28
  2013.4329           16.23            0.30
  2013.4357           15.80            0.27
  2013.4384           17.12            0.29
  2013.4410           16.01            0.28
  2013.4438           16.41            0.29
  2013.4465           16.70            0.29
  2013.4493           17.05            0.29
  2013.4520           17.17            0.29
  2013.4548           18.77            0.32
  2013.4575           14.10            0.29
  2013.4603           15.22            0.29
  2013.4630           15.24            0.29
  2013.4657           15.59            0.28
  2013.4685           14.85            0.29
  2013.4712           16.39            0.29
  2013.4740           15.36            0.28
  2013.4767           16.28            0.28
  2013.4795           16.52            0.27
  2013.4822           16.17            0.28
  2013.4850           15.25            0.28
  2013.4877           19.17            0.31
  2013.4904           17.11            0.30
  2013.4932           17.93            0.30
  2013.4958           19.87            0.27
  2013.4987           16.31            0.27
  2013.5013           20.60            0.29
  2013.5042           12.70            0.29
  2013.5068           14.98            0.29
  2013.5096           16.16            0.29
  2013.5123           20.54            0.27
  2013.5150           16.13            0.27
  2013.5178           13.78            0.27
  2013.5205           16.60            0.28
  2013.5233           12.80            0.28
  2013.5260           13.63            0.28
  2013.5288           14.86            0.27
  2013.5315           14.73            0.30
  2013.5343           19.50            0.29
  2013.5370           16.90            0.29
  2013.5397           15.94            0.27
  2013.5425           18.41            0.28
  2013.5452           18.32            0.28
  2013.5480           16.90            0.25
  2013.5507           16.62            0.28
  2013.5535           17.23            0.27
  2013.5562           17.36            0.26
  2013.5590           16.56            0.27
  2013.5616           17.76            0.26
  2013.5643           16.95            0.30
  2013.5671           16.12            0.29
  2013.5698           17.98            0.27
  2013.5726           19.89            0.25
  2013.5753           15.23            0.26
  2013.5781           16.60            0.27
  2013.5808           16.55            0.26
  2013.5836           16.99            0.25
  2013.5863           16.91            0.27
  2013.5890           18.71            0.27
  2013.5918           24.32            0.28
  2013.5945           17.97            0.29
  2013.5973           19.20            0.29
  2013.6000           19.86            0.31
  2013.6028           18.17            0.29
  2013.6055           13.10            0.27
  2013.6083           22.26            0.28
  2013.6110           16.47            0.28
  2013.6136           13.19            0.29
  2013.6165           15.10            0.28
  2013.6191           15.72            0.27
  2013.6219           17.45            0.28
  2013.6246           16.39            0.27
  2013.6274           16.64            0.26
  2013.6301           16.88            0.27
  2013.6329           17.23            0.28
  2013.6356           17.14            0.27
  2013.6383           14.82            0.27
  2013.6411           15.45            0.58
  2013.6438           14.13            0.28
  2013.6466           14.87            0.28
  2013.6493           16.04            0.28
  2013.6521           15.99            0.27
  2013.6548           16.71            0.27
  2013.6576           15.85            0.25
  2013.6603           17.30            0.31
  2013.6630           20.13            0.28
  2013.6658           17.34            0.29
  2013.6685           18.12            0.29
  2013.6713           20.32            0.30
  2013.6740           17.95            0.30
  2013.6768           15.77            0.33
  2013.6794           16.65            0.32
  2013.6823           21.71            0.31
  2013.6849           20.27            0.33
  2013.6876           20.87            0.32
  2013.6904           16.10            0.32
  2013.6931           13.03            0.32
  2013.6959           15.21            0.30
  2013.6986           16.06            0.31
  2013.7014           16.56            0.31
  2013.7041           18.24            0.32
  2013.7069           17.59            0.31
  2013.7096           18.51            0.31
  2013.7123           18.25            0.30
  2013.7151           18.19            0.29
  2013.7178           20.61            0.31
  2013.7206           21.95            0.31
  2013.7233           18.17            0.33
  2013.7261           18.42            0.31
  2013.7288           19.96            0.34
  2013.7316           18.29            0.29
  2013.7343           18.48            0.29
  2013.7369           18.40            0.34
  2013.7397           16.89            0.32
  2013.7424           18.25            0.32
  2013.7561           17.28            0.30
  2013.7589           19.42            0.31
  2013.7616           19.64            0.33
  2013.7644           19.58            0.31
  2013.7671           21.91            0.36
  2013.7699           20.91            0.31
  2013.7726           21.09            0.30
  2013.7754           18.90            0.34
  2013.7781           19.33            0.35
  2013.7808           18.31            0.34
  2013.7836           18.54            0.33
  2013.7863           16.62            0.33
  2013.7891           18.87            0.29
  2013.7917           17.32            0.35
  2013.7946           17.17            0.33
  2013.7972           20.02            0.32
  2013.8000           19.78            0.33
  2013.8027           17.67            0.37
  2013.8054           19.71            0.35
  2013.8082           21.74            0.34
  2013.8109           19.97            0.30
  2013.8137           16.94            1.12
  2013.8164           19.19            0.33
  2013.8192           17.88            0.29
  2013.8219           20.33            0.31
  2013.8247           20.32            0.32
  2013.8274           19.35            0.39
  2013.8301           23.47            0.31
  2013.8329           20.46            0.32
  2013.8356           19.53            0.31
  2013.8384           19.16            0.29
  2013.8411           21.34            0.32
  2013.8439           21.80            0.30
  2013.8466           19.41            0.29
  2013.8494           19.33            0.31
  2013.8521           21.46            0.30
  2013.8547           23.43            0.32
  2013.8575           20.33            0.32
  2013.8602           21.03            0.36
  2013.8630           21.83            0.33
  2013.8657           25.53            0.33
  2013.8685           21.08            0.31
  2013.8712           23.23            0.32
  2013.8740           20.75            0.34
  2013.8767           22.05            0.29
  2013.8794           21.13            0.30
  2013.8822           21.55            0.32
  2013.8849           21.42            0.31
  2013.8877           22.24            0.33
  2013.8904           22.42            0.31
  2013.8932           23.05            0.31
  2013.8959           23.13            0.33
  2013.8987           24.54            0.33
  2013.9014           22.40            0.32
  2013.9041           21.76            0.30
  2013.9069           24.68            0.61
  2013.9095           22.66            0.60
  2013.9124           22.34            0.29
  2013.9150           24.60            0.30
  2013.9178           22.36            0.28
  2013.9205           25.91            0.31
  2013.9233           24.20            0.41
  2013.9260           23.48            0.29
  2013.9287           26.64            0.30
  2013.9315           24.84            0.32
  2013.9342           22.82            0.30
  2013.9370           26.32            0.34
  2013.9397           24.39            0.33
  2013.9425           27.62            0.31
  2013.9452           23.48            0.34
  2013.9480           24.94            0.32
  2013.9507           24.09            0.32
  2013.9534           26.61            0.36
  2013.9562           25.25            0.31
  2013.9589           23.40            0.35
  2013.9617           24.10            0.32
  2013.9644           23.91            0.32
  2013.9672           23.15            0.32
  2013.9698           23.96            0.33
  2013.9727           25.03            0.33
  2013.9753           25.74            0.32
  2013.9780           25.95            0.32
  2013.9808           25.94            0.31
  2013.9835           25.05            0.33
  2013.9863           25.55            0.34
  2013.9890           27.79            0.37
  2013.9918           23.51            0.32
  2013.9945           23.84            0.34
  2013.9973           28.31            0.32
  2014.0000           28.07            0.35
  2014.0027           23.59            0.34
  2014.0055           26.62            0.40
  2014.0082           26.01            0.32
  2014.0110           27.97            0.33
  2014.0137           28.08            0.32
  2014.0165           29.69            0.34
  2014.0192           27.76            0.33
  2014.0220           26.98            0.34
  2014.0247           27.87            0.34
  2014.0273           27.81            0.36
  2014.0302           26.15            0.33
  2014.0328           27.91            0.36
  2014.0356           25.87            0.31
  2014.0383           26.14            0.37
  2014.0411           27.83            0.33
  2014.0438           26.92            0.40
  2014.0466           27.12            0.33
  2014.0493           27.48            0.32
  2014.0548           27.48            0.33
  2014.0575           27.13            0.37
  2014.0603           27.20            0.33
  2014.0630           27.49            0.41
  2014.0658           24.72            0.35
  2014.0685           27.86            0.35
  2014.0713           27.00            0.32
  2014.0740           27.89            0.33
  2014.0767           27.08            0.37
  2014.0795           26.65            0.35
  2014.0822           24.96            0.38
  2014.0850           24.37            0.39
  2014.0876           24.54            0.37
  2014.0905           28.27            0.34
  2014.0931           30.78            0.37
  2014.0959           29.02            0.34
  2014.0986           33.18            0.37
  2014.1013           28.95            0.35
  2014.1041           27.33            0.40
  2014.1068           26.56            0.32
  2014.1096           27.19            0.34
  2014.1123           29.65            0.33
  2014.1151           27.62            0.35
  2014.1178           27.32            0.34
  2014.1206           26.85            0.33
  2014.1233           27.48            0.38
  2014.1260           28.26            0.35
  2014.1288           26.47            0.33
  2014.1315           26.11            0.35
  2014.1343           27.97            0.39
  2014.1370           27.68            0.36
  2014.1398           25.56            0.35
  2014.1425           31.79            0.43
  2014.1453           28.27            0.36
  2014.1479           28.05            0.33
  2014.1506           27.78            0.29
  2014.1534           27.38            0.34
  2014.1561           29.57            0.33
  2014.1589           27.41            0.35
  2014.1616           28.31            0.30
  2014.1644           28.83            0.33
  2014.1671           28.45            0.35
  2014.1699           33.82            0.61
  2014.1726           25.41            0.37
  2014.1753           26.56            0.37
  2014.1781           26.81            0.36
  2014.1808           26.15            0.34
  2014.1836           26.06            0.38
  2014.1863           26.28            0.36
  2014.1891           26.90            0.35
  2014.1918           26.61            0.35
  2014.1946           26.18            0.35
  2014.1973           26.14            0.36
  2014.2000           23.70            0.33
  2014.2028           28.54            0.34
  2014.2054           27.28            0.35
  2014.2083           26.96            0.37
  2014.2109           25.27            0.33
  2014.2137           25.84            0.33
  2014.2164           26.87            0.43
  2014.2192           25.58            0.34
  2014.2219           24.58            0.32
  2014.2246           26.65            0.30
  2014.2274           24.91            0.32
  2014.2301           27.86            0.36
  2014.2329           26.88            0.33
  2014.2356           28.64            0.34
  2014.2384           26.57            0.35
  2014.2411           27.00            0.35
  2014.2439           26.58            0.38
  2014.2466           27.47            0.36
  2014.2493           25.69            0.31
  2014.2521           26.17            0.31
  2014.2548           26.24            0.33
  2014.2576           25.66            0.32
  2014.2603           25.24            0.33
  2014.2631           26.08            0.32
  2014.2657           26.51            0.33
  2014.2684           28.75            0.35
  2014.2712           27.01            0.33
  2014.2739           27.78            0.33
  2014.2767           32.44            0.33
  2014.2794           25.10            0.35
  2014.2822           27.25            0.30
  2014.2849           26.90            0.30
  2014.2877           29.10            0.31
  2014.2904           28.39            0.32
  2014.2931           24.60            0.31
  2014.2959           23.07            0.29
  2014.2986           25.87            0.29
  2014.3014           25.83            0.31
  2014.3041           24.85            0.31
  2014.3069           24.52            0.30
  2014.3096           25.55            0.30
  2014.3124           24.95            0.30
  2014.3151           26.23            0.29
  2014.3177           26.63            0.29
  2014.3206           28.09            0.29
  2014.3232           28.42            0.28
  2014.3260           29.24            0.30
  2014.3287           27.32            0.32
  2014.3315           28.85            0.31
  2014.3342           31.31            0.30
  2014.3370           29.51            0.33
  2014.3397           24.45            0.32
  2014.3424           26.74            0.31
  2014.3452           27.88            0.30
  2014.3479           28.69            0.29
  2014.3507           28.05            0.38
  2014.3534           27.63            0.31
  2014.3562           28.26            0.31
  2014.3589           29.28            0.30
  2014.3617           28.28            0.30
  2014.3644           28.13            0.30
  2014.3671           29.88            0.32
  2014.3699           28.66            0.30
  2014.3726           33.84            0.30
  2014.3754           28.73            0.30
  2014.3781           29.72            0.31
  2014.3809           26.75            0.28
  2014.3835           28.84            0.30
  2014.3864           28.10            0.33
  2014.3890           26.57            0.32
  2014.3917           29.39            0.33
  2014.3945           37.17            0.31
  2014.3972           29.60            0.31
  2014.4000           28.94            0.31
  2014.4027           29.40            0.29
  2014.4055           30.44            0.32
  2014.4082           30.07            0.33
  2014.4110           29.45            0.31
  2014.4137           29.87            0.31
  2014.4164           30.35            0.30
  2014.4192           30.51            0.31
  2014.4219           28.27            0.30
  2014.4247           31.44            0.33
  2014.4274           34.11            0.33
  2014.4302           30.41            0.32
  2014.4329           33.99            0.33
  2014.4357           36.35            0.33
  2014.4384           27.51            0.31
  2014.4410           34.94            0.32
  2014.4438           26.48            0.34
  2014.4465           29.61            0.33
  2014.4493           31.18            0.31
  2014.4520           33.04            0.33
  2014.4548           27.58            0.31
  2014.4575           28.53            0.29
  2014.4603           27.50            0.29
  2014.4630           27.27            0.28
  2014.4657           27.07            0.28
  2014.4685           29.01            0.29
  2014.4712           29.91            0.29
  2014.4740           28.93            0.29
  2014.4767           27.24            0.29
  2014.4795           30.53            0.30
  2014.4822           26.82            0.31
  2014.4850           28.13            0.31
  2014.4877           28.59            0.31
  2014.4904           28.53            0.29
  2014.4932           28.50            0.30
  2014.4958           29.02            0.29
  2014.4987           29.57            0.30
  2014.5013           28.80            0.30
  2014.5042           30.47            0.30
  2014.5068           27.17            0.30
  2014.5096           29.90            0.30
  2014.5123           28.37            0.30
  2014.5150           28.69            0.29
  2014.5178           29.62            0.29
