  2007.0027            0.00            0.18
  2007.0055            0.48            0.20
  2007.0082           -1.71            0.19
  2007.0110            0.81            0.18
  2007.0137            2.12            0.18
  2007.0165           -0.02            0.18
  2007.0192            0.20            0.19
  2007.0220            1.20            0.20
  2007.0247            1.23            0.19
  2007.0273            0.37            0.19
  2007.0302            0.90            0.20
  2007.0328           -0.27            0.19
  2007.0356           -0.94            0.18
  2007.0383            3.98            0.20
  2007.0411            3.53            0.18
  2007.0438            0.40            0.19
  2007.0466            2.83            0.20
  2007.0493            3.75            0.20
  2007.0520            4.11            0.21
  2007.0548            1.48            0.19
  2007.0575            3.60            0.19
  2007.0603            2.37            0.18
  2007.0630            1.01            0.20
  2007.0658            3.97            0.20
  2007.0685            3.58            0.20
  2007.0713            4.98            0.20
  2007.0740           -1.90            0.66
  2007.0795            4.19            0.33
  2007.0822            3.54            0.17
  2007.0850            4.48            0.17
  2007.0876            2.35            0.21
  2007.0905          219.96            1.84
  2007.0931          186.79            2.32
  2007.0959          506.95            2.17
  2007.0986            5.51            0.38
  2007.1013            1.29            0.17
  2007.1041            4.79            0.17
  2007.1068            2.11            0.17
  2007.1096            3.62            0.18
  2007.1123            1.96            0.17
  2007.1151            5.73            0.19
  2007.1178            4.08            0.15
  2007.1206            2.34            0.16
  2007.1233            2.20            0.17
  2007.1260            4.45            0.17
  2007.1288            4.51            0.17
  2007.1315            1.10            0.17
  2007.1343            2.79            0.17
  2007.1370            4.79            0.18
  2007.1398            8.24            0.21
  2007.1425            4.11            0.18
  2007.1453            3.87            0.16
  2007.1479            2.89            0.16
  2007.1506            3.45            0.17
  2007.1534            2.29            0.18
  2007.1561            0.79            0.19
  2007.1589            1.79            0.19
  2007.1616            2.21            0.20
  2007.1644            5.57            0.37
