  2012.0027            0.00            0.17
  2012.0055            4.41            0.18
  2012.0082            4.24            0.17
  2012.0110            3.37            0.17
  2012.0137            3.69            0.20
  2012.0165            5.66            0.18
  2012.0192            4.71            0.18
  2012.0220            1.10            0.17
  2012.0247           -1.42            0.20
  2012.0273            5.28            0.20
  2012.0302            4.68            0.19
  2012.0328            5.63            0.18
  2012.0356            5.22            0.17
  2012.0383            4.93            0.17
  2012.0411            5.97            0.21
  2012.0438            6.57            0.17
  2012.0466            5.41            0.20
  2012.0493            4.61            0.19
  2012.0520            6.62            0.18
  2012.0548            4.08            0.21
  2012.0603            4.15            0.20
  2012.0630            2.40            0.21
  2012.0658            6.60            0.20
  2012.0685            3.92            0.24
  2012.0713            3.79            0.26
  2012.0740            5.71            0.22
  2012.0767            9.50            0.27
  2012.0795           11.80            0.23
  2012.0822           12.47            0.21
  2012.0850            7.54            0.19
  2012.0876           11.35            0.21
  2012.0905            8.12            0.22
  2012.0931            6.80            0.18
  2012.0959            7.35            0.20
  2012.0986            6.90            0.18
  2012.1013            5.84            0.20
  2012.1041            5.08            0.19
  2012.1068            7.37            0.18
  2012.1096            8.12            0.18
  2012.1123            6.08            0.16
  2012.1151            5.82            0.17
  2012.1178            4.99            0.19
  2012.1206            5.28            0.19
  2012.1233            5.82            0.18
  2012.1260            7.17            0.17
  2012.1288            6.60            0.18
  2012.1315            6.59            0.19
  2012.1343            5.33            0.19
  2012.1370            1.28            0.18
  2012.1398            5.17            0.17
  2012.1425            5.53            0.16
  2012.1453            7.96            0.16
  2012.1479            5.19            0.15
  2012.1506            4.58            0.17
  2012.1534            4.78            0.19
  2012.1561            7.96            0.19
  2012.1589           10.15            0.17
  2012.1616            6.50            0.17
  2012.1644            7.53            0.17
  2012.1671            5.56            0.18
  2012.1699            4.50            0.17
  2012.1726            6.86            0.19
  2012.1753            6.84            0.17
  2012.1781            7.57            0.21
  2012.1808            5.36            0.18
  2012.1836            5.17            0.16
  2012.1863            5.76            0.14
  2012.1891            2.81            0.14
  2012.1918            3.53            0.17
  2012.1946            7.98            0.17
  2012.1973            6.52            0.19
  2012.2000            3.87            0.19
  2012.2028            6.48            0.16
  2012.2054            5.03            0.15
  2012.2083            6.15            0.18
  2012.2109            3.45            0.17
  2012.2137            4.78            0.15
  2012.2164            4.19            0.19
  2012.2192            4.45            0.16
  2012.2219            6.67            0.17
  2012.2246            5.12            0.14
  2012.2274            4.76            0.15
  2012.2301            2.61            0.14
  2012.2329            4.39            0.17
  2012.2356            3.43            0.15
  2012.2384            0.49            0.15
  2012.2411            3.59            0.15
  2012.2439            3.78            0.15
  2012.2466            4.77            0.15
  2012.2493            3.91            0.16
  2012.2521            5.03            0.18
  2012.2548            2.07            0.17
  2012.2576            6.27            0.15
  2012.2603            2.95            0.16
  2012.2631            4.71            0.15
  2012.2657            4.08            0.14
  2012.2684            4.43            0.15
  2012.2712            7.42            0.16
  2012.2739            8.26            0.15
  2012.2767            7.92            0.14
  2012.2794            8.12            0.14
  2012.2822            7.19            0.15
  2012.2849            7.16            0.17
  2012.2877            8.63            0.15
  2012.2904            6.07            0.19
  2012.2931            5.05            0.14
  2012.2959            7.37            0.15
  2012.2986            7.29            0.15
  2012.3014            8.52            0.15
  2012.3041            8.15            0.14
  2012.3069            4.13            0.24
  2012.3096            6.52            0.13
  2012.3124            6.65            0.13
  2012.3151            8.10            0.14
  2012.3177            6.75            0.15
  2012.3206            6.18            0.14
  2012.3232            8.00            0.14
  2012.3260            9.57            0.16
  2012.3287            4.67            0.16
  2012.3315            7.48            0.16
  2012.3342            4.00            0.13
  2012.3370            7.49            0.13
  2012.3397            6.56            0.15
  2012.3424            4.07            0.15
  2012.3452            1.45            0.15
  2012.3479            4.12            0.18
  2012.3507            7.23            0.17
  2012.3534            5.50            0.15
  2012.3562            7.55            0.15
  2012.3589            7.32            0.17
  2012.3617            8.74            0.18
  2012.3644            8.38            0.15
  2012.3671            6.56            0.14
  2012.3699            6.08            0.17
  2012.3726            5.14            0.14
  2012.3754            9.18            0.15
  2012.3781            7.89            0.17
  2012.3809            7.04            0.14
  2012.3835            3.81            0.16
  2012.3864            5.46            0.14
  2012.3890            6.59            0.18
  2012.3917            8.77            0.14
  2012.3945            6.78            0.16
  2012.3972            8.75            0.16
  2012.4000            9.13            0.14
  2012.4027            8.35            0.14
  2012.4055            5.38            0.17
  2012.4110            9.18            0.17
  2012.4137            5.30            0.16
  2012.4164            7.49            0.14
  2012.4192            8.46            0.16
  2012.4219            9.33            0.17
  2012.4247            7.09            0.17
  2012.4274            8.00            0.16
  2012.4302            7.63            0.16
  2012.4329            8.10            0.16
  2012.4357            7.96            0.15
  2012.4384            7.99            0.15
  2012.4410            8.39            0.18
  2012.4438            8.25            0.16
  2012.4465            8.81            0.17
  2012.4493            4.84            0.17
  2012.4520            8.29            0.18
  2012.4548            7.64            0.16
  2012.4575            8.46            0.17
  2012.4603            9.30            0.17
  2012.4630            7.85            0.17
  2012.4657            8.92            0.16
  2012.4685            9.29            0.16
  2012.4712            8.33            0.18
  2012.4740            6.80            0.16
  2012.4767           10.40            0.16
  2012.4795            9.88            0.15
  2012.4822            8.59            0.16
  2012.4850            8.86            0.15
  2012.4877            8.40            0.16
  2012.4904            8.06            0.17
  2012.4932           13.54            0.16
  2012.4958           13.81            0.17
  2012.4987           11.82            0.17
  2012.5013            3.64            0.17
  2012.5042            7.62            0.17
  2012.5068            7.77            0.16
  2012.5096            7.71            0.17
  2012.5123            8.04            0.17
  2012.5150            7.97            0.17
  2012.5178            7.13            0.16
  2012.5205            9.27            0.16
  2012.5233            6.95            0.17
  2012.5260            5.49            0.15
  2012.5288            5.39            0.16
  2012.5315            6.76            0.16
  2012.5343            4.25            0.16
  2012.5370            7.58            0.16
  2012.5397            9.05            0.16
  2012.5425           10.52            0.17
  2012.5452            9.74            0.16
  2012.5480           10.77            0.18
  2012.5507            8.47            0.17
  2012.5535            8.61            0.17
  2012.5562            8.82            0.17
  2012.5590           10.30            0.17
  2012.5616           10.02            0.16
  2012.5643            7.82            0.16
  2012.5671            6.68            0.16
  2012.5698            7.32            0.16
  2012.5726            8.56            0.17
  2012.5753            7.72            0.16
  2012.5781            9.25            0.17
  2012.5808           10.59            0.16
  2012.5836            8.64            0.16
  2012.5863            7.39            0.18
  2012.5890            7.81            0.17
  2012.5918            7.74            0.17
  2012.5945            8.56            0.17
  2012.5973            9.15            0.27
  2012.6000            7.83            0.17
  2012.6028            2.23            0.16
  2012.6055           10.28            0.17
  2012.6083           10.02            0.17
  2012.6110            6.40            0.16
  2012.6136            8.40            0.17
  2012.6165           10.78            0.18
  2012.6191           10.76            0.18
  2012.6219           11.83            0.19
  2012.6246           11.51            0.18
  2012.6274            8.35            0.17
  2012.6301            8.57            0.19
  2012.6329           10.37            0.17
  2012.6356           13.58            0.18
  2012.6383           10.85            0.17
  2012.6411            8.58            0.17
  2012.6438           12.27            0.19
  2012.6466           10.31            0.18
  2012.6493            9.54            0.17
  2012.6521           10.04            0.18
  2012.6548            9.66            0.16
  2012.6576           10.42            0.17
  2012.6603           10.96            0.17
  2012.6630            9.06            0.18
  2012.6658            8.93            0.17
  2012.6685           17.74            0.18
  2012.6713           14.23            0.17
  2012.6740            6.87            0.19
  2012.6768            9.32            0.18
  2012.6794            9.87            0.18
  2012.6823           10.30            0.20
  2012.6849            8.92            0.18
  2012.6876            8.22            0.18
  2012.6904           10.11            0.17
  2012.6931           11.03            0.17
  2012.6959           13.67            0.17
  2012.6986            9.32            0.17
  2012.7014           10.16            0.17
  2012.7041           10.14            0.19
  2012.7069            9.08            0.16
  2012.7096           10.69            0.17
  2012.7123           12.62            0.18
  2012.7151           11.29            0.19
  2012.7178           11.57            0.19
  2012.7206           10.42            0.17
  2012.7233            5.55            0.19
  2012.7261            8.51            0.18
  2012.7288           12.48            0.17
  2012.7316           11.16            0.17
  2012.7343           13.32            0.19
  2012.7369           12.21            0.19
  2012.7397           13.19            0.18
  2012.7424           12.08            0.17
  2012.7452           13.54            0.18
  2012.7479           11.49            0.19
  2012.7507           14.97            0.19
  2012.7534           12.13            0.23
  2012.7561           13.70            0.18
  2012.7589           15.81            0.17
  2012.7616           19.04            0.18
  2012.7644           14.37            0.18
  2012.7671           10.55            0.18
  2012.7699           12.22            0.19
  2012.7726           14.16            0.17
  2012.7754           12.14            0.19
  2012.7781           15.30            0.16
  2012.7808           14.84            0.16
  2012.7836           12.72            0.16
  2012.7863           13.00            0.16
  2012.7891           12.03            0.18
  2012.7917           12.92            0.19
  2012.7946           11.07            0.19
  2012.7972           12.80            0.18
  2012.8000           14.00            0.17
  2012.8027           13.09            0.19
  2012.8054           13.40            0.20
  2012.8082           14.99            0.21
  2012.8109           14.63            0.19
  2012.8137           13.85            0.21
  2012.8164           17.87            0.19
  2012.8192           14.50            0.19
  2012.8219           22.59            0.20
  2012.8247           17.47            0.20
  2012.8274           14.96            0.18
  2012.8301           10.08            0.21
  2012.8329           15.88            0.18
  2012.8356           23.82            0.19
  2012.8384           15.92            0.18
  2012.8411           15.01            0.16
  2012.8439           20.68            0.19
  2012.8466           18.56            0.17
  2012.8494           16.57            0.20
  2012.8521           19.21            0.19
  2012.8547           17.42            0.20
  2012.8575           13.34            0.19
  2012.8602           16.65            0.21
  2012.8630           16.80            0.20
  2012.8657           16.47            0.19
  2012.8685           18.29            0.18
  2012.8712           16.27            0.17
  2012.8740           19.12            0.20
  2012.8767           17.89            0.18
  2012.8794           16.57            0.19
  2012.8822           19.02            0.19
  2012.8849           17.03            0.19
  2012.8877           17.21            0.17
  2012.8904           19.21            0.17
  2012.8932           22.89            0.21
  2012.8959           15.50            0.20
  2012.8987           18.39            0.21
  2012.9014           16.79            0.18
  2012.9041           18.67            0.72
  2012.9069           19.46            0.18
  2012.9095           18.72            0.18
  2012.9124           21.40            0.20
  2012.9150           17.83            0.25
  2012.9178           20.37            0.20
  2012.9205           21.85            0.20
  2012.9233           18.32            0.30
  2012.9260           20.32            0.20
  2012.9287           17.86            0.20
  2012.9315           16.69            0.19
  2012.9342           19.11            0.25
  2012.9370           20.84            0.20
  2012.9397           21.96            0.18
  2012.9425           19.94            0.19
  2012.9452           21.31            0.20
  2012.9480           19.29            0.20
  2012.9507           19.13            0.20
  2012.9534           19.65            0.19
  2012.9562           25.02            0.20
  2012.9589           19.89            0.20
  2012.9617           18.15            0.19
  2012.9644           18.32            0.19
  2012.9672           18.47            0.23
  2012.9698           15.76            0.23
  2012.9727           20.85            0.23
  2012.9753           22.18            0.20
  2012.9780           23.23            0.20
  2012.9808           18.17            0.21
  2012.9835           16.21            0.26
  2012.9863           22.80            0.22
  2012.9890           21.09            0.21
  2012.9918           24.05            0.18
  2012.9945           22.03            0.18
  2012.9973           20.94            0.18
  2013.0000           22.54            0.19
  2013.0027           24.55            0.22
  2013.0027           20.55            0.16
  2013.0055           26.44            0.16
  2013.0082           22.26            0.16
  2013.0110           20.71            0.16
  2013.0137           19.41            0.18
  2013.0165           21.16            0.18
  2013.0192           21.69            0.18
  2013.0220           23.03            0.16
  2013.0247           23.31            0.18
  2013.0273           23.00            0.16
  2013.0302           23.17            0.17
  2013.0328           21.07            0.16
  2013.0356           25.73            0.15
  2013.0383           24.52            0.16
  2013.0411           23.17            0.17
  2013.0438           23.30            0.19
  2013.0466           22.05            0.20
  2013.0493           26.80            0.17
  2013.0520           22.76            0.16
  2013.0548           22.75            0.16
  2013.0575           25.67            0.17
  2013.0603           23.00            0.17
  2013.0630           26.77            0.17
  2013.0658           23.08            0.18
  2013.0685           24.77            0.17
  2013.0713           24.89            0.15
  2013.0740           22.88            0.16
  2013.0767           22.21            0.17
  2013.0795           19.65            0.17
  2013.0822           24.41            0.16
  2013.0850           23.16            0.18
  2013.0876           23.01            0.18
  2013.0905           23.93            0.17
  2013.0931           20.36            0.16
  2013.0959           23.93            0.17
  2013.1013           23.27            0.19
  2013.1206           20.70            0.17
  2013.1233           25.42            0.18
  2013.1315           24.75            0.17
  2013.1343           23.28            0.15
  2013.1370           24.08            0.16
  2013.2356           20.89            0.16
  2013.2384           21.53            0.15
  2013.2466           21.14            0.16
  2013.2493           23.85            0.18
  2013.2548           23.79            0.16
  2013.2712           21.90            0.16
  2013.2794           24.03            0.15
  2013.2822           23.26            0.15
  2013.2849           24.43            0.14
  2013.2877           23.85            0.14
  2013.2904           23.63            0.15
  2013.2931           23.15            0.15
  2013.2959           22.70            0.16
  2013.2986           22.40            0.15
  2013.3014           22.86            0.16
  2013.3041           22.92            0.16
  2013.3069           20.35            0.14
  2013.3096           23.31            0.16
  2013.3124           22.26            0.17
  2013.3151           22.38            0.15
  2013.3177           20.45            0.16
  2013.3206           23.73            0.16
  2013.3232           23.12            0.16
  2013.3479           21.65            0.15
  2013.3562           21.81            0.17
  2013.3589           23.66            0.15
  2013.3617           24.58            0.29
  2013.3644           23.27            0.15
  2013.3671           21.36            0.15
  2013.3699           24.47            0.14
  2013.3945           24.64            0.15
  2013.4000           25.37            0.15
  2013.4027           21.03            0.16
  2013.4055           28.31            0.17
  2013.4082           25.42            0.15
  2013.4110           23.24            0.14
  2013.4137           27.63            0.16
  2013.4164           24.54            0.15
  2013.4192           25.51            0.16
  2013.4219           27.15            0.14
  2013.4247           24.83            0.16
  2013.4274           28.76            0.15
  2013.4302           27.53            0.14
  2013.4329           26.84            0.15
  2013.4357           26.10            0.15
  2013.4384           29.26            0.15
  2013.4410           25.59            0.14
  2013.4438           28.73            0.15
  2013.4465           26.75            0.14
  2013.4493           23.73            0.15
  2013.4520           27.92            0.15
  2013.4548           29.29            0.16
  2013.4575           25.01            0.15
  2013.4603           28.12            0.15
  2013.4630           27.73            0.15
  2013.4657           27.84            0.14
  2013.4685           28.56            0.15
  2013.4712           32.75            0.15
  2013.4740           27.55            0.14
  2013.4767           27.90            0.16
  2013.4795           28.25            0.14
  2013.4822           27.39            0.15
  2013.4850           27.92            0.15
  2013.4877           25.25            0.16
  2013.4904           29.55            0.16
  2013.4932           27.79            0.17
  2013.4958           27.49            0.15
  2013.4987           28.82            0.14
  2013.5013           24.05            0.15
  2013.5042           26.37            0.15
  2013.5068           30.37            0.15
  2013.5096           26.38            0.16
  2013.5123           26.99            0.15
  2013.5150           24.13            0.15
  2013.5178           26.86            0.15
  2013.5205           28.94            0.16
  2013.5233           29.43            0.16
  2013.5260           26.90            0.15
  2013.5288           29.37            0.14
  2013.5315           25.86            0.16
  2013.5343           28.72            0.15
  2013.5370           25.53            0.16
  2013.5397           28.43            0.15
  2013.5425           24.93            0.14
  2013.5452           29.10            0.15
  2013.5480           29.93            0.15
  2013.5507           26.68            0.13
  2013.5535           28.24            0.15
  2013.5562           31.78            0.15
  2013.5590           28.04            0.15
  2013.5616           28.36            0.15
  2013.5643           27.74            0.14
  2013.5671           27.93            0.17
  2013.5698           28.38            0.15
  2013.5726           28.45            0.15
  2013.5753           27.60            0.15
  2013.5781           26.78            0.15
  2013.5808           26.76            0.15
  2013.5836           27.91            0.15
  2013.5863           30.16            0.15
  2013.5890           29.72            0.16
  2013.5918           27.04            0.16
  2013.5945           30.47            0.16
  2013.5973           31.63            0.15
  2013.6000           30.48            0.16
  2013.6028           29.04            0.15
  2013.6055           30.00            0.15
  2013.6083           31.61            0.15
  2013.6110           30.13            0.16
  2013.6136           26.70            0.17
  2013.6165           25.16            0.16
  2013.6191           28.71            0.16
  2013.6219           28.77            0.16
  2013.6246           24.23            0.15
  2013.6274           26.91            0.14
  2013.6301           21.77            0.14
  2013.6329           25.80            0.15
  2013.6356           25.73            0.15
  2013.6383           25.85            0.15
  2013.6411           25.47            0.14
  2013.6438           29.07            0.15
  2013.6466           26.29            0.16
  2013.6493           29.33            0.16
  2013.6521           27.95            0.15
  2013.6548           31.32            0.16
  2013.6576           27.58            0.15
  2013.6603           30.21            0.16
  2013.6630           30.08            0.15
  2013.6658           29.77            0.16
  2013.6685           26.09            0.15
  2013.6713           27.66            0.16
  2013.6740           28.12            0.16
  2013.6768           31.25            0.18
  2013.6794           31.48            0.17
  2013.6823           31.70            0.17
  2013.6849           28.28            0.18
  2013.6876           29.55            0.18
  2013.6904           25.74            0.18
  2013.6931           23.55            0.17
  2013.6959           30.37            0.17
  2013.6986           28.28            0.18
  2013.7014           28.95            0.17
  2013.7041           29.73            0.17
  2013.7069           29.15            0.17
  2013.7096           29.99            0.16
  2013.7123           30.34            0.17
  2013.7151           30.71            0.16
  2013.7178           32.42            0.17
  2013.7206           29.83            0.16
  2013.7233           29.84            0.17
  2013.7261           30.92            0.17
  2013.7288           29.80            0.17
  2013.7316           31.27            0.15
  2013.7343           32.32            0.15
  2013.7369           31.22            0.19
  2013.7397           31.62            0.17
  2013.7424           29.89            0.17
  2013.7561           33.25            0.16
  2013.7589           33.36            0.16
  2013.7616           32.61            0.15
  2013.7644           33.17            0.16
  2013.7671           32.35            0.18
  2013.7699           37.87            0.16
  2013.7726           32.66            0.17
  2013.7754           31.53            0.19
  2013.7781           32.41            0.19
  2013.7808           31.35            0.19
  2013.7836           31.35            0.18
  2013.7863           31.98            0.18
  2013.7891           31.35            0.23
  2013.7917           53.89            7.54
  2013.7972           15.15            1.05
  2013.8000           14.29           24.90
  2013.8027          -95.75           87.69
  2013.8054          162.14            0.36
  2013.8082           54.40          108.46
  2013.8137           47.50           57.65
  2013.8164           36.26           32.35
  2013.8247           41.06           11.59
  2013.8274          195.02           19.99
  2013.8301           94.18            0.17
  2013.8356          147.05           30.24
  2013.8411           34.15           64.99
  2013.8439          168.76           75.19
  2013.8494           44.95            9.73
  2013.8521          -27.54           42.34
  2013.8575           65.10           86.46
  2013.8602           28.20            4.13
  2013.8630           19.56           15.58
  2013.8657           57.84           59.06
  2013.8685          -42.95           20.38
  2013.8712           21.40           29.72
  2013.8740           41.71           43.00
  2013.8877          -13.52          116.75
  2013.8932          210.97           32.85
  2013.8959           16.63           35.76
  2013.8987           37.94            5.32
  2013.9014           93.53           64.61
  2013.9041            9.86           18.27
  2013.9069           -6.69           62.76
  2013.9124           28.18           10.82
  2013.9150           37.11           56.39
  2013.9205           71.71            0.37
  2013.9233           -9.54           11.15
  2013.9287           97.29           17.88
  2013.9315           41.79           40.16
  2013.9342           11.41           31.91
  2013.9397           78.54           36.31
  2013.9452           -2.09           45.87
  2013.9480           38.28            7.19
  2013.9507           55.68          132.46
  2013.9534           44.12           39.95
  2013.9562          -12.20           14.09
  2013.9617          -29.40            2.95
  2013.9644          223.04          151.26
  2013.9672          155.97           43.58
  2014.0027          -21.77           20.22
  2014.0055          115.40           13.86
  2014.0082           39.34           53.07
  2014.0137           83.97           79.21
  2014.0165          -60.49            5.68
  2014.0192           49.18           17.52
  2014.0247         -164.84           11.59
  2014.0273          -74.65           46.01
  2014.0302           29.33          110.15
  2014.0328          -11.53            9.02
  2014.0356           -3.14           12.90
  2014.0383           32.63           43.77
  2014.0411           69.80           62.71
  2014.0493          -20.76           17.83
  2014.0548           75.56           28.74
  2014.0630           33.61           16.03
  2014.0685           52.22           32.03
  2014.0713           21.38           33.80
  2014.0740          -35.21           49.04
  2014.0767         -143.40           51.12
  2014.0822           79.94           54.07
  2014.0850           95.69           24.82
  2014.0905           74.78           47.73
  2014.0931           74.35            5.27
  2014.1068           73.00           80.85
  2014.1096         -123.77           22.51
  2014.1151         -208.68          175.50
  2014.1178          -88.22           20.31
  2014.1206          144.98           44.07
  2014.1233           98.65           14.60
  2014.1260           79.26            4.12
  2014.1288          178.37            1.16
  2014.1315            4.51            0.21
  2014.1343          169.88           24.84
  2014.1370           22.29           58.04
  2014.1425          -47.89           88.08
  2014.1534           14.02           33.59
  2014.1561          115.33           97.44
  2014.1589           41.63           55.33
  2014.1616           81.23           24.57
  2014.1671          102.26           31.09
  2014.1699           24.72           20.00
  2014.1753           24.45           46.00
  2014.1781           -4.25           78.45
  2014.1808          126.37           26.09
  2014.1836          -70.39           18.68
  2014.1863           20.20           25.98
  2014.1891            7.22           59.52
  2014.1946          -97.12           48.85
  2014.1973           51.70            1.43
  2014.2028          -89.18           59.05
  2014.2054           82.40           29.79
  2014.2137          152.64           51.03
  2014.2164          108.63           41.51
  2014.2192          -10.87           78.25
  2014.2246            5.49           58.20
  2014.2274           19.78           64.09
  2014.2439           59.63           58.87
  2014.2493          114.32           56.21
  2014.2521         -186.66           26.28
