  2010.0302            0.00            2.08
  2010.0328          -10.96            1.98
  2010.0356           -4.48            1.88
  2010.0383           -6.27            1.87
  2010.0411           -8.93            1.97
  2010.0438           -5.37            1.90
  2010.0466            1.21            1.83
  2010.0493          -10.00            1.85
  2010.0520           -0.82            1.89
  2010.0548           -3.73            1.86
  2010.0575            0.54            1.89
  2010.0603           -2.39            1.82
  2010.0630           -4.92            1.83
  2010.0658            2.43            1.96
  2010.0685           -2.12            1.86
  2010.0713            0.93            1.98
  2010.0740          -11.54            1.98
  2010.0767           -3.20            2.03
  2010.0795            1.88            1.93
  2010.0822           -4.62            1.88
  2010.0850           -4.79            1.79
  2010.0876           -6.05            1.79
  2010.0905           15.41            2.05
  2010.0931           -5.73            1.95
  2010.0959           -5.91            1.87
  2010.0986            3.80            1.89
  2010.1013            8.96            2.03
  2010.1041           -9.09            2.05
  2010.1068           -8.62            1.88
  2010.1808         -465.24            2.07
  2010.1836         -467.28            1.97
  2010.1863         -462.03            1.92
  2010.1891         -454.86            5.73
  2010.1918         -464.03            1.81
  2010.1946         -460.96            1.82
  2010.1973         -467.49            1.84
  2010.2028         -462.14            1.81
  2010.2054         -468.57            1.81
  2010.2109         -457.98            1.81
  2010.2137         -459.54            1.78
  2010.2164         -465.45            1.95
  2010.2192         -464.13            1.98
  2010.2219         -461.94            1.80
  2010.2246         -459.25            1.82
