  2007.0027            0.00            1.47
  2007.0055           -5.99            1.56
  2007.0082           -2.77            1.57
  2007.0110           -5.69            1.42
  2007.0137           -4.83            1.37
  2007.0165           -5.36            1.42
  2007.0192           -4.41            1.46
  2007.0220           -2.44            1.45
  2007.0247           -2.74            1.44
  2007.0273           -4.74            1.43
  2007.0302           -0.84            1.45
  2007.0328           -1.29            1.40
  2007.0356           -3.49            1.34
  2007.0383           -3.46            1.54
  2007.0411           -5.52            1.49
  2007.0438          -12.70            1.51
  2007.0466           -5.85            1.45
  2007.0493           -4.60            1.51
  2007.0520           -4.53            1.46
  2007.0548           -4.40            1.41
  2007.0575           -5.06            1.44
  2007.0603           -3.69            1.52
  2007.0630           -4.18            1.47
  2007.0658           -7.22            1.40
  2007.0685            1.53            1.51
  2007.0713           -4.20            1.43
  2007.0740           -8.63            1.62
  2007.0767           -2.41            1.48
  2007.0795           -1.76            1.47
  2007.0822           -3.52            1.43
  2007.0850           -2.15            1.44
  2007.0876           -2.44            1.44
  2007.0905           -7.71            1.78
  2007.0931           -9.71            1.95
  2007.0959          -23.67            1.86
  2007.0986          -10.17            1.73
  2007.1013           -5.63            1.56
  2007.1041           -3.02            1.53
  2007.1068           -5.97            1.51
  2007.1096           -3.50            1.54
  2007.1123           -1.94            1.47
  2007.1151           -1.19            1.55
  2007.1178           -0.96            1.41
  2007.1206            0.81            1.51
  2007.1233           -0.46            1.54
  2007.1260            1.64            1.59
  2007.1288           -2.38            1.56
  2007.1315            0.08            1.50
  2007.1343            3.75            1.53
  2007.1370            2.40            1.49
  2007.1398            3.04            1.64
  2007.1425            5.18            1.54
  2007.1453           -0.41            1.46
  2007.1479           -0.62            1.40
  2007.1506           -0.04            1.44
  2007.1534            2.85            1.52
  2007.1561            1.16            1.55
  2007.1589            1.94            1.49
  2007.1616            3.67            1.50
  2007.1644            2.14            1.56
  2007.1671            4.45            1.49
  2007.1699            4.14            1.50
  2007.1726           -7.03            1.50
  2007.1753           -1.99            1.57
  2007.1781            0.34            1.50
  2007.1808            1.25            1.53
  2007.1836            1.95            1.59
  2007.1863            5.54            1.54
  2007.1891            2.26            1.51
  2007.1918           -0.25            1.54
  2007.1946            1.67            1.63
  2007.1973           -4.38            1.67
  2007.2000           -2.33            1.63
  2007.2028           -0.03            1.53
  2007.2054           -3.63            1.51
  2007.2083           -1.94            1.54
  2007.2109           -5.77            3.95
  2007.2137           -7.82            1.58
  2007.2164           -3.00            1.57
  2007.2192           -1.26            1.57
  2007.2219           -6.33            1.62
  2007.2246            0.85            1.68
  2007.2274           -4.12            1.66
  2007.2301           -1.62            1.74
  2007.2329           -3.78            1.60
  2007.2356           -1.97            1.62
  2007.2384            2.63            1.66
  2007.2411           -1.76            1.62
  2007.2439            2.09            1.69
  2007.2466           -2.77            1.62
  2007.2493           -0.78            1.67
  2007.2521            2.73            1.61
  2007.2548           -4.53            1.54
  2007.2576            4.34            1.58
  2007.2603            1.02            1.58
  2007.2631            6.17            1.58
  2007.2657           -2.76            1.47
  2007.2684            1.29            1.53
  2007.2712           -0.19            1.59
  2007.2739            2.45            1.61
  2007.2767            3.11            1.54
  2007.2794            4.93            1.46
  2007.2822            4.21            1.43
  2007.2849            4.28            1.46
  2007.2877            7.28            1.51
  2007.2904            6.63            1.54
  2007.2931            7.16            1.57
  2007.2959            7.57            1.48
  2007.2986            3.52            1.58
  2007.3014            5.41            1.42
  2007.3041            5.22            1.49
  2007.3069            5.41            1.43
  2007.3096            7.19            1.41
  2007.3124            5.45            1.42
  2007.3151            7.45            1.42
  2007.3177            6.15            1.38
  2007.3206            9.17            1.37
  2007.3232            7.74            1.40
  2007.3260            5.79            1.35
  2007.3287            4.70            1.44
  2007.3315            3.54            1.38
  2007.3342            4.40            1.34
  2007.3370            6.51            1.37
  2007.3397            5.64            1.39
  2007.3424            9.57            1.30
  2007.3452           10.36            1.34
  2007.3479            7.96            1.30
  2007.3507           10.44            1.60
  2007.3534            7.74            1.27
  2007.3562            9.67            1.29
  2007.3589            7.45            1.33
  2007.3617            8.55            1.29
  2007.3644            7.47            1.30
  2007.3671            6.36            1.34
  2007.3699            8.20            1.36
  2007.3726            9.80            1.41
  2007.3754            3.26            1.44
  2007.3781            5.70            1.37
  2007.3809            8.14            1.32
  2007.3835            5.98            1.42
  2007.3864            9.51            1.35
  2007.3890           10.94            1.57
  2007.3917           10.01            1.44
  2007.3945           11.79            1.33
  2007.3972           10.15            1.44
  2007.4000           11.14            1.35
  2007.4027            9.95            1.33
  2007.4055           11.51            1.33
  2007.4082           10.28            1.39
  2007.4110           12.29            1.36
  2007.4137           10.38            1.49
  2007.4164            9.52            1.44
  2007.4192           11.38            1.37
  2007.4219           13.36            1.41
  2007.4247           13.11            1.41
  2007.4274           12.58            1.38
  2007.4302           14.05            1.36
  2007.4329           12.01            1.43
  2007.4357           12.36            1.43
  2007.4384           12.70            1.52
  2007.4410           10.54            1.39
  2007.4438            9.57            1.48
  2007.4465           11.66            1.42
  2007.4493           11.87            1.43
  2007.4520           11.05            1.34
  2007.4548           15.57            1.40
  2007.4575           11.75            1.67
  2007.4603           10.27            1.31
  2007.4630           11.15            1.44
  2007.4657            8.33            1.36
  2007.4685           10.27            1.46
  2007.4712           11.30            1.31
  2007.4740           10.12            1.33
  2007.4767            9.12            1.34
  2007.4795           11.53            1.34
  2007.4822           11.51            1.36
  2007.4850           12.72            1.28
  2007.4877           12.02            1.30
  2007.4904           11.01            1.30
  2007.4932           11.94            1.29
  2007.4958           11.40            1.30
  2007.4987           13.52            1.32
  2007.5013           12.50            1.26
  2007.5042           10.84            1.29
  2007.5068           10.86            1.32
  2007.5096           12.02            1.34
  2007.5123           13.20            1.34
  2007.5150           14.44            1.34
  2007.5178           15.43            1.28
  2007.5205           16.99            1.25
  2007.5233           15.13            1.28
  2007.5260           19.26            1.29
  2007.5288           15.13            1.28
  2007.5315            9.63            1.27
  2007.5343           14.90            1.24
  2007.5370           13.92            1.33
  2007.5397           14.99            1.24
  2007.5425           18.57            1.32
  2007.5452           14.59            1.29
  2007.5480           15.40            1.29
  2007.5507           14.06            1.30
  2007.5535           12.45            1.27
  2007.5562           14.81            1.30
  2007.5590           14.27            1.33
  2007.5616           14.88            1.24
  2007.5643           15.47            1.32
  2007.5671           14.29            1.35
  2007.5698           16.06            1.29
  2007.5726           16.16            1.24
  2007.5753           14.62            1.34
  2007.5781           15.54            1.28
  2007.5808           16.88            1.33
  2007.5836           16.69            1.28
  2007.5863           17.34            1.25
  2007.5890           17.34            1.24
  2007.5918           16.35            1.24
  2007.5945           15.92            1.28
  2007.5973           18.27            1.33
  2007.6000           13.48            1.41
  2007.6028           16.43            1.41
  2007.6055           15.94            1.39
  2007.6083           14.93            1.30
  2007.6110           14.78            1.33
  2007.6136           16.80            1.35
  2007.6165           14.32            1.33
  2007.6191           14.01            1.37
  2007.6219           14.23            1.30
  2007.6246           17.09            1.26
  2007.6274           18.40            1.25
  2007.6301           15.97            1.27
  2007.6329           14.71            1.28
  2007.6356           14.94            1.29
  2007.6383           14.55            1.31
  2007.6411           15.52            1.27
  2007.6438           12.87            1.32
  2007.6466           14.37            1.31
  2007.6493           13.04            1.38
  2007.6521           14.81            1.48
  2007.6548           12.51            1.37
  2007.6576           15.21            1.40
  2007.6603           11.73            1.39
  2007.6630           10.11            1.37
  2007.6658           16.28            1.33
  2007.6685           12.04            1.38
  2007.6713           24.60            2.40
  2007.7014            9.43            2.63
  2007.7041           13.43            1.42
  2007.7069           10.40            1.37
  2007.7096           20.32            1.57
  2007.7123           19.08            1.58
  2007.7151           13.45            1.44
  2007.7178           12.25            1.48
  2007.7206            9.40            1.77
  2007.7343           13.86            2.13
  2007.7369           14.07            1.41
  2007.7397           19.09            1.41
  2007.7424           17.90            1.33
  2007.7452           16.39            1.31
  2007.7479           17.89            1.30
  2007.7507           12.79            1.39
  2007.7534           14.95            1.40
  2007.7561           14.18            1.37
  2007.7589           14.41            1.37
  2007.7616           18.91            1.41
  2007.7644           21.44            1.29
  2007.7671           19.84            1.36
  2007.7699           18.47            1.36
  2007.7726           18.71            1.40
  2007.7754           14.79            1.33
  2007.7781           21.77            1.33
  2007.7808           20.13            1.27
  2007.7836           19.24            1.33
  2007.7863           23.09            1.27
  2007.7891           23.14            1.27
  2007.7917           12.77            1.35
  2007.7946           21.33            1.35
  2007.7972           19.13            1.36
  2007.8000           21.39            1.31
  2007.8027           17.66            1.41
  2007.8054           21.15            1.33
  2007.8082           14.72            1.38
  2007.8109           20.29            1.38
  2007.8137           17.10            1.48
  2007.8164           17.83            1.44
  2007.8192           18.19            1.41
  2007.8219           22.35            1.31
  2007.8247           17.88            1.39
  2007.8274           19.98            1.45
  2007.9287           54.25           17.91
  2007.9315           31.98            1.28
  2007.9342           30.98            1.31
  2007.9370           31.77            1.33
  2007.9397           31.91            1.38
  2007.9425           36.71            1.39
  2007.9452           31.58            1.32
  2007.9480           33.54            1.37
  2007.9507           33.26            1.47
  2007.9534           32.98            1.42
  2007.9562           33.48            1.33
  2007.9589           34.02            1.29
  2007.9617           33.10            1.33
  2007.9644           33.71            1.31
  2007.9672           31.98            1.30
  2007.9698           30.44            1.40
  2007.9727           30.59            1.38
  2007.9753           32.82            1.34
  2007.9780           32.96            1.31
  2007.9808           32.61            1.32
  2007.9835           28.39            1.44
  2007.9863           31.10            1.34
  2007.9890           32.40            1.41
  2007.9918           34.35            1.37
  2007.9945           33.62            1.34
  2007.9973           33.44            1.43
  2008.0000           33.70            1.34
  2008.0027           32.34            1.38
  2008.0055           32.25            1.47
  2008.0082           33.52            1.38
  2008.0110           34.09            1.29
  2008.0137           34.67            1.33
  2008.0165           34.14            1.45
  2008.0192           34.53            1.45
  2008.0220           36.18            1.49
  2008.0247           38.22            1.56
  2008.0273           36.27            1.52
  2008.0302           40.99            1.36
  2008.0328           38.27            1.36
  2008.0356           35.97            1.40
  2008.0383           34.70            1.39
  2008.0411           34.85            1.41
  2008.0438           36.75            1.45
  2008.0466           35.16            1.37
  2008.0493           36.85            1.47
  2008.0520           37.59            1.32
  2008.0548           36.47            1.42
  2008.0575           37.87            1.37
  2008.0603           39.26            1.39
  2008.0630           39.62            1.35
  2008.0658           41.08            1.32
  2008.0685           41.14            1.35
  2008.0713           42.91            1.38
  2008.0740           40.67            1.33
  2008.0767           41.76            1.36
  2008.0795           40.23            1.30
  2008.0822           42.86            1.32
  2008.0850           40.84            1.39
  2008.0876           41.21            1.37
  2008.0905           38.01            1.33
  2008.0931           41.10            1.29
  2008.0959           41.42            1.30
  2008.0986           44.61            1.36
  2008.1013           41.52            1.42
  2008.1041           41.27            1.32
  2008.1068           43.55            1.31
  2008.1096           43.83            1.32
  2008.1123           41.42            1.29
  2008.1151           39.94            1.33
  2008.1178           40.92            1.30
  2008.1206           41.78            1.30
  2008.1233           42.51            1.36
  2008.1260           40.30            1.35
  2008.1288           41.09            1.34
  2008.1315           40.76            1.43
  2008.1343           38.22            1.39
  2008.1370           41.62            1.34
  2008.1398           37.74            1.44
  2008.1425           39.43            1.36
  2008.1453           37.67            1.33
  2008.1479           41.83            1.35
  2008.1506           42.63            1.35
  2008.1534           43.52            1.34
  2008.1561           44.22            1.32
  2008.1589           41.00            1.32
  2008.1616           40.01            1.41
  2008.1644           41.52            1.35
  2008.1671           42.72            1.30
  2008.1699           40.67            1.33
  2008.1726           43.67            1.25
  2008.1753           44.01            1.23
  2008.1781           42.09            1.28
  2008.1808           44.01            1.29
  2008.1836           43.25            1.27
  2008.1863           43.40            1.28
  2008.1891           44.26            1.32
  2008.1918           43.47            1.30
  2008.1946           44.46            1.26
  2008.1973           44.87            1.28
  2008.2000           45.02            1.28
  2008.2028           42.36            1.25
  2008.2054           44.68            1.32
  2008.2083           45.34            1.81
  2008.2109           45.81            1.32
  2008.2137           44.35            1.40
  2008.2164           45.19            1.35
  2008.2192           45.92            1.28
  2008.2219           44.35            1.33
  2008.2246           45.84            1.55
  2008.2274           46.08            1.28
  2008.2301           45.57            1.28
  2008.2329           47.24            1.31
  2008.2356           46.59            1.35
  2008.2384           46.41            1.42
  2008.2411           45.51            1.28
  2008.2439           46.14            1.30
  2008.2466           47.03            1.26
  2008.2493           46.73            1.28
  2008.2521           46.56            1.31
  2008.2548           46.25            1.29
  2008.2576           49.13            1.31
  2008.2603           47.61            1.31
  2008.2631           48.26            1.24
  2008.2657           47.83            1.27
  2008.2684           47.51            1.31
  2008.2712           47.44            1.25
  2008.2739           46.81            1.22
  2008.2767           44.99            1.28
  2008.2794           45.20            1.30
  2008.2822           46.76            1.29
  2008.2849           48.47            1.21
  2008.2877           48.58            1.20
  2008.2904           49.11            1.28
  2008.2931           49.22            1.26
  2008.2959           49.24            1.21
  2008.2986           47.12            1.20
  2008.3014           48.77            1.23
  2008.3041           47.47            1.24
  2008.3069           47.81            1.22
  2008.3096           49.27            1.26
  2008.3124           47.74            1.22
  2008.3151           47.41            1.22
  2008.3177           47.67            1.25
  2008.3206           47.61            1.34
  2008.3232           46.94            1.38
  2008.3260           48.44            1.43
  2008.3287           38.85           13.15
  2008.3315           49.58            1.24
  2008.3342           50.36            1.23
  2008.3370           50.75            1.27
  2008.3397           49.80            1.27
  2008.3424           49.87            1.24
  2008.3452           50.15            1.26
  2008.3479           49.63            1.25
  2008.3507           49.37            1.24
  2008.3534           50.38            1.36
  2008.3562           49.19            1.32
  2008.3589           49.99            1.24
  2008.3617           49.15            1.25
  2008.3644           49.02            1.22
  2008.3671           49.68            1.28
  2008.3699           49.77            1.62
  2008.3726           48.99            1.27
  2008.3754           49.88            1.24
  2008.3781           50.57            1.52
  2008.5260           61.70            2.29
  2008.5288           54.79            1.27
  2008.5315           50.57            1.33
  2008.5343           51.47            1.26
  2008.5370           53.19            1.26
  2008.5397           57.40            1.25
  2008.5425           54.85            1.27
  2008.5452           57.07            1.33
  2008.5480           56.74            1.19
  2008.5507           57.56            1.25
  2008.5535           56.34            1.19
  2008.5562           57.10            1.29
  2008.5590           56.01            1.23
  2008.5616           57.05            1.26
  2008.5643           56.66            1.25
  2008.5671           56.40            1.23
  2008.5698           56.14            1.23
  2008.5726           56.69            1.24
  2008.5753           56.09            1.25
  2008.5781           55.75            1.23
  2008.5808           53.80            1.27
  2008.5836           54.89            1.21
  2008.5890           55.04            1.22
  2008.5918           55.54            1.25
  2008.5945           56.53            1.32
  2008.5973           56.23            1.26
  2008.6000           55.99            1.29
  2008.6028           56.45            1.30
  2008.6055           57.85            1.31
  2008.6083           56.97            1.24
  2008.6110           56.01            1.27
  2008.6136           55.14            1.32
  2008.6165           56.68            1.26
  2008.6191           57.68            1.23
  2008.6219           55.98            1.27
  2008.6246           54.52            1.32
  2008.6274           55.78            1.32
  2008.6301           58.50            1.25
  2008.6329           60.04            1.27
  2008.6356           59.05            1.21
  2008.6383           59.03            1.22
  2008.6411           58.37            1.21
  2008.6438           58.83            1.22
  2008.6466           58.17            1.24
  2008.6493           56.98            1.23
  2008.6521           61.24            1.26
  2008.6548           58.40            1.31
  2008.6576           59.44            1.35
  2008.6603           63.09            1.32
  2008.6630           61.58            1.27
  2008.6658           60.48            1.26
  2008.6685           62.12            1.26
  2008.6713           59.71            1.30
  2008.6740           60.09            1.35
  2008.6768           62.69            1.26
  2008.6794           63.52            1.28
  2008.6823           62.60            1.28
  2008.6849           62.28            1.29
  2008.6876           52.72            1.26
  2008.6904           53.92            1.26
  2008.6931           53.86            1.25
  2008.6959           52.28            1.33
  2008.6986           53.53            1.27
  2008.7014           54.56            1.24
  2008.7041           54.32            1.22
  2008.7069           62.76            1.24
  2008.7096           63.31            1.22
  2008.7123           63.42            1.23
  2008.7151           62.08            1.27
  2008.7178           62.13            1.23
  2008.7206           64.07            1.21
  2008.7233           64.21            1.24
  2008.7261           62.37            1.19
  2008.7288           62.44            1.26
  2008.7316           63.17            1.23
  2008.7343           62.34            1.22
  2008.7369           62.39            1.22
  2008.7397           61.15            1.29
  2008.7424           63.28            1.26
  2008.7452           63.09            1.30
  2008.7479           65.01            1.22
  2008.7507           62.85            1.26
  2008.7534           63.02            1.34
  2008.7561           62.95            1.30
  2008.7589           64.60            1.36
  2008.7616           65.04            1.29
  2008.7644           66.04            1.29
  2008.7671           66.18            1.30
  2008.7699           65.59            1.27
  2008.7726           65.49            1.28
  2008.7754           64.23            1.26
  2008.7781           59.60            1.42
  2008.7808           63.95            1.32
  2008.7836           63.58            3.10
  2008.7863           64.63            1.26
  2008.7891           64.40            1.29
  2008.7917           63.23            1.40
  2008.7946           63.68            1.32
  2008.7972           63.01            1.26
  2008.8000           63.15            1.33
  2008.8027           63.10            1.35
  2008.8054           63.96            1.29
  2008.8082           64.42            1.34
  2008.8109           63.81            1.36
  2008.8137           64.80            1.26
  2008.8164           64.62            1.29
  2008.8192           65.37            1.33
  2008.8219           63.55            1.26
  2008.8247           63.52            1.25
  2008.8274           65.72            1.26
  2008.8301           63.77            1.29
  2008.8329           65.18            1.30
  2008.8356           65.24            1.28
  2008.8384           65.61            1.30
  2008.8411           65.73            1.33
  2008.8439           66.29            1.33
  2008.8466           67.19            1.38
  2008.8494           65.75            1.35
  2008.8521           65.28            1.39
  2008.8547           64.48            1.38
  2008.8575           67.58            1.43
  2008.8602           65.17            1.50
  2008.8630           65.32            1.47
  2008.8657           65.95            1.44
  2008.8685           63.84            1.44
  2008.8712           63.85            1.43
  2008.8740           65.00            1.36
  2008.8767           65.91            1.42
  2008.8794           65.03            1.31
  2008.8822           63.95            1.34
  2008.8849           65.18            1.31
  2008.8877           67.37            1.28
  2008.8904           65.26            1.33
  2008.8932           66.14            1.30
  2008.8959           68.00            1.33
  2008.8987           67.43            1.36
  2008.9014           64.41            1.36
  2008.9041           64.14            1.37
  2008.9069           69.83            1.35
  2008.9095           66.51            1.43
  2008.9124           70.97            1.42
  2008.9150           67.83            1.34
  2008.9178           68.40            1.36
  2008.9205           66.44            1.35
  2008.9233           67.64            1.29
  2008.9260           65.50            1.30
  2008.9287           66.47            1.31
  2008.9315           66.41            1.28
  2008.9342           65.80            1.28
  2008.9370           66.94            1.33
  2008.9397           67.81            1.46
  2008.9425           69.68            1.59
  2008.9452           69.60            1.35
  2008.9480           68.79            1.34
  2008.9507           68.79            1.37
  2008.9534           68.55            1.35
  2008.9562           68.15            1.35
  2008.9589           69.30            1.37
  2008.9617           72.27            1.36
  2008.9644           72.72            1.43
  2008.9672           74.36            1.39
  2008.9698           72.03            1.39
  2008.9727           70.67            1.42
  2008.9753           70.24            1.39
  2008.9780           68.87            1.32
  2008.9808           68.87            1.33
  2008.9835           66.24            1.37
  2008.9863           69.13            1.38
  2008.9890           71.22            1.35
  2008.9918           69.39            1.40
  2008.9945           67.51            1.39
  2008.9973           71.50            1.43
  2009.0000           68.98            1.37
  2009.0027           71.14            1.32
  2009.0027           70.47            1.29
  2009.0055           68.82            1.27
  2009.0082           71.68            1.28
  2009.0110           69.55            1.28
  2009.0137           68.94            1.31
  2009.0165           70.02            1.32
  2009.0192           68.80            1.29
  2009.0220           70.24            1.29
  2009.0247           71.55            1.25
  2009.0273           72.38            1.30
  2009.0302           69.42            1.29
  2009.0328           73.69            1.35
  2009.0356           69.89            1.33
  2009.0383           72.87            1.38
  2009.0411           71.40            1.33
  2009.0438           70.32            1.34
  2009.0466           70.72            1.33
  2009.0493           69.75            1.31
  2009.0520           72.59            1.25
  2009.0548           72.03            1.27
  2009.0575           70.18            1.26
  2009.0603           69.90            1.29
  2009.0630           70.48            1.28
  2009.0658           70.40            1.30
  2009.0685           69.47            1.26
  2009.0713           71.11            1.25
  2009.0740           71.72            1.49
  2009.0767           70.78            1.30
  2009.0795           71.52            1.30
  2009.0822           69.44            1.33
  2009.0850           70.04            1.33
  2009.0876           72.49            1.28
  2009.0905           71.73            1.28
  2009.0931           71.77            1.31
  2009.0959           74.44            1.35
  2009.0986           73.82            1.38
  2009.1013           70.86            1.31
  2009.1041           72.05            1.26
  2009.1068           71.02            1.30
  2009.1096           74.83            1.41
  2009.1123           72.54            1.37
  2009.1151           70.72            1.35
  2009.1178           72.33            1.30
  2009.1206           72.83            1.27
  2009.1233           73.74            1.27
  2009.1260           72.89            1.29
  2009.1288           74.90            1.33
  2009.1315           76.01            1.71
  2009.1343           72.53            1.28
  2009.1370           73.65            1.35
  2009.1398           74.35            1.32
  2009.1425           76.87            1.31
  2009.1453           73.84            1.29
  2009.1479           76.45            1.30
  2009.1506           74.25            1.25
  2009.1534           74.69            1.31
  2009.1561           73.53            1.34
  2009.1589           72.35            1.29
  2009.1616           73.69            1.33
  2009.1644           72.91            2.39
  2009.1671           73.15            1.37
  2009.1699           73.87            1.36
  2009.1726           74.29            1.34
  2009.1753           74.51            1.28
  2009.1781           74.29            1.24
  2009.1808           76.90            1.33
  2009.1836           76.02            1.30
  2009.1863           75.84            1.28
  2009.1891           76.40            1.27
  2009.1918           75.79            1.33
  2009.1946           76.05            1.28
  2009.1973           75.28            1.29
  2009.2000           75.17            1.26
  2009.2028           79.06            1.22
  2009.2054           77.98            1.42
  2009.2083           78.75            1.21
  2009.2109           79.99            1.31
  2009.2137           78.06            1.28
  2009.2164           80.04            1.24
  2009.2192           78.70            1.23
  2009.2219           77.18            1.32
  2009.2246           80.91            1.39
  2009.2274           80.25            1.40
  2009.2301           78.30            1.27
  2009.2329           80.03            1.24
  2009.2356           78.00            1.25
  2009.2384           78.68            1.29
  2009.2411           77.09            1.28
  2009.2439           78.76            1.25
  2009.2466           78.36            1.25
  2009.2493           82.64            1.23
  2009.2521           81.93            1.31
  2009.2548           81.62            1.34
  2009.2576           79.81            1.27
  2009.2603           76.84            2.36
  2009.2631           78.30            1.23
  2009.2657           78.41            1.24
  2009.2684           76.79            1.30
  2009.2712           75.97            1.21
  2009.2739           75.81            1.22
  2009.2767           76.76            1.18
  2009.2794           78.86            1.26
  2009.2822           77.70            1.21
  2009.2849           78.58            1.21
  2009.2877           79.14            1.22
  2009.2904           77.36            1.28
  2009.2931           80.06            1.22
  2009.2959           80.46            1.19
  2009.2986           78.40            1.19
  2009.3014           78.60            1.21
  2009.3124           81.26            1.28
  2009.3151           81.69            1.26
  2009.3177           83.25            1.22
  2009.3206           82.44            1.34
  2009.3232           82.40            1.27
  2009.3260           80.83            1.22
  2009.3315           81.86            1.25
  2009.3342           81.69            1.24
  2009.3370           81.53            1.28
  2009.3397           82.20            1.39
  2009.3424           80.48            1.26
  2009.3452           82.42            1.31
  2009.3479           80.22            1.22
  2009.3507           80.97            1.24
  2009.3534           81.28            1.23
  2009.3562           79.85            1.25
  2009.3589           79.22            1.25
  2009.3617           80.08            1.28
  2009.3644           80.15            1.23
  2009.3671           83.68            1.22
  2009.3699           79.41            1.29
  2009.3726           81.06            1.25
  2009.3754           80.49            1.24
  2009.3781           81.36            1.22
  2009.3809           81.36            1.20
  2009.3835           80.46            1.26
  2009.3864           82.64            1.22
  2009.3890           80.37            1.24
  2009.3917           79.83            1.21
  2009.3945           81.82            1.25
  2009.3972           80.47            1.29
  2009.4000           82.68            1.24
  2009.4027           83.86            1.22
  2009.4055           84.63            1.32
  2009.4082           82.69            1.25
  2009.4110           85.20            1.24
  2009.4137           85.10            1.26
  2009.4164           84.97            1.37
  2009.4192           83.89            1.23
  2009.4219           82.73            1.18
  2009.4247           84.55            1.22
  2009.4274           84.67            1.19
  2009.4302           83.95            1.18
  2009.4329           84.51            1.20
  2009.4357           84.69            1.25
  2009.4384           84.38            1.23
  2009.4410           82.37            1.18
  2009.4438           84.53            1.18
  2009.4465           84.31            1.14
  2009.4493           84.79            1.18
  2009.4520           82.84            1.24
  2009.4548           84.87            1.21
  2009.4575           84.53            1.19
  2009.4603           85.56            1.32
  2009.4630           83.39            1.24
  2009.4657           83.86            1.21
  2009.4685           85.67            1.19
  2009.4712           86.50            1.19
  2009.4740           83.39            1.22
  2009.4767           85.22            1.19
  2009.4795           86.20            1.22
  2009.4822           87.16            1.25
  2009.4850           86.97            1.22
  2009.4877           87.38            1.22
  2009.4904           84.72            1.48
  2009.4932           86.45            1.27
  2009.4958           88.06            1.27
  2009.4987           87.30            1.23
  2009.5013           87.22            1.13
  2009.5042           88.02            1.22
  2009.5068           85.17            1.23
  2009.5096           84.35            1.23
  2009.5123           87.94            1.21
  2009.5150           85.05            1.17
  2009.5178           85.77            1.13
  2009.5205           84.99            1.12
  2009.5233           84.72            1.12
  2009.5260           84.74            1.14
  2009.5288           84.93            1.18
  2009.5315           86.74            1.13
  2009.5343           88.27            1.13
  2009.5370           88.60            1.13
  2009.5397           86.68            1.10
  2009.5425           86.86            1.12
  2009.5452           90.39            1.26
  2009.5507           76.57            5.94
  2009.5535           84.14            1.31
  2009.5562           86.03            1.22
  2009.5590           87.96            1.17
  2009.5616           86.75            1.18
  2009.5643           86.89            1.19
  2009.5671           88.51            1.15
  2009.5698           86.84            1.13
  2009.5726           87.53            1.12
  2009.5753           87.90            1.19
  2009.5781           88.84            1.09
  2009.5808           87.26            1.11
  2009.5836           87.63            1.09
  2009.5863           87.58            1.07
  2009.5890           88.54            1.08
  2009.5918           87.34            1.22
  2009.5945           88.34            1.17
  2009.5973           88.17            1.12
  2009.6000           88.09            1.13
  2009.6028           89.60            1.17
  2009.6055           89.94            1.13
  2009.6083           91.34            1.10
  2009.6110           90.92            1.21
  2009.6136           90.09            1.21
  2009.6165           89.53            1.18
  2009.6191           89.28            1.19
  2009.6219           89.97            1.23
  2009.6246           89.47            1.22
  2009.6274           92.43            1.29
  2009.6301           88.90            1.30
  2009.6329           91.10            1.30
  2009.6356           91.78            1.20
  2009.6383           91.02            1.26
  2009.6411           91.21            1.31
  2009.6438           91.87            1.26
  2009.6466           93.80            1.26
  2009.6493           95.63            1.29
  2009.6521           90.79            1.29
  2009.6548           94.12            1.31
  2009.6576           91.23            1.15
  2009.6603           91.17            1.16
  2009.6630           93.70            1.29
  2009.6658           93.55            1.18
  2009.6685           94.34            1.34
  2009.6713           94.70            1.31
  2009.6740           95.20            1.16
  2009.6768           94.41            1.18
  2009.6794           91.18            1.33
  2009.6823           93.40            1.36
  2009.6849           93.91            1.20
  2009.6876           95.74            1.16
  2009.6904           94.75            1.12
  2009.6931           95.73            1.15
  2009.6959           96.90            1.13
  2009.6986           95.81            1.12
  2009.7014           97.12            1.12
  2009.7041           97.21            1.14
  2009.7069           96.07            1.15
  2009.7096           96.27            1.18
  2009.7123           92.86            1.21
  2009.7151           93.20            1.18
  2009.7178           94.50            1.13
  2009.7206           93.31            1.11
  2009.7233           94.27            1.12
  2009.7261           95.04            1.16
  2009.7288           94.00            1.11
  2009.7316           94.88            1.11
  2009.7343           95.70            1.13
  2009.7369           95.50            1.18
  2009.7397           95.90            1.20
  2009.7424           96.51            1.17
  2009.7452           97.79            1.19
  2009.7479           97.10            1.16
  2009.7507           94.37            1.21
  2009.7534           94.27            1.20
  2009.7561           94.45            1.16
  2009.7589           95.33            1.23
  2009.7616           92.88            1.25
  2009.7644           96.90            1.18
  2009.7671           96.35            1.16
  2009.7699           96.68            1.19
  2009.7726           96.57            1.20
  2009.7754           93.65            1.33
  2009.7781           97.62            1.20
  2009.7808           95.94            1.14
  2009.7836           97.40            1.16
  2009.7863           96.43            1.31
  2009.7891           97.21            1.40
  2009.7917           97.34            1.23
  2009.7946           96.63            1.22
  2009.7972           96.24            1.24
  2009.8000           95.04            1.42
  2009.8027           93.91            1.23
  2009.8054           97.24            1.24
  2009.8082           90.74            1.28
  2009.8109           92.25            1.33
  2009.8137           97.26            1.31
  2009.8164           96.79            1.28
  2009.8192           96.31            1.28
  2009.8219           99.28            1.40
  2009.8247           96.43            1.25
  2009.8274           98.31            1.30
  2009.8301           98.51            1.34
  2009.8329           99.28            1.36
  2009.8356           94.83            1.37
  2009.8384           94.08            1.37
  2009.8411           94.51            1.34
  2009.8439           94.79            1.31
  2009.8466           98.36            1.30
  2009.8494           96.67            1.33
  2009.8521           97.67            1.32
  2009.8547           96.52            1.27
  2009.8575           97.70            1.28
  2009.8602           98.10            1.33
  2009.8630           96.19            1.26
  2009.8657           95.17            1.29
  2009.8685           95.81            1.37
  2009.8712           96.74            1.31
  2009.8740           96.50            1.32
  2009.8767           97.09            1.31
  2009.8794           95.57            1.36
  2009.8822           96.33            1.37
  2009.8849           92.88            1.46
  2009.8877           99.68            1.37
  2009.8904          101.00            1.31
  2009.8932           94.11            1.33
  2009.8959           98.99            1.39
  2009.8987           96.09            1.42
  2009.9014           98.55            1.41
  2009.9041           99.60            1.37
  2009.9069           98.92            1.27
  2009.9095           96.53            1.33
  2009.9124           98.73            1.42
  2009.9150           96.37            1.35
  2009.9178           98.27            1.37
  2009.9205           97.60            1.46
  2009.9233           99.38            1.36
  2009.9260          101.16            1.31
  2009.9287           99.02            1.41
  2009.9315          102.48            1.31
  2009.9342          102.32            1.33
  2009.9370          102.10            1.32
  2009.9397           98.74            1.35
  2009.9425           99.95            1.38
  2009.9452           97.49            1.37
  2009.9480           98.64            1.41
  2009.9507           99.48            1.38
  2009.9534          101.34            1.50
  2009.9562           96.84            1.44
  2009.9589           93.43            1.34
  2009.9617           94.02            1.48
  2009.9644          100.27            1.39
  2009.9672           98.10            1.58
  2009.9698           95.59            1.47
  2009.9727           96.50            1.42
  2009.9753           99.84            1.52
  2009.9780           98.20            1.60
  2009.9808           98.53            1.54
  2009.9835           97.96            1.44
  2009.9863          102.13            1.54
  2009.9890           99.85            1.52
  2009.9918          102.45            1.48
  2009.9945          102.69            1.42
  2009.9973           99.53            1.46
  2010.0000          102.83            1.44
  2010.0027          101.83            1.27
  2010.0055           98.81            1.31
  2010.0082           97.18            1.34
  2010.0110          102.11            1.36
  2010.0137           99.85            1.43
  2010.0165          100.22            1.34
  2010.0192           99.34            1.29
  2010.0220           97.55            1.34
  2010.0247          101.72            1.36
  2010.0273           95.58            1.38
  2010.0302          100.16            1.47
  2010.0328           97.09            1.42
  2010.0356          102.44            1.35
  2010.0383          101.76            1.32
  2010.0411          100.23            1.38
  2010.0438          101.59            1.35
  2010.0466          102.69            1.30
  2010.0493          107.18            1.31
  2010.0520          103.67            1.30
  2010.0548          102.15            1.34
  2010.0575          100.68            1.36
  2010.0603          101.20            1.31
  2010.0630          103.35            1.32
  2010.0658          101.59            1.34
  2010.0685          100.22            1.33
  2010.0713          102.19            1.40
  2010.0740          103.39            1.39
  2010.0767           99.43            1.44
  2010.0795          103.44            1.33
  2010.0822          103.28            1.33
  2010.0850           99.09            1.50
  2010.0876           99.43            1.32
  2010.0905           96.50            1.38
  2010.0931          101.06            1.39
  2010.0959          100.59            1.30
  2010.0986          102.84            1.36
  2010.1013          102.57            1.38
  2010.1041          105.99            1.42
  2010.1068          103.58            1.37
  2010.1096          103.19            1.42
  2010.1123          102.18            1.34
  2010.1151           98.65            1.43
  2010.1178          100.74            1.37
  2010.1206           99.53            1.41
  2010.1233          101.29            1.27
  2010.1260          102.37            1.35
  2010.1288          101.68            1.41
  2010.1315          103.91            1.42
  2010.1343          102.80            1.54
  2010.1370          104.15            1.43
  2010.1398          101.62            1.26
  2010.1425           98.17            1.27
  2010.1453          104.03            1.38
  2010.1479           97.85            1.31
  2010.1506           99.60            1.27
  2010.1534          101.52            1.41
  2010.1561          100.09            1.33
  2010.1616        -2269.80            1.35
  2010.1644        -2293.73            1.28
  2010.1671        -2304.39            1.37
  2010.2054        -2378.48            2.42
  2010.2083        -2377.57            1.27
  2010.2109        -2382.24            1.31
  2010.2137        -2388.52            1.26
  2010.2164        -2388.72            1.39
  2010.2192        -2396.98            1.41
  2010.2219        -2399.12            1.28
  2010.2246        -2399.21            1.23
  2010.2274        -2401.21            1.25
  2010.2301        -2404.80            1.19
  2010.2329        -2407.37            1.28
  2010.2356        -2407.35            1.26
  2010.2384        -2411.37            1.27
  2010.2411        -2412.24            1.28
  2010.2439        -2414.08            1.27
  2010.2466        -2416.32            1.35
  2010.2493        -2417.07            1.28
  2010.2521        -2417.97            1.26
  2010.2548        -2420.23            1.22
  2010.2576        -2422.24            0.85
  2010.2603        -2424.09            1.21
  2010.2631        -2424.56            1.24
  2010.2657        -2426.10            1.22
  2010.2684        -2429.06            1.18
  2010.2712        -2432.28            1.18
  2010.2739        -2432.61            1.26
  2010.2767        -2437.23            1.23
  2010.2794        -2436.66            1.26
  2010.2822        -2437.95            1.20
  2010.2849        -2441.52            1.18
  2010.2877        -2442.78            1.20
  2010.2904        -2443.99            1.26
  2010.2931        -2447.57            1.24
  2010.2959        -2446.58            1.26
  2010.2986        -2448.71            1.22
  2010.3014        -2447.77            1.19
  2010.3069        -2450.64            1.18
  2010.3096        -2451.95            1.21
  2010.3124        -2452.34            1.62
  2010.5535        -2537.59            1.88
  2010.5562        -2533.03            1.22
  2010.5590        -2533.91            1.26
  2010.5616        -2535.14            1.27
  2010.5643        -2533.25            1.23
  2010.5671        -2533.29            1.16
  2010.5698        -2535.50            1.23
  2010.5726        -2535.79            1.23
  2010.5753        -2536.16            1.22
  2010.5781        -2537.69            1.29
  2010.5808        -2539.65            1.26
  2010.5836        -2537.55            1.18
  2010.5863        -2538.08            1.16
  2010.5890        -2538.31            1.17
  2010.5918        -2538.41            1.14
  2010.5945        -2540.40            2.40
  2010.5973        -2541.16            1.17
  2010.6000        -2542.30            1.14
  2010.6028        -2542.07            1.13
  2010.6055        -2541.82            1.14
  2010.6083        -2543.99            1.13
  2010.6110        -2543.67            1.18
  2010.6136        -2544.79            1.12
  2010.6165        -2546.69            1.12
  2010.6191        -2545.72            1.11
  2010.6219        -2546.31            1.14
  2010.6246        -2548.42            1.21
  2010.6274        -2548.76            1.29
  2010.6301        -2548.56            1.17
  2010.6329        -2550.37            1.13
  2010.6356        -2549.04            1.13
  2010.6383        -2550.19            1.27
  2010.6411        -2553.44            1.16
  2010.6438        -2551.15            1.16
  2010.6466        -2552.32            1.13
  2010.6493        -2553.50            1.12
  2010.6521        -2553.63            1.18
  2010.6548        -2556.93            1.18
  2010.6576        -2555.89            1.20
  2010.6603        -2553.20            1.10
  2010.6630        -2555.53            1.17
  2010.6658        -2555.30            1.13
  2010.6685        -2555.71            1.14
  2010.6713        -2554.41            1.17
  2010.6740        -2555.74            1.24
  2010.6768        -2555.31            1.18
  2010.6794        -2556.24            1.08
  2010.6823        -2556.70            1.10
  2010.6849        -2556.97            1.09
  2010.6876        -2557.46            1.10
  2010.6904        -2557.85            1.11
  2010.6931        -2558.34            1.11
  2010.6959        -2560.36            1.18
  2010.6986        -2561.76            1.16
  2010.7014        -2560.53            1.13
  2010.7041        -2562.36            1.14
  2010.7069        -2559.74            1.23
  2010.7096        -2560.37            1.13
  2010.7123        -2562.01            1.08
  2010.7151        -2562.81            1.16
  2010.7178        -2564.36            1.10
  2010.7206        -2562.93            1.11
  2010.7233        -2566.10            1.11
  2010.7261        -2564.37            1.09
  2010.7288        -2565.71            1.08
  2010.7316        -2566.04            1.08
  2010.7343        -2566.63            1.11
  2010.7369        -2566.07            1.20
  2010.7397        -2568.94            1.19
  2010.7424        -2570.41            1.19
  2010.7452        -2566.94            1.09
  2010.7479        -2568.12            1.14
  2010.7507        -2568.95            1.16
  2010.7534        -2568.53            1.10
  2010.7561        -2569.00            1.19
  2010.7589        -2569.77            1.11
  2010.7616        -2570.63            1.11
  2010.7644        -2571.98            1.13
  2010.7671        -2571.67            1.10
  2010.7699        -2571.14            1.12
  2010.7726        -2572.54            1.09
  2010.7754        -2573.24            1.11
  2010.7781        -2574.14            1.09
  2010.7808        -2576.07            1.13
  2010.7836        -2574.17            1.18
  2010.7863        -2576.86            1.28
  2010.7891        -2576.04            1.13
  2010.7917        -2575.71            1.10
  2010.7946        -2576.28            1.12
  2010.7972        -2576.83            1.12
  2010.8000        -2576.84            1.12
  2010.8027        -2578.05            1.17
  2010.8054        -2578.02            1.13
  2010.8082        -2578.82            1.15
  2010.8109        -2577.47            1.14
  2010.8137        -2580.17            1.09
  2010.8164        -2580.91            1.12
  2010.8192        -2580.34            1.17
  2010.8219        -2583.39            1.18
  2010.8247        -2583.16            1.18
  2010.8274        -2582.37            1.24
  2010.8301        -2584.08            1.12
  2010.8329        -2583.62            1.17
  2010.8356        -2583.83            1.15
  2010.8384        -2585.48            1.17
  2010.8411        -2586.65            1.16
  2010.8439        -2585.28            1.12
  2010.8466        -2586.74            1.12
  2010.8494        -2588.03            1.20
  2010.8521        -2589.94            1.26
  2010.8547        -2589.43            1.18
  2010.8575        -2588.10            1.11
  2010.8602        -2588.30            1.16
  2010.8630        -2589.43            1.11
  2010.8657        -2590.28            1.13
  2010.8685        -2589.91            1.25
  2010.8712        -2590.54            1.15
  2010.8740        -2589.90            1.14
  2010.8767        -2591.48            1.17
  2010.8794        -2591.57            1.16
  2010.8822        -2590.87            1.16
  2011.0027        -2600.27            1.19
  2011.0055        -2600.78            1.20
  2011.0082        -2601.62            1.30
  2011.0110        -2600.26            1.27
  2011.0137        -2603.91            1.19
  2011.0165        -2606.60            1.18
  2011.0192        -2602.35            1.18
  2011.0220        -2605.23            1.20
  2011.0247        -2607.22            1.18
  2011.0273        -2609.15            1.18
  2011.0302        -2604.57            1.19
  2011.0328        -2609.66            1.22
  2011.0356        -2612.35            1.26
  2011.0383        -2608.43            1.19
  2011.0411        -2605.83            1.25
  2011.0438        -2606.06            1.29
  2011.0466        -2608.85            1.16
  2011.0493        -2613.27            1.33
  2011.0520        -2608.73            1.28
  2011.0548        -2610.56            1.26
  2011.0575        -2613.04            1.39
  2012.6246        -2756.84            1.50
  2012.6274        -2758.84            1.48
  2012.6301        -2758.36            1.50
  2012.6329        -2758.48            1.40
  2012.6356        -2760.62            1.47
  2012.6383        -2759.23            1.40
  2012.6411        -2760.93            1.42
  2012.6438        -2759.15            1.43
  2012.6466        -2759.38            1.51
  2012.6493        -2758.45            1.46
  2012.6521        -2757.97            1.45
  2012.6548        -2759.07            1.37
  2012.6576        -2759.46            1.34
  2012.6603        -2760.44            1.36
  2012.6630        -2762.80            1.52
  2012.6658        -2761.36            1.34
  2012.6685        -2761.49            1.41
  2012.6713        -2762.64            1.41
  2012.6740        -2761.29            1.48
  2012.6768        -2761.85            1.40
  2012.6794        -2763.96            1.46
  2012.6823        -2762.04            1.49
  2012.6849        -2761.96            1.50
  2012.6876        -2762.52            1.51
  2012.6904        -2762.20            1.36
  2012.6931        -2762.45            1.40
  2012.6959        -2761.45            1.40
  2012.6986        -2763.10            1.43
  2012.7014        -2763.27            1.41
  2012.7041        -2764.35            1.54
  2012.7069        -2764.31            1.36
  2012.7096        -2764.22            1.46
  2012.7123        -2763.47            1.45
  2012.7151        -2764.50            1.52
  2012.7178        -2764.10            1.59
  2012.7206        -2764.01            1.39
  2012.7233        -2765.78            1.53
  2012.7261        -2765.64            1.51
  2012.7288        -2764.44            1.42
  2012.7316        -2767.35            1.42
  2012.7343        -2766.48            1.57
  2012.7369        -2764.90            1.61
  2012.7397        -2767.88            1.47
  2012.7424        -2766.22            1.44
  2012.7452        -2766.21            1.63
  2012.7479        -2767.02            1.55
  2012.7507        -2766.88            1.52
  2012.7534        -2767.68            1.71
  2012.7561        -2768.37            1.47
  2012.7589        -2767.55            1.48
  2012.7616        -2768.56            1.54
  2012.7644        -2767.31            1.47
  2012.7671        -2765.82            1.62
  2012.7699        -2767.09            1.62
  2012.7726        -2767.58            1.48
  2012.7754        -2769.75            1.65
  2012.7781        -2770.05            1.35
  2012.7808        -2768.96            1.40
  2012.7836        -2767.37            1.39
  2012.7863        -2770.16            1.45
  2012.7891        -2768.80            1.46
  2012.7917        -2769.04            1.51
  2012.7946        -2769.23            1.56
  2012.7972        -2770.30            1.50
  2012.8000        -2770.56            1.39
  2012.8027        -2768.56            1.59
  2012.8054        -2768.83            1.64
  2012.8082        -2771.83            1.70
  2012.8109        -2770.70            1.54
  2012.8137        -2772.45            1.64
  2012.8164        -2770.68            1.47
  2012.8192        -2770.25            1.55
  2012.8219        -2771.59            1.70
  2012.8247        -2770.20            1.59
  2012.8274        -2771.36            1.53
  2012.8301        -2770.28            1.81
  2012.8329        -2772.30            1.58
  2012.8356        -2770.03            1.48
  2012.8384        -2771.98            1.46
  2012.8411        -2771.54            1.45
  2012.8439        -2769.60            1.69
  2012.8466        -2772.42            1.50
  2012.8494        -2772.44            1.56
  2012.8521        -2772.71            1.54
  2012.8547        -2773.24            1.61
  2012.8575        -2772.06            1.68
  2012.8602        -2773.51            1.82
  2012.8630        -2772.40            1.70
  2012.8657        -2773.60            1.60
  2012.8685        -2773.43            1.59
  2012.8712        -2773.30            1.46
  2012.8740        -2770.71            1.61
  2012.8767        -2771.71            1.57
  2012.8794        -2774.12            1.62
  2012.8822        -2769.56            1.63
  2012.8849        -2774.80            1.82
  2012.8877        -2772.17            1.54
  2012.8904        -2773.70            1.59
  2012.8932        -2775.57            1.78
  2012.8959        -2778.84            2.54
  2012.8987        -2772.11            2.47
  2012.9014        -2773.78            2.37
  2012.9041        -2773.04            8.02
  2012.9069        -2773.29            1.63
  2012.9095        -2773.97            1.58
  2012.9124        -2774.63            1.70
  2012.9150        -2776.65            1.87
  2012.9342        -2777.00            2.07
  2012.9370        -2775.95            1.75
  2012.9397        -2775.02            1.66
  2012.9425        -2777.18            1.58
  2012.9452        -2777.00            1.72
  2012.9480        -2775.32            1.67
  2012.9507        -2777.41            1.72
  2012.9534        -2776.94            1.63
  2012.9562        -2779.07            1.71
  2012.9589        -2775.75            1.67
  2012.9617        -2778.60            1.81
  2012.9644        -2775.92            1.67
  2012.9672        -2780.24            1.96
  2012.9698        -2780.35            2.01
  2012.9727        -2776.55            1.82
  2012.9753        -2778.43            1.65
  2012.9780        -2777.57            1.68
  2012.9808        -2778.47            1.66
  2012.9835        -2782.27            2.09
  2012.9863        -2779.92            1.82
  2012.9890        -2778.46            1.64
  2012.9918        -2777.28            1.50
  2012.9945        -2779.93            1.48
  2012.9973        -2780.24            1.52
  2013.0000        -2780.28            1.59
  2013.0027        -2780.12            1.81
  2013.0027        -2786.12            1.35
  2013.0055        -2783.91            1.35
  2013.0082        -2786.55            1.42
  2013.0110        -2786.05            1.45
  2013.0137        -2784.98            1.54
  2013.0165        -2785.29            1.59
  2013.0192        -2787.86            1.61
  2013.0220        -2786.27            1.46
  2013.0247        -2786.59            1.57
  2013.0273        -2782.40            1.47
  2013.0302        -2784.59            1.55
  2013.0328        -2788.25            1.50
  2013.0356        -2784.78            1.47
  2013.0383        -2787.79            1.44
  2013.0411        -2786.94            1.57
  2013.0438        -2787.85            1.58
  2013.0466        -2787.32            1.76
  2013.0493        -2787.27            1.53
  2013.0520        -2787.50            1.48
  2013.0548        -2788.45            1.40
  2013.0575        -2788.46            1.47
  2013.0603        -2788.36            1.57
  2013.0630        -2791.10            1.60
  2013.0658        -2787.13            1.58
  2013.0685        -2787.04            1.48
  2013.0713        -2788.11            1.36
  2013.0740        -2787.54            1.42
  2013.0767        -2787.48            1.52
  2013.0795        -2789.36            1.43
  2013.0822        -2789.16            1.46
  2013.0850        -2787.84            1.50
  2013.0876        -2787.98            1.60
  2013.0905        -2789.20            1.52
  2013.0931        -2789.90            1.44
  2013.0959        -2787.62            1.40
  2013.0986        -2790.53            1.53
  2013.1013        -2788.65            1.75
  2013.1041        -2788.81            1.46
  2013.1068        -2788.06            1.46
  2013.1096        -2790.99            1.52
  2013.1123        -2791.39            1.62
  2013.1151        -2788.57            1.63
  2013.1178        -2793.58            1.57
  2013.1206        -2791.59            1.55
  2013.1233        -2789.06            1.67
  2013.1260        -2790.24            1.58
  2013.1288        -2789.41            1.67
  2013.1315        -2787.15            1.57
  2013.1343        -2789.44            1.38
  2013.1370        -2790.24            1.31
  2013.1398        -2789.44            1.44
  2013.1425        -2789.16            1.57
  2013.1453        -2787.10            1.47
  2013.1479        -2789.95            1.52
  2013.1506        -2791.82            1.41
  2013.1534        -2789.59            1.38
  2013.1561        -2789.16            1.41
  2013.1589        -2790.83            1.41
  2013.1616        -2789.66            1.45
  2013.1644        -2791.79            1.50
  2013.1671        -2790.06            1.42
  2013.1699        -2787.43            1.38
  2013.1726        -2789.35            1.39
  2013.1753        -2792.40            1.57
  2013.1781        -2788.95            1.57
  2013.1808        -2790.94            1.49
  2013.1863        -2796.33            1.67
  2013.1918        -2792.78            1.61
  2013.2000        -2792.15            1.37
  2013.2028        -2791.79            1.41
  2013.2054        -2793.19            1.54
  2013.2083        -2789.74            1.51
  2013.2109        -2791.75            1.40
  2013.2164        -2793.45            1.69
  2013.2192        -2794.83            1.42
  2013.2219        -2791.96            1.38
  2013.2246        -2792.50            1.53
  2013.2274        -2793.60            1.55
  2013.2301        -2793.91            1.55
  2013.2329        -2792.15            1.53
  2013.2356        -2793.13            1.44
  2013.2384        -2793.44            1.37
  2013.2411        -2793.64            1.57
  2013.2439        -2794.92            1.55
  2013.2466        -2794.26            1.53
  2013.2493        -2790.72            1.54
  2013.2548        -2795.31            1.48
  2013.2576        -2794.54            1.45
  2013.2603        -2796.40            1.57
  2013.2631        -2794.75            1.50
  2013.2657        -2794.84            2.93
  2013.2684        -2794.69            1.55
  2013.2712        -2794.56            1.67
  2013.2794        -2793.65            1.46
  2013.2822        -2793.92            1.37
  2013.2849        -2795.54            1.39
  2013.2877        -2794.48            1.37
  2013.2904        -2796.09            1.40
  2013.2931        -2796.34            1.35
  2013.2959        -2797.59            1.44
  2013.2986        -2795.87            1.46
  2013.3014        -2798.65            1.52
  2013.3041        -2796.63            1.48
  2013.3069        -2797.13            1.48
  2013.3096        -2797.17            1.49
  2013.3124        -2797.04            1.56
  2013.3151        -2798.88            1.39
  2013.3177        -2795.49            1.48
  2013.3206        -2798.34            1.52
  2013.3232        -2799.46            1.61
  2013.3260        -2798.18            1.48
  2013.3287        -2797.60            1.42
  2013.3315        -2798.36            1.55
  2013.3342        -2798.00            1.56
  2013.3370        -2799.77            1.69
  2013.3397        -2798.88            1.55
  2013.3424        -2799.11            1.48
  2013.3452        -2799.86            1.66
  2013.3479        -2798.40            1.50
  2013.3562        -2800.85            1.64
  2013.3589        -2799.60            1.40
  2013.3617        -2800.11            2.85
  2013.3644        -2802.09            1.42
  2013.3671        -2801.10            1.47
  2013.3699        -2801.32            1.45
  2013.3726        -2801.26            1.46
  2013.3754        -2801.61            1.48
  2013.3781        -2799.29            1.47
  2013.3809        -2800.66            2.31
  2013.3835        -2803.03            1.45
  2013.3864        -2801.73            1.37
  2013.3890        -2803.15            1.45
  2013.3917        -2801.64            1.42
  2013.3945        -2801.95            1.45
  2013.4000        -2803.37            1.39
  2013.4027        -2804.90            1.47
  2013.4055        -2802.77            1.61
  2013.4082        -2802.45            1.49
  2013.4110        -2803.86            1.42
  2013.4137        -2806.36            1.56
  2013.4164        -2803.04            1.46
  2013.4192        -2802.81            1.49
  2013.4219        -2801.76            1.39
  2013.4247        -2801.51            1.54
  2013.4274        -2799.39            1.49
  2013.4302        -2801.43            1.44
  2013.4329        -2803.71            1.46
  2013.4357        -2802.94            1.43
  2013.4384        -2802.25            1.53
  2013.4410        -2803.34            1.46
  2013.4438        -2803.04            1.47
  2013.4465        -2803.50            1.49
  2013.4493        -2802.28            1.54
  2013.4520        -2803.06            1.43
  2013.4548        -2804.23            1.58
  2013.4575        -2803.52            1.51
  2013.4603        -2803.70            1.48
  2013.4630        -2802.83            1.52
  2013.4657        -2802.82            1.48
  2013.4685        -2803.74            1.49
  2013.4712        -2802.65            1.60
  2013.4740        -2804.02            1.43
  2013.4767        -2803.30            1.42
  2013.4795        -2800.84            1.44
  2013.4822        -2802.24            1.54
  2013.4850        -2802.22            1.50
  2013.4877        -2804.69            1.63
  2013.4904        -2804.91            1.64
  2013.4932        -2804.16            1.57
  2013.4958        -2803.88            1.42
  2013.4987        -2803.26            1.43
  2013.5013        -2804.28            1.49
  2013.5042        -2803.96            1.62
  2013.5068        -2804.85            1.53
  2013.5096        -2805.33            1.49
  2013.5123        -2804.70            1.39
  2013.5150        -2804.08            1.51
  2013.5178        -2805.91            1.43
  2013.5205        -2806.33            1.53
  2013.5233        -2807.20            1.42
  2013.5260        -2804.69            1.39
  2013.5288        -2805.27            1.50
  2013.5315        -2808.29            1.51
  2013.5343        -2801.81            1.45
  2013.5370        -2807.16            1.45
  2013.5397        -2803.85            1.32
  2013.5425        -2804.86            1.47
  2013.5452        -2804.49            1.46
  2013.5480        -2805.04            1.51
  2013.5507        -2805.38            1.45
  2013.5535        -2804.26            1.42
  2013.5562        -2804.37            1.36
  2013.5590        -2805.32            1.37
  2013.5616        -2804.65            1.42
  2013.5643        -2806.39            1.43
  2013.5671        -2805.05            1.43
  2013.5698        -2806.60            1.30
  2013.5726        -2805.76            1.34
  2013.5753        -2804.14            1.36
  2013.5781        -2805.89            1.42
  2013.5808        -2806.09            1.36
  2013.5836        -2805.20            1.30
  2013.5863        -2806.32            1.39
  2013.5890        -2804.96            1.42
  2013.5918        -2807.95            1.54
  2013.5945        -2806.37            1.44
  2013.5973        -2807.61            1.44
  2013.6000        -2807.50            1.55
  2013.6028        -2806.58            1.48
  2013.6055        -2804.46            1.39
  2013.6083        -2807.31            1.48
  2013.6110        -2807.37            1.48
  2013.6136        -2808.53            1.42
  2013.6165        -2807.38            1.39
  2013.6191        -2806.60            1.40
  2013.6219        -2807.07            1.50
  2013.6246        -2807.47            1.40
  2013.6274        -2807.54            1.34
  2013.6301        -2809.11            1.46
  2013.6329        -2811.02            1.37
  2013.6356        -2808.92            1.39
  2013.6383        -2808.59            1.49
  2013.6411        -2809.62            1.38
  2013.6438        -2810.54            1.46
  2013.6466        -2809.21            1.51
  2013.6493        -2809.33            1.47
  2013.6521        -2809.10            1.41
  2013.6548        -2810.40            1.45
  2013.6576        -2809.54            1.32
  2013.6603        -2809.60            1.33
  2013.6630        -2809.68            1.36
  2013.6658        -2812.07            1.44
  2013.6685        -2809.11            1.40
  2013.6713        -2812.00            1.44
  2013.6740        -2809.76            1.45
  2013.6768        -2807.90            1.63
  2013.6794        -2811.80            1.56
  2013.6823        -2809.62            1.61
  2013.6849        -2815.25            1.62
  2013.6876        -2814.06            1.63
  2013.6904        -2812.60            1.55
  2013.6931        -2811.66            1.57
  2013.6959        -2812.88            1.48
  2013.6986        -2812.33            1.56
  2013.7014        -2811.03            1.52
  2013.7041        -2814.57            1.54
  2013.7069        -2809.57            1.56
  2013.7096        -2811.96            1.52
  2013.7123        -2811.38            1.55
  2013.7151        -2811.80            1.46
  2013.7178        -2812.75            1.52
  2013.7206        -2811.70            1.53
  2013.7233        -2812.57            1.63
  2013.7261        -2815.18            1.59
  2013.7288        -2814.14            1.61
  2013.7316        -2812.69            1.44
  2013.7343        -2813.92            1.44
  2013.7369        -2815.44            1.65
  2013.7397        -2813.08            1.55
  2013.7424        -2812.46            1.53
  2013.7561        -2814.59            1.48
  2013.7589        -2812.87            1.53
  2013.7616        -2813.28            1.60
  2013.7644        -2813.57            1.50
  2013.7671        -2814.87            1.70
  2013.7699        -2814.51            1.54
  2013.7726        -2815.01            1.54
  2013.7754        -2813.89            1.63
  2013.7781        -2813.05            1.71
  2013.7808        -2813.93            1.61
  2013.7836        -2812.59            1.59
  2013.7863        -2814.32            1.63
  2013.7891        -2813.76            1.53
  2013.7917        -2815.00            1.64
  2013.7972        -2814.68            1.57
  2013.8000        -2814.28            1.60
  2013.8027        -2815.33            1.75
  2013.8054        -2813.44            1.65
  2013.8082        -2812.66            1.65
  2013.8109        -2812.75            1.52
  2013.8137        -2818.77            2.71
  2013.8164        -2814.04            1.57
  2013.8219        -2814.40            1.50
  2013.8247        -2814.77            1.50
  2013.8274        -2814.87            1.64
  2013.8301        -2815.97            1.57
  2013.8356        -2813.56            1.52
  2013.8411        -2816.46            1.49
  2013.8439        -2816.08            1.50
  2013.8466        -2816.77            1.49
  2013.8494        -2818.06            1.59
  2013.8521        -2818.65            1.49
  2013.8547        -2817.38            1.59
  2013.8575        -2819.54            1.56
  2013.8602        -2818.65            1.61
  2013.8630        -2819.11            1.60
  2013.8657        -2819.74            1.54
  2013.8685        -2820.59            1.50
  2013.8712        -2816.29            1.61
  2013.8740        -2816.46            1.54
  2013.8767        -2818.69            1.44
  2013.8794        -2819.55            1.43
  2013.8849        -2820.73            1.46
  2013.8877        -2819.25            1.61
  2013.8932        -2817.74            1.54
  2013.8959        -2821.51            1.53
  2013.8987        -2821.47            1.65
  2013.9014        -2821.91            1.51
  2013.9041        -2821.35            1.42
  2013.9069        -2820.85            2.99
  2013.9124        -2821.82            1.44
  2013.9150        -2822.12            1.47
  2013.9205        -2818.71            1.57
  2013.9233        -2820.61            1.77
  2013.9260        -2822.92            1.47
  2013.9287        -2822.54            1.50
  2013.9315        -2821.46            1.54
  2013.9342        -2823.05            1.48
  2013.9370        -2818.92            1.61
  2013.9397        -2821.81            1.59
  2013.9452        -2819.74            1.61
  2013.9480        -2820.37            1.56
  2013.9507        -2824.85            1.54
  2013.9534        -2822.96            1.59
  2013.9562        -2823.06            1.47
  2013.9617        -2822.39            1.58
  2013.9644        -2826.49            1.60
  2013.9672        -2824.14            1.49
  2013.9698        -2824.36            1.54
  2013.9727        -2823.08            1.56
  2013.9753        -2822.77            1.57
  2013.9780        -2824.04            1.55
  2013.9808        -2823.75            1.47
  2013.9835        -2823.60            1.58
  2013.9863        -2823.37            1.65
  2013.9890        -2821.39            1.73
  2013.9918        -2824.29            1.53
  2013.9945        -2821.67            1.68
  2013.9973        -2827.79            1.61
  2014.0000        -2826.67            1.62
  2014.0027        -2824.10            1.62
  2014.0055        -2823.02            1.76
  2014.0082        -2823.31            1.64
  2014.0137        -2824.42            1.50
  2014.0165        -2824.24            1.61
  2014.0192        -2822.67            1.61
  2014.0220        -2824.66            1.62
  2014.0247        -2826.00            1.70
  2014.0273        -2823.87            1.68
  2014.0302        -2823.71            1.60
  2014.0328        -2821.53            1.64
  2014.0356        -2823.81            1.57
  2014.0383        -2822.81            1.80
  2014.0411        -2825.15            1.58
  2014.0493        -2824.48            1.59
  2014.0548        -2825.67            1.62
  2014.0575        -2824.98            1.71
  2014.0630        -2829.16            1.79
  2014.0685        -2824.64            1.61
  2014.0713        -2824.22            1.59
  2014.0740        -2825.19            1.61
  2014.0767        -2824.22            1.70
  2014.0822        -2824.42            1.69
  2014.0850        -2826.33            1.85
  2014.0905        -2827.38            1.66
  2014.0931        -2825.98            1.75
  2014.0959        -2824.53            1.71
  2014.0986        -2826.60            1.81
  2014.1013        -2825.02            1.59
  2014.1068        -2828.39            1.63
  2014.1096        -2823.90            1.74
  2014.1151        -2825.70            1.76
  2014.1178        -2826.77            1.62
  2014.1206        -2823.40            1.60
  2014.1233        -2832.76            1.84
  2014.1260        -2825.54            1.64
  2014.1288        -2825.30            1.56
  2014.1315        -2823.15            1.71
  2014.1343        -2827.63            1.69
  2014.1370        -2826.20            1.87
  2014.1398        -2829.77            1.87
  2014.1425        -2825.18            1.90
  2014.1453        -2826.43            1.84
  2014.1534        -2826.02            1.75
  2014.1561        -2824.63            1.60
  2014.1589        -2827.24            1.82
  2014.1616        -2825.21            1.52
  2014.1671        -2826.14            1.68
  2014.1699        -2826.25            1.96
  2014.1726        -2826.31            1.83
  2014.1753        -2826.41            1.83
  2014.1781        -2826.18            1.81
  2014.1808        -2827.44            1.74
  2014.1836        -2824.39            1.89
  2014.1863        -2826.80            1.92
  2014.1891        -2827.31            1.65
  2014.1918        -2827.69            1.73
  2014.1946        -2828.60            1.69
  2014.1973        -2825.49            1.75
  2014.2000        -2828.77            1.62
  2014.2028        -2830.74            1.78
  2014.2054        -2828.94            1.70
  2014.2137        -2828.11            1.67
  2014.2164        -2827.80            1.99
  2014.2192        -2826.12            1.65
  2014.2246        -2827.65            1.54
  2014.2274        -2821.64            1.64
  2014.2301        -2828.84            1.74
  2014.2329        -2828.57            1.71
  2014.2439        -2831.44            2.03
  2014.2493        -2829.68            1.50
  2014.2521        -2828.64            1.48
  2014.2548        -2829.43            1.55
  2014.2576        -2830.89            1.49
  2014.2603        -2828.63            1.65
  2014.2631        -2831.35            1.55
  2014.2657        -2830.21            1.71
  2014.2684        -2828.79            1.72
  2014.2712        -2830.77            1.65
  2014.2767        -2831.37            1.74
  2014.2794        -2829.83            1.89
  2014.2822        -2829.24            1.47
  2014.2849        -2831.48            1.46
  2014.2877        -2830.66            1.63
  2014.2904        -2831.26            1.51
  2014.2931        -2832.36            1.52
  2014.2959        -2830.87            1.50
  2014.2986        -2830.14            1.44
  2014.3014        -2831.24            1.48
  2014.3041        -2829.33            1.57
  2014.3069        -2831.05            1.58
  2014.3096        -2832.94            1.58
  2014.3124        -2831.59            1.61
  2014.3151        -2831.08            1.45
  2014.3177        -2830.62            1.43
  2014.3206        -2832.54            1.50
  2014.3232        -2833.06            1.44
  2014.3260        -2832.29            1.51
  2014.3287        -2832.15            1.58
  2014.3315        -2831.11            1.54
  2014.3342        -2833.09            1.45
  2014.3370        -2832.91            1.59
  2014.3397        -2832.88            1.58
  2014.3424        -2832.84            1.52
  2014.3452        -2831.93            1.44
  2014.3479        -2831.91            1.42
  2014.3507        -2831.52            1.42
  2014.3534        -2834.52            1.46
  2014.3562        -2831.54            1.51
  2014.3589        -2831.28            1.45
  2014.3617        -2833.61            1.48
  2014.3644        -2833.92            1.45
  2014.3671        -2832.57            1.52
  2014.3699        -2833.56            1.50
  2014.3726        -2830.71            1.49
  2014.3754        -2832.62            1.50
  2014.3781        -2832.39            1.52
  2014.3809        -2831.87            1.43
  2014.3835        -2834.03            1.50
  2014.3864        -2833.08            1.63
  2014.3890        -2832.04            1.57
  2014.3917        -2834.61            1.59
  2014.3945        -2833.71            1.52
  2014.3972        -2836.55            1.44
  2014.4000        -2834.96            1.51
  2014.4027        -2833.99            1.43
  2014.4055        -2834.59            1.56
  2014.4082        -2837.47            1.55
  2014.4110        -2834.22            1.50
  2014.4137        -2835.78            1.47
  2014.4164        -2835.37            1.43
  2014.4192        -2834.10            1.42
  2014.4219        -2836.13            1.55
  2014.4247        -2834.68            1.60
  2014.4274        -2834.82            1.55
  2014.4302        -2835.70            1.60
  2014.4329        -2836.06            1.64
  2014.4357        -2834.30            1.58
  2014.4384        -2833.79            1.50
  2014.4410        -2835.24            1.52
  2014.4438        -2837.71            1.62
  2014.4465        -2836.41            1.60
  2014.4493        -2834.80            1.55
  2014.4520        -2834.50            1.52
  2014.4548        -2832.94            1.58
  2014.4575        -2834.56            1.46
  2014.4603        -2833.64            1.47
  2014.4630        -2834.14            1.44
  2014.4657        -2834.65            1.43
  2014.4685        -2835.96            1.48
  2014.4712        -2836.41            1.46
  2014.4740        -2835.93            1.47
  2014.4767        -2837.21            1.44
  2014.4795        -2836.59            1.43
  2014.4822        -2837.06            1.49
  2014.4850        -2835.87            1.58
  2014.4877        -2835.36            1.51
  2014.4904        -2837.11            1.50
  2014.4932        -2835.60            1.54
  2014.4958        -2836.17            1.53
  2014.4987        -2837.15            1.49
  2014.5013        -2836.54            1.45
  2014.5042        -2837.28            1.50
  2014.5068        -2838.01            1.52
  2014.5096        -2838.48            1.58
  2014.5123        -2838.23            1.55
  2014.5150        -2837.97            1.48
  2014.5178        -2837.26            1.40
