  2008.6000            0.00            0.52
  2008.6028           -0.06            0.53
  2008.6055            0.34            0.49
  2008.6083            0.35            0.50
  2008.6110            1.40            0.51
  2008.6136            0.06            0.55
  2008.6165           -1.54            0.72
  2008.6438           -3.56            0.97
  2008.6466            0.19            0.51
  2008.6493            0.62            0.51
  2008.6521           -0.98            0.54
  2008.6548           -0.85            0.58
  2008.6576           -0.29            0.59
  2008.6603           -0.16            0.53
  2008.6630            3.08            0.54
  2008.6658            0.53            0.56
  2008.6685            0.17            0.58
  2008.6713            0.47            0.57
  2008.6768           -0.59            0.52
  2008.6794           -0.11            0.52
  2008.6823           -1.71            0.54
  2008.6849            0.71            0.52
  2008.6876          -11.63            0.52
  2008.6904          -12.68            0.54
  2008.6959           -9.47            0.56
  2008.6986          -10.36            0.57
  2008.7014          -11.07            0.50
  2008.7041          -12.41            0.49
  2008.7069            1.46            0.53
  2008.7096            1.63            0.53
  2008.7123            1.40            0.54
  2008.7151            3.66            0.54
  2008.7178            1.82            0.52
  2008.7206            2.51            0.52
  2008.7233            2.40            0.55
  2008.7261            0.42            0.52
  2008.7288           -0.00            0.53
  2008.7316            0.73            0.54
  2008.7343            0.13            0.56
  2008.7369            2.61            0.56
  2008.7397          -15.29            3.75
  2008.7424            4.43            0.59
  2008.7452            7.21            0.60
  2008.7479            4.50            0.57
  2008.7507            1.84            0.57
  2008.7534            4.23            0.69
  2008.7561            1.83            0.58
  2008.7589            3.55            0.60
  2008.7616            4.19            0.56
  2008.7644            2.41            0.57
  2008.7671            2.43            0.58
  2008.7699            3.00            0.56
  2008.7726            2.19            0.55
  2008.7754            2.27            0.56
  2008.7781           -1.68            0.63
  2008.7808            3.12            0.61
  2008.7836            2.98            1.40
  2008.7863            3.12            0.56
  2008.7891            4.35            0.59
  2008.7917            2.25            0.65
  2008.7946            1.83            0.59
  2008.7972            2.48            0.56
  2008.8000            2.70            0.59
  2008.8027            3.50            0.62
  2008.8054            6.32            0.55
  2008.8082            3.33            0.62
  2008.8109            1.60            0.56
  2008.8137            3.48            0.59
  2008.8164            2.91            0.61
  2008.8192            4.28            0.59
  2008.8219            5.13            0.56
  2008.8247            3.21            0.55
  2008.8274            6.18            0.58
  2008.8301            3.62            0.60
  2008.8329            3.65            0.58
  2008.8356            5.59            0.59
  2008.8384            4.33            0.60
  2008.8411            4.76            0.58
  2008.8439            5.64            0.60
  2008.8466            4.22            0.64
  2008.8494            4.67            0.64
  2008.8521            3.63            0.63
  2008.8547            4.54            0.66
  2008.8575            3.74            0.62
  2008.8602            3.38            0.65
  2008.8630            5.43            0.64
  2008.8657            3.54            0.64
  2008.8685            4.43            0.62
  2008.8712            4.82            0.63
  2008.8740            3.76            0.59
  2008.8767            0.98            0.56
  2008.8794            5.82            0.58
  2008.8822            6.33            0.59
  2008.8849            4.76            0.56
  2008.8877            6.40            0.60
  2008.8904            8.75            0.61
  2008.8932            6.71            0.59
  2008.8959            5.67            0.56
  2008.8987            6.31            0.59
  2008.9014            4.68            0.60
  2008.9041            6.17            0.62
  2008.9069            6.34            0.59
  2008.9095            4.99            0.62
  2008.9124            5.42            0.64
  2008.9150            4.74            0.59
  2008.9178            4.81            0.58
  2008.9205            4.77            0.55
  2008.9233            4.52            0.52
  2008.9260            4.49            0.57
  2008.9287            5.97            0.57
  2008.9315            6.50            0.56
  2008.9342            5.87            0.56
  2008.9370            5.85            0.59
  2008.9397            6.05            0.59
  2008.9425            4.92            0.61
  2008.9452            6.42            0.53
  2008.9480            5.72            0.53
  2008.9507            6.16            0.55
  2008.9534            9.08            0.56
  2008.9562            7.12            0.57
  2008.9589            5.49            0.61
  2008.9617            6.77            0.60
  2008.9644            4.09            0.61
  2008.9672            6.91            0.60
  2008.9698            8.12            0.58
  2008.9727            4.98            0.57
  2008.9753           11.62            0.55
  2008.9780            7.14            0.54
  2008.9808            7.63            0.51
  2008.9835            8.01            0.58
  2008.9863            8.55            0.60
  2008.9890            8.27            0.59
  2008.9918            9.17            0.65
  2008.9945            6.71            0.63
  2008.9973            6.55            0.61
  2009.0000            8.56            0.68
  2009.0027            8.81            0.62
  2009.0027            8.30            0.58
  2009.0055            8.47            0.57
  2009.0082            8.74            0.58
  2009.0110            7.51            0.55
  2009.0137            9.08            0.60
  2009.0165            8.69            0.60
  2009.0192            8.11            0.59
  2009.0220            8.15            0.62
  2009.0247            7.28            0.60
  2009.0273            8.90            0.59
  2009.0302            8.49            0.57
  2009.0328            9.55            0.59
  2009.0356            8.53            0.63
  2009.0383            8.13            0.65
  2009.0411            7.54            0.62
  2009.0438            9.95            0.66
  2009.0466            9.98            0.59
  2009.0493            7.58            0.57
  2009.0520            9.30            0.59
  2009.0548            7.23            0.60
  2009.0575            6.79            0.58
  2009.0603            6.51            0.57
  2009.0630            7.74            0.58
  2009.0658            6.69            0.61
  2009.0685            8.82            0.56
  2009.0713            8.37            0.53
  2009.0740            8.18            0.62
  2009.0767            9.65            0.58
  2009.0795            9.15            0.60
  2009.0822            9.47            0.64
  2009.0850            7.32            0.56
  2009.0876            8.64            0.54
  2009.0905           10.88            0.55
  2009.0931            9.51            0.59
  2009.0959            8.84            0.59
  2009.0986            8.90            0.60
  2009.1013            8.15            0.57
  2009.1041            8.54            0.55
  2009.1068            6.85            0.59
  2009.1096            7.78            0.63
  2009.1123            8.60            0.63
  2009.1151            8.58            0.58
  2009.1178            7.17            0.55
  2009.1206            7.60            0.58
  2009.1233            7.67            1.46
  2009.1343           11.29            1.02
  2009.1370           14.63            0.85
  2009.1398            9.05            0.56
  2009.1425           10.98            0.53
  2009.1453           10.55            0.52
  2009.1479            9.22            0.52
  2009.1506           10.97            0.52
  2009.1534            9.74            0.55
  2009.1561            7.40            0.52
  2009.1589            9.68            0.54
  2009.1616            8.95            0.56
  2009.1644           10.32            1.05
  2009.1671            8.61            0.57
  2009.1699            8.95            0.58
  2009.1726           10.77            0.55
  2009.1753            9.78            0.51
  2009.1781           10.90            0.56
  2009.1808           11.70            0.57
  2009.1836           12.53            0.54
  2009.1863           11.49            0.54
  2009.1891           10.79            0.54
  2009.1918           12.58            0.58
  2009.1946           10.49            0.55
  2009.1973            8.35            0.60
  2009.2000           11.44            0.57
  2009.2028           12.91            0.49
  2009.2054           12.34            0.56
  2009.2083           12.96            0.47
  2009.2109           16.82            0.51
  2009.2137           13.21            0.51
  2009.2164           12.30            0.50
  2009.2192           13.53            0.49
  2009.2219           11.64            0.54
  2009.2246            8.93            0.58
  2009.2274            9.96            0.57
  2009.2301            9.72            0.51
  2009.2329           11.01            0.54
  2009.2356           10.02            0.54
  2009.2384           10.82            0.57
  2009.2411            9.41            0.52
  2009.2439            9.97            0.49
  2009.2466            8.95            0.51
  2009.2493            9.97            0.47
  2009.2521            9.91            0.54
  2009.2548           11.30            0.54
  2009.2576            9.21            0.51
  2009.2603            8.29            0.92
  2009.2631            7.75            0.50
  2009.2657            8.88            0.49
  2009.2684            9.21            0.50
  2009.2712            9.15            0.48
  2009.2739           11.29            0.50
  2009.2767           10.17            0.50
  2009.2794           10.74            0.54
  2009.2822           10.34            0.46
  2009.2849            9.17            0.48
  2009.2877           10.90            0.48
  2009.2904           11.30            0.53
  2009.2931           10.63            0.51
  2009.2959           11.17            0.47
  2009.2986           10.44            0.47
  2009.3014           10.51            0.48
  2009.3124           10.00            0.49
  2009.3151           10.55            0.46
  2009.3177           10.05            0.48
  2009.3206           11.66            0.52
  2009.3232            9.73            0.47
  2009.3260            9.83            0.50
  2009.3315           10.36            0.47
  2009.3342           10.03            0.47
  2009.3370            9.58            0.49
  2009.3397           10.83            0.52
  2009.3424            9.71            0.44
  2009.3452            8.46            0.44
  2009.3479            9.91            0.46
  2009.3507           10.22            0.43
  2009.3534            9.40            0.50
  2009.3562           10.17            0.49
  2009.3589           10.27            0.46
  2009.3617           12.04            0.51
  2009.3644           12.25            0.44
  2009.3671           10.68            0.51
  2009.3699            9.79            0.45
  2009.3726            9.49            0.43
  2009.3754           12.26            0.43
  2009.3781           11.54            0.44
  2009.3809           11.63            0.43
  2009.3835           11.00            0.47
  2009.3864           12.20            0.52
  2009.3890           12.19            0.52
  2009.3917           11.87            0.45
  2009.3945           11.18            0.46
  2009.3972            9.63            0.46
  2009.4000            8.87            0.43
  2009.4027            9.22            0.42
  2009.4055            8.42            0.45
  2009.4082           11.27            0.42
  2009.4110           10.69            0.43
  2009.4137           12.92            0.47
  2009.4164            9.99            0.49
  2009.4192           10.09            0.43
  2009.4219           11.87            0.40
  2009.4247           11.11            0.49
  2009.4274            9.27            0.44
  2009.4302           12.29            0.42
  2009.4329           10.41            0.45
  2009.4357           11.42            0.49
  2009.4384           12.69            0.47
  2009.4410            9.39            0.46
  2009.4438           10.79            0.43
  2009.4465           10.57            0.45
  2009.4493           10.05            0.47
  2009.4520           10.31            0.49
  2009.4548           12.39            0.48
  2009.4575           10.91            0.47
  2009.4603           11.07            0.50
  2009.4630           10.05            0.50
  2009.4657           11.32            0.51
  2009.4685           10.11            0.49
  2009.4712            8.20            0.48
  2009.4740            8.89            0.47
  2009.4767            7.70            0.43
  2009.4795            8.34            0.43
  2009.4822            8.86            0.47
  2009.4850            8.61            0.50
  2009.4877           11.29            0.46
  2009.4904           11.54            0.56
  2009.4932           10.94            0.50
  2009.4958           10.68            0.44
  2009.4987           10.97            0.48
  2009.5013           10.52            0.46
  2009.5042           11.14            0.44
  2009.5068           10.76            0.49
  2009.5096           12.76            0.49
  2009.5123           12.32            0.46
  2009.5150           13.56            1.27
  2009.5315           10.00            0.64
  2009.5343           12.45            0.40
  2009.5370           12.01            0.43
  2009.5397           12.80            0.43
  2009.5425           11.59            0.43
  2009.5452           12.58            0.48
  2009.5507          -33.82            0.82
  2009.5535           13.00            0.50
  2009.5562           11.65            0.45
  2009.5590            9.12            0.41
  2009.5616           11.99            0.43
  2009.5643           11.18            0.45
  2009.5671            9.61            0.44
  2009.5698           11.84            0.43
  2009.5726           10.42            0.43
  2009.5753           10.24            0.47
  2009.5781           11.55            0.42
  2009.5808           11.81            0.43
  2009.5836           11.93            0.41
  2009.5863           12.62            0.43
  2009.5890           12.87            0.43
  2009.5918           12.89            0.48
  2009.5945           12.20            0.46
  2009.5973           13.21            0.43
  2009.6000           12.88            0.44
  2009.6028           12.85            0.46
  2009.6055           12.35            0.44
  2009.6083           12.84            0.45
  2009.6110           13.13            0.51
  2009.6136           12.87            0.49
  2009.6165           12.95            0.47
  2009.6191           12.87            0.47
  2009.6219           10.28            0.48
  2009.6246           10.42            0.51
  2009.6274           11.52            0.49
  2009.6301           12.57            0.47
  2009.6329           11.65            0.47
  2009.6356           12.26            0.46
  2009.6383           13.21            0.48
  2009.6411           14.30            0.47
  2009.6438           10.61            0.47
  2009.6466           12.63            0.48
  2009.6493           11.37            0.51
  2009.6521           12.81            0.57
  2009.6548           11.64            0.53
  2009.6576           12.09            0.51
  2009.6603           13.43            0.51
  2009.6630           12.67            0.51
  2009.6658           10.73            0.48
  2009.6685           13.67            0.47
  2009.6713           12.67            0.48
  2009.6740           13.21            0.45
  2009.6768           12.30            0.48
  2009.6794           12.48            0.50
  2009.6823           12.69            0.57
  2009.6849           13.67            0.47
  2009.6876           12.19            0.44
  2009.6904           11.30            0.41
  2009.6931           13.27            0.44
  2009.6959           13.41            0.48
  2009.6986           12.28            0.45
  2009.7014           12.53            0.47
  2009.7041           12.08            0.49
  2009.7069           11.36            0.49
  2009.7096           12.17            0.49
  2009.7123           14.04            0.50
  2009.7151           13.44            0.49
  2009.7178           12.00            0.47
  2009.7206           11.00            0.48
  2009.7233           12.26            0.46
  2009.7261           10.22            0.47
  2009.7288           10.53            0.45
  2009.7316            8.61            1.83
  2009.7343           11.11            0.83
  2009.7369           13.44            0.49
  2009.7397           11.90            0.49
  2009.7424           11.87            0.47
  2009.7452           12.29            0.49
  2009.7479           12.77            0.49
  2009.7507           11.13            0.54
  2009.7534           12.99            0.53
  2009.7561           10.84            0.54
  2009.7589           13.62            0.58
  2009.7616           13.52            0.59
  2009.7644           12.41            0.51
  2009.7671           12.55            0.49
  2009.7699           13.90            0.54
  2009.7726           13.20            0.57
  2009.7754           13.84            0.59
  2009.7781           13.56            0.53
  2009.7808           13.92            0.49
  2009.7836           14.81            0.50
  2009.7863           14.21            0.61
  2009.7891           14.41            0.62
  2009.7917           15.79            0.55
  2009.7946           12.70            0.62
  2009.7972           15.10            0.59
  2009.8000           16.73            0.70
  2009.8027           14.78            0.61
  2009.8054           14.64            0.59
  2009.8082           14.59            0.63
  2009.8109           16.15            0.65
  2009.8137           15.23            0.60
  2009.8164           15.39            0.59
  2009.8192           12.25            0.58
  2009.8219           15.59            0.68
  2009.8247           13.61            0.65
  2009.8274           14.46            0.73
  2009.8301           14.37            0.71
  2009.8329           12.97            0.70
  2009.8356           14.08            0.65
  2009.8384           14.91            0.64
  2009.8411           13.76            0.62
  2009.8439           13.80            0.65
  2009.8466           13.15            0.68
  2009.8494           12.85            0.65
  2009.8521           11.88            0.58
  2009.8547           12.56            0.55
  2009.8575           14.46            0.55
  2009.8602           13.20            0.57
  2009.8630           13.14            0.56
  2009.8657           14.88            0.58
  2009.8685           13.57            0.65
  2009.8712           12.77            0.62
  2009.8740           13.19            0.63
  2009.8767           14.55            0.61
  2009.8794           13.23            0.62
  2009.8822           13.18            0.61
  2009.8849           13.64            0.63
  2009.8877           15.59            0.60
  2009.8904           14.74            0.59
  2009.8932           13.89            0.59
  2009.8959           14.24            0.61
  2009.8987           18.10            0.64
  2009.9014           14.59            0.64
  2009.9041           14.76            0.61
  2009.9069           15.11            0.59
  2009.9095           13.85            0.60
  2009.9124           13.75            0.64
  2009.9150           14.06            0.58
  2009.9178           16.00            0.56
  2009.9205           13.68            0.59
  2009.9233           12.08            0.56
  2009.9260           14.66            0.55
  2009.9287           14.08            0.57
  2009.9315           15.74            0.56
  2009.9342           17.09            0.53
  2009.9370           16.69            0.54
  2009.9397           12.29            1.24
  2009.9425           17.09            0.60
  2009.9452           16.31            0.62
  2009.9480           17.43            0.59
  2009.9507           17.22            0.57
  2009.9534           16.56            0.65
  2009.9562           17.08            0.61
  2009.9589           15.50            0.56
  2009.9617           16.50            0.67
  2009.9644           18.39            0.64
  2009.9672           19.18            0.70
  2009.9698           19.42            0.64
  2009.9727           17.67            0.64
  2009.9753           16.09            0.73
  2009.9780           20.39            0.79
  2009.9808           16.09            0.64
  2009.9835           19.15            0.61
  2009.9863           21.31            0.73
  2009.9890           19.48            0.70
  2009.9918           20.43            0.70
  2009.9945           19.66            0.63
  2009.9973           18.82            0.61
  2010.0000           19.01            0.58
  2010.0027           20.99            0.58
  2010.0055           19.89            0.62
  2010.0082           20.33            0.66
  2010.0110           19.37            0.64
  2010.0137           19.11            0.86
  2010.0165           25.54            0.92
  2010.0192           20.96            0.55
  2010.0220           22.09            0.56
  2010.0247           20.26            0.60
  2010.0273           15.56            0.64
  2010.0302           19.46            0.68
  2010.0328           19.51            0.58
  2010.0356           20.27            0.55
  2010.0383           20.40            0.56
  2010.0411           19.00            0.58
  2010.0438           21.16            0.61
  2010.0466           21.66            0.59
  2010.0520           22.29            0.60
  2010.0548           21.91            0.61
  2010.0575           22.81            0.65
  2010.0603           22.93            0.62
  2010.0630           19.08            0.61
  2010.0658           21.01            0.64
  2010.0685           21.76            0.64
  2010.0713           19.81            0.70
  2010.0740           20.78            0.71
  2010.0767           21.34            0.74
  2010.0795           22.71            0.68
  2010.0822           22.71            0.59
  2010.0850           20.05            0.56
  2010.0876           19.22            0.61
  2010.0905           20.44            0.68
  2010.0931           20.74            0.66
  2010.0959           21.11            0.59
  2010.0986           24.21            0.63
  2010.1013           20.78            0.64
  2010.1041           22.76            0.65
  2010.1068           22.01            0.60
  2010.1096           23.18            0.64
  2010.1123           22.47            0.63
  2010.1151           21.00            0.66
  2010.1178           20.22            0.65
  2010.1206           21.11            0.64
  2010.1233           19.83            0.56
  2010.1260           19.22            0.62
  2010.1288           22.50            0.62
  2010.1315           19.62            0.62
  2010.1343           21.23            0.71
  2010.1370           22.82            0.70
  2010.1398           18.73            0.58
  2010.1425           24.11            0.64
  2010.1453           24.45            0.74
  2010.1479           35.01            4.12
  2010.1506           21.17            1.23
  2010.1534           20.58            0.69
  2010.1561           21.29            0.65
  2010.1616           25.22            0.69
  2010.1644           24.52            0.63
  2010.1671           25.08            0.69
  2010.1699           21.94            0.87
  2010.1726           26.94            0.86
  2010.1753           24.52            0.60
  2010.1781           27.18            0.56
  2010.1808           23.26            0.62
  2010.1836           24.88            0.69
  2010.1863           26.01            0.62
  2010.1891           23.41            0.60
  2010.1918           24.78            0.57
  2010.1946           23.45            0.58
  2010.1973           21.69            0.64
  2010.2000           25.84            0.53
  2010.2028           22.55            0.52
  2010.2054           23.55            0.54
  2010.2083           26.11            0.59
  2010.2109           25.28            0.60
  2010.2137           25.92            0.59
  2010.2164           24.75            0.64
  2010.2192           20.96            0.67
  2010.2219           22.56            0.57
  2010.2246           23.89            0.60
  2010.2301           26.44            1.02
  2010.2329           24.11            0.58
  2010.2356           21.20            0.59
  2010.2384           21.26            0.63
  2010.2411           23.86            0.65
  2010.2439           21.52            0.61
  2010.2466           22.34            0.68
  2010.2493           21.31            0.56
  2010.2521           22.54            0.56
  2010.2548           20.96            0.53
  2010.2576           24.26            0.35
  2010.2603           23.79            0.50
  2010.2631           23.78            0.53
  2010.2657           23.94            0.55
  2010.2684           25.10            0.53
  2010.2712           25.75            0.56
  2010.2739           24.84            0.57
  2010.2767           24.19            0.55
  2010.2794           22.42            0.54
  2010.2822           26.68            0.54
  2010.2849           26.54            0.50
  2010.2877           22.64            0.53
  2010.2904           24.28            0.56
  2010.2931           25.45            0.56
  2010.2959           22.47            0.56
  2010.2986           22.59            0.59
  2010.3014           22.76            0.53
  2010.3096           21.87            0.50
  2010.3124           25.05            0.49
  2010.3151           22.51            0.52
  2010.3177           21.49            0.52
  2010.3206           22.70            0.51
  2010.3232           22.51            0.54
  2010.3260           21.11            0.51
  2010.3287           23.95            0.56
  2010.3315           22.77            0.59
  2010.3424           21.97            0.55
  2010.3452           24.25            0.52
  2010.3479           22.27            0.49
  2010.3507           21.51            0.49
  2010.3534           22.42            0.49
  2010.3562           22.91            0.50
  2010.3589           24.22            0.49
  2010.3617           22.92            0.79
  2010.3644           23.77            0.53
  2010.3726           23.76            0.50
  2010.3754           23.61            0.49
  2010.3781           23.36            0.52
  2010.3809           23.27            0.50
  2010.3835           23.54            0.50
  2010.3864           24.86            0.53
  2010.3890           23.81            0.58
  2010.3917           26.60            0.56
  2010.3945           24.92            0.56
  2010.3972           21.75            0.53
  2010.4000           22.73            0.52
  2010.4027           24.60            0.53
  2010.4055           24.48            0.55
  2010.4082           23.94            0.52
  2010.4110           22.23            1.11
  2010.4137           24.22            0.50
  2010.4164           25.10            0.49
  2010.4192           24.33            0.53
  2010.4219           24.39            0.51
  2010.4247           22.99            0.52
  2010.4274           24.43            0.53
  2010.4302           23.46            0.51
  2010.4329           21.94            0.49
  2010.4357           25.18            0.46
  2010.4384           24.08            0.49
  2010.4410           23.69            0.49
  2010.4438           23.26            0.50
  2010.4465           24.25            0.49
  2010.4493           25.73            0.50
  2010.4520           26.19            0.60
  2010.4548           23.28            0.53
  2010.4575           24.84            0.51
  2010.4603           24.65            0.63
  2010.4630           27.50            0.64
  2010.4657           21.74            0.58
  2010.4685           23.21            0.47
  2010.4712           25.18            0.48
  2010.4740           27.73            0.51
  2010.4767           24.46            0.58
  2010.4795           26.26            0.57
  2010.4822           25.03            0.49
  2010.4850           25.72            0.50
  2010.4877           26.48            0.52
  2010.4904           25.08            0.52
  2010.4932           25.58            0.53
  2010.4958           25.69            0.51
  2010.4987           23.48            0.49
  2010.5013           24.82            0.49
  2011.5343           41.93            0.64
  2012.0027           51.09            0.69
  2012.0055           48.98            0.66
  2012.0082           52.19            0.66
  2012.0110           50.82            0.64
  2012.0137           52.82            0.83
  2012.0165           51.35            0.68
  2012.0192           53.60            0.69
  2012.0220           51.65            0.68
  2012.0247           49.94            0.90
  2012.0273           50.30            0.77
  2012.0302           49.53            0.72
  2012.0328           48.94            0.60
  2012.0356           50.70            0.63
  2012.0383           52.87            0.60
  2012.0411           53.48            0.73
  2012.0438           51.71            0.64
  2012.0466           51.99            0.73
  2012.0493           54.71            0.77
  2012.0520           52.07            0.67
  2012.0548           51.93            0.78
  2012.0603           51.32            0.68
  2012.0630           53.95            0.72
  2012.0658           53.60            0.71
  2012.0685          120.15            1.01
  2012.0713           99.80            0.99
  2012.0740           82.74            0.96
  2012.0767           28.81            1.16
  2012.0795           59.24            0.86
  2012.0822           56.24            0.88
  2012.0850           58.91            0.72
  2012.0876           57.22            0.74
  2012.0905           54.29            0.78
  2012.0931           56.40            0.76
  2012.0959           56.01            0.86
  2012.0986           54.15            0.76
  2012.1013           57.25            0.77
  2012.1041           61.37            0.85
  2012.1068           55.61            0.74
  2012.1096           55.79            0.68
  2012.1123           51.91            0.66
  2012.1151           53.57            0.67
  2012.1178           53.83            0.87
  2012.1206           52.83            0.84
  2012.1233           56.53            0.78
  2012.1260           54.60            0.72
  2012.1288           51.62            0.76
  2012.1315           53.73            0.77
  2012.1343           51.54            0.78
  2012.1370           51.59            0.77
  2012.1398           52.66            0.70
  2012.1425           52.78            0.61
  2012.1453           54.28            0.60
  2012.1479           50.02            0.57
  2012.1506           50.89            0.65
  2012.1534           57.82            0.69
  2012.1561           52.78            0.64
  2012.1589           54.79            0.70
  2012.1616           55.16            0.71
  2012.1644           54.16            0.65
  2012.1671           54.10            0.66
  2012.1699           53.71            0.62
  2012.1726           51.17            0.72
  2012.1753           54.32            0.72
  2012.1781           53.48            0.80
  2012.1808           53.20            0.67
  2012.1836           53.06            0.77
  2012.1863           52.84            0.67
  2012.1891           56.63            0.68
  2012.1918           52.82            0.71
  2012.1946           49.41            0.68
  2012.1973           54.15            0.69
  2012.2000           50.09            0.67
  2012.2028           52.24            0.64
  2012.2054           51.60            0.60
  2012.2083           52.99            0.63
  2012.2109           51.28            0.67
  2012.2137           51.35            0.68
  2012.2164           56.90            0.93
  2012.2192           52.68            0.65
  2012.2219           50.03            0.66
  2012.2246           51.35            0.62
  2012.2274           51.30            0.60
  2012.2301           50.15            0.63
  2012.2329           54.34            0.64
  2012.2356           52.82            0.59
  2012.2384           50.77            0.56
  2012.2411           53.35            0.62
  2012.2439           50.49            0.66
  2012.2466           49.98            0.63
  2012.2493           50.67            0.69
  2012.2521           50.29            0.66
  2012.2548           50.34            0.68
  2012.2576           50.52            0.71
  2012.2603           50.96            0.73
  2012.2631           53.19            0.64
  2012.2657           53.24            0.60
  2012.2684           52.42            0.66
  2012.2712           54.06            0.65
  2012.2739           54.31            0.62
  2012.2767           53.30            0.66
  2012.2794           54.77            0.67
  2012.2822           54.15            0.66
  2012.2849           53.55            0.77
  2012.2931           48.93            1.62
  2012.2959           54.09            0.59
  2012.2986           53.72            0.62
  2012.3014           53.10            0.59
  2012.3041           54.32            0.56
  2012.3069           49.72            0.60
  2012.3124           54.66            0.52
  2012.3151           57.50            0.60
  2012.3206           56.57            0.52
  2012.3232           53.92            0.52
  2012.3287           56.12            0.53
  2012.3315           54.30            0.59
  2012.3342           53.79            0.50
  2012.3370           51.28            0.51
  2012.3397           51.82            0.51
  2012.3424           52.13            0.54
  2012.3452           51.39            0.52
  2012.3479           54.56            0.60
  2012.3507           54.10            0.54
  2012.3534           53.94            0.53
  2012.3562           55.74            0.52
  2012.3589           53.67            0.56
  2012.3617           53.41            0.58
  2012.3671           52.40            0.51
  2012.3726           53.35            0.54
  2012.3781           55.42            0.58
  2012.3809           52.68            0.54
  2012.3835           52.56            0.57
  2012.3864           52.12            0.54
  2012.3890           52.62            0.51
  2012.3917           53.97            0.54
  2012.3945           53.63            0.51
  2012.3972           54.36            0.53
  2012.4000           53.46            0.53
  2012.4027           52.60            0.57
  2012.4055           53.18            0.63
  2012.4110           55.03            0.57
  2012.4137           53.26            0.51
  2012.4164           54.47            0.54
  2012.4192           54.52            0.57
  2012.4219           54.33            0.58
  2012.4247           53.57            0.60
  2012.4274           52.19            0.57
  2012.4302           53.07            0.56
  2012.4329           53.76            0.48
  2012.4357           52.70            0.44
  2012.4384           53.04            0.50
  2012.4410           53.23            0.50
  2012.4438           54.61            0.49
  2012.4465           54.37            0.61
  2012.4493           53.26            0.61
  2012.4520           54.89            0.60
  2012.4548           52.06            0.56
  2012.4575           52.87            0.57
  2012.4603           53.56            0.48
  2012.4630           53.61            0.51
  2012.4657           56.72            0.59
  2012.4685           56.83            0.56
  2012.4712           54.58            0.63
  2012.4740           53.61            0.51
  2012.4767           55.03            0.52
  2012.4795           54.47            0.49
  2012.4822           51.99            0.57
  2012.4850           54.40            0.52
  2012.4877           54.14            0.55
  2012.4904           54.66            0.61
  2012.4932           54.54            0.53
  2012.4958           52.78            0.63
  2012.4987           56.11            0.59
  2012.5013           54.40            0.65
  2012.5042           55.85            0.56
  2012.5068           51.31            0.54
  2012.5096           52.72            0.56
  2012.5123           53.34            0.56
  2012.5150           49.75            0.58
  2012.5178           53.18            0.54
  2012.5205           52.51            0.57
  2012.5233           51.62            0.59
  2012.5260           53.39            0.54
  2012.5288           52.85            0.57
  2012.5315           58.22            0.56
  2012.5343           55.64            0.59
  2012.5370           50.62            0.52
  2012.5397           55.81            0.54
  2012.5425           55.47            0.55
  2012.5452           54.90            0.61
  2012.5480           52.65            0.58
  2012.5507           53.91            0.56
  2012.5535           52.39            0.61
  2012.5562           53.27            0.53
  2012.5590           54.46            0.60
  2012.5616           53.85            0.58
  2012.5643           53.60            0.55
  2012.5671           51.77            0.52
  2012.5698           50.94            0.56
  2012.5726           51.45            0.51
  2012.5753           51.65            0.59
  2012.5781           51.96            0.52
  2012.5808           54.11            0.59
  2012.5836           53.17            0.55
  2012.5863           55.56            0.66
  2012.5890           55.51            0.60
  2012.5918           52.83            0.57
  2012.5945           54.12            0.56
  2012.5973           52.79            0.88
  2012.6000           55.59            0.61
  2012.6028           58.66            0.63
  2012.6055           58.63            0.64
  2012.6083           52.90            0.64
  2012.6110           52.24            0.58
  2012.6136           52.45            0.61
  2012.6165           52.98            0.56
  2012.6191           56.55            0.62
  2012.6219           55.81            0.64
  2012.6246           53.86            0.67
  2012.6274           56.21            0.60
  2012.6301           61.43            0.62
  2012.6329           57.23            0.58
  2012.6356           53.89            0.59
  2012.6383           53.62            0.57
  2012.6411           54.36            0.56
  2012.6438           56.29            0.65
  2012.6466           54.52            0.53
  2012.6493           54.91            0.58
  2012.6521           55.49            0.57
  2012.6548           54.24            0.54
  2012.6576           54.00            0.53
  2012.6603           56.39            0.58
  2012.6630           55.27            0.66
  2012.6658           54.47            0.61
  2012.6685           55.27            0.67
  2012.6713           52.08            0.58
  2012.6740           53.37            0.62
  2012.6768           53.70            0.68
  2012.6794           57.60            0.60
  2012.6823           51.66            0.70
  2012.6849           52.67            0.70
  2012.6876           54.54            0.62
  2012.6904           54.63            0.62
  2012.6931           54.64            0.69
  2012.6986           59.45            1.26
  2012.7014           55.15            0.67
  2012.7041           55.60            0.74
  2012.7069           57.11            0.66
  2012.7096           54.67            0.65
  2012.7123           54.61            0.62
  2012.7151           55.18            0.64
  2012.7178           54.33            0.69
  2012.7206           51.75            0.62
  2012.7233           53.97            0.66
  2012.7261           56.72            0.67
  2012.7288           55.18            0.58
  2012.7316           55.00            0.59
  2012.7343           53.86            0.70
  2012.7369           59.07            0.74
  2012.7397           54.05            0.63
  2012.7424           55.88            0.63
  2012.7452           57.21            0.70
  2012.7479           55.31            0.67
  2012.7507           57.36            0.67
  2012.7534           55.95            0.75
  2012.7561           53.94            0.78
  2012.7644           59.10            1.17
  2012.7671           58.16            0.79
  2012.7699           61.62            0.77
  2012.7726           61.19            0.72
  2012.7754           56.57            0.72
  2012.7781           55.76            0.62
  2012.7808           56.00            0.64
  2012.7836           58.65            0.62
  2012.7863           56.18            0.63
  2012.7891           55.00            0.69
  2012.7917           62.45            0.73
  2012.7946           59.52            0.74
  2012.7972           53.98            0.65
  2012.8000           48.63            0.65
  2012.8027           58.96            0.77
  2012.8054           56.80            0.77
  2012.8082           61.40            0.88
  2012.8109           65.76            0.69
  2012.8137           65.26            0.78
  2012.8164           60.81            0.72
  2012.8192           58.26            0.71
  2012.8219           57.59            0.82
  2012.8247           62.35            0.81
  2012.8274           57.58            0.71
  2012.8301           60.51            0.92
  2012.8329           64.19            0.78
  2012.8356           59.04            0.79
  2012.8384           60.57            0.73
  2012.8411           60.61            0.73
  2012.8439           60.74            0.84
  2012.8466           57.68            0.76
  2012.8494           62.80            0.89
  2012.8521           60.70            0.84
  2012.8547           66.45            1.95
  2012.8575           63.84            2.40
  2012.8602          -81.67           99.44
  2012.8630           63.54            2.25
  2012.8657           60.16            2.59
  2012.8685           55.71            2.14
  2012.8712           61.44            1.51
  2012.8740           68.56            1.51
  2012.8767           61.52            0.77
  2012.8794           61.46            0.75
  2012.8822           61.47            0.74
  2012.8849           59.02            0.69
  2012.8877           59.43            0.83
  2012.8904           62.29            0.90
  2012.8932           60.77            1.04
  2012.8959           64.05            0.82
  2012.8987           59.06            0.80
  2012.9014           61.21            0.82
  2012.9041           62.72            2.97
  2012.9069           62.09            0.79
  2012.9095           61.33            0.85
  2012.9124           62.69            0.86
  2012.9150           62.06            0.89
  2012.9178           65.90            0.80
  2012.9205           62.76            0.75
  2012.9233           62.30            1.46
  2012.9260           66.13            0.97
  2012.9287           63.70            0.97
  2012.9315           64.81            1.27
  2012.9342           66.49            1.10
  2012.9370           63.81            0.86
  2012.9397           65.36            0.81
  2012.9425           60.82            0.84
  2012.9452           64.50            1.08
  2012.9480           62.38            0.88
  2012.9507           62.95            1.17
  2012.9534           62.67            0.84
  2012.9562           64.91            1.02
  2012.9589           60.40            2.27
  2012.9617           58.48            2.47
  2012.9644           63.19            2.42
  2012.9672           63.01            1.79
  2012.9698           66.38            3.00
  2012.9727           58.13            2.88
  2012.9753           63.93            2.83
  2012.9780           66.92            1.80
  2012.9808          -44.14           13.35
  2012.9835           61.41            1.48
  2012.9863           64.93            0.95
  2012.9890           60.65            0.91
  2013.0192           66.57            1.24
  2013.0220           64.90            0.91
  2013.0247           66.56            0.86
  2013.0273           66.55            1.02
  2013.0302           67.09            0.84
  2013.0328           66.19            0.87
  2013.0356           67.45            0.73
  2013.0383           63.02            0.84
  2013.0411           64.72            0.95
  2013.0438           62.64            1.25
  2013.0466           69.96            1.26
  2013.0493           65.93            1.14
  2013.0520           66.96            0.83
  2013.0548           66.00            0.62
  2013.0575           65.48            0.63
  2013.0603           67.00            0.76
  2013.0630           71.10            1.42
  2013.0658           65.40            0.98
  2013.0685           67.29            0.68
  2013.0713           65.60            0.66
  2013.0740           66.42            0.69
  2013.0767           63.83            1.42
  2013.0795           65.11            0.98
  2013.0822           69.95            0.81
  2013.0850           67.16            1.24
  2013.0876           64.62            1.13
  2013.0905           67.09            1.15
  2013.0931           68.54            1.14
  2013.0959           66.44            1.25
  2013.1013           69.19            7.38
  2013.1206           61.31            0.91
  2013.2356           64.24            0.64
  2013.2384           63.29            0.66
  2013.2466           69.17            0.64
  2013.2493           68.71            0.67
  2013.2548           67.88            0.64
  2013.2712           59.00            0.64
  2013.2794           64.63            0.65
  2013.2822           62.18            0.51
  2013.2849           64.29            0.61
  2013.2877           62.64            0.58
  2013.2904           64.68            0.59
  2013.2931           63.13            0.60
  2013.2959           62.43            0.65
  2013.2986           65.10            0.62
  2013.3014           63.72            0.61
  2013.3041           61.41            0.60
  2013.3069           62.36            0.60
  2013.3096           65.38            0.64
  2013.3124           62.02            0.68
  2013.3151           63.33            0.59
  2013.3177           61.96            0.61
  2013.3206           62.30            0.63
  2013.3232           65.98            0.66
  2013.3479           63.16            0.64
  2013.3562           62.68            0.66
