  2008.6000            0.00            1.62
  2008.6028           -0.71            1.67
  2008.6055           -1.37            1.56
  2008.6083           -0.17            1.60
  2008.6110           -0.30            1.62
  2008.6136           -1.79            1.72
  2008.6165           -3.41            2.38
  2008.6438            6.79            3.19
  2008.6466            1.67            1.56
  2008.6493            0.55            1.53
  2008.6521            0.80            1.64
  2008.6548           -0.12            1.76
  2008.6576            1.56            1.79
  2008.6603            1.11            1.75
  2008.6630            1.11            1.66
  2008.6658            1.06            1.65
  2008.6685            2.51            1.69
  2008.6713            2.85            1.71
  2008.6768            1.57            1.64
  2008.6794            1.81            1.60
  2008.6823            1.63            1.66
  2008.6849            1.74            1.60
  2008.6876           -5.03            1.64
  2008.6904           -5.48            1.65
  2008.6959           -4.42            1.74
  2008.6986           -4.19            1.74
  2008.7014           -5.07            1.56
  2008.7041           -5.01            1.55
  2008.7069            1.33            1.61
  2008.7096            3.10            1.59
  2008.7123            3.34            1.59
  2008.7151            1.40            1.62
  2008.7178            2.34            1.57
  2008.7206            1.98            1.59
  2008.7233            2.00            1.63
  2008.7261            2.03            1.55
  2008.7288            0.24            1.62
  2008.7316            0.67            1.63
  2008.7343            1.95            1.65
  2008.7369            2.13            1.61
  2008.7397          -24.46           11.19
  2008.7424            0.97            1.77
  2008.7452            1.54            1.80
  2008.7479            2.03            1.68
  2008.7507            2.64            1.70
  2008.7534            1.01            1.96
  2008.7561           -0.31            1.78
  2008.7589            0.56            1.80
  2008.7616            0.44            1.71
  2008.7644            0.49            1.70
  2008.7671            1.70            1.73
  2008.7699           -0.35            1.65
  2008.7726            0.46            1.66
  2008.7754            1.58            1.66
  2008.7781           -2.58            1.87
  2008.7808           -0.01            1.77
  2008.7836            0.27            4.14
  2008.7863           -1.23            1.68
  2008.7891            1.14            1.71
  2008.7917           -0.72            1.89
  2008.7946           -1.46            1.69
  2008.7972            0.05            1.67
  2008.8000            1.38            1.76
  2008.8027           -0.31            1.82
  2008.8054            0.34            1.68
  2008.8082           -0.33            1.82
  2008.8109           -0.99            1.73
  2008.8137            0.74            1.75
  2008.8164           -0.58            1.84
  2008.8192            0.19            1.76
  2008.8219           -0.55            1.71
  2008.8247           -0.25            1.64
  2008.8274            1.47            1.72
  2008.8301            1.88            1.77
  2008.8329           -0.16            1.74
  2008.8356           -1.02            1.78
  2008.8384           -0.98            1.78
  2008.8411           -0.02            1.79
  2008.8439           -0.69            1.86
  2008.8466           -0.09            1.93
  2008.8494           -0.01            1.92
  2008.8521           -0.67            1.89
  2008.8547            0.73            1.94
  2008.8575            0.10            1.88
  2008.8602           -0.62            1.95
  2008.8630           -1.89            1.90
  2008.8657           -0.27            1.89
  2008.8685           -0.23            1.91
  2008.8712           -0.53            1.89
  2008.8740           -1.10            1.79
  2008.8767           -0.99            1.78
  2008.8794            0.25            1.76
  2008.8822           -0.88            1.80
  2008.8849           -0.06            1.70
  2008.8877           -0.55            1.75
  2008.8904           -1.24            1.80
  2008.8932           -0.76            1.78
  2008.8959           -0.64            1.71
  2008.8987            0.32            1.79
  2008.9014           -1.49            1.84
  2008.9041           -3.39            1.84
  2008.9069           -1.32            1.77
  2008.9095           -1.89            1.92
  2008.9124            1.09            1.94
  2008.9150            0.03            1.77
  2008.9178           -2.98            1.78
  2008.9205           -0.55            1.71
  2008.9233           -2.18            1.66
  2008.9260           -1.81            1.72
  2008.9287           -3.29            1.72
  2008.9315           -3.67            1.70
  2008.9342           -0.67            1.71
  2008.9370           -2.50            1.75
  2008.9397           -1.07            1.82
  2008.9425           -1.23            1.95
  2008.9452           -1.88            1.67
  2008.9480           -1.79            1.65
  2008.9507           -1.77            1.65
  2008.9534           -2.09            1.75
  2008.9562           -2.78            1.71
  2008.9589           -2.42            1.79
  2008.9617           -3.72            1.78
  2008.9644           -3.06            1.87
  2008.9672           -2.88            1.80
  2008.9698           -1.28            1.80
  2008.9727           -3.03            1.79
  2008.9753            3.24            1.76
  2008.9780           -2.46            1.69
  2008.9808           -0.02            1.63
  2008.9835           -1.35            1.79
  2008.9863           -0.99            1.81
  2008.9890           -0.55            1.80
  2008.9918           -0.14            1.90
  2008.9945           -3.58            1.87
  2008.9973            0.17            1.91
  2009.0000           -0.77            1.99
  2009.0027            0.10            1.83
  2009.0027           -0.38            1.77
  2009.0055           -1.88            1.75
  2009.0082           -0.01            1.77
  2009.0110           -0.68            1.72
  2009.0137           -1.03            1.83
  2009.0165           -1.34            1.84
  2009.0192           -2.39            1.77
  2009.0220           -0.87            1.84
  2009.0247           -1.56            1.78
  2009.0273            0.04            1.81
  2009.0302           -2.49            1.73
  2009.0328           -0.13            1.82
  2009.0356           -3.83            1.87
  2009.0383            0.15            1.98
  2009.0411           -1.18            1.85
  2009.0438           -1.65            1.91
  2009.0466           -1.33            1.80
  2009.0493           -1.72            1.74
  2009.0520           -0.69            1.77
  2009.0548           -2.45            1.75
  2009.0575           -2.75            1.74
  2009.0603           -2.49            1.74
  2009.0630           -3.72            1.73
  2009.0658           -6.57            1.82
  2009.0685           -2.28            1.69
  2009.0713           -2.41            1.65
  2009.0740           -2.83            1.96
  2009.0767           -1.01            1.74
  2009.0795           -4.10            1.75
  2009.0822           -3.36            1.85
  2009.0850           -5.20            1.73
  2009.0876           -3.57            1.69
  2009.0905           -2.88            1.65
  2009.0931           -2.88            1.78
  2009.0959           -3.29            1.77
  2009.0986           -5.36            1.86
  2009.1013           -3.21            1.71
  2009.1041           -2.88            1.67
  2009.1068           -3.14            1.75
  2009.1096           -1.23            1.88
  2009.1123           -3.70            1.88
  2009.1151           -4.38            1.80
  2009.1178           -2.87            1.71
  2009.1206           -1.73            1.74
  2009.1233           -4.20            4.25
  2009.1343           -2.27            3.11
  2009.1370            0.21            2.32
  2009.1398           -2.62            1.75
  2009.1425           -2.35            1.70
  2009.1453           -3.53            1.68
  2009.1479           -2.33            1.64
  2009.1506           -2.94            1.63
  2009.1534           -2.95            1.65
  2009.1561           -0.00            1.67
  2009.1589           -4.09            1.68
  2009.1616           -2.17            1.73
  2009.1644           -2.91            3.32
  2009.1671           -3.21            1.79
  2009.1699           -3.86            1.77
  2009.1726           -3.76            1.74
  2009.1753           -3.10            1.62
  2009.1781           -2.51            1.70
  2009.1808           -4.11            1.76
  2009.1836           -2.51            1.68
  2009.1863           -4.04            1.66
  2009.1891           -4.11            1.63
  2009.1918           -2.42            1.74
  2009.1946           -5.12            1.68
  2009.1973           -4.94            1.76
  2009.2000           -3.43            1.69
  2009.2028           -4.06            1.55
  2009.2054           -2.07            1.78
  2009.2083           -2.87            1.54
  2009.2109           -6.43            1.63
  2009.2137           -1.70            1.61
  2009.2164           -4.59            1.58
  2009.2192           -2.82            1.57
  2009.2219           -3.57            1.71
  2009.2246           -2.97            1.79
  2009.2274           -2.82            1.80
  2009.2301           -3.13            1.60
  2009.2329           -3.73            1.64
  2009.2356           -3.22            1.66
  2009.2384           -3.71            1.80
  2009.2411           -3.58            1.67
  2009.2439           -3.18            1.61
  2009.2466           -2.89            1.72
  2009.2493           -1.86            1.57
  2009.2521           -1.38            1.75
  2009.2548           -5.19            1.76
  2009.2576           -1.97            1.70
  2009.2603           -3.94            3.03
  2009.2631           -4.15            1.61
  2009.2657           -4.72            1.69
  2009.2684           -4.41            1.66
  2009.2712           -4.83            1.57
  2009.2739           -3.45            1.59
  2009.2767           -3.25            1.58
  2009.2794           -1.64            1.67
  2009.2822           -2.64            1.52
  2009.2849           -1.88            1.56
  2009.2877           -1.19            1.57
  2009.2904           -2.42            1.69
  2009.2931           -1.64            1.61
  2009.2959           -2.15            1.59
  2009.2986           -1.58            1.54
  2009.3014           -1.37            1.58
  2009.3124            0.97            1.63
  2009.3151           -0.11            1.58
  2009.3177           -1.25            1.57
  2009.3206           -0.19            1.75
  2009.3232           -2.19            1.66
  2009.3260           -1.71            1.59
  2009.3315           -0.57            1.63
  2009.3342           -0.99            1.61
  2009.3370           -0.46            1.71
  2009.3397           -1.82            1.79
  2009.3424           -0.35            1.59
  2009.3452           -1.91            1.64
  2009.3479           -1.80            1.51
  2009.3507            0.70            1.59
  2009.3534            0.67            1.57
  2009.3562           -0.54            1.56
  2009.3589           -0.53            1.55
  2009.3617            0.31            1.59
  2009.3644            0.17            1.56
  2009.3671            1.31            1.59
  2009.3699           -0.78            1.63
  2009.3726            0.55            1.57
  2009.3754           -1.19            1.54
  2009.3781           -0.46            1.54
  2009.3809           -0.26            1.53
  2009.3835           -0.42            1.61
  2009.3864            0.97            1.59
  2009.3890           -0.92            1.59
  2009.3917           -1.18            1.55
  2009.3945            0.90            1.60
  2009.3972            0.48            1.66
  2009.4000            0.35            1.57
  2009.4027           -0.62            1.54
  2009.4055           -0.98            1.64
  2009.4082           -0.49            1.53
  2009.4110           -0.21            1.54
  2009.4137           -0.32            1.52
  2009.4164           -1.72            1.64
  2009.4192           -0.75            1.48
  2009.4219           -0.80            1.48
  2009.4247           -0.85            1.52
  2009.4274           -0.50            1.51
  2009.4302           -0.35            1.51
  2009.4329            0.05            1.48
  2009.4357           -0.11            1.55
  2009.4384           -0.32            1.56
  2009.4410           -1.34            1.51
  2009.4438           -0.81            1.42
  2009.4465           -0.26            1.45
  2009.4493           -1.18            1.50
  2009.4520           -1.99            1.57
  2009.4548           -0.92            1.54
  2009.4575           -1.89            1.52
  2009.4603            0.31            1.70
  2009.4630           -3.08            1.63
  2009.4657           -0.14            1.55
  2009.4685           -1.29            1.52
  2009.4712           -1.55            1.55
  2009.4740           -1.26            1.52
  2009.4767           -1.48            1.49
  2009.4795           -2.12            1.53
  2009.4822            0.12            1.54
  2009.4850           -2.99            1.57
  2009.4877           -0.56            1.53
  2009.4904           -0.26            1.83
  2009.4932           -0.35            1.58
  2009.4958           -0.14            1.61
  2009.4987           -1.46            1.53
  2009.5013           -1.27            1.48
  2009.5042            0.04            1.58
  2009.5068           -1.59            1.57
  2009.5096           -1.10            1.56
  2009.5123           -1.38            1.57
  2009.5150           -0.82            3.56
  2009.5315           -1.15            2.31
  2009.5343           -1.08            1.44
  2009.5370           -1.77            1.37
  2009.5397           -2.02            1.34
  2009.5425           -1.39            1.36
  2009.5452           -1.19            1.51
  2009.5507           10.66            6.59
  2009.5535           -2.54            1.55
  2009.5562           -1.93            1.39
  2009.5590           -3.01            1.34
  2009.5616           -1.90            1.39
  2009.5643           -2.40            1.43
  2009.5671           -1.04            1.36
  2009.5698           -0.24            1.35
  2009.5726           -1.22            1.35
  2009.5753           -1.46            1.42
  2009.5781           -1.04            1.30
  2009.5808           -2.12            1.31
  2009.5836           -1.29            1.27
  2009.5863           -1.37            1.29
  2009.5890           -1.84            1.31
  2009.5918           -2.07            1.45
  2009.5945           -2.39            1.42
  2009.5973           -2.66            1.32
  2009.6000           -1.81            1.35
  2009.6028           -2.11            1.41
  2009.6055           -0.60            1.34
  2009.6083            0.60            1.34
  2009.6110            0.54            1.51
  2009.6136            0.06            1.49
  2009.6165           -0.19            1.42
  2009.6191            0.45            1.42
  2009.6219           -0.40            1.58
  2009.6246           -1.96            1.59
  2009.6274           -1.31            1.49
  2009.6301           -0.52            1.44
  2009.6329           -1.32            1.45
  2009.6356           -1.71            1.39
  2009.6383           -1.63            1.46
  2009.6411            0.43            1.45
  2009.6438           -1.61            1.44
  2009.6466           -0.73            1.46
  2009.6493            0.24            1.50
  2009.6521           -1.23            1.64
  2009.6548            0.19            1.51
  2009.6576           -1.93            1.48
  2009.6603           -3.52            1.47
  2009.6630           -1.24            1.47
  2009.6658           -1.41            1.41
  2009.6685            0.03            1.59
  2009.6713           -1.12            1.49
  2009.6740           -0.84            1.39
  2009.6768           -0.88            1.43
  2009.6794           -1.73            1.50
  2009.6823            2.18            1.68
  2009.6849            0.24            1.42
  2009.6876           -1.72            1.35
  2009.6904           -0.82            1.29
  2009.6931            0.27            1.35
  2009.6959           -0.14            1.42
  2009.6986           -0.44            1.37
  2009.7014           -0.04            1.38
  2009.7041           -0.33            1.44
  2009.7069           -0.12            1.44
  2009.7096           -0.68            1.45
  2009.7123           -1.07            1.49
  2009.7151           -0.61            1.47
  2009.7178           -0.76            1.39
  2009.7206            0.15            1.44
  2009.7233           -0.35            1.39
  2009.7261           -0.63            1.39
  2009.7288           -0.40            1.34
  2009.7316           -5.51            5.19
  2009.7343            3.26            2.48
  2009.7369           -0.84            1.47
  2009.7397           -0.69            1.47
  2009.7424            0.52            1.42
  2009.7452            0.36            1.46
  2009.7479           -0.02            1.45
  2009.7507           -0.16            1.51
  2009.7534           -1.16            1.55
  2009.7561            0.69            1.51
  2009.7589           -0.45            1.63
  2009.7616            0.64            1.63
  2009.7644           -0.99            1.48
  2009.7671            0.02            1.44
  2009.7699            0.19            1.52
  2009.7726           -0.83            1.57
  2009.7754            2.37            1.78
  2009.7781           -0.14            1.63
  2009.7808            0.89            1.53
  2009.7836            0.29            1.60
  2009.7863            0.77            1.79
  2009.7891            0.14            1.82
  2009.7917            0.66            1.57
  2009.7946            1.81            1.75
  2009.7972           -0.71            1.68
  2009.8000           -0.25            1.95
  2009.8027           -0.32            1.69
  2009.8054           -0.09            1.67
  2009.8082           -1.26            1.80
  2009.8109           -0.64            1.84
  2009.8137           -1.47            1.74
  2009.8164           -0.78            1.69
  2009.8192            0.39            1.71
  2009.8219            0.26            1.91
  2009.8247            0.55            1.80
  2009.8274            0.27            1.98
  2009.8301           -1.37            1.92
  2009.8329            0.04            1.90
  2009.8356           -2.57            1.83
  2009.8384           -2.28            1.84
  2009.8411           -0.54            1.75
  2009.8439           -2.45            1.83
  2009.8466           -1.36            1.95
  2009.8494           -1.82            1.84
  2009.8521           -2.03            1.65
  2009.8547           -0.71            1.63
  2009.8575           -2.18            1.61
  2009.8602           -0.12            1.72
  2009.8630           -2.40            1.59
  2009.8657           -4.20            1.67
  2009.8685           -1.97            1.87
  2009.8712           -3.63            1.81
  2009.8740           -4.40            1.85
  2009.8767           -3.91            1.80
  2009.8794           -4.22            1.80
  2009.8822           -4.67            1.77
  2009.8849           -4.32            1.88
  2009.8877           -4.42            1.73
  2009.8904           -0.89            1.72
  2009.8932           -3.88            1.71
  2009.8959           -4.37            1.76
  2009.8987           -1.82            1.82
  2009.9014           -2.02            1.82
  2009.9041           -3.40            1.79
  2009.9069           -4.58            1.70
  2009.9095           -4.55            1.73
  2009.9124            3.65            1.85
  2009.9150           -4.50            1.69
  2009.9178           -3.31            1.67
  2009.9205           -2.74            1.76
  2009.9233           -2.52            1.63
  2009.9260           -4.14            1.63
  2009.9287           -2.49            1.68
  2009.9315           -1.44            1.61
  2009.9342           -2.87            1.58
  2009.9370           -3.24            1.60
  2009.9397           -4.50            4.22
  2009.9425           -1.78            1.73
  2009.9452           -2.87            1.76
  2009.9480           -3.12            1.72
  2009.9507           -3.16            1.67
  2009.9534           -2.57            1.91
  2009.9562           -3.64            1.78
  2009.9589           -3.20            1.64
  2009.9617           -3.64            1.89
  2009.9644           -0.13            1.83
  2009.9672           -0.28            1.94
  2009.9698           -1.83            1.81
  2009.9727           -3.96            1.80
  2009.9753           -1.36            2.01
  2009.9780           -1.03            2.24
  2009.9808           -5.12            1.87
  2009.9835           -2.49            1.75
  2009.9863           -3.23            2.05
  2009.9890           -2.61            1.97
  2009.9918           -3.22            2.01
  2009.9945           -4.36            1.87
  2009.9973           -2.04            1.85
  2010.0000           -2.32            1.75
  2010.0027           -4.09            1.70
  2010.0055           -3.27            1.82
  2010.0082           -2.36            1.88
  2010.0110           -1.92            1.84
  2010.0137           -3.04            2.47
  2010.0165           -6.23            3.75
  2010.0192           -3.78            1.60
  2010.0220           -1.91            1.65
  2010.0247           -2.16            1.74
  2010.0273           -5.27            1.80
  2010.0302           -3.36            1.97
  2010.0328           -1.10            1.74
  2010.0356           -3.25            1.62
  2010.0383           -3.00            1.66
  2010.0411           -3.24            1.71
  2010.0438           -2.16            1.77
  2010.0466           -2.94            1.70
  2010.0520           -2.21            1.68
  2010.0548           -2.22            1.68
  2010.0575           -3.14            1.80
  2010.0603           -3.19            1.68
  2010.0630           -4.19            1.70
  2010.0658           -5.24            1.77
  2010.0685           -4.81            1.77
  2010.0713           -4.77            1.88
  2010.0740           -6.54            1.93
  2010.0767           -5.18            2.03
  2010.0795           -6.67            1.85
  2010.0822           -4.05            1.67
  2010.0850           -1.87            1.67
  2010.0876           -5.10            1.70
  2010.0905           -3.19            1.88
  2010.0931           -4.07            1.82
  2010.0959           -3.25            1.66
  2010.0986            0.81            1.77
  2010.1013           -2.58            1.80
  2010.1041           -0.93            1.84
  2010.1068           -3.18            1.71
  2010.1096           -2.05            1.84
  2010.1123           -4.25            1.74
  2010.1151           -5.16            1.84
  2010.1178           -2.63            1.84
  2010.1206           -4.59            1.80
  2010.1233           -4.82            1.62
  2010.1260           -3.02            1.72
  2010.1288           -2.40            1.78
  2010.1315           -4.65            1.78
  2010.1343           -1.96            1.97
  2010.1370           -1.95            1.94
  2010.1398           -3.46            1.65
  2010.1425           -2.31            1.73
  2010.1453           -0.55            1.97
  2010.1479          -74.26           29.06
  2010.1506           -1.82            4.11
  2010.1534           -3.09            1.99
  2010.1561           -3.25            1.82
  2010.1616          -58.33            1.95
  2010.1644          -62.54            1.78
  2010.1671          -63.96            1.97
  2010.1699          -65.01            2.40
  2010.1726          -61.06            2.91
  2010.1753          -60.81            1.67
  2010.1781          -59.23            1.58
  2010.1808          -64.78            1.72
  2010.1836          -63.51            1.99
  2010.1863          -60.94            1.74
  2010.1891          -64.49            1.65
  2010.1918          -63.80            1.61
  2010.1946          -65.04            1.68
  2010.1973          -63.75            1.76
  2010.2000          -64.93            1.60
  2010.2028          -63.45            1.55
  2010.2054          -64.51            1.59
  2010.2083          -63.10            1.72
  2010.2109          -63.88            1.74
  2010.2137          -63.13            1.70
  2010.2164          -63.69            1.91
  2010.2192          -66.41            1.91
  2010.2219          -66.15            1.69
  2010.2246          -65.98            1.76
  2010.2301          -64.15            2.93
  2010.2329          -65.52            1.68
  2010.2356          -65.68            1.73
  2010.2384          -65.41            1.79
  2010.2411          -66.27            1.90
  2010.2439          -64.38            1.74
  2010.2466          -62.76            1.90
  2010.2493          -65.51            1.77
  2010.2521          -62.74            1.66
  2010.2548          -64.81            1.54
  2010.2576          -66.61            1.06
  2010.2603          -64.71            1.52
  2010.2631          -64.78            1.59
  2010.2657          -64.62            1.60
  2010.2684          -63.99            1.56
  2010.2712          -65.77            1.60
  2010.2739          -64.23            1.66
  2010.2767          -67.90            1.63
  2010.2794          -67.13            1.63
  2010.2822          -66.45            1.61
  2010.2849          -67.23            1.49
  2010.2877          -66.80            1.55
  2010.2904          -65.81            1.65
  2010.2931          -66.12            1.63
  2010.2959          -66.86            1.63
  2010.2986          -67.13            1.93
  2010.3014          -66.16            1.60
  2010.3096          -65.48            1.49
  2010.3124          -65.15            1.49
  2010.3151          -66.62            1.52
  2010.3177          -64.84            1.52
  2010.3206          -66.20            1.53
  2010.3232          -65.25            1.58
  2010.3260          -65.35            1.53
  2010.3287          -67.74            1.64
  2010.3315          -66.12            1.65
  2010.3424          -67.18            1.61
  2010.3452          -68.03            1.55
  2010.3479          -67.45            1.46
  2010.3507          -67.69            1.45
  2010.3534          -68.02            1.45
  2010.3562          -67.47            1.48
  2010.3589          -67.94            1.48
  2010.3617          -69.26            2.35
  2010.3644          -67.33            1.57
  2010.3726          -68.63            1.52
  2010.3754          -68.12            1.50
  2010.3781          -68.45            1.51
  2010.3809          -66.84            1.52
  2010.3835          -67.91            1.51
  2010.3864          -66.31            1.59
  2010.3890          -66.73            1.73
  2010.3917          -68.09            1.59
  2010.3945          -67.52            1.66
  2010.3972          -67.75            1.58
  2010.4000          -67.71            1.60
  2010.4027          -67.02            1.55
  2010.4055          -68.44            1.63
  2010.4082          -69.61            1.59
  2010.4110          -67.94            3.33
  2010.4137          -68.99            1.49
  2010.4164          -67.39            1.46
  2010.4192          -64.97            1.55
  2010.4219          -68.93            1.52
  2010.4247          -67.77            1.59
  2010.4274          -67.62            1.56
  2010.4302          -69.52            1.51
  2010.4329          -69.56            1.48
  2010.4357          -69.12            1.39
  2010.4384          -69.60            1.48
  2010.4410          -69.71            1.48
  2010.4438          -67.96            1.55
  2010.4465          -69.19            1.51
  2010.4493          -68.18            1.53
  2010.4520          -68.82            1.77
  2010.4548          -68.71            1.56
  2010.4575          -69.62            1.56
  2010.4603          -69.34            1.80
  2010.4630          -69.11            1.88
  2010.4657          -67.10            1.72
  2010.4685          -71.93            1.43
  2010.4712          -71.22            1.48
  2010.4740          -72.06            1.50
  2010.4767          -71.48            1.68
  2010.4795          -70.72            1.63
  2010.4822          -70.62            1.47
  2010.4850          -70.29            1.46
  2010.4877          -72.93            1.52
  2010.4904          -70.37            1.52
  2010.4932          -71.12            1.51
  2010.4958          -72.03            1.49
  2010.4987          -71.69            1.48
  2010.5013          -72.19            1.44
  2011.5343          -85.29            1.83
  2012.0027          -94.72            1.97
  2012.0055          -94.37            1.90
  2012.0082          -93.83            1.85
  2012.0110          -95.12            1.86
  2012.0137          -91.85            2.17
  2012.0165          -96.03            1.90
  2012.0192          -93.15            1.99
  2012.0220          -94.43            1.96
  2012.0247          -96.12            2.50
  2012.0273          -96.06            2.15
  2012.0302          -95.21            1.87
  2012.0328          -93.76            1.74
  2012.0356          -93.22            1.83
  2012.0383          -95.53            1.80
  2012.0411          -94.89            2.11
  2012.0438          -91.82            1.85
  2012.0466          -96.81            1.99
  2012.0493          -94.65            2.07
  2012.0520          -93.85            1.90
  2012.0548          -97.21            2.13
  2012.0603          -94.07            1.98
  2012.0630          -98.64            2.00
  2012.0658          -93.51            1.96
  2012.0685          697.34            3.09
  2012.0713          841.32            3.04
  2012.0740          882.17            2.96
  2012.0767          302.31            3.45
  2012.0795          -97.79            2.39
  2012.0822          -90.88            2.38
  2012.0850          -93.51            1.94
  2012.0876          -97.25            2.01
  2012.0905          -95.19            2.04
  2012.0931          -93.85            2.03
  2012.0959          -95.07            2.32
  2012.0986          -95.55            2.07
  2012.1013          -93.24            2.13
  2012.1041          -94.87            2.41
  2012.1068          -94.65            2.01
  2012.1096          -94.06            1.90
  2012.1123          -95.71            1.86
  2012.1151          -92.41            1.92
  2012.1178          -93.02            2.38
  2012.1206          -95.17            2.34
  2012.1233          -91.76            2.09
  2012.1260          -93.69            2.00
  2012.1288          -97.02            2.12
  2012.1315          -96.41            2.16
  2012.1343          -97.85            2.18
  2012.1370          -93.91            2.20
  2012.1398          -93.84            2.00
  2012.1425          -94.78            1.76
  2012.1453          -94.87            1.77
  2012.1479          -93.00            1.72
  2012.1506          -95.25            1.82
  2012.1534          -94.85            1.95
  2012.1561          -94.16            1.91
  2012.1589          -95.92            1.98
  2012.1616          -95.01            1.97
  2012.1644          -95.09            1.87
  2012.1671          -94.31            1.91
  2012.1699          -94.41            1.79
  2012.1726          -92.41            2.01
  2012.1753          -93.47            1.98
  2012.1781          -92.30            2.28
  2012.1808          -92.20            1.86
  2012.1836          -92.69            2.22
  2012.1863          -94.63            1.88
  2012.1891          -92.57            1.88
  2012.1918          -91.75            1.99
  2012.1946          -92.47            1.90
  2012.1973          -93.26            1.94
  2012.2000          -93.13            1.94
  2012.2028          -92.99            1.84
  2012.2054          -90.73            1.77
  2012.2083          -92.08            1.80
  2012.2109          -90.24            1.92
  2012.2137          -92.09            1.91
  2012.2164          -90.96            2.51
  2012.2192          -90.05            1.78
  2012.2219          -91.16            1.88
  2012.2246          -93.02            1.76
  2012.2274          -89.92            1.72
  2012.2301          -90.88            1.77
  2012.2329          -89.76            1.87
  2012.2356          -92.53            1.76
  2012.2384          -90.86            1.69
  2012.2411          -89.67            1.78
  2012.2439          -91.19            1.82
  2012.2466          -90.59            1.75
  2012.2493          -91.20            1.94
  2012.2521          -90.27            1.83
  2012.2548          -91.85            1.90
  2012.2576          -90.60            2.09
  2012.2603          -91.68            2.08
  2012.2631          -92.60            1.84
  2012.2657          -92.45            1.71
  2012.2684          -91.41            1.82
  2012.2712          -92.74            1.88
  2012.2739          -91.48            1.77
  2012.2767          -91.66            1.85
  2012.2794          -89.07            1.84
  2012.2822          -92.95            1.84
  2012.2849          -91.68            2.31
  2012.2931          -93.89            4.62
  2012.2959          -92.92            1.68
  2012.2986          -93.97            1.81
  2012.3014          -92.84            1.67
  2012.3041          -92.91            1.64
  2012.3069          -91.77            1.61
  2012.3124          -92.32            1.53
  2012.3151          -91.93            1.79
  2012.3206          -89.62            1.58
  2012.3232          -93.01            1.52
  2012.3287          -89.59            1.54
  2012.3315          -92.31            1.65
  2012.3342          -92.72            1.52
  2012.3370          -92.53            1.50
  2012.3397          -92.22            1.53
  2012.3424          -91.40            1.54
  2012.3452          -91.26            1.53
  2012.3479          -93.06            1.77
  2012.3507          -92.88            1.62
  2012.3534          -91.92            1.54
  2012.3562          -92.62            1.51
  2012.3589          -94.08            1.63
  2012.3617          -93.45            1.75
  2012.3671          -92.89            1.48
  2012.3726          -93.00            1.64
  2012.3781          -93.03            1.70
  2012.3809          -94.04            1.55
  2012.3835          -93.00            1.69
  2012.3864          -93.53            1.57
  2012.3890          -95.20            1.50
  2012.3917          -93.06            1.56
  2012.3945          -95.36            1.48
  2012.3972          -94.36            1.54
  2012.4000          -92.76            1.55
  2012.4027          -93.74            1.69
  2012.4055          -95.04            1.82
  2012.4110          -95.35            1.65
  2012.4137          -95.00            1.52
  2012.4164          -95.04            1.55
  2012.4192          -95.07            1.58
  2012.4219          -95.66            1.64
  2012.4247          -94.77            1.70
  2012.4274          -94.99            1.65
  2012.4302          -94.58            1.58
  2012.4329          -94.71            1.39
  2012.4357          -95.43            1.33
  2012.4384          -94.44            1.42
  2012.4410          -94.55            1.53
  2012.4438          -95.37            1.44
  2012.4465          -94.92            1.64
  2012.4493          -92.41            1.70
  2012.4520          -95.49            1.68
  2012.4548          -95.53            1.56
  2012.4575          -95.90            1.59
  2012.4603          -95.87            1.43
  2012.4630          -95.71            1.52
  2012.4657          -97.16            1.62
  2012.4685          -94.58            1.56
  2012.4712          -95.39            1.76
  2012.4740          -96.12            1.51
  2012.4767          -94.98            1.53
  2012.4795          -95.48            1.49
  2012.4822          -94.14            1.61
  2012.4850          -93.11            1.51
  2012.4877          -94.31            1.59
  2012.4904          -95.38            1.73
  2012.4932          -95.03            1.56
  2012.4958          -94.53            1.69
  2012.4987          -94.82            1.72
  2012.5013          -96.34            1.77
  2012.5042          -92.78            1.64
  2012.5068          -96.06            1.55
  2012.5096          -97.03            1.60
  2012.5123          -97.85            1.63
  2012.5150          -94.76            1.62
  2012.5178          -92.81            1.55
  2012.5205          -96.26            1.66
  2012.5233          -94.82            1.70
  2012.5260          -95.72            1.58
  2012.5288          -95.17            1.61
  2012.5315          -93.51            1.62
  2012.5343          -93.94            1.69
  2012.5370          -95.51            1.46
  2012.5397          -94.27            1.54
  2012.5425          -95.00            1.53
  2012.5452          -95.35            1.64
  2012.5480          -93.81            1.67
  2012.5507          -95.44            1.60
  2012.5535          -95.81            1.72
  2012.5562          -95.58            1.53
  2012.5590          -95.03            1.70
  2012.5616          -92.86            1.70
  2012.5643          -95.89            1.59
  2012.5671          -94.64            1.51
  2012.5698          -94.79            1.55
  2012.5726          -95.05            1.50
  2012.5753          -94.90            1.67
  2012.5781          -94.81            1.51
  2012.5808          -94.55            1.61
  2012.5836          -94.25            1.53
  2012.5863          -93.29            1.85
  2012.5890          -93.61            1.68
  2012.5918          -94.82            1.61
  2012.5945          -96.99            1.63
  2012.5973          -94.73            2.48
  2012.6000          -95.07            1.73
  2012.6028          -89.83            1.71
  2012.6055          -93.11            1.70
  2012.6083          -95.81            1.79
  2012.6110          -92.54            1.57
  2012.6136          -93.46            1.70
  2012.6165          -95.14            1.62
  2012.6191          -95.00            1.72
  2012.6219          -94.10            1.78
  2012.6246          -96.16            1.84
  2012.6274          -93.61            1.66
  2012.6301          -91.70            1.79
  2012.6329          -92.82            1.64
  2012.6356          -94.63            1.68
  2012.6383          -95.07            1.65
  2012.6411          -94.44            1.63
  2012.6438          -96.83            1.88
  2012.6466          -96.10            1.63
  2012.6493          -95.34            1.65
  2012.6521          -94.33            1.64
  2012.6548          -94.75            1.53
  2012.6576          -94.98            1.56
  2012.6603          -93.64            1.66
  2012.6630          -94.83            1.85
  2012.6658          -94.87            1.71
  2012.6685          -94.01            1.82
  2012.6713          -94.46            1.73
  2012.6740          -94.87            1.83
  2012.6768          -92.56            1.87
  2012.6794          -93.86            1.74
  2012.6823          -95.31            1.89
  2012.6849          -93.69            1.86
  2012.6876          -92.89            1.83
  2012.6904          -93.65            1.74
  2012.6931          -95.11            2.05
  2012.6986          -90.26            3.41
  2012.7014          -93.54            1.88
  2012.7041          -95.80            2.01
  2012.7069          -93.23            1.80
  2012.7096          -97.61            1.86
  2012.7123          -94.68            1.75
  2012.7151          -95.87            1.89
  2012.7178          -94.24            1.85
  2012.7206          -93.53            1.74
  2012.7233          -94.93            1.80
  2012.7261          -94.87            1.81
  2012.7288          -94.47            1.74
  2012.7316          -97.04            1.70
  2012.7343          -96.30            1.87
  2012.7369          -93.97            1.98
  2012.7397          -94.64            1.73
  2012.7424          -95.98            1.73
  2012.7452          -97.34            1.96
  2012.7479          -94.96            1.88
  2012.7507          -94.37            1.83
  2012.7534          -97.43            2.10
  2012.7561          -96.22            2.25
  2012.7644          -92.39            3.14
  2012.7671          -97.41            2.07
  2012.7699          -95.47            2.04
  2012.7726          -95.72            1.93
  2012.7754          -97.06            1.97
  2012.7781          -96.46            1.72
  2012.7808          -95.98            1.75
  2012.7836          -97.17            1.75
  2012.7863          -96.70            1.73
  2012.7891          -97.22            1.91
  2012.7917          -97.35            1.94
  2012.7946          -96.14            2.01
  2012.7972          -97.23            1.81
  2012.8000          -96.82            1.75
  2012.8027          -93.41            2.03
  2012.8054          -97.25            2.04
  2012.8082         -100.16            2.36
  2012.8109          -99.80            1.93
  2012.8137          -98.66            2.15
  2012.8164          -98.67            1.94
  2012.8192          -98.17            1.95
  2012.8219          -99.12            2.14
  2012.8247          -98.69            2.19
  2012.8274          -98.92            2.03
  2012.8301          -99.59            2.46
  2012.8329          -97.02            2.19
  2012.8356          -98.40            2.09
  2012.8384          -98.28            2.06
  2012.8411          -99.37            2.03
  2012.8439          -96.70            2.30
  2012.8466          -97.93            2.06
  2012.8494         -101.19            2.32
  2012.8521          -99.93            2.34
  2012.8547          -99.52            6.06
  2012.8575         -107.81            6.67
  2012.8602         -508.28          269.53
  2012.8630          -96.85            6.04
  2012.8657         -106.77            7.01
  2012.8685         -101.99            6.77
  2012.8712          -97.46            5.30
  2012.8740          -92.92            5.15
  2012.8767          -98.13            2.15
  2012.8794          -99.54            2.21
  2012.8822         -100.99            1.97
  2012.8849          -99.49            1.94
  2012.8877         -100.12            2.26
  2012.8904          -99.03            2.47
  2012.8932          -99.05            2.60
  2012.8959          -93.92            2.15
  2012.8987          -98.18            2.22
  2012.9014          -98.13            2.07
  2012.9041          -99.73            7.71
  2012.9069          -97.89            2.21
  2012.9095         -100.72            2.39
  2012.9124          -96.68            2.31
  2012.9150         -101.47            2.32
  2012.9178         -101.29            2.09
  2012.9205          -98.78            2.15
  2012.9233          -98.37            3.89
  2012.9260          -98.12            2.59
  2012.9287          -97.99            2.62
  2012.9315          -99.66            3.17
  2012.9342         -101.71            3.02
  2012.9370          -98.46            2.31
  2012.9397         -102.44            2.10
  2012.9425          -99.04            2.25
  2012.9452          -96.82            3.16
  2012.9480         -101.58            2.30
  2012.9507          -96.81            3.19
  2012.9534         -100.15            2.36
  2012.9562         -101.57            2.67
  2012.9589          -97.06            7.29
  2012.9617         -111.35            7.12
  2012.9644          -98.69            7.05
  2012.9672          -92.78            8.44
  2012.9698         -100.00            9.39
  2012.9727          -93.74            8.42
  2012.9753          -91.18            6.99
  2012.9780         -102.22            5.23
  2012.9808           49.90          160.96
  2012.9835         -104.15            4.52
  2012.9863          -98.23            2.62
  2012.9890          -99.44            2.53
  2013.0192          -95.75            4.19
  2013.0220         -100.48            2.49
  2013.0247         -103.26            2.43
  2013.0273          -98.78            2.92
  2013.0302         -100.47            2.33
  2013.0328         -101.91            2.44
  2013.0356         -100.08            2.21
  2013.0383         -100.23            2.51
  2013.0411         -101.62            3.04
  2013.0438          -93.27            3.27
  2013.0466          -87.62            3.71
  2013.0493          -97.79            3.27
  2013.0520         -102.57            2.38
  2013.0548         -100.63            2.01
  2013.0575         -100.53            1.98
  2013.0603         -100.74            2.49
  2013.0630         -100.01            3.51
  2013.0658          -99.70            2.73
  2013.0685          -99.00            1.94
  2013.0713          -99.58            1.79
  2013.0740          -99.80            1.94
  2013.0767          -99.90            3.77
  2013.0795         -101.66            2.72
  2013.0822          -99.49            2.42
  2013.0850          -99.94            3.41
  2013.0876          -98.53            3.14
  2013.0905          -99.36            3.06
  2013.0931          -98.46            3.28
  2013.0959          -97.51            3.86
  2013.1013          -99.13           19.25
  2013.1206          -98.31            2.61
  2013.2356          -94.61            1.90
  2013.2384          -97.04            1.92
  2013.2466          -97.83            1.75
  2013.2493          -92.25            1.82
  2013.2548          -97.71            1.83
  2013.2712          -96.61            1.92
  2013.2794          -97.30            1.75
  2013.2822          -95.98            1.56
  2013.2849          -97.84            1.70
  2013.2877          -95.72            1.64
  2013.2904          -98.45            1.75
  2013.2931          -96.93            1.63
  2013.2959          -97.00            1.91
  2013.2986          -96.80            1.84
  2013.3014          -98.61            1.71
  2013.3041          -96.80            1.70
  2013.3069          -97.78            1.71
  2013.3096          -98.73            1.77
  2013.3124          -98.23            1.88
  2013.3151          -97.11            1.74
  2013.3177          -94.60            1.87
  2013.3206          -99.27            1.83
  2013.3232          -98.34            1.84
  2013.3479          -99.60            1.75
  2013.3562          -98.63            1.86
