  2010.2219            0.00            2.09
  2010.2246           -2.22            0.92
  2010.2274           -2.59            0.93
  2010.2301           -4.46            0.89
  2010.2329           -5.31            0.95
  2010.2356           -5.34            0.94
  2010.2384           -7.19            0.95
  2010.2411           -9.19            0.97
  2010.2439           -9.46            0.94
  2010.2466           -9.81            1.01
  2010.2493          -10.76            0.96
  2010.2521          -11.03            0.94
  2010.2548          -12.26            0.90
  2010.2576          -12.53            0.62
  2010.2603          -13.76            0.88
  2010.2631          -14.07            0.92
  2010.2657          -15.50            0.92
  2010.2684          -17.11            0.87
  2010.2712          -18.41            0.88
  2010.2739          -18.32            0.94
  2010.2767          -22.41            0.92
  2010.2794          -22.82            0.94
  2010.2822          -22.54            0.90
  2010.2849          -24.03            0.88
  2010.2877          -24.82            0.89
  2010.2904          -26.32            0.95
  2010.2931          -26.66            0.92
  2010.2959          -27.86            0.96
  2010.2986          -29.36            0.91
  2010.3014          -30.25            0.89
  2010.3069          -30.90            0.88
  2010.3096          -31.10            0.91
  2010.3124          -31.35            0.90
  2010.3151          -32.53            0.88
  2010.3177          -32.72            0.88
  2010.3206          -32.41            0.88
  2010.3232          -32.94            0.90
  2010.3260          -33.90            0.87
  2010.3287          -39.43            0.95
  2010.3315          -36.24            0.90
  2010.3424          -39.88            0.93
  2010.3452          -39.12            0.87
  2010.3479          -38.15            0.87
  2010.3507          -38.71            0.84
  2010.3534          -39.49            0.83
  2010.3562          -41.17            0.86
  2010.3589          -41.17            0.88
  2010.3617          -42.88            1.41
  2010.3644          -43.00            0.90
  2010.3726          -42.91            0.92
  2010.3754          -43.09            0.91
  2010.3781          -43.90            0.90
  2010.3809          -43.83            0.87
  2010.3835          -44.37            0.87
  2010.3864          -44.56            0.89
  2010.3890          -43.22            0.93
  2010.3917          -46.50            0.91
  2010.3945          -45.79            0.90
  2010.3972          -46.34            0.90
  2010.4000          -45.94            0.95
  2010.4027          -45.69            0.88
  2010.4055          -47.71            0.92
  2010.4082          -47.79            0.92
  2010.4110          -45.84            1.96
  2010.4137          -47.84            0.86
  2010.4164          -48.29            0.85
  2010.4192          -46.15            0.89
  2010.4219          -48.41            0.86
  2010.4247          -48.18            0.90
  2010.4274          -50.04            0.91
  2010.4302          -51.54            0.89
  2010.4329          -49.30            0.89
  2010.4357          -49.49            0.87
  2010.4384          -48.93            0.91
  2010.4410          -49.86            0.91
  2010.4438          -48.19            0.98
  2010.4465          -51.15            0.92
  2010.4493          -52.25            0.94
  2010.4520          -53.24            1.01
  2010.4548          -51.10            0.92
  2010.4575          -51.52            0.95
  2010.4603          -53.30            1.12
  2010.4630          -52.96            1.05
  2010.4657          -49.77            1.01
  2010.4685          -53.21            0.87
  2010.4712          -52.07            0.92
  2010.4740          -50.92            0.89
  2010.4767          -54.79            0.97
  2010.4795          -53.28            0.97
  2010.4822          -55.14            0.91
  2010.4850          -54.52            0.88
  2010.4877          -56.61            0.93
  2010.4904          -56.31            0.93
  2010.4932          -57.80            0.88
  2010.4958          -56.92            0.88
  2010.4987          -57.38            0.89
  2010.5013          -57.00            0.87
  2010.5042          -57.64            0.91
  2010.5068          -58.00            0.95
  2010.5096          -58.88            0.94
  2010.5123          -57.30            1.02
  2010.5150          -58.80            0.98
  2010.5178          -57.33            0.95
  2010.5205          -58.03            0.88
  2010.5233          -58.36            0.95
  2010.5260          -60.89            0.95
  2010.5288          -59.40            0.88
  2010.5315          -61.87            0.85
  2010.5343          -61.02            0.88
  2010.5370          -58.92            0.92
  2010.5397          -61.19            0.92
  2010.5425          -59.28            0.90
  2010.5452          -59.88            0.84
  2010.5480          -61.11            0.88
  2010.5507          -60.82            0.89
  2010.5535          -60.38            0.89
  2010.5562          -60.21            0.92
  2010.5590          -61.35            0.95
  2010.5616          -60.61            0.96
  2010.5643          -58.20            0.93
  2010.5671          -59.16            0.87
  2010.5698          -60.93            0.91
  2010.5726          -60.84            0.93
  2010.5753          -60.11            0.92
  2010.5781          -61.11            0.96
  2010.5808          -61.99            0.95
  2010.5836          -60.12            0.85
  2010.5863          -60.79            0.84
  2010.5890          -60.49            0.86
  2010.5918          -61.22            0.85
  2010.5945          -61.79            1.77
  2010.5973          -62.68            0.86
  2010.6000          -62.39            0.83
  2010.6028          -62.71            0.83
  2010.6055          -62.05            0.83
  2010.6083          -63.19            0.83
  2010.6110          -63.27            0.87
  2010.6136          -62.88            0.82
  2010.6165          -63.66            0.81
  2010.6191          -63.42            0.81
  2010.6219          -62.36            0.83
  2010.6246          -62.10            0.90
  2010.6274          -61.89            0.96
  2010.6301          -62.65            0.87
  2010.6329          -62.94            0.82
  2010.6356          -64.19            0.84
  2010.6383          -61.70            0.94
  2010.6411          -64.76            0.85
  2010.6438          -64.82            0.85
  2010.6466          -63.97            0.86
  2010.6493          -63.78            0.85
  2010.6521          -65.35            0.89
  2010.6548          -64.43            0.90
  2010.6576          -63.77            0.88
  2010.6603          -63.51            0.81
  2010.6630          -64.37            0.89
  2010.6658          -64.83            0.85
  2010.6685          -64.33            0.85
  2010.6713          -63.67            0.89
  2010.6740          -63.93            0.96
  2010.6768          -63.64            0.90
  2010.6794          -63.65            0.81
  2010.6823          -63.40            0.81
  2010.6849          -63.53            0.81
  2010.6876          -64.51            0.81
  2010.6904          -68.56            0.82
  2010.6931          -71.41            0.84
  2010.6959          -71.97            0.88
  2010.6986          -73.27            0.85
  2010.7014          -73.03            0.83
  2010.7041          -73.84            0.85
  2010.7069          -73.40            0.97
  2010.7096          -72.08            0.84
  2010.7123          -73.30            0.82
  2010.7151          -74.02            0.89
  2010.7178          -74.35            0.82
  2010.7206          -73.47            0.83
  2010.7233          -74.15            0.81
  2010.7261          -74.12            0.82
  2010.7288          -74.82            0.80
  2010.7316          -74.54            0.80
  2010.7343          -74.15            0.83
  2010.7369          -76.72            0.91
  2010.7397          -75.17            0.89
  2010.7424          -75.81            0.85
  2010.7452          -74.67            0.82
  2010.7479          -75.68            0.85
  2010.7507          -74.52            0.88
  2010.7534          -75.77            0.84
  2010.7561          -74.96            0.89
  2010.7589          -75.34            0.81
  2010.7616          -75.08            0.86
  2010.7644          -76.07            0.83
  2010.7671          -75.92            0.80
  2010.7699          -75.70            0.82
  2010.7726          -75.45            0.79
  2010.7754          -77.36            0.80
  2010.7781          -76.77            0.80
  2010.7808          -78.16            0.83
  2010.7836          -76.51            0.86
  2010.7863          -76.94            0.93
  2010.7891          -77.92            0.82
  2010.7917          -76.69            0.82
  2010.7946          -77.25            0.84
  2010.7972          -76.66            0.82
  2010.8000          -77.50            0.84
  2010.8027          -78.52            0.88
  2010.8054          -77.30            0.85
  2010.8082          -78.11            0.88
  2010.8109          -78.34            1.41
  2010.8164          -78.43            1.44
  2010.8192          -78.94            0.88
  2010.8219          -79.73            0.90
  2010.8247          -79.98            1.37
  2010.8329          -78.47            1.50
  2010.8356          -80.07            0.89
  2010.8384          -79.82            0.92
  2010.8411          -82.80            1.50
  2010.8521          -81.71            1.46
  2010.8547          -80.65            0.91
  2010.8575          -80.02            0.87
  2010.8602          -79.47            1.44
  2010.8685          -80.74            1.69
  2010.8712          -80.62            0.90
  2010.8740          -80.16            0.91
  2010.8767          -82.75            1.78
  2010.8959          -81.23            1.53
  2010.8987          -81.10            0.96
  2010.9014          -80.51            0.88
  2010.9041          -83.64            4.03
  2010.9178          -81.25            1.41
  2010.9205          -81.88            0.82
  2010.9233          -79.36            0.83
  2010.9397          -77.55            1.38
  2010.9425          -78.06            0.85
  2010.9452          -76.83            1.47
  2010.9589          -76.94            1.47
  2010.9644          -78.20            0.84
  2011.0027          -77.61            0.86
  2011.0055          -77.53            1.44
  2011.0082          -78.22            0.95
  2011.0110          -78.26            1.27
  2011.0137          -78.42            0.85
  2011.0165          -78.49            0.85
  2011.0192          -78.25            0.85
  2011.0220          -78.42            0.88
  2011.0247          -80.82            0.87
  2011.0273          -80.41            0.86
  2011.0302          -79.98            0.88
  2011.0328          -82.48            0.95
  2011.0356          -81.66            0.93
  2011.0383          -80.78            0.93
  2011.0411          -80.31            0.92
  2011.0438          -79.16            0.96
  2011.0466          -79.61            0.86
  2011.0493          -79.52            1.04
  2011.0520          -79.14            0.98
  2011.0548          -79.18            0.98
  2011.0575          -80.07            0.90
  2011.0603          -78.07            0.97
  2011.0630          -79.92            0.89
  2011.0658          -80.80            0.90
  2011.0685          -80.56            0.91
  2011.0713          -80.82            0.93
  2011.0740          -81.73            0.95
  2011.0767          -79.42            0.92
  2011.0795          -79.22            0.92
  2011.0822          -79.98            0.91
  2011.0850          -79.13            0.93
  2011.0876          -80.10            0.92
  2011.0905          -79.65            0.92
  2011.0931          -79.88            0.94
  2011.0959          -80.74            0.88
  2011.0986          -79.69            0.86
  2011.1013          -81.34            0.88
  2011.1041          -80.47            0.86
  2011.1068          -79.30            0.94
  2011.1096          -80.25            0.90
  2011.1123          -79.89            0.97
  2011.1151          -79.86            0.92
  2011.1178          -84.62            0.98
  2011.1206          -85.21            1.13
  2011.1233          -87.84            0.91
  2011.1260          -88.71            0.90
  2011.1288          -88.65            0.93
  2011.1315          -88.00            0.94
  2011.1343          -87.26            0.98
  2011.1370          -88.70            0.99
  2011.1398          -86.27            0.95
  2011.1425          -85.99            0.98
  2011.1453          -86.34            0.96
  2011.1479          -87.99            1.05
  2011.1506          -85.80            0.98
  2011.1534          -86.77            0.98
  2011.1561          -87.38            0.92
  2011.1589          -87.97            0.91
  2011.1616          -87.53            0.91
  2011.1644          -88.75            0.94
  2011.1671          -87.58            0.95
  2011.1699          -87.87            0.97
  2011.1726          -87.86            1.01
  2011.1753          -87.89            0.99
  2011.1781          -88.58            1.23
  2011.1808          -89.29            0.96
  2011.1836          -89.41            0.97
  2011.1863          -89.08            0.99
  2011.1891          -87.83            1.18
  2011.1918          -89.73            1.16
  2011.1946          -89.42            1.08
  2011.1973          -89.57            0.96
  2011.2000          -88.80            1.05
  2011.2028          -87.75            1.14
  2011.2054          -90.81            1.08
  2011.2083          -91.36            1.01
  2011.2109          -90.52            0.94
  2011.2137          -90.39            0.95
  2011.2164          -89.26            0.92
  2011.2192          -88.10            1.01
  2011.2219          -89.60            1.02
  2011.2246          -88.68            0.96
  2011.2274          -90.10            0.99
  2011.2301          -88.64            1.01
  2011.2329          -89.64            0.96
  2011.2356          -89.26            0.97
  2011.2384          -88.95            0.94
  2011.2411          -88.59            0.97
  2011.2439          -88.85            1.00
  2011.2466          -88.88            1.13
  2011.2493          -88.00            1.05
  2011.2521          -87.98            1.03
  2011.2548          -89.89            0.98
  2011.2576          -88.38            0.94
  2011.2603          -87.98            1.16
  2011.2631          -87.94            0.98
  2011.2657          -88.24            0.93
  2011.2684          -87.16            0.90
  2011.2712          -87.65            0.93
  2011.2739          -89.05            0.95
  2011.2767          -89.07            1.00
  2011.2794          -88.66            0.96
  2011.2822          -87.85            0.99
  2011.2849          -88.40            0.95
  2011.2877          -88.04            0.89
  2011.2904          -88.04            0.88
  2011.2931          -90.25            1.98
  2011.2959          -89.87            0.90
  2011.2986          -90.48            0.90
  2011.3014          -90.80            0.92
  2011.3041          -93.12            0.97
  2011.3069          -90.19            1.02
  2011.3096          -88.78            0.88
  2011.3124          -89.50            0.86
  2011.3151          -88.52            0.84
  2011.3177          -88.65            0.84
  2011.3206          -88.84            0.85
  2011.3232          -87.77            0.91
  2011.3260          -88.96            0.85
  2011.3287          -89.14            0.85
  2011.3315          -88.94            0.84
  2011.3342          -90.14            0.83
  2011.3370          -89.66            0.87
  2011.3397          -89.61            0.89
  2011.3424          -88.40            0.84
  2011.3452          -86.23            0.83
  2011.3479          -88.77            0.86
  2011.3507          -88.21            0.83
  2011.3534          -89.32            0.86
  2011.3562          -89.13            0.93
  2011.3589          -87.03            0.86
  2011.3617          -88.31            0.83
  2011.3644          -88.08            0.81
  2011.3671          -88.16            0.81
  2011.3699          -89.21            0.88
  2011.3726          -91.32            0.88
  2011.3754          -89.93            0.87
  2011.3781          -89.35            0.88
  2011.3809          -90.54            0.94
  2011.3835          -89.77            0.96
  2011.3864          -88.87            0.89
  2011.3890          -90.20            0.85
  2011.3917          -89.97            0.87
  2011.3945          -88.71            0.92
  2011.3972          -89.53            0.89
  2011.4000          -89.85            0.83
  2011.4027          -92.40            1.29
  2011.4110          -91.10            0.80
  2011.4137          -91.09            0.81
  2011.4164          -91.21            0.84
  2011.4192          -93.09            2.85
  2011.4302          -92.83            1.50
  2011.4329          -91.40            1.00
  2011.4357          -92.55            1.21
  2011.4384          -91.58            1.44
  2011.4465          -93.31            1.54
  2011.4493          -92.53            0.85
  2011.4520          -93.13            0.86
  2011.4548          -90.00            1.04
  2011.4575          -92.61            1.41
  2011.4603          -92.25            1.01
  2011.4630          -95.47            3.65
  2011.4657          -92.79            1.77
  2011.4685          -90.23            1.49
  2011.4712          -91.04            0.88
  2011.4740          -90.47            0.88
  2011.4767          -90.12            0.90
  2011.4795          -91.32            0.87
  2011.4822          -88.22            0.87
  2011.4850          -91.86            0.86
  2011.4877          -92.54            0.87
  2011.4904          -92.50            0.86
  2011.4932          -90.88            0.93
  2011.4958          -90.58            0.88
  2011.4987          -91.71            0.87
  2011.5013          -91.42            0.86
  2011.5042          -89.57            0.90
  2011.5068          -91.37            0.97
  2011.5096          -88.99            1.00
  2011.5123          -90.07            0.94
  2011.5150          -90.53            0.93
  2011.5178          -90.88            0.95
  2011.5205          -91.51            0.92
  2011.5233          -90.72            0.89
  2011.5260          -89.32            0.97
  2011.5315          -90.30            0.89
  2011.5343          -90.43            0.98
  2011.5370          -89.90            1.00
  2011.5397          -89.20            0.99
  2011.5425          -89.43            0.99
  2011.5452          -89.50            0.92
  2011.5480          -91.43            0.92
  2011.5507          -91.28            0.95
  2011.5535          -90.72            0.90
  2011.5562          -87.87            1.20
  2011.5590          -90.33            0.95
  2011.5616          -90.33            0.91
  2011.5643          -89.94            0.96
  2011.5671          -88.20            0.98
  2011.5698          -90.35            0.94
  2011.5726          -90.24            0.94
  2011.5753          -88.88            0.89
  2011.5781          -88.67            0.90
  2011.5808          -88.75            0.89
  2011.5836          -88.90            0.99
  2011.5863          -87.73            1.00
  2011.5890          -88.12            0.94
  2011.5918          -88.55            1.03
  2011.5945          -88.60            1.04
  2011.5973          -87.51            1.06
  2011.6000          -88.85            1.06
  2011.6028          -88.67            1.06
  2011.6055          -88.34            1.05
  2011.6083          -88.50            0.95
  2011.6110          -88.92            1.09
  2011.6136          -89.23            1.05
  2011.6165          -89.84            1.03
  2011.6191          -90.15            0.98
  2011.6219          -88.34            0.96
  2011.6246          -89.96            1.11
  2011.6274          -87.54            1.00
  2011.6301          -87.16            1.02
  2011.6329          -88.19            0.99
  2011.6356          -86.82            1.03
  2011.6383          -87.79            0.94
  2011.6411          -87.77            0.91
  2011.6438          -87.50            0.91
  2011.6466          -87.45            0.95
  2011.6493          -86.83            0.93
  2011.6521          -86.73            1.00
  2011.6548          -87.74            1.01
  2011.6576          -84.12            1.02
  2011.6603          -83.61            1.07
  2011.6630          -84.26            1.07
  2011.6658          -84.34            0.90
  2011.6685          -86.37            1.01
  2011.6713          -86.30            0.99
  2011.6740          -85.60            0.99
  2011.6768          -87.47            1.02
  2011.6794          -87.01            1.00
  2011.6823          -86.19            1.00
  2011.6849          -86.31            0.96
  2011.6876          -88.00            1.01
  2011.6904          -86.07            1.05
  2011.6931          -85.97            0.99
  2011.6959          -85.20            0.99
  2011.6986          -85.00            0.98
  2011.7014          -84.52            0.96
  2011.7041          -85.21            1.02
  2011.7069          -84.93            0.97
  2011.7096          -85.03            1.04
  2011.7123          -84.86            0.95
  2011.7151          -85.78            0.92
  2011.7178          -84.66            0.92
  2011.7206          -85.97            0.97
  2011.7233          -85.22            0.97
  2011.7261          -84.29            0.96
  2011.7288          -85.36            0.97
  2011.7316          -86.84            1.00
  2011.7343          -85.57            1.00
  2011.7369          -85.32            0.98
  2011.7397          -85.80            0.98
  2011.7424          -86.90            1.01
  2011.7452          -87.07            0.98
  2011.7479          -84.66            1.04
  2011.7507          -85.06            1.10
  2011.7534          -85.64            0.92
  2011.7561          -86.06            0.96
  2011.7589          -87.91            2.51
  2011.7671          -83.50            1.55
  2011.7699          -85.71            0.97
  2011.7726          -87.51            0.95
  2011.7754          -87.01            1.67
  2011.7781          -85.51            1.67
  2011.7808          -87.01            1.13
  2011.7836          -87.35            1.69
  2011.7863          -88.90            3.14
  2011.7917          -83.97            1.65
  2011.7946          -84.08            0.95
  2011.7972          -87.04            2.77
  2011.8054          -83.89            1.54
  2011.8082          -86.07            0.97
  2011.8109          -83.62            0.98
  2011.8247          -84.62            1.65
  2011.8274          -83.39            0.98
  2011.8301          -84.82            1.00
  2011.8466          -85.08            1.70
  2011.8494          -85.46            1.02
  2011.8521          -84.72            2.14
  2011.8657          -83.72            1.73
  2011.8685          -84.61            1.04
  2011.8712          -82.94            2.26
  2011.8740          -84.24            3.28
  2011.8822          -83.32            2.43
  2011.8849          -85.03            4.89
  2011.8877          -83.11            3.99
  2011.8904         -119.41            7.09
  2011.8932          -83.47            3.68
  2011.9069          -86.39            2.21
  2011.9095          -83.26            1.33
  2011.9178          -82.73            2.36
  2011.9205          -83.27            1.46
  2011.9315          -82.44            1.85
  2011.9342          -84.93            1.30
  2011.9425          -84.49            1.86
  2011.9452          -80.86            1.74
  2011.9507          -81.71            1.72
  2011.9534          -82.51            1.28
  2011.9617          -82.65            1.74
  2011.9644          -83.82            2.00
  2011.9672          -83.84            2.12
  2011.9698          -82.50            2.94
  2011.9727          -84.23            2.23
  2011.9753          -83.75            2.48
  2011.9780          -84.48            1.60
  2011.9808          -84.18            2.38
  2011.9835          -81.56            1.61
  2011.9863          -79.25            2.99
  2011.9890          -80.43            1.63
  2011.9918          -78.95            2.22
  2011.9945          -81.29            2.36
  2011.9973          -81.47            1.89
  2012.0000          -81.59            1.97
  2012.0027          -79.20            2.03
  2012.0055          -81.53            1.91
  2012.0082          -77.48            1.77
  2012.0110          -80.32            2.89
  2012.0137          -77.60            4.27
  2012.0165          -81.57            3.70
  2012.0192          -79.10            3.54
  2012.0220          -77.80            1.94
  2012.0247          -81.34            6.79
  2012.0273          -78.35            1.85
  2012.0302          -75.15            1.88
  2012.0328          -79.39            1.44
  2012.0356          -78.52            1.30
  2012.0383          -78.36            1.81
  2012.0411          -78.26            1.64
  2012.0438          -77.80            1.42
  2012.0466          -77.20            1.49
  2012.0493          -76.34            1.70
  2012.0520          -78.57            1.34
  2012.0548          -70.31            1.43
  2012.0603          -78.48            1.47
  2012.0630          -78.53            1.56
  2012.0658          -76.54            1.42
  2012.0685          -77.76            1.80
  2012.0713          -76.47            1.81
  2012.0740          -78.99            1.68
  2012.0767          -78.70            1.79
  2012.0795          -77.66            1.50
  2012.0822          -76.46            1.54
  2012.0850          -75.89            1.62
  2012.0876          -74.42            1.40
  2012.0905          -77.54            1.37
  2012.0931          -76.75            1.29
  2012.0959          -76.10            1.36
  2012.0986          -75.65            1.31
  2012.1013          -74.98            1.41
  2012.1041          -76.59            1.41
  2012.1068          -75.85            1.30
  2012.1096          -74.65            1.18
  2012.1123          -76.13            1.17
  2012.1151          -76.32            1.24
  2012.1178          -77.74            1.36
  2012.1206          -74.97            1.45
  2012.1233          -74.47            1.33
  2012.1260          -74.27            1.11
  2012.1288          -76.89            1.16
  2012.1315          -77.82            1.13
  2012.1343          -76.42            1.12
  2012.1370          -75.91            1.11
  2012.1398          -75.21            1.02
  2012.1425          -75.33            0.95
  2012.1453          -76.41            0.98
  2012.1479          -75.53            0.95
  2012.1506          -74.37            0.97
  2012.1534          -76.05            1.04
  2012.1561          -75.07            1.03
  2012.1589          -74.64            1.06
  2012.1616          -75.90            1.02
  2012.1644          -72.72            0.99
  2012.1671          -74.66            1.02
  2012.1699          -76.44            0.94
  2012.1726          -75.14            1.02
  2012.1753          -75.18            0.99
  2012.1781          -75.77            1.10
  2012.1808          -74.45            0.97
  2012.1836          -75.39            1.10
  2012.1863          -74.97            0.95
  2012.1891          -75.72            0.96
  2012.1918          -73.32            1.02
  2012.1946          -74.13            1.04
  2012.1973          -74.34            1.03
  2012.2000          -75.09            1.03
  2012.2028          -76.96            1.02
  2012.2054          -74.93            0.97
  2012.2083          -74.26            0.96
  2012.2109          -73.70            1.05
  2012.2137          -74.75            0.95
  2012.2164          -72.71            1.01
  2012.2192          -72.60            0.91
  2012.2219          -72.97            0.95
  2012.2246          -74.52            0.92
  2012.2274          -73.13            0.90
  2012.2301          -74.30            0.93
  2012.2329          -72.07            0.94
  2012.2356          -72.07            0.95
  2012.2384          -72.84            0.91
  2012.2411          -72.64            0.91
  2012.2439          -72.54            0.92
  2012.2466          -72.62            0.88
  2012.2493          -74.33            0.99
  2012.2521          -72.94            0.95
  2012.2548          -74.21            0.94
  2012.2576          -72.28            0.92
  2012.2603          -73.56            1.03
  2012.2631          -73.42            0.97
  2012.2657          -72.87            0.90
  2012.2684          -74.99            0.92
  2012.2712          -71.33            0.98
  2012.2739          -72.71            0.97
  2012.2767          -72.07            0.95
  2012.2794          -71.14            0.91
  2012.2822          -71.89            0.92
  2012.2849          -69.19            1.04
  2012.2877          -70.07            0.97
  2012.2904          -71.00            1.00
  2012.2931          -70.97            0.94
  2012.2959          -72.07            0.95
  2012.2986          -73.72            1.01
  2012.3014          -71.81            0.89
  2012.3041          -72.43            0.89
  2012.3069          -71.50            0.96
  2012.3124          -71.72            0.86
  2012.3151          -68.94            0.97
  2012.3206          -71.10            0.88
  2012.3232          -71.45            0.87
  2012.3287          -71.10            0.83
  2012.3315          -72.35            0.88
  2012.3342          -71.32            0.86
  2012.3370          -71.28            0.89
  2012.3397          -70.21            0.87
  2012.3424          -71.03            0.83
  2012.3452          -70.77            0.85
  2012.3479          -69.52            0.99
  2012.3507          -72.00            0.87
  2012.3534          -70.96            0.86
  2012.3562          -71.60            0.87
  2012.3589          -71.78            0.91
  2012.3617          -70.72            0.97
  2012.3671          -72.48            0.89
  2012.3726          -71.99            0.93
  2012.3781          -70.81            0.92
  2012.3809          -71.55            0.87
  2012.3835          -71.29            0.97
  2012.3864          -71.17            0.92
  2012.3890          -71.10            0.88
  2012.3917          -70.21            0.90
  2012.3945          -72.05            0.88
  2012.3972          -70.23            0.88
  2012.4000          -71.23            0.87
  2012.4027          -72.07            0.94
  2012.4055          -71.75            1.00
  2012.4110          -70.97            0.91
  2012.4137          -70.65            0.88
  2012.4164          -70.71            0.88
  2012.4192          -71.57            0.94
  2012.4219          -70.61            1.09
  2012.4247          -69.00            0.98
  2012.4274          -68.64            1.03
  2012.4302          -70.62            0.99
  2012.4329          -69.44            0.89
  2012.4357          -69.57            0.87
  2012.4384          -69.03            0.91
  2012.4410          -70.22            1.05
  2012.4438          -69.03            0.93
  2012.4465          -69.28            1.01
  2012.4493          -69.94            1.03
  2012.4520          -70.51            1.10
  2012.4548          -69.02            0.91
  2012.4575          -68.35            1.00
  2012.4603          -68.97            1.00
  2012.4630          -69.80            1.12
  2012.4657          -69.03            1.41
  2012.4685          -67.79            0.86
  2012.4712          -69.85            1.18
  2012.4740          -67.61            0.95
  2012.4767          -68.60            0.93
  2012.4795          -67.99            1.27
  2012.4822          -67.34            1.05
  2012.4850          -67.03            0.93
  2012.4877          -68.35            0.95
  2012.4904          -68.88            1.01
  2012.4932          -67.65            0.97
  2012.4958          -67.65            1.14
  2012.4987          -65.62            1.02
  2012.5013          -65.96            1.11
  2012.5042          -67.08            1.01
  2012.5068          -67.67            0.95
  2012.5096          -67.84            1.01
  2012.5123          -66.20            1.08
  2012.5150          -66.17            1.02
  2012.5178          -66.71            0.91
  2012.5205          -66.16            0.99
  2012.5233          -67.01            1.01
  2012.5260          -66.92            0.96
  2012.5288          -66.19            0.97
  2012.5315          -67.17            0.96
  2012.5343          -68.10            0.95
  2012.5370          -66.78            0.92
  2012.5397          -66.40            0.94
  2012.5425          -66.13            1.57
