  2010.2219            0.00            3.39
  2010.2246           -7.54            1.51
  2010.2274           -8.16            1.50
  2010.2301           -8.84            1.42
  2010.2329          -12.59            1.51
  2010.2356          -14.96            1.50
  2010.2384           -8.75            1.53
  2010.2411           -8.63            1.57
  2010.2439           -2.50            1.50
  2010.2466          -13.03            1.63
  2010.2493          -21.17            1.54
  2010.2521           -9.67            1.52
  2010.2548           -8.12            1.44
  2010.2576           -8.36            1.00
  2010.2603          -14.29            1.41
  2010.2631          -13.92            1.47
  2010.2657          -14.89            1.47
  2010.2684          -12.10            1.41
  2010.2712          -15.91            1.41
  2010.2739          -11.59            1.50
  2010.2767          -17.12            1.45
  2010.2794          -14.24            1.50
  2010.2822          -13.13            1.45
  2010.2849          -13.59            1.42
  2010.2877          -19.22            1.43
  2010.2904          -22.76            1.53
  2010.2931          -22.74            1.48
  2010.2959          -26.18            1.51
  2010.2986          -25.93            1.45
  2010.3014          -20.01            1.40
  2010.3069          -25.86            1.38
  2010.3096          -23.50            1.42
  2010.3124          -24.03            1.40
  2010.3151          -24.12            1.40
  2010.3177          -24.55            1.41
  2010.3206          -24.38            1.40
  2010.3232          -24.66            1.43
  2010.3260          -18.34            1.39
  2010.3287          -27.23            1.51
  2010.3315          -23.41            1.44
  2010.3424          -27.88            1.46
  2010.3452          -26.24            1.39
  2010.3479          -23.12            1.37
  2010.3507          -20.68            1.33
  2010.3534          -26.82            1.29
  2010.3562          -33.13            1.35
  2010.3589          -29.18            1.37
  2010.3617          -27.11            2.22
  2010.3644          -32.00            1.41
  2010.3726          -33.33            1.43
  2010.3754          -29.89            1.41
  2010.3781          -33.61            1.41
  2010.3809          -33.63            1.38
  2010.3835          -31.58            1.38
  2010.3864          -36.75            1.41
  2010.3890          -36.55            1.48
  2010.3917          -39.44            1.44
  2010.3945          -38.80            1.43
  2010.3972          -36.85            1.44
  2010.4000          -35.20            1.48
  2010.4027          -37.82            1.40
  2010.4055          -38.90            1.46
  2010.4082          -41.00            1.46
  2010.4110          -35.96            3.13
  2010.4137          -41.67            1.37
  2010.4164          -41.21            1.37
  2010.4192          -41.64            1.45
  2010.4219          -42.11            1.39
  2010.4247          -45.92            1.45
  2010.4274          -44.03            1.42
  2010.4302          -47.95            1.41
  2010.4329          -35.37            1.42
  2010.4357          -29.53            1.38
  2010.4384          -33.63            1.44
  2010.4410          -36.11            1.44
  2010.4438          -43.29            1.55
  2010.4465          -43.04            1.47
  2010.4493          -42.31            1.46
  2010.4520          -43.43            1.61
  2010.4548          -40.10            1.45
  2010.4575          -40.55            1.49
  2010.4603          -48.33            1.75
  2010.4630          -44.59            1.62
  2010.4657          -49.03            1.56
  2010.4685          -40.34            1.36
  2010.4712          -42.29            1.44
  2010.4740          -43.78            1.39
  2010.4767          -47.36            1.52
  2010.4795          -44.72            1.52
  2010.4822          -48.30            1.41
  2010.4850          -45.79            1.37
  2010.4877          -49.80            1.45
  2010.4904          -42.94            1.45
  2010.4932          -46.72            1.38
  2010.4958          -46.11            1.39
  2010.4987          -48.32            1.40
  2010.5013          -46.13            1.36
  2010.5042          -48.47            1.41
  2010.5068          -51.82            1.48
  2010.5096          -46.36            1.47
  2010.5123          -47.38            1.61
  2010.5150          -51.45            1.53
  2010.5178          -51.12            1.49
  2010.5205          -50.31            1.38
  2010.5233          -51.25            1.48
  2010.5260          -57.04            1.50
  2010.5288          -54.71            1.38
  2010.5315          -52.09            1.34
  2010.5343          -50.24            1.38
  2010.5370          -46.71            1.45
  2010.5397          -45.50            1.42
  2010.5425          -50.66            1.42
  2010.5452          -51.90            1.32
  2010.5480          -54.77            1.39
  2010.5507          -56.24            1.42
  2010.5535          -55.74            1.41
  2010.5562          -58.67            1.46
  2010.5590          -56.60            1.52
  2010.5616          -61.02            1.52
  2010.5643          -55.48            1.50
  2010.5671          -54.33            1.42
  2010.5698          -59.34            1.49
  2010.5726          -56.76            1.49
  2010.5753          -54.19            1.50
  2010.5781          -51.10            1.56
  2010.5808          -58.30            1.54
  2010.5836          -55.24            1.40
  2010.5863          -58.36            1.39
  2010.5890          -51.45            1.42
  2010.5918          -57.76            1.40
  2010.5945          -62.36            2.91
  2010.5973          -65.22            1.43
  2010.6000          -65.78            1.38
  2010.6028          -60.12            1.37
  2010.6055          -52.89            1.36
  2010.6083          -56.09            1.36
  2010.6110          -53.82            1.43
  2010.6136          -57.88            1.35
  2010.6165          -57.02            1.34
  2010.6191          -59.54            1.32
  2010.6219          -55.57            1.37
  2010.6246          -54.80            1.49
  2010.6274          -57.87            1.58
  2010.6301          -54.35            1.41
  2010.6329          -58.60            1.36
  2010.6356          -54.77            1.36
  2010.6383          -56.91            1.55
  2010.6411          -53.42            1.39
  2010.6438          -57.74            1.40
  2010.6466          -59.88            1.40
  2010.6493          -59.31            1.38
  2010.6521          -58.62            1.46
  2010.6548          -63.35            1.46
  2010.6576          -59.48            1.46
  2010.6603          -55.26            1.35
  2010.6630          -56.17            1.48
  2010.6658          -57.22            1.41
  2010.6685          -56.43            1.40
  2010.6713          -60.72            1.45
  2010.6740          -63.71            1.52
  2010.6768          -64.46            1.48
  2010.6794          -50.32            1.34
  2010.6823          -58.80            1.35
  2010.6849          -53.49            1.34
  2010.6876          -62.67            1.34
  2010.6904          -60.81            1.36
  2010.6931          -57.75            1.38
  2010.6959          -52.17            1.44
  2010.6986          -61.46            1.40
  2010.7014          -61.34            1.36
  2010.7041          -60.13            1.41
  2010.7069          -60.09            1.58
  2010.7096          -60.00            1.39
  2010.7123          -59.88            1.35
  2010.7151          -65.32            1.47
  2010.7178          -61.36            1.36
  2010.7206          -62.32            1.39
  2010.7233          -59.41            1.34
  2010.7261          -58.99            1.38
  2010.7288          -62.42            1.33
  2010.7316          -65.51            1.33
  2010.7343          -60.88            1.38
  2010.7369          -59.69            1.50
  2010.7397          -64.79            1.48
  2010.7424          -68.40            1.41
  2010.7452          -61.24            1.37
  2010.7479          -58.94            1.41
  2010.7507          -62.31            1.46
  2010.7534          -62.19            1.39
  2010.7561          -55.73            1.46
  2010.7589          -61.76            1.36
  2010.7616          -68.50            1.41
  2010.7644          -69.18            1.38
  2010.7671          -63.94            1.33
  2010.7699          -57.57            1.36
  2010.7726          -57.67            1.31
  2010.7754          -58.61            1.33
  2010.7781          -61.77            1.34
  2010.7808          -63.73            1.39
  2010.7836          -62.61            1.43
  2010.7863          -65.62            1.55
  2010.7891          -65.66            1.37
  2010.7917          -64.15            1.37
  2010.7946          -69.18            1.40
  2010.7972          -65.53            1.38
  2010.8000          -73.87            1.40
  2010.8027          -73.17            1.46
  2010.8054          -64.93            1.42
  2010.8082          -67.19            1.47
  2010.8109          -57.52            2.42
  2010.8164          -69.15            2.51
  2010.8192          -66.78            1.45
  2010.8219          -68.54            1.50
  2010.8247          -67.85            2.33
  2010.8329          -59.04            2.61
  2010.8356          -62.62            1.43
  2010.8384          -61.42            1.48
  2010.8411          -68.41            2.60
  2010.8521          -67.62            2.50
  2010.8547          -67.97            1.48
  2010.8575          -67.61            1.43
  2010.8602          -69.82            2.45
  2010.8685          -65.13            2.97
  2010.8712          -63.92            1.46
  2010.8740          -61.54            1.45
  2010.8767          -70.55            3.07
  2010.8959          -59.05            2.69
  2010.8987          -67.64            1.55
  2010.9014          -65.00            1.45
  2010.9041          -77.67            6.59
  2010.9178          -67.18            2.51
  2010.9205          -63.76            1.32
  2010.9233          -64.13            1.36
  2010.9397          -62.91            2.39
  2010.9425          -67.79            1.39
  2010.9452          -73.27            2.38
  2010.9589          -65.76            2.55
  2010.9644          -66.14            1.37
  2011.0027          -69.72            1.44
  2011.0055          -70.77            2.49
  2011.0082          -72.69            1.59
  2011.0110          -72.33            2.18
  2011.0137          -71.61            1.42
  2011.0165          -67.12            1.40
  2011.0192          -73.66            1.41
  2011.0220          -72.76            1.47
  2011.0247          -66.98            1.44
  2011.0273          -68.62            1.43
  2011.0302          -63.54            1.45
  2011.0328          -71.16            1.55
  2011.0356          -72.66            1.52
  2011.0383          -71.63            1.51
  2011.0411          -66.57            1.51
  2011.0438          -73.38            1.57
  2011.0466          -71.27            1.41
  2011.0493          -77.74            1.70
  2011.0520          -76.15            1.59
  2011.0548          -72.13            1.60
  2011.0575          -69.85            1.47
  2011.0603          -76.74            1.57
  2011.0630          -76.92            1.47
  2011.0658          -74.16            1.50
  2011.0685          -76.04            1.52
  2011.0713          -79.31            1.54
  2011.0740          -81.89            1.56
  2011.0767          -71.84            1.52
  2011.0795          -74.04            1.51
  2011.0822          -75.73            1.51
  2011.0850          -75.84            1.52
  2011.0876          -76.87            1.52
  2011.0905          -79.50            1.51
  2011.0931          -75.84            1.53
  2011.0959          -74.86            1.44
  2011.0986          -68.22            1.43
  2011.1013          -73.14            1.46
  2011.1041          -78.35            1.43
  2011.1068          -78.74            1.56
  2011.1096          -73.44            1.50
  2011.1123          -77.69            1.60
  2011.1151          -76.08            1.52
  2011.1178          -74.76            1.62
  2011.1206          -90.83            1.89
  2011.1233          -76.86            1.50
  2011.1260          -83.55            1.48
  2011.1288          -89.51            1.54
  2011.1315          -81.74            1.56
  2011.1343          -77.50            1.61
  2011.1370          -84.12            1.62
  2011.1398          -83.72            1.57
  2011.1425          -89.00            1.59
  2011.1453          -82.36            1.58
  2011.1479          -83.63            1.72
  2011.1506          -83.98            1.60
  2011.1534          -79.68            1.61
  2011.1561          -88.63            1.51
  2011.1589          -89.40            1.50
  2011.1616          -84.15            1.49
  2011.1644          -87.87            1.53
  2011.1671          -92.53            1.56
  2011.1699          -88.36            1.58
  2011.1726          -89.89            1.66
  2011.1753          -87.30            1.60
  2011.1781          -69.36            1.99
  2011.1808          -81.87            1.56
  2011.1836          -81.95            1.56
  2011.1863          -78.57            1.60
  2011.1891          -79.73            1.92
  2011.1918          -83.04            1.88
  2011.1946          -79.59            1.74
  2011.1973          -82.19            1.54
  2011.2000          -93.05            1.69
  2011.2028          -91.10            1.83
  2011.2054          -86.68            1.76
  2011.2083          -84.69            1.64
  2011.2109          -85.75            1.53
  2011.2137          -90.30            1.56
  2011.2164          -88.62            1.49
  2011.2192          -93.99            1.66
  2011.2219          -92.82            1.67
  2011.2246          -85.42            1.57
  2011.2274          -88.58            1.61
  2011.2301          -85.73            1.66
  2011.2329          -91.91            1.55
  2011.2356          -81.33            1.56
  2011.2384          -83.37            1.53
  2011.2411          -83.37            1.59
  2011.2439          -91.54            1.64
  2011.2466          -88.29            1.83
  2011.2493          -84.25            1.71
  2011.2521          -84.26            1.68
  2011.2548         -100.20            1.59
  2011.2576          -94.43            1.54
  2011.2603          -87.11            1.87
  2011.2631          -94.91            1.58
  2011.2657          -96.77            1.54
  2011.2684          -85.26            1.51
  2011.2712          -91.36            1.54
  2011.2739          -88.82            1.59
  2011.2767          -86.77            1.67
  2011.2794          -98.76            1.60
  2011.2822          -93.14            1.65
  2011.2849          -93.69            1.59
  2011.2877          -93.72            1.49
  2011.2904          -92.71            1.45
  2011.2931         -111.17            3.26
  2011.2959         -103.26            1.48
  2011.2986         -106.68            1.49
  2011.3014         -106.94            1.51
  2011.3041         -115.93            1.61
  2011.3069         -108.66            1.68
  2011.3096         -110.14            1.47
  2011.3124         -107.77            1.45
  2011.3151         -102.80            1.40
  2011.3177         -109.94            1.41
  2011.3206         -107.83            1.42
  2011.3232         -111.97            1.53
  2011.3260         -104.59            1.43
  2011.3287         -109.64            1.41
  2011.3315         -106.13            1.39
  2011.3342         -109.10            1.38
  2011.3370         -110.60            1.45
  2011.3397         -108.77            1.49
  2011.3424         -110.02            1.41
  2011.3452         -108.39            1.41
  2011.3479         -113.64            1.45
  2011.3507         -106.19            1.40
  2011.3534         -109.27            1.46
  2011.3562         -122.74            1.55
  2011.3589         -110.81            1.44
  2011.3617         -111.21            1.40
  2011.3644         -116.80            1.36
  2011.3671         -112.92            1.35
  2011.3699         -112.79            1.43
  2011.3726         -110.89            1.49
  2011.3754         -108.98            1.47
  2011.3781         -113.48            1.49
  2011.3809         -113.05            1.59
  2011.3835         -113.40            1.60
  2011.3864         -113.48            1.49
  2011.3890         -116.27            1.44
  2011.3917         -111.46            1.46
  2011.3945         -116.37            1.53
  2011.3972         -115.45            1.47
  2011.4000         -114.56            1.39
  2011.4027         -117.08            2.16
  2011.4110         -115.61            1.36
  2011.4137         -116.04            1.38
  2011.4164         -116.37            1.41
  2011.4192         -107.24            4.40
  2011.4302         -108.73            2.57
  2011.4329         -107.23            1.67
  2011.4357         -104.38            2.02
  2011.4384         -111.30            2.48
  2011.4465         -114.89            2.60
  2011.4493         -107.83            1.41
  2011.4520         -112.85            1.45
  2011.4548         -112.97            1.73
  2011.4575         -113.66            2.30
  2011.4603         -114.59            1.75
  2011.4630         -107.52            6.18
  2011.4657         -131.19            3.08
  2011.4685         -117.26            2.53
  2011.4712         -122.64            1.50
  2011.4740         -120.87            1.47
  2011.4767         -120.02            1.52
  2011.4795         -115.44            1.46
  2011.4822         -110.76            1.46
  2011.4850         -112.17            1.45
  2011.4877         -113.65            1.47
  2011.4904         -122.57            1.47
  2011.4932         -126.03            1.55
  2011.4958         -120.71            1.47
  2011.4987         -122.64            1.47
  2011.5013         -120.08            1.45
  2011.5042         -114.69            1.48
  2011.5068         -119.43            1.62
  2011.5096         -113.09            1.66
  2011.5123         -114.80            1.58
  2011.5150         -120.50            1.56
  2011.5178         -119.52            1.59
  2011.5205         -115.27            1.54
  2011.5233         -121.91            1.49
  2011.5260         -123.39            1.61
  2011.5315         -124.50            1.51
  2011.5343         -121.51            1.64
  2011.5370         -120.02            1.67
  2011.5397         -119.05            1.66
  2011.5425         -131.42            1.64
  2011.5452         -126.09            1.52
  2011.5480         -126.37            1.52
  2011.5507         -130.12            1.56
  2011.5535         -123.48            1.50
  2011.5562         -122.64            2.00
  2011.5590         -126.77            1.58
  2011.5616         -127.04            1.52
  2011.5643         -128.80            1.61
  2011.5671         -122.59            1.63
  2011.5698         -122.60            1.59
  2011.5726         -127.34            1.57
  2011.5753         -130.27            1.50
  2011.5781         -127.43            1.52
  2011.5808         -119.65            1.46
  2011.5836         -122.74            1.61
  2011.5863         -126.98            1.62
  2011.5890         -128.38            1.51
  2011.5918         -121.86            1.67
  2011.5945         -120.55            1.68
  2011.5973         -123.48            1.73
  2011.6000         -127.13            1.73
  2011.6028         -122.18            1.72
  2011.6055         -124.95            1.69
  2011.6083         -119.59            1.54
  2011.6110         -122.48            1.78
  2011.6136         -124.73            1.72
  2011.6165         -119.63            1.65
  2011.6191         -119.53            1.58
  2011.6219         -123.61            1.58
  2011.6246         -120.33            1.80
  2011.6274         -122.18            1.63
  2011.6301         -123.99            1.66
  2011.6329         -126.92            1.60
  2011.6356         -129.59            1.67
  2011.6383         -124.35            1.55
  2011.6411         -126.54            1.51
  2011.6438         -130.51            1.51
  2011.6466         -124.60            1.58
  2011.6493         -130.43            1.56
  2011.6521         -127.40            1.69
  2011.6548         -128.81            1.69
  2011.6576         -120.73            1.71
  2011.6603         -127.18            1.77
  2011.6630         -124.24            1.76
  2011.6658         -122.66            1.49
  2011.6685         -125.30            1.66
  2011.6713         -127.03            1.64
  2011.6740         -122.31            1.63
  2011.6768         -128.89            1.65
  2011.6794         -125.03            1.61
  2011.6823         -125.28            1.60
  2011.6849         -130.75            1.56
  2011.6876         -127.86            1.66
  2011.6904         -131.24            1.70
  2011.6931         -123.27            1.59
  2011.6959         -127.16            1.60
  2011.6986         -126.65            1.58
  2011.7014         -118.02            1.56
  2011.7041         -124.47            1.58
  2011.7069         -126.40            1.58
  2011.7096         -130.30            1.69
  2011.7123         -123.29            1.54
  2011.7151         -127.69            1.50
  2011.7178         -128.51            1.50
  2011.7206         -128.10            1.58
  2011.7233         -127.24            1.56
  2011.7261         -124.22            1.56
  2011.7288         -133.05            1.57
  2011.7316         -134.45            1.61
  2011.7343         -133.01            1.64
  2011.7369         -126.78            1.60
  2011.7397         -125.91            1.59
  2011.7424         -130.75            1.64
  2011.7452         -131.66            1.58
  2011.7479         -129.50            1.70
  2011.7507         -133.68            1.80
  2011.7534         -130.89            1.52
  2011.7561         -135.96            1.59
  2011.7589         -126.69            4.52
  2011.7671         -131.94            2.60
  2011.7699         -136.27            1.60
  2011.7726         -136.08            1.54
  2011.7754         -134.57            2.91
  2011.7781         -135.19            2.87
  2011.7808         -132.62            1.88
  2011.7836         -132.79            3.12
  2011.7863         -132.60            5.83
  2011.7917         -130.89            2.75
  2011.7946         -129.14            1.55
  2011.7972         -133.20            5.06
  2011.8054         -126.87            2.60
  2011.8082         -124.25            1.59
  2011.8109         -130.81            1.59
  2011.8247         -129.47            3.06
  2011.8274         -125.95            1.60
  2011.8301         -124.49            1.68
  2011.8466         -124.22            2.91
  2011.8494         -121.88            1.66
  2011.8521         -127.19            3.82
  2011.8657         -126.09            2.99
  2011.8685         -127.42            1.72
  2011.8712         -130.85            3.65
  2011.8740         -133.29            5.27
  2011.8822         -138.46            4.02
  2011.8849         -140.31            7.90
  2011.8877         -134.51            6.55
  2011.8904         -258.22            6.70
  2011.8932         -130.91            6.01
  2011.9069         -138.81            3.63
  2011.9095         -140.54            2.28
  2011.9178         -136.07            3.87
  2011.9205         -129.47            2.51
  2011.9315         -123.24            3.12
  2011.9342         -127.26            2.14
  2011.9425         -123.62            3.09
  2011.9452         -126.69            2.94
  2011.9507         -117.05            2.86
  2011.9534         -125.78            2.17
  2011.9617         -125.01            3.01
  2011.9644         -129.71            3.46
  2011.9672         -127.67            3.50
  2011.9698         -124.94            5.08
  2011.9727         -136.13            3.81
  2011.9753         -132.87            4.41
  2011.9780         -128.79            2.73
  2011.9808         -129.19            4.25
  2011.9835         -125.66            2.76
  2011.9863         -126.74            5.40
  2011.9890         -132.39            2.80
  2011.9918         -121.93            3.82
  2011.9945         -131.66            3.78
  2011.9973         -131.22            3.26
  2012.0000         -131.09            3.38
  2012.0027         -130.69            3.49
  2012.0055         -132.40            3.29
  2012.0082         -128.02            3.06
  2012.0110         -116.79            4.84
  2012.0137         -134.52            7.25
  2012.0165         -134.47            6.17
  2012.0192         -150.95            5.73
  2012.0220         -132.70            3.31
  2012.0247         -150.89           10.31
  2012.0273         -128.52            3.11
  2012.0302         -134.81            3.02
  2012.0328         -131.13            2.38
  2012.0356         -130.03            2.17
  2012.0383         -125.62            3.10
  2012.0411         -133.34            2.75
  2012.0438         -134.94            2.38
  2012.0466         -122.49            2.54
  2012.0493         -131.64            2.79
  2012.0520         -130.84            2.18
  2012.0548         -126.85            2.38
  2012.0603         -135.36            2.42
  2012.0630         -117.69            2.55
  2012.0658         -132.13            2.37
  2012.0685         -126.08            2.95
  2012.0713         -131.06            2.98
  2012.0740         -131.71            2.73
  2012.0767         -138.85            2.95
  2012.0795         -127.78            2.52
  2012.0822         -125.15            2.55
  2012.0850         -128.27            2.78
  2012.0876         -125.18            2.31
  2012.0905         -133.89            2.32
  2012.0931         -130.77            2.17
  2012.0959         -128.25            2.31
  2012.0986         -125.97            2.19
  2012.1013         -131.79            2.33
  2012.1041         -130.73            2.34
  2012.1068         -128.31            2.15
  2012.1096         -129.00            1.96
  2012.1123         -132.93            1.94
  2012.1151         -127.31            2.06
  2012.1178         -125.99            2.25
  2012.1206         -127.18            2.34
  2012.1233         -130.44            2.24
  2012.1260         -125.66            1.82
  2012.1288         -132.82            1.92
  2012.1315         -124.42            1.88
  2012.1343         -128.17            1.85
  2012.1370         -134.39            1.86
  2012.1398         -134.97            1.70
  2012.1425         -124.44            1.58
  2012.1453         -134.75            1.62
  2012.1479         -132.72            1.59
  2012.1506         -134.18            1.60
  2012.1534         -131.37            1.74
  2012.1561         -136.67            1.74
  2012.1589         -132.02            1.78
  2012.1616         -129.05            1.65
  2012.1644         -132.95            1.65
  2012.1671         -136.97            1.71
  2012.1699         -127.11            1.58
  2012.1726         -133.56            1.70
  2012.1753         -130.10            1.63
  2012.1781         -136.35            1.83
  2012.1808         -139.55            1.62
  2012.1836         -131.12            1.81
  2012.1863         -131.57            1.59
  2012.1891         -136.87            1.60
  2012.1918         -131.56            1.71
  2012.1946         -138.82            1.67
  2012.1973         -141.90            1.66
  2012.2000         -141.16            1.67
  2012.2028         -128.69            1.66
  2012.2054         -135.69            1.55
  2012.2083         -140.15            1.57
  2012.2109         -134.77            1.71
  2012.2137         -140.19            1.57
  2012.2164         -143.51            1.69
  2012.2192         -139.13            1.53
  2012.2219         -137.62            1.58
  2012.2246         -135.29            1.54
  2012.2274         -136.31            1.49
  2012.2301         -132.21            1.56
  2012.2329         -139.23            1.56
  2012.2356         -136.05            1.57
  2012.2384         -128.67            1.52
  2012.2411         -133.19            1.54
  2012.2439         -131.60            1.54
  2012.2466         -138.77            1.47
  2012.2493         -139.95            1.68
  2012.2521         -135.05            1.57
  2012.2548         -134.72            1.57
  2012.2576         -136.09            1.52
  2012.2603         -140.49            1.73
  2012.2631         -138.71            1.63
  2012.2657         -134.33            1.50
  2012.2684         -142.97            1.54
  2012.2712         -130.71            1.62
  2012.2739         -130.52            1.60
  2012.2767         -136.52            1.56
  2012.2794         -134.38            1.50
  2012.2822         -135.33            1.52
  2012.2849         -140.34            1.72
  2012.2877         -132.99            1.58
  2012.2904         -130.05            1.61
  2012.2931         -133.98            1.51
  2012.2959         -137.25            1.57
  2012.2986         -131.05            1.68
  2012.3014         -139.63            1.47
  2012.3041         -133.17            1.47
  2012.3069         -135.59            1.59
  2012.3124         -137.51            1.44
  2012.3151         -137.16            1.60
  2012.3206         -142.32            1.45
  2012.3232         -137.17            1.45
  2012.3287         -141.26            1.40
  2012.3315         -139.66            1.48
  2012.3342         -142.42            1.44
  2012.3370         -145.18            1.48
  2012.3397         -139.80            1.45
  2012.3424         -138.30            1.39
  2012.3452         -138.61            1.41
  2012.3479         -139.56            1.66
  2012.3507         -144.57            1.44
  2012.3534         -140.17            1.45
  2012.3562         -146.62            1.43
  2012.3589         -145.83            1.52
  2012.3617         -143.40            1.62
  2012.3671         -140.91            1.48
  2012.3726         -144.24            1.53
  2012.3781         -138.47            1.53
  2012.3809         -143.33            1.43
  2012.3835         -146.71            1.61
  2012.3864         -137.99            1.53
  2012.3890         -134.82            1.44
  2012.3917         -136.26            1.47
  2012.3945         -142.01            1.46
  2012.3972         -137.55            1.45
  2012.4000         -137.43            1.45
  2012.4027         -134.83            1.57
  2012.4055         -140.75            1.67
  2012.4110         -146.52            1.53
  2012.4137         -143.74            1.45
  2012.4164         -138.37            1.47
  2012.4192         -144.60            1.51
  2012.4219         -143.76            1.73
  2012.4247         -139.30            1.58
  2012.4274         -138.12            1.64
  2012.4302         -143.84            1.58
  2012.4329         -140.28            1.44
  2012.4357         -137.12            1.40
  2012.4384         -136.61            1.46
  2012.4410         -143.77            1.68
  2012.4438         -136.99            1.48
  2012.4465         -137.93            1.59
  2012.4493         -144.12            1.63
  2012.4520         -141.86            1.74
  2012.4548         -136.49            1.48
  2012.4575         -142.69            1.59
  2012.4603         -147.13            1.59
  2012.4630         -144.72            1.78
  2012.4657         -144.00            2.30
  2012.4685         -141.85            1.41
  2012.4712         -150.82            1.98
  2012.4740         -139.73            1.55
  2012.4767         -139.34            1.51
  2012.4795         -145.22            2.00
  2012.4822         -145.17            1.68
  2012.4850         -142.95            1.48
  2012.4877         -146.50            1.51
  2012.4904         -149.43            1.60
  2012.4932         -151.69            1.55
  2012.4958         -146.10            1.82
  2012.4987         -147.51            1.62
  2012.5013         -150.90            1.77
  2012.5042         -144.92            1.61
  2012.5068         -147.70            1.51
  2012.5096         -152.88            1.60
  2012.5123         -144.04            1.71
  2012.5150         -150.54            1.63
  2012.5178         -149.82            1.46
  2012.5205         -149.74            1.57
  2012.5233         -153.64            1.60
  2012.5260         -148.15            1.53
  2012.5288         -149.71            1.54
  2012.5315         -152.66            1.52
  2012.5343         -147.31            1.51
  2012.5370         -149.37            1.46
  2012.5397         -152.22            1.49
  2012.5425         -142.81            2.75
