  2012.4164            0.00            1.26
  2012.4192            1.20            1.27
  2012.4219           -0.23            1.37
  2012.4247            0.38            1.33
  2012.4274            0.38            1.32
  2012.4302           -0.09            1.27
  2012.4329            0.65            1.18
  2012.4357            0.38            1.14
  2012.4384            0.83            1.17
  2012.4410            0.73            1.36
  2012.4438            0.97            1.22
  2012.4465            1.12            1.29
  2012.4493            1.02            1.36
  2012.4520            0.25            1.38
  2012.4548           -0.81            1.22
  2012.4575            1.06            1.28
  2012.4603            0.66            1.28
  2012.4630            0.60            1.31
  2012.4657           -0.02            1.28
  2012.4685            0.51            1.24
  2012.4712            0.98            1.39
  2012.4740           -0.23            1.26
  2012.4767           -0.37            1.27
  2012.4795            0.20            1.23
  2012.4850            1.53            1.20
  2012.4877            0.63            1.21
  2012.4904            1.38            1.30
  2012.4932            1.81            1.28
  2012.4958            0.93            1.31
  2012.4987            2.31            1.31
  2012.5013            1.76            1.34
  2012.5042            0.73            1.29
  2012.5068           -0.78            1.25
  2012.5096            0.07            1.30
  2012.5123            0.07            1.38
  2012.5150            0.66            1.30
  2012.5178            1.28            1.21
  2012.5205            1.09            1.27
  2012.5233            0.75            1.31
  2012.5260            0.27            1.23
  2012.5288            2.06            1.27
  2012.5315           -0.53            1.26
  2012.5343            3.54            1.22
  2012.5370            0.15            1.17
  2012.5397            0.05            1.21
  2012.5425            0.13            1.25
  2012.5452            0.27            1.29
  2012.5480            1.13            1.29
  2012.5507            1.39            1.33
  2012.5535            0.82            1.27
  2012.5562           -0.12            1.25
  2012.5590            1.73            1.29
  2012.5616            0.71            1.25
  2012.5643            1.28            1.22
  2012.5671            1.23            1.22
  2012.5698            0.96            1.20
  2012.5726            1.46            1.23
  2012.5753            1.70            1.21
  2012.5781            1.44            1.27
  2012.5808            2.28            1.22
  2012.5836            1.58            1.21
  2012.5863            2.00            1.32
  2012.5890            2.03            1.26
  2012.5918            1.55            1.25
  2012.5945            0.99            1.23
  2012.5973            2.63            1.92
  2012.6000            2.54            1.28
  2012.6028            0.64            1.28
  2012.6055            1.78            1.34
  2012.6083            2.53            1.33
  2012.6110            3.61            1.75
  2012.6136            2.27            1.29
  2012.6165            2.34            1.32
  2012.6191            2.14            1.30
  2012.6219            1.80            1.40
  2012.6246            2.45            1.35
  2012.6274            1.77            1.32
  2012.6301            2.05            1.44
  2012.6329            1.41            1.29
  2012.6356            1.85            1.32
  2012.6383            1.92            1.31
  2012.6411            1.67            1.32
  2012.6438            2.59            1.35
  2012.6466            0.31            1.34
  2012.6493            2.08            1.27
  2012.6521            2.35            1.30
  2012.6548            1.31            1.23
  2012.6576            1.49            1.22
  2012.6603            0.85            1.28
  2012.6630            1.69            1.41
  2012.6658            2.19            1.24
  2012.6685            2.18            1.33
  2012.6713            1.29            1.28
  2012.6740            3.05            1.38
  2012.6768            1.90            1.36
  2012.6794            1.36            1.35
  2012.6823            1.92            1.41
  2012.6849            1.64            1.36
  2012.6876            3.21            1.39
  2012.6904            1.49            1.33
  2012.6931            1.99            1.28
  2012.6959            2.14            1.27
  2012.6986            2.18            1.33
  2012.7014            1.81            1.34
  2012.7041            2.50            1.45
  2012.7069            1.82            1.31
  2012.7096            2.86            1.34
  2012.7123            2.54            1.35
  2012.7151            1.88            1.38
  2012.7178            2.98            1.44
  2012.7206            1.73            1.33
  2012.7233            1.71            1.35
  2012.7261            2.27            1.37
  2012.7288            2.63            1.31
  2012.7316            0.32            1.31
  2012.7343            1.52            1.40
  2012.7369           -0.35            1.47
  2012.7397           -1.23            1.35
  2012.7424            0.53            1.34
  2012.7452            0.01            1.35
  2012.7479            1.61            1.41
  2012.7507            0.97            1.43
  2012.7534            0.19            1.56
  2012.7561            1.29            1.42
  2012.7589            0.58            1.39
  2012.7616            0.13            1.43
  2012.7644           -0.24            1.41
  2012.7671           -0.76            1.53
  2012.7699            1.34            1.50
  2012.7726            0.01            1.36
  2012.7754            0.22            1.53
  2012.7781            0.37            1.30
  2012.7808            1.00            1.37
  2012.7836            0.35            1.34
  2012.7863            1.02            1.27
  2012.7891            0.14            1.39
  2012.7917            1.28            1.45
  2012.7946           -0.19            1.47
  2012.7972           -1.89            1.37
  2012.8000            0.16            1.31
  2012.8027            3.56            1.48
  2012.8054            0.88            1.50
  2012.8082           -0.55            1.55
  2012.8109           -2.56            1.47
  2012.8137           -2.41            1.51
  2012.8164           -1.97            1.40
  2012.8192           -0.60            1.45
  2012.8219           -1.95            1.56
  2012.8247           -0.44            1.55
  2012.8274            0.03            1.49
  2012.8301            1.53            1.64
  2012.8329            0.42            1.45
  2012.8356           -0.40            1.42
  2012.8384           -0.21            1.39
  2012.8411            0.44            1.36
  2012.8439           -0.16            1.60
  2012.8466            0.34            1.45
  2012.8494           -0.91            1.46
  2012.8521            0.09            1.46
  2012.8547           -3.57            1.49
  2012.8575            0.36            1.45
  2012.8602            1.17            1.60
  2012.8630           -1.54            1.53
  2012.8657            0.13            1.39
  2012.8685           -1.26            1.46
  2012.8712           -0.81            1.37
  2012.8740            1.92            1.42
  2012.8767           -0.30            1.45
  2012.8794           -0.27            1.45
  2012.8822           -0.60            1.45
  2012.8849            0.58            1.41
  2012.8877            1.58            1.46
  2012.8904            0.91            1.39
  2012.8932            0.77            1.62
  2012.8959            3.37            1.55
  2012.8987           -1.23            1.47
  2012.9014            0.87            1.46
  2012.9041            0.06            5.61
  2012.9069            0.96            1.50
  2012.9095            0.71            1.39
  2012.9124           -1.21            1.48
  2012.9150           -2.10            1.68
  2012.9178           -2.01            1.48
  2012.9205           -1.05            1.43
  2012.9233            1.30            2.37
  2012.9260           -0.56            1.74
  2012.9287           -1.66            1.52
  2012.9315            0.30            1.58
  2012.9342           -5.66            1.85
  2012.9370           -3.24            1.62
  2012.9397           -1.53            1.47
  2012.9425           -1.61            1.55
  2012.9452           -0.57            1.63
  2012.9480           -1.88            1.52
  2012.9507           -2.88            1.56
  2012.9534           -2.28            1.42
  2012.9562           -1.28            1.66
  2012.9589           -2.29            1.52
  2012.9617            0.68            1.84
  2012.9644            1.09            1.68
  2012.9672           -0.04            2.17
  2012.9698           -2.90            1.90
  2012.9727           -3.04            1.82
  2012.9753           -1.39            1.57
  2012.9780           -0.38            1.63
  2012.9808            1.92            1.58
  2012.9835           -3.68            2.03
  2012.9863           -2.62            1.73
  2012.9890           -2.13            1.60
  2012.9918           -2.11            1.46
  2012.9945           -1.70            1.42
  2012.9973           -0.66            1.45
  2013.0000           -0.38            1.49
  2013.0027            0.45            1.75
  2013.0027           -1.90            1.23
  2013.0055           -1.71            1.23
  2013.0082           -1.23            1.30
  2013.0110           -1.00            1.30
  2013.0137            0.99            1.38
  2013.0165           -0.86            1.46
  2013.0192           -0.92            1.52
  2013.0220           -2.02            1.32
  2013.0247           -2.75            1.40
  2013.0273           -1.77            1.39
  2013.0302            1.81            1.42
  2013.0328           -0.47            1.39
  2013.0356           -0.14            1.35
  2013.0383           -1.03            1.31
  2013.0411           -1.67            1.41
  2013.0438           -1.38            1.47
  2013.0466           -1.02            1.61
  2013.0493           -1.86            1.36
  2013.0520           -0.53            1.33
  2013.0548           -1.09            1.29
  2013.0575           -1.45            1.34
  2013.0603           -2.39            1.43
  2013.0630           -1.36            1.49
  2013.0658           -1.47            1.47
  2013.0685           -1.56            1.38
  2013.0713           -0.85            1.28
  2013.0740           -0.18            1.29
  2013.0767           -1.06            1.61
  2013.0795            1.49            1.33
  2013.0822           -1.38            1.36
  2013.0850            1.20            1.39
  2013.0876            1.19            1.48
  2013.0905            0.71            1.44
  2013.0931            0.22            1.33
  2013.0959            0.47            1.33
  2013.1013            1.43            1.59
  2013.1206            1.71            1.38
  2013.1233           -0.01            1.50
  2013.1315            1.54            1.41
  2013.1343            1.31            1.29
  2013.1370            0.75            1.23
  2013.2356            2.13            1.27
  2013.2384            2.27            1.22
  2013.2466            1.41            1.33
  2013.2493            3.69            1.42
  2013.2548           -1.63            1.34
  2013.2712            0.23            1.53
  2013.2794           -0.16            1.35
  2013.2822            2.00            1.26
  2013.2849           -0.89            1.27
  2013.2877            0.23            1.28
  2013.2904            0.77            1.27
  2013.2931           -0.09            1.25
  2013.2959            0.72            1.29
  2013.2986            0.47            1.28
  2013.3014            1.21            1.29
  2013.3041            1.14            1.31
  2013.3069            0.27            1.35
  2013.3096           -0.36            1.32
  2013.3124            0.92            1.37
  2013.3151           -0.66            1.29
  2013.3177            0.80            1.35
  2013.3206           -0.38            1.33
  2013.3232            0.21            1.35
  2013.3479           -0.35            1.30
  2013.3562            0.04            1.40
  2013.3589           -0.71            1.28
  2013.3617           -1.34            2.47
  2013.3644           -1.75            1.21
  2013.3671           -2.44            1.25
  2013.3699           -2.02            1.22
  2013.3945           -3.27            1.24
  2013.4000           -3.14            1.30
  2013.4027           -3.34            1.36
  2013.4055           -3.84            1.40
  2013.4082           -3.98            1.26
  2013.4110           -3.74            1.28
  2013.4137           -4.71            1.43
  2013.4164           -3.51            1.34
  2013.4192           -2.09            1.31
  2013.4219           -2.31            1.21
  2013.4247           -1.63            1.35
  2013.4274            0.74            1.38
  2013.4302           -2.86            1.25
  2013.4329           -3.64            1.30
  2013.4357           -2.07            1.24
  2013.4384           -2.55            1.28
  2013.4410           -2.06            1.24
  2013.4438           -2.09            1.27
  2013.4465           -1.91            1.28
  2013.4493           -2.96            1.30
