  2012.4164            0.00            1.30
  2012.4192            1.17            1.30
  2012.4219           -1.96            1.40
  2012.4247            8.19            1.37
  2012.4274            1.16            1.36
  2012.4302            1.03            1.30
  2012.4329           -3.83            1.19
  2012.4357           -7.56            1.15
  2012.4384           -2.94            1.21
  2012.4410            3.68            1.39
  2012.4438            3.38            1.24
  2012.4465            6.19            1.32
  2012.4493            6.86            1.39
  2012.4520            0.82            1.41
  2012.4548            1.56            1.26
  2012.4575           -2.26            1.31
  2012.4603           -4.24            1.32
  2012.4630           -3.31            1.35
  2012.4657           -3.17            1.31
  2012.4685           -4.53            1.27
  2012.4712            3.44            1.42
  2012.4740           -1.95            1.29
  2012.4767           -0.98            1.31
  2012.4795            4.15            1.25
  2012.4850           -1.43            1.23
  2012.4877            1.71            1.22
  2012.4904            0.28            1.33
  2012.4932            1.68            1.31
  2012.4958            0.45            1.33
  2012.4987           -1.65            1.34
  2012.5013           -0.59            1.38
  2012.5042           -3.53            1.32
  2012.5068           -3.54            1.29
  2012.5096           -1.25            1.33
  2012.5123           -0.94            1.41
  2012.5150           -4.46            1.34
  2012.5178           -1.33            1.24
  2012.5205            0.84            1.30
  2012.5233           -4.36            1.34
  2012.5260           -0.58            1.25
  2012.5288           -0.80            1.32
  2012.5315           -2.27            1.30
  2012.5343            0.39            1.25
  2012.5370           -8.18            1.20
  2012.5397           -3.57            1.25
  2012.5425            1.08            1.28
  2012.5452           -1.21            1.31
  2012.5480            6.02            1.33
  2012.5507            4.23            1.36
  2012.5535           -1.95            1.30
  2012.5562            6.32            1.28
  2012.5590            1.18            1.32
  2012.5616            1.81            1.28
  2012.5643           -3.41            1.26
  2012.5671            2.33            1.25
  2012.5698            2.77            1.24
  2012.5726           -1.52            1.26
  2012.5753           -0.38            1.24
  2012.5781            0.72            1.30
  2012.5808           -0.32            1.26
  2012.5836           -0.37            1.24
  2012.5863            3.16            1.35
  2012.5890            1.26            1.30
  2012.5918           -0.30            1.28
  2012.5945           -1.29            1.27
  2012.5973            1.18            1.99
  2012.6000            0.59            1.32
  2012.6028           -3.06            1.32
  2012.6055           -8.21            1.38
  2012.6083           -2.87            1.37
  2012.6110           -1.87            1.70
  2012.6136           -0.86            1.31
  2012.6165           -1.67            1.36
  2012.6191           -0.20            1.34
  2012.6219            0.74            1.44
  2012.6246           -1.11            1.39
  2012.6274           -7.59            1.36
  2012.6301           -3.36            1.47
  2012.6329           -6.33            1.32
  2012.6356           -9.77            1.36
  2012.6383           -5.22            1.35
  2012.6411           -4.34            1.35
  2012.6438            3.18            1.38
  2012.6466          -10.00            1.37
  2012.6493          -15.70            1.30
  2012.6521          -11.46            1.34
  2012.6548          -11.71            1.26
  2012.6576           -8.50            1.25
  2012.6603           -3.82            1.31
  2012.6630           -0.82            1.47
  2012.6658           -2.51            1.28
  2012.6685           -3.73            1.37
  2012.6713           -1.41            1.30
  2012.6740           -6.69            1.42
  2012.6768           -7.67            1.40
  2012.6794           -8.55            1.40
  2012.6823           -8.23            1.45
  2012.6849           -4.23            1.41
  2012.6876           -3.65            1.43
  2012.6904            1.91            1.37
  2012.6931           -4.24            1.32
  2012.6959            0.52            1.30
  2012.6986            1.49            1.35
  2012.7014           -2.15            1.37
  2012.7041            2.42            1.49
  2012.7069            2.92            1.34
  2012.7096            2.95            1.38
  2012.7123           -1.04            1.38
  2012.7151           -5.61            1.42
  2012.7178           -6.40            1.47
  2012.7206           -2.42            1.37
  2012.7233           -0.87            1.38
  2012.7261          -10.56            1.41
  2012.7288           -2.35            1.35
  2012.7316           -4.03            1.34
  2012.7343           -5.31            1.45
  2012.7369           -8.70            1.53
  2012.7397           -7.91            1.41
  2012.7424           -3.02            1.37
  2012.7452           -0.74            1.37
  2012.7479           -6.56            1.46
  2012.7507           -3.14            1.47
  2012.7534           -6.80            1.63
  2012.7561           -4.46            1.45
  2012.7589            0.35            1.38
  2012.7616            1.67            1.48
  2012.7644            5.03            1.46
  2012.7671            1.27            1.56
  2012.7699           -3.31            1.55
  2012.7726           -9.01            1.35
  2012.7754           -8.15            1.56
  2012.7781           -7.48            1.33
  2012.7808           -2.66            1.40
  2012.7836           -3.75            1.37
  2012.7863           -4.07            1.29
  2012.7891            4.38            1.40
  2012.7917           -0.25            1.48
  2012.7946            0.50            1.47
  2012.7972           -5.92            1.37
  2012.8000           -0.80            1.35
  2012.8027           -2.50            1.48
  2012.8054            0.92            1.52
  2012.8082            4.94            1.56
  2012.8109           -1.78            1.48
  2012.8137           -8.47            1.48
  2012.8164            4.28            1.44
  2012.8192            3.55            1.49
  2012.8219            7.92            1.59
  2012.8247            5.21            1.55
  2012.8274            3.91            1.52
  2012.8301            3.89            1.66
  2012.8329            0.51            1.45
  2012.8356            5.08            1.46
  2012.8384            6.39            1.43
  2012.8411            4.67            1.38
  2012.8439            1.67            1.63
  2012.8466            0.50            1.49
  2012.8494           10.24            1.50
  2012.8521            3.92            1.49
  2012.8547           12.06            1.52
  2012.8575           14.53            1.44
  2012.8602           -4.57            1.64
  2012.8630            1.92            1.52
  2012.8657           -1.01            1.38
  2012.8685            5.66            1.51
  2012.8712            4.77            1.41
  2012.8740            3.67            1.45
  2012.8767            7.13            1.48
  2012.8794            3.29            1.49
  2012.8822            5.61            1.47
  2012.8849           -0.53            1.45
  2012.8877           -0.08            1.38
  2012.8904           -5.11            1.36
  2012.8932            9.16            1.56
  2012.8959           -7.99            1.54
  2012.8987            4.48            1.45
  2012.9014            4.31            1.43
  2012.9041            3.98            5.43
  2012.9069            5.29            1.45
  2012.9095            6.19            1.35
  2012.9124            1.82            1.46
  2012.9150           -5.65            1.65
  2012.9178           -6.93            1.45
  2012.9205           -3.77            1.41
  2012.9233            2.36            2.28
  2012.9260            3.68            1.68
  2012.9287           -2.23            1.48
  2012.9315            8.64            1.52
  2012.9342            1.23            1.80
  2012.9370            4.87            1.57
  2012.9397            6.46            1.43
  2012.9425            7.80            1.47
  2012.9452           12.77            1.54
  2012.9480            8.14            1.47
  2012.9507            3.90            1.52
  2012.9534           -1.08            1.39
  2012.9562            6.38            1.56
  2012.9589           -0.02            1.47
  2012.9617           13.47            1.73
  2012.9644           12.33            1.58
  2012.9672           10.73            2.01
  2012.9698            6.38            1.81
  2012.9727            0.75            1.72
  2012.9753           -1.27            1.50
  2012.9780            6.42            1.53
  2012.9808            6.36            1.50
  2012.9835           -3.12            1.96
  2012.9863          -11.81            1.65
  2012.9890            1.06            1.54
  2012.9918           -2.44            1.39
  2012.9945            2.10            1.35
  2012.9973            4.58            1.40
  2013.0000            2.81            1.42
  2013.0027           -5.31            1.68
  2013.0027           -3.34            1.22
  2013.0055            2.69            1.22
  2013.0082            3.58            1.30
  2013.0110            5.42            1.30
  2013.0137            3.98            1.38
  2013.0165           10.52            1.49
  2013.0192           18.44            1.57
  2013.0220            6.92            1.34
  2013.0247            1.01            1.40
  2013.0273            7.47            1.41
  2013.0302            7.44            1.42
  2013.0328            8.87            1.39
  2013.0356            3.45            1.35
  2013.0383            2.75            1.31
  2013.0411           -2.39            1.42
  2013.0438           11.97            1.46
  2013.0466            0.77            1.61
  2013.0493            2.62            1.34
  2013.0520            1.39            1.34
  2013.0548            3.04            1.28
  2013.0575            1.57            1.35
  2013.0603            5.78            1.44
  2013.0630            3.63            1.53
  2013.0658            9.38            1.47
  2013.0685            5.03            1.38
  2013.0713            4.71            1.28
  2013.0740            4.17            1.30
  2013.0767            2.74            1.58
  2013.0795           11.72            1.32
  2013.0822            1.24            1.35
  2013.0850           -2.15            1.38
  2013.0876            5.29            1.47
  2013.0905           10.50            1.48
  2013.0931            8.24            1.37
  2013.0959            2.72            1.33
  2013.1013            8.14            1.59
  2013.1206            9.72            1.37
  2013.1233            4.71            1.54
  2013.1315            2.48            1.41
  2013.1343            0.42            1.29
  2013.1370            0.56            1.22
  2013.2356           -0.85            1.25
  2013.2384           -0.89            1.19
  2013.2466           -3.75            1.31
  2013.2493           -3.93            1.38
  2013.2548          -18.88            1.33
  2013.2712           -0.74            1.55
  2013.2794           -7.34            1.40
  2013.2822           -4.07            1.28
  2013.2849           -2.44            1.30
  2013.2877           -3.57            1.27
  2013.2904           -3.64            1.25
  2013.2931            2.48            1.23
  2013.2959            1.43            1.26
  2013.2986            1.72            1.25
  2013.3014            2.91            1.27
  2013.3041           -3.21            1.29
  2013.3069           -1.13            1.32
  2013.3096           -1.05            1.30
  2013.3124           -0.59            1.37
  2013.3151           -1.08            1.26
  2013.3177            1.93            1.32
  2013.3206           -3.80            1.31
  2013.3232           -6.86            1.32
  2013.3479           -1.29            1.32
  2013.3562           -4.43            1.32
  2013.3589           -2.47            1.31
  2013.3617            1.91            2.43
  2013.3644           -6.27            1.21
  2013.3671           -5.69            1.24
  2013.3699          -10.19            1.23
  2013.3945           -1.90            1.22
  2013.4000            2.32            1.29
  2013.4027            3.11            1.34
  2013.4055            5.50            1.38
  2013.4082            4.10            1.25
  2013.4110           11.09            1.30
  2013.4137            6.41            1.45
  2013.4164            5.97            1.33
  2013.4192            5.32            1.29
  2013.4219            0.82            1.20
  2013.4247            4.05            1.32
  2013.4274            2.42            1.38
  2013.4302            1.01            1.26
  2013.4329            2.91            1.29
  2013.4357           -5.19            1.22
  2013.4384           -1.12            1.25
  2013.4410            7.10            1.27
  2013.4438            2.79            1.24
  2013.4465            2.11            1.26
  2013.4493            4.26            1.31
