  2010.3835            0.00            1.51
  2010.3864            1.69            0.88
  2010.3890            1.89            0.92
  2010.3917           -1.09            0.89
  2010.3945           -1.00            0.90
  2010.3972           -0.12            0.89
  2010.4000           -0.39            0.88
  2010.4027           -0.20            0.87
  2010.4055           -1.81            1.19
  2010.4164           -1.47            0.84
  2010.4192            1.38            0.87
  2010.4219           -1.52            0.85
  2010.4247           -1.29            0.88
  2010.4274           -3.12            0.85
  2010.4302           -3.41            0.83
  2010.4329           -2.49            0.82
  2010.4357           -2.49            0.80
  2010.4384           -2.57            0.83
  2010.4410           -3.53            0.83
  2010.4438           -4.08            0.88
  2010.4465           -4.58            0.84
  2010.4493           -6.97            0.87
  2010.4520           -8.17            0.99
  2010.4548           -4.34            0.86
  2010.4575           -5.40            0.87
  2010.4603           -5.17            1.03
  2010.4630           -6.52            1.73
  2010.4657           -3.35            1.75
  2010.4685           -6.86            1.14
  2010.4767          -11.68            1.88
  2010.4795           -7.86            1.23
  2010.4822           -8.01            1.12
  2010.4850           -7.25            1.12
  2010.4877          -10.84            0.87
  2010.4904           -9.91            0.88
  2010.4932          -10.02            1.26
  2010.4958           -9.41            1.56
  2010.5013           -9.57            1.47
  2010.5042           -9.87            0.97
  2010.5068          -13.03            1.16
  2010.5096          -11.08            1.51
  2010.5123          -10.96            1.10
  2010.5178          -12.24            1.52
  2010.5205          -11.24            0.96
  2010.5233          -12.14            0.88
  2010.5260          -14.07            1.10
  2010.5288          -12.58            1.05
  2010.5315          -13.29            1.00
  2010.5343          -14.13            0.82
  2010.5370          -13.52            0.86
  2010.5397          -15.36            0.86
  2010.5425          -13.87            0.99
  2010.5452          -14.13            0.98
  2010.5480          -15.52            0.99
  2010.5507          -15.25            1.50
  2010.5535          -15.13            1.15
  2010.5562          -16.34            1.02
  2010.5590          -16.41            1.10
  2010.5616          -14.56            1.60
  2010.5643          -13.92            0.92
  2010.5671          -13.61            1.24
  2010.5698          -16.89            1.37
  2010.5836          -15.75            1.03
  2010.5863          -16.20            0.83
  2010.5890          -14.89            1.00
  2010.5918          -16.25            0.83
  2010.5945          -16.98            2.47
  2010.5973          -17.33            1.43
  2010.6000          -17.32            0.97
  2010.6028          -17.64            1.01
  2010.6055          -17.36            0.82
  2010.6083          -17.73            0.97
  2010.6110          -17.76            1.13
  2010.6136          -17.83            1.41
  2010.6165          -17.92            0.96
  2010.6191          -18.20            0.94
  2010.6219          -17.69            1.42
  2010.6246          -19.42            1.64
  2010.6274          -18.27            1.43
  2010.6301          -20.14            1.09
  2010.6329          -19.10            1.01
  2010.6356          -19.40            1.04
  2010.6383          -19.50            1.17
  2010.6411          -20.98            1.22
  2010.6438          -21.32            1.07
  2010.6466          -20.58            1.17
  2010.6493          -19.96            2.06
  2010.6521          -22.38            2.78
  2010.6548          -21.14            2.18
  2010.6576          -20.10            1.42
  2010.6603          -20.49            0.96
  2010.6630          -21.57            1.13
  2010.6658          -21.59            1.00
  2010.6685          -20.72            1.03
  2010.6713          -20.21            1.11
  2010.6740          -21.78            1.19
  2010.6768          -20.07            1.16
  2010.6794          -19.56            0.98
  2010.6823          -19.46            1.07
  2010.6849          -19.59            1.04
  2010.6876          -20.69            1.12
  2010.6904          -20.20            1.03
  2010.6931          -20.96            1.01
  2010.6959          -21.46            1.07
  2010.7014          -22.28            0.99
  2010.7041          -22.59            1.00
  2010.7069          -21.83            1.15
  2010.7096          -20.44            1.02
  2010.7123          -21.70            1.02
  2010.7151          -24.62            1.18
  2010.7178          -23.63            1.02
  2010.7206          -22.97            1.15
  2010.7233          -22.68            1.31
  2010.7261          -22.79            0.95
  2010.7288          -23.50            1.01
  2010.7316          -23.98            1.06
  2010.7343          -23.42            1.03
  2010.7369          -23.52            0.86
  2010.7397          -25.35            0.86
  2010.7424          -24.06            0.83
  2010.7452          -23.72            0.79
  2010.7479          -24.10            0.82
  2010.7507          -22.28            0.84
  2010.7534          -23.90            0.80
  2010.7561          -24.09            0.87
  2010.7589          -24.30            0.80
  2010.7616          -23.47            0.80
  2010.7644          -24.55            0.81
  2010.7671          -23.97            0.79
  2010.7699          -24.11            0.80
  2010.7726          -23.81            0.78
  2010.7754          -25.45            0.79
  2010.7781          -25.64            0.78
  2010.7808          -26.24            0.82
  2010.7836          -26.66            0.84
  2010.7863          -25.97            0.93
  2010.7891          -25.72            0.82
  2010.7917          -25.87            0.78
  2010.7946          -26.15            0.79
  2010.7972          -26.53            0.80
  2010.8000          -27.58            0.80
  2010.8027          -26.63            0.85
  2010.8054          -26.56            0.81
  2010.8137          -28.23            0.80
  2010.8164          -29.34            0.81
  2010.8192          -28.88            0.85
  2010.8219          -29.02            0.86
  2010.8247          -28.05            1.03
  2010.8274          -30.00            0.90
  2010.8301          -30.21            0.81
  2010.8329          -29.34            0.97
  2010.8356          -29.74            0.83
  2010.8384          -29.35            0.86
  2010.8411          -30.59            0.84
  2010.8439          -29.65            0.98
  2010.8466          -29.85            0.82
  2010.8494          -30.26            0.87
  2010.8521          -32.60            0.90
  2010.8547          -31.82            0.84
  2010.8575          -30.41            0.80
  2010.8602          -30.20            0.95
  2010.8630          -31.64            0.79
  2010.8657          -32.34            0.81
  2010.8685          -31.42            1.07
  2010.8712          -31.23            0.83
  2010.8740          -30.05            0.95
  2010.8767          -31.30            0.86
  2010.8794          -31.24            0.84
  2010.8822          -31.93            0.99
  2010.8849          -32.36            0.87
  2010.8877          -31.89            0.89
  2010.8904          -32.23            0.89
  2010.8932          -32.40            0.86
  2010.8959          -32.27            0.86
  2010.8987          -31.55            1.06
  2010.9014          -32.14            0.82
  2010.9041          -31.74            0.99
  2010.9069          -31.99            0.81
  2010.9095          -30.47            0.95
  2010.9124          -31.19            1.00
  2010.9150          -31.19            0.81
  2010.9178          -30.45            0.81
  2010.9205          -31.29            0.90
  2010.9233          -30.16            0.94
  2010.9260          -30.19            0.92
  2010.9287          -30.61            0.92
  2010.9315          -31.27            0.99
  2010.9342          -30.07            0.94
  2010.9370          -31.55            0.92
  2010.9397          -30.53            0.96
  2010.9425          -32.60            0.79
  2010.9452          -31.00            1.03
  2010.9480          -31.80            1.00
  2010.9507          -31.47            0.92
  2010.9562          -30.25            0.95
  2010.9589          -30.72            0.96
  2010.9644          -30.04            0.91
  2011.0027          -30.91            1.03
  2011.0055          -35.21            1.04
  2011.0082          -52.34            0.90
  2011.0110          -51.47            1.07
  2011.0137          -54.49            1.01
  2011.0165          -54.12            1.03
  2011.0192          -55.52            1.00
  2011.0220          -56.31            1.05
  2011.0247          -57.05            1.09
  2011.0273          -57.35            1.12
  2011.0302          -57.76            1.09
  2011.0328          -57.91            1.03
  2011.0356          -59.35            1.11
  2011.0383          -58.50            0.86
  2011.0411          -60.08            1.11
  2011.0438          -57.54            1.10
  2011.0466          -58.89            1.03
  2011.0493          -59.80            1.15
  2011.0520          -59.32            0.91
  2011.0548          -58.80            1.06
  2011.0575          -58.95            1.07
  2011.0603          -58.36            1.08
  2011.0630          -59.97            1.06
  2011.0658          -59.19            1.12
  2011.0685          -58.65            1.09
  2011.0713          -61.08            1.09
  2011.0740          -60.79            1.18
  2011.0767          -60.39            1.07
  2011.0795          -60.22            1.11
  2011.0822          -61.21            1.13
  2011.0850          -60.35            1.11
  2011.0876          -61.76            1.05
  2011.0905          -61.59            1.08
  2011.0931          -62.41            0.88
  2011.0959          -62.06            1.03
  2011.0986          -62.35            1.06
  2011.1013          -63.79            1.10
  2011.1041          -63.95            1.12
  2011.1068          -64.34            1.18
  2011.1096          -66.03            1.18
  2011.1123          -64.68            1.23
  2011.1151          -63.94            1.19
  2011.1178          -63.63            1.30
  2011.1206          -65.00            1.06
  2011.1233          -65.52            1.09
  2011.1260          -66.08            1.14
  2011.1288          -68.10            1.16
  2011.1315          -65.37            1.18
  2011.1343          -65.19            1.17
  2011.1370          -67.68            1.24
  2011.1398          -65.13            1.24
  2011.1425          -66.25            1.19
  2011.1453          -66.04            1.23
  2011.1479          -66.72            1.16
  2011.1506          -64.86            1.20
  2011.1534          -66.55            1.24
  2011.1561          -66.86            1.14
  2011.1589          -67.18            1.16
  2011.1616          -65.64            1.15
  2011.1644          -67.22            1.19
  2011.1671          -67.93            1.15
  2011.1699          -65.74            1.13
  2011.1726          -67.30            1.23
  2011.1753          -67.45            1.24
  2011.1781          -69.24            1.57
  2011.1808          -68.55            1.14
  2011.1836          -69.14            1.20
  2011.1863          -69.27            1.26
  2011.1891          -67.87            1.45
  2011.1918          -70.18            1.48
  2011.1946          -71.08            1.27
  2011.1973          -70.03            1.22
  2011.2000          -70.59            1.38
  2011.2028          -69.06            1.46
  2011.2054          -72.11            1.31
  2011.2083          -72.36            1.48
  2011.2109          -70.71            1.24
  2011.2137          -72.42            1.22
  2011.2164          -71.19            1.21
  2011.2192          -74.29            1.40
  2011.2219          -71.98            1.24
  2011.2246          -70.98            1.16
  2011.2274          -73.52            1.31
  2011.2301          -71.73            1.44
  2011.2329          -72.85            1.20
  2011.2356          -71.81            1.25
  2011.2384          -70.98            1.23
  2011.2411          -71.98            1.28
  2011.2439          -71.29            1.25
  2011.2466          -71.91            1.55
  2011.2493          -69.96            1.29
  2011.2521          -72.58            1.38
  2011.2548          -71.37            1.29
  2011.2576          -72.54            1.22
  2011.2603          -71.29            1.56
  2011.2631          -72.43            1.36
  2011.3096          -75.86            2.38
  2011.3124          -75.72            0.86
  2011.3151          -74.65            0.84
  2011.3177          -75.32            0.84
  2011.3206          -75.14            0.86
  2011.3232          -72.95            0.93
  2011.3260          -74.23            0.87
  2011.3287          -75.21            0.85
  2011.3315          -75.07            0.84
  2011.3342          -75.83            0.85
  2011.3370          -75.68            0.87
  2011.3397          -74.22            0.89
  2011.3424          -74.37            0.86
  2011.3452          -73.01            0.84
  2011.3479          -75.13            0.87
  2011.3507          -74.56            0.83
  2011.3534          -76.25            0.86
  2011.3562          -76.28            0.93
  2011.3589          -74.35            0.86
  2011.3617          -74.81            0.85
  2011.3644          -75.05            0.81
  2011.3671          -75.48            0.82
  2011.3699          -76.57            0.85
  2011.3726          -77.91            0.88
  2011.3754          -76.72            0.87
  2011.3781          -76.87            0.87
  2011.3809          -78.77            0.94
  2011.3835          -77.92            0.96
  2011.3864          -78.03            0.91
  2011.3890          -78.28            0.86
  2011.3917          -78.66            0.88
  2011.3945          -78.31            0.92
  2011.3972          -78.15            0.83
  2011.4000          -78.19            0.84
  2011.4027          -79.43            0.89
  2011.4055          -78.02            0.83
  2011.4082          -78.77            0.82
  2011.4110          -79.49            0.81
  2011.4137          -79.05            0.82
  2011.4164          -79.65            0.84
  2011.4192          -79.59            0.86
  2011.4219          -78.39            0.84
  2011.4247          -80.02            0.89
  2011.4274          -80.06            0.92
  2011.4302          -81.50            0.91
  2011.4329          -82.90            1.00
  2011.4357          -83.52            0.98
  2011.4384          -80.38            0.87
  2011.4410          -78.40            0.95
  2011.4438          -79.22            0.90
  2011.4465          -83.18            0.90
  2011.4493          -81.84            0.84
  2011.4520          -82.73            0.86
  2011.4548          -80.46            1.05
  2011.4575          -82.54            0.89
  2011.4603          -82.95            0.90
  2011.4630          -84.56            0.95
  2011.4657          -83.51            1.00
  2011.4685          -82.90            0.94
  2011.4712          -81.46            0.89
  2011.4740          -81.79            0.87
  2011.4767          -81.34            0.91
  2011.4795          -82.23            0.87
  2011.4822          -79.41            0.86
  2011.4850          -81.95            0.85
  2011.4877          -82.34            0.86
  2011.4904          -82.98            0.86
  2011.4932          -84.07            0.92
  2011.4958          -82.45            0.88
  2011.4987          -83.59            0.86
  2011.5013          -82.71            0.85
  2011.5042          -80.73            0.91
  2011.5068          -83.25            0.98
  2011.5096          -80.43            1.01
  2011.5123          -82.08            0.94
  2011.5150          -82.36            0.92
  2011.5178          -82.76            0.94
  2011.5205          -82.96            0.91
  2011.5233          -83.23            0.88
  2011.5260          -83.73            0.96
  2011.5315          -84.02            0.89
  2011.5343          -83.47            0.99
  2011.5370          -83.63            1.00
  2011.5397          -83.20            0.98
  2011.5425          -83.10            1.00
  2011.5452          -83.18            0.92
  2011.5480          -84.71            0.92
  2011.5507          -84.75            0.95
  2011.5535          -83.58            0.91
  2011.5562          -81.21            1.20
  2011.5590          -84.07            0.96
  2011.5616          -83.34            0.91
  2011.5643          -84.45            0.95
  2011.5671          -82.40            0.99
  2011.5698          -84.17            0.93
  2011.5726          -83.74            0.94
  2011.5753          -83.54            0.90
  2011.5781          -82.56            0.90
  2011.5808          -82.66            0.90
  2011.5863          -83.58            0.99
  2011.5890          -83.25            0.94
  2011.5918          -84.37            1.04
  2011.5945          -85.34            1.04
  2011.5973          -83.45            1.06
  2011.6000          -83.59            1.05
  2011.6028          -83.21            1.06
  2011.6055          -85.21            1.06
  2011.6083          -84.07            0.95
  2011.6110          -85.50            1.10
  2011.6136          -86.92            1.05
  2011.6165          -85.98            1.03
  2011.6191          -85.52            0.99
  2011.6219          -84.56            0.96
  2011.6246          -87.04            1.12
  2011.6274          -85.34            1.00
  2011.6301          -84.36            1.03
  2011.6329          -85.06            1.00
  2011.6356          -82.53            1.04
  2011.6383          -84.21            0.95
  2011.6411          -84.98            0.93
  2011.6438          -83.95            0.91
  2011.6466          -84.07            0.96
  2011.6493          -83.34            0.94
  2011.6521          -84.91            1.00
  2011.6548          -84.90            1.02
  2011.6576          -83.43            1.01
  2011.6603          -83.17            1.06
  2011.6630          -83.01            1.07
  2011.6658          -82.26            0.91
  2011.6685          -84.12            1.02
  2011.6713          -84.82            0.99
  2011.6740          -84.20            0.99
  2011.6768          -85.04            1.02
  2011.6794          -85.71            0.99
  2011.6823          -85.03            0.99
  2011.6849          -85.18            0.97
  2011.6876          -85.71            1.03
  2011.6904          -86.12            1.05
  2011.6931          -86.56            0.99
  2011.6959          -84.61            1.00
  2011.6986          -85.10            0.97
  2011.7014          -83.80            0.97
  2011.7041          -84.77            1.03
  2011.7069          -83.38            0.97
  2011.7096          -85.43            1.05
  2011.7123          -83.39            0.95
  2011.7151          -84.79            0.93
  2011.7178          -84.18            0.92
  2011.7206          -85.38            0.97
  2011.7233          -84.59            0.97
  2011.7261          -84.15            0.96
  2011.7288          -85.30            0.98
  2011.7316          -85.66            0.99
  2011.7343          -86.43            1.00
  2011.7369          -85.72            0.99
  2011.7397          -87.20            0.99
  2011.7424          -87.17            1.01
  2011.7452          -87.76            0.98
  2011.7479          -85.42            1.04
  2011.7507          -86.40            1.10
  2011.7534          -86.77            0.93
  2011.7561          -87.74            0.96
  2011.7589          -86.57            1.02
  2011.7616          -86.60            1.11
  2011.7644          -86.23            1.03
  2011.7671          -86.83            0.97
  2011.7699          -87.34            0.98
  2011.7726          -90.09            0.94
  2011.7754          -88.32            1.00
  2011.7781          -87.54            1.09
  2011.7808          -89.63            1.04
  2011.7836          -89.44            1.00
  2011.7863          -88.33            1.04
  2011.7891          -88.47            1.03
  2011.7917          -87.73            1.07
  2011.7946          -87.71            0.95
  2011.7972          -87.14            0.95
  2011.8000          -87.75            1.02
  2011.8027          -87.43            1.05
  2011.8054          -87.04            1.00
  2011.8082          -89.31            0.98
  2011.8109          -86.87            0.98
  2011.8137          -89.54            1.67
  2011.8164          -87.38            1.16
  2011.8192          -88.07            0.98
  2011.8219          -88.09            0.97
  2011.8247          -87.81            1.00
  2011.8274          -87.46            0.98
  2011.8301          -88.55            0.97
  2011.8329          -88.83            0.97
  2011.8356          -91.19            1.02
  2011.8384          -89.89            1.02
  2011.8411          -89.28            1.01
  2011.8439          -88.48            1.00
  2011.8466          -89.80            1.03
  2011.8494          -89.55            1.02
  2011.8521          -90.03            1.02
  2011.8547          -89.74            1.14
  2011.8575          -91.99            1.13
  2011.8602          -90.42            1.07
  2011.8630          -89.84            1.03
  2011.8657          -89.19            1.06
  2011.8685          -90.21            1.04
  2011.8712          -88.81            1.09
  2011.8740          -88.56            1.11
  2011.8767          -89.29            1.11
  2011.8794          -90.16            1.06
  2011.8822          -92.10            1.09
  2011.8849          -90.82            1.04
  2011.8877          -91.23            1.07
  2011.8904          -90.52            1.08
  2011.8932          -90.70            1.03
  2011.8959          -92.05            1.06
  2011.8987          -89.42            0.99
  2011.9014          -92.14            0.99
  2011.9041          -91.80            0.96
  2011.9069          -93.53            1.01
  2011.9095          -90.52            1.05
  2011.9124          -92.93            1.06
  2011.9150          -91.39            1.03
  2011.9178          -92.56            1.07
  2011.9205          -91.82            1.04
  2011.9233          -89.74            1.02
  2011.9260          -92.80            1.06
  2011.9287          -92.88            1.15
  2011.9315          -91.96            1.12
  2011.9342          -93.35            1.10
  2011.9370          -91.82            1.14
  2011.9397          -92.17            1.08
  2011.9425          -91.92            1.08
  2011.9452          -91.95            1.05
  2011.9480          -90.85            1.11
  2011.9507          -91.42            1.01
  2011.9534          -91.68            1.06
  2011.9562          -91.88            1.07
  2011.9589          -91.44            1.06
  2011.9617          -91.53            1.03
  2011.9644          -92.33            1.05
  2011.9672          -93.78            1.04
  2011.9698          -93.65            1.04
  2011.9727          -94.26            1.04
  2011.9753          -94.61            1.04
  2011.9780          -94.12            0.98
  2011.9808          -94.35            1.00
  2011.9835          -91.65            0.93
  2011.9863          -92.55            0.97
  2011.9890          -91.06            0.96
  2011.9918          -91.52            1.01
  2011.9945          -93.74            0.96
  2011.9973          -92.30            0.97
  2012.0000          -93.54            0.96
  2012.0027          -91.35            0.97
  2012.0055          -92.78            1.03
  2012.0082          -91.80            0.97
  2012.0110          -90.44            1.00
  2012.0137          -90.51            1.04
  2012.0165          -93.45            1.03
  2012.0192          -93.11            1.00
  2012.0220          -95.61            1.08
  2012.0247          -96.09            1.22
  2012.0273          -93.91            1.24
  2012.0302          -91.98            1.10
  2012.0328          -95.27            1.04
  2012.0356          -94.13            0.96
  2012.0383          -93.43            0.97
  2012.0411          -94.09            1.15
  2012.0438          -93.44            0.97
  2012.0466          -93.17            1.10
  2012.0493          -95.36            1.12
  2012.0520          -93.99            1.02
  2012.0548          -90.11            1.15
  2012.0603          -96.09            1.12
  2012.0630          -98.69            1.16
  2012.0658          -94.32            1.10
  2012.0685          -95.08            1.40
  2012.0713          -94.58            1.43
  2012.0740          -96.75            1.26
  2012.0767          -94.90            1.45
  2012.0795          -94.06            1.18
  2012.0822          -97.68            1.16
  2012.0850          -94.72            1.09
  2012.0876          -94.34            1.08
  2012.0905          -95.33            1.11
  2012.0931          -95.32            1.03
  2012.0959          -94.55            1.09
  2012.0986          -95.43            1.04
  2012.1013          -94.65            1.10
  2012.1041          -95.29            1.14
  2012.1068          -94.62            1.02
  2012.1096          -94.18            1.00
  2012.1123          -96.39            0.98
  2012.1151          -95.43            1.07
  2012.1178          -96.14            1.16
  2012.1206          -96.98            1.17
  2012.1233          -96.87            1.08
  2012.1260          -94.97            1.06
  2012.1288          -96.96            1.10
  2012.1315         -101.20            1.13
  2012.1343          -95.50            1.12
  2012.1370          -96.92            1.12
  2012.1398          -95.57            1.04
  2012.1425          -97.30            0.98
  2012.1453          -95.67            0.99
  2012.1479          -95.77            0.96
  2012.1506          -96.79            0.97
  2012.1534          -96.84            1.04
  2012.1561          -97.59            1.03
  2012.1589          -95.63            1.06
  2012.1616          -96.61            1.02
  2012.1644          -95.60            0.99
  2012.1671          -97.25            1.03
  2012.1699          -97.19            0.95
  2012.1726          -95.51            1.03
  2012.1753          -99.48            1.01
  2012.1781          -96.37            1.10
  2012.1808          -95.94            0.99
  2012.1836          -95.10            1.11
  2012.1863          -96.36            0.94
  2012.1891          -97.59            0.97
  2012.1918          -95.15            1.02
  2012.1946          -97.21            1.06
  2012.1973          -96.14            1.05
  2012.2000          -96.85            1.04
  2012.2028          -98.30            1.04
  2012.2054          -96.93            0.97
  2012.2083          -97.36            0.97
  2012.2109          -95.78            1.05
  2012.2137          -97.58            0.95
  2012.2164          -97.81            1.01
  2012.2192          -94.78            0.93
  2012.2219          -95.58            0.97
  2012.2246          -97.30            0.92
  2012.2274          -95.76            0.91
  2012.2301          -96.93            0.95
  2012.2329          -95.67            0.94
  2012.2356          -95.74            0.96
  2012.2384          -96.53            0.91
  2012.2411          -95.66            0.92
  2012.2439          -96.68            0.94
  2012.2466          -97.05            0.89
  2012.2493          -97.39            1.00
  2012.2521          -97.48            0.96
  2012.2548          -98.21            0.95
  2012.2576          -96.82            0.93
  2012.2603          -97.91            1.04
  2012.2631          -98.17            0.99
  2012.2657          -98.16            0.90
  2012.2684          -98.49            0.93
  2012.2712          -97.02            0.98
  2012.2739          -96.50            0.98
  2012.2767          -96.59            0.95
  2012.2794          -96.27            0.93
  2012.2822          -97.35            0.92
  2012.2849          -95.76            1.04
  2012.2877          -95.74            0.98
  2012.2904          -96.45            1.01
  2012.2931          -96.69            0.95
  2012.2959          -97.10            0.94
  2012.2986          -99.36            1.02
  2012.3014          -98.71            0.90
  2012.3041          -98.12            0.91
  2012.3069          -97.58            0.97
  2012.3124          -98.24            0.88
  2012.3151          -95.52            0.98
  2012.3206          -98.14            0.89
  2012.3232          -98.12            0.88
  2012.3287          -98.11            0.85
  2012.3315          -98.26            0.90
  2012.3342          -98.67            0.86
  2012.3370          -98.85            0.90
  2012.3397          -97.87            0.87
  2012.3424          -98.17            0.83
  2012.3452          -97.95            0.86
  2012.3479          -98.36            0.99
  2012.3507          -98.88            0.90
  2012.3534          -97.91            0.91
  2012.3562          -97.78            0.94
  2012.3589          -98.10            1.06
  2012.3617          -98.03            1.47
  2012.3671         -100.07            1.08
  2012.3726          -99.15            1.21
  2012.3781          -99.14            1.16
  2012.3809          -99.95            1.22
  2012.3835          -99.52            1.47
  2012.3864          -98.98            1.32
  2012.3890          -98.30            1.15
  2012.3917          -98.25            1.25
  2012.3945         -100.13            1.33
  2012.3972          -98.85            1.20
  2012.4000          -99.78            1.33
  2012.4027          -98.79            2.68
  2012.4055         -104.05            1.50
  2012.4110         -101.73            1.33
  2012.4137         -101.36            1.27
  2012.4164         -102.37            1.26
  2012.4192         -104.66            3.18
  2012.4219         -101.84            1.64
  2012.4247         -101.61            1.50
  2012.4274          -99.86            1.45
  2012.4302          -99.94            1.48
  2012.4329          -99.99            1.39
  2012.4357         -100.00            1.30
  2012.4384         -100.09            0.84
  2012.4410         -101.08            0.97
  2012.4438         -101.16            0.85
  2012.4465         -100.94            0.94
  2012.4493         -101.36            0.96
  2012.4520         -102.26            1.00
  2012.4548         -101.11            1.34
  2012.4575          -99.94            0.93
  2012.4603         -101.12            1.40
  2012.4630          -99.22            1.59
  2012.4657         -102.17            1.20
  2012.4685         -101.09            1.10
  2012.4712         -102.71            1.09
  2012.4740         -101.90            1.04
  2012.4767         -102.87            1.24
  2012.4795         -100.65            1.42
  2012.4822         -100.79            1.22
  2012.4850          -99.90            0.87
  2012.4877         -101.19            0.87
  2012.4904         -100.87            1.08
  2012.4932          -99.47            1.47
  2012.4958         -100.07            0.93
  2012.4987         -100.06            1.17
  2012.5013         -100.29            1.56
  2012.5042         -100.60            1.13
  2012.5068         -100.26            1.38
  2012.5096         -100.37            1.26
  2012.5123          -99.76            1.60
  2012.5150          -99.42            1.65
  2012.5178          -99.42            1.60
  2012.5205         -100.76            1.44
  2012.5233          -99.78            0.94
  2012.5260          -99.80            0.88
  2012.5288          -99.74            0.91
  2012.5315         -100.35            0.89
  2012.5343          -99.75            0.87
  2012.5370          -99.42            0.84
  2012.5397          -99.50            0.85
  2012.5425          -98.73            0.88
  2012.5452          -98.98            0.91
  2012.5480          -98.90            0.93
  2012.5507          -99.60            0.99
  2012.5535         -101.18            0.90
  2012.5562         -101.31            0.88
  2012.5590          -99.63            0.90
  2012.5616         -100.71            0.89
  2012.5643          -99.00            0.92
  2012.5671         -100.03            0.88
  2012.5698          -99.74            0.85
  2012.5726          -99.83            0.90
  2012.5753         -100.59            0.87
  2012.5781          -98.51            1.02
  2012.5808          -97.93            0.99
  2012.5836          -99.53            0.87
  2012.5863          -98.85            0.95
  2012.5890         -100.66            0.94
  2012.5918          -98.85            0.90
  2012.5945          -99.31            0.87
  2012.5973          -98.40            1.35
  2012.6000         -100.26            0.89
  2012.6028          -98.34            0.92
  2012.6055          -98.14            0.90
  2012.6083          -98.37            0.92
  2012.6110          -97.99            0.85
  2012.6136          -98.05            1.02
  2012.6165          -97.63            0.95
  2012.6191          -97.93            0.94
  2012.6219          -98.99            0.98
  2012.6246          -99.99            1.03
  2012.6274         -100.27            1.10
  2012.6301          -98.04            1.55
  2012.6329          -98.07            1.25
  2012.6356          -97.82            1.84
  2012.6383          -99.57            1.28
  2012.6411         -100.61            1.14
  2012.6438          -98.88            1.82
  2012.6466          -98.40            1.40
  2012.6493          -98.47            0.94
  2012.6521          -97.63            0.94
  2012.6548          -98.90            0.96
  2012.6576          -99.00            0.97
  2012.6603          -99.27            0.92
  2012.6630         -101.36            1.00
  2012.6658         -100.11            0.95
  2012.6685         -100.44            0.94
  2012.6713         -100.57            0.92
  2012.6740          -99.09            0.98
  2012.6768         -100.07            0.98
  2012.6794         -100.23            0.94
  2012.6823          -99.10            1.00
  2012.6849          -99.37            1.03
  2012.6876         -100.53            0.99
  2012.6904          -99.59            1.10
  2012.6931          -99.03            1.11
  2012.6959          -99.01            1.10
  2012.6986         -100.19            1.18
  2012.7014          -99.41            1.19
  2012.7041          -99.76            1.28
  2012.7069         -100.69            1.04
  2012.7096         -100.70            1.02
  2012.7123         -100.50            1.18
  2012.7151         -100.56            1.03
  2012.7178         -100.35            1.14
  2012.7206          -99.90            0.94
  2012.7233         -101.52            1.12
  2012.7261         -100.74            1.01
  2012.7288          -99.66            1.04
  2012.7316         -102.28            1.05
  2012.7343         -100.75            1.17
  2012.7369          -99.04            1.22
  2012.7397         -101.52            1.16
  2012.7424         -101.65            0.91
  2012.7452         -101.09            0.96
  2012.7479         -101.69            1.10
  2012.7507         -101.12            1.06
  2012.7534         -101.38            1.28
  2012.7561         -100.71            1.18
  2012.7589         -101.76            1.14
  2012.7616         -102.40            1.03
  2012.7644         -101.70            1.09
  2012.7671         -100.50            1.04
  2012.7699         -101.90            1.21
  2012.7726         -101.92            1.16
  2012.7754         -102.21            1.36
  2012.7781         -102.64            1.06
  2012.7808         -101.41            1.01
  2012.7836         -102.52            1.05
  2012.7863         -102.43            0.94
  2012.7891         -101.89            1.09
  2012.7917         -102.52            1.18
  2012.7946         -101.44            1.23
  2012.7972         -102.73            1.17
  2012.8000         -101.49            1.08
  2012.8027         -100.11            1.08
  2012.8054         -100.01            1.21
  2012.8082         -101.34            1.19
  2012.8109         -102.39            1.17
  2012.8137         -103.06            1.12
  2012.8164         -102.39            1.01
  2012.8192         -102.00            1.14
  2012.8219         -103.84            1.26
  2012.8247         -100.65            1.21
  2012.8274         -101.44            1.15
  2012.8301         -100.23            1.31
  2012.8329         -101.62            1.17
  2012.8356         -101.97            1.10
  2012.8384         -100.92            1.00
  2012.8411         -100.42            0.97
  2012.8439         -100.44            1.14
  2012.8466         -102.45            1.11
  2012.8494         -101.37            1.04
  2012.8521         -102.76            1.13
  2012.8547         -103.06            1.16
  2012.8575         -101.41            1.09
  2012.8602         -103.36            1.23
  2012.8630         -102.68            1.13
  2012.8657         -102.57            1.12
  2012.8685         -100.86            1.15
  2012.8712         -102.15            0.98
  2012.8740         -101.39            1.11
  2012.8767         -101.47            0.98
  2012.8794         -101.67            1.13
  2012.8822         -100.50            1.12
  2012.8849         -102.01            1.13
  2012.8877         -101.53            0.99
  2012.8904         -100.92            1.02
  2012.8932         -101.65            1.12
  2012.8959         -107.12            1.16
  2012.8987         -101.79            1.13
  2012.9014         -101.15            1.09
  2012.9041         -101.59            4.04
  2012.9069         -100.70            1.10
  2012.9095         -102.46            1.06
  2012.9124         -101.48            1.05
  2012.9150         -102.99            1.30
  2012.9178         -104.24            1.15
  2012.9205         -104.14            1.14
  2012.9233         -102.83            1.76
  2012.9260         -102.62            1.24
  2012.9287         -103.29            1.18
  2012.9315         -103.94            1.16
  2012.9342         -104.27            1.96
  2012.9370         -103.68            1.46
  2012.9397         -102.15            1.34
  2012.9425         -102.73            1.06
  2012.9452         -103.29            1.13
  2012.9480         -102.12            1.10
  2012.9507         -103.45            1.16
  2012.9534         -103.12            1.12
  2012.9562          -99.86            1.11
  2012.9589         -101.04            1.13
  2012.9617          -95.40            1.56
  2012.9644         -102.18            1.15
  2012.9672         -100.50            1.83
  2012.9698         -102.94            1.56
  2012.9727         -103.96            1.47
  2013.0027         -102.78            0.88
  2013.0055         -102.17            0.89
  2013.0082         -102.74            0.96
  2013.0110         -103.22            0.97
  2013.0137         -103.33            1.03
  2013.0165         -101.52            1.07
  2013.0192         -102.39            1.29
  2013.0220         -102.75            0.96
  2013.0247         -102.62            1.02
  2013.0273         -102.88            0.96
  2013.0302         -100.69            1.04
  2013.0328         -103.85            1.01
  2013.0356         -102.22            1.05
  2013.0383         -103.92            0.94
  2013.0411         -104.40            0.99
  2013.0438         -102.63            1.07
  2013.0466         -103.17            1.20
  2013.0493         -103.68            0.98
  2013.0520         -103.72            0.94
  2013.0548         -103.72            0.97
  2013.0575         -103.94            1.07
  2013.0603         -104.45            1.06
  2013.0630         -104.67            1.02
  2013.0658         -103.82            1.05
  2013.0685         -103.86            1.03
  2013.0713         -105.29            0.95
  2013.0740         -104.35            0.98
  2013.0767         -104.96            0.99
  2013.0795         -104.31            0.98
  2013.0822         -104.36            0.94
  2013.0850         -105.77            1.12
  2013.0876         -105.45            1.09
  2013.0905         -103.55            1.04
  2013.0931         -104.12            0.98
  2013.0959         -103.49            1.01
  2013.0986         -104.44            1.04
  2013.1013         -103.73            1.21
  2013.1041         -105.80            1.03
  2013.1068         -102.99            1.01
  2013.1096         -106.40            1.01
  2013.1123         -105.41            1.10
  2013.1151         -104.52            1.07
  2013.1178         -106.15            1.02
  2013.1206         -105.54            0.98
  2013.1233         -106.41            1.06
  2013.1260         -105.12            1.05
  2013.1288         -109.21            1.17
  2013.1315         -103.07            1.05
  2013.1343         -105.03            0.95
  2013.1370         -104.04            0.88
  2013.1398         -104.32            0.96
  2013.1425         -105.02            1.06
  2013.1453         -104.13            0.95
  2013.1479         -105.43            0.98
  2013.1506         -105.78            0.92
  2013.1534         -105.46            0.90
  2013.1561         -103.69            0.92
  2013.1589         -106.39            0.92
  2013.1616         -106.03            0.94
  2013.1644         -106.31            0.96
  2013.1671         -105.69            0.94
  2013.1699         -104.84            0.89
  2013.1726         -104.55            0.90
  2013.1753         -106.50            1.01
  2013.1781         -104.13            1.02
  2013.1808         -104.23            1.00
  2013.1863         -110.91            1.05
  2013.1918         -106.78            1.08
  2013.2000         -104.89            0.88
  2013.2028         -105.78            0.92
  2013.2054         -105.82            1.04
  2013.2083         -104.49            0.96
  2013.2109         -105.68            0.88
  2013.2164         -106.13            1.09
  2013.2192         -106.05            0.90
  2013.2219         -104.91            1.03
  2013.2246         -104.76            1.06
  2013.2274         -104.61            1.27
  2013.2301         -105.44            1.46
  2013.2329         -104.40            1.18
  2013.2356         -104.53            1.03
  2013.2384         -104.73            1.04
  2013.2411         -104.83            1.29
  2013.2439         -106.62            1.29
  2013.2466         -106.20            1.26
  2013.2493         -101.53            1.50
  2013.2548         -107.45            1.40
  2013.2576         -106.78            1.50
  2013.2603         -105.36            1.72
  2013.2631         -106.00            1.49
  2013.2657         -104.60            2.80
  2013.2684         -107.32            1.44
  2013.2712         -108.52            2.14
  2013.2794         -103.72            1.41
  2013.2822         -104.41            1.32
  2013.2849         -106.32            1.39
  2013.2877         -106.11            1.37
  2013.2904         -106.37            1.44
  2013.2931         -106.46            1.40
  2013.2959         -107.60            1.35
  2013.2986         -107.03            1.50
  2013.3014         -106.61            1.40
  2013.3041         -105.84            2.09
  2013.3069         -106.98            1.39
  2013.3096         -107.48            1.47
  2013.3124         -106.43            1.56
  2013.3151         -107.62            1.47
  2013.3177         -107.60            1.53
  2013.3206         -107.69            1.50
  2013.3232         -107.01            1.64
  2013.3287         -107.15            1.34
  2013.3315         -107.95            1.62
  2013.3342         -108.33            1.65
  2013.3370         -109.65            1.79
  2013.3424         -109.08            1.40
  2013.3452         -105.90            1.60
  2013.3479         -108.43            1.60
  2013.3617         -108.64            3.24
  2013.3699         -109.18            1.40
  2013.3754         -110.21            1.55
  2013.3809         -108.95            2.30
  2013.3835          -95.50            5.14
  2013.3890         -110.12            1.34
  2013.3945         -108.23            1.42
  2013.4055         -112.09            2.40
  2013.4110         -109.77            2.02
  2013.4274         -107.79            1.48
  2013.4384         -108.73            2.02
  2013.4548         -108.19            2.99
  2013.4603         -109.51            2.55
  2013.4630         -107.46            1.76
  2013.4657         -107.94            1.96
  2013.4685         -106.32            2.28
  2013.4767         -100.56            2.92
  2013.4795          -99.05            2.08
  2013.4822          -90.26            7.23
  2013.4850         -108.90            2.21
  2013.4877         -108.46            3.10
  2013.4904         -106.86            2.74
  2013.4932         -104.99            2.10
  2013.4958         -106.80            2.57
  2013.5042         -107.43            1.86
  2013.5068         -105.98            1.72
  2013.5096         -104.11            2.72
  2013.5123         -107.05            2.97
  2013.5150         -105.55            1.51
  2013.5233         -101.99            2.91
  2013.5260         -106.44            2.13
  2013.5288         -104.17            2.26
  2013.5315         -105.95            2.76
  2013.5370         -104.99            1.89
  2013.5397         -104.05            3.25
  2013.5452         -104.60            1.76
  2013.5480         -105.24            2.10
  2013.5507         -102.98            2.34
  2013.5535         -103.03            2.08
  2013.5562         -105.37            1.91
  2013.5590         -106.58            2.21
  2013.5616         -105.40            2.31
  2013.5643         -105.84            2.71
  2013.5671         -104.89            1.63
  2013.5698         -105.75            0.82
  2013.5726         -105.73            0.81
  2013.5753         -105.47            0.82
  2013.5781         -104.62            0.86
  2013.5808         -105.16            0.85
  2013.5836         -104.48            0.79
  2013.5863         -105.15            0.82
  2013.5890         -104.38            0.89
  2013.5918         -106.26            0.92
  2013.5945         -103.65            0.88
  2013.5973         -105.49            0.89
  2013.6000         -106.50            0.98
  2013.6028         -104.97            0.86
  2013.6055         -104.00            0.82
  2013.6083         -105.55            0.85
  2013.6110         -106.75            0.88
  2013.6136         -107.37            0.90
  2013.6165         -105.83            0.83
  2013.6191         -105.27            0.82
  2013.6219         -105.55            0.88
  2013.6246         -105.80            0.84
  2013.6274         -105.73            0.81
  2013.6301         -105.76            0.84
  2013.6329         -106.24            0.87
  2013.6356         -105.91            0.84
  2013.6383         -105.17            0.88
  2013.6411         -105.96            0.81
  2013.6438         -106.69            0.84
  2013.6466         -106.42            0.86
  2013.6493         -105.70            0.86
  2013.6521         -105.68            0.84
  2013.6548         -106.95            0.85
  2013.6576         -105.70            0.84
  2013.6603         -105.86            0.83
  2013.6630         -106.38            0.85
  2013.6658         -107.68            0.93
  2013.6685         -106.27            0.87
  2013.6713         -105.74            0.89
  2013.6740         -105.51            0.90
  2013.6768         -107.22            1.08
  2013.6794         -106.76            0.98
  2013.6823         -107.18            0.99
  2013.6849         -107.92            1.05
  2013.6876         -109.55            1.01
  2013.6904         -107.37            0.99
  2013.6931         -109.07            0.98
  2013.6959         -108.42            0.99
  2013.6986         -107.31            0.97
  2013.7014         -107.23            0.91
  2013.7041         -107.44            0.98
  2013.7069         -106.94            0.95
  2013.7096         -105.60            0.94
  2013.7123         -106.30            0.92
  2013.7151         -107.13            0.92
  2013.7178         -107.10            0.97
  2013.7206         -107.37            0.98
  2013.7233         -107.09            1.00
  2013.7261         -107.70            0.97
  2013.7288         -108.41            1.00
  2013.7316         -106.92            0.89
  2013.7343         -108.04            0.90
  2013.7369         -107.49            1.09
  2013.7397         -107.75            0.97
  2013.7424         -106.87            0.97
  2013.7561         -107.38            0.93
  2013.7589         -106.94            0.98
  2013.7616         -107.82            1.06
  2013.7644         -105.72            0.95
  2013.7671         -105.17            1.14
  2013.7699         -106.15            1.00
  2013.7726         -106.53            0.96
  2013.7754         -106.12            1.07
  2013.7781         -104.21            1.11
  2013.7808         -106.52            1.03
  2013.7836         -105.67            1.04
  2013.7863         -105.93            1.07
  2013.7891         -105.85            0.99
  2013.7917         -104.11            1.08
  2013.7972         -106.50            1.01
  2013.8000         -106.41            1.09
  2013.8027         -105.93            1.17
  2013.8054         -104.51            1.05
  2013.8082         -105.82            1.09
  2013.8109         -105.60            0.95
  2013.8137         -108.84            2.32
  2013.8164         -104.74            1.06
  2013.8219         -104.28            0.93
  2013.8247         -106.16            0.92
  2013.8274         -106.82            1.00
  2013.8301         -106.16            0.98
  2013.8356         -105.94            1.04
  2013.8411         -105.69            0.87
  2013.8439         -105.91            0.91
  2013.8466         -106.48            0.91
  2013.8494         -106.32            1.01
  2013.8521         -107.23            0.95
  2013.8547         -107.68            1.02
  2013.8575         -106.72            1.04
  2013.8602         -107.54            1.03
  2013.8630         -107.53            1.01
  2013.8657         -105.86            1.05
  2013.8685         -109.60            1.03
  2013.8712         -106.14            1.02
  2013.8740         -105.51            1.05
  2013.8767         -106.32            0.92
  2013.8794         -107.57            0.98
  2013.8849         -108.22            1.00
  2013.8877         -106.51            1.07
  2013.8932         -104.79            1.04
  2013.8959         -108.36            1.07
  2013.8987         -108.20            1.08
  2013.9014         -107.31            1.04
  2013.9041         -106.21            1.00
  2013.9069         -106.94            1.97
  2013.9124         -109.35            1.00
  2013.9150         -107.37            1.02
  2013.9205         -103.60            1.03
  2013.9233         -105.91            1.17
  2013.9260         -108.94            1.01
  2013.9287         -108.76            0.98
  2013.9315         -107.79            1.06
  2013.9342         -109.44            1.03
  2013.9370         -103.92            1.11
  2013.9397         -105.73            1.09
  2013.9452         -105.47            1.10
  2013.9480         -104.84            1.07
  2013.9507         -107.26            1.04
  2013.9534         -108.51            1.10
  2013.9562         -107.71            1.03
  2013.9617         -106.94            1.09
  2013.9644         -109.70            1.12
  2013.9672         -108.79            1.04
  2013.9698         -109.86            1.06
  2013.9727         -107.12            1.08
  2013.9753         -108.23            1.06
  2013.9780         -107.99            1.07
  2013.9808         -108.68            1.03
  2013.9835         -109.60            1.12
  2013.9863         -108.22            1.12
  2013.9890         -106.76            1.18
  2013.9918         -110.13            1.06
  2013.9945         -108.80            1.18
  2013.9973         -111.75            1.12
  2014.0000         -111.58            1.16
  2014.0027         -108.97            1.07
  2014.0055         -107.82            1.13
  2014.0082         -109.84            1.01
  2014.0137         -109.77            0.98
  2014.0165         -109.67            1.02
  2014.0192         -106.86            1.04
  2014.0220         -109.17            1.03
  2014.0247         -109.36            1.05
  2014.0273         -109.04            1.07
  2014.0302         -109.71            1.02
  2014.0328         -107.69            1.06
  2014.0356         -109.72            1.01
  2014.0383         -111.24            1.11
  2014.0411         -110.60            1.03
  2014.0493         -110.28            1.04
  2014.0548         -111.18            1.02
  2014.0575         -110.70            1.09
  2014.0630         -111.37            1.13
  2014.0685         -109.01            1.03
  2014.0713         -109.00            1.01
  2014.0740         -110.47            1.03
  2014.0767         -108.95            1.11
  2014.0822         -108.30            1.10
  2014.0850         -109.41            1.10
  2014.0905         -113.36            1.05
  2014.0931         -111.04            1.13
  2014.0959         -110.21            1.10
  2014.0986         -111.40            1.14
  2014.1013         -110.09            1.05
  2014.1068         -109.37            1.05
  2014.1096         -110.36            1.09
  2014.1151         -108.04            1.07
  2014.1178         -110.51            1.07
  2014.1206         -109.30            1.03
  2014.1233         -114.77            1.12
  2014.1260         -108.30            1.03
  2014.1288         -108.45            1.02
  2014.1315         -107.89            1.08
  2014.1343         -109.00            1.05
  2014.1370         -110.89            1.12
  2014.1398         -109.18            1.13
  2014.1425         -107.65            1.16
  2014.1453         -108.73            1.14
  2014.1534         -108.00            1.08
  2014.1561         -106.78            1.07
  2014.1589         -108.12            1.08
  2014.1616         -107.32            1.02
  2014.1671         -107.95            1.08
  2014.1699         -107.35            1.20
  2014.1726         -111.38            1.11
  2014.1753         -107.55            1.08
  2014.1781         -106.43            1.09
  2014.1808         -107.99            1.04
  2014.1836         -107.67            1.11
  2014.1863         -108.04            1.17
  2014.1891         -110.97            1.09
  2014.1918         -110.32            1.03
  2014.1946         -109.95            1.05
  2014.1973         -108.27            1.05
  2014.2000         -110.08            1.09
  2014.2028         -110.78            1.11
  2014.2054         -100.97            1.14
  2014.2137         -110.37            1.08
  2014.2164         -109.44            1.17
  2014.2192         -107.71            1.09
  2014.2246         -109.66            1.00
  2014.2274         -109.19            1.09
  2014.2301         -109.48            1.09
  2014.2329         -108.40            1.03
  2014.2439         -112.54            1.13
  2014.2493         -110.01            1.00
  2014.2521         -110.62            0.99
  2014.2548         -110.03            1.04
  2014.2576         -110.04            1.01
  2014.2603         -108.46            1.05
  2014.2631         -111.47            1.00
  2014.2657         -110.52            1.07
  2014.2684         -109.99            1.13
  2014.2712         -111.39            1.06
  2014.2739         -111.10            1.04
  2014.2767         -110.01            1.06
  2014.2794         -110.01            1.03
  2014.2822         -110.72            0.94
  2014.2849         -111.25            0.95
  2014.2877         -110.45            1.01
  2014.2904         -111.65            1.00
  2014.2931         -111.83            0.97
  2014.2959         -110.13            0.95
  2014.2986         -110.03            0.95
  2014.3014         -109.91            0.94
  2014.3041         -109.61            1.00
  2014.3069         -110.76            0.95
  2014.3096         -111.45            0.94
  2014.3124         -109.82            0.94
  2014.3151         -109.52            0.92
  2014.3177         -110.00            0.92
  2014.3206         -111.00            0.96
  2014.3232         -111.00            0.89
  2014.3260         -110.83            0.94
  2014.3287         -111.81            0.99
  2014.3315         -111.59            0.99
  2014.3342         -110.15            0.98
  2014.3370         -110.53            1.02
  2014.3397         -110.88            1.02
  2014.3424         -110.21            0.99
  2014.3452         -109.56            0.99
  2014.3479         -108.83            0.92
  2014.3507         -109.36            0.93
  2014.3534         -109.77            0.93
  2014.3562         -109.18            0.99
  2014.3589         -110.18            0.93
  2014.3617         -111.64            0.95
  2014.3644         -110.13            0.95
  2014.3671         -109.99            1.02
  2014.3699         -109.41            0.96
  2014.3726         -110.04            0.98
  2014.3754         -108.45            0.96
  2014.3781         -107.46            0.99
  2014.3809         -107.85            0.91
  2014.3835         -108.67            0.94
  2014.3864         -108.71            1.03
  2014.3890         -108.00            0.99
  2014.3917         -109.52            0.98
  2014.3945         -108.53            0.95
  2014.3972         -110.81            0.95
  2014.4000         -109.95            0.95
  2014.4027         -109.79            0.91
  2014.4055         -107.00            0.99
  2014.4082         -112.08            1.01
  2014.4110         -110.61            0.94
  2014.4137         -110.69            0.95
  2014.4164         -108.35            0.93
  2014.4192         -109.00            0.95
  2014.4219         -110.37            0.94
  2014.4247         -110.97            2.04
  2014.4384         -110.00            3.19
  2014.4410         -110.60            0.95
  2014.4438         -111.79            1.02
  2014.4465         -110.66            1.02
  2014.4493         -109.75            0.94
  2014.4520         -108.84            0.98
  2014.4548         -108.59            0.97
  2014.4575         -108.36            0.93
  2014.4603         -107.07            0.91
  2014.4630         -107.53            0.87
  2014.4657         -108.03            0.87
  2014.4685         -108.95            0.89
  2014.4712         -109.78            0.91
  2014.4740         -109.40            0.90
