  2007.1863            0.00            1.85
  2007.1891           -4.35            1.87
  2007.1918           -4.43            1.90
  2007.1946           -5.17            1.95
  2007.1973           -2.44            2.02
  2007.2000           -5.14            1.90
  2007.2028           -9.58            1.81
  2007.2054           -5.47            1.79
  2007.2083           -7.40            1.80
  2007.2109           -8.47            4.50
  2007.2137           -6.75            1.87
  2007.2164           -6.02            1.82
  2007.2192           -5.38            1.87
  2007.2219           -9.07            1.91
  2007.2246          -10.50            1.79
  2007.2274           -6.41            1.82
  2007.2301          -10.36            1.95
  2007.2329          -10.09            1.84
  2007.2356           -7.24            1.81
  2007.2384          -10.04            1.97
  2007.2411           -8.25            1.86
  2007.2439          -11.89            2.01
  2007.2466          -11.87            1.85
  2007.2493           -7.28            2.03
  2007.2521          -62.54            1.90
  2007.2548          -59.04            1.79
  2007.2576          -68.33            1.87
  2007.2603          -67.33            1.94
  2007.2631          -71.92            1.90
  2007.2657          -69.50            1.78
  2007.2684          -67.84            1.77
  2007.2712          -70.31            1.87
  2007.2739          -74.98            1.92
  2007.2767          -74.79            1.83
  2007.2794          -72.22            1.73
  2007.2822          -77.25            1.74
  2007.2849          -71.54            1.72
  2007.2877          -73.10            1.84
  2007.2904          -72.75            1.84
  2007.2931          -76.24            1.85
  2007.2959          -74.72            1.78
  2007.2986          -79.34            1.91
  2007.3014          -80.81            1.71
  2007.3041          -73.37            2.15
  2007.3069         -157.36            1.73
  2007.3096         -159.65            1.77
  2007.3124         -160.11            1.74
  2007.3151         -156.35            1.77
  2007.3177         -157.59            1.67
  2007.3206         -159.51            1.72
  2007.3232         -157.02            1.69
  2007.3260         -161.24            1.66
  2007.3287         -162.58            1.77
  2007.3315         -163.60            1.59
  2007.3342         -164.81            1.62
  2007.3370         -162.36            1.65
  2007.3397         -166.22            1.68
  2007.3424         -166.51            1.60
  2007.3452         -162.87            1.62
  2007.3479         -163.41            1.62
  2007.3507         -162.81            1.95
  2007.3534         -165.85            1.52
  2007.3562         -162.24            1.60
  2007.3589         -162.60            1.59
  2007.3617         -163.09            1.57
  2007.3644         -162.58            1.51
  2007.3671         -162.34            1.62
  2007.3699         -164.79            1.64
  2007.3726         -167.32            1.60
  2007.3754         -167.44            1.70
  2007.3781         -163.84            1.68
  2007.3809         -171.83            1.61
  2007.3835         -165.31            1.72
  2007.3864         -165.20            1.68
  2007.3890         -163.30            1.91
  2007.3917         -165.43            1.77
  2007.3945         -164.97            1.63
  2007.3972         -167.44            1.77
  2007.4000         -165.77            1.68
  2007.4027         -167.68            1.63
  2007.4055         -167.06            1.65
  2007.4082         -169.22            1.73
  2007.4110         -168.77            1.57
  2007.4137         -171.62            1.86
  2007.4164         -170.43            1.72
  2007.4192         -168.67            1.69
  2007.4219         -172.43            1.76
  2007.4247         -179.21            1.74
  2007.4274         -171.07            1.69
  2007.4302         -168.14            1.68
  2007.4329         -168.55            1.72
  2007.4357         -166.69            1.78
  2007.4384         -187.90            2.64
  2007.4410         -176.12            1.90
  2007.4438         -182.38            1.84
  2007.4465         -178.82            1.83
  2007.4493         -178.14            1.75
  2007.4520         -178.88            1.67
  2007.4548         -175.18            1.77
  2007.4575         -169.20            2.10
  2007.4603         -174.32            1.61
  2007.4630         -176.59            1.80
  2007.4657         -171.82            1.66
  2007.4685         -174.78            1.81
  2007.4712         -172.18            1.62
  2007.4740         -169.86            1.65
  2007.4767         -172.93            1.66
  2007.4795         -171.48            1.69
  2007.4822         -173.13            1.70
  2007.4850         -173.09            1.67
  2007.4877         -171.73            1.78
  2007.5535         -176.83            3.46
  2007.5562         -172.42            1.60
  2007.5590         -173.97            1.66
  2007.5616         -175.35            1.57
  2007.5643         -176.69            1.62
  2007.5671         -173.67            1.65
  2007.5698         -170.82            1.58
  2007.5726         -173.29            1.54
  2007.5753         -172.79            1.64
  2007.5781         -173.77            1.58
  2007.5808         -170.59            1.63
  2007.5836         -173.04            1.56
  2007.5863         -172.35            1.49
  2007.5890         -173.53            1.47
  2007.5918         -171.99            1.55
  2007.5945         -173.67            1.54
  2007.5973         -176.73            1.60
  2007.6000         -174.42            1.70
  2007.6028         -174.32            1.71
  2007.6055         -174.45            1.65
  2007.6083         -180.08            1.57
  2007.6301         -174.18            2.79
  2007.6356         -180.24            1.53
  2007.6383         -177.43            1.57
  2007.6411         -175.24            1.55
  2007.6438         -178.42            1.63
  2007.6466         -177.81            1.57
  2007.6493         -176.91            1.76
  2007.6521         -178.48            1.85
  2007.6548         -178.78            1.70
  2007.6576         -171.26            1.74
  2007.6603         -172.23            1.65
  2007.6630         -172.21            1.70
  2007.6658         -176.50            1.63
  2007.6685         -175.79            1.65
  2007.6713         -178.28            1.64
  2007.6740         -178.50            1.79
  2007.6768         -176.70            1.75
  2007.6794         -174.41            1.83
  2007.6823         -175.30            2.00
  2007.6849         -179.49            4.45
  2008.3671         -178.84            3.99
  2008.3699         -173.16            2.33
  2008.3726         -179.08            1.84
  2008.3754         -179.09            1.77
  2008.3781         -180.30            1.90
  2008.3809         -177.60            1.96
  2008.3835         -181.55            1.96
  2008.3864         -181.37            2.08
  2008.3890         -181.75            2.10
  2008.3917         -181.25            1.99
  2008.3945         -181.63            1.99
  2008.3972         -182.50            1.87
  2008.4000         -180.13            1.88
  2008.4027         -179.75            1.88
  2008.4055         -181.44            2.00
  2008.4082         -181.38            2.03
  2008.4110         -180.68            1.85
  2008.4137         -180.46            1.85
  2008.4164         -180.88            1.78
  2008.4192         -179.51            1.88
  2008.4219         -179.97            1.94
  2008.4247         -184.28            2.40
  2008.4274         -183.90            2.33
  2008.4302         -189.28            2.42
  2008.4329         -184.64            2.05
  2008.4357         -184.45            1.80
  2008.4384         -186.00            1.96
  2008.4410         -181.61            2.75
  2008.4438         -188.61            2.09
  2008.4465         -182.33            2.14
  2008.4493         -181.88            1.84
  2008.4520         -187.51            1.96
  2008.4548         -184.92            2.47
  2008.4575         -184.90            1.88
  2008.4603         -186.86            2.15
  2008.4630         -179.90            2.11
  2008.4657         -184.34            1.97
  2008.4685         -184.25            2.19
  2008.4712         -182.44            1.90
  2008.4740         -182.76            1.72
  2008.4767         -183.67            1.75
  2008.4795         -181.68            1.69
  2008.4822         -182.92            1.76
  2008.4850         -184.76            1.72
  2008.4877         -178.72            1.82
  2008.4904         -179.50            1.79
  2008.4932         -181.08            1.75
  2008.4958         -187.64            2.05
  2008.4987         -200.31            1.81
  2008.5013         -173.21            1.71
  2008.5042         -183.31            1.66
  2008.5068         -185.74            1.78
  2008.5096         -184.42            1.77
  2008.5123         -184.42            1.82
  2008.5150         -180.44            1.80
  2008.5178         -179.27            1.82
  2008.5205         -184.14            1.69
  2008.5233         -180.81            1.64
  2008.5260         -180.07            1.73
  2008.5288         -180.61            1.75
  2008.5315         -184.19            1.93
  2008.5343         -183.10            1.80
  2008.5370         -181.37            1.78
  2008.5397         -180.13            1.80
  2008.5425         -182.61            1.82
  2008.5452         -181.54            1.83
  2008.5480         -179.15            1.73
  2008.5507         -180.88            1.61
  2008.5535         -182.48            1.71
  2008.5562         -181.87            1.66
  2008.5590         -181.94            1.72
  2008.5616         -180.18            1.94
  2008.5643         -181.30            1.78
  2008.5671         -181.81            1.72
  2008.5698         -179.74            1.73
  2008.5753         -180.78            1.82
  2008.5781         -182.62            1.79
  2008.5808         -191.63            2.11
  2008.7206         -176.98            1.65
  2008.7233         -179.95            1.68
  2008.7261         -181.73            1.54
  2008.7288         -179.21            1.62
  2008.7316         -180.57            1.64
  2008.7343         -178.00            1.63
  2008.7369         -179.89            1.51
  2008.7397         -176.16            1.70
  2008.7424         -177.20            1.66
  2008.7452         -180.53            1.80
  2008.7479         -178.46            1.54
  2008.7507         -179.01            1.68
  2008.7534         -180.58            1.81
  2008.7561         -181.12            1.84
  2008.7589         -181.08            2.02
  2008.7616         -183.54            2.01
  2008.7644         -187.99            1.98
  2008.7671         -178.77            1.77
  2008.7699         -180.66            1.79
  2008.7726         -183.19            1.66
  2008.7754         -178.39            1.64
  2008.7781         -178.53            1.83
  2008.7808         -179.18            1.76
  2008.7836         -180.31            4.64
  2008.7863         -179.11            1.68
  2008.7891         -179.48            1.68
  2008.7917         -178.38            1.74
  2008.7946         -176.63            1.70
  2008.7972         -177.78            1.81
  2008.8000         -181.99            2.08
  2008.8027         -180.80            1.74
  2008.8054         -182.08            1.72
  2008.8082         -182.46            1.74
  2008.8109         -183.55            1.82
  2008.8137         -180.29            1.70
  2008.8164         -176.27            1.72
  2008.8192         -180.53            1.88
  2008.8219         -174.73            1.72
  2008.8247         -179.88            1.69
  2008.8274         -175.70            1.68
  2008.8301         -178.18            1.90
  2008.8329         -180.99            1.97
  2008.8356         -185.50            1.89
  2008.8384         -182.43            1.74
  2008.8411         -182.42            1.75
  2008.8439         -179.83            1.71
  2008.8466         -176.82            1.83
  2008.8494         -180.24            1.90
  2008.8521         -178.15            1.85
  2008.8547         -179.67            1.88
  2008.8575         -181.72            1.82
  2008.8602         -181.15            1.88
  2008.8630         -175.92            1.75
  2008.8657         -188.12            1.82
  2008.8685         -179.96            1.80
  2008.8712         -179.28            1.83
  2008.8740         -182.33            1.71
  2008.8767         -177.64            1.75
  2008.8794         -183.05            1.74
  2008.8822         -180.73            1.94
  2008.8849         -179.41            1.91
  2008.8877         -181.29            1.77
  2008.8904         -179.54            1.73
  2008.8932         -179.11            1.77
  2008.8959         -181.03            1.78
  2008.8987         -183.00            1.82
  2008.9014         -180.39            1.87
  2008.9041         -178.61            1.79
  2008.9069         -180.10            1.76
  2008.9095         -183.92            1.97
  2008.9124         -179.93            1.97
  2008.9150         -182.85            1.84
  2008.9178         -181.01            1.87
  2008.9205         -182.07            1.84
  2008.9233         -181.45            1.78
  2008.9260         -184.75            1.84
  2008.9287         -182.00            1.78
  2008.9315         -183.10            1.80
  2008.9342         -180.10            1.77
  2008.9370         -178.96            2.01
  2008.9397         -180.17            1.90
  2008.9425         -177.97            2.07
  2008.9452         -179.64            1.81
  2008.9480         -182.38            1.72
  2008.9507         -182.21            1.86
  2008.9534         -180.96            1.85
  2008.9562         -182.52            1.79
  2008.9589         -180.64            1.71
  2008.9617         -183.80            1.72
  2008.9644         -183.66            1.89
  2008.9672         -178.04            1.88
  2008.9698         -180.44            1.90
  2008.9727         -180.65            1.92
  2008.9753         -186.70            1.88
  2008.9780         -185.29            1.86
  2008.9808         -184.96            1.81
  2008.9835         -187.18            1.95
  2008.9863         -178.22            1.89
  2008.9890         -180.65            1.85
  2008.9918         -173.45            1.93
  2008.9945         -178.94            1.87
  2008.9973         -186.51            1.94
  2009.0000         -178.45            1.88
  2009.0027         -178.47            1.88
  2009.0027         -180.24            1.75
  2009.0055         -178.78            1.81
  2009.0082         -181.69            1.87
  2009.0110         -186.16            1.83
  2009.0137         -180.33            1.91
  2009.0165         -177.99            1.90
  2009.0192         -177.20            1.85
  2009.0220         -179.29            1.79
  2009.0247         -180.97            1.72
  2009.0273         -180.24            1.81
  2009.0302         -182.33            1.81
  2009.0328         -180.92            1.85
  2009.0356         -181.52            1.82
  2009.0383         -182.48            1.91
  2009.0411         -185.00            1.84
  2009.0438         -183.29            1.86
  2009.0466         -178.03            1.83
  2009.0493         -176.48            1.82
  2009.0520         -172.17            1.65
  2009.0548         -186.22            1.73
  2009.0575         -185.84            1.80
  2009.0603         -176.48            1.74
  2009.0630         -182.39            1.75
  2009.0658         -181.23            1.86
  2009.0685         -175.89            1.78
  2009.0713         -179.85            1.73
  2009.0740         -173.91            2.06
  2009.0767         -178.24            1.82
  2009.0795         -173.99            1.86
  2009.0822         -183.57            1.85
  2009.0850         -179.78            1.73
  2009.0876         -182.05            1.72
  2009.0905         -179.34            1.74
  2009.0931         -180.81            1.92
  2009.0959         -182.13            1.84
  2009.0986         -179.60            2.03
  2009.1013         -180.69            1.78
  2009.1041         -178.75            1.78
  2009.1068         -173.30            1.83
  2009.1096         -182.04            2.01
  2009.1123         -180.67            1.92
  2009.1151         -186.26            1.96
  2009.1178         -181.40            1.97
  2009.1206         -183.36            1.97
  2009.1233         -188.73            1.91
  2009.1260         -179.49            1.87
  2009.1288         -181.26            1.96
  2009.1315         -177.23            2.46
  2009.1343         -174.98            1.77
  2009.1370         -178.11            1.96
  2009.1398         -178.60            1.96
  2009.1425         -172.88            1.87
  2009.1453         -179.20            1.86
  2009.1479         -180.82            1.84
  2009.1506         -179.46            1.75
  2009.1534         -179.02            1.80
  2009.1561         -175.24            1.87
  2009.1589         -179.85            1.79
  2009.1616         -180.90            1.89
  2009.1644         -180.58            3.32
  2009.1671         -180.73            2.00
  2009.1699         -183.83            1.92
  2009.1726         -180.89            1.95
  2009.1753         -179.95            1.83
  2009.1781         -182.38            1.72
  2009.1808         -184.08            1.93
  2009.1836         -183.81            1.80
  2009.1863         -182.89            1.63
  2009.1891         -182.02            1.73
  2009.1918         -178.98            1.82
  2009.1946         -181.94            1.68
  2009.1973         -178.64            1.76
  2009.2000         -179.42            1.78
  2009.2028         -178.42            1.68
  2009.2054         -187.48            1.86
  2009.2083         -192.35            2.06
  2009.3151         -175.59            2.76
  2009.3177         -191.06            1.65
  2009.3206         -188.05            1.86
  2009.3232         -184.99            1.88
  2009.3260         -176.41            1.74
  2009.3315         -178.06            1.83
  2009.3342         -174.54            1.80
  2009.3370         -175.71            1.87
  2009.3397         -184.24            1.97
  2009.3424         -189.34            1.84
  2009.3452         -178.74            1.92
  2009.3479         -179.43            1.76
  2009.3507         -175.02            1.76
  2009.3534         -177.40            1.80
  2009.3562         -182.07            1.71
  2009.3589         -182.09            1.84
  2009.3617         -178.58            1.91
  2009.3644         -180.35            1.83
  2009.3671         -179.95            1.69
  2009.3699         -178.87            1.90
  2009.3726         -196.44            1.86
  2009.3754         -178.74            1.85
  2009.3781         -176.40            1.65
  2009.3809         -181.47            1.75
  2009.3835         -179.88            1.85
  2009.3864         -182.15            1.66
  2009.3890         -180.77            1.82
  2009.3917         -181.62            1.78
  2009.3945         -176.77            1.80
  2009.3972         -180.70            1.79
  2009.4000         -179.06            1.71
  2009.4027         -180.21            1.86
  2009.4055         -181.77            2.24
  2009.4082         -178.81            1.63
  2009.4110         -184.44            2.11
  2009.4137         -180.75            2.16
  2009.4164         -181.09            2.15
  2009.4192         -178.08            1.71
  2009.4219         -181.49            1.72
  2009.4247         -178.51            1.78
  2009.4274         -179.51            1.59
  2009.4302         -179.86            1.69
  2009.4329         -180.52            1.77
  2009.4357         -182.84            1.81
  2009.4384         -174.45            1.82
  2009.4410         -178.50            1.67
  2009.4438         -181.20            1.57
  2009.4465         -179.33            1.56
  2009.4493         -180.12            1.70
  2009.4520         -182.60            1.81
  2009.4548         -182.53            2.05
  2009.4575         -180.71            1.72
  2009.4603         -178.96            1.90
  2009.4630         -183.95            2.30
  2009.4657         -181.70            1.60
  2009.4685         -179.83            2.11
  2009.4712         -178.65            1.69
  2009.4740         -181.74            1.76
  2009.4767         -177.56            1.83
  2009.4795         -176.53            1.44
  2009.4822         -179.18            1.47
  2009.4850         -180.61            1.53
  2009.4877         -180.72            1.51
  2009.4904         -182.43            1.77
  2009.4932         -180.86            1.55
  2009.4958         -181.65            1.54
  2009.4987         -180.90            1.48
  2009.5013         -183.22            1.44
  2009.5042         -179.06            1.54
  2009.5068         -181.32            1.53
  2009.5096         -180.67            1.55
  2009.5123         -182.55            1.52
  2009.5150         -182.29            1.48
  2009.5178         -186.90            1.41
  2009.5205         -184.46            1.43
  2009.5233         -180.52            1.41
  2009.5260         -184.53            1.43
  2009.5288         -182.53            1.48
  2009.5315         -181.37            1.46
  2009.5343         -178.54            1.43
  2009.5370         -178.71            1.41
  2009.5397         -178.91            1.27
  2009.5425         -178.39            1.29
  2009.5452         -178.46            1.43
  2009.5507         -195.37            5.88
  2009.5535         -182.11            1.48
  2009.5562         -182.63            1.45
  2009.5590         -181.98            1.43
  2009.5616         -183.77            1.40
  2009.5643         -179.41            1.53
  2009.5671         -181.78            1.42
  2009.5698         -181.51            1.37
  2009.5726         -179.14            1.37
  2009.5753         -181.27            1.47
  2009.5781         -181.19            1.34
  2009.5808         -181.36            1.36
  2009.5836         -183.11            1.36
  2009.5863         -182.79            1.35
  2009.5890         -179.95            1.38
  2009.5918         -182.08            1.51
  2009.5945         -181.36            1.46
  2009.5973         -178.20            1.41
  2009.6000         -182.30            1.41
  2009.6028         -182.46            1.47
  2009.6055         -178.03            1.42
  2009.6083         -177.32            1.38
  2009.6110         -179.06            1.52
  2009.6136         -177.67            1.54
  2009.6165         -179.67            1.38
  2009.6191         -180.85            1.34
  2009.6219         -180.37            1.57
  2009.6246         -185.45            1.51
  2009.6274         -178.36            1.50
  2009.6301         -181.16            1.48
  2009.6329         -180.86            1.46
  2009.6356         -180.33            1.38
  2009.6383         -180.32            1.46
  2009.6411         -180.83            1.48
  2009.6438         -180.89            1.44
  2009.6466         -179.11            1.46
  2009.6493         -178.95            1.48
  2009.6521         -180.82            1.49
  2009.6548         -180.53            1.40
  2009.6576         -182.09            1.34
  2009.6603         -183.43            1.44
  2009.6630         -182.30            1.47
  2009.6658         -179.16            1.43
  2009.6685         -178.36            1.52
  2009.6713         -179.33            1.45
  2009.6740         -182.15            1.41
  2009.6768         -179.24            1.42
  2009.6794         -177.30            1.52
  2009.6823         -179.33            1.61
  2009.6849         -181.14            1.46
  2009.6876         -179.84            1.42
  2009.6904         -176.28            1.29
  2009.6931         -176.21            1.36
  2009.6959         -182.19            1.43
  2009.6986         -178.52            1.36
  2009.7014         -178.72            1.28
  2009.7041         -177.88            1.38
  2009.7069         -181.57            1.37
  2009.7096         -178.93            1.44
  2009.7123         -179.97            1.47
  2009.7151         -177.99            1.35
  2009.7178         -179.88            1.38
  2009.7206         -181.32            1.32
  2009.7233         -178.94            1.35
  2009.7261         -178.42            1.46
  2009.7288         -180.70            1.36
  2009.7316         -181.03            1.27
  2009.7343         -179.34            1.37
  2009.7369         -180.62            1.43
  2009.7397         -180.86            1.39
  2009.7424         -179.72            1.43
  2009.7452         -178.58            1.48
  2009.7479         -178.30            1.42
  2009.7507         -176.02            1.42
  2009.7534         -179.61            1.45
  2009.7561         -180.69            1.44
  2009.7589         -180.67            1.48
  2009.7616         -178.45            1.40
  2009.7644         -177.45            1.43
  2009.7671         -179.80            1.39
  2009.7699         -179.38            1.35
  2009.7726         -179.95            1.48
  2009.7754         -180.42            1.62
  2009.7781         -180.51            1.50
  2009.7808         -185.38            1.35
  2009.7836         -176.94            1.44
  2009.7863         -177.77            1.68
  2009.7891         -177.32            1.77
  2009.7917         -178.15            1.40
  2009.7946         -175.36            1.50
  2009.7972         -178.51            1.52
  2009.8000         -180.29            1.67
  2009.8027         -176.64            1.51
  2009.8054         -176.73            1.51
  2009.8082         -177.74            1.57
  2009.8109         -179.36            1.54
  2009.8137         -179.72            1.63
  2009.8164         -176.87            1.44
  2009.8192         -178.72            1.47
  2009.8219         -178.57            1.60
  2009.8247         -179.38            1.58
  2009.8274         -180.86            1.60
  2009.8301         -177.11            1.63
  2009.8329         -177.73            1.49
  2009.8356         -178.06            1.61
  2009.8384         -180.24            1.67
  2009.8411         -183.33            1.54
  2009.8439         -183.81            1.50
  2009.8466         -180.00            1.58
  2009.8494         -180.03            1.62
  2009.8521         -180.37            1.50
  2009.8547         -179.00            1.57
  2009.8575         -178.76            1.53
  2009.8602         -179.30            1.69
  2009.8630         -179.53            1.41
  2009.8657         -186.44            1.55
  2009.8685         -181.25            1.56
  2009.8712         -181.38            1.66
  2009.8740         -179.83            1.53
  2009.8767         -179.72            1.64
  2009.8794         -183.38            1.75
  2009.8822         -182.64            1.60
  2009.8849         -183.99            1.82
  2009.8877         -180.33            1.54
  2009.8904         -179.62            1.60
  2009.8932         -179.05            1.50
  2009.8959         -180.85            1.79
  2009.8987         -178.38            1.84
  2009.9014         -180.57            1.76
  2009.9041         -168.67            1.69
  2009.9069         -177.55            1.58
  2009.9095         -183.71            1.65
  2009.9124         -183.04            1.66
  2009.9150         -184.22            1.66
  2009.9178         -181.14            1.66
  2009.9205         -178.84            1.77
  2009.9233         -180.00            1.43
  2009.9260         -179.25            1.75
