  2010.3287            0.00            4.57
  2010.3315            7.44            1.56
  2010.3424           -0.28            1.56
  2010.3452            5.02            1.46
  2010.3479            5.51            1.46
  2010.3507            4.33            1.39
  2010.3534            3.48            1.39
  2010.3562            1.20            1.42
  2010.3589            1.85            1.42
  2010.3617            0.25            2.34
  2010.3644            0.23            1.50
  2010.3726            4.47            1.53
  2010.3754            2.67            1.48
  2010.3781            1.79            1.47
  2010.3809            4.18            1.44
  2010.3835            1.07            1.46
  2010.3864            1.08            1.37
  2010.3890           -1.05            1.62
  2010.3917           -5.09            1.43
  2010.3945           -2.31            1.45
  2010.3972            0.41            1.42
  2010.4000           -2.00            1.38
  2010.4027           -0.19            1.36
  2010.4055           -3.93            1.53
  2010.4082           -3.33            1.53
  2010.4110           -1.44            3.30
  2010.4137            2.97            1.44
  2010.4164            3.18            1.33
  2010.4192            6.29            1.45
  2010.4219            2.01            1.43
  2010.4247            2.31            1.45
  2010.4274           -2.29            1.40
  2010.4302           -0.27            1.39
  2010.4329            2.28            1.40
  2010.4357            4.55            1.34
  2010.4384            4.51            1.43
  2010.4410            7.64            1.39
  2010.4438            2.05            1.49
  2010.4465            4.92            1.35
  2010.4493            0.24            1.36
  2010.4520            7.02            1.54
  2010.4548            9.24            1.34
  2010.4575            3.94            1.36
  2010.4603            1.00            1.86
  2010.4712           13.55            6.72
  2010.4740            7.02            1.47
  2010.4767           13.83            1.55
  2010.4795            7.14            1.54
  2010.4822            6.47            1.45
  2010.4850            9.73            1.45
  2010.4877            6.03            1.36
  2010.4904            2.29            1.38
  2010.4932            2.13            1.46
  2010.4958           -0.49            1.44
  2010.4987            5.97            1.45
  2010.5013           19.50            1.41
  2010.5042            6.41            1.48
  2010.5068            5.03            1.52
  2010.5096            5.60            1.44
  2010.5123            4.17            1.54
  2010.5150            6.32            1.50
  2010.5178           16.39            1.46
  2010.5205            0.93            1.40
  2010.5233            2.55            1.44
  2010.5260            9.00            1.51
  2010.5288            1.66            1.43
  2010.5315           -7.37            1.35
  2010.5343           -5.91            1.36
  2010.5370           -5.98            1.36
  2010.5397           -1.50            1.39
  2010.5425           -0.87            1.42
  2010.5452           -3.55            1.36
  2010.5480           -7.27            1.39
  2010.5507            2.71            1.46
  2010.5535           -7.76            1.50
  2010.5562           -7.99            1.53
  2010.5590           -9.84            1.52
  2010.5616           -7.70            1.59
  2010.5643          -12.62            1.50
  2010.5671           -5.06            1.49
  2010.5698            3.75            1.53
  2010.5726           -2.24            1.56
  2010.5753            6.87            1.52
  2010.5781           13.55            1.60
  2010.5808            4.54            1.52
  2010.5836           -5.02            1.44
  2010.5863           -7.16            1.42
  2010.5890           -5.85            2.45
  2010.5918           -9.05            1.40
  2010.5945           -7.24            3.03
  2010.5973           -5.20            1.45
  2010.6000          -10.05            1.40
  2010.6028           -6.28            1.39
  2010.6055           -5.66            1.39
  2010.6083           -0.55            1.36
  2010.6110           -5.12            1.45
  2010.6136           -9.45            1.36
  2010.6165           -5.98            1.36
  2010.6191           -6.82            1.33
  2010.6219           -2.89            1.36
  2010.6246           -4.10            1.50
  2010.6274            4.90            1.61
  2010.6301            1.34            1.45
  2010.6329           -3.61            1.37
  2010.6356           -4.74            1.43
  2010.6383           -2.12            1.54
  2010.6411            6.25            1.44
  2010.6438           -3.73            1.42
  2010.6466           -2.96            1.40
  2010.6493           -2.33            1.41
  2010.6521            1.96            1.43
  2010.6548            3.14            1.48
  2010.6576            6.16            1.47
  2010.6603           -1.86            1.37
  2010.6630           -1.09            1.49
  2010.6658           -4.11            1.42
  2010.6685           -0.23            1.41
  2010.6713           -4.25            1.46
  2010.6740           -7.48            1.54
  2010.6768           -4.57            1.47
  2010.6794            2.71            1.33
  2010.6823           -2.39            1.36
  2010.6849           -4.69            1.33
  2010.6876           -4.88            1.33
  2010.6904           -3.67            1.33
  2010.6931           -0.01            1.39
  2010.6959            4.52            1.42
  2010.6986            5.77            1.38
  2010.7014            4.51            1.34
  2010.7041            0.94            1.44
  2010.7069            1.67            1.56
  2010.7096           -1.76            1.43
  2010.7123           -0.93            1.36
  2010.7151           -4.61            1.45
  2010.7178            0.67            1.42
  2010.7206           -1.73            1.38
  2010.7233           -0.25            1.39
  2010.7261           -2.11            1.36
  2010.7288           -5.28            1.35
  2010.7316           -3.14            1.30
  2010.7343           -2.02            1.37
  2010.7369            1.72            1.44
  2010.7397           -1.33            1.50
  2010.7424           -1.25            1.43
  2010.7452           -3.50            1.38
  2010.7479           -3.24            1.34
  2010.7507           -2.51            1.38
  2010.7534            0.04            1.30
  2010.7561            4.68            1.49
  2010.7589           -2.34            1.31
  2010.7616           -4.94            1.38
  2010.7644           -2.22            1.34
  2010.7671           -2.25            1.31
  2010.7699            3.63            1.32
  2010.7726            3.93            1.35
  2010.7754            1.29            1.36
  2010.7781           -0.08            1.31
  2010.7808           -3.71            1.44
  2010.7836            0.86            1.44
  2010.7863            8.21            1.60
  2010.7891           -3.65            1.41
  2010.7917           -2.56            1.30
  2010.7946           -0.08            1.32
  2010.7972            2.51            1.42
  2010.8000           -0.79            1.41
  2010.8027           -2.15            1.48
  2010.8054           -0.46            1.43
  2010.8082           -3.25            1.45
  2010.8109           -3.72            1.43
  2010.8137           -4.47            1.51
  2010.8356            0.62            1.34
  2010.8384            3.03            1.39
  2010.8411           -0.74            1.38
  2010.8439           -1.98            1.36
  2010.8466            1.93            1.35
  2010.8494           -1.97            1.42
  2010.8521            0.04            1.50
  2010.8547           -4.92            1.38
  2010.8575           -1.94            1.34
  2010.8602           -0.82            1.35
  2010.8630           -0.88            1.30
  2010.8657           -4.00            1.31
  2010.8685           -2.51            1.48
  2010.8712           -1.67            1.35
  2010.8740           -1.85            1.35
  2010.8767            0.86            1.38
  2010.8794            0.50            1.41
  2010.8822            3.92            1.39
  2010.8849            6.86            1.44
  2010.8877            9.82            1.45
  2010.8904            7.39            1.42
  2010.8932            7.36            1.42
  2010.8959            5.26            1.42
  2010.8987            0.17            1.46
  2010.9014            1.11            1.35
  2010.9041           -1.20            1.50
  2010.9069           -0.91            1.33
  2010.9095           -0.08            1.36
  2010.9124            1.66            1.37
  2010.9150            1.50            1.33
  2010.9178            4.34            1.33
  2010.9205           -0.83            1.31
  2010.9233            1.08            1.34
  2010.9260            2.03            1.37
  2010.9287            2.11            1.27
  2010.9315            6.70            1.34
  2010.9342            6.52            1.40
  2010.9370            5.52            1.38
  2010.9397            1.95            1.34
  2010.9425            8.35            1.30
  2010.9452           10.84            1.37
  2010.9480           -2.95            1.38
  2010.9507           -2.41            1.34
  2010.9562            2.88            1.33
  2010.9589           -2.16            1.35
  2010.9644            0.40            1.31
  2011.0027            9.00            1.42
  2011.0055            5.41            1.45
  2011.0082            1.17            1.49
  2011.0110            8.23            1.48
  2011.0137            3.36            1.40
  2011.0165            7.24            1.39
  2011.0192            0.58            1.39
  2011.0220            5.09            1.42
  2011.0247            7.89            1.41
  2011.0273           10.22            1.43
  2011.0302            9.92            1.46
  2011.0328            6.65            1.46
  2011.0356            2.15            1.52
  2011.0383            8.00            1.44
  2011.0411            8.73            1.52
  2011.0438            6.23            1.55
  2011.0466            2.04            1.40
  2011.0493           -3.31            1.59
  2011.0520            3.96            1.51
  2011.0548            7.40            1.52
  2011.0575            4.05            1.46
  2011.0603            1.22            1.52
  2011.0630            1.90            1.47
  2011.0658           -0.93            1.49
  2011.0685           -1.71            1.51
  2011.0713           -3.45            1.54
  2011.0740            2.47            1.56
  2011.0767           -3.78            1.48
  2011.0795            5.02            1.48
  2011.0822           -2.98            1.52
  2011.0850            1.19            1.49
  2011.0876            0.73            1.41
  2011.0905            1.85            1.44
  2011.0931            0.96            1.46
  2011.0959            3.21            1.42
  2011.0986            8.11            1.39
  2011.1013            0.06            1.46
  2011.1041            0.82            1.44
  2011.1068            3.46            1.56
  2011.1096           -2.51            2.61
  2011.1589           22.80            5.19
  2011.1616           21.76            1.42
  2011.1644           11.75            1.48
  2011.1671           13.61            1.48
  2011.1699            8.07            1.49
  2011.1726           11.88            1.55
  2011.1753            8.86            1.53
  2011.1781           14.51            1.91
  2011.1808           17.24            1.44
  2011.1836           18.05            1.49
  2011.1863           11.84            1.54
  2011.1891           17.39            1.79
  2011.1918           18.58            1.77
  2011.1946           13.21            1.70
  2011.1973            8.81            1.46
  2011.2000            6.96            1.62
  2011.2028           20.87            1.73
  2011.2054            5.20            1.63
  2011.2083            8.04            1.58
  2011.2109            9.16            1.47
  2011.2137            8.34            1.46
  2011.2164           11.36            1.42
  2011.2192            8.68            1.58
  2011.2219           11.09            1.56
  2011.2246           10.26            1.44
  2011.2274           11.76            1.50
  2011.2301           11.59            1.55
  2011.2329            9.57            1.48
  2011.2356           12.15            1.46
  2011.2384           15.14            1.42
  2011.2411           14.14            1.48
  2011.2439           11.42            1.52
  2011.2466            8.93            1.69
  2011.2493           11.47            1.58
  2011.2521           20.36            1.57
  2011.2548            7.48            1.49
  2011.2576            5.66            1.43
  2011.2603            8.95            1.80
  2011.2631           10.74            1.46
  2011.2657            8.84            1.47
  2011.2684           13.25            1.41
  2011.2712           11.66            1.47
  2011.2739            2.01            1.50
  2011.2767           13.28            1.56
  2011.2794           13.44            1.54
  2011.2822           12.80            1.59
  2011.2849           11.65            1.47
  2011.2877            9.45            1.41
  2011.2904            8.23            1.39
  2011.2931           -2.33            3.10
  2011.2959           -0.20            1.39
  2011.2986           -2.56            1.42
  2011.3014           -4.06            1.42
  2011.3041           -9.57            1.54
  2011.3069            1.86            1.59
  2011.3096           -2.71            1.41
  2011.3124            0.11            1.40
  2011.3151            1.42            1.37
  2011.3177            2.90            1.36
  2011.3206            0.17            1.37
  2011.3232           -1.45            1.51
  2011.3260           -0.69            1.38
  2011.3287           -0.25            1.38
  2011.3315            1.07            1.35
  2011.3342           -0.62            1.36
  2011.3370            0.17            1.42
  2011.3397           -3.91            1.43
  2011.3424            4.16            1.40
  2011.3452            3.13            1.38
  2011.3479           -2.51            1.42
  2011.3507            6.90            1.37
  2011.3534            3.39            1.41
  2011.3562            0.12            1.51
  2011.3589            2.56            1.40
  2011.3617            4.02            1.38
  2011.3644           -1.12            1.34
  2011.3671            2.28            1.33
  2011.3699            2.86            1.38
  2011.3726            0.74            1.43
  2011.3754           -0.83            1.39
  2011.3781            2.52            1.43
  2011.3809            1.60            1.50
  2011.3835            7.76            1.50
  2011.3864            3.87            1.42
  2011.3890            3.88            1.42
  2011.3917            5.89            1.45
  2011.3945            2.90            1.48
  2011.3972           -0.35            1.37
  2011.4000            4.04            1.34
  2011.4027           -2.67            1.44
  2011.4055            4.31            1.38
  2011.4082            6.44            1.34
  2011.4110            2.03            1.33
  2011.4137            4.76            1.34
  2011.4164            3.39            1.35
  2011.4192           -1.55            1.40
  2011.4219            1.20            1.32
  2011.4247            3.79            1.41
  2011.4274            8.33            1.47
  2011.4302            4.91            1.49
  2011.4329            9.83            3.97
  2011.4357            9.22            1.61
  2011.4384           10.16            1.40
  2011.4410            8.91            1.50
  2011.4438           14.84            1.46
  2011.4465            7.76            1.47
  2011.4493            6.79            1.38
  2011.4520            3.23            1.39
  2011.4548           16.56            1.67
  2011.4575            3.84            1.46
  2011.4603           -4.69            1.49
  2011.4630            8.45            6.67
  2011.4657           -8.25            2.71
  2011.4685          -12.97            2.42
  2011.4712          -11.29            1.59
  2011.4740           -8.65            1.46
  2011.4767          -10.67            2.17
  2011.4795            2.98            1.42
  2011.4822           -5.12            1.44
  2011.4850           -5.15            1.42
  2011.4877           -5.97            1.42
  2011.4904           -3.26            1.42
  2011.4932          -20.03            2.09
  2011.4958           -3.89            1.44
  2011.4987          -11.31            1.58
  2011.5013          -12.42            1.40
  2011.5042           -7.33            1.43
  2011.5068           -6.36            1.59
  2011.5096           -3.57            1.64
  2011.5123            1.35            1.55
  2011.5150           -5.50            1.52
  2011.5178           -5.18            1.54
  2011.5205            0.46            1.51
  2011.5233           -7.20            1.44
  2011.5260            3.74            1.58
  2011.5315          -10.29            1.47
  2011.5343            5.61            1.62
  2011.5370            2.03            1.90
  2011.5397           -0.49            2.02
  2011.5425           -3.89            1.60
  2011.5452            0.92            1.72
  2011.5480          -15.03            2.02
  2011.5507          -17.01            1.54
  2011.5535           -7.05            1.49
  2011.5562            3.73            1.97
  2011.5590           -9.89            1.55
  2011.5616          -10.98            1.48
  2011.5643          -12.01            2.04
  2011.5671           -4.87            1.69
  2011.5698           -4.88            1.84
  2011.5726            1.37            1.82
  2011.5753          -12.98            1.44
  2011.5781          -11.13            1.48
  2011.5808           -4.48            1.41
  2011.5836          -10.14            1.57
  2011.5863           -0.11            1.55
  2011.5890            0.38            1.50
  2011.5918            1.81            1.63
  2011.5945            1.20            1.66
  2011.5973            7.44            1.68
  2011.6000            7.64            1.68
  2011.6028           -9.64            2.05
  2011.6055           -2.50            2.61
  2011.6083           -6.34            1.95
  2011.6110           -2.84            1.68
  2011.6136           -8.30            1.68
  2011.6165           -2.10            1.60
  2011.6191           -7.98            1.55
  2011.6219           -5.36            1.51
  2011.6246           -8.35            1.74
  2011.6274            1.46            1.58
  2011.6301          -10.33            1.63
  2011.6329          -12.69            1.54
  2011.6356          -14.39            1.62
  2011.6383           -7.26            1.52
  2011.6411           -9.05            1.48
  2011.6438            1.61            1.47
  2011.6466           -3.55            1.52
  2011.6493          -10.64            1.50
  2011.6521           -8.63            1.62
  2011.6548           -3.42            1.64
  2011.6576           -3.55            1.62
  2011.6603            5.33            1.69
  2011.6630           -2.18            1.71
  2011.6658            0.25            1.47
  2011.6685           -2.59            1.63
  2011.6713           -4.76            1.59
  2011.6740            1.84            1.57
  2011.6768           -6.21            1.61
  2011.6794           -4.05            1.56
  2011.6823           -6.00            1.55
  2011.6849          -12.53            1.53
  2011.6876           -5.23            1.63
  2011.6904           -1.31            1.63
  2011.6931           -6.28            1.55
  2011.6959           -7.74            1.58
  2011.6986           -2.59            1.54
  2011.7014           -3.68            1.53
  2011.7041           -2.34            1.61
  2011.7069           -6.76            1.55
  2011.7096            5.38            1.64
  2011.7123           -6.91            1.50
  2011.7151           -7.74            1.45
  2011.7178           -6.99            1.45
  2011.7206           -5.23            1.53
  2011.7233           -7.30            1.52
  2011.7261           -7.97            1.52
  2011.7288           -7.97            1.55
  2011.7316           -9.08            1.57
  2011.7343           -8.18            1.60
  2011.7369           -2.41            1.56
  2011.7397           -5.46            1.56
  2011.7424           -2.23            1.59
  2011.7452           -6.21            1.54
  2011.7479           -7.55            1.66
  2011.7507           -8.47            1.74
  2011.7534           -9.82            1.50
  2011.7561           -7.05            1.54
  2011.8301           -9.25            3.16
  2011.8329           -3.19            1.56
  2011.8356           -2.82            1.72
  2011.8384            4.83            1.75
  2011.8411           -4.90            1.77
  2011.8439           -8.58            1.64
  2011.8466           -2.58            1.78
  2011.8494            5.80            1.77
  2011.8521            0.86            1.67
  2011.8547            2.17            1.95
  2011.8575           -2.00            1.96
  2011.8602           -0.43            1.85
  2011.8630            0.23            1.65
  2011.8657            3.72            1.74
  2011.8685           -4.17            1.69
  2011.8712           -1.53            1.77
  2011.8740           -7.32            1.80
  2011.8767            2.80            1.79
  2011.8794           -3.06            1.71
  2011.8822           -3.64            1.76
  2011.8849           -7.39            1.68
  2011.8877           -8.08            1.71
  2011.8904           -9.42            1.74
  2011.8932           -4.19            1.66
  2011.8959           -4.34            1.73
  2011.8987           -7.43            1.61
  2011.9014           -5.35            2.76
  2011.9041           -6.93            1.54
  2011.9069           -6.90            1.60
  2011.9095           -9.38            1.65
  2011.9124           -6.95            1.67
  2011.9150           -1.71            1.64
  2011.9178           -2.96            1.74
  2011.9205           -3.36            1.65
  2011.9233           -2.28            1.60
  2011.9260           -0.92            1.64
  2011.9287            4.81            1.80
  2011.9315            8.76            1.74
  2011.9342            5.86            1.74
  2011.9370           -4.33            1.76
  2011.9397            6.80            1.69
  2011.9425            2.27            1.68
  2011.9452           -3.05            1.64
  2011.9480           -4.58            1.73
  2011.9507            1.57            1.59
  2011.9534            3.57            1.68
  2011.9562            2.16            1.72
  2011.9589            0.29            1.68
  2011.9617           -3.30            1.62
  2011.9644           -0.09            1.65
  2011.9672            2.24            1.69
  2011.9698           -3.69            1.66
  2011.9727           -4.93            1.65
  2011.9753           -0.49            1.64
  2011.9780            2.78            1.52
  2011.9808            5.06            1.56
  2011.9835           -1.20            1.51
  2011.9863           -2.50            1.61
  2011.9890           -0.81            1.56
  2011.9918            1.90            1.68
  2011.9945           -5.00            1.55
  2011.9973           -2.28            1.58
  2012.0000           -3.35            1.55
  2012.0027           -2.13            1.61
  2012.0055            3.70            1.58
  2012.0082            3.32            1.56
  2012.0110            7.34            1.60
  2012.0137           -4.07            1.76
  2012.0165           -1.80            1.57
  2012.0192           -4.28            1.66
  2012.0220          -11.86            1.67
  2012.0247           -3.30            2.06
  2012.0273            1.73            1.90
  2012.0302            2.09            1.70
  2012.0328            3.37            1.60
  2012.0356           -1.04            1.60
  2012.0383           -1.99            1.65
  2012.0411           -2.96            1.79
  2012.0438            0.21            1.62
  2012.0466           -1.27            1.78
  2012.0493           -6.89            2.01
  2012.0520           -0.21            1.65
  2012.0548           -1.96            1.84
  2012.0603            6.17            1.81
  2012.0630            3.34            1.73
  2012.0658           -2.18            1.71
  2012.0685           -1.11            2.39
  2012.0713           -3.07            3.16
  2013.0575          -26.97            2.52
  2013.0603          -12.69            4.26
  2013.4712          -22.86            1.50
  2013.4740          -24.82            1.37
  2013.4767          -19.74            1.38
  2013.4795          -17.50            1.37
  2013.4822          -19.50            1.38
  2013.4850          -20.46            1.45
  2013.4877          -23.25            1.59
  2013.4904          -23.73            1.53
  2013.4932          -26.04            1.49
  2013.4958          -21.15            1.38
  2013.4987          -18.13            1.35
  2013.5013          -18.75            1.43
  2013.5042          -23.00            1.46
  2013.5068          -24.77            1.48
  2013.5096          -22.40            1.43
  2013.5123          -22.20            1.34
  2013.5150          -16.14            1.35
  2013.5178          -21.24            1.41
  2013.5205          -22.39            1.44
  2013.5233          -24.27            1.44
  2013.5260          -25.47            1.36
  2013.5288          -17.33            1.36
  2013.5315          -18.76            1.45
  2013.5343          -20.55            1.40
  2013.5370          -23.47            1.42
  2013.5397          -21.39            1.35
  2013.5425          -14.41            1.44
  2013.5452          -24.75            1.39
  2013.5480          -24.69            1.35
  2013.5507          -27.58            1.45
  2013.5535          -24.40            1.33
  2013.5562          -16.29            1.30
  2013.5590          -19.47            1.31
  2013.5616          -18.16            1.31
  2013.5643          -16.41            1.36
  2013.5671          -27.51            1.46
  2013.5698          -25.99            1.31
  2013.5726          -19.46            1.29
  2013.5753          -22.07            1.32
  2013.5781          -18.96            1.38
  2013.5808          -20.15            1.32
  2013.5836          -18.98            1.28
  2013.5863          -19.20            1.34
  2013.5890          -23.91            1.39
  2013.5918          -29.28            1.49
  2013.5945          -17.39            1.41
  2013.5973          -24.97            1.45
  2013.6000          -23.67            1.51
  2013.6028          -26.01            1.38
  2013.6055          -20.50            1.30
  2013.6083          -17.90            1.40
  2013.6110          -27.91            1.43
  2013.6136          -23.04            1.49
  2013.6165          -25.16            1.40
  2013.6191          -20.53            1.35
  2013.6219          -24.76            1.42
  2013.6246          -21.55            1.37
  2013.6274          -20.33            1.29
  2013.6301          -21.50            1.38
  2013.6329          -26.44            1.40
  2013.6356          -23.03            1.36
  2013.6383          -24.99            1.41
  2013.6411          -23.72            1.32
  2013.6438          -20.48            1.34
  2013.6466          -23.27            1.41
  2013.6493          -21.60            1.37
  2013.6521          -22.94            1.36
  2013.6548          -24.81            1.36
  2013.6576          -20.67            1.36
  2013.6603          -21.26            1.37
  2013.6630          -22.93            1.39
  2013.6658          -22.45            1.44
  2013.6685          -25.08            1.44
  2013.6713          -23.65            1.43
  2013.6740          -22.14            1.47
  2013.6768          -14.60            1.69
  2013.6794          -17.39            1.63
  2013.6823          -22.74            1.61
  2013.6849          -23.75            1.64
  2013.6876          -22.49            1.65
  2013.6904          -24.70            1.59
  2013.6931          -19.17            1.57
  2013.6959          -25.20            1.51
  2013.6986          -21.76            1.58
  2013.7014          -26.87            1.48
  2013.7041          -24.82            1.56
  2013.7069          -29.03            1.56
  2013.7096          -28.84            1.54
  2013.7123          -26.89            1.50
  2013.7151          -20.35            1.49
  2013.7178          -19.73            1.59
  2013.7206          -28.17            1.59
  2013.7233          -26.12            1.61
  2013.7261          -26.18            1.59
  2013.7288          -20.66            1.67
  2013.7316          -18.40            1.47
  2013.7343          -16.95            1.49
  2013.7369          -33.26            1.67
  2013.7397          -24.24            1.61
  2013.7424          -21.85            1.56
  2013.7561          -20.43            1.53
  2013.7589          -19.13            1.59
  2013.7616          -18.82            1.63
  2013.7644          -17.86            1.54
  2013.7671          -13.80            1.79
  2013.7699          -23.60            1.58
  2013.7726          -21.65            1.58
  2013.7754          -22.52            1.72
  2013.7781          -10.41            1.79
  2013.7808          -24.48            1.69
  2013.7836          -15.86            1.71
  2013.7863          -24.28            1.79
  2013.7891           -9.03            1.60
  2013.7917          -14.96            1.67
  2013.7972          -10.09            1.61
  2013.8000          -15.07            1.69
  2013.8027          -17.22            1.82
  2013.8054          -18.12            1.72
  2013.8082          -16.70            1.67
  2013.8109          -13.67            1.55
  2013.8137          -10.29            1.85
  2013.8164          -19.71            1.64
  2013.8219           -7.53            1.51
  2013.8247          -14.05            1.49
  2013.8274          -14.63            1.60
  2013.8301           -8.92            1.57
  2013.8356          -14.47            1.60
  2013.8411          -10.06            1.44
  2013.8439          -12.31            1.47
  2013.8466          -10.00            1.47
  2013.8494          -18.59            1.63
  2013.8521          -13.05            1.51
  2013.8547          -12.73            1.54
  2013.8575          -17.06            1.56
  2013.8602           -9.97            1.70
  2013.8630          -11.66            1.63
  2013.8657          -11.45            1.59
  2013.8685          -13.23            1.57
  2013.8712          -17.03            1.64
  2013.8740          -12.41            1.58
  2013.8767          -12.44            1.44
  2013.8794           -6.33            1.44
  2013.8849           -5.34            1.49
  2013.8877           -8.97            1.61
  2013.8932           -2.11            1.52
  2013.8959           -8.91            1.63
  2013.8987           -9.04            1.67
  2013.9014          -11.20            1.59
  2013.9041          -11.19            1.47
  2013.9069          -17.96            3.13
  2013.9124           -5.10            1.48
  2013.9150           -9.29            1.51
  2013.9233          -12.56            1.76
  2013.9260          -11.72            1.52
  2013.9287          -10.67            1.52
  2013.9315          -13.02            1.61
  2013.9342          -12.01            1.59
  2013.9370          -10.47            1.63
  2013.9397          -10.20            1.66
  2013.9452           -6.73            1.70
  2013.9480           -7.20            1.64
  2013.9507           -5.58            1.59
  2013.9534           -9.64            1.70
  2013.9562          -11.62            1.56
  2013.9617          -12.89            1.61
  2013.9644           -6.89            1.68
  2013.9672          -11.17            1.60
  2013.9698           -7.66            1.61
  2013.9727           -5.30            1.64
  2013.9753          -10.01            1.62
  2013.9780           -6.49            1.61
  2013.9808           -9.93            1.56
  2013.9835           -2.47            1.67
  2013.9890          -11.39            1.80
  2013.9918           -6.54            1.59
  2013.9945           -5.05            1.75
  2013.9973           -9.84            1.64
  2014.0000           -8.72            1.75
  2014.0027           -8.04            1.70
  2014.0055          -16.18            1.87
  2014.0082           -5.63            1.62
  2014.0137           -0.88            1.59
  2014.0165           -1.74            1.66
  2014.0192          -11.71            1.67
  2014.0220           -6.65            1.70
  2014.0247           -6.21            1.67
  2014.0273           -7.90            1.73
  2014.0302           -1.26            1.66
  2014.0328           -6.19            1.71
  2014.0356          -11.42            1.61
  2014.0383          -11.93            1.82
  2014.0411           -3.10            1.64
  2014.0493           -8.32            1.63
  2014.0548           -6.92            1.67
  2014.0575           -0.74            1.77
  2014.0630          -14.11            1.86
  2014.0685           -4.20            1.69
  2014.0713           -9.84            1.62
  2014.0740           -7.18            1.66
  2014.0767          -12.19            1.83
