  2010.1315            0.00            1.04
  2010.1343            3.05            1.06
  2010.1370            2.59            1.05
  2010.1398            0.63            0.88
  2010.1425            0.91            0.88
  2010.1453            0.76            0.99
  2010.1479           -0.72            0.91
  2010.1506            1.78            0.88
  2010.1534            1.26            1.03
  2010.1561           -0.27            0.93
  2010.1616            3.17            1.01
  2010.1644           -2.15            0.89
  2010.1671           -3.24            0.93
  2010.1699           -0.12            0.95
  2010.1726            1.54            0.87
  2010.1753            3.25            0.90
  2010.1781            4.54            0.86
  2010.1808           -3.03            0.98
  2010.1836            4.02            1.03
  2010.1863            0.48            0.92
  2010.1891           -0.37            0.88
  2010.1918            0.92            0.87
  2010.1946           -0.28            0.91
  2010.1973           -0.69            0.93
  2010.2000           -1.41            0.89
  2010.2028            0.93            0.88
  2010.2054            0.56            0.88
  2010.2083            2.90            0.94
  2010.2109            3.81            0.94
  2010.2137            4.11            0.91
  2010.2164            1.55            0.99
  2010.2192           -0.17            1.06
  2010.2219            0.40            0.95
  2010.2246            0.66            0.90
  2010.2274            0.43            0.91
  2010.2301           -0.14            0.86
  2010.2329            2.55            0.94
  2010.2356            3.11            0.91
  2010.2384            2.71            0.97
  2010.2411            3.53            0.96
  2010.2439            1.30            0.94
  2010.2466            3.48            1.00
  2010.2493            1.09            3.46
  2010.2521            2.55            0.95
  2010.2548            4.35            0.89
  2010.2576            8.84            3.59
  2010.2603            4.25            0.87
  2010.2631            1.52            0.91
  2010.2657            4.66            0.88
  2010.2684            3.21            0.85
  2010.2712            3.00            0.87
  2010.2739            2.56            0.90
  2010.2767            0.65            0.88
  2010.2794            1.49            0.90
  2010.2822            2.43            0.88
  2010.2849            2.90            0.85
  2010.2877           -1.49            0.88
  2010.2904            2.98            0.96
  2010.2931            1.46            0.92
  2010.2959            0.31            0.92
  2010.2986            0.68            0.89
  2010.3014           -0.27            0.87
  2010.3069            2.58            0.87
  2010.3096            1.59            1.01
  2010.3124            2.09            0.85
  2010.3151            0.54            0.85
  2010.3177            1.38            0.91
  2010.3206            3.56            0.85
  2010.3232            3.55            0.85
  2010.3260            2.60            0.85
  2010.3287            0.13            0.90
  2010.3315            2.99            0.91
  2010.3424           -0.34            0.90
  2010.3452            0.11            0.87
  2010.3479            0.42            0.82
  2010.3507            3.42            0.82
  2010.3534            4.30            0.81
  2010.3562            3.07            0.84
  2010.3589            0.85            0.83
  2010.3617            0.60            1.35
  2010.3644            1.76            0.86
  2010.3726            2.25            0.89
  2010.3754            2.19            0.88
  2010.3781            2.04            0.88
  2010.3809            1.58            0.85
  2010.3835            2.02            0.85
  2010.3864            1.96            0.86
  2010.3890            3.48            0.93
  2010.3917            0.65            0.90
  2010.3945            0.27            0.89
  2010.3972            2.74            0.86
  2010.4000            3.42            0.85
  2010.4027            2.72            0.85
  2010.4055            1.58            0.88
  2010.4082            1.76            0.90
  2010.4110            3.88            1.95
  2010.4137            3.31            0.83
  2010.4164            1.79            0.83
  2010.4192            1.65            0.84
  2010.4219            2.74            0.82
  2010.4247            3.93            0.86
  2010.4274            4.88            0.83
  2010.4302            3.41            0.83
  2010.4329            4.19            0.80
  2010.4357            3.96            0.77
  2010.4384            2.96            0.82
  2010.4410            3.08            0.80
  2010.4438            2.86            0.86
  2010.4465            2.23            0.82
  2010.4493            3.26            0.85
  2010.4520            1.79            0.98
  2010.4548            3.71            0.81
  2010.4575            3.28            0.83
  2010.4603            2.86            1.06
  2012.0027           11.67            0.90
  2012.0055           13.18            0.88
  2012.0082           11.40            0.87
  2012.0110           15.32            0.90
  2012.0137           10.43            0.98
  2012.0165           13.01            0.85
  2012.0192            9.47            0.92
  2012.0220            9.55            0.99
  2012.0247            7.08            1.16
  2012.0273           10.19            1.15
  2012.0302            9.54            0.98
  2012.0328           11.23            0.91
  2012.0356           10.02            1.03
  2012.0383           10.19            0.94
  2012.0411           11.10            1.04
  2012.0438           11.59            0.93
  2012.0466           12.55            1.03
  2012.0493           13.23            1.06
  2012.0520           12.59            0.96
  2012.0548            9.39            1.07
  2012.0603           11.88            1.04
  2012.0630            8.05            1.04
  2012.0658           12.48            1.02
  2012.0685           10.40            1.30
  2012.0713            8.61            1.35
  2012.0740           12.00            1.20
  2012.0767            7.52            1.30
  2012.0795           14.21            1.03
  2012.0822           12.23            1.05
  2012.0850           12.97            0.96
  2012.0876            9.18            0.97
  2012.0905           11.42            0.98
  2012.0931            9.26            0.94
  2012.0959           10.91            1.00
  2012.0986           14.73            1.00
  2012.1013           13.54            0.97
  2012.1041           10.53            1.05
  2012.1068           13.50            1.01
  2012.1096           12.45            0.89
  2012.1123            9.99            0.93
  2012.1151           10.84            1.06
  2012.1178           12.72            1.15
  2012.1206           11.03            1.04
  2012.1233            9.91            0.95
  2012.1260           10.22            0.94
  2012.1288           10.17            0.98
  2012.1315           16.09            1.03
  2012.1343           11.29            1.05
  2012.1370           12.75            1.02
  2012.1398           14.56            0.97
  2012.1425           12.80            0.88
  2012.1453           13.29            0.93
  2012.1479           12.99            0.91
  2012.1506           12.93            0.90
  2012.1534           12.68            0.98
  2012.1561           11.51            0.94
  2012.1589           11.71            1.02
  2012.1616           11.74            0.97
  2012.1644           11.93            0.99
  2012.1671           12.00            0.94
  2012.1699           12.81            0.93
  2012.1726           13.00            0.99
  2012.1753           12.94            0.97
  2012.1781           14.07            1.16
  2012.1808           11.07            0.95
  2012.1836           11.05            1.06
  2012.1863           14.23            0.90
  2012.1891           12.24            0.89
  2012.1918           13.01            0.99
  2012.1946           14.14            0.99
  2012.1973           13.82            1.02
  2012.2000           14.87            1.07
  2012.2028           19.50            0.95
  2012.2054           10.83            0.92
  2012.2083           15.75            0.95
  2012.2109           13.95            1.00
  2012.2137           13.20            0.90
  2012.2164           12.18            1.09
  2012.2192           13.13            0.90
  2012.2219           14.58            0.92
  2012.2246           18.26            0.89
  2012.2274           13.74            0.88
  2012.2301           11.51            0.86
  2012.2329           17.00            0.97
  2012.2356           14.35            0.96
  2012.2384           12.38            0.85
  2012.2411           19.07            0.85
  2012.2439           12.18            0.87
  2012.2466           13.29            0.83
  2012.2493           13.24            0.92
  2012.2521           14.20            0.91
  2012.2548           14.51            0.92
  2012.2576           13.04            0.87
  2012.2603            9.98            1.01
  2012.2631           12.48            0.94
  2012.2657           11.29            0.83
  2012.2684           14.74            0.90
  2012.2712           12.49            0.94
  2012.2739           14.27            0.93
  2012.2767           14.07            0.91
  2012.2794           13.22            0.90
  2012.2822           16.00            1.01
  2012.2849           14.88            0.97
  2012.2877           14.57            0.98
  2012.2904           14.54            1.00
  2012.2931           12.42            0.94
  2012.2959           14.30            0.94
  2012.2986           13.46            0.97
  2012.3014           13.64            0.83
  2012.3041           14.68            0.88
  2012.3069           11.29            0.91
  2012.3124           13.44            0.84
  2012.3151           17.60            0.97
  2012.3206           13.45            0.85
  2012.3232           13.52            0.85
  2012.3287           13.53            0.78
  2012.3315           10.91            0.83
  2012.3342           10.85            0.81
  2012.3370           13.20            0.83
  2012.3397           12.67            0.84
  2012.3424           13.20            0.78
  2012.3452           10.25            0.78
  2012.3479           10.03            0.94
  2012.3507           11.17            0.83
  2012.3534           10.74            0.81
  2012.3562           13.49            0.82
  2012.3589           10.37            0.85
  2012.3617           11.50            0.88
  2012.3671           12.16            0.82
  2012.3726           10.12            0.88
  2012.3781           13.52            0.85
  2012.3809           10.00            0.80
  2012.3835           10.81            1.07
  2012.3864           11.02            0.88
  2012.3890           11.95            0.85
  2012.3917           11.25            0.84
  2012.3945            9.77            0.81
  2012.3972           12.36            0.83
  2012.4000           11.86            0.82
  2012.4027           10.70            0.91
  2012.4055            8.62            0.94
  2012.4110            9.68            0.86
  2012.4137           11.70            0.81
  2012.4164           11.50            0.81
  2012.4192           10.49            0.81
  2012.4219           10.98            0.88
  2012.4247           10.62            0.87
  2012.4274            8.48            0.86
  2012.4302           12.01            0.86
  2012.4329           12.83            0.78
  2012.4357           12.48            0.75
  2012.4384           12.37            0.75
  2012.4410           11.37            0.88
  2012.4438           11.34            0.79
  2012.4465           11.98            0.83
  2012.4493           10.79            0.86
  2012.4520           11.52            0.91
  2012.4548           13.01            0.78
  2012.4575           12.70            0.83
  2012.4603           12.18            0.84
  2012.4630           10.98            0.87
  2012.4657           10.48            0.81
  2012.4685           12.23            0.81
  2012.4712           10.67            0.94
  2012.4740           11.89            0.84
  2012.4767           10.55            0.89
  2012.4795            3.09            0.91
  2012.4822           13.32            0.81
  2012.4850           11.57            0.79
  2012.4877           11.89            0.83
  2012.4904           12.28            0.87
  2012.4932           12.68            0.83
  2012.4958           14.41            0.86
  2012.4987           13.85            0.88
  2012.5013           11.41            0.87
  2012.5042           12.54            0.82
  2012.5068           12.89            0.81
  2012.5096           11.29            0.85
  2012.5123           13.02            0.90
  2012.5150           12.58            0.87
  2012.5178           10.61            0.82
  2012.5205           12.26            0.82
  2012.5233           12.95            0.85
  2012.5260           12.46            0.78
  2012.5288           10.79            0.82
  2012.5315           11.93            0.83
  2012.5343           13.35            0.82
  2012.5370           12.94            0.77
  2012.5397           11.76            0.79
  2012.5425           11.79            0.82
  2012.5452           10.10            0.84
  2012.5480            9.15            0.86
  2012.5507           13.40            0.99
  2012.5535           12.04            0.81
  2012.5562           12.88            0.81
  2012.5590           12.74            0.84
  2012.5616           14.06            0.82
  2012.5643           12.85            0.80
  2012.5671           14.11            0.79
  2012.5698           14.65            0.78
  2012.5726           12.16            0.83
  2012.5753           14.23            0.80
  2012.5781           13.53            0.85
  2012.5808           12.86            0.80
  2012.5836           13.54            0.80
  2012.5863           13.41            0.86
  2012.5890           13.02            0.83
  2012.5918           13.06            0.83
  2012.5945           14.04            0.80
  2012.5973           14.37            1.24
  2012.6000           17.56            0.83
  2012.6028           14.43            0.83
  2012.6055           13.00            0.86
  2012.6083           14.66            0.84
  2012.6110           15.65            0.79
  2012.6136           15.35            0.85
  2012.6165           11.25            0.86
  2012.6191           16.30            0.88
  2012.6219           15.93            0.91
  2012.6246           15.23            0.90
  2012.6274           15.20            0.86
  2012.6301           15.94            0.94
  2012.6329           13.01            0.87
  2012.6356           12.18            0.88
  2012.6383           12.89            0.86
  2012.6411           14.28            0.86
  2012.6438           15.18            0.89
  2012.6466           15.38            0.86
  2012.6493           15.65            0.81
  2012.6521           17.74            0.85
  2012.6548           14.24            0.80
  2012.6576           14.41            0.80
  2012.6603           14.27            0.83
  2012.6630           16.58            0.93
  2012.6658           13.17            0.82
  2012.6685           12.35            0.88
  2012.6713           15.35            0.85
  2012.6740           12.80            0.91
  2012.6768           14.63            0.88
  2012.6794           14.86            0.87
  2012.6823           14.01            0.91
  2012.6849           15.34            0.90
  2012.6876           16.69            0.91
  2012.6904           15.57            0.85
  2012.6931           15.06            0.83
  2012.6959           13.88            0.82
  2012.6986           14.87            0.87
  2012.7014           14.20            0.87
  2012.7041           13.17            0.94
  2012.7069           13.08            0.87
  2012.7096           15.72            0.87
  2012.7123           14.16            0.87
  2012.7151           13.37            0.90
  2012.7178           13.99            0.94
  2012.7206           15.45            0.86
  2012.7233           10.95            0.90
  2012.7261           17.60            0.90
  2012.7288           18.03            0.86
  2012.7316           13.70            0.87
  2012.7343           13.34            0.91
  2012.7369           14.75            0.95
  2012.7397           14.47            0.87
  2012.7424           15.01            0.87
  2012.7452           13.78            0.90
  2012.7479           10.79            0.93
  2012.7534           11.86            1.02
  2012.7561           13.77            0.94
  2012.7589           13.54            0.93
  2012.7616           17.09            0.94
  2012.7644           12.18            0.89
  2012.7671           13.70            1.00
  2012.7699           13.07            0.97
  2012.7726           15.53            0.92
  2012.7754           14.84            1.04
  2012.7781           14.34            0.86
  2012.7808           14.64            0.87
  2012.7836           13.71            0.87
  2012.7863           14.39            0.83
  2012.7891           14.21            0.91
  2012.7917           15.03            0.97
  2012.7946           15.92            0.96
  2012.7972           15.39            0.93
  2012.8000           14.57            0.88
  2012.8027           14.36            0.98
  2012.8054           14.66            1.03
  2012.8082           13.32            1.06
  2012.8109           12.28            0.97
  2012.8137           14.06            1.03
  2012.8164           12.73            0.95
  2012.8192           14.95            0.98
  2012.8219           12.62            1.04
  2012.8247           13.47            1.04
  2012.8274           14.76            0.98
  2012.8301           13.60            1.11
  2012.8329           14.59            0.99
  2012.8356           15.57            0.93
  2012.8384           14.30            0.92
  2012.8411           15.66            0.93
  2012.8439           14.55            1.04
  2012.8466           13.36            0.93
  2012.8494           14.00            0.95
  2012.8521           14.25            0.99
  2012.8547           13.32            0.97
  2012.8575           12.25            1.02
  2012.8602           12.62            1.02
  2012.8630           15.86            1.00
  2012.8657           14.46            0.93
  2012.8685           16.61            0.96
  2012.8712           13.77            0.92
  2012.8740           17.40            0.95
  2012.8767           18.58            0.96
  2012.8794           14.52            0.95
  2012.8822           17.21            0.96
  2012.8849           17.64            0.96
  2012.8877           16.11            0.93
  2012.8904           14.77            0.96
  2012.8932           16.70            1.07
  2012.8959           18.87            1.05
  2012.8987           14.99            0.99
  2012.9014           17.11            0.96
  2012.9041           18.22            3.86
  2012.9069           17.90            1.00
  2012.9095           14.96            0.97
  2012.9124           14.11            1.02
  2012.9150           15.29            1.20
  2012.9178           15.08            1.04
  2012.9205           11.93            1.02
  2012.9233           12.42            1.61
  2012.9260           17.20            1.18
  2012.9287           14.98            1.08
  2012.9315           14.26            1.02
  2012.9342           14.20            1.27
  2012.9370           14.00            1.12
  2012.9397           15.29            1.03
  2012.9425           15.50            1.00
  2012.9452           15.01            1.08
  2012.9480           15.10            1.03
  2012.9507           13.28            1.06
  2012.9534           15.48            0.98
  2012.9562           13.20            1.03
  2012.9589           14.62            1.03
  2012.9617           14.54            1.11
  2012.9644           17.22            1.03
  2012.9672           12.59            1.23
  2012.9698           14.79            1.23
  2012.9727           16.69            1.14
  2012.9753           16.49            1.01
  2012.9780           14.40            1.03
  2012.9808           17.09            1.05
  2012.9835           11.48            1.25
  2012.9863           17.58            1.12
  2012.9890           14.19            1.03
  2012.9918           16.33            0.97
  2012.9945           16.07            0.97
  2012.9973           14.58            0.96
  2013.0000           15.87            0.98
  2013.0027           16.00            1.16
  2013.0027           14.72            0.79
  2013.0055           15.47            0.80
  2013.0082           16.27            0.87
  2013.0110           16.26            0.86
  2013.0137           15.94            0.91
  2013.0165           15.15            0.95
  2013.0192           15.18            0.97
  2013.0220           14.75            0.84
  2013.0247           14.27            0.93
  2013.0273           16.65            0.90
  2013.0302           18.05            0.92
  2013.0328           14.72            0.91
  2013.0356           16.37            0.89
  2013.0383           15.69            0.87
  2013.0411           14.42            0.93
  2013.0438           17.09            0.98
  2013.0466           17.45            1.08
  2013.0493           13.85            0.89
  2013.0520           16.42            0.86
  2013.0548           15.77            0.86
  2013.0575           16.08            0.89
  2013.0603           12.71            0.95
  2013.0630           15.16            0.98
  2013.0658           14.94            0.95
  2013.0685           14.60            0.88
  2013.0713           19.09            0.83
  2013.0740           16.55            0.85
  2013.0767           16.02            0.88
  2013.0795           14.87            0.86
  2013.0822           15.55            0.90
  2013.0850           17.93            0.94
  2013.0876           15.76            0.97
  2013.0905           16.73            0.91
  2013.0931           15.91            0.89
  2013.0959           16.45            0.87
  2013.0986            9.24            0.91
  2013.1013           17.56            1.04
  2013.1041           17.50            0.86
  2013.1068           16.75            0.89
  2013.1096           18.22            0.91
  2013.1123           15.33            0.98
  2013.1151           11.27            0.98
  2013.1178           17.39            0.94
  2013.1206           14.96            0.91
  2013.1233           14.33            1.01
  2013.1260           17.47            0.94
  2013.1288           14.89            1.00
  2013.1315           15.92            0.94
  2013.1343           19.97            0.85
  2013.1370           19.56            0.81
  2013.1398           18.50            0.88
  2013.1425           17.38            0.93
  2013.1453           18.04            0.88
  2013.1479           14.90            0.91
  2013.1506           16.69            0.86
  2013.1534           17.81            0.83
  2013.1561           18.89            0.84
  2013.1589           19.04            0.83
  2013.1616           18.42            0.87
  2013.1644           17.25            0.87
  2013.1671           16.87            0.86
  2013.1699           19.04            0.81
  2013.1726           18.74            0.84
  2013.1753           13.15            0.93
  2013.1781           18.44            0.93
  2013.1808           17.64            0.90
  2013.1863           21.85            0.97
  2013.1918           15.54            0.95
  2013.2000           18.48            0.82
  2013.2028           18.23            0.85
  2013.2054           18.27            0.92
  2013.2083           20.24            0.89
  2013.2109           19.47            0.83
  2013.2164           15.86            0.96
  2013.2192           17.20            0.84
  2013.2219           20.04            0.82
  2013.2246           19.02            0.85
  2013.2274           15.03            0.92
  2013.2301           18.49            0.91
  2013.2329           16.46            1.01
