  2012.0027            0.00            0.15
  2012.0055            2.94            0.15
  2012.0082            2.19            0.14
  2012.0110            1.71            0.14
  2012.0137           -0.34            0.16
  2012.0165           -1.85            0.14
  2012.0192           -3.83            0.15
  2012.0220           -3.32            0.10
  2012.0247           -3.64            0.11
  2012.0273           -3.59            0.11
  2012.0302            0.08            0.13
  2012.0328           -0.66            0.12
  2012.0356           -3.08            0.12
  2012.0383           -1.47            0.12
  2012.0411           -1.74            0.15
  2012.0438           -2.76            0.13
  2012.0466            0.27            0.14
  2012.0493           -1.92            0.14
  2012.0520           -2.20            0.13
  2012.0548           -0.63            0.15
  2012.0603           -0.35            0.14
  2012.0630           -1.37            0.14
  2012.0658           -0.72            0.14
  2012.0685            1.05            0.18
  2012.0713           -0.20            0.18
  2012.0740           -1.14            0.16
  2012.0767           -1.97            0.18
  2012.0795            2.25            0.16
  2012.0822           -1.51            0.16
  2012.0850            0.99            0.15
  2012.0876            3.38            0.15
  2012.0905            1.61            0.15
  2012.0931            1.78            0.14
  2012.0959            2.21            0.14
  2012.0986           -0.59            0.21
  2012.1013            0.50            0.15
  2012.1041           -1.55            0.16
  2012.1068            0.15            0.20
  2012.1096            3.39            0.14
  2012.1123           -0.69            0.19
  2012.1151           -0.38            0.18
  2012.1178           -0.78            0.15
  2012.1206           -1.07            0.26
  2012.1233           -0.16            0.14
  2012.1260           -0.12            0.14
  2012.1288            1.51            0.15
  2012.1315           -0.55            0.15
  2012.1343            0.21            0.14
  2012.1370            0.61            0.15
  2012.1398            1.21            0.20
  2012.1425            2.23            0.13
  2012.1453            2.11            0.15
  2012.1479            1.99            0.19
  2012.1506            2.15            0.15
  2012.1534            3.76            0.29
  2012.1561            2.37            0.15
  2012.1589            1.19            0.22
  2012.1616            0.55            0.22
  2012.1644           -0.91            0.19
  2012.1671            0.51            0.14
  2012.1699            0.02            0.20
  2012.1726            2.84            0.18
  2012.1753            0.66            0.18
  2012.1781            1.86            0.20
  2012.1808            1.88            0.26
  2012.1836            7.33            0.17
  2012.1863            3.96            0.14
  2012.1891            4.57            0.14
  2012.1918            2.44            0.15
  2012.1946            1.63            0.11
  2012.1973            0.93            0.17
  2012.2000           -3.76            0.24
  2012.2028           -3.72            0.12
  2012.2054           -3.07            0.10
  2012.2083           -2.67            0.15
  2012.2109           -3.32            0.11
  2012.2137           -1.92            0.13
  2012.2164           -1.29            0.08
  2012.2192           -1.56            0.12
  2012.2219           -1.80            0.13
  2012.2246            0.83            0.13
  2012.2274           -1.97            0.11
  2012.2301           -1.04            0.13
  2012.2329           -3.88            0.20
  2012.2356            0.91            0.13
  2012.2384           -0.84            0.12
  2012.2411           -1.92            0.13
  2012.2439           -0.91            0.14
  2012.2466           -2.14            0.13
  2012.2493           -3.91            0.15
  2012.2521           -4.34            0.20
  2012.2548            0.00            0.15
  2012.2576           -5.75            0.12
  2012.2603           -5.97            0.20
  2012.2631           -3.43            0.15
  2012.2657           -1.41            0.13
  2012.2684           -2.35            0.12
  2012.2712            2.89            0.13
  2012.2739            1.90            0.13
  2012.2767            1.14            0.12
  2012.2794            2.14            0.18
  2012.2822           -4.84            0.11
  2012.2849            1.61            0.14
  2012.2877           -1.42            0.09
  2012.2904            2.02            0.11
  2012.2931            0.57            0.11
  2012.2959           -0.19            0.17
  2012.2986           -0.29            0.14
  2012.3014            1.01            0.12
  2012.3041            0.28            0.22
  2012.3069           -3.71            0.14
  2012.3124            0.15            0.13
  2012.3151           -0.10            0.13
  2012.3206           -2.99            0.14
  2012.3232            2.68            0.14
  2012.3287           -2.45            0.12
  2012.3315           -1.95            0.13
  2012.3342           -3.38            0.13
  2012.3370           -1.14            0.12
  2012.3397           -4.34            0.13
  2012.3424           -2.24            0.12
  2012.3452            1.81            0.13
  2012.3479           -0.80            0.20
  2012.3507           -1.32            0.13
  2012.3534            0.22            0.13
  2012.3562            0.87            0.17
  2012.3589            1.48            0.14
  2012.3617           -0.47            0.14
  2012.3671           -1.90            0.13
  2012.3726            0.10            0.20
  2012.3781           -0.36            0.13
  2012.3809            0.92            0.13
  2012.3835           -2.25            0.16
  2012.3864           -1.35            0.10
  2012.3890           -0.39            0.10
  2012.3917           -1.71            0.12
  2012.3945            0.42            0.12
  2012.3972            0.58            0.12
  2012.4000            0.30            0.13
  2012.4027            0.29            0.13
  2012.4055           -2.16            0.15
  2012.4110           -4.59            0.13
  2012.4137           -3.02            0.13
  2012.4164           -2.98            0.12
  2012.4192           -1.07            0.13
  2012.4219           -0.67            0.14
  2012.4247           -1.84            0.14
  2012.4274           -1.35            0.13
  2012.4302           -0.10            0.17
  2012.4329           -0.44            0.13
  2012.4357           -0.57            0.12
  2012.4384            0.38            0.12
  2012.4410           -1.17            0.14
  2012.4438            1.00            0.13
  2012.4465            0.39            0.13
  2012.4493           -3.25            0.14
  2012.4520           -1.69            0.14
  2012.4548           -0.36            0.13
  2012.4575            1.80            0.13
  2012.4603           -1.52            0.13
  2012.4630           -1.37            0.13
  2012.4657           -4.14            0.12
  2012.4685           -0.19            0.12
  2012.4712           -2.79            0.13
  2012.4740           -2.33            0.12
  2012.4767            0.62            0.62
  2012.4795           -1.32            0.13
  2012.4822            0.41            0.13
  2012.4850            1.57            0.12
  2012.4877            3.13            0.20
  2012.4904           -4.11            0.20
  2012.4932           -3.44            0.13
  2012.4958           -2.44            0.14
  2012.4987           -0.18            0.14
  2012.5013           -4.79            0.14
  2012.5042           -2.96            0.13
  2012.5068           -3.20            0.12
  2012.5096           -2.94            0.14
  2012.5123           -2.41            0.14
  2012.5150           -3.78            0.19
  2012.5178           -3.47            0.13
  2012.5205           -0.94            0.13
  2012.5233           -1.31            0.14
  2012.5260           -0.15            0.12
  2012.5288           -5.62            0.13
  2012.5315           -0.44            0.13
  2012.5343           -3.95            0.12
  2012.5370            0.77            0.12
  2012.5397           -1.50            0.13
  2012.5425           -0.67            0.13
  2012.5452           -1.65            0.14
  2012.5480           -1.68            0.13
  2012.5507           -3.39            0.05
  2012.5535           -0.56            0.13
  2012.5562           -3.94            0.14
  2012.5590           -5.63            0.12
  2012.5616           -4.26            0.12
  2012.5643           -0.17            0.12
  2012.5671           -2.72            0.13
  2012.5698           -1.41            0.13
  2012.5726           -2.72            0.12
  2012.5753           -3.70            0.11
  2012.5781           -2.79            0.12
  2012.5808           -1.76            0.13
  2012.5836            0.47            0.13
  2012.5863           -3.78            0.14
  2012.5890           -3.20            0.14
  2012.5918            0.35            0.13
  2012.5945           -0.54            0.13
  2012.5973           -0.96            0.22
  2012.6000           -2.75            0.17
  2012.6028           -1.64            0.13
  2012.6055           -1.63            0.14
  2012.6083           -1.94            0.14
  2012.6110            0.20            0.12
  2012.6136           -0.31            0.14
  2012.6165           -3.56            0.14
  2012.6191           -1.41            0.12
  2012.6219           -3.03            0.15
  2012.6246           -2.44            0.19
  2012.6274           -2.04            0.15
  2012.6301           -3.33            0.16
  2012.6329           -0.46            0.15
  2012.6356           -4.16            0.14
  2012.6383            0.23            0.15
  2012.6411            3.70            0.18
  2012.6438           -1.45            0.17
  2012.6466           -0.02            0.24
  2012.6493            2.66            0.14
  2012.6521            0.26            0.14
  2012.6548            1.49            0.13
  2012.6576            2.19            0.13
  2012.6603           -0.76            0.14
  2012.6630            2.57            0.14
  2012.6658            1.04            0.13
  2012.6685           -0.51            0.16
  2012.6713            0.59            0.15
  2012.6740           -1.93            0.14
  2012.6768            0.08            0.14
  2012.6794            0.68            0.17
  2012.6823            0.60            0.15
  2012.6849            1.08            0.14
  2012.6876           -0.23            0.15
  2012.6904            3.91            0.14
  2012.6931            3.69            0.14
  2012.6959            4.92            0.14
  2012.6986            2.23            0.14
  2012.7014            3.18            0.13
  2012.7041            3.55            0.14
  2012.7069           -1.07            0.15
  2012.7096            2.63            0.15
  2012.7123            2.16            0.14
  2012.7151            0.62            0.14
  2012.7178            0.21            0.15
  2012.7206            1.51            0.15
  2012.7233            0.49            0.15
  2012.7261            1.17            0.14
  2012.7288            3.19            0.13
  2012.7316            3.82            0.14
  2012.7343            2.48            0.14
  2012.7369            5.96            0.15
  2012.7397            4.10            0.18
  2012.7424            5.08            0.16
  2012.7452            6.79            0.15
  2012.7479            5.26            0.15
  2012.7507            4.71            0.15
  2012.7534            0.59            0.16
  2012.7561            4.26            0.17
  2012.7589            2.56            0.16
  2012.7616            1.13            0.16
  2012.7644            2.39            0.15
  2012.7671            4.19            0.16
  2012.7699            5.45            0.16
  2012.7726            4.65            0.15
  2012.7754            5.41            0.16
  2012.7781            7.96            0.14
  2012.7808            6.13            0.17
  2012.7836            4.01            0.14
  2012.7863            4.56            0.13
  2012.7891            2.82            0.15
  2012.7917            3.08            0.17
  2012.7946            4.48            0.17
  2012.7972            6.44            0.17
  2012.8000            3.80            0.16
  2012.8027            4.08            0.17
  2012.8054            5.79            0.18
  2012.8082            5.73            0.18
  2012.8109            5.63            0.16
  2012.8137            8.05            0.17
  2012.8164           11.30            0.31
  2012.8192            5.78            0.16
  2012.8219            6.96            0.18
  2012.8247            9.27            0.17
  2012.8274            8.62            0.17
  2012.8301           12.01            0.21
  2012.8329            8.45            0.17
  2012.8356            9.92            0.17
  2012.8384            8.42            0.16
  2012.8411            7.32            0.21
  2012.8439            9.26            0.18
  2012.8466            9.07            0.17
  2012.8494            9.38            0.18
  2012.8521            9.09            0.17
  2012.8547            9.86            0.22
  2012.8575            9.87            0.15
  2012.8602           11.34            0.18
  2012.8630           11.68            0.18
  2012.8657           11.64            0.16
  2012.8685           11.29            0.15
  2012.8712           10.61            0.16
  2012.8740           13.42            0.17
  2012.8767           12.83            0.16
  2012.8794           13.38            0.15
  2012.8822           13.56            0.15
  2012.8849           12.28            0.16
  2012.8877           13.02            0.15
  2012.8904           12.34            0.16
  2012.8932           10.10            0.23
  2012.8959            8.27            0.18
  2012.8987           12.93            0.16
  2012.9014           12.12            0.16
  2012.9041           14.44            0.68
  2012.9069           14.32            0.17
  2012.9095           14.36            0.16
  2012.9124           12.89            0.18
  2012.9150           13.72            0.19
  2012.9178           13.60            0.22
  2012.9205           10.79            0.16
  2012.9233           12.68            0.26
  2012.9260           15.26            0.18
  2012.9287           14.86            0.24
  2012.9315           15.01            0.17
  2012.9342           14.72            0.20
  2012.9370           17.56            0.19
  2012.9397           11.85            1.12
  2012.9425           16.59            0.16
  2012.9452           14.45            0.17
  2012.9480           13.71            0.18
  2012.9507           12.98            0.17
  2012.9534           15.00            0.17
  2012.9562           13.87            0.18
  2012.9589           15.25            0.19
  2012.9617           15.25            0.19
  2012.9644           15.00            0.18
  2012.9672            9.86            0.24
  2012.9698            9.41            0.22
  2012.9727           14.00            0.25
  2012.9753           14.25            0.17
  2012.9780           12.04            0.18
  2012.9808           13.31            0.23
  2012.9835            9.64            0.23
  2012.9863           12.24            0.19
  2012.9890           13.53            0.14
  2012.9918           14.77            0.17
  2012.9945           15.78            0.20
  2012.9973           13.51            0.17
  2013.0000           12.11            0.17
  2013.0027           14.50            0.18
  2013.0027           12.86            0.13
  2013.0055           12.26            0.14
  2013.0082           14.40            0.14
  2013.0110           12.48            0.14
  2013.0137            9.25            0.15
  2013.0165           11.89            0.15
  2013.0192           13.86            0.15
  2013.0220           14.04            0.12
  2013.0247           13.39            0.14
  2013.0273           13.13            0.14
  2013.0302           13.76            0.14
  2013.0328           12.77            0.14
  2013.0356           16.49            0.13
  2013.0383           15.42            0.13
  2013.0411           12.38            0.14
  2013.0438           13.94            0.16
  2013.0466           16.05            0.18
  2013.0493           16.58            0.14
  2013.0520           13.54            0.13
  2013.0548           14.85            0.12
  2013.0575           14.28            0.13
  2013.0603           13.73            0.13
  2013.0630           14.79            0.14
  2013.0658           16.74            0.19
  2013.0685           14.55            0.12
  2013.0713           14.73            0.11
  2013.0740           11.35            0.12
  2013.0767           15.08            0.13
  2013.0795           15.36            0.13
  2013.0822           13.50            0.15
  2013.0850           14.17            0.19
  2013.0876           13.05            0.14
  2013.0905           14.68            0.13
  2013.0931           15.00            0.17
  2013.0959           10.31            0.14
  2013.0986            7.92            0.14
  2013.1013            8.21            0.16
  2013.1041            8.19            0.13
  2013.1068           12.32            0.12
  2013.1096            9.46            0.12
  2013.1123           11.57            0.12
  2013.1151            9.53            0.12
  2013.1178           15.39            0.12
  2013.1206           12.94            0.12
  2013.1233           12.08            0.13
  2013.1260           13.33            0.12
  2013.1288           11.75            0.12
  2013.1315           13.17            0.12
  2013.1343           15.47            0.12
  2013.1370           13.33            0.10
  2013.1398           15.44            0.11
  2013.1425           13.45            0.12
  2013.1453           16.44            0.12
  2013.1479           16.13            0.12
  2013.1506           12.59            0.12
  2013.1534           16.16            0.11
  2013.1561           17.77            0.11
  2013.1589           14.97            0.11
  2013.1616           16.45            0.12
  2013.1644           16.94            0.12
  2013.1671           14.81            0.11
  2013.1699           16.23            0.11
  2013.1726           17.77            0.11
  2013.1753           14.63            0.12
  2013.1781           14.73            0.15
  2013.1808           17.31            0.13
  2013.1863           11.74            0.13
  2013.1918           10.06            0.13
  2013.2000           11.62            0.12
  2013.2028            9.61            0.12
  2013.2054           11.82            0.11
  2013.2083           14.54            0.12
  2013.2109           14.29            0.11
  2013.2164           13.02            0.13
  2013.2192           14.74            0.11
  2013.2219           12.59            0.11
  2013.2246           15.48            0.12
  2013.2274           13.27            0.13
  2013.2301           14.12            0.13
  2013.2329           11.07            0.10
  2013.2356           12.88            0.13
  2013.2384           11.39            0.12
  2013.2411           15.52            0.11
  2013.2439           16.37            0.11
  2013.2466           12.27            0.12
  2013.2493           10.34            0.13
  2013.2548           16.94            0.13
  2013.2576           14.08            0.17
  2013.2603           12.19            0.11
  2013.2631           12.13            0.11
  2013.2657           12.91            0.22
  2013.2684           12.29            0.15
  2013.2712           14.01            0.09
  2013.2794           13.83            0.13
  2013.2822           10.78            0.13
  2013.2849           10.89            0.11
  2013.2877           11.14            0.11
  2013.2904            7.52            0.12
  2013.2931            9.68            0.12
  2013.2959            5.88            0.12
  2013.2986            9.35            0.12
  2013.3014            8.75            0.11
  2013.3041            9.10            0.13
  2013.3069            6.20            0.08
  2013.3096            8.64            0.12
  2013.3124            8.01            0.14
  2013.3151           13.22            0.12
  2013.3177           11.57            0.11
  2013.3206            8.25            0.13
  2013.3232           12.53            0.11
  2013.3260           10.55            0.11
  2013.3287           10.53            0.11
  2013.3315           13.14            0.11
  2013.3342           14.33            0.39
  2013.3370            9.29            0.12
  2013.3397           13.15            0.12
  2013.3424           14.64            0.12
  2013.3452           12.40            0.16
  2013.3479           14.15            0.20
  2013.3562            9.84            0.12
  2013.3589           14.99            0.11
  2013.3617           13.83            0.23
  2013.3644           14.28            0.11
  2013.3671           17.08            0.11
  2013.3699           17.70            0.12
  2013.3726           11.92            0.11
  2013.3754            9.65            0.11
  2013.3781           10.15            0.12
  2013.3809           13.97            0.13
  2013.3835           13.27            0.11
  2013.3864           13.96            0.10
  2013.3890           13.60            0.08
  2013.3917           15.50            0.11
  2013.3945           13.83            0.11
  2013.4000           14.99            0.09
  2013.4027           14.87            0.12
  2013.4055           14.26            0.13
  2013.4082           14.64            0.13
  2013.4110           11.06            0.13
  2013.4137           12.87            0.15
  2013.4164           11.70            0.16
  2013.4192           15.37            0.13
  2013.4219           14.49            0.13
  2013.4247           13.36            0.15
  2013.4274           14.53            0.14
  2013.4302           12.86            0.14
  2013.4329           12.53            0.23
  2013.4357           12.65            0.13
  2013.4384           13.21            0.14
  2013.4410           11.88            0.13
  2013.4438           12.16            0.13
  2013.4465           13.77            0.14
  2013.4493           14.20            0.14
  2013.4520           16.45            0.14
  2013.4548           13.22            0.15
  2013.4575           13.71            0.14
  2013.4603           14.21            0.13
  2013.4630           13.89            0.14
  2013.4657           15.13            0.13
  2013.4685           15.24            0.14
  2013.4712           13.61            0.14
  2013.4740           15.38            0.12
  2013.4767           16.22            0.12
  2013.4795           16.61            0.12
  2013.4822           14.83            0.13
  2013.4850           14.42            0.13
  2013.4877           13.58            0.13
  2013.4904           13.60            0.14
  2013.4932           12.57            0.14
  2013.4958           12.65            0.13
  2013.4987           12.13            0.12
  2013.5013           11.86            0.12
  2013.5042           12.95            0.13
  2013.5068           13.96            0.12
  2013.5096           12.44            0.13
  2013.5123           13.62            0.12
  2013.5150           16.74            0.12
  2013.5178           12.30            0.13
  2013.5205           12.16            0.14
  2013.5233           13.77            0.12
  2013.5260           15.24            0.13
  2013.5288           13.81            0.13
  2013.5315           13.75            0.13
  2013.5343           15.41            0.13
  2013.5370           14.21            0.22
  2013.5397           13.22            0.12
  2013.5425           14.72            0.14
  2013.5452           15.21            0.13
  2013.5480           15.07            0.13
  2013.5507           12.14            0.06
  2013.5535           17.79            0.11
  2013.5562           15.92            0.12
  2013.5590           15.13            0.14
  2013.5616           10.74            0.12
  2013.5643           12.85            0.15
  2013.5671           13.56            0.13
  2013.5698           14.75            0.13
  2013.5726           16.02            0.12
  2013.5753           15.81            0.12
  2013.5781           15.41            0.11
  2013.5808           12.53            0.12
  2013.5836           16.41            0.12
  2013.5863           17.31            0.13
  2013.5890           16.49            0.13
  2013.5918           12.94            0.13
  2013.5945           13.60            0.13
  2013.5973           14.10            0.14
  2013.6000           12.58            0.14
  2013.6028           15.68            0.13
  2013.6055           18.06            0.13
  2013.6083           14.86            0.14
  2013.6110           12.68            0.13
  2013.6136           15.38            0.14
  2013.6165           13.95            0.17
  2013.6191           14.30            0.13
  2013.6219           11.12            0.13
  2013.6246           15.76            0.13
  2013.6274           11.52            0.12
  2013.6301           11.75            0.13
  2013.6329           12.18            0.13
  2013.6356           13.82            0.13
  2013.6383           14.22            0.13
  2013.6411           14.81            0.13
  2013.6438           11.97            0.13
  2013.6466           11.40            0.14
  2013.6493           14.01            0.14
  2013.6521           16.96            0.13
  2013.6548           13.98            0.14
  2013.6576           11.97            0.13
  2013.6603           14.23            0.12
  2013.6630           16.42            0.13
  2013.6658           14.82            0.14
  2013.6685           13.68            0.14
  2013.6713           16.17            0.14
  2013.6740           16.91            0.13
  2013.6768           19.60            0.17
  2013.6794           17.49            0.15
  2013.6823           15.66            0.16
  2013.6849           15.32            0.15
  2013.6876           16.71            0.15
  2013.6904            8.35            0.73
  2013.6931           15.51            0.15
  2013.6959           14.91            0.14
  2013.6986           17.53            0.35
  2013.7014           15.94            0.19
  2013.7041           14.73            0.13
  2013.7069           15.78            0.14
  2013.7096           17.25            0.14
  2013.7123           19.23            0.14
  2013.7151           16.56            0.13
  2013.7178           17.93            0.15
  2013.7206           16.77            0.15
  2013.7233           16.47            0.14
  2013.7261           19.89            0.14
  2013.7288           16.33            0.15
  2013.7316           17.85            0.13
  2013.7343           21.15            0.13
  2013.7369           17.95            0.15
  2013.7397           17.18            0.14
  2013.7424           17.44            0.14
  2013.7561           20.46            0.14
  2013.7589           21.24            0.15
  2013.7616           15.74            0.15
  2013.7644           21.62            0.14
  2013.7671           23.94            0.16
  2013.7699           24.76            0.16
  2013.7726           24.95            0.15
  2013.7754           19.49            0.16
  2013.7781           22.83            0.16
  2013.7808           19.72            0.16
  2013.7836           16.81            0.14
  2013.7863           22.25            0.15
  2013.7891           20.50            0.15
  2013.7917           24.01            0.15
  2013.7972           23.05            0.15
  2013.8000           21.42            0.15
  2013.8027           23.28            0.16
  2013.8054           24.56            0.17
  2013.8082           22.94            0.16
  2013.8109           26.06            0.15
  2013.8137           20.98            0.91
  2013.8164           22.10            0.14
  2013.8219           26.66            0.14
  2013.8247           24.00            0.14
  2013.8274           25.85            0.16
  2013.8301           24.51            0.15
  2013.8356           24.41            0.15
  2013.8411           26.75            0.14
  2013.8439           26.37            0.13
  2013.8466           28.39            0.14
  2013.8494           26.21            0.15
  2013.8521           27.76            0.15
  2013.8547           30.27            0.14
  2013.8575           29.62            0.16
  2013.8602           27.22            0.16
  2013.8630           27.35            0.16
  2013.8657           29.41            0.16
  2013.8685           27.85            0.15
  2013.8712           29.50            0.16
  2013.8740           27.70            0.16
  2013.8767           30.52            0.14
  2013.8794           29.12            0.15
  2013.8849           26.37            0.17
  2013.8877           23.96            0.16
  2013.8932           24.66            0.15
  2013.8959           23.06            0.16
  2013.8987           28.11            0.16
  2013.9014           26.99            0.15
  2013.9041           26.48            0.15
  2013.9069           27.52            0.29
  2013.9124           29.06            0.15
  2013.9150           25.67            0.14
  2013.9205           27.14            0.17
  2013.9233           24.77            0.23
  2013.9260           25.72            0.15
  2013.9287           26.27            0.15
  2013.9315           27.86            0.15
  2013.9342           25.54            0.15
  2013.9370           23.99            0.18
  2013.9397           25.68            0.16
  2013.9452           26.36            0.16
  2013.9480           24.25            0.15
  2013.9507           25.53            0.16
  2013.9534           23.72            0.16
  2013.9562           22.23            0.15
  2013.9617           20.64            0.17
  2013.9644           24.18            0.17
  2013.9672           21.52            0.16
  2013.9698           20.75            0.20
  2014.0767           23.44            0.17
  2014.0822           24.23            0.24
  2014.0850           27.00            0.18
  2014.0931           26.62            0.17
  2014.0959           25.66            0.16
  2014.0986           25.25            0.18
  2014.1013           26.34            0.16
  2014.1068           27.47            0.16
  2014.1096           23.44            0.16
  2014.1151           25.27            0.16
  2014.1178           24.57            0.17
  2014.1206           24.09            0.16
  2014.1233           25.49            0.20
  2014.1260           26.06            0.16
  2014.1288           25.18            0.15
  2014.1315           26.63            0.16
  2014.1343           24.64            0.17
  2014.1370           22.85            0.17
  2014.1398           24.23            0.16
  2014.1425           24.96            0.18
  2014.1453           26.37            0.18
  2014.1534           30.69            0.17
  2014.1561           27.91            0.13
  2014.1589           31.02            0.14
  2014.1616           28.16            0.15
  2014.1671           28.73            0.18
  2014.1699           33.89            0.34
  2014.1726           29.41            0.22
  2014.1753           26.56            0.18
  2014.1781           29.92            0.18
  2014.1808           31.70            0.16
  2014.1836           25.70            0.18
  2014.1863           28.11            0.19
  2014.1891           29.18            0.18
  2014.1918           27.00            0.17
  2014.1946           28.86            0.16
  2014.1973           29.67            0.16
  2014.2000           26.17            0.17
  2014.2028           25.31            0.18
  2014.2054           27.39            0.17
  2014.2137           26.43            0.16
  2014.2164           22.58            0.22
  2014.2192           24.78            0.17
  2014.2246           26.22            0.16
  2014.2274           27.27            0.17
  2014.2301           27.70            0.17
  2014.2329           26.12            0.23
  2014.2439           27.92            0.19
  2014.2493           27.56            0.15
  2014.2521           27.12            0.16
  2014.2548           26.44            0.17
  2014.2576           27.41            0.17
  2014.2603           25.57            0.17
  2014.2631           24.49            0.17
  2014.2657           25.03            0.18
  2014.2684           28.09            0.19
  2014.2712           27.13            0.18
  2014.2739           33.42            0.20
  2014.2767           27.60            0.18
  2014.2794           26.62            0.17
  2014.2822           31.62            0.17
  2014.2849           30.90            0.17
  2014.2877           23.10            0.14
  2014.2904           23.85            0.17
  2014.2931           26.91            0.17
  2014.2959           22.41            0.17
  2014.2986           27.32            0.16
  2014.3014           24.08            0.16
  2014.3041           28.25            0.17
  2014.3069           21.39            0.16
  2014.3096           25.00            0.17
  2014.3124           29.18            0.16
  2014.3151           27.63            0.16
  2014.3177           25.80            0.16
  2014.3206           26.62            0.16
  2014.3232           29.15            0.15
  2014.3260           27.75            0.16
  2014.3287           27.23            0.16
  2014.3315           26.94            0.16
  2014.3342           24.97            0.15
  2014.3370           27.14            0.16
  2014.3397           26.30            0.17
  2014.3424           24.71            0.16
  2014.3452           28.28            0.14
  2014.3479           26.37            0.15
  2014.3507           28.06            0.15
  2014.3534           23.24            0.16
  2014.3562           26.87            0.16
  2014.3589           31.40            0.15
  2014.3617           26.21            0.15
  2014.3644           29.21            0.15
  2014.3671           28.64            0.16
  2014.3699           27.09            0.14
  2014.3726           31.42            0.16
  2014.3754           29.19            0.15
  2014.3781           30.79            0.16
  2014.3809           33.16            0.14
  2014.3835           29.44            0.16
  2014.3864           31.78            0.18
  2014.3890           31.24            0.17
  2014.3917           32.42            0.17
  2014.3945           30.63            0.17
  2014.3972           26.69            0.19
  2014.4000           28.42            0.18
  2014.4027           31.46            0.16
  2014.4055           27.93            0.18
  2014.4082           27.42            0.19
  2014.4110           27.53            0.19
  2014.4137           32.71            0.16
  2014.4164           32.18            0.16
  2014.4192           33.18            0.16
  2014.4219           31.16            0.17
  2014.4247           31.04            0.18
  2014.4274           32.43            0.17
  2014.4302           29.25            0.17
  2014.4329           29.80            0.17
  2014.4357           29.36            0.17
  2014.4384           32.58            0.18
  2014.4410           30.10            0.19
  2014.4438           31.77            0.17
  2014.4465           28.87            0.19
  2014.4493           32.94            0.16
  2014.4520           31.84            0.18
  2014.4548           31.27            0.18
  2014.4575           29.35            0.17
