  2012.0027            0.00            0.89
  2012.0055            2.17            0.88
  2012.0082            0.84            0.84
  2012.0110           -0.17            0.88
  2012.0137            4.27            0.96
  2012.0165           -0.83            0.86
  2012.0192            0.96            0.91
  2012.0220            2.19            1.02
  2012.0247            0.12            1.18
  2012.0273            4.00            1.17
  2012.0302           -0.33            0.97
  2012.0328            2.29            0.92
  2012.0356            3.95            0.92
  2012.0383            3.44            0.93
  2012.0411            3.04            1.04
  2012.0438            1.91            0.92
  2012.0466            3.22            1.03
  2012.0493            1.87            1.09
  2012.0520            4.50            0.95
  2012.0548            0.03            1.07
  2012.0603            0.63            1.05
  2012.0630           -0.16            1.03
  2012.0658            1.80            1.00
  2012.0685           -0.66            1.30
  2012.0713           -0.20            1.35
  2012.0740           -0.79            1.20
  2012.0767           -2.69            1.32
  2012.0795            3.16            1.05
  2012.0822            5.67            1.05
  2012.0850            7.00            0.97
  2012.0876            6.77            0.98
  2012.0905            4.04            0.99
  2012.0931            6.63            0.93
  2012.0959            6.81            1.00
  2012.0986            8.29            1.04
  2012.1013            6.41            0.98
  2012.1041            5.45            1.05
  2012.1068            6.16            1.03
  2012.1096            6.00            0.89
  2012.1123            6.86            0.97
  2012.1151            5.10            1.03
  2012.1178            4.09            1.05
  2012.1206           -0.21            1.29
  2012.1233            0.30            0.95
  2012.1260           -1.90            0.94
  2012.1288            0.92            0.98
  2012.1315            3.59            1.04
  2012.1343           -0.23            1.04
  2012.1370            0.42            1.03
  2012.1398            1.74            1.02
  2012.1425            1.11            0.88
  2012.1453            0.15            0.92
  2012.1479            3.05            0.94
  2012.1506            2.66            0.89
  2012.1534            0.70            1.37
  2012.1561            0.80            0.93
  2012.1589           -2.10            1.11
  2012.1616           -1.95            1.02
  2012.1644           -5.08            1.11
  2012.1671            0.30            1.00
  2012.1699           -1.75            1.01
  2012.1726           -4.09            1.04
  2012.1753           -0.55            1.00
  2012.1781            0.45            1.14
  2012.1808            1.19            1.29
  2012.1836            3.64            1.09
  2012.1863            1.33            0.91
  2012.1891            0.37            0.89
  2012.1918           -0.08            0.99
  2012.1946            0.33            1.02
  2012.1973           -2.86            1.09
  2012.2000            1.20            1.30
  2012.2028            6.75            0.97
  2012.2054            2.85            0.94
  2012.2083            7.80            1.01
  2012.2109            4.62            1.01
  2012.2137            4.41            0.91
  2012.2164            3.95            1.60
  2012.2192            5.46            0.92
  2012.2219            6.89            0.95
  2012.2246           10.30            0.92
  2012.2274            5.51            0.91
  2012.2301            5.73            0.88
  2012.2329            6.29            1.00
  2012.2356            3.00            1.03
  2012.2384            6.17            0.87
  2012.2411            8.44            0.85
  2012.2439            5.46            0.86
  2012.2466            8.17            0.82
  2012.2493            5.73            0.91
  2012.2521            4.98            1.05
  2012.2548            5.04            0.93
  2012.2576            6.55            0.89
  2012.2603            7.16            1.03
  2012.2631            7.56            0.95
  2012.2657            5.51            0.83
  2012.2684            4.72            0.92
  2012.2712            3.96            0.96
  2012.2739            4.71            0.96
  2012.2767            6.31            0.94
  2012.2794            5.62            0.98
  2012.2822            6.38            0.94
  2012.2849            5.62            0.99
  2012.2877            8.13            1.02
  2012.2904            5.58            1.03
  2012.2931            5.21            1.08
  2012.2959            6.12            1.00
  2012.2986            7.33            1.08
  2012.3014            6.31            0.84
  2012.3041            5.70            1.20
  2012.3069            1.39            0.96
  2012.3124            5.11            0.82
  2012.3151            6.90            0.97
  2012.3206            5.94            0.85
  2012.3232            4.37            0.85
  2012.3287            4.15            0.80
  2012.3315            6.31            0.81
  2012.3342            5.50            0.81
  2012.3370            7.74            0.83
  2012.3397            8.43            0.87
  2012.3424            8.06            0.78
  2012.3452            6.00            0.78
  2012.3479            7.58            0.97
  2012.3507            4.87            0.83
  2012.3534            6.18            0.84
  2012.3562            7.62            0.88
  2012.3589            6.78            0.85
  2012.3617            6.86            0.89
  2012.3671            8.72            0.82
  2012.3726            8.08            0.97
  2012.3781            9.63            0.86
  2012.3809            7.40            0.81
  2012.3835            8.35            1.06
  2012.3864            6.72            0.91
  2012.3890            8.15            0.86
  2012.3917            7.18            0.84
  2012.3945            6.68            0.83
  2012.3972            8.43            0.83
  2012.4000            8.33            0.81
  2012.4027            6.33            0.92
  2012.4055            3.18            0.94
  2012.4110            2.21            0.86
  2012.4137            2.97            0.82
  2012.4164            3.59            0.83
  2012.4192            2.74            0.82
  2012.4219            3.09            0.89
  2012.4247            2.53            0.86
  2012.4274            1.92            0.85
  2012.4302            4.08            0.88
  2012.4329            5.27            0.79
  2012.4357            4.72            0.76
  2012.4384            4.14            0.76
  2012.4410            5.80            0.88
  2012.4438            5.04            0.82
  2012.4465            5.82            0.84
  2012.4493            6.47            0.87
  2012.4520            4.52            0.91
  2012.4548            5.07            0.80
  2012.4575            4.24            0.85
  2012.4603            4.54            0.83
  2012.4630            4.16            0.88
  2012.4657            5.32            0.84
  2012.4685            4.88            0.83
  2012.4712            4.85            0.94
  2012.4740            5.03            0.85
  2012.4767            8.76            3.26
  2012.4795            4.13            0.81
  2012.4822            6.72            0.81
  2012.4850            7.05            0.80
  2012.4877           -1.10            1.04
  2012.4904            6.62            0.90
  2012.4932            6.16            0.85
  2012.4958            7.72            0.86
  2012.4987            5.59            0.87
  2012.5013            6.81            0.89
  2012.5042            6.13            0.84
  2012.5068            6.78            0.82
  2012.5096            5.33            0.86
  2012.5123            7.24            0.91
  2012.5150            5.10            0.99
  2012.5178            5.08            0.82
  2012.5205            5.27            0.84
  2012.5233            7.23            0.86
  2012.5260            6.32            0.81
  2012.5288            6.49            0.83
  2012.5315            6.54            0.83
  2012.5343            6.68            0.83
  2012.5370            5.28            0.78
  2012.5397            5.24            0.79
  2012.5425            4.75            0.82
  2012.5452            2.66            0.84
  2012.5480            4.91            0.86
  2012.5507            7.23            1.04
  2012.5535            6.29            0.84
  2012.5562            7.09            0.81
  2012.5590            6.47            0.84
  2012.5616            8.41            0.84
  2012.5643            6.71            0.81
  2012.5671            9.31            0.82
  2012.5698            7.10            0.79
  2012.5726            7.98            0.85
  2012.5753            8.11            0.84
  2012.5781            8.56            0.87
  2012.5808            6.92            0.81
  2012.5836            6.45            0.80
  2012.5863            7.05            0.89
  2012.5890            6.48            0.84
  2012.5918            6.70            0.83
  2012.5945            7.25            0.81
  2012.5973            8.10            1.26
  2012.6000            7.38            0.96
  2012.6028            9.34            0.85
  2012.6055            5.97            0.87
  2012.6083            7.71            0.86
  2012.6110            9.98            0.81
  2012.6136           10.19            0.85
  2012.6165            6.42            0.88
  2012.6191            9.14            0.91
  2012.6219           11.56            0.91
  2012.6246            9.75            0.94
  2012.6274            7.98            0.87
  2012.6301            8.88            0.93
  2012.6329            8.62            0.86
  2012.6356            7.42            0.89
  2012.6383            7.01            0.85
  2012.6411            5.86            1.34
  2012.6438            8.23            1.01
  2012.6466            7.06            1.17
  2012.6493            7.69            0.84
  2012.6521            9.61            0.87
  2012.6548            6.96            0.81
  2012.6576            7.32            0.81
  2012.6603            8.95            0.84
  2012.6630            6.52            0.94
  2012.6658            8.20            0.82
  2012.6685            8.20            0.93
  2012.6713           10.49            0.87
  2012.6740            5.94            0.92
  2012.6768           11.08            0.90
  2012.6794            8.27            0.92
  2012.6823            9.55            0.93
  2012.6849           10.85            0.90
  2012.6876           11.88            0.90
  2012.6904            9.09            0.86
  2012.6931            8.96            0.83
  2012.6959            8.36            0.83
  2012.6986            9.64            0.88
  2012.7014            9.55            0.88
  2012.7041            9.24            0.95
  2012.7069           10.41            0.92
  2012.7096            9.98            0.87
  2012.7123            7.97            0.90
  2012.7151            5.18            0.92
  2012.7178            5.68            0.93
  2012.7206            8.93            0.86
  2012.7233            5.50            0.89
  2012.7261           10.92            0.91
  2012.7288            7.85            0.87
  2012.7316            8.18            0.89
  2012.7343            5.68            0.93
  2012.7369            4.23            0.96
  2012.7397            4.72            1.02
  2012.7424            5.33            0.93
  2012.7452            3.95            0.91
  2012.7479            2.15            0.94
  2012.7507            5.07            0.94
  2012.7534            2.70            1.02
  2012.7561            4.48            0.99
  2012.7589            4.57            0.92
  2012.7616            6.43            0.94
  2012.7644            5.01            0.89
  2012.7671            3.81            1.02
  2012.7699            2.93            0.99
  2012.7726            6.36            0.93
  2012.7754            6.11            1.03
  2012.7781            3.24            0.87
  2012.7808            3.91            0.93
  2012.7836            4.41            0.89
  2012.7863            4.59            0.85
  2012.7891            3.78            0.92
  2012.7917            6.45            0.94
  2012.7946            7.05            0.96
  2012.7972            5.41            0.93
  2012.8000            7.01            0.86
  2012.8027            8.14            0.98
  2012.8054            5.78            1.02
  2012.8082            7.61            1.06
  2012.8109            6.13            0.98
  2012.8137            7.55            1.03
  2012.8164            7.39            1.30
  2012.8192            8.48            0.97
  2012.8219            7.43            1.04
  2012.8247           10.11            1.04
  2012.8274           11.78            0.98
  2012.8301            7.69            1.11
  2012.8329            9.64            1.00
  2012.8356           10.04            0.92
  2012.8384           10.08            0.92
  2012.8411            8.26            0.95
  2012.8439            9.37            1.04
  2012.8466            7.33            0.94
  2012.8494            9.54            0.94
  2012.8521            9.22            0.98
  2012.8547            5.56            1.04
  2012.8575            5.30            1.04
  2012.8602            6.18            1.01
  2012.8630            6.99            1.01
  2012.8657            8.17            0.94
  2012.8685            6.49            0.97
  2012.8712            4.28            0.91
  2012.8740            9.94            1.05
  2012.8767            9.59            0.95
  2012.8794            6.33            0.97
  2012.8822            9.16            0.99
  2012.8849            5.98            0.95
  2012.8877            6.26            0.93
  2012.8904            8.25            0.95
  2012.8932           10.07            1.10
  2012.8959           11.72            1.05
  2012.8987            8.87            0.99
  2012.9014            9.72            0.98
  2012.9041           12.06            3.79
  2012.9069           11.99            0.99
  2012.9095           12.51            0.97
  2012.9124            7.24            1.02
  2012.9150            8.08            1.19
  2012.9178            7.34            1.09
  2012.9205            7.00            1.02
  2012.9233            7.78            1.62
  2012.9260            6.01            1.17
  2012.9287            3.04            1.13
  2012.9315            3.63            1.02
  2012.9342            4.09            1.27
  2012.9370            4.04            1.12
  2012.9397          -17.61            8.35
  2012.9425            5.34            0.99
  2012.9452            2.11            1.07
  2012.9480            5.05            1.02
  2012.9507            2.78            1.08
  2012.9534            3.65            0.99
  2012.9562            2.43            1.04
  2012.9589            4.25            1.01
  2012.9617            2.86            1.11
  2012.9644            8.00            1.01
  2012.9672            3.32            1.26
  2012.9698            4.99            1.21
  2012.9727            5.66            1.20
  2012.9753            6.36            1.02
  2012.9780            4.10            1.02
  2012.9808            6.11            1.10
  2012.9835            1.06            1.25
  2012.9863            7.05            1.11
  2012.9890            2.59            1.06
  2012.9918            5.04            0.95
  2012.9945            5.78            1.03
  2012.9973            6.94            0.94
  2013.0000            5.70            0.98
  2013.0027            4.86            1.14
  2013.0027            2.39            0.80
  2013.0055            3.54            0.79
  2013.0082            4.85            0.86
  2013.0110            4.30            0.86
  2013.0137            5.91            0.92
  2013.0165            7.22            0.94
  2013.0192            6.65            0.96
  2013.0220            6.63            0.86
  2013.0247            4.02            0.91
  2013.0273            5.55            0.90
  2013.0302            9.70            0.92
  2013.0328            4.79            0.91
  2013.0356            7.93            0.89
  2013.0383            7.01            0.87
  2013.0411            5.57            0.94
  2013.0438           10.29            0.94
  2013.0466            9.35            1.08
  2013.0493            5.52            0.90
  2013.0520            6.84            0.87
  2013.0548            3.15            0.86
  2013.0575            3.43            0.89
  2013.0603            1.24            0.94
  2013.0630            0.87            0.97
  2013.0658            4.06            1.01
  2013.0685            4.67            0.88
  2013.0713            5.27            0.83
  2013.0740            3.05            0.84
  2013.0767            4.80            0.88
  2013.0795            2.04            0.86
  2013.0822            1.14            0.93
  2013.0850            7.08            0.99
  2013.0876            5.07            0.96
  2013.0905            4.09            0.91
  2013.0931           10.98            0.92
  2013.0959            8.02            0.86
  2013.0986           -0.35            0.91
  2013.1013            6.64            1.05
  2013.1041            6.73            0.87
  2013.1068            6.38            0.90
  2013.1096            9.59            0.91
  2013.1123            3.32            0.99
  2013.1151            2.95            1.00
  2013.1178            5.87            0.96
  2013.1206            3.51            0.92
  2013.1233            5.20            0.98
  2013.1260            5.58            0.94
  2013.1288            3.38            1.02
  2013.1315            6.33            0.93
  2013.1343            6.78            0.85
  2013.1370            6.62            0.83
  2013.1398            6.13            0.89
  2013.1425            3.93            0.94
  2013.1453            3.54            0.89
  2013.1479           -0.26            0.90
  2013.1506            6.36            0.86
  2013.1534            1.75            0.84
  2013.1561            4.05            0.85
  2013.1589            2.83            0.84
  2013.1616            3.57            0.89
  2013.1644            3.73            0.89
  2013.1671            3.85            0.87
  2013.1699            7.08            0.83
  2013.1726            3.74            0.85
  2013.1753            3.22            0.94
  2013.1781            5.85            0.99
  2013.1808            3.16            0.89
  2013.1863            8.54            0.99
  2013.1918            4.45            0.95
  2013.2000            3.75            0.82
  2013.2028            3.44            0.85
  2013.2054            2.27            0.92
  2013.2083            7.12            0.89
  2013.2109            3.28            0.83
  2013.2164            2.69            0.96
  2013.2192            5.20            0.84
  2013.2219            8.33            0.82
  2013.2246            6.02            0.86
  2013.2274            8.51            0.92
  2013.2301            5.88            0.92
  2013.2329            6.09            0.92
  2013.2356            6.96            0.84
  2013.2384            6.47            0.81
  2013.2411            6.36            0.92
  2013.2439            6.59            0.88
  2013.2466            4.82            0.89
  2013.2493            6.56            0.94
  2013.2548            4.59            0.91
  2013.2576            4.38            0.98
  2013.2603            5.93            0.92
  2013.2631            5.81            0.92
  2013.2657            6.46            1.72
  2013.2684            4.82            0.93
  2013.2712            5.87            1.06
  2013.2794            6.68            0.89
  2013.2822            6.36            0.83
  2013.2849            4.04            0.84
  2013.2877            5.05            0.90
  2013.2904            4.86            0.84
  2013.2931            4.74            0.83
  2013.2959            5.55            0.89
  2013.2986            3.75            0.86
  2013.3014            4.27            0.90
  2013.3041            6.99            0.89
  2013.3069            6.72            0.98
  2013.3096            5.11            0.91
  2013.3124            6.65            0.89
  2013.3151            6.13            0.88
  2013.3177            7.54            0.93
  2013.3206            4.74            0.89
  2013.3232            5.05            0.94
  2013.3260            7.92            0.85
  2013.3287            6.21            0.83
  2013.3315            4.05            0.91
  2013.3342            5.01            2.01
  2013.3370            4.67            0.99
  2013.3397            6.98            0.86
  2013.3424            7.77            0.84
  2013.3452            9.57            0.96
  2013.3479            6.72            1.17
  2013.3562            7.01            0.98
  2013.3589            7.24            0.84
  2013.3617            4.79            1.62
  2013.3644            5.32            0.85
  2013.3671            5.90            0.85
  2013.3699            4.68            0.80
  2013.3726            3.72            0.79
  2013.3754            5.35            0.81
  2013.3781            6.51            0.85
  2013.3809            4.60            1.41
  2013.3835            5.88            0.85
  2013.3864            4.73            0.81
  2013.3890            4.55            0.84
  2013.3917            7.15            0.81
  2013.3945            1.70            0.81
  2013.4000            3.56            0.88
  2013.4027            2.20            0.90
  2013.4055            3.15            0.91
  2013.4082            3.93            0.80
  2013.4110            0.57            0.81
  2013.4137            3.08            0.92
  2013.4164            5.28            0.89
  2013.4192            6.34            0.86
  2013.4219            6.62            0.79
  2013.4247            5.55            0.86
  2013.4274            5.91            0.88
  2013.4302            6.26            0.81
  2013.4329            7.85            0.99
  2013.4357            7.74            0.80
  2013.4384            7.95            0.82
  2013.4410            8.05            0.79
  2013.4438            8.58            0.83
  2013.4465            8.29            0.84
  2013.4493            7.32            0.85
  2013.4520            7.22            0.84
  2013.4548            7.24            0.91
  2013.4575            8.96            0.85
  2013.4603            7.42            0.84
  2013.4630            7.90            0.84
  2013.4657            8.11            0.83
  2013.4685            8.05            0.81
  2013.4712            8.33            0.86
  2013.4740            7.32            0.79
  2013.4767            9.00            0.81
  2013.4795           12.05            0.80
  2013.4822           11.14            0.79
  2013.4850            9.96            0.81
  2013.4877            9.84            0.89
  2013.4904            9.25            0.87
  2013.4932           10.42            0.86
  2013.4958            8.24            0.79
  2013.4987            9.34            0.79
  2013.5013           10.59            0.83
  2013.5042            9.44            0.83
  2013.5068           11.15            0.87
  2013.5096            9.95            0.83
  2013.5123            8.27            0.79
  2013.5150           10.67            0.77
  2013.5178           10.79            0.79
  2013.5205           10.77            0.85
  2013.5233           12.77            0.82
  2013.5260           10.71            0.79
  2013.5288           11.46            0.78
  2013.5315           10.31            0.83
  2013.5343           12.31            0.82
  2013.5370           12.03            1.00
  2013.5397           11.04            0.77
  2013.5425           13.13            0.82
  2013.5452            9.90            0.79
  2013.5480           12.58            0.78
  2013.5507           10.77            0.93
  2013.5535            8.60            0.78
  2013.5562            9.75            0.75
  2013.5590           10.44            0.76
  2013.5616           10.54            0.75
  2013.5643           11.67            0.81
  2013.5671           11.46            0.84
  2013.5698           13.07            0.76
  2013.5726           12.66            0.74
  2013.5753           11.21            0.75
  2013.5781           14.74            0.81
  2013.5808           11.82            0.76
  2013.5836           12.86            0.73
  2013.5863           11.28            0.77
  2013.5890           12.41            0.79
  2013.5918           13.34            0.85
  2013.5945           14.04            0.81
  2013.5973           12.40            0.82
  2013.6000           13.44            0.86
  2013.6028           12.33            0.80
  2013.6055           12.78            0.76
  2013.6083           13.43            0.79
  2013.6110           13.38            0.82
  2013.6136           12.22            0.81
  2013.6165           12.01            0.79
  2013.6191           12.74            0.76
  2013.6219           13.90            0.81
  2013.6246           11.93            0.78
  2013.6274           12.37            0.75
  2013.6301           11.86            0.78
  2013.6329           10.82            0.79
  2013.6356           12.36            0.79
  2013.6383           10.24            0.79
  2013.6411           10.26            0.77
  2013.6438            9.85            0.78
  2013.6466           10.36            0.80
  2013.6493           10.55            0.81
  2013.6521            9.72            0.77
  2013.6548           12.99            0.79
  2013.6576            9.46            0.77
  2013.6603           11.86            0.78
  2013.6630            8.00            0.78
  2013.6658            9.12            0.82
  2013.6685           11.20            0.80
  2013.6713           11.11            0.82
  2013.6740           10.84            0.84
  2013.6768            8.04            0.99
  2013.6794            5.17            0.91
  2013.6823            8.67            0.91
  2013.6849            8.09            0.92
  2013.6876            8.80            0.93
  2013.6904           16.45            4.67
  2013.6931            7.98            0.89
  2013.6959            7.93            0.88
  2013.6986            5.78            1.62
  2013.7014            7.91            0.92
  2013.7041            7.52            0.90
  2013.7069            9.08            0.86
  2013.7096            9.08            0.84
  2013.7123           10.09            0.86
  2013.7151            9.24            0.84
  2013.7178            7.28            0.88
  2013.7206            8.49            0.90
  2013.7233           10.54            0.91
  2013.7261            8.65            0.89
  2013.7288           12.10            0.91
  2013.7316            8.36            0.83
  2013.7343            8.02            0.84
  2013.7369            7.96            0.92
  2013.7397            9.21            0.88
  2013.7424            4.73            0.88
  2013.7561            8.31            0.85
  2013.7589            7.70            0.88
  2013.7616            7.36            0.92
  2013.7644           11.42            0.87
  2013.7671           10.04            0.98
  2013.7699            3.10            0.91
  2013.7726           11.82            0.88
  2013.7754           12.11            0.94
  2013.7781            9.29            1.00
  2013.7808           11.69            0.94
  2013.7836           14.93            0.94
  2013.7863           11.75            0.96
  2013.7891           12.12            0.91
  2013.7917           13.74            0.94
  2013.7972           16.01            0.91
  2013.8000           15.12            0.95
  2013.8027           14.63            1.02
  2013.8054           14.56            1.01
  2013.8082           11.97            0.94
  2013.8109           12.65            0.87
  2013.8137           12.62            2.20
  2013.8164           13.46            0.92
  2013.8219           17.31            0.85
  2013.8247           13.24            0.86
  2013.8274           13.63            0.93
  2013.8301            9.54            0.90
  2013.8356            8.04            0.90
  2013.8411           12.09            0.82
  2013.8439           14.26            0.84
  2013.8466           13.45            0.84
  2013.8494           12.51            0.94
  2013.8521           13.32            0.85
  2013.8547           13.73            0.92
  2013.8575           14.20            0.90
  2013.8602           13.14            0.93
  2013.8630           16.50            0.92
  2013.8657           18.40            0.89
  2013.8685           17.96            0.88
  2013.8712           13.34            0.93
  2013.8740           17.83            0.93
  2013.8767           19.23            0.84
  2013.8794           12.60            0.84
  2013.8849            7.18            0.87
  2013.8877            8.93            0.92
  2013.8932            8.14            0.90
  2013.8959            9.02            0.90
  2013.8987            6.68            0.93
  2013.9014            8.93            0.90
  2013.9041            8.21            0.88
  2013.9069            5.90            1.85
  2013.9124            6.86            0.86
  2013.9150            9.52            0.88
  2013.9205           11.94            0.94
  2013.9233           10.94            1.09
  2013.9260           11.73            0.85
  2013.9287           10.56            0.89
  2013.9315           14.79            0.92
  2013.9342            8.30            0.91
  2013.9370            7.17            0.96
  2013.9397           11.26            0.95
  2013.9452            8.29            0.98
  2013.9480           10.43            0.96
  2013.9507           10.83            0.91
  2013.9534            8.65            0.97
  2013.9562            6.06            0.91
  2013.9617            9.81            0.94
  2013.9644            8.49            0.95
  2013.9672            8.10            0.91
  2013.9698            6.98            1.03
  2014.0767           12.69            1.02
  2014.0822           16.84            1.18
  2014.0850           17.36            1.01
  2014.0931           10.40            1.06
  2014.0959           10.99            1.00
  2014.0986           11.05            1.07
  2014.1013           12.58            0.96
  2014.1068           10.00            0.96
  2014.1096           12.40            0.99
  2014.1151           10.33            1.01
  2014.1178            9.35            0.97
  2014.1206           10.30            0.96
  2014.1233            8.09            1.09
  2014.1260            6.90            0.97
  2014.1288            5.71            0.97
  2014.1315            8.54            1.02
  2014.1343            8.35            1.02
  2014.1370           11.93            1.06
  2014.1398            8.72            1.05
  2014.1425            3.51            1.10
  2014.1453           13.34            1.06
  2014.1534            9.34            1.02
  2014.1561           12.72            1.03
  2014.1589            9.93            1.06
  2014.1616            9.76            0.94
  2014.1671            5.40            1.00
  2014.1699           10.35            1.11
  2014.1726           13.28            1.07
  2014.1753            6.56            1.01
  2014.1781           15.07            1.01
  2014.1808           10.12            0.96
  2014.1836           13.62            1.03
  2014.1863           11.90            1.03
  2014.1891           10.93            0.96
  2014.1918           11.61            0.97
  2014.1946           14.45            0.96
  2014.1973           14.04            0.98
  2014.2000           14.16            0.97
  2014.2028           10.54            0.98
  2014.2054           10.09            1.03
  2014.2137            9.83            1.01
  2014.2164           11.88            1.10
  2014.2192            7.86            0.99
  2014.2246           12.02            0.88
  2014.2274           10.59            0.96
  2014.2301            9.94            0.96
  2014.2329           15.46            1.23
  2014.2439            8.19            1.04
  2014.2493            9.44            0.94
  2014.2521            9.58            0.91
  2014.2548           12.24            0.96
  2014.2576           11.55            0.91
  2014.2603            9.27            0.97
  2014.2631            9.06            0.91
  2014.2657            9.68            0.98
  2014.2684            3.99            1.00
  2014.2712            7.20            0.93
  2014.2739            5.82            0.96
  2014.2767            9.53            1.00
  2014.2794           10.94            0.95
  2014.2822            8.93            0.86
  2014.2849           10.17            0.84
  2014.2877           10.22            0.96
  2014.2904            9.62            0.89
  2014.2931            9.55            0.87
  2014.2959            9.13            0.86
  2014.2986            9.06            0.85
  2014.3014           10.50            0.85
  2014.3041            9.51            0.91
  2014.3069           10.13            0.86
  2014.3096            6.96            0.84
  2014.3124            9.18            0.87
  2014.3151            8.73            0.83
  2014.3177            9.57            0.84
  2014.3206            7.82            0.86
  2014.3232            8.97            0.82
  2014.3260            9.54            0.85
  2014.3287            9.50            0.90
  2014.3315            9.41            0.87
  2014.3342           10.01            0.86
  2014.3370            9.70            0.89
  2014.3397           10.54            0.91
  2014.3424            9.26            0.89
  2014.3452           12.22            0.89
  2014.3479           10.50            0.82
  2014.3507           11.04            0.85
  2014.3534            9.71            0.85
  2014.3562           10.35            0.88
  2014.3589            9.89            0.84
  2014.3617           11.64            0.85
  2014.3644           11.72            0.85
  2014.3671           13.80            0.93
  2014.3699           11.21            0.87
  2014.3726           11.69            0.88
  2014.3754            9.36            0.88
  2014.3781           11.37            0.88
  2014.3809           11.37            0.82
  2014.3835           11.34            0.85
  2014.3864           11.81            0.93
  2014.3890           11.19            0.93
  2014.3917           12.10            0.89
  2014.3945           11.85            0.87
  2014.3972           11.82            0.88
  2014.4000           12.06            0.86
  2014.4027           11.99            0.82
  2014.4055           11.85            0.88
  2014.4082           11.49            0.90
  2014.4110           10.79            0.86
  2014.4137           10.37            0.84
  2014.4164           10.71            0.83
  2014.4192           13.55            0.85
  2014.4219           10.46            0.85
  2014.4247           10.36            0.91
  2014.4274           10.66            0.90
  2014.4302           12.12            0.90
  2014.4329           10.13            0.89
  2014.4357           10.57            0.90
  2014.4384           12.31            0.86
  2014.4410           11.61            0.89
  2014.4438           14.19            0.91
  2014.4465           12.49            0.94
  2014.4493           12.09            0.85
  2014.4520           11.82            0.88
  2014.4548           12.03            0.86
  2014.4575           13.94            0.82
