  2010.0027            0.00            1.82
  2010.0055          -11.56            5.16
  2010.0137          -11.37            1.96
  2010.0165           -7.20            1.77
  2010.0192           -5.96            1.74
  2010.0220           -7.33            1.73
  2010.0247           -6.38            1.83
  2010.0273          -10.03            1.75
  2010.0302          -13.02            1.99
  2010.0328          -14.32            2.32
  2010.0356           -7.46            1.73
  2010.0383           -9.94            1.71
  2010.0411          -10.75            1.77
  2010.0438          -11.52            1.79
  2010.0466           -6.11            2.35
  2010.0493          -15.05            2.48
  2010.0520           -1.93            1.72
  2010.0548           -7.43            1.76
  2010.0575           -7.52            1.76
  2010.0603           -6.16            1.74
  2010.0630           -7.89            1.74
  2010.0658           -9.38            1.74
  2010.0685           -9.85            1.89
  2010.0713          -15.25            1.81
  2010.0740          -11.30            1.84
  2010.0767           -4.35            1.93
  2010.0795           -4.86            1.84
  2010.0822           -5.76            1.78
  2010.0850           -8.01            1.66
  2010.0876           -2.69            1.73
  2010.0905           -0.01            1.89
  2010.0931          -17.08            1.83
  2010.0959           -8.34            1.76
  2010.0986           -3.16            1.80
  2010.1013           -3.66            1.89
  2010.1041          -12.38            1.82
  2010.1068           -4.91            1.79
  2010.1096           -6.27            1.85
  2010.1123           -4.79            1.72
  2010.1151           -0.52            1.87
  2010.1178          -12.10            2.39
  2010.1206           -4.77            1.87
  2010.1233           -0.50            2.15
  2010.1260           -4.90            1.80
  2010.1288           -3.35            1.82
  2010.1315            2.90            1.88
  2010.1343           -2.37            2.28
  2010.1370           -8.77            1.90
  2010.1398           -6.71            1.71
  2010.1425           -7.42            2.24
  2010.1453           -8.09            1.85
  2010.1479          -13.71            1.76
  2010.1506           -5.18            1.73
  2010.1534          -11.10            2.07
  2010.1561          -10.72            2.13
  2010.1863         -437.71            2.96
  2010.1891         -446.86            1.88
  2010.1918         -447.89            2.74
  2010.1946         -442.83            2.29
  2010.1973         -444.41            1.77
  2010.2000         -446.10            1.68
  2010.2028         -445.42            2.08
  2010.2054         -447.50            1.79
  2010.2083         -442.73            1.70
  2010.2109         -447.86            1.77
  2010.2137         -450.29            1.75
  2010.2164         -446.31            4.15
  2010.2219         -449.25            2.13
  2010.2246         -447.60            1.72
  2010.2274         -452.84            1.59
  2010.2301         -445.96            1.49
  2010.2329         -450.65            1.61
  2010.2356         -449.52            1.56
  2010.2384         -448.74            1.59
  2010.2411         -446.50            1.63
  2010.2439         -445.90            1.57
  2010.2466         -447.99            1.69
  2010.2493         -453.32            1.61
  2010.2521         -454.77            1.57
  2010.2548         -448.89            1.50
  2010.2576         -449.71            1.06
  2010.2603         -451.71            1.54
  2010.2631         -452.56            1.54
  2010.2657         -450.58            1.52
  2010.2684         -453.43            1.52
  2010.2712         -450.97            1.49
  2010.2739         -450.90            1.56
  2010.2767         -450.49            1.50
  2010.2794         -450.46            1.57
  2010.2822         -448.75            1.49
  2010.2849         -453.31            1.50
  2010.2877         -451.59            1.51
  2010.2904         -451.74            2.16
  2010.2931         -457.06            1.54
  2010.2959         -460.10            1.54
  2010.2986         -455.62            1.47
  2010.3014         -454.43            1.45
  2010.3069         -458.09            1.43
  2010.3096         -456.77            1.49
  2010.3124         -457.71            1.43
  2010.3151         -458.01            1.44
  2010.3177         -457.21            1.53
  2010.3206         -454.28            1.46
  2010.3232         -454.57            1.52
  2010.3260         -452.78            1.43
  2010.3287         -453.57            1.56
  2010.3315         -450.40            1.55
  2010.3424         -456.31            1.50
  2010.3452         -458.84            1.45
  2010.3479         -455.38            1.44
  2010.3507         -455.49            1.37
  2010.3534         -456.43            1.37
  2010.3562         -459.37            1.38
  2010.3589         -457.18            1.42
  2010.3617         -454.01            2.35
  2010.3644         -454.51            2.01
  2010.4164         -457.09            1.51
  2010.4192         -461.42            1.34
  2010.4219         -458.65            1.32
  2010.4247         -463.42            1.34
  2010.4274         -460.09            1.29
  2010.4302         -457.47            1.28
  2010.4329         -456.06            1.28
  2010.4357         -456.56            1.23
  2010.4384         -454.27            1.30
  2010.4410         -455.51            1.28
  2010.4438         -454.91            1.36
  2010.4465         -440.89            4.41
  2010.4548         -460.82            1.52
  2010.4575         -460.46            1.46
  2010.4603         -462.35            1.55
  2010.4630         -465.53            1.52
  2010.4657         -464.03            1.48
  2010.4685         -459.67            1.27
  2010.4712         -455.53            1.33
  2010.4740         -457.58            1.39
  2010.4767         -467.68            1.42
  2010.4795         -461.67            1.41
  2010.4822         -458.41            1.78
  2010.4987         -458.31            1.46
  2010.5013         -450.20            3.23
  2010.5042         -459.29            1.49
  2010.5068         -459.12            1.48
  2010.5096         -465.64            1.32
  2010.5123         -463.16            1.43
  2010.5150         -464.80            1.37
  2010.5178         -459.06            1.33
  2010.5205         -460.82            1.29
  2010.5233         -459.92            1.34
  2010.5260         -469.20            1.39
  2010.5288         -466.89            1.34
  2010.5315         -464.52            1.24
  2010.5343         -467.91            1.26
  2010.5370         -464.56            1.42
  2010.5397         -463.43            1.30
  2010.5425         -466.27            1.30
  2010.5452         -462.87            1.25
  2010.5480         -464.35            1.29
  2010.5507         -471.30            1.33
  2010.5535         -459.84            3.51
  2010.5562         -468.51            1.55
  2010.5590         -466.93            1.40
  2010.5616         -468.65            1.51
  2010.5643         -471.01            1.39
  2010.5671         -464.47            1.45
  2010.5698         -460.29            1.50
  2010.5726         -467.65            1.76
  2010.5753         -462.97            1.38
  2010.5781         -467.20            1.59
  2010.5808         -470.05            1.39
  2010.5836         -468.16            1.32
  2010.5863         -468.07            1.33
  2010.5890         -463.95            1.34
  2010.5918         -468.26            1.28
  2010.5945         -466.90            2.87
  2010.5973         -469.32            1.33
  2010.6000         -469.35            1.27
  2010.6028         -465.59            1.27
  2010.6055         -462.35            1.26
  2010.6083         -463.99            1.26
  2010.6110         -463.40            1.33
  2010.6136         -468.95            1.25
  2010.6165         -467.72            1.23
  2010.6191         -465.87            1.23
  2010.6219         -457.10            1.26
  2010.6246         -459.36            1.37
  2010.6274         -459.50            1.45
  2010.6301         -462.03            1.31
  2010.6329         -461.71            1.26
  2010.6356         -455.12            1.66
  2010.6383         -459.07            1.42
  2010.6411         -456.92            1.48
  2010.6438         -459.65            1.30
  2010.6466         -460.14            1.29
  2010.6493         -462.19            1.28
  2010.6521         -458.27            1.34
  2010.6548         -460.81            1.34
  2010.6576         -461.33            1.36
  2010.6603         -460.23            1.25
  2010.6630         -460.78            1.34
  2010.6658         -467.32            1.29
  2010.6685         -463.39            1.30
  2010.6713         -461.16            1.33
  2010.6740         -469.77            1.40
  2010.6768         -462.17            1.34
  2010.6794         -458.29            1.23
  2010.6823         -462.64            1.25
  2010.6849         -442.20            4.29
  2010.6904         -459.26            1.48
  2010.6931         -456.80            1.27
  2010.6959         -455.84            1.61
  2010.7014         -461.61            2.18
  2010.7041         -463.10            1.32
  2010.7069         -462.14            1.45
  2010.7096         -458.34            1.29
  2010.7123         -455.63            1.26
  2010.7151         -457.92            1.33
  2010.7178         -456.63            1.29
  2010.7206         -457.95            1.27
  2010.7233         -461.72            1.28
  2010.7261         -461.03            1.25
  2010.7288         -461.64            1.23
  2010.7316         -459.27            1.33
  2010.7343         -459.50            1.27
  2010.7369         -458.93            1.44
  2010.7397         -460.07            1.36
  2010.7424         -464.39            1.31
  2010.7452         -459.40            1.27
  2010.7479         -460.46            1.94
  2010.7507         -458.07            4.53
  2010.7534         -459.42            1.35
  2010.7561         -456.67            1.36
  2010.7589         -463.13            1.38
  2010.7616         -463.99            1.28
  2010.7644         -461.87            1.67
  2010.7671         -461.01            1.43
  2010.7699         -453.77            1.93
  2010.7726         -458.70            1.24
  2010.7754         -456.38            1.25
  2010.7781         -460.71            1.33
  2010.7808         -464.69            1.33
  2010.7836         -459.94            1.33
  2010.7863         -455.06            1.47
  2010.7891         -464.44            1.31
  2010.7917         -457.55            1.44
  2010.7946         -457.45            1.37
  2010.7972         -454.73            1.29
  2010.8000         -459.24            1.29
  2010.8027         -465.40            1.34
  2010.8054         -461.72            1.30
  2010.8082         -457.74            1.33
  2010.8109         -461.81            1.31
  2010.8137         -463.91            1.26
  2010.8164         -459.34            1.29
  2010.8192         -454.65            1.35
  2010.8219         -462.84            1.50
  2010.8247         -463.30            1.49
  2010.8274         -470.92            1.42
  2010.8301         -467.08            1.29
  2010.8329         -456.28            1.35
  2012.0027         -469.49            1.47
  2012.0055         -473.37            1.46
  2012.0082         -468.38            1.41
  2012.0110         -460.83            1.45
  2012.0137         -471.20            1.59
  2012.0165         -474.09            1.42
  2012.0192         -470.38            1.53
  2012.0220         -462.47            1.54
  2012.0247         -459.74            1.85
  2012.0273         -475.57            1.73
  2012.0302         -467.13            1.56
  2012.0328         -471.43            1.45
  2012.0356         -471.50            1.48
  2012.0383         -472.95            1.49
  2012.0411         -477.06            1.66
  2012.0438         -466.16            1.48
  2012.0466         -471.41            1.62
  2012.0493         -445.56            1.93
  2012.0520         -463.50            1.51
  2012.0548         -462.73            1.66
  2012.0603         -456.94            1.66
  2012.0630         -471.05            1.60
  2012.0658         -466.93            1.56
  2012.0685         -463.35            2.06
  2012.0713         -467.03            2.13
  2012.0740         -465.11            1.90
  2012.0767         -473.41            2.06
  2012.0795         -473.35            1.74
  2012.0822         -459.77            1.72
  2012.0850         -467.15            1.57
  2012.0876         -467.46            1.58
  2012.0905         -471.01            1.67
  2012.0931         -463.61            1.52
  2012.0959         -460.24            1.66
  2012.0986         -465.24            1.57
  2012.1013         -465.50            1.62
  2012.1041         -458.72            1.95
  2012.1068         -470.72            3.13
  2012.1096         -462.47            1.46
  2012.1123         -461.68            1.48
  2012.1151         -462.87            1.51
  2012.1178         -463.40            1.68
  2012.1206         -457.58            1.72
  2012.1233         -459.79            1.59
  2012.1260         -468.92            1.58
  2012.1288         -462.63            1.63
  2012.1315         -461.43            1.76
  2012.1343         -457.95            1.73
  2012.1370         -465.92            1.73
  2012.1398         -462.14            1.62
  2012.1425         -460.87            1.49
  2012.1453         -458.41            1.51
  2012.1479         -461.73            1.48
  2012.1506         -460.70            1.51
  2012.1534         -467.53            1.61
  2012.1561         -460.19            1.61
  2012.1589         -459.29            1.65
  2012.1616         -466.93            1.56
  2012.1644         -466.09            1.55
  2012.1671         -467.40            1.62
  2012.1699         -462.62            1.47
  2012.1726         -463.31            1.61
  2012.1753         -459.08            1.54
  2012.1781         -463.58            1.74
  2012.1808         -470.39            1.52
  2012.1836         -460.71            1.71
  2012.1863         -465.75            1.48
  2012.1891         -465.09            1.49
  2012.1918         -460.04            1.58
  2012.1946         -469.22            1.56
  2012.1973         -468.34            1.57
  2012.2000         -470.76            1.58
  2012.2028         -465.29            1.52
  2012.2054         -468.86            1.44
  2012.2083         -466.95            1.45
  2012.2109         -465.37            1.56
  2012.2137         -474.84            1.48
  2012.2164         -475.09            1.55
  2012.2192         -465.26            1.43
  2012.2219         -465.77            1.49
  2012.2246         -466.19            1.86
  2012.2274         -467.30            1.40
  2012.2301         -466.21            1.47
  2012.2329         -464.08            1.46
  2012.2356         -477.87            1.51
  2012.2384         -480.27            1.42
  2012.2411         -481.07            1.44
  2012.2439         -476.72            1.45
  2012.2466         -482.96            1.38
  2012.2493         -482.47            1.56
  2012.2521         -477.33            1.46
  2012.2548         -480.57            1.48
  2012.2576         -483.25            1.41
  2012.2603         -480.91            1.59
  2012.2631         -483.40            1.52
  2012.2657         -480.37            1.40
  2012.2684         -482.77            1.46
  2012.2712         -475.81            1.51
  2012.2739         -470.92            1.49
  2012.2767         -478.10            1.45
  2012.2794         -475.59            1.42
  2012.2822         -476.07            1.44
  2012.2849         -476.12            1.60
  2012.2877         -477.92            1.50
  2012.2904         -473.36            1.54
  2012.2931         -477.59            1.43
  2012.2959         -480.48            1.46
  2012.2986         -478.53            1.55
  2012.3014         -481.95            1.38
  2012.3041         -481.47            1.38
  2012.3069         -481.96            1.50
  2012.3124         -481.30            1.34
  2012.3151         -478.03            1.50
  2012.3206         -487.42            1.35
  2012.3232         -479.20            1.35
  2012.3287         -480.16            1.29
  2012.3315         -484.04            1.36
  2012.3342         -485.38            1.36
  2012.3370         -479.13            1.36
  2012.3397         -478.92            1.33
  2012.3424         -481.54            1.30
  2012.3452         -478.03            1.29
  2012.3479         -474.18            1.49
  2012.3507         -482.49            1.35
  2012.3534         -476.77            1.32
  2012.3562         -483.78            1.33
  2012.3589         -482.30            1.40
  2012.3617         -482.55            1.48
  2012.3671         -478.78            1.35
  2012.3726         -480.85            1.41
  2012.3781         -478.77            1.42
  2012.3809         -482.25            1.34
  2012.3835         -483.86            1.46
  2012.3864         -470.85            1.40
  2012.3890         -475.46            1.36
  2012.3917         -477.39            1.37
  2012.3945         -479.39            1.36
  2012.3972         -477.23            1.35
  2012.4000         -477.42            1.35
  2012.4027         -480.30            1.44
  2012.4055         -478.25            1.54
  2012.4110         -481.08            1.42
  2012.4137         -482.13            1.36
  2012.4164         -476.32            1.33
  2012.4192         -477.77            1.35
  2012.4219         -477.59            1.48
  2012.4247         -479.39            1.42
  2012.4274         -479.28            1.40
  2012.4302         -479.75            1.36
  2012.4329         -480.87            1.30
  2012.4357         -479.96            1.25
  2012.4384         -477.64            1.25
  2012.4410         -479.52            1.44
  2012.4438         -476.54            1.28
  2012.4465         -474.71            1.38
  2012.4493         -478.42            1.42
  2012.4520         -475.44            1.49
  2012.4548         -478.69            1.32
  2012.4575         -475.98            1.36
  2012.4603         -476.04            1.37
  2012.4630         -479.63            1.42
  2012.4657         -481.01            1.35
  2012.4685         -480.57            1.44
  2012.4712         -478.31            1.47
  2012.4740         -479.99            1.36
  2012.4767         -476.52            1.35
  2012.4795         -481.13            1.32
  2012.4822         -479.50            1.31
  2012.4850         -480.63            1.29
  2012.4877         -481.87            1.31
  2012.4904         -480.33            1.38
  2012.4932         -480.90            1.37
  2012.4958         -484.03            1.39
  2012.4987         -479.86            1.40
  2012.5013         -483.61            1.42
  2012.5042         -484.98            1.37
  2012.5068         -483.80            1.34
  2012.5096         -490.68            1.39
  2012.5123         -483.03            1.54
  2012.5150         -481.59            1.42
  2012.5178         -484.94            1.30
  2012.5205         -486.04            1.34
  2012.5233         -486.65            1.39
  2012.5260         -487.32            1.30
  2012.5288         -486.18            1.33
  2012.5315         -483.98            1.32
  2012.5343         -484.61            1.30
  2012.5370         -486.43            1.26
  2012.5397         -488.53            1.28
  2012.5425         -482.13            1.33
  2012.5452         -485.05            1.35
  2012.5480         -483.04            1.38
  2012.5507         -478.04            1.45
  2012.5535         -487.99            1.34
  2012.5562         -485.89            1.34
  2012.5590         -483.52            1.33
  2012.5616         -488.83            1.34
  2012.5643         -485.13            1.30
  2012.5671         -485.29            1.31
  2012.5698         -483.44            1.29
  2012.5726         -486.67            1.33
  2012.5753         -486.36            1.30
  2012.5781         -483.14            1.35
  2012.5808         -482.88            1.32
  2012.5836         -485.41            1.30
  2012.5863         -481.06            1.43
  2012.5890         -491.79            1.37
  2012.5918         -483.36            1.34
  2012.5945         -485.96            1.32
  2012.5973         -481.35            2.07
  2012.6000         -487.49            1.34
  2012.6028         -481.77            1.36
  2012.6055         -483.75            1.43
  2012.6083         -483.72            1.38
  2012.6110         -480.18            1.30
  2012.6136         -481.95            1.38
  2012.6165         -483.47            1.41
  2012.6191         -487.52            1.40
  2012.6219         -479.18            1.47
  2012.6246         -481.39            1.45
  2012.6274         -478.52            1.42
  2012.6301         -483.22            1.52
  2012.6329         -485.74            1.40
  2012.6356         -479.31            1.41
  2012.6383         -487.71            1.38
  2012.6411         -485.70            1.40
  2012.6438         -485.93            1.44
  2012.6466         -491.18            1.40
  2012.6493         -490.64            1.35
  2012.6521         -488.12            1.39
  2012.6548         -484.99            1.31
  2012.6576         -486.97            1.30
  2012.6603         -485.29            1.37
  2012.6630         -483.72            1.50
  2012.6658         -490.28            1.33
  2012.6685         -481.39            1.41
  2012.6713         -483.61            1.38
  2012.6740         -493.43            1.48
  2012.6768         -482.94            1.44
  2012.6794         -491.83            1.40
  2012.6823         -486.03            1.50
  2012.6849         -484.37            1.43
  2012.6876         -486.73            1.46
  2012.6904         -485.88            1.39
  2012.6931         -484.25            1.35
  2012.6959         -487.00            1.36
  2012.6986         -486.20            1.43
  2012.7014         -486.15            1.41
  2012.7041         -484.88            1.53
  2012.7069         -486.14            1.35
  2012.7096         -487.71            1.42
  2012.7123         -479.89            1.44
  2012.7151         -491.62            1.48
  2012.7178         -489.40            1.53
  2012.7206         -490.68            1.42
  2012.7233         -488.23            1.45
  2012.7261         -489.39            1.45
  2012.7288         -485.23            1.39
  2012.7316         -490.50            1.41
  2012.7343         -490.74            1.49
  2012.7369         -486.28            1.55
  2012.7397         -481.52            1.43
  2012.7424         -482.78            1.46
  2012.7452         -484.75            1.56
  2012.7479         -484.94            1.52
  2012.7507         -483.78            1.55
  2012.7534         -482.82            1.67
  2012.7561         -490.05            1.50
  2012.7589         -483.17            1.51
  2012.7616         -484.45            1.55
  2012.7644         -484.43            1.49
  2012.7671         -484.90            1.65
  2012.7699         -491.92            1.60
  2012.7726         -488.42            1.50
  2012.7754         -489.23            1.64
  2012.7781         -488.49            1.40
  2012.7808         -487.43            1.42
  2012.7836         -485.30            1.41
  2012.7863         -489.31            1.39
  2012.7891         -482.54            1.49
  2012.7917         -482.19            1.55
  2012.7946         -487.10            1.59
  2012.7972         -481.07            1.51
  2012.8000         -484.21            1.41
  2012.8027         -482.40            1.57
  2012.8054         -487.20            1.63
  2012.8082         -480.54            1.71
  2012.8109         -484.02            1.58
  2012.8137         -490.16            1.63
  2012.8164         -480.76            1.48
  2012.8192         -482.07            1.55
  2012.8219         -485.46            1.66
  2012.8247         -479.83            1.66
  2012.8274         -480.12            1.58
  2012.8301         -479.52            1.81
  2012.8329         -481.46            1.60
  2012.8356         -478.90            1.50
  2012.8384         -485.16            1.47
  2012.8411         -482.55            1.44
  2012.8439         -476.30            1.68
  2012.8466         -481.33            1.51
  2012.8494         -478.10            1.55
  2012.8521         -476.24            1.54
  2012.8547         -472.78            1.55
  2012.8575         -474.71            1.60
  2012.8602         -485.15            1.67
  2012.8630         -484.78            1.63
  2012.8657         -482.00            1.52
  2012.8685         -479.93            1.55
  2012.8712         -480.33            1.49
  2012.8740         -486.05            1.52
  2012.8767         -476.13            1.66
  2012.8794         -480.18            1.55
  2012.8822         -476.54            1.55
  2012.8849         -480.57            1.52
  2012.8877         -479.64            1.48
  2012.8904         -478.75            1.53
  2012.8932         -482.27            1.72
  2012.8959         -487.10            1.71
  2012.8987         -479.89            1.61
  2012.9014         -485.19            1.57
  2012.9041         -477.56            6.10
  2012.9069         -474.18            1.62
  2012.9095         -478.42            1.54
  2012.9124         -476.94            1.65
  2012.9150         -477.91            1.87
  2012.9178         -482.19            1.65
  2012.9205         -481.22            1.61
  2012.9233         -472.68            2.56
  2012.9260         -474.63            1.84
  2012.9287         -485.94            1.68
  2012.9315         -479.68            1.68
  2012.9342         -478.62            2.05
  2012.9370         -477.83            1.74
  2012.9397         -477.78            1.60
  2012.9425         -474.68            1.58
  2012.9452         -478.35            1.71
  2012.9480         -472.29            1.64
  2012.9507         -480.15            1.72
  2012.9534         -473.75            1.59
  2012.9562         -474.37            1.66
  2012.9589         -475.95            1.67
  2012.9617         -476.58            1.79
  2012.9644         -466.12            1.64
  2012.9672         -470.36            1.98
  2012.9698         -475.33            1.99
  2012.9727         -484.10            1.81
  2012.9780         -469.02            1.81
  2012.9808         -478.98            1.66
  2012.9835         -469.12            2.08
  2012.9863         -478.19            1.80
  2012.9890         -480.64            1.65
  2012.9918         -477.52            1.54
  2012.9945         -479.46            1.51
  2012.9973         -479.13            1.52
  2013.0000         -470.64            1.59
  2013.0027         -471.98            1.82
  2013.0027         -479.55            1.33
  2013.0055         -477.42            1.32
  2013.0082         -481.27            1.41
  2013.0110         -479.80            1.41
  2013.0137         -480.16            1.51
  2013.0165         -478.44            1.55
  2013.0192         -478.25            1.59
  2013.0220         -476.48            1.40
  2013.0247         -472.53            1.52
  2013.0273         -468.69            1.51
  2013.0302         -471.19            1.51
  2013.0328         -477.54            1.49
  2013.0356         -476.38            1.45
  2013.0383         -476.28            1.42
  2013.0411         -475.58            1.53
  2013.0438         -480.78            1.55
  2013.0466         -473.23            1.71
  2013.0493         -479.72            1.50
  2013.0520         -478.16            1.43
  2013.0548         -475.29            1.38
  2013.0575         -478.68            1.46
  2013.0603         -471.56            1.55
  2013.0630         -480.08            1.61
  2013.0658         -477.15            1.56
  2013.0685         -472.35            1.48
  2013.0713         -474.35            1.37
  2013.0740         -477.88            1.40
  2013.0767         -476.85            1.44
  2013.0795         -477.73            1.42
  2013.0822         -479.17            1.45
  2013.0850         -479.69            1.50
  2013.0876         -478.46            1.57
  2013.0905         -482.49            1.54
  2013.0931         -472.64            1.42
  2013.0959         -474.80            1.43
  2013.0986         -475.17            1.52
  2013.1013         -473.48            1.74
  2013.1041         -470.94            1.45
  2013.1068         -470.73            1.48
  2013.1096         -469.86            1.49
  2013.1123         -464.53            1.62
  2013.1151         -476.76            1.60
  2013.1178         -474.62            1.55
  2013.1206         -473.46            1.48
  2013.1233         -470.83            2.43
  2013.1260         -471.91            1.53
  2013.1288         -472.15            1.65
  2013.1315         -477.15            1.51
  2013.1343         -480.88            1.39
  2013.1370         -482.69            1.34
  2013.1398         -478.59            2.05
  2013.1425         -478.01            1.54
  2013.1453         -478.32            1.44
  2013.1479         -481.97            1.49
  2013.1506         -476.44            1.40
  2013.1534         -477.67            1.37
  2013.1561         -475.74            1.82
  2013.1589         -478.52            1.37
  2013.1616         -473.54            1.44
  2013.1644         -474.28            1.46
  2013.1671         -473.34            1.41
  2013.1699         -473.24            1.35
  2013.1726         -476.74            1.37
  2013.1753         -470.81            1.53
  2013.1781         -478.36            1.54
  2013.1808         -469.69            1.48
  2013.1863         -474.86            1.61
  2013.1918         -479.52            1.55
  2013.2000         -477.44            1.33
  2013.2028         -476.85            1.37
  2013.2054         -480.23            1.46
  2013.2083         -473.04            1.43
  2013.2109         -475.89            1.32
  2013.2164         -476.27            1.55
  2013.2192         -475.23            1.35
  2013.2274         -477.15            1.49
  2013.2301         -475.27            1.48
  2013.2329         -474.80            1.43
  2013.2356         -474.56            1.36
  2013.2384         -475.75            1.31
  2013.2411         -478.09            1.47
  2013.2439         -476.51            1.39
  2013.2466         -475.61            1.41
  2013.2493         -475.03            1.47
  2013.2548         -478.20            1.43
  2013.2576         -475.13            1.41
  2013.2603         -474.13            1.48
  2013.2631         -472.40            1.45
  2013.2657         -475.64            2.76
  2013.2684         -475.94            1.44
  2013.2712         -475.45            1.62
  2013.2794         -473.12            1.46
  2013.2822         -473.98            1.31
  2013.2849         -470.92            1.33
  2013.2877         -471.24            1.31
  2013.2904         -471.48            1.33
  2013.2931         -471.37            1.32
  2013.2959         -474.03            1.38
  2013.2986         -473.29            1.34
  2013.3014         -469.56            1.36
  2013.3041         -477.94            1.39
  2013.3069         -476.70            1.42
  2013.3096         -471.95            1.37
  2013.3124         -475.90            1.40
  2013.3151         -472.43            1.32
  2013.3177         -473.37            1.40
  2013.3206         -476.59            1.38
  2013.3232         -472.19            1.45
  2013.3260         -473.89            1.36
  2013.3287         -471.60            1.30
  2013.3315         -472.14            1.43
  2013.3342         -474.73            1.47
  2013.3370         -477.24            1.56
  2013.3397         -477.35            1.38
  2013.3424         -473.47            1.31
  2013.3452         -462.19            1.45
  2013.3479         -471.29            1.37
  2013.3562         -474.63            1.52
  2013.3589         -476.39            1.34
  2013.3617         -472.75            2.57
  2013.3644         -478.15            1.31
  2013.3671         -476.24            1.32
  2013.3699         -480.02            1.27
  2013.3726         -474.50            1.27
  2013.3754         -479.35            1.31
  2013.3781         -475.36            1.37
  2013.3809         -475.92            2.15
  2013.3835         -472.42            1.35
  2013.3864         -470.60            1.30
  2013.3890         -471.79            1.32
  2013.3917         -467.99            1.30
  2013.3945         -468.06            1.29
  2013.4000         -465.67            1.35
  2013.4027         -465.85            1.42
  2013.4055         -465.05            1.48
  2013.4082         -466.89            1.32
  2013.4110         -469.26            1.31
  2013.4137         -466.53            1.48
  2013.4164         -470.77            1.41
  2013.4192         -470.20            1.37
  2013.4219         -464.98            1.27
  2013.4247         -476.63            1.40
  2013.4274         -472.83            1.42
  2013.4302         -465.00            1.31
  2013.4329         -470.72            1.37
  2013.4357         -471.64            1.31
  2013.4384         -472.66            1.34
  2013.4410         -471.97            1.29
  2013.4438         -470.03            1.34
  2013.4465         -468.21            1.36
  2013.4493         -469.05            1.36
  2013.4520         -467.40            1.36
  2013.4548         -475.02            1.45
  2013.4575         -467.14            1.36
  2013.4603         -468.08            1.32
  2013.4630         -470.32            1.35
  2013.4657         -469.00            1.32
  2013.4685         -467.82            1.31
  2013.4712         -469.72            1.39
  2013.4740         -470.65            1.29
  2013.4767         -469.82            1.30
  2013.4795         -467.81            1.27
  2013.4822         -471.48            1.28
  2013.4850         -469.15            1.33
  2013.4877         -467.14            1.44
  2013.4904         -468.52            1.41
  2013.4932         -477.60            1.36
  2013.4958         -471.76            1.28
  2013.4987         -469.60            1.26
  2013.5013         -469.31            1.33
  2013.5042         -472.27            1.35
  2013.5068         -475.64            1.37
  2013.5096         -473.82            1.34
  2013.5123         -472.54            1.26
  2013.5150         -470.56            1.25
  2013.5178         -473.11            1.28
  2013.5205         -469.92            1.35
  2013.5233         -475.07            1.33
  2013.5260         -478.08            1.31
  2013.5288         -473.40            1.27
  2013.5315         -470.51            1.36
  2013.5343         -471.46            1.32
  2013.5370         -473.42            1.31
  2013.5397         -472.07            1.25
  2013.5425         -475.77            1.33
  2013.5452         -473.13            1.30
  2013.5480         -479.04            1.28
  2013.5507         -482.66            1.36
  2013.5535         -476.37            1.25
  2013.5562         -475.94            1.23
  2013.5590         -476.27            1.22
  2013.5616         -469.82            1.21
  2013.5643         -474.11            1.33
  2013.5671         -473.50            1.37
  2013.5698         -475.66            1.24
  2013.5726         -476.40            1.21
  2013.5753         -473.94            1.22
  2013.5781         -471.62            1.27
  2013.5808         -476.15            1.23
  2013.5836         -470.36            1.19
  2013.5863         -473.24            1.24
  2013.5890         -475.49            1.30
  2013.5918         -471.90            1.72
  2013.5945         -473.18            1.33
  2013.5973         -470.74            1.34
  2013.6000         -476.34            1.40
  2013.6028         -480.09            1.31
  2013.6055         -475.20            1.21
  2013.6083         -473.20            1.27
  2013.6110         -475.69            1.32
  2013.6136         -476.36            1.32
  2013.6165         -476.51            1.24
  2013.6191         -474.61            1.25
  2013.6219         -474.95            1.31
  2013.6246         -475.22            1.27
  2013.6274         -475.38            1.21
  2013.6301         -476.24            1.27
  2013.6329         -476.18            1.30
  2013.6356         -474.89            1.27
  2013.6383         -479.91            1.30
  2013.6411         -477.30            1.24
  2013.6438         -474.88            1.25
  2013.6466         -479.50            1.31
  2013.6493         -481.95            1.30
  2013.6521         -476.63            1.25
  2013.6548         -480.03            1.27
  2013.6576         -476.56            1.25
  2013.6603         -474.47            1.28
  2013.6630         -474.80            1.27
  2013.6658         -473.90            1.36
  2013.6685         -472.79            1.33
  2013.6713         -480.23            1.33
  2013.6740         -478.50            1.37
  2013.6768         -466.86            1.58
  2013.6794         -469.37            1.48
  2013.6823         -474.36            1.50
  2013.6849         -476.68            1.49
  2013.6876         -478.50            1.51
  2013.6904         -471.70            1.48
  2013.6931         -475.32            1.47
  2013.6959         -477.13            1.42
  2013.6986         -477.67            1.48
  2013.7014         -476.70            1.39
  2013.7041         -475.41            1.44
  2013.7069         -480.37            1.40
  2013.7096         -482.84            1.38
  2013.7123         -476.15            1.37
  2013.7151         -477.56            1.35
  2013.7178         -474.72            1.43
  2013.7206         -480.04            1.46
  2013.7233         -483.89            1.46
  2013.7261         -477.52            1.44
  2013.7288         -475.47            1.49
  2013.7316         -473.24            1.34
  2013.7343         -472.37            1.36
  2013.7369         -475.76            1.51
  2013.7397         -475.60            1.43
  2013.7424         -481.90            1.42
  2013.7561         -470.61            1.37
  2013.7589         -468.87            1.43
  2013.7616         -474.48            1.51
  2013.7644         -471.54            1.41
  2013.7671         -475.47            1.61
  2013.7699         -469.04            1.46
  2013.7726         -472.44            1.43
  2013.7754         -474.36            1.54
  2013.7781         -465.53            1.63
  2013.7808         -478.03            1.52
  2013.7836         -466.83            1.52
  2013.7863         -473.22            1.58
  2013.7891         -466.97            1.49
  2013.7917         -472.16            1.53
  2013.7972         -469.93            1.47
  2013.8000         -469.89            1.54
  2013.8027         -475.19            1.66
  2013.8054         -473.06            1.56
  2013.8082         -472.66            1.50
  2013.8109         -470.22            1.41
  2013.8137         -471.47            1.69
  2013.8164         -474.83            1.50
  2013.8219         -463.94            1.38
  2013.8247         -467.26            1.40
  2013.8274         -468.88            1.61
  2013.8301         -465.82            1.45
  2013.8356         -473.63            1.45
  2013.8411         -465.91            1.37
  2013.8439         -464.51            1.39
  2013.8466         -465.92            1.35
  2013.8494         -465.56            1.53
  2013.8521         -469.84            1.38
  2013.8547         -472.07            1.44
  2013.8575         -470.60            1.46
  2013.8602         -465.67            1.53
  2013.8630         -469.59            1.49
  2013.8657         -463.15            1.46
  2013.8685         -465.86            1.43
  2013.8712         -466.26            1.51
  2013.8740         -467.06            1.48
  2013.8767         -461.64            1.34
  2013.8794         -467.60            1.36
  2013.8849         -465.07            1.43
  2013.8877         -468.68            1.49
  2013.8932         -463.79            1.46
  2013.8959         -469.37            1.50
  2013.8987         -463.29            1.53
  2013.9014         -470.02            1.47
  2013.9041         -465.98            1.47
  2013.9069         -467.70            2.95
  2013.9124         -458.93            1.40
  2013.9150         -459.06            1.41
  2013.9205         -470.73            1.52
  2013.9260         -476.92            4.67
  2013.9287         -465.24            1.44
  2013.9315         -463.99            1.47
  2013.9342         -461.92            1.46
  2013.9370         -466.75            1.57
  2013.9397         -464.69            1.51
  2013.9452         -465.12            1.56
  2013.9480         -465.65            1.54
  2013.9507         -461.65            1.46
  2013.9534         -466.28            1.56
  2013.9562         -469.07            1.42
  2013.9617         -469.52            1.49
  2013.9644         -465.51            1.52
  2013.9672         -471.21            1.45
  2013.9698         -464.96            1.48
  2013.9727         -467.78            1.50
  2013.9753         -468.29            1.49
  2013.9780         -459.87            1.48
  2013.9808         -464.45            1.44
  2013.9835         -463.12            1.52
  2013.9863         -463.25            1.56
  2013.9890         -463.05            1.66
  2013.9918         -464.41            1.47
  2013.9945         -455.74            1.62
  2013.9973         -461.45            1.54
  2014.0000         -457.11            1.62
  2014.0027         -458.16            1.58
  2014.0055         -460.68            1.73
  2014.0082         -464.14            1.50
  2014.0137         -461.87            1.48
  2014.0165         -462.87            1.52
  2014.0192         -465.80            1.56
  2014.0220         -465.43            1.58
  2014.0247         -464.93            1.60
  2014.0273         -463.42            1.63
  2014.0302         -463.52            1.54
  2014.0328         -459.42            1.63
  2014.0356         -467.15            1.46
  2014.0383         -462.59            1.68
  2014.0411         -461.50            1.53
  2014.0493         -468.17            1.52
  2014.0548         -455.20            1.54
  2014.0575         -457.30            1.65
  2014.0630         -462.39            1.76
  2014.0685         -459.76            1.60
  2014.0713         -463.61            1.51
  2014.0740         -462.28            1.54
  2014.0767         -465.22            1.67
  2014.0822         -465.53            1.71
  2014.0850         -455.95            1.68
  2014.0905         -463.14            1.57
  2014.0931         -462.52            1.67
  2014.0959         -468.81            1.60
  2014.0986         -469.93            1.72
  2014.1013         -463.39            1.55
  2014.1068         -463.58            1.55
  2014.1096         -473.78            1.59
  2014.1151         -465.33            1.59
  2014.1178         -472.47            1.58
  2014.1206         -461.43            1.55
  2014.1233         -466.74            1.81
  2014.1260         -468.13            1.56
  2014.1288         -466.78            1.55
  2014.1315         -464.40            1.64
  2014.1343         -466.78            1.63
  2014.1370         -465.01            1.70
  2014.1398         -467.09            1.66
  2014.1425         -460.25            1.78
  2014.1534         -468.39            1.64
  2014.1561         -465.70            1.61
  2014.1589         -465.84            1.64
  2014.1616         -462.74            1.47
  2014.1671         -467.79            1.62
  2014.1699         -466.10            1.96
  2014.1726         -466.00            1.65
  2014.1753         -471.87            1.63
  2014.1781         -460.47            1.64
  2014.1808         -465.00            1.59
  2014.1836         -454.69            1.70
  2014.1863         -469.27            1.68
  2014.1891         -458.58            1.58
  2014.1918         -463.88            1.57
  2014.1946         -464.56            1.58
  2014.1973         -460.25            1.58
  2014.2000         -464.15            1.57
  2014.2028         -459.20            1.62
  2014.2054         -452.68            1.63
  2014.2137         -462.33            1.57
  2014.2164         -458.83            1.73
  2014.2192         -463.51            1.58
  2014.2246         -460.67            1.41
  2014.2274         -460.62            1.53
  2014.2301         -460.19            1.57
  2014.2329         -456.37            1.54
  2014.2439         -464.81            1.76
  2014.2493         -461.97            1.47
  2014.2521         -463.27            1.43
  2014.2548         -458.94            1.51
  2014.2576         -458.07            1.45
  2014.2603         -459.43            1.52
  2014.2631         -461.72            1.45
  2014.2657         -465.11            1.54
  2014.2684         -455.77            1.61
  2014.2712         -460.01            1.53
  2014.2739         -457.18            1.53
  2014.2767         -461.52            1.53
  2014.2794         -460.95            1.56
  2014.2822         -459.57            1.37
  2014.2849         -455.53            1.36
  2014.2877         -457.39            1.47
  2014.2904         -460.47            1.45
  2014.2931         -456.48            1.42
  2014.2959         -459.66            1.38
  2014.2986         -460.76            1.36
  2014.3014         -457.72            1.39
  2014.3041         -461.51            1.45
  2014.3069         -456.74            1.38
  2014.3096         -455.50            1.36
  2014.3124         -454.78            1.43
  2014.3151         -453.54            1.34
  2014.3177         -456.96            1.34
  2014.3206         -459.55            1.39
  2014.3232         -459.93            1.30
  2014.3260         -458.75            1.37
  2014.3287         -456.18            1.44
  2014.3315         -460.33            1.42
  2014.3342         -464.05            1.40
  2014.3370         -462.55            1.47
  2014.3397         -459.61            1.48
  2014.3424         -461.76            1.44
  2014.3452         -460.13            1.39
  2014.3479         -457.90            1.34
  2014.3507         -458.54            1.39
  2014.3534         -461.94            1.40
  2014.3562         -465.55            1.43
  2014.3589         -463.70            1.35
  2014.3617         -464.63            1.36
  2014.3644         -459.89            1.38
  2014.3671         -468.83            1.48
  2014.3699         -465.21            1.39
  2014.3726         -459.08            1.42
  2014.3754         -458.45            1.40
  2014.3781         -463.40            1.43
  2014.3809         -462.21            1.34
  2014.3835         -458.59            1.36
  2014.3864         -459.21            1.50
  2014.3890         -461.22            1.45
  2014.3917         -461.25            1.43
  2014.3945         -460.03            1.38
  2014.3972         -460.46            1.39
  2014.4000         -459.57            1.40
  2014.4027         -455.17            1.33
  2014.4055         -450.21            1.43
  2014.4082         -462.20            1.49
  2014.4110         -458.70            1.38
  2014.4137         -457.98            1.37
  2014.4164         -458.08            1.35
  2014.4192         -457.53            1.38
  2014.4219         -457.10            1.37
  2014.4247         -466.06            1.48
  2014.4274         -465.27            1.44
  2014.4302         -467.71            1.44
  2014.4329         -465.48            1.44
  2014.4357         -465.45            1.45
  2014.4384         -463.80            1.40
  2014.4410         -456.31            1.39
  2014.4438         -461.89            1.49
  2014.4465         -466.22            1.48
  2014.4493         -461.08            1.35
  2014.4520         -457.75            1.41
  2014.4548         -460.37            1.37
  2014.4575         -467.51            1.32
  2014.4603         -465.97            1.27
  2014.4630         -461.82            1.26
  2014.4657         -460.68            1.26
  2014.4685         -457.85            1.28
  2014.4712         -461.39            1.30
  2014.4740         -461.32            1.30
