  2010.2439            0.00            1.04
  2010.2466           -3.22            1.12
  2010.2493           -4.83            1.08
  2010.2521           -4.70            1.11
  2010.2548           -7.66            1.01
  2010.2576           -8.42            0.70
  2010.2603          -12.31            0.99
  2010.2631          -13.72            1.02
  2010.2657          -15.74            1.17
  2010.2684          -18.03            0.98
  2010.2712          -19.94            0.98
  2010.2739          -21.73            1.03
  2010.2767          -26.26            1.00
  2010.2794          -27.63            1.02
  2010.2822          -28.94            1.00
  2010.2849          -31.53            0.97
  2010.2877          -32.77            1.00
  2010.2904          -34.96            1.06
  2010.2931          -37.27            1.03
  2010.2959          -38.50            1.04
  2010.2986          -40.25            1.07
  2010.3014          -41.55            0.98
  2010.3069          -44.55            0.97
  2010.3096          -44.50            1.27
