  2010.1946            0.00            1.13
  2010.1973           -1.90            1.13
  2010.2000           -6.99            1.05
  2010.2028           -7.77            1.03
  2010.2054          -22.93            1.06
  2010.2083          -25.69            1.07
  2010.2109          -27.45            1.11
  2010.2137          -28.61            1.07
  2010.2164          -32.04            1.19
  2010.2192          -36.62            1.22
  2010.2219          -39.24            1.10
  2010.2246          -38.74            1.00
  2010.2274          -39.60            0.98
  2010.2301          -41.25            0.99
  2010.2329          -42.45            1.07
  2010.2356          -43.01            1.06
  2010.2384          -45.17            1.06
  2010.2411          -46.14            1.03
  2010.2439          -47.68            1.05
  2010.2466          -48.98            1.14
  2010.2493          -49.77            1.11
  2010.2548          -53.35            1.04
  2010.2576          -52.75            0.79
  2010.2603          -53.56            1.03
  2010.2631          -54.80            1.01
  2010.2657          -55.36            1.00
  2010.2684          -58.35            0.98
  2010.2712          -59.41            0.94
  2010.2739          -59.41            1.05
  2010.2767          -63.84            1.01
  2010.2794          -65.03            1.06
  2010.2822          -65.14            1.02
  2010.2849          -65.89            0.96
  2010.2877          -65.85            1.02
  2010.2904          -66.80            1.10
  2010.2931          -68.99            1.07
  2010.2959          -68.76            1.08
  2010.2986          -68.97            1.04
  2010.3014          -70.49            1.02
  2010.3069          -72.23            1.01
  2010.3096          -71.83            1.03
  2010.3124          -71.92            1.01
  2010.3151          -73.46            1.01
  2010.3177          -73.16            1.01
  2010.3206          -72.49            1.01
  2010.3232          -74.85            1.02
  2010.3260          -75.58            1.00
  2010.3287          -78.26            1.07
  2010.3315          -77.69            1.04
  2010.3424          -80.09            1.06
  2010.3452          -79.50            1.01
  2010.3479          -80.23            1.01
  2010.3507          -82.52            0.97
  2010.3534          -81.37            0.95
  2010.3562          -82.00            0.98
  2010.3589          -83.83            1.01
  2010.3644          -84.70            1.01
  2010.3726          -85.86            1.02
  2010.3754          -85.51            1.00
  2010.3781          -87.52            0.99
  2010.3809          -87.97            0.98
  2010.3835          -87.24            0.97
  2010.3864          -87.05            0.96
  2010.3890          -88.39            1.05
  2010.3917          -88.82            0.96
  2010.3945          -90.19            0.96
  2010.3972          -89.96            0.97
  2010.4000          -89.33            0.95
  2010.4027          -89.11            0.94
  2010.4055          -91.82            1.03
  2010.4082          -92.67            1.02
  2010.4110          -90.57            2.19
  2010.4137          -91.23            0.96
  2010.4164          -91.30            0.91
  2010.4192          -92.42            0.96
  2010.4219          -93.19            0.94
  2010.4247          -93.34            0.96
  2010.4274          -94.01            0.93
  2010.4302          -95.76            0.92
  2010.4329          -94.19            0.92
  2010.4357          -95.81            0.88
  2010.4384          -95.13            0.94
  2010.4410          -95.99            0.92
  2010.4438          -96.07            0.97
  2010.4465          -96.29            0.90
  2010.4493          -98.67            0.95
  2010.4520         -100.06            1.08
  2010.4548          -97.54            0.93
  2010.4575          -98.28            0.94
  2010.4603         -100.05            1.15
  2010.4630          -98.82            1.11
  2010.4657          -96.53            1.07
  2010.4685         -100.59            0.93
  2010.4712         -100.40            0.97
  2010.4740          -98.21            0.99
  2010.4767         -103.09            1.03
  2010.4795         -101.59            1.02
  2010.4822         -101.68            0.98
  2010.4850         -100.61            0.96
  2010.4877         -103.50            0.94
  2010.4904         -103.72            0.94
  2010.4932         -104.65            0.98
  2010.4958         -105.85            0.96
  2010.4987         -105.16            0.97
  2010.5013         -104.69            0.94
  2010.5042         -106.04            0.99
  2010.5068         -108.01            1.01
  2010.5096         -107.15            0.96
  2010.5123         -106.92            1.03
  2010.5150         -108.15            0.99
  2010.5178         -107.81            0.97
  2010.5205         -106.25            0.93
  2010.5233         -106.25            0.96
  2010.5260         -110.86            1.01
  2010.5288         -108.71            0.96
  2010.5315         -109.97            0.89
  2010.5343         -110.55            0.90
  2010.5370         -108.92            0.92
  2010.5397         -108.72            0.93
  2010.5425         -109.15            0.94
  2010.5452         -109.68            0.90
  2010.5480         -112.48            0.93
  2010.5507         -111.66            0.96
  2010.5535         -111.97            0.99
  2010.5562         -111.98            1.10
  2010.5590         -112.67            1.02
  2010.5616         -112.92            1.05
  2010.5643         -110.69            0.99
  2010.5671         -111.12            0.97
  2010.5698         -111.01            0.98
  2010.5726         -112.32            1.02
  2010.5753         -112.90            1.00
  2010.5781         -113.00            1.07
  2010.5808         -114.86            1.00
  2010.5836         -112.44            0.92
  2010.5863         -113.78            0.92
  2010.5890         -114.02            0.95
  2010.5918         -114.53            0.90
  2010.5945         -114.30            1.98
  2010.5973         -114.75            0.93
  2010.6000         -115.07            0.89
  2010.6028         -115.11            0.89
  2010.6055         -116.21            0.91
  2010.6110         -116.52            0.93
  2010.6136         -116.45            0.89
  2010.6165         -117.37            0.88
  2010.6191         -116.45            0.87
  2010.6219         -116.41            0.89
  2010.6246         -118.21            0.97
  2010.6274         -119.57            1.03
  2010.6301         -117.13            0.93
  2010.6329         -116.78            0.89
  2010.6356         -117.68            0.92
  2010.6383         -116.70            1.00
  2010.6411         -119.10            0.94
  2010.6438         -119.57            0.93
  2010.6466         -117.65            0.91
  2010.6493         -119.57            0.90
  2010.6521         -121.98            0.95
  2010.6548         -121.63            0.98
  2010.6576         -119.66            0.95
  2010.6603         -118.51            0.87
  2010.6630         -120.18            0.94
  2010.6658         -120.57            0.90
  2010.6685         -120.03            0.91
  2010.6713         -118.99            0.95
  2010.6740         -120.02            1.01
  2010.6768         -119.15            0.94
  2010.6794         -119.89            0.87
  2010.6823         -119.68            0.88
  2010.6849         -119.72            0.85
  2010.6876         -120.36            0.86
  2010.6904         -120.60            0.86
  2010.6931         -121.43            0.90
  2010.6959         -122.74            0.92
  2010.6986         -122.75            0.90
  2010.7014         -122.49            0.87
  2010.7041         -123.42            0.91
  2010.7069         -122.87            1.02
  2010.7096         -121.80            0.90
  2010.7123         -123.40            0.88
  2010.7151         -123.59            0.92
  2010.7178         -124.08            0.89
  2010.7233         -123.73            0.86
  2010.7261         -124.32            0.87
  2010.7288         -124.93            0.85
  2010.7316         -123.67            0.83
  2010.7343         -125.21            0.88
  2010.7369         -126.05            1.12
  2010.7397         -126.99            0.93
  2010.7424         -126.73            0.92
  2010.7452         -126.38            0.88
  2010.7479         -126.59            0.89
  2010.7507         -126.02            0.91
  2010.7534         -124.72            0.85
  2010.7561         -126.76            0.97
  2010.7589         -125.78            0.86
  2010.7616         -126.15            0.90
  2010.7644         -126.52            0.89
  2010.7671         -127.28            0.86
  2010.7699         -126.34            0.88
  2010.7726         -126.93            0.88
  2010.7754         -128.91            0.88
  2010.7781         -128.01            0.87
  2010.7808         -129.52            0.94
  2010.7836         -130.06            0.95
  2010.7863         -130.27            0.99
  2010.7891         -129.47            0.91
  2010.7917         -129.39            0.84
  2010.7946         -128.66            0.86
  2010.7972         -129.39            0.89
  2010.8000         -129.81            0.89
  2010.8027         -130.58            0.92
  2010.8054         -130.59            0.89
  2010.8082         -130.74            0.91
  2010.8109         -130.92            0.90
  2010.8137         -131.46            0.87
  2010.8164         -132.34            0.88
  2010.8192         -132.68            0.95
  2010.8219         -134.56            0.93
  2010.8247         -133.27            0.93
  2010.8274         -134.72            0.99
  2010.8301         -133.72            0.89
  2010.8329         -133.35            0.92
  2010.8356         -134.70            0.89
  2010.8384         -133.37            0.92
  2010.8411         -134.62            0.89
  2010.8439         -135.49            0.89
  2010.8466         -134.71            0.88
  2010.8494         -134.75            0.94
  2010.8521         -137.85            0.98
  2010.8547         -135.47            0.89
  2010.8575         -134.63            0.86
  2010.8602         -134.65            0.91
  2010.8630         -135.06            0.86
  2010.8657         -135.46            0.88
  2010.8685         -135.78            0.97
  2010.8712         -136.33            0.90
  2010.8740         -135.25            0.91
  2010.8767         -136.74            0.90
  2010.8794         -136.34            0.90
  2010.8822         -135.53            0.93
  2010.8849         -137.15            0.95
  2010.8877         -136.01            1.12
  2010.8904         -138.19            0.97
  2010.8932         -137.10            0.94
  2010.8959         -136.75            0.95
  2010.8987         -137.83            0.96
  2010.9014         -138.13            0.89
  2010.9041         -137.36            1.01
  2010.9069         -138.26            0.89
  2010.9095         -135.93            0.93
  2010.9124         -136.60            0.92
  2010.9150         -136.55            0.90
  2010.9178         -135.95            0.89
  2010.9205         -137.76            0.87
  2010.9233         -137.02            0.89
  2010.9260         -137.08            0.91
  2010.9287         -137.60            0.86
  2010.9315         -136.38            0.89
  2010.9342         -135.88            0.92
  2010.9370         -137.72            0.93
  2010.9397         -136.97            0.88
  2010.9425         -137.16            0.87
  2010.9452         -138.03            0.91
  2010.9480         -137.18            0.90
  2010.9507         -137.25            0.89
  2010.9562         -137.14            0.88
  2010.9589         -136.60            0.90
  2010.9644         -138.40            0.85
  2011.0027         -139.60            0.92
  2011.0055         -139.73            0.94
  2011.0082         -140.40            1.00
  2011.0110         -139.61            0.99
  2011.0137         -141.02            0.92
  2011.0165         -141.68            0.92
  2011.0192         -141.14            0.92
  2011.0220         -142.49            0.95
  2011.0247         -143.89            0.93
  2011.0273         -143.26            0.93
  2011.0302         -143.45            0.95
  2011.0328         -144.18            0.95
  2011.0356         -144.36            0.98
  2011.0383         -143.39            0.93
  2011.0411         -145.19            0.98
  2011.0438         -142.82            1.01
  2011.0466         -143.96            0.92
  2011.0493         -143.26            1.06
  2011.0520         -142.81            0.98
  2011.0575         -143.46            0.96
  2011.0603         -145.07            0.99
  2011.0630         -143.21            0.96
  2011.0658         -143.96            0.97
  2011.0685         -143.86            0.98
  2011.0713         -145.07            1.00
  2011.0740         -145.34            1.02
  2011.0767         -143.83            0.96
  2011.0795         -143.51            0.97
  2011.0822         -144.05            0.98
  2011.0850         -144.88            0.97
  2011.0876         -145.46            0.93
  2011.0905         -145.62            0.94
  2011.0931         -144.73            0.96
  2011.0959         -145.82            0.93
  2011.0986         -146.25            0.90
  2011.1013         -146.54            0.93
  2011.1041         -146.08            0.92
  2011.1068         -144.45            1.01
  2011.1096         -147.62            0.97
  2011.1123         -146.04            1.03
  2011.1151         -148.27            0.99
  2011.1178         -170.94            1.05
  2011.1206         -173.76            1.15
  2011.1233         -176.76            1.18
  2011.1260         -177.14            0.97
  2011.1288         -178.49            0.99
  2011.1315         -176.80            1.02
  2011.1343         -177.21            1.00
  2011.1370         -179.80            1.01
  2011.1398         -176.23            0.97
  2011.1425         -177.00            1.01
  2011.1453         -177.53            0.97
  2011.1479         -178.94            1.07
  2011.1506         -176.05            1.00
  2011.1534         -177.47            0.97
  2011.1589         -178.36            0.93
  2011.1616         -177.83            0.93
  2011.1644         -178.87            0.96
  2011.1671         -178.10            0.96
  2011.1699         -178.75            0.98
  2011.1726         -178.81            1.02
  2011.1753         -179.19            1.00
  2011.1781         -180.67            1.24
  2011.1808         -180.27            0.97
  2011.1836         -180.71            0.98
  2011.1863         -180.26            1.02
  2011.1891         -180.31            1.18
  2011.1918         -183.06            1.14
  2011.1946         -181.17            1.12
  2011.1973         -181.07            0.96
  2011.2028         -181.10            1.15
  2011.2054         -183.13            1.07
  2011.2083         -181.51            1.03
  2011.2109         -182.05            0.96
  2011.2137         -181.99            0.95
  2011.2164         -181.12            0.92
  2011.2192         -183.15            1.02
  2011.2219         -182.02            1.04
  2011.2246         -181.32            0.94
  2011.2274         -183.76            0.99
  2011.2301         -181.43            1.02
  2011.2329         -182.03            0.95
  2011.2356         -181.19            0.96
  2011.2384         -180.98            0.96
  2011.2411         -182.26            0.97
  2011.2439         -181.45            1.01
  2011.2466         -182.55            1.12
  2011.2493         -182.50            1.05
  2011.2521         -182.25            1.03
  2011.2548         -182.48            0.96
  2011.2576         -182.64            0.93
  2011.2603         -181.85            1.18
  2011.2631         -181.76            0.96
  2011.2657         -183.14            0.94
  2011.2684         -181.20            0.92
  2011.2712         -181.68            0.95
  2011.2739         -183.84            0.97
  2011.2767         -184.99            1.04
  2011.2794         -183.05            1.03
  2011.2822         -184.24            1.04
  2011.2849         -184.14            0.97
  2011.2877         -183.07            0.91
  2011.2904         -183.40            0.91
  2011.2931         -185.29            2.04
  2011.2959         -185.77            0.91
  2011.2986         -186.47            0.92
  2011.3014         -186.75            0.93
  2011.3041         -189.62            1.02
  2011.3069         -187.35            1.06
  2011.3096         -184.39            0.91
  2011.3124         -185.16            0.91
  2011.3151         -184.77            0.88
  2011.3177         -184.35            0.88
  2011.3206         -184.89            0.91
  2011.3232         -180.94            1.31
  2011.3260         -185.04            0.91
  2011.3287         -186.11            0.90
  2011.3315         -185.21            0.91
  2011.3342         -186.71            0.88
  2011.3370         -186.83            0.91
  2011.3397         -184.95            0.92
  2011.3424         -184.60            0.92
  2011.3452         -184.37            0.93
  2011.3479         -185.49            0.95
  2011.3507         -185.12            0.92
  2011.3534         -186.03            0.92
  2011.3562         -187.60            1.01
  2011.3589         -185.69            0.94
  2011.3617         -185.61            0.92
  2011.3644         -186.34            0.89
  2011.3671         -185.79            0.88
  2011.3699         -186.03            0.91
  2011.3726         -187.02            0.95
  2011.3754         -188.33            0.89
  2011.3781         -187.35            0.93
  2011.3809         -189.90            0.99
  2011.3835         -187.51            0.98
  2011.3864         -188.30            0.94
  2011.3890         -189.14            0.91
  2011.3917         -188.22            0.92
  2011.3945         -188.81            0.95
  2011.3972         -188.76            0.89
  2011.4000         -187.86            0.89
  2011.4027         -189.36            0.92
  2011.4055         -190.83            0.90
  2011.4082         -190.55            0.88
  2011.4110         -190.26            0.86
  2011.4137         -189.35            0.88
  2011.4164         -190.52            0.87
  2011.4192         -189.96            0.93
  2011.4219         -189.97            0.89
  2011.4247         -192.51            0.93
  2011.4274         -191.20            0.95
  2011.4302         -191.42            0.97
  2011.4329         -193.48            1.04
  2011.4357         -193.01            1.07
  2011.4384         -191.51            0.90
  2011.4410         -189.01            0.98
  2011.4438         -190.21            0.93
  2011.4465         -193.83            0.95
  2011.4493         -192.11            0.89
  2011.4520         -192.56            0.89
  2011.4548         -193.29            1.08
  2011.4575         -194.63            0.95
  2011.4603         -192.12            0.94
  2011.4630         -194.84            1.00
  2011.4685         -192.12            0.99
  2011.4712         -191.35            0.94
  2011.4740         -190.85            0.93
  2011.4767         -191.42            0.96
  2011.4795         -190.85            0.94
  2011.4822         -190.93            0.93
  2011.4850         -193.44            0.90
  2011.4877         -193.12            0.93
  2011.4904         -192.97            0.92
  2011.4932         -193.92            0.99
  2011.4987         -192.45            0.92
  2011.5013         -192.62            0.91
  2011.5042         -191.15            0.95
  2011.5068         -193.16            1.05
  2011.5096         -190.90            1.07
  2011.5123         -191.27            1.01
  2011.5150         -193.31            0.98
  2011.5178         -193.43            1.01
  2011.5205         -193.95            0.98
  2011.5233         -193.11            0.94
  2011.5260         -194.26            1.01
  2011.5315         -194.63            0.95
  2011.5343         -194.47            1.05
  2011.5370         -194.26            1.05
  2011.5397         -193.24            1.04
  2011.5425         -192.99            1.06
  2011.5452         -192.20            0.98
  2011.5480         -193.49            0.97
  2011.5507         -194.82            1.02
  2011.5535         -194.48            0.97
  2011.5562         -190.74            1.31
  2011.5590         -194.20            1.02
  2011.5616         -193.98            0.97
  2011.5643         -192.99            1.01
  2011.5671         -191.73            1.05
  2011.5698         -193.85            1.00
  2011.5726         -194.01            1.01
  2011.5753         -192.95            0.95
  2011.5781         -192.17            0.97
  2011.5808         -191.97            0.96
  2011.5836         -193.36            1.06
  2011.5863         -193.54            1.03
  2011.5890         -191.99            0.99
  2011.5918         -194.17            1.08
  2011.5945         -196.57            1.11
  2011.5973         -193.56            1.12
  2011.6000         -192.93            1.11
  2011.6028         -192.72            1.13
  2011.6055         -196.22            1.10
  2011.6083         -196.50            0.99
  2011.6110         -194.76            1.11
  2011.6136         -195.54            1.11
  2011.6165         -195.25            1.07
  2011.6191         -195.57            1.02
  2011.6219         -194.90            1.00
  2011.6246         -198.10            1.15
  2011.6274         -196.08            1.06
  2011.6301         -194.52            1.09
  2011.6329         -194.31            1.04
  2011.6356         -193.98            1.08
  2011.6383         -193.99            0.99
  2011.6411         -193.76            0.96
  2011.6438         -193.17            0.95
  2011.6466         -194.74            1.00
  2011.6493         -193.37            0.97
  2011.6521         -195.44            1.05
  2011.6548         -194.54            1.06
  2011.6576         -193.78            1.06
  2011.6603         -194.05            1.10
  2011.6630         -193.33            1.11
  2011.6658         -191.49            0.95
  2011.6685         -193.17            1.03
  2011.6713         -194.80            1.02
  2011.6740         -195.00            1.02
  2011.6768         -195.16            1.06
  2011.6794         -195.56            1.02
  2011.6823         -194.18            1.01
  2011.6849         -194.47            1.01
  2011.6876         -195.50            1.05
  2011.6931         -194.71            1.01
  2011.6959         -194.10            1.04
  2011.6986         -194.11            1.02
  2011.7014         -194.36            1.01
  2011.7041         -193.72            1.09
  2011.7069         -193.66            1.05
  2011.7096         -195.02            1.08
  2011.7123         -193.23            1.00
  2011.7151         -194.91            0.96
  2011.7178         -193.94            0.96
  2011.7206         -193.84            1.00
  2011.7233         -195.33            1.00
  2011.7261         -194.44            1.02
  2011.7288         -195.65            1.08
  2011.7316         -196.37            1.09
  2011.7343         -196.17            1.12
  2011.7369         -194.89            1.08
  2011.7397         -195.70            1.07
  2011.7424         -197.06            1.10
  2011.7452         -197.24            1.09
  2011.7479         -195.44            1.14
  2011.7507         -196.13            1.18
  2011.7534         -195.68            1.01
  2011.7561         -196.92            1.03
  2011.7589         -196.38            1.14
  2011.7616         -195.96            1.23
  2011.7644         -195.55            1.15
  2011.7671         -197.08            1.12
  2011.7699         -196.42            1.14
  2011.7726         -198.23            1.05
  2011.7754         -198.83            1.12
  2011.7781         -199.05            1.24
  2011.7808         -198.48            1.16
  2011.7836         -198.73            1.12
  2011.7863         -197.75            1.19
  2011.7891         -197.86            1.16
  2011.7917         -197.72            1.17
  2011.7946         -197.73            1.09
  2011.7972         -197.09            1.09
  2011.8000         -198.02            1.14
  2011.8027         -195.84            1.16
  2011.8054         -196.58            1.14
  2011.8082         -199.42            1.12
  2011.8109         -195.81            1.12
  2011.8137         -198.08            1.75
  2011.8164         -195.45            1.35
  2011.8192         -196.98            1.11
  2011.8219         -197.44            1.10
  2011.8247         -196.65            1.12
  2011.8274         -196.06            1.10
  2011.8301         -197.87            1.08
  2011.8329         -199.06            1.10
  2011.8356         -201.08            1.14
  2011.8384         -196.88            1.16
  2011.8411         -199.30            1.17
  2011.8439         -197.39            1.13
  2011.8466         -200.25            1.17
  2011.8494         -199.22            1.14
  2011.8521         -198.97            1.11
  2011.8547         -198.11            1.28
  2011.8575         -201.45            1.29
  2011.8602         -199.80            1.23
  2011.8630         -199.86            1.16
  2011.8657         -198.47            1.18
  2011.8685         -200.09            1.19
  2011.8712         -197.94            1.24
  2011.8767         -199.25            1.24
  2011.8794         -199.54            1.18
  2011.8822         -199.68            1.18
  2011.8849         -200.78            1.17
  2011.8877         -199.22            1.20
  2011.8904         -200.15            1.23
  2011.8932         -199.56            1.16
  2011.8959         -200.62            1.20
  2011.8987         -198.40            1.08
  2011.9014         -200.78            1.11
  2011.9041         -200.80            1.09
  2011.9069         -203.00            1.14
  2011.9095         -199.43            1.18
  2011.9124         -202.33            1.19
  2011.9150         -199.68            1.16
  2011.9178         -200.89            1.21
  2011.9205         -201.03            1.12
  2011.9233         -200.81            1.08
  2011.9260         -202.32            1.12
  2011.9287         -201.48            1.24
  2011.9315         -200.69            1.21
  2011.9342         -202.16            1.19
  2011.9370         -201.40            1.22
  2011.9397         -200.12            1.16
  2011.9425         -201.82            1.16
  2011.9452         -199.87            1.12
  2011.9480         -200.20            1.19
  2011.9507         -200.34            1.08
  2011.9534         -200.62            1.17
  2011.9562         -201.38            1.16
  2011.9589         -201.63            1.16
  2011.9617         -201.35            1.13
  2011.9644         -202.21            1.14
  2011.9672         -202.56            1.14
  2011.9698         -201.62            1.14
  2011.9727         -202.25            1.12
  2011.9753         -203.37            1.13
  2011.9780         -202.88            1.04
  2011.9808         -203.14            1.08
  2011.9835         -201.57            1.02
  2011.9863         -199.88            1.08
  2011.9890         -199.09            1.03
  2011.9918         -199.35            1.11
  2011.9945         -201.06            1.04
  2011.9973         -201.01            1.05
  2012.0000         -200.28            1.04
  2012.0027         -199.52            1.04
  2012.0055         -200.08            1.05
  2012.0082         -198.26            1.00
  2012.0110         -199.46            1.02
  2012.0137         -198.21            1.12
  2012.0165         -200.56            1.01
  2012.0192         -198.85            1.08
  2012.0220         -201.50            1.12
  2012.0247         -203.07            1.47
  2012.0273         -200.46            1.26
  2012.0302         -199.07            1.13
  2012.0328         -201.40            1.05
  2012.0356         -200.39            1.06
  2012.0383         -201.12            1.06
  2012.0411         -199.48            1.22
  2012.0438         -199.81            1.06
  2012.0466         -198.48            1.19
  2012.0493         -204.44            1.44
  2012.0520         -200.26            1.11
  2012.0548         -200.23            1.20
  2012.0603         -205.85            1.22
  2012.0630         -199.47            1.16
  2012.0658         -205.50            1.13
  2012.0685         -205.98            1.65
  2012.0713         -203.38            1.52
  2012.0740         -205.57            1.37
  2012.0767         -205.55            1.50
  2012.0795         -206.48            1.21
  2012.0822         -204.11            1.22
  2012.0850         -205.93            1.10
  2012.0876         -205.71            1.11
  2012.0905         -205.07            1.16
  2012.0931         -205.18            1.07
  2012.0959         -205.07            1.17
  2012.0986         -205.70            1.10
  2012.1013         -204.22            1.13
  2012.1041         -205.81            1.43
  2012.1068         -204.48            1.16
  2012.1096         -204.80            1.02
  2012.1123         -205.86            1.36
  2012.2986         -209.20            3.19
  2012.3014         -207.85            0.97
  2012.3069         -208.55            1.04
  2012.3124         -206.70            0.92
  2012.3151         -205.55            1.05
  2012.3206         -207.92            0.94
  2012.3232         -208.00            0.93
  2012.3287         -207.80            0.89
  2012.3315         -208.42            0.95
  2012.3342         -208.41            0.94
  2012.3370         -211.08            0.95
  2012.3397         -206.41            0.92
  2012.3424         -207.53            0.90
  2012.3452         -207.27            0.91
  2012.3479         -210.03            1.05
  2012.3507         -208.62            0.94
  2012.3534         -207.51            0.92
  2012.3562         -208.27            0.94
  2012.3589         -208.84            0.98
  2012.3617         -207.81            1.05
  2013.0027         -208.71            0.92
  2013.0055         -209.70            0.91
  2013.0082         -210.13            0.98
  2013.0110         -208.68            1.00
  2013.0137         -208.50            1.07
  2013.0165         -208.75            1.07
  2013.0192         -207.45            1.10
  2013.0220         -208.73            1.00
  2013.0247         -210.40            1.09
  2013.0273         -208.31            1.01
  2013.0302         -206.96            1.04
  2013.0328         -209.27            1.07
  2013.0356         -208.61            1.02
  2013.0383         -209.53            1.01
  2013.0411         -210.25            1.09
  2013.0438         -209.46            1.12
  2013.0466         -209.91            1.21
  2013.0493         -209.23            1.08
  2013.0520         -210.65            1.03
  2013.0548         -209.15            1.00
  2013.0575         -209.39            1.04
  2013.0603         -210.36            1.11
  2013.0630         -208.15            1.10
  2013.0658         -209.75            1.12
  2013.0685         -208.15            1.06
  2013.0713         -209.29            0.98
  2013.0740         -208.99            1.00
  2013.0767         -209.89            1.04
  2013.0795         -208.70            1.03
  2013.0822         -208.80            1.05
  2013.0850         -208.84            1.09
  2013.0876         -210.83            1.14
  2013.0905         -207.37            1.07
  2013.0931         -207.68            0.99
  2013.0959         -208.39            1.01
  2013.0986         -206.88            1.06
  2013.1013         -208.29            1.17
  2013.1041         -208.21            1.03
  2013.1068         -207.47            1.03
  2013.1096         -210.86            1.10
  2013.1123         -209.79            1.14
  2013.1151         -207.35            1.13
  2013.1178         -210.35            1.10
  2013.1206         -207.82            1.05
  2013.1233         -208.70            1.12
  2013.1260         -209.43            1.08
  2013.1288         -211.30            1.17
  2013.1315         -206.92            1.06
  2013.1370         -207.10            0.94
  2013.1425         -207.93            1.10
  2013.1453         -207.11            1.01
  2013.1479         -206.90            1.06
  2013.1506         -209.91            0.97
  2013.1534         -209.59            0.96
  2013.1561         -207.26            0.94
  2013.1589         -209.31            0.96
  2013.1616         -208.04            1.01
  2013.1644         -208.31            1.03
  2013.1671         -208.99            0.99
  2013.1699         -207.67            0.95
  2013.1726         -207.08            0.96
  2013.1753         -208.17            1.09
  2013.1781         -206.86            1.07
  2013.1808         -207.62            1.02
  2013.1863         -212.18            1.14
  2013.1918         -207.77            1.09
  2013.2000         -207.13            0.95
  2013.2028         -208.11            0.99
  2013.2054         -209.19            1.04
  2013.2083         -207.40            1.01
  2013.2109         -207.62            0.95
  2013.2164         -207.48            1.09
  2013.2192         -207.73            0.95
  2013.2219         -207.76            0.91
  2013.2246         -207.36            0.96
  2013.2274         -207.46            1.04
  2013.2301         -206.81            1.05
  2013.2329         -206.65            1.01
  2013.2356         -206.89            0.97
  2013.2384         -206.90            0.93
  2013.2411         -206.53            1.06
  2013.2439         -206.81            1.00
  2013.2466         -207.72            1.00
  2013.2493         -203.03            1.05
  2013.2548         -208.78            1.02
  2013.2576         -208.69            0.97
  2013.2603         -209.07            1.06
  2013.2631         -208.15            1.03
  2013.2657         -206.27            1.95
  2013.2684         -209.29            1.03
  2013.2712         -207.51            1.18
  2013.2794         -205.76            0.95
  2013.2822         -206.05            0.95
  2013.2849         -208.47            0.94
  2013.2877         -206.70            0.97
  2013.2904         -208.01            0.96
  2013.2931         -208.29            0.93
  2013.2959         -207.90            0.97
  2013.2986         -208.52            0.95
  2013.3014         -208.56            0.97
  2013.3041         -207.67            0.98
  2013.3069         -208.63            1.04
  2013.3096         -208.05            0.98
  2013.3124         -206.86            0.99
  2013.3151         -208.21            0.96
  2013.3177         -208.22            1.01
  2013.3206         -208.91            0.98
  2013.3232         -207.97            1.03
  2013.3260         -208.73            0.97
  2013.3287         -208.73            0.91
  2013.3315         -210.28            1.02
  2013.3342         -207.67            1.06
  2013.3370         -210.44            1.12
  2013.3397         -208.55            0.99
  2013.3424         -207.52            0.93
  2013.3452         -211.84            1.05
  2013.3479         -207.19            0.98
  2013.3562         -209.89            1.04
  2013.3589         -208.20            0.95
  2013.3617         -209.88            1.83
  2013.3644         -209.36            0.93
  2013.3671         -208.98            0.93
  2013.3699         -210.32            0.91
  2013.3726         -209.62            0.89
  2013.3754         -209.91            0.92
  2013.3781         -206.88            0.99
  2013.3809         -208.52            1.54
  2013.3835         -208.87            0.97
  2013.3864         -208.93            0.91
  2013.3890         -210.92            0.94
  2013.3917         -210.69            0.93
  2013.3945         -209.38            0.92
  2013.4000         -209.77            0.96
  2013.4027         -212.42            1.00
  2013.4055         -208.30            1.53
  2013.4082         -208.44            0.96
  2013.4110         -209.95            0.95
  2013.4137         -210.56            1.05
  2013.4575         -209.06            0.96
  2013.4603         -209.51            0.92
  2013.4630         -207.85            0.95
  2013.4657         -207.58            0.95
  2013.4685         -208.60            0.92
  2013.4712         -209.22            1.01
  2013.4740         -208.72            0.94
  2013.4767         -205.16            0.94
  2013.4795         -204.12            0.93
  2013.4822         -205.18            0.94
  2013.4850         -206.82            0.96
  2013.4877         -207.48            1.06
  2013.4904         -205.96            1.03
  2013.4932         -206.08            1.00
  2013.4958         -206.93            0.93
  2013.4987         -207.52            0.92
  2013.5013         -208.44            0.99
  2013.5042         -207.29            0.99
  2013.5068         -205.14            1.00
  2013.5096         -204.93            0.98
  2013.5123         -204.67            0.93
  2013.5150         -204.68            0.91
  2013.5178         -205.16            0.93
  2013.5205         -205.26            0.99
  2013.5233         -205.78            0.97
  2013.5260         -204.92            0.90
  2013.5288         -204.55            0.93
  2013.5315         -202.15            1.01
  2013.5343         -204.31            0.96
  2013.5370         -204.36            0.96
  2013.5397         -204.80            0.92
  2013.5425         -204.18            0.97
  2013.5452         -203.83            0.94
  2013.5480         -203.97            0.93
  2013.5507         -204.46            0.99
  2013.5535         -203.81            0.91
  2013.5562         -203.91            0.89
  2013.5590         -204.93            0.91
  2013.5616         -204.72            0.87
  2013.5643         -205.10            0.91
  2013.5671         -204.47            1.01
  2013.5698         -205.06            0.90
  2013.5726         -205.08            0.87
  2013.5753         -204.10            0.91
  2013.5781         -204.31            0.94
  2013.5808         -204.10            0.90
  2013.5836         -203.35            0.86
  2013.5863         -203.55            0.92
  2013.5890         -203.91            0.94
  2013.5918         -203.94            1.00
  2013.5945         -204.32            0.97
  2013.5973         -204.90            0.98
  2013.6000         -205.06            1.04
  2013.6028         -202.68            0.97
  2013.6055         -201.77            0.90
  2013.6083         -202.63            0.93
  2013.6110         -205.35            0.96
  2013.6136         -205.92            0.98
  2013.6165         -203.93            0.90
  2013.6191         -203.65            0.91
  2013.6219         -204.51            0.95
  2013.6246         -203.81            0.93
  2013.6274         -204.32            0.88
  2013.6301         -204.62            0.93
  2013.6329         -204.42            0.96
  2013.6356         -204.60            0.92
  2013.6383         -203.66            0.96
  2013.6411         -204.96            0.91
  2013.6438         -206.12            0.91
  2013.6466         -204.67            0.95
  2013.6493         -204.82            0.95
  2013.6521         -204.41            0.91
  2013.6548         -205.60            0.93
  2013.6576         -205.00            0.92
  2013.6603         -205.47            0.91
  2013.6630         -204.35            0.92
  2013.6658         -205.86            1.00
  2013.6685         -206.01            0.98
  2013.6713         -205.50            0.97
  2013.6740         -204.46            1.01
  2013.6768         -205.97            1.13
  2013.6794         -208.42            1.08
  2013.6823         -207.01            1.09
  2013.6849         -205.31            1.11
  2013.6876         -207.34            1.11
  2013.6904         -209.56            1.08
  2013.6931         -207.82            1.07
  2013.6959         -207.81            1.05
  2013.6986         -206.97            1.08
  2013.7014         -205.54            1.01
  2013.7041         -206.13            1.06
  2013.7069         -203.64            1.03
  2013.7096         -205.14            1.00
  2013.7123         -205.66            0.99
  2013.7151         -205.10            0.99
  2013.7178         -206.30            1.06
  2013.7206         -206.23            1.06
  2013.7233         -205.14            1.07
  2013.7261         -206.94            1.05
  2013.7288         -206.98            1.10
  2013.7316         -205.40            0.97
  2013.7343         -207.61            0.99
  2013.7369         -205.56            1.13
  2013.7397         -205.82            1.05
  2013.7424         -205.36            1.04
  2013.7561         -206.09            1.02
  2013.7589         -206.55            1.04
  2013.7616         -206.35            1.08
  2013.7644         -205.56            1.02
  2013.7671         -203.77            1.18
  2013.7699         -203.68            1.08
  2013.7726         -206.01            1.04
  2013.7754         -206.05            1.12
  2013.7781         -202.35            1.16
  2013.7808         -206.01            1.12
  2013.7836         -203.61            1.11
  2013.7863         -204.98            1.15
  2013.7891         -204.44            1.07
  2013.7917         -203.18            1.12
  2013.7972         -204.56            1.07
  2013.8000         -204.30            1.14
  2013.8027         -204.08            1.21
  2013.8054         -202.95            1.12
  2013.8082         -203.24            1.10
  2013.8109         -203.17            1.04
  2013.8137         -206.78            2.39
  2013.8164         -203.31            1.09
  2013.8219         -202.50            1.00
  2013.8247         -204.53            1.03
  2013.8274         -204.39            1.08
  2013.8301         -203.75            1.06
  2013.8356         -203.11            1.06
  2013.8411         -204.24            0.93
  2013.8439         -203.99            0.92
  2013.8466         -203.98            0.94
  2013.8494         -205.48            1.11
  2013.8521         -205.38            1.00
  2013.8547         -206.54            1.08
  2013.8575         -205.43            1.06
  2013.8602         -205.48            1.11
  2013.8630         -206.71            1.07
  2013.8657         -204.24            1.06
  2013.8685         -206.30            1.05
  2013.8712         -204.95            1.10
  2013.8740         -203.43            1.08
  2013.8767         -203.96            0.98
  2013.8794         -206.09            0.99
  2013.8849         -206.84            1.00
  2013.8877         -205.87            1.07
  2013.8932         -203.79            1.06
  2013.8959         -206.10            1.10
  2013.8987         -202.82            1.13
  2013.9014         -205.61            1.05
  2013.9041         -204.42            0.98
  2013.9069         -206.41            2.13
  2013.9124         -206.79            1.02
  2013.9150         -204.93            1.02
  2013.9205         -202.67            1.10
  2013.9233         -205.07            1.17
  2013.9260         -207.79            1.01
  2013.9287         -207.34            1.04
  2013.9315         -206.28            1.07
  2013.9342         -207.06            1.08
  2013.9370         -202.10            1.14
  2013.9397         -205.12            1.09
  2013.9452         -202.67            1.13
  2013.9480         -202.89            1.14
  2013.9507         -204.31            1.07
  2013.9534         -206.24            1.15
  2013.9562         -205.49            1.03
  2013.9617         -204.80            1.11
  2013.9644         -207.81            1.11
  2013.9672         -206.46            1.06
  2013.9698         -207.16            1.08
  2013.9727         -205.36            1.09
  2013.9753         -205.02            1.10
  2013.9780         -206.03            1.07
  2013.9808         -205.52            1.04
  2013.9835         -205.60            1.12
  2013.9863         -204.30            1.14
  2013.9890         -202.18            1.21
  2013.9918         -205.83            1.07
  2013.9945         -205.38            1.19
  2013.9973         -208.95            1.13
  2014.0000         -207.69            1.19
  2014.0027         -204.87            1.16
  2014.0055         -204.44            1.27
  2014.0082         -206.57            1.11
  2014.0137         -205.75            1.09
  2014.0165         -206.46            1.12
  2014.0192         -205.39            1.16
  2014.0220         -204.33            1.14
  2014.0247         -204.46            1.18
  2014.0273         -204.92            1.21
  2014.0302         -204.93            1.15
  2014.0328         -201.19            1.22
  2014.0356         -205.36            1.10
  2014.0383         -206.32            1.25
  2014.0411         -206.36            1.13
  2014.0493         -205.49            1.15
  2014.0548         -206.11            1.12
  2014.0575         -204.71            1.20
  2014.0630         -208.04            1.29
  2014.0685         -203.54            1.17
  2014.0713         -205.09            1.12
  2014.0740         -205.23            1.14
  2014.0767         -203.69            1.23
  2014.0822         -203.67            1.22
  2014.0850         -204.69            1.23
  2014.0905         -206.70            1.16
  2014.0931         -205.40            1.22
  2014.0959         -204.34            1.20
  2014.0986         -204.93            1.27
  2014.1013         -204.77            1.16
  2014.1068         -206.62            1.15
  2014.1096         -206.89            1.17
  2014.1151         -203.55            1.20
  2014.1178         -205.86            1.17
  2014.1206         -205.34            1.13
  2014.1233         -208.95            1.24
  2014.1260         -202.45            1.14
  2014.1288         -202.43            1.13
  2014.1315         -201.95            1.20
  2014.1343         -203.32            1.17
  2014.1370         -204.93            1.26
  2014.1398         -204.59            1.22
  2014.1425         -201.34            1.38
  2014.1453         -201.62            1.33
  2014.1534         -201.38            1.28
  2014.1561         -201.93            1.31
  2014.1589         -198.38            1.35
  2014.1616         -201.70            1.19
  2014.1671         -200.61            1.25
  2014.1699         -201.66            1.46
  2014.1753         -203.06            1.36
  2014.1781         -197.68            1.40
  2014.1808         -204.36            1.32
  2014.1836         -201.98            1.41
  2014.1863         -201.89            1.43
  2014.1891         -206.10            1.36
  2014.1918         -205.72            1.35
  2014.1946         -202.23            1.30
