  2012.0027            0.00            0.93
  2012.0055            4.00            0.89
  2012.0082            3.59            0.91
  2012.0110            5.48            0.92
  2012.0137           14.13            1.02
  2012.0165            4.04            0.90
  2012.0192           -4.79            0.96
  2012.0220            0.90            1.03
  2012.0247           -1.00            1.19
  2012.0273           -0.38            1.18
  2012.0302            2.78            1.00
  2012.0328            1.30            0.94
  2012.0356            1.77            0.94
  2012.0383           10.53            0.95
  2012.0411            2.23            1.08
  2012.0438            4.22            0.96
  2012.0466            8.10            1.06
  2012.0493            7.61            1.11
  2012.0520            3.51            0.98
  2012.0548           -1.99            1.09
  2012.0603            2.53            1.08
  2012.0630           -0.58            1.06
  2012.0658            2.81            1.04
  2012.0685            0.52            1.34
  2012.0713           -4.82            1.39
  2012.0740            1.76            1.23
  2012.0767           -1.09            1.35
  2012.0795            3.30            1.07
  2012.0822            4.15            1.11
  2012.0850           -3.37            0.99
  2012.0876            5.98            1.00
  2012.0905            4.96            1.02
  2012.0931           -1.67            0.96
  2012.0959           -0.74            1.05
  2012.0986            3.19            1.01
  2012.1013            0.71            1.01
  2012.1041           -3.28            1.09
  2012.1068            7.56            1.01
  2012.1096            4.52            0.93
  2012.1123           -4.79            0.96
  2012.1151            0.21            1.10
  2012.1178            1.34            1.15
  2012.1206            6.32            1.08
  2012.1233           -1.56            1.00
  2012.1260            0.17            0.97
  2012.1288            4.49            1.01
  2012.1315            6.58            1.04
  2012.1343            2.80            1.08
  2012.1370            4.30            1.06
  2012.1398            3.44            1.01
  2012.1425            3.26            0.91
  2012.1453            5.93            0.96
  2012.1479            5.24            0.94
  2012.1506            3.70            0.94
  2012.1534            4.56            1.03
  2012.1561            3.02            0.98
  2012.1589            2.26            1.06
  2012.1616            2.62            1.02
  2012.1644            2.89            1.01
  2012.1671            1.70            0.99
  2012.1699           -3.48            0.94
  2012.1726           -0.17            1.01
  2012.1753            3.07            0.99
  2012.1781            0.48            1.21
  2012.1808            0.26            1.00
  2012.1836            2.92            1.11
  2012.1863            4.85            0.95
  2012.1891            3.21            0.91
  2012.1918            4.22            1.03
  2012.1946            5.78            1.02
  2012.1973            5.35            1.05
  2012.2000            3.59            1.13
  2012.2028           13.78            1.00
  2012.2054            4.05            0.96
  2012.2083            0.28            0.97
  2012.2109            2.62            1.02
  2012.2137            4.99            0.92
  2012.2164            4.52            1.08
  2012.2192            6.95            1.06
  2012.2219            6.77            1.04
  2012.2246            7.52            0.99
  2012.2274            6.02            0.97
  2012.2301            2.98            0.90
  2012.2329            5.91            1.01
  2012.2356            5.03            1.00
  2012.2384            4.94            0.89
  2012.2411           15.72            0.88
  2012.2439            4.46            0.91
  2012.2466           10.51            0.86
  2012.2493            0.76            0.97
  2012.2521            5.95            1.04
  2012.2548            6.05            0.95
  2012.2576           -1.25            0.90
  2012.2603           -0.49            1.03
  2012.2631            1.03            0.98
  2012.2657            2.31            0.85
  2012.2684            2.43            0.93
  2012.2712            4.43            0.98
  2012.2739            7.11            0.96
  2012.2767            6.05            0.94
  2012.2794            1.40            0.92
  2012.2822            0.97            1.02
  2012.2849           11.98            1.03
  2012.2877            3.74            1.06
  2012.2904            7.67            1.03
  2012.2931            2.90            1.03
  2012.2959            6.89            0.97
  2012.2986            0.44            1.08
  2012.3014            8.37            0.86
  2012.3041            1.87            0.91
  2012.3069            3.85            0.95
  2012.3124            4.71            0.87
  2012.3151            6.52            1.06
  2012.3206            5.52            0.86
  2012.3232            4.69            0.95
  2012.3287            8.89            0.82
  2012.3315            2.90            0.84
  2012.3342            3.40            0.85
  2012.3370            3.45            0.85
  2012.3397            4.43            0.99
  2012.3424            4.30            0.81
  2012.3452            5.54            0.81
  2012.3479            5.73            0.96
  2012.3507            4.64            0.85
  2012.3534            5.34            0.85
  2012.3562            9.78            0.85
  2012.3589            2.36            0.87
  2012.3617            3.44            0.91
  2012.3671            3.36            0.84
  2012.3726            3.21            0.90
  2012.3781            7.86            0.89
  2012.3809            6.22            0.84
  2012.3835            0.77            1.03
  2012.3864            0.71            0.91
  2012.3890            2.29            0.86
  2012.3917            2.23            0.86
  2012.3945            0.50            0.86
  2012.3972            4.92            0.85
  2012.4000            4.26            0.85
  2012.4027            3.61            0.93
  2012.4055            1.99            0.96
  2012.4110            2.09            0.89
  2012.4137            4.38            0.85
  2012.4164            4.46            0.84
  2012.4192            2.95            0.84
  2012.4219            2.81            0.91
  2012.4247            6.25            0.93
  2012.4274           -1.33            0.89
  2012.4302            2.18            0.87
  2012.4329            4.48            0.80
  2012.4357            3.47            0.78
  2012.4384            4.95            0.79
  2012.4410            1.50            0.90
  2012.4438            3.18            0.83
  2012.4465            2.32            0.87
  2012.4493            6.81            0.90
  2012.4520            4.04            0.95
  2012.4548            5.13            0.83
  2012.4575            5.01            0.86
  2012.4603            3.93            0.87
  2012.4630            5.29            0.91
  2012.4657            6.57            0.86
  2012.4685            5.18            0.83
  2012.4712            3.19            0.95
  2012.4740            3.62            0.87
  2012.4767            6.51            0.88
  2012.4795            1.64            0.83
  2012.4822            3.76            0.83
  2012.4850            6.66            0.81
  2012.4877            3.66            0.87
  2012.4904            6.16            0.91
  2012.4932            5.24            0.86
  2012.4958            3.44            0.88
  2012.4987            3.04            0.93
  2012.5013            4.38            0.90
  2012.5042            2.26            0.86
  2012.5068            4.70            0.86
  2012.5096            5.40            0.88
  2012.5123            6.09            0.92
  2012.5150            5.55            0.93
  2012.5178            5.46            0.84
  2012.5205            4.02            0.87
  2012.5233            5.37            0.86
  2012.5260            5.37            0.82
  2012.5288            3.57            0.85
  2012.5315           -0.59            0.85
  2012.5343            0.94            0.84
  2012.5370            5.08            0.79
  2012.5397            2.08            0.81
  2012.5425            2.87            0.84
  2012.5452            2.61            0.87
  2012.5480           -1.52            0.86
  2012.5507            6.81            0.99
  2012.5535            3.82            0.85
  2012.5562            4.37            0.82
  2012.5590            1.90            0.85
  2012.5616            6.73            0.83
  2012.5643            3.19            0.82
  2012.5671            6.65            0.84
  2012.5698            6.20            0.80
  2012.5726            1.42            0.86
  2012.5753            4.28            0.83
  2012.5781            1.77            0.87
  2012.5808            8.01            0.83
  2012.5836            6.48            0.82
  2012.5863            4.93            0.91
  2012.5890            4.81            0.86
  2012.5918            5.29            0.85
  2012.5945            5.10            0.83
  2012.5973            5.83            1.30
  2012.6000            9.72            0.87
  2012.6028            5.87            0.86
  2012.6055           -2.15            0.90
  2012.6083            4.49            0.87
  2012.6110            3.04            0.83
  2012.6136            6.22            0.86
  2012.6165            0.72            0.89
  2012.6191            5.71            0.93
  2012.6219            6.67            0.93
  2012.6246            6.89            0.93
  2012.6274            6.24            0.90
  2012.6301            7.43            0.97
  2012.6329            5.46            0.88
  2012.6356            9.12            0.92
  2012.6383            8.55            0.88
  2012.6411            4.16            0.91
  2012.6438            6.08            0.95
  2012.6466            6.60            0.88
  2012.6493            6.11            0.86
  2012.6521            7.49            0.90
  2012.6548            6.06            0.83
  2012.6576            5.92            0.82
  2012.6603            7.61            0.85
  2012.6630            7.43            0.96
  2012.6658            8.08            0.84
  2012.6685            5.46            0.90
  2012.6713            6.09            0.88
  2012.6740            3.78            0.93
  2012.6768            2.68            0.90
  2012.6794            7.99            0.90
  2012.6823            7.56            0.94
  2012.6849            4.64            0.91
  2012.6876            4.48            0.94
  2012.6904           10.40            0.89
  2012.6931            0.34            0.87
  2012.6959            7.94            0.86
  2012.6986            4.59            0.91
  2012.7014            6.07            0.90
  2012.7041            4.92            0.97
  2012.7069            5.82            0.90
  2012.7096            6.18            0.89
  2012.7123            6.25            0.90
  2012.7151            4.46            0.93
  2012.7178            6.14            0.97
  2012.7206            5.02            0.88
  2012.7233            5.32            0.92
  2012.7261            6.32            0.91
  2012.7288           10.83            0.88
  2012.7316            5.06            0.91
  2012.7343            3.91            0.93
  2012.7369            5.17            0.97
  2012.7397            5.43            0.91
  2012.7424            5.60            0.93
  2012.7452            5.78            0.92
  2012.7479            3.45            0.96
  2012.7507            7.22            0.96
  2012.7534            5.79            1.05
  2012.7561            6.02            0.97
  2012.7589            4.21            0.94
  2012.7616            6.43            0.97
  2012.7644            5.52            0.93
  2012.7671            8.14            1.03
  2012.7699            7.01            1.01
  2012.7726           13.05            0.97
  2012.7754            6.23            1.06
  2012.7781            8.76            0.89
  2012.7808           10.37            0.90
  2012.7836            4.78            0.90
  2012.7863            6.16            0.86
  2012.7891            5.22            0.93
  2012.7917            6.55            1.00
  2012.7946            9.42            1.00
  2012.7972            7.27            0.94
  2012.8000            6.40            0.90
  2012.8027            6.84            1.01
  2012.8054            6.97            1.06
  2012.8082            5.60            1.08
  2012.8109            3.92            1.02
  2012.8137            6.68            1.06
  2012.8164            4.57            1.02
  2012.8192            3.47            1.02
  2012.8219            5.66            1.07
  2012.8247            9.42            1.10
  2012.8274            4.26            1.01
  2012.8301            7.09            1.16
  2012.8329            7.55            1.03
  2012.8356            7.35            0.97
  2012.8384            5.70            0.95
  2012.8411            3.14            0.95
  2012.8439            5.83            1.06
  2012.8466            5.44            0.96
  2012.8494            6.65            0.98
  2012.8521            2.65            1.01
  2012.8547            3.86            1.02
  2012.8575            3.54            1.04
  2012.8602            8.05            1.05
  2012.8630            7.51            1.03
  2012.8657            5.26            0.97
  2012.8685            8.47            1.01
  2012.8712            4.82            0.96
  2012.8740           12.81            0.98
  2012.8767           10.06            0.98
  2012.8794            6.46            0.97
  2012.8822           13.30            1.00
  2012.8849            9.00            0.98
  2012.8877            7.82            0.97
  2012.8904           11.87            0.97
  2012.8932            5.19            1.10
  2012.8959            9.64            1.07
  2012.8987           10.43            1.02
  2012.9014            8.89            1.00
  2012.9041           10.33            3.94
  2012.9069           13.14            1.03
  2012.9095           10.85            1.00
  2012.9124            6.24            1.06
  2012.9150            6.75            1.22
  2012.9178           10.31            1.08
  2012.9205            6.42            1.04
  2012.9233            7.98            1.67
  2012.9260           10.58            1.18
  2012.9287            9.14            1.10
  2012.9315            7.99            1.05
  2012.9342            8.95            1.30
  2012.9370            3.77            1.15
  2012.9397           -1.92            1.08
  2012.9425            8.08            1.02
  2012.9452            9.50            1.10
  2012.9480            7.74            1.06
  2012.9507            9.99            1.10
  2012.9534           10.76            1.03
  2012.9562            5.46            1.10
  2012.9589            9.47            1.06
  2012.9617            8.62            1.15
  2012.9644            9.53            1.05
  2012.9672            5.97            1.24
  2012.9698            7.08            1.25
  2012.9727            7.44            1.17
  2012.9753            9.14            1.07
  2012.9780            9.46            1.08
  2012.9808            9.98            1.09
  2012.9835            4.83            1.32
  2012.9863            8.95            1.17
  2012.9890            7.36            1.06
  2012.9918           11.14            0.99
  2012.9945           13.22            0.97
  2012.9973           10.44            0.99
  2013.0000            8.49            1.02
  2013.0027            9.66            1.17
